#
# There is insufficient memory for the Java Runtime Environment to continue.
# Native memory allocation (malloc) failed to allocate 1048576 bytes. Error detail: AllocateHeap
# Possible reasons:
#   The system is out of physical RAM or swap space
#   This process is running with CompressedOops enabled, and the Java Heap may be blocking the growth of the native heap
# Possible solutions:
#   Reduce memory load on the system
#   Increase physical memory or swap space
#   Check if swap backing store is full
#   Decrease Java heap size (-Xmx/-Xms)
#   Decrease number of Java threads
#   Decrease Java thread stack sizes (-Xss)
#   Set larger code cache with -XX:ReservedCodeCacheSize=
#   JVM is running with Unscaled Compressed Oops mode in which the Java heap is
#     placed in the first 4GB address space. The Java Heap base address is the
#     maximum limit for the native heap growth. Please use -XX:HeapBaseMinAddress
#     to set the Java Heap base and to place the Java Heap above 4GB virtual address.
# This output file may be truncated or incomplete.
#
#  Out of Memory Error (allocation.cpp:44), pid=12560, tid=920
#
# JRE version: OpenJDK Runtime Environment Temurin-21.0.10+7 (21.0.10+7) (build 21.0.10+7-LTS)
# Java VM: OpenJDK 64-Bit Server VM Temurin-21.0.10+7 (21.0.10+7-LTS, mixed mode, sharing, tiered, compressed oops, compressed class ptrs, parallel gc, windows-amd64)
# No core dump will be written. Minidumps are not enabled by default on client versions of Windows
#

---------------  S U M M A R Y ------------

Command Line: --add-modules=ALL-SYSTEM --add-opens=java.base/java.util=ALL-UNNAMED --add-opens=java.base/java.lang=ALL-UNNAMED --add-opens=java.base/sun.nio.fs=ALL-UNNAMED -Declipse.application=org.eclipse.jdt.ls.core.id1 -Dosgi.bundles.defaultStartLevel=4 -Declipse.product=org.eclipse.jdt.ls.core.product -Djava.import.generatesMetadataFilesAtProjectRoot=false -DDetectVMInstallationsJob.disabled=true -Dfile.encoding=utf8 -XX:+UseParallelGC -XX:GCTimeRatio=4 -XX:AdaptiveSizePolicyWeight=90 -Dsun.zip.disableMemoryMapping=true -Xmx2G -Xms100m -Xlog:disable -javaagent:c:\Users\PCWORLD\.vscode\extensions\redhat.java-1.53.0-win32-x64\lombok\lombok-1.18.39-4050.jar -XX:+HeapDumpOnOutOfMemoryError -XX:HeapDumpPath=c:\Users\PCWORLD\AppData\Roaming\Code\User\workspaceStorage\48e88081666dfd950f782c4577fc9743\redhat.java -Daether.dependencyCollector.impl=bf c:\Users\PCWORLD\.vscode\extensions\redhat.java-1.53.0-win32-x64\server\plugins\org.eclipse.equinox.launcher_1.7.100.v20251111-0406.jar -configuration c:\Users\PCWORLD\AppData\Roaming\Code\User\globalStorage\redhat.java\1.53.0\config_win -data c:\Users\PCWORLD\AppData\Roaming\Code\User\workspaceStorage\48e88081666dfd950f782c4577fc9743\redhat.java\jdt_ws --pipe=\\.\pipe\lsp-0d370a935c4e7fc0aeb2c306df4e4593-sock

Host: Intel(R) Core(TM) i7-8650U CPU @ 1.90GHz, 8 cores, 7G,  Windows 11 , 64 bit Build 22000 (10.0.22000.2538)
Time: Fri Apr 10 00:42:54 2026 Sri Lanka Standard Time elapsed time: 194.873816 seconds (0d 0h 3m 14s)

---------------  T H R E A D  ---------------

Current thread (0x000001fb5c4533d0):  JavaThread "Attach Listener" daemon [_thread_in_vm, id=920, stack(0x000000b9fe900000,0x000000b9fea00000) (1024K)]

Stack: [0x000000b9fe900000,0x000000b9fea00000]
Native frames: (J=compiled Java code, j=interpreted, Vv=VM code, C=native code)
V  [jvm.dll+0x6d7a39]
V  [jvm.dll+0x8b4b26]
V  [jvm.dll+0x8b70de]
V  [jvm.dll+0x8b77c3]
V  [jvm.dll+0x284346]
V  [jvm.dll+0xc1277]
V  [jvm.dll+0x6d82e9]
V  [jvm.dll+0x1334a6]
V  [jvm.dll+0x3f857e]
V  [jvm.dll+0x85f59d]
V  [jvm.dll+0x6d626d]
C  [ucrtbase.dll+0x26c0c]
C  [KERNEL32.DLL+0x153e0]
C  [ntdll.dll+0x485b]


---------------  P R O C E S S  ---------------

Threads class SMR info:
_java_thread_list=0x000001fb79e86b70, length=39, elements={
0x000001fb5c4e49c0, 0x000001fb5c44d470, 0x000001fb5c44e590, 0x000001fb5c452300,
0x000001fb5c4533d0, 0x000001fb5c454fa0, 0x000001fb5c455a00, 0x000001fb5c456790,
0x000001fb7474ce10, 0x000001fb749137c0, 0x000001fb74a232e0, 0x000001fb74a73a50,
0x000001fb792fd040, 0x000001fb792ba590, 0x000001fb792bafd0, 0x000001fb797fe910,
0x000001fb794d9a10, 0x000001fb79d786d0, 0x000001fb79d793f0, 0x000001fb79d78d60,
0x000001fb79d79a80, 0x000001fb7b72eac0, 0x000001fb7b72d080, 0x000001fb7b733980,
0x000001fb7b72f150, 0x000001fb7b731f40, 0x000001fb7b734010, 0x000001fb7b7346a0,
0x000001fb7b72f7e0, 0x000001fb7b72fe70, 0x000001fb7b72e430, 0x000001fb7b730500,
0x000001fb7b7318b0, 0x000001fb7b7332f0, 0x000001fb7b72dda0, 0x000001fb7b7325d0,
0x000001fb7b730b90, 0x000001fb7b732c60, 0x000001fb7b6b38f0
}

Java Threads: ( => current thread )
  0x000001fb5c4e49c0 JavaThread "main"                              [_thread_blocked, id=21068, stack(0x000000b9fe200000,0x000000b9fe300000) (1024K)]
  0x000001fb5c44d470 JavaThread "Reference Handler"          daemon [_thread_blocked, id=23912, stack(0x000000b9fe600000,0x000000b9fe700000) (1024K)]
  0x000001fb5c44e590 JavaThread "Finalizer"                  daemon [_thread_blocked, id=17604, stack(0x000000b9fe700000,0x000000b9fe800000) (1024K)]
  0x000001fb5c452300 JavaThread "Signal Dispatcher"          daemon [_thread_blocked, id=20908, stack(0x000000b9fe800000,0x000000b9fe900000) (1024K)]
=>0x000001fb5c4533d0 JavaThread "Attach Listener"            daemon [_thread_in_vm, id=920, stack(0x000000b9fe900000,0x000000b9fea00000) (1024K)]
  0x000001fb5c454fa0 JavaThread "Service Thread"             daemon [_thread_blocked, id=10852, stack(0x000000b9fea00000,0x000000b9feb00000) (1024K)]
  0x000001fb5c455a00 JavaThread "Monitor Deflation Thread"   daemon [_thread_blocked, id=8212, stack(0x000000b9feb00000,0x000000b9fec00000) (1024K)]
  0x000001fb5c456790 JavaThread "C2 CompilerThread0"         daemon [_thread_blocked, id=16920, stack(0x000000b9fec00000,0x000000b9fed00000) (1024K)]
  0x000001fb7474ce10 JavaThread "C1 CompilerThread0"         daemon [_thread_blocked, id=10784, stack(0x000000b9fed00000,0x000000b9fee00000) (1024K)]
  0x000001fb749137c0 JavaThread "Common-Cleaner"             daemon [_thread_blocked, id=10536, stack(0x000000b9fee00000,0x000000b9fef00000) (1024K)]
  0x000001fb74a232e0 JavaThread "Notification Thread"        daemon [_thread_blocked, id=4004, stack(0x000000b9fef00000,0x000000b9ff000000) (1024K)]
  0x000001fb74a73a50 JavaThread "Active Thread: Equinox Container: 61bf2bff-9c8e-455a-82e3-238976387d02"        [_thread_blocked, id=12316, stack(0x000000b9ff600000,0x000000b9ff700000) (1024K)]
  0x000001fb792fd040 JavaThread "Refresh Thread: Equinox Container: 61bf2bff-9c8e-455a-82e3-238976387d02" daemon [_thread_blocked, id=4336, stack(0x000000b9ff800000,0x000000b9ff900000) (1024K)]
  0x000001fb792ba590 JavaThread "Framework Event Dispatcher: Equinox Container: 61bf2bff-9c8e-455a-82e3-238976387d02" daemon [_thread_blocked, id=5384, stack(0x000000b9ff900000,0x000000b9ffa00000) (1024K)]
  0x000001fb792bafd0 JavaThread "Start Level: Equinox Container: 61bf2bff-9c8e-455a-82e3-238976387d02" daemon [_thread_blocked, id=4824, stack(0x000000b9ffa00000,0x000000b9ffb00000) (1024K)]
  0x000001fb797fe910 JavaThread "Bundle File Closer"         daemon [_thread_blocked, id=1932, stack(0x000000b9ffb00000,0x000000b9ffc00000) (1024K)]
  0x000001fb794d9a10 JavaThread "SCR Component Actor"        daemon [_thread_blocked, id=22036, stack(0x000000b9ffc00000,0x000000b9ffd00000) (1024K)]
  0x000001fb79d786d0 JavaThread "Worker-JM"                         [_thread_blocked, id=24120, stack(0x000000b9ffd00000,0x000000b9ffe00000) (1024K)]
  0x000001fb79d793f0 JavaThread "JNA Cleaner"                daemon [_thread_blocked, id=13316, stack(0x000000b9ffe00000,0x000000b9fff00000) (1024K)]
  0x000001fb79d78d60 JavaThread "Worker-1"                          [_thread_blocked, id=22284, stack(0x000000b980000000,0x000000b980100000) (1024K)]
  0x000001fb79d79a80 JavaThread "Java indexing"              daemon [_thread_blocked, id=20968, stack(0x000000b980100000,0x000000b980200000) (1024K)]
  0x000001fb7b72eac0 JavaThread "Worker-4"                          [_thread_blocked, id=4884, stack(0x000000b980600000,0x000000b980700000) (1024K)]
  0x000001fb7b72d080 JavaThread "Thread-1"                   daemon [_thread_in_native, id=20672, stack(0x000000b980700000,0x000000b980800000) (1024K)]
  0x000001fb7b733980 JavaThread "Thread-2"                   daemon [_thread_in_native, id=2476, stack(0x000000b980800000,0x000000b980900000) (1024K)]
  0x000001fb7b72f150 JavaThread "Thread-3"                   daemon [_thread_in_native, id=6352, stack(0x000000b980900000,0x000000b980a00000) (1024K)]
  0x000001fb7b731f40 JavaThread "Thread-4"                   daemon [_thread_in_native, id=10840, stack(0x000000b980a00000,0x000000b980b00000) (1024K)]
  0x000001fb7b734010 JavaThread "Thread-5"                   daemon [_thread_in_native, id=7396, stack(0x000000b980b00000,0x000000b980c00000) (1024K)]
  0x000001fb7b7346a0 JavaThread "Thread-6"                   daemon [_thread_in_native, id=21220, stack(0x000000b980c00000,0x000000b980d00000) (1024K)]
  0x000001fb7b72f7e0 JavaThread "Thread-7"                   daemon [_thread_in_native, id=4160, stack(0x000000b980d00000,0x000000b980e00000) (1024K)]
  0x000001fb7b72fe70 JavaThread "Thread-8"                   daemon [_thread_in_native, id=9464, stack(0x000000b980e00000,0x000000b980f00000) (1024K)]
  0x000001fb7b72e430 JavaThread "Thread-9"                   daemon [_thread_in_native, id=1204, stack(0x000000b980f00000,0x000000b981000000) (1024K)]
  0x000001fb7b730500 JavaThread "pool-2-thread-1"                   [_thread_blocked, id=8612, stack(0x000000b981000000,0x000000b981100000) (1024K)]
  0x000001fb7b7318b0 JavaThread "WorkspaceEventsHandler"            [_thread_blocked, id=21388, stack(0x000000b981200000,0x000000b981300000) (1024K)]
  0x000001fb7b7332f0 JavaThread "pool-1-thread-1"                   [_thread_blocked, id=23672, stack(0x000000b981300000,0x000000b981400000) (1024K)]
  0x000001fb7b72dda0 JavaThread "ForkJoinPool.commonPool-worker-2" daemon [_thread_blocked, id=4464, stack(0x000000b981500000,0x000000b981600000) (1024K)]
  0x000001fb7b7325d0 JavaThread "ForkJoinPool.commonPool-worker-3" daemon [_thread_blocked, id=21848, stack(0x000000b981600000,0x000000b981700000) (1024K)]
  0x000001fb7b730b90 JavaThread "ForkJoinPool.commonPool-worker-4" daemon [_thread_blocked, id=19236, stack(0x000000b981700000,0x000000b981800000) (1024K)]
  0x000001fb7b732c60 JavaThread "ForkJoinPool.commonPool-worker-5" daemon [_thread_blocked, id=22876, stack(0x000000b981800000,0x000000b981900000) (1024K)]
  0x000001fb7b6b38f0 JavaThread "ForkJoinPool.commonPool-worker-7" daemon [_thread_blocked, id=1020, stack(0x000000b981a00000,0x000000b981b00000) (1024K)]
Total: 39

Other Threads:
  0x000001fb5c4424f0 VMThread "VM Thread"                           [id=24704, stack(0x000000b9fe500000,0x000000b9fe600000) (1024K)]
  0x000001fb5c37ba00 WatcherThread "VM Periodic Task Thread"        [id=14252, stack(0x000000b9fe400000,0x000000b9fe500000) (1024K)]
  0x000001fb5c501d20 WorkerThread "GC Thread#0"                     [id=21256, stack(0x000000b9fe300000,0x000000b9fe400000) (1024K)]
  0x000001fb79471460 WorkerThread "GC Thread#1"                     [id=23660, stack(0x000000b9ff000000,0x000000b9ff100000) (1024K)]
  0x000001fb790b71d0 WorkerThread "GC Thread#2"                     [id=1316, stack(0x000000b9ff100000,0x000000b9ff200000) (1024K)]
  0x000001fb790b7580 WorkerThread "GC Thread#3"                     [id=24376, stack(0x000000b9ff200000,0x000000b9ff300000) (1024K)]
  0x000001fb790b7930 WorkerThread "GC Thread#4"                     [id=21880, stack(0x000000b9ff300000,0x000000b9ff400000) (1024K)]
  0x000001fb790b7ce0 WorkerThread "GC Thread#5"                     [id=22896, stack(0x000000b9ff400000,0x000000b9ff500000) (1024K)]
  0x000001fb790c8da0 WorkerThread "GC Thread#6"                     [id=5460, stack(0x000000b9ff500000,0x000000b9ff600000) (1024K)]
  0x000001fb792f9c50 WorkerThread "GC Thread#7"                     [id=25204, stack(0x000000b9ff700000,0x000000b9ff800000) (1024K)]
Total: 10

Threads with active compile tasks:
Total: 0

VM state: not at safepoint (normal execution)

VM Mutex/Monitor currently owned by a thread: None

Heap address: 0x0000000080000000, size: 2048 MB, Compressed Oops mode: 32-bit

CDS archive(s) mapped at: [0x000001fb00000000-0x000001fb00ba0000-0x000001fb00ba0000), size 12189696, SharedBaseAddress: 0x000001fb00000000, ArchiveRelocationMode: 1.
Compressed class space mapped at: 0x000001fb01000000-0x000001fb41000000, reserved size: 1073741824
Narrow klass base: 0x000001fb00000000, Narrow klass shift: 0, Narrow klass range: 0x100000000

GC Precious Log:
 CardTable entry size: 512
 CPUs: 8 total, 8 available
 Memory: 8071M
 Large Page Support: Disabled
 NUMA Support: Disabled
 Compressed Oops: Enabled (32-bit)
 Alignments: Space 512K, Generation 512K, Heap 2M
 Heap Min Capacity: 100M
 Heap Initial Capacity: 100M
 Heap Max Capacity: 2G
 Pre-touch: Disabled
 Parallel Workers: 8

Heap:
 PSYoungGen      total 14336K, used 10402K [0x00000000d5580000, 0x00000000d6500000, 0x0000000100000000)
  eden space 13824K, 72% used [0x00000000d5580000,0x00000000d5f58a60,0x00000000d6300000)
  from space 512K, 62% used [0x00000000d6480000,0x00000000d64d0000,0x00000000d6500000)
  to   space 512K, 0% used [0x00000000d6400000,0x00000000d6400000,0x00000000d6480000)
 ParOldGen       total 79360K, used 78888K [0x0000000080000000, 0x0000000084d80000, 0x00000000d5580000)
  object space 79360K, 99% used [0x0000000080000000,0x0000000084d0a078,0x0000000084d80000)
 Metaspace       used 58089K, committed 59456K, reserved 1114112K
  class space    used 6258K, committed 6848K, reserved 1048576K

Card table byte_map: [0x000001fb5be90000,0x000001fb5c2a0000] _byte_map_base: 0x000001fb5ba90000

Marking Bits: (ParMarkBitMap*) 0x00007ff8f2283450
 Begin Bits: [0x000001fb6e9a0000, 0x000001fb709a0000)
 End Bits:   [0x000001fb709a0000, 0x000001fb729a0000)

Polling page: 0x000001fb5a390000

Metaspace:

Usage:
  Non-class:     50.62 MB used.
      Class:      6.11 MB used.
       Both:     56.73 MB used.

Virtual space:
  Non-class space:       64.00 MB reserved,      51.38 MB ( 80%) committed,  1 nodes.
      Class space:        1.00 GB reserved,       6.69 MB ( <1%) committed,  1 nodes.
             Both:        1.06 GB reserved,      58.06 MB (  5%) committed. 

Chunk freelists:
   Non-Class:  12.66 MB
       Class:  9.17 MB
        Both:  21.83 MB

MaxMetaspaceSize: unlimited
CompressedClassSpaceSize: 1.00 GB
Initial GC threshold: 21.00 MB
Current GC threshold: 58.38 MB
CDS: on
 - commit_granule_bytes: 65536.
 - commit_granule_words: 8192.
 - virtual_space_node_default_size: 8388608.
 - enlarge_chunks_in_place: 1.
 - use_allocation_guard: 0.


Internal statistics:

num_allocs_failed_limit: 6.
num_arena_births: 1106.
num_arena_deaths: 14.
num_vsnodes_births: 2.
num_vsnodes_deaths: 0.
num_space_committed: 929.
num_space_uncommitted: 0.
num_chunks_returned_to_freelist: 20.
num_chunks_taken_from_freelist: 3624.
num_chunk_merges: 11.
num_chunk_splits: 2237.
num_chunks_enlarged: 1248.
num_inconsistent_stats: 0.

CodeHeap 'non-profiled nmethods': size=120000Kb used=4419Kb max_used=4419Kb free=115580Kb
 bounds [0x000001fb671c0000, 0x000001fb67620000, 0x000001fb6e6f0000]
CodeHeap 'profiled nmethods': size=120000Kb used=20377Kb max_used=20377Kb free=99622Kb
 bounds [0x000001fb5f6f0000, 0x000001fb60ae0000, 0x000001fb66c20000]
CodeHeap 'non-nmethods': size=5760Kb used=1421Kb max_used=1498Kb free=4338Kb
 bounds [0x000001fb66c20000, 0x000001fb66e90000, 0x000001fb671c0000]
CodeCache: size=245760Kb, used=26217Kb, max_used=26294Kb, free=219540Kb
 total_blobs=10827, nmethods=10099, adapters=634, full_count=0
Compilation: enabled, stopped_count=0, restarted_count=0

Compilation events (20 events):
Event: 34.708 Thread 0x000001fb5c456790 10608       4       java.util.Collections$1::next (25 bytes)
Event: 34.708 Thread 0x000001fb5c456790 nmethod 10608 0x000001fb67610090 code [0x000001fb67610220, 0x000001fb676102d0]
Event: 34.708 Thread 0x000001fb5c456790 10611       4       java.util.Collections$SingletonSet::iterator (8 bytes)
Event: 34.709 Thread 0x000001fb5c456790 nmethod 10611 0x000001fb67610390 code [0x000001fb67610520, 0x000001fb67610618]
Event: 34.709 Thread 0x000001fb5c456790 10588       4       java.util.Arrays$ArrayItr::next (36 bytes)
Event: 34.709 Thread 0x000001fb5c456790 nmethod 10588 0x000001fb67610710 code [0x000001fb676108a0, 0x000001fb67610990]
Event: 88.822 Thread 0x000001fb7474ce10 10657       3       jdk.internal.misc.Unsafe::freeMemory (18 bytes)
Event: 88.826 Thread 0x000001fb7474ce10 nmethod 10657 0x000001fb60ad3d90 code [0x000001fb60ad3f60, 0x000001fb60ad4240]
Event: 88.826 Thread 0x000001fb7474ce10 10658       3       jdk.internal.misc.Unsafe::freeMemoryChecks (7 bytes)
Event: 88.827 Thread 0x000001fb7474ce10 nmethod 10658 0x000001fb60ad4390 code [0x000001fb60ad4540, 0x000001fb60ad4740]
Event: 124.684 Thread 0x000001fb7474ce10 10659       3       java.util.concurrent.ScheduledThreadPoolExecutor::canRunInCurrentRunState (61 bytes)
Event: 124.692 Thread 0x000001fb7474ce10 nmethod 10659 0x000001fb60ad4810 code [0x000001fb60ad4a20, 0x000001fb60ad51d0]
Event: 133.393 Thread 0x000001fb7474ce10 10660       3       java.util.Optional::isPresent (13 bytes)
Event: 133.395 Thread 0x000001fb7474ce10 nmethod 10660 0x000001fb60ad5410 code [0x000001fb60ad55a0, 0x000001fb60ad5700]
Event: 149.509 Thread 0x000001fb7474ce10 10661       3       java.util.IdentityHashMap$KeyIterator::next (13 bytes)
Event: 149.510 Thread 0x000001fb7474ce10 nmethod 10661 0x000001fb60ad5790 code [0x000001fb60ad5960, 0x000001fb60ad5c00]
Event: 149.510 Thread 0x000001fb7474ce10 10662       3       java.util.IdentityHashMap$IdentityHashMapIterator::nextIndex (72 bytes)
Event: 149.514 Thread 0x000001fb7474ce10 nmethod 10662 0x000001fb60ad5d10 code [0x000001fb60ad5f00, 0x000001fb60ad6338]
Event: 154.710 Thread 0x000001fb7474ce10 10663       1       java.util.concurrent.ThreadPoolExecutor::getQueue (5 bytes)
Event: 154.714 Thread 0x000001fb7474ce10 nmethod 10663 0x000001fb67610a90 code [0x000001fb67610c20, 0x000001fb67610ce8]

GC Heap History (20 events):
Event: 30.133 GC heap before
{Heap before GC invocations=63 (full 2):
 PSYoungGen      total 15872K, used 15616K [0x00000000d5580000, 0x00000000d6700000, 0x0000000100000000)
  eden space 14848K, 100% used [0x00000000d5580000,0x00000000d6400000,0x00000000d6400000)
  from space 1024K, 75% used [0x00000000d6600000,0x00000000d66c0000,0x00000000d6700000)
  to   space 1024K, 0% used [0x00000000d6500000,0x00000000d6500000,0x00000000d6600000)
 ParOldGen       total 73728K, used 73394K [0x0000000080000000, 0x0000000084800000, 0x00000000d5580000)
  object space 73728K, 99% used [0x0000000080000000,0x00000000847acbc8,0x0000000084800000)
 Metaspace       used 57581K, committed 58944K, reserved 1114112K
  class space    used 6213K, committed 6784K, reserved 1048576K
}
Event: 30.135 GC heap after
{Heap after GC invocations=63 (full 2):
 PSYoungGen      total 15360K, used 500K [0x00000000d5580000, 0x00000000d6680000, 0x0000000100000000)
  eden space 14848K, 0% used [0x00000000d5580000,0x00000000d5580000,0x00000000d6400000)
  from space 512K, 97% used [0x00000000d6500000,0x00000000d657d228,0x00000000d6580000)
  to   space 1024K, 0% used [0x00000000d6580000,0x00000000d6580000,0x00000000d6680000)
 ParOldGen       total 74240K, used 74087K [0x0000000080000000, 0x0000000084880000, 0x00000000d5580000)
  object space 74240K, 99% used [0x0000000080000000,0x0000000084859f30,0x0000000084880000)
 Metaspace       used 57581K, committed 58944K, reserved 1114112K
  class space    used 6213K, committed 6784K, reserved 1048576K
}
Event: 30.191 GC heap before
{Heap before GC invocations=64 (full 2):
 PSYoungGen      total 15360K, used 15348K [0x00000000d5580000, 0x00000000d6680000, 0x0000000100000000)
  eden space 14848K, 100% used [0x00000000d5580000,0x00000000d6400000,0x00000000d6400000)
  from space 512K, 97% used [0x00000000d6500000,0x00000000d657d228,0x00000000d6580000)
  to   space 1024K, 0% used [0x00000000d6580000,0x00000000d6580000,0x00000000d6680000)
 ParOldGen       total 74240K, used 74087K [0x0000000080000000, 0x0000000084880000, 0x00000000d5580000)
  object space 74240K, 99% used [0x0000000080000000,0x0000000084859f30,0x0000000084880000)
 Metaspace       used 57584K, committed 58944K, reserved 1114112K
  class space    used 6213K, committed 6784K, reserved 1048576K
}
Event: 30.193 GC heap after
{Heap after GC invocations=64 (full 2):
 PSYoungGen      total 15360K, used 369K [0x00000000d5580000, 0x00000000d6600000, 0x0000000100000000)
  eden space 14848K, 0% used [0x00000000d5580000,0x00000000d5580000,0x00000000d6400000)
  from space 512K, 72% used [0x00000000d6580000,0x00000000d65dc7d0,0x00000000d6600000)
  to   space 512K, 0% used [0x00000000d6500000,0x00000000d6500000,0x00000000d6580000)
 ParOldGen       total 74752K, used 74447K [0x0000000080000000, 0x0000000084900000, 0x00000000d5580000)
  object space 74752K, 99% used [0x0000000080000000,0x00000000848b3f30,0x0000000084900000)
 Metaspace       used 57584K, committed 58944K, reserved 1114112K
  class space    used 6213K, committed 6784K, reserved 1048576K
}
Event: 30.277 GC heap before
{Heap before GC invocations=65 (full 2):
 PSYoungGen      total 15360K, used 15217K [0x00000000d5580000, 0x00000000d6600000, 0x0000000100000000)
  eden space 14848K, 100% used [0x00000000d5580000,0x00000000d6400000,0x00000000d6400000)
  from space 512K, 72% used [0x00000000d6580000,0x00000000d65dc7d0,0x00000000d6600000)
  to   space 512K, 0% used [0x00000000d6500000,0x00000000d6500000,0x00000000d6580000)
 ParOldGen       total 74752K, used 74447K [0x0000000080000000, 0x0000000084900000, 0x00000000d5580000)
  object space 74752K, 99% used [0x0000000080000000,0x00000000848b3f30,0x0000000084900000)
 Metaspace       used 57684K, committed 59008K, reserved 1114112K
  class space    used 6226K, committed 6784K, reserved 1048576K
}
Event: 30.279 GC heap after
{Heap after GC invocations=65 (full 2):
 PSYoungGen      total 15360K, used 478K [0x00000000d5580000, 0x00000000d6600000, 0x0000000100000000)
  eden space 14848K, 0% used [0x00000000d5580000,0x00000000d5580000,0x00000000d6400000)
  from space 512K, 93% used [0x00000000d6500000,0x00000000d6577bf8,0x00000000d6580000)
  to   space 512K, 0% used [0x00000000d6580000,0x00000000d6580000,0x00000000d6600000)
 ParOldGen       total 75776K, used 75204K [0x0000000080000000, 0x0000000084a00000, 0x00000000d5580000)
  object space 75776K, 99% used [0x0000000080000000,0x0000000084971268,0x0000000084a00000)
 Metaspace       used 57684K, committed 59008K, reserved 1114112K
  class space    used 6226K, committed 6784K, reserved 1048576K
}
Event: 30.320 GC heap before
{Heap before GC invocations=66 (full 2):
 PSYoungGen      total 15360K, used 15326K [0x00000000d5580000, 0x00000000d6600000, 0x0000000100000000)
  eden space 14848K, 100% used [0x00000000d5580000,0x00000000d6400000,0x00000000d6400000)
  from space 512K, 93% used [0x00000000d6500000,0x00000000d6577bf8,0x00000000d6580000)
  to   space 512K, 0% used [0x00000000d6580000,0x00000000d6580000,0x00000000d6600000)
 ParOldGen       total 75776K, used 75204K [0x0000000080000000, 0x0000000084a00000, 0x00000000d5580000)
  object space 75776K, 99% used [0x0000000080000000,0x0000000084971268,0x0000000084a00000)
 Metaspace       used 57684K, committed 59008K, reserved 1114112K
  class space    used 6226K, committed 6784K, reserved 1048576K
}
Event: 30.322 GC heap after
{Heap after GC invocations=66 (full 2):
 PSYoungGen      total 15360K, used 512K [0x00000000d5580000, 0x00000000d6600000, 0x0000000100000000)
  eden space 14848K, 0% used [0x00000000d5580000,0x00000000d5580000,0x00000000d6400000)
  from space 512K, 100% used [0x00000000d6580000,0x00000000d6600000,0x00000000d6600000)
  to   space 1024K, 0% used [0x00000000d6400000,0x00000000d6400000,0x00000000d6500000)
 ParOldGen       total 75776K, used 75592K [0x0000000080000000, 0x0000000084a00000, 0x00000000d5580000)
  object space 75776K, 99% used [0x0000000080000000,0x00000000849d2018,0x0000000084a00000)
 Metaspace       used 57684K, committed 59008K, reserved 1114112K
  class space    used 6226K, committed 6784K, reserved 1048576K
}
Event: 30.367 GC heap before
{Heap before GC invocations=67 (full 2):
 PSYoungGen      total 15360K, used 15360K [0x00000000d5580000, 0x00000000d6600000, 0x0000000100000000)
  eden space 14848K, 100% used [0x00000000d5580000,0x00000000d6400000,0x00000000d6400000)
  from space 512K, 100% used [0x00000000d6580000,0x00000000d6600000,0x00000000d6600000)
  to   space 1024K, 0% used [0x00000000d6400000,0x00000000d6400000,0x00000000d6500000)
 ParOldGen       total 75776K, used 75592K [0x0000000080000000, 0x0000000084a00000, 0x00000000d5580000)
  object space 75776K, 99% used [0x0000000080000000,0x00000000849d2018,0x0000000084a00000)
 Metaspace       used 57684K, committed 59008K, reserved 1114112K
  class space    used 6226K, committed 6784K, reserved 1048576K
}
Event: 30.368 GC heap after
{Heap after GC invocations=67 (full 2):
 PSYoungGen      total 15872K, used 352K [0x00000000d5580000, 0x00000000d6600000, 0x0000000100000000)
  eden space 14848K, 0% used [0x00000000d5580000,0x00000000d5580000,0x00000000d6400000)
  from space 1024K, 34% used [0x00000000d6400000,0x00000000d6458000,0x00000000d6500000)
  to   space 1024K, 0% used [0x00000000d6500000,0x00000000d6500000,0x00000000d6600000)
 ParOldGen       total 76288K, used 76088K [0x0000000080000000, 0x0000000084a80000, 0x00000000d5580000)
  object space 76288K, 99% used [0x0000000080000000,0x0000000084a4e028,0x0000000084a80000)
 Metaspace       used 57684K, committed 59008K, reserved 1114112K
  class space    used 6226K, committed 6784K, reserved 1048576K
}
Event: 30.448 GC heap before
{Heap before GC invocations=68 (full 2):
 PSYoungGen      total 15872K, used 15200K [0x00000000d5580000, 0x00000000d6600000, 0x0000000100000000)
  eden space 14848K, 100% used [0x00000000d5580000,0x00000000d6400000,0x00000000d6400000)
  from space 1024K, 34% used [0x00000000d6400000,0x00000000d6458000,0x00000000d6500000)
  to   space 1024K, 0% used [0x00000000d6500000,0x00000000d6500000,0x00000000d6600000)
 ParOldGen       total 76288K, used 76088K [0x0000000080000000, 0x0000000084a80000, 0x00000000d5580000)
  object space 76288K, 99% used [0x0000000080000000,0x0000000084a4e028,0x0000000084a80000)
 Metaspace       used 57696K, committed 59008K, reserved 1114112K
  class space    used 6226K, committed 6784K, reserved 1048576K
}
Event: 30.450 GC heap after
{Heap after GC invocations=68 (full 2):
 PSYoungGen      total 15360K, used 444K [0x00000000d5580000, 0x00000000d6580000, 0x0000000100000000)
  eden space 14848K, 0% used [0x00000000d5580000,0x00000000d5580000,0x00000000d6400000)
  from space 512K, 86% used [0x00000000d6500000,0x00000000d656f290,0x00000000d6580000)
  to   space 512K, 0% used [0x00000000d6480000,0x00000000d6480000,0x00000000d6500000)
 ParOldGen       total 76800K, used 76328K [0x0000000080000000, 0x0000000084b00000, 0x00000000d5580000)
  object space 76800K, 99% used [0x0000000080000000,0x0000000084a8a028,0x0000000084b00000)
 Metaspace       used 57696K, committed 59008K, reserved 1114112K
  class space    used 6226K, committed 6784K, reserved 1048576K
}
Event: 30.541 GC heap before
{Heap before GC invocations=69 (full 2):
 PSYoungGen      total 15360K, used 15292K [0x00000000d5580000, 0x00000000d6580000, 0x0000000100000000)
  eden space 14848K, 100% used [0x00000000d5580000,0x00000000d6400000,0x00000000d6400000)
  from space 512K, 86% used [0x00000000d6500000,0x00000000d656f290,0x00000000d6580000)
  to   space 512K, 0% used [0x00000000d6480000,0x00000000d6480000,0x00000000d6500000)
 ParOldGen       total 76800K, used 76328K [0x0000000080000000, 0x0000000084b00000, 0x00000000d5580000)
  object space 76800K, 99% used [0x0000000080000000,0x0000000084a8a028,0x0000000084b00000)
 Metaspace       used 57702K, committed 59008K, reserved 1114112K
  class space    used 6226K, committed 6784K, reserved 1048576K
}
Event: 30.543 GC heap after
{Heap after GC invocations=69 (full 2):
 PSYoungGen      total 15360K, used 466K [0x00000000d5580000, 0x00000000d6580000, 0x0000000100000000)
  eden space 14848K, 0% used [0x00000000d5580000,0x00000000d5580000,0x00000000d6400000)
  from space 512K, 91% used [0x00000000d6480000,0x00000000d64f4940,0x00000000d6500000)
  to   space 512K, 0% used [0x00000000d6500000,0x00000000d6500000,0x00000000d6580000)
 ParOldGen       total 76800K, used 76592K [0x0000000080000000, 0x0000000084b00000, 0x00000000d5580000)
  object space 76800K, 99% used [0x0000000080000000,0x0000000084acc028,0x0000000084b00000)
 Metaspace       used 57702K, committed 59008K, reserved 1114112K
  class space    used 6226K, committed 6784K, reserved 1048576K
}
Event: 30.590 GC heap before
{Heap before GC invocations=70 (full 2):
 PSYoungGen      total 15360K, used 15314K [0x00000000d5580000, 0x00000000d6580000, 0x0000000100000000)
  eden space 14848K, 100% used [0x00000000d5580000,0x00000000d6400000,0x00000000d6400000)
  from space 512K, 91% used [0x00000000d6480000,0x00000000d64f4940,0x00000000d6500000)
  to   space 512K, 0% used [0x00000000d6500000,0x00000000d6500000,0x00000000d6580000)
 ParOldGen       total 76800K, used 76592K [0x0000000080000000, 0x0000000084b00000, 0x00000000d5580000)
  object space 76800K, 99% used [0x0000000080000000,0x0000000084acc028,0x0000000084b00000)
 Metaspace       used 57702K, committed 59008K, reserved 1114112K
  class space    used 6226K, committed 6784K, reserved 1048576K
}
Event: 30.592 GC heap after
{Heap after GC invocations=70 (full 2):
 PSYoungGen      total 14336K, used 487K [0x00000000d5580000, 0x00000000d6800000, 0x0000000100000000)
  eden space 13824K, 0% used [0x00000000d5580000,0x00000000d5580000,0x00000000d6300000)
  from space 512K, 95% used [0x00000000d6500000,0x00000000d6579c68,0x00000000d6580000)
  to   space 2048K, 0% used [0x00000000d6300000,0x00000000d6300000,0x00000000d6500000)
 ParOldGen       total 78336K, used 77880K [0x0000000080000000, 0x0000000084c80000, 0x00000000d5580000)
  object space 78336K, 99% used [0x0000000080000000,0x0000000084c0e130,0x0000000084c80000)
 Metaspace       used 57702K, committed 59008K, reserved 1114112K
  class space    used 6226K, committed 6784K, reserved 1048576K
}
Event: 30.632 GC heap before
{Heap before GC invocations=71 (full 2):
 PSYoungGen      total 14336K, used 14311K [0x00000000d5580000, 0x00000000d6800000, 0x0000000100000000)
  eden space 13824K, 100% used [0x00000000d5580000,0x00000000d6300000,0x00000000d6300000)
  from space 512K, 95% used [0x00000000d6500000,0x00000000d6579c68,0x00000000d6580000)
  to   space 2048K, 0% used [0x00000000d6300000,0x00000000d6300000,0x00000000d6500000)
 ParOldGen       total 78336K, used 77880K [0x0000000080000000, 0x0000000084c80000, 0x00000000d5580000)
  object space 78336K, 99% used [0x0000000080000000,0x0000000084c0e130,0x0000000084c80000)
 Metaspace       used 57702K, committed 59008K, reserved 1114112K
  class space    used 6226K, committed 6784K, reserved 1048576K
}
Event: 30.633 GC heap after
{Heap after GC invocations=71 (full 2):
 PSYoungGen      total 14848K, used 640K [0x00000000d5580000, 0x00000000d6600000, 0x0000000100000000)
  eden space 13824K, 0% used [0x00000000d5580000,0x00000000d5580000,0x00000000d6300000)
  from space 1024K, 62% used [0x00000000d6300000,0x00000000d63a0000,0x00000000d6400000)
  to   space 1536K, 0% used [0x00000000d6480000,0x00000000d6480000,0x00000000d6600000)
 ParOldGen       total 78848K, used 78371K [0x0000000080000000, 0x0000000084d00000, 0x00000000d5580000)
  object space 78848K, 99% used [0x0000000080000000,0x0000000084c88d20,0x0000000084d00000)
 Metaspace       used 57702K, committed 59008K, reserved 1114112K
  class space    used 6226K, committed 6784K, reserved 1048576K
}
Event: 30.701 GC heap before
{Heap before GC invocations=72 (full 2):
 PSYoungGen      total 14848K, used 14464K [0x00000000d5580000, 0x00000000d6600000, 0x0000000100000000)
  eden space 13824K, 100% used [0x00000000d5580000,0x00000000d6300000,0x00000000d6300000)
  from space 1024K, 62% used [0x00000000d6300000,0x00000000d63a0000,0x00000000d6400000)
  to   space 1536K, 0% used [0x00000000d6480000,0x00000000d6480000,0x00000000d6600000)
 ParOldGen       total 78848K, used 78371K [0x0000000080000000, 0x0000000084d00000, 0x00000000d5580000)
  object space 78848K, 99% used [0x0000000080000000,0x0000000084c88d20,0x0000000084d00000)
 Metaspace       used 57705K, committed 59008K, reserved 1114112K
  class space    used 6226K, committed 6784K, reserved 1048576K
}
Event: 30.703 GC heap after
{Heap after GC invocations=72 (full 2):
 PSYoungGen      total 14336K, used 320K [0x00000000d5580000, 0x00000000d6500000, 0x0000000100000000)
  eden space 13824K, 0% used [0x00000000d5580000,0x00000000d5580000,0x00000000d6300000)
  from space 512K, 62% used [0x00000000d6480000,0x00000000d64d0000,0x00000000d6500000)
  to   space 512K, 0% used [0x00000000d6400000,0x00000000d6400000,0x00000000d6480000)
 ParOldGen       total 79360K, used 78888K [0x0000000080000000, 0x0000000084d80000, 0x00000000d5580000)
  object space 79360K, 99% used [0x0000000080000000,0x0000000084d0a078,0x0000000084d80000)
 Metaspace       used 57705K, committed 59008K, reserved 1114112K
  class space    used 6226K, committed 6784K, reserved 1048576K
}

Dll operation events (12 events):
Event: 0.017 Loaded shared library c:\Users\PCWORLD\.vscode\extensions\redhat.java-1.53.0-win32-x64\jre\21.0.10-win32-x86_64\bin\java.dll
Event: 0.169 Loaded shared library c:\Users\PCWORLD\.vscode\extensions\redhat.java-1.53.0-win32-x64\jre\21.0.10-win32-x86_64\bin\zip.dll
Event: 0.239 Loaded shared library C:\Users\PCWORLD\.vscode\extensions\redhat.java-1.53.0-win32-x64\jre\21.0.10-win32-x86_64\bin\instrument.dll
Event: 0.253 Loaded shared library C:\Users\PCWORLD\.vscode\extensions\redhat.java-1.53.0-win32-x64\jre\21.0.10-win32-x86_64\bin\net.dll
Event: 0.265 Loaded shared library C:\Users\PCWORLD\.vscode\extensions\redhat.java-1.53.0-win32-x64\jre\21.0.10-win32-x86_64\bin\nio.dll
Event: 0.272 Loaded shared library C:\Users\PCWORLD\.vscode\extensions\redhat.java-1.53.0-win32-x64\jre\21.0.10-win32-x86_64\bin\zip.dll
Event: 0.322 Loaded shared library C:\Users\PCWORLD\.vscode\extensions\redhat.java-1.53.0-win32-x64\jre\21.0.10-win32-x86_64\bin\jimage.dll
Event: 0.679 Loaded shared library c:\Users\PCWORLD\.vscode\extensions\redhat.java-1.53.0-win32-x64\jre\21.0.10-win32-x86_64\bin\verify.dll
Event: 5.305 Loaded shared library C:\Users\PCWORLD\AppData\Roaming\Code\User\globalStorage\redhat.java\1.53.0\config_win\org.eclipse.equinox.launcher\org.eclipse.equinox.launcher.win32.win32.x86_64_1.3.0.v20260203-2149\eclipse_11919.dll
Event: 10.443 Loaded shared library C:\Users\PCWORLD\AppData\Local\Temp\jna--13215393\jna9562814057427928797.dll
Event: 13.610 Loaded shared library C:\Users\PCWORLD\.vscode\extensions\redhat.java-1.53.0-win32-x64\jre\21.0.10-win32-x86_64\bin\sunmscapi.dll
Event: 13.783 Loaded shared library C:\Users\PCWORLD\.vscode\extensions\redhat.java-1.53.0-win32-x64\jre\21.0.10-win32-x86_64\bin\extnet.dll

Deoptimization events (20 events):
Event: 30.723 Thread 0x000001fb7b72eac0 DEOPT PACKING pc=0x000001fb60916ee7 sp=0x000000b9806fdf70
Event: 30.723 Thread 0x000001fb7b72eac0 DEOPT UNPACKING pc=0x000001fb66c74242 sp=0x000000b9806fd4e0 mode 0
Event: 30.732 Thread 0x000001fb7b72eac0 Uncommon trap: trap_request=0xfffffff4 fr.pc=0x000001fb6745f210 relative=0x00000000000003d0
Event: 30.732 Thread 0x000001fb7b72eac0 Uncommon trap: reason=null_check action=make_not_entrant pc=0x000001fb6745f210 method=jdk.internal.jimage.ImageReader$SharedImageReader.findNode(Ljava/lang/String;)Ljdk/internal/jimage/ImageReader$Node; @ 13 c2
Event: 30.732 Thread 0x000001fb7b72eac0 DEOPT PACKING pc=0x000001fb6745f210 sp=0x000000b9806fe090
Event: 30.732 Thread 0x000001fb7b72eac0 DEOPT UNPACKING pc=0x000001fb66c73aa2 sp=0x000000b9806fdf38 mode 2
Event: 30.732 Thread 0x000001fb7b72eac0 DEOPT PACKING pc=0x000001fb60a6fd3b sp=0x000000b9806fe6d0
Event: 30.732 Thread 0x000001fb7b72eac0 DEOPT UNPACKING pc=0x000001fb66c74242 sp=0x000000b9806fdb70 mode 0
Event: 30.736 Thread 0x000001fb7b72eac0 Uncommon trap: trap_request=0xfffffff4 fr.pc=0x000001fb6745b8d8 relative=0x00000000000003b8
Event: 30.736 Thread 0x000001fb7b72eac0 Uncommon trap: reason=null_check action=make_not_entrant pc=0x000001fb6745b8d8 method=jdk.internal.jimage.ImageReader$SharedImageReader.findNode(Ljava/lang/String;)Ljdk/internal/jimage/ImageReader$Node; @ 13 c2
Event: 30.736 Thread 0x000001fb7b72eac0 DEOPT PACKING pc=0x000001fb6745b8d8 sp=0x000000b9806fdfe0
Event: 30.736 Thread 0x000001fb7b72eac0 DEOPT UNPACKING pc=0x000001fb66c73aa2 sp=0x000000b9806fdef8 mode 2
Event: 34.574 Thread 0x000001fb74a73a50 Uncommon trap: trap_request=0xffffffdc fr.pc=0x000001fb675c8788 relative=0x00000000000002c8
Event: 34.574 Thread 0x000001fb74a73a50 Uncommon trap: reason=class_check action=make_not_entrant pc=0x000001fb675c8788 method=java.util.ArrayList.toArray([Ljava/lang/Object;)[Ljava/lang/Object; @ 21 c2
Event: 34.574 Thread 0x000001fb74a73a50 DEOPT PACKING pc=0x000001fb675c8788 sp=0x000000b9ff6feb90
Event: 34.574 Thread 0x000001fb74a73a50 DEOPT UNPACKING pc=0x000001fb66c73aa2 sp=0x000000b9ff6feb50 mode 2
Event: 34.588 Thread 0x000001fb74a73a50 Uncommon trap: trap_request=0xffffff45 fr.pc=0x000001fb674198a0 relative=0x00000000000004c0
Event: 34.588 Thread 0x000001fb74a73a50 Uncommon trap: reason=unstable_if action=reinterpret pc=0x000001fb674198a0 method=java.util.HashMap.removeNode(ILjava/lang/Object;Ljava/lang/Object;ZZ)Ljava/util/HashMap$Node; @ 62 c2
Event: 34.588 Thread 0x000001fb74a73a50 DEOPT PACKING pc=0x000001fb674198a0 sp=0x000000b9ff6ff190
Event: 34.588 Thread 0x000001fb74a73a50 DEOPT UNPACKING pc=0x000001fb66c73aa2 sp=0x000000b9ff6ff090 mode 2

Classes loaded (20 events):
Event: 34.635 Loading class sun/util/cldr/CLDRTimeZoneNameProviderImpl
Event: 34.636 Loading class sun/util/locale/provider/TimeZoneNameProviderImpl
Event: 34.636 Loading class sun/util/locale/provider/TimeZoneNameProviderImpl done
Event: 34.636 Loading class sun/util/cldr/CLDRTimeZoneNameProviderImpl done
Event: 34.638 Loading class sun/util/resources/cldr/TimeZoneNames
Event: 34.638 Loading class sun/util/resources/TimeZoneNamesBundle
Event: 34.638 Loading class sun/util/resources/OpenListResourceBundle
Event: 34.638 Loading class sun/util/resources/OpenListResourceBundle done
Event: 34.638 Loading class sun/util/resources/TimeZoneNamesBundle done
Event: 34.638 Loading class sun/util/resources/cldr/TimeZoneNames done
Event: 34.638 Loading class sun/util/resources/cldr/TimeZoneNames_en
Event: 34.639 Loading class sun/util/resources/cldr/TimeZoneNames_en done
Event: 34.640 Loading class sun/util/resources/cldr/TimeZoneNames_en_US
Event: 34.640 Loading class sun/util/resources/cldr/TimeZoneNames_en_US done
Event: 34.641 Loading class sun/util/cldr/CLDRBaseLocaleDataMetaInfo$TZCanonicalIDMapHolder
Event: 34.642 Loading class sun/util/cldr/CLDRBaseLocaleDataMetaInfo$TZCanonicalIDMapHolder done
Event: 34.643 Loading class sun/util/resources/TimeZoneNames
Event: 34.644 Loading class sun/util/resources/TimeZoneNames done
Event: 34.644 Loading class sun/util/resources/TimeZoneNames_en
Event: 34.645 Loading class sun/util/resources/TimeZoneNames_en done

Classes unloaded (7 events):
Event: 11.868 Thread 0x000001fb5c4424f0 Unloading class 0x000001fb011a5000 'java/lang/invoke/LambdaForm$MH+0x000001fb011a5000'
Event: 11.868 Thread 0x000001fb5c4424f0 Unloading class 0x000001fb011a4c00 'java/lang/invoke/LambdaForm$MH+0x000001fb011a4c00'
Event: 11.868 Thread 0x000001fb5c4424f0 Unloading class 0x000001fb011a4800 'java/lang/invoke/LambdaForm$MH+0x000001fb011a4800'
Event: 11.868 Thread 0x000001fb5c4424f0 Unloading class 0x000001fb011a4400 'java/lang/invoke/LambdaForm$MH+0x000001fb011a4400'
Event: 11.868 Thread 0x000001fb5c4424f0 Unloading class 0x000001fb011a4000 'java/lang/invoke/LambdaForm$BMH+0x000001fb011a4000'
Event: 11.868 Thread 0x000001fb5c4424f0 Unloading class 0x000001fb011a3c00 'java/lang/invoke/LambdaForm$DMH+0x000001fb011a3c00'
Event: 11.868 Thread 0x000001fb5c4424f0 Unloading class 0x000001fb011a2800 'java/lang/invoke/LambdaForm$DMH+0x000001fb011a2800'

Classes redefined (0 events):
No events

Internal exceptions (20 events):
Event: 28.708 Thread 0x000001fb7b731220 Exception <a 'sun/nio/fs/WindowsException'{0x00000000d5c8e910}> (0x00000000d5c8e910) 
thrown [s\src\hotspot\share\prims\jni.cpp, line 520]
Event: 28.708 Thread 0x000001fb7b731220 Exception <a 'sun/nio/fs/WindowsException'{0x00000000d5c8f1f0}> (0x00000000d5c8f1f0) 
thrown [s\src\hotspot\share\prims\jni.cpp, line 520]
Event: 28.910 Thread 0x000001fb7b72eac0 Implicit null exception at 0x000001fb67455329 to 0x000001fb67455934
Event: 29.375 Thread 0x000001fb7b72d710 Exception <a 'sun/nio/fs/WindowsException'{0x00000000d61970d8}> (0x00000000d61970d8) 
thrown [s\src\hotspot\share\prims\jni.cpp, line 520]
Event: 29.375 Thread 0x000001fb7b72d710 Exception <a 'sun/nio/fs/WindowsException'{0x00000000d6197c08}> (0x00000000d6197c08) 
thrown [s\src\hotspot\share\prims\jni.cpp, line 520]
Event: 29.376 Thread 0x000001fb7b72d710 Exception <a 'sun/nio/fs/WindowsException'{0x00000000d621eff0}> (0x00000000d621eff0) 
thrown [s\src\hotspot\share\prims\jni.cpp, line 520]
Event: 29.376 Thread 0x000001fb7b72d710 Exception <a 'sun/nio/fs/WindowsException'{0x00000000d621f8d0}> (0x00000000d621f8d0) 
thrown [s\src\hotspot\share\prims\jni.cpp, line 520]
Event: 30.732 Thread 0x000001fb7b72eac0 Implicit null exception at 0x000001fb6745efac to 0x000001fb6745f1ee
Event: 30.736 Thread 0x000001fb7b72eac0 Implicit null exception at 0x000001fb6745b66d to 0x000001fb6745b8cb
Event: 30.746 Thread 0x000001fb7b72eac0 Exception <a 'java/lang/NoSuchMethodError'{0x00000000d5a953c8}: 'java.lang.Object java.lang.invoke.DirectMethodHandle$Holder.invokeSpecial(java.lang.Object, java.lang.Object, int, long)'> (0x00000000d5a953c8) 
thrown [s\src\hotspot\share\interpreter\linkResolver.cpp, line 773]
Event: 30.750 Thread 0x000001fb7b72eac0 Exception <a 'sun/nio/fs/WindowsException'{0x00000000d5ab9070}> (0x00000000d5ab9070) 
thrown [s\src\hotspot\share\prims\jni.cpp, line 520]
Event: 30.750 Thread 0x000001fb7b72eac0 Exception <a 'sun/nio/fs/WindowsException'{0x00000000d5ab98f0}> (0x00000000d5ab98f0) 
thrown [s\src\hotspot\share\prims\jni.cpp, line 520]
Event: 30.751 Thread 0x000001fb7b72eac0 Exception <a 'sun/nio/fs/WindowsException'{0x00000000d5aba9c8}> (0x00000000d5aba9c8) 
thrown [s\src\hotspot\share\prims\jni.cpp, line 520]
Event: 30.751 Thread 0x000001fb7b72eac0 Exception <a 'sun/nio/fs/WindowsException'{0x00000000d5abaff8}> (0x00000000d5abaff8) 
thrown [s\src\hotspot\share\prims\jni.cpp, line 520]
Event: 30.751 Thread 0x000001fb7b72eac0 Exception <a 'sun/nio/fs/WindowsException'{0x00000000d5abc0e8}> (0x00000000d5abc0e8) 
thrown [s\src\hotspot\share\prims\jni.cpp, line 520]
Event: 30.751 Thread 0x000001fb7b72eac0 Exception <a 'sun/nio/fs/WindowsException'{0x00000000d5abc968}> (0x00000000d5abc968) 
thrown [s\src\hotspot\share\prims\jni.cpp, line 520]
Event: 30.752 Thread 0x000001fb7b72eac0 Exception <a 'sun/nio/fs/WindowsException'{0x00000000d5abe800}> (0x00000000d5abe800) 
thrown [s\src\hotspot\share\prims\jni.cpp, line 520]
Event: 30.752 Thread 0x000001fb7b72eac0 Exception <a 'sun/nio/fs/WindowsException'{0x00000000d5abf080}> (0x00000000d5abf080) 
thrown [s\src\hotspot\share\prims\jni.cpp, line 520]
Event: 30.752 Thread 0x000001fb7b72eac0 Exception <a 'sun/nio/fs/WindowsException'{0x00000000d5ac0158}> (0x00000000d5ac0158) 
thrown [s\src\hotspot\share\prims\jni.cpp, line 520]
Event: 30.752 Thread 0x000001fb7b72eac0 Exception <a 'sun/nio/fs/WindowsException'{0x00000000d5ac0788}> (0x00000000d5ac0788) 
thrown [s\src\hotspot\share\prims\jni.cpp, line 520]

ZGC Phase Switch (0 events):
No events

VM Operations (20 events):
Event: 30.590 Executing safepoint VM operation: ParallelGCFailedAllocation (Allocation Failure)
Event: 30.592 Executing safepoint VM operation: ParallelGCFailedAllocation (Allocation Failure) done
Event: 30.632 Executing safepoint VM operation: ParallelGCFailedAllocation (Allocation Failure)
Event: 30.633 Executing safepoint VM operation: ParallelGCFailedAllocation (Allocation Failure) done
Event: 30.701 Executing safepoint VM operation: ParallelGCFailedAllocation (Allocation Failure)
Event: 30.703 Executing safepoint VM operation: ParallelGCFailedAllocation (Allocation Failure) done
Event: 31.712 Executing safepoint VM operation: Cleanup
Event: 31.712 Executing safepoint VM operation: Cleanup done
Event: 33.718 Executing safepoint VM operation: Cleanup
Event: 33.718 Executing safepoint VM operation: Cleanup done
Event: 34.726 Executing safepoint VM operation: Cleanup
Event: 34.726 Executing safepoint VM operation: Cleanup done
Event: 60.165 Executing non-safepoint VM operation: HandshakeAllThreads (HandshakeForDeflation)
Event: 60.166 Executing non-safepoint VM operation: HandshakeAllThreads (HandshakeForDeflation) done
Event: 60.166 Executing non-safepoint VM operation: RendezvousGCThreads
Event: 60.166 Executing non-safepoint VM operation: RendezvousGCThreads done
Event: 120.323 Executing non-safepoint VM operation: HandshakeAllThreads (HandshakeForDeflation)
Event: 120.324 Executing non-safepoint VM operation: HandshakeAllThreads (HandshakeForDeflation) done
Event: 120.324 Executing non-safepoint VM operation: RendezvousGCThreads
Event: 120.324 Executing non-safepoint VM operation: RendezvousGCThreads done

Memory protections (0 events):
No events

Nmethod flushes (20 events):
Event: 13.395 Thread 0x000001fb5c4424f0 flushing  nmethod 0x000001fb5fd3ec10
Event: 13.395 Thread 0x000001fb5c4424f0 flushing  nmethod 0x000001fb5fd3fe10
Event: 13.395 Thread 0x000001fb5c4424f0 flushing  nmethod 0x000001fb5fd40a90
Event: 13.395 Thread 0x000001fb5c4424f0 flushing  nmethod 0x000001fb5fd41210
Event: 13.395 Thread 0x000001fb5c4424f0 flushing  nmethod 0x000001fb5fd42790
Event: 13.395 Thread 0x000001fb5c4424f0 flushing  nmethod 0x000001fb5fd42c90
Event: 13.395 Thread 0x000001fb5c4424f0 flushing  nmethod 0x000001fb5fd44110
Event: 13.395 Thread 0x000001fb5c4424f0 flushing  nmethod 0x000001fb5fd47d10
Event: 13.395 Thread 0x000001fb5c4424f0 flushing  nmethod 0x000001fb5fd48b90
Event: 13.395 Thread 0x000001fb5c4424f0 flushing  nmethod 0x000001fb5fd93e10
Event: 13.395 Thread 0x000001fb5c4424f0 flushing  nmethod 0x000001fb5fd94c10
Event: 13.395 Thread 0x000001fb5c4424f0 flushing  nmethod 0x000001fb5fd95d90
Event: 13.395 Thread 0x000001fb5c4424f0 flushing  nmethod 0x000001fb5fdd5190
Event: 13.395 Thread 0x000001fb5c4424f0 flushing  nmethod 0x000001fb5fe02910
Event: 13.395 Thread 0x000001fb5c4424f0 flushing  nmethod 0x000001fb5fe03290
Event: 13.395 Thread 0x000001fb5c4424f0 flushing  nmethod 0x000001fb5fe28990
Event: 13.395 Thread 0x000001fb5c4424f0 flushing  nmethod 0x000001fb5fe3fc90
Event: 13.395 Thread 0x000001fb5c4424f0 flushing  nmethod 0x000001fb5fe40110
Event: 13.395 Thread 0x000001fb5c4424f0 flushing  nmethod 0x000001fb5fe5d490
Event: 13.395 Thread 0x000001fb5c4424f0 flushing  nmethod 0x000001fb5fe60510

Events (20 events):
Event: 14.038 Thread 0x000001fb7b731220 Thread added: 0x000001fb7b6b38f0
Event: 14.853 Thread 0x000001fb79d7a110 Thread added: 0x000001fb7b6af750
Event: 14.854 Thread 0x000001fb7b6af750 Thread exited: 0x000001fb7b6af750
Event: 15.320 Thread 0x000001fb79d7a110 Thread added: 0x000001fb7b6b5330
Event: 25.344 Thread 0x000001fb7b6b5330 Thread exited: 0x000001fb7b6b5330
Event: 26.687 Thread 0x000001fb7b72eac0 Thread added: 0x000001fb7b6afde0
Event: 26.687 Thread 0x000001fb7b72eac0 Thread added: 0x000001fb7b6b5330
Event: 26.687 Thread 0x000001fb7b72eac0 Thread added: 0x000001fb7b6b4ca0
Event: 26.710 Thread 0x000001fb7b72eac0 Thread added: 0x000001fb7b6b0470
Event: 26.711 Thread 0x000001fb7b72eac0 Thread added: 0x000001fb7b6b1190
Event: 27.711 Thread 0x000001fb7b6b4ca0 Thread exited: 0x000001fb7b6b4ca0
Event: 27.711 Thread 0x000001fb7b6b5330 Thread exited: 0x000001fb7b6b5330
Event: 27.711 Thread 0x000001fb7b6b0470 Thread exited: 0x000001fb7b6b0470
Event: 27.711 Thread 0x000001fb7b6afde0 Thread exited: 0x000001fb7b6afde0
Event: 27.712 Thread 0x000001fb7b6b1190 Thread exited: 0x000001fb7b6b1190
Event: 88.826 Thread 0x000001fb79d7a110 Thread exited: 0x000001fb79d7a110
Event: 89.323 Thread 0x000001fb79d78040 Thread exited: 0x000001fb79d78040
Event: 89.371 Thread 0x000001fb79d76c90 Thread exited: 0x000001fb79d76c90
Event: 89.498 Thread 0x000001fb7b72d710 Thread exited: 0x000001fb7b72d710
Event: 149.509 Thread 0x000001fb7b731220 Thread exited: 0x000001fb7b731220


Dynamic libraries:
0x00007ff7ffbc0000 - 0x00007ff7ffbce000 	c:\Users\PCWORLD\.vscode\extensions\redhat.java-1.53.0-win32-x64\jre\21.0.10-win32-x86_64\bin\java.exe
0x00007ff99eb20000 - 0x00007ff99ed29000 	C:\Windows\SYSTEM32\ntdll.dll
0x00007ff99d1e0000 - 0x00007ff99d29d000 	C:\Windows\System32\KERNEL32.DLL
0x00007ff99c420000 - 0x00007ff99c7a4000 	C:\Windows\System32\KERNELBASE.dll
0x00007ff99c0f0000 - 0x00007ff99c201000 	C:\Windows\System32\ucrtbase.dll
0x00007ff93fac0000 - 0x00007ff93fad8000 	c:\Users\PCWORLD\.vscode\extensions\redhat.java-1.53.0-win32-x64\jre\21.0.10-win32-x86_64\bin\jli.dll
0x00007ff992cf0000 - 0x00007ff992d0e000 	c:\Users\PCWORLD\.vscode\extensions\redhat.java-1.53.0-win32-x64\jre\21.0.10-win32-x86_64\bin\VCRUNTIME140.dll
0x00007ff99dd80000 - 0x00007ff99df2d000 	C:\Windows\System32\USER32.dll
0x00007ff9880d0000 - 0x00007ff988375000 	C:\Windows\WinSxS\amd64_microsoft.windows.common-controls_6595b64144ccf1df_6.0.22000.120_none_9d947278b86cc467\COMCTL32.dll
0x00007ff99c7b0000 - 0x00007ff99c7d6000 	C:\Windows\System32\win32u.dll
0x00007ff99cec0000 - 0x00007ff99cf63000 	C:\Windows\System32\msvcrt.dll
0x00007ff99ea20000 - 0x00007ff99ea4a000 	C:\Windows\System32\GDI32.dll
0x00007ff99c7e0000 - 0x00007ff99c8fe000 	C:\Windows\System32\gdi32full.dll
0x00007ff99c380000 - 0x00007ff99c41d000 	C:\Windows\System32\msvcp_win.dll
0x00007ff99c980000 - 0x00007ff99c9b1000 	C:\Windows\System32\IMM32.DLL
0x00007ff98fd50000 - 0x00007ff98fd5c000 	c:\Users\PCWORLD\.vscode\extensions\redhat.java-1.53.0-win32-x64\jre\21.0.10-win32-x86_64\bin\vcruntime140_1.dll
0x00007ff8f2370000 - 0x00007ff8f23fd000 	c:\Users\PCWORLD\.vscode\extensions\redhat.java-1.53.0-win32-x64\jre\21.0.10-win32-x86_64\bin\msvcp140.dll
0x00007ff8f15c0000 - 0x00007ff8f2361000 	c:\Users\PCWORLD\.vscode\extensions\redhat.java-1.53.0-win32-x64\jre\21.0.10-win32-x86_64\bin\server\jvm.dll
0x00007ff99e3c0000 - 0x00007ff99e46e000 	C:\Windows\System32\ADVAPI32.dll
0x00007ff99cfd0000 - 0x00007ff99d06e000 	C:\Windows\System32\sechost.dll
0x00007ff99cbc0000 - 0x00007ff99cce1000 	C:\Windows\System32\RPCRT4.dll
0x00007ff99e8f0000 - 0x00007ff99e95f000 	C:\Windows\System32\WS2_32.dll
0x00007ff99be80000 - 0x00007ff99becd000 	C:\Windows\SYSTEM32\POWRPROF.dll
0x00007ff992f80000 - 0x00007ff992fb3000 	C:\Windows\SYSTEM32\WINMM.dll
0x00007ff990960000 - 0x00007ff99096a000 	C:\Windows\SYSTEM32\VERSION.dll
0x00007ff99bcc0000 - 0x00007ff99bcd3000 	C:\Windows\SYSTEM32\UMPDC.dll
0x00007ff99afe0000 - 0x00007ff99aff8000 	C:\Windows\SYSTEM32\kernel.appcore.dll
0x00007ff98efd0000 - 0x00007ff98efda000 	c:\Users\PCWORLD\.vscode\extensions\redhat.java-1.53.0-win32-x64\jre\21.0.10-win32-x86_64\bin\jimage.dll
0x00007ff999110000 - 0x00007ff999331000 	C:\Windows\SYSTEM32\DBGHELP.DLL
0x00007ff985050000 - 0x00007ff985081000 	C:\Windows\SYSTEM32\dbgcore.DLL
0x00007ff99c070000 - 0x00007ff99c0ef000 	C:\Windows\System32\bcryptPrimitives.dll
0x00007ff97daa0000 - 0x00007ff97daaf000 	c:\Users\PCWORLD\.vscode\extensions\redhat.java-1.53.0-win32-x64\jre\21.0.10-win32-x86_64\bin\instrument.dll
0x00007ff90cb70000 - 0x00007ff90cb90000 	c:\Users\PCWORLD\.vscode\extensions\redhat.java-1.53.0-win32-x64\jre\21.0.10-win32-x86_64\bin\java.dll
0x00007ff99d2a0000 - 0x00007ff99da65000 	C:\Windows\System32\SHELL32.dll
0x00007ff99a040000 - 0x00007ff99a8a2000 	C:\Windows\SYSTEM32\windows.storage.dll
0x00007ff99df50000 - 0x00007ff99e2c6000 	C:\Windows\System32\combase.dll
0x00007ff999ed0000 - 0x00007ff99a037000 	C:\Windows\SYSTEM32\wintypes.dll
0x00007ff99e2d0000 - 0x00007ff99e3ba000 	C:\Windows\System32\SHCORE.dll
0x00007ff99cf70000 - 0x00007ff99cfcd000 	C:\Windows\System32\shlwapi.dll
0x00007ff99bee0000 - 0x00007ff99bf05000 	C:\Windows\SYSTEM32\profapi.dll
0x00007ff90cad0000 - 0x00007ff90cae8000 	c:\Users\PCWORLD\.vscode\extensions\redhat.java-1.53.0-win32-x64\jre\21.0.10-win32-x86_64\bin\zip.dll
0x00007ff97f760000 - 0x00007ff97f770000 	C:\Users\PCWORLD\.vscode\extensions\redhat.java-1.53.0-win32-x64\jre\21.0.10-win32-x86_64\bin\net.dll
0x00007ff9934a0000 - 0x00007ff9935b4000 	C:\Windows\SYSTEM32\WINHTTP.dll
0x00007ff99b480000 - 0x00007ff99b4e7000 	C:\Windows\system32\mswsock.dll
0x00007ff933660000 - 0x00007ff933676000 	C:\Users\PCWORLD\.vscode\extensions\redhat.java-1.53.0-win32-x64\jre\21.0.10-win32-x86_64\bin\nio.dll
0x00007ff95cb90000 - 0x00007ff95cba0000 	c:\Users\PCWORLD\.vscode\extensions\redhat.java-1.53.0-win32-x64\jre\21.0.10-win32-x86_64\bin\verify.dll
0x00007ff8f4820000 - 0x00007ff8f4865000 	C:\Users\PCWORLD\AppData\Roaming\Code\User\globalStorage\redhat.java\1.53.0\config_win\org.eclipse.equinox.launcher\org.eclipse.equinox.launcher.win32.win32.x86_64_1.3.0.v20260203-2149\eclipse_11919.dll
0x00007ff99cd00000 - 0x00007ff99ce9a000 	C:\Windows\System32\ole32.dll
0x00007ff99b750000 - 0x00007ff99b768000 	C:\Windows\SYSTEM32\CRYPTSP.dll
0x00007ff99af40000 - 0x00007ff99af75000 	C:\Windows\system32\rsaenh.dll
0x00007ff99b520000 - 0x00007ff99b54c000 	C:\Windows\SYSTEM32\USERENV.dll
0x00007ff99b900000 - 0x00007ff99b927000 	C:\Windows\SYSTEM32\bcrypt.dll
0x00007ff99b670000 - 0x00007ff99b67c000 	C:\Windows\SYSTEM32\CRYPTBASE.dll
0x00007ff99ab40000 - 0x00007ff99ab6d000 	C:\Windows\SYSTEM32\IPHLPAPI.DLL
0x00007ff99c970000 - 0x00007ff99c979000 	C:\Windows\System32\NSI.dll
0x00007ff9717c0000 - 0x00007ff971809000 	C:\Users\PCWORLD\AppData\Local\Temp\jna--13215393\jna9562814057427928797.dll
0x00007ff99ea10000 - 0x00007ff99ea18000 	C:\Windows\System32\PSAPI.DLL
0x00007ff993600000 - 0x00007ff993619000 	C:\Windows\SYSTEM32\dhcpcsvc6.DLL
0x00007ff996ac0000 - 0x00007ff996ade000 	C:\Windows\SYSTEM32\dhcpcsvc.DLL
0x00007ff997ef0000 - 0x00007ff997efe000 	C:\Users\PCWORLD\.vscode\extensions\redhat.java-1.53.0-win32-x64\jre\21.0.10-win32-x86_64\bin\sunmscapi.dll
0x00007ff99c210000 - 0x00007ff99c372000 	C:\Windows\System32\CRYPT32.dll
0x00007ff99b8d0000 - 0x00007ff99b8f8000 	C:\Windows\SYSTEM32\ncrypt.dll
0x00007ff99b890000 - 0x00007ff99b8c7000 	C:\Windows\SYSTEM32\NTASN1.dll
0x00007ff99ab70000 - 0x00007ff99ac57000 	C:\Windows\SYSTEM32\DNSAPI.dll
0x00007ff9896a0000 - 0x00007ff9896aa000 	C:\Windows\System32\rasadhlp.dll
0x00007ff990840000 - 0x00007ff9908c1000 	C:\Windows\System32\fwpuclnt.dll
0x00007ff9898e0000 - 0x00007ff9898e9000 	C:\Users\PCWORLD\.vscode\extensions\redhat.java-1.53.0-win32-x64\jre\21.0.10-win32-x86_64\bin\extnet.dll

JVMTI agents:
c:\Users\PCWORLD\.vscode\extensions\redhat.java-1.53.0-win32-x64\lombok\lombok-1.18.39-4050.jar path:c:\Users\PCWORLD\.vscode\extensions\redhat.java-1.53.0-win32-x64\jre\21.0.10-win32-x86_64\bin\instrument.dll, loaded, initialized, instrumentlib options:none

dbghelp: loaded successfully - version: 4.0.5 - missing functions: none
symbol engine: initialized successfully - sym options: 0x614 - pdb path: .;c:\Users\PCWORLD\.vscode\extensions\redhat.java-1.53.0-win32-x64\jre\21.0.10-win32-x86_64\bin;C:\Windows\SYSTEM32;C:\Windows\WinSxS\amd64_microsoft.windows.common-controls_6595b64144ccf1df_6.0.22000.120_none_9d947278b86cc467;c:\Users\PCWORLD\.vscode\extensions\redhat.java-1.53.0-win32-x64\jre\21.0.10-win32-x86_64\bin\server;C:\Users\PCWORLD\AppData\Roaming\Code\User\globalStorage\redhat.java\1.53.0\config_win\org.eclipse.equinox.launcher\org.eclipse.equinox.launcher.win32.win32.x86_64_1.3.0.v20260203-2149;C:\Users\PCWORLD\AppData\Local\Temp\jna--13215393

VM Arguments:
jvm_args: --add-modules=ALL-SYSTEM --add-opens=java.base/java.util=ALL-UNNAMED --add-opens=java.base/java.lang=ALL-UNNAMED --add-opens=java.base/sun.nio.fs=ALL-UNNAMED -Declipse.application=org.eclipse.jdt.ls.core.id1 -Dosgi.bundles.defaultStartLevel=4 -Declipse.product=org.eclipse.jdt.ls.core.product -Djava.import.generatesMetadataFilesAtProjectRoot=false -DDetectVMInstallationsJob.disabled=true -Dfile.encoding=utf8 -XX:+UseParallelGC -XX:GCTimeRatio=4 -XX:AdaptiveSizePolicyWeight=90 -Dsun.zip.disableMemoryMapping=true -Xmx2G -Xms100m -Xlog:disable -javaagent:c:\Users\PCWORLD\.vscode\extensions\redhat.java-1.53.0-win32-x64\lombok\lombok-1.18.39-4050.jar -XX:+HeapDumpOnOutOfMemoryError -XX:HeapDumpPath=c:\Users\PCWORLD\AppData\Roaming\Code\User\workspaceStorage\48e88081666dfd950f782c4577fc9743\redhat.java -Daether.dependencyCollector.impl=bf 
java_command: c:\Users\PCWORLD\.vscode\extensions\redhat.java-1.53.0-win32-x64\server\plugins\org.eclipse.equinox.launcher_1.7.100.v20251111-0406.jar -configuration c:\Users\PCWORLD\AppData\Roaming\Code\User\globalStorage\redhat.java\1.53.0\config_win -data c:\Users\PCWORLD\AppData\Roaming\Code\User\workspaceStorage\48e88081666dfd950f782c4577fc9743\redhat.java\jdt_ws --pipe=\\.\pipe\lsp-0d370a935c4e7fc0aeb2c306df4e4593-sock
java_class_path (initial): c:\Users\PCWORLD\.vscode\extensions\redhat.java-1.53.0-win32-x64\server\plugins\org.eclipse.equinox.launcher_1.7.100.v20251111-0406.jar
Launcher Type: SUN_STANDARD

[Global flags]
    uintx AdaptiveSizePolicyWeight                 = 90                                        {product} {command line}
     intx CICompilerCount                          = 4                                         {product} {ergonomic}
    uintx GCTimeRatio                              = 4                                         {product} {command line}
     bool HeapDumpOnOutOfMemoryError               = true                                   {manageable} {command line}
    ccstr HeapDumpPath                             = c:\Users\PCWORLD\AppData\Roaming\Code\User\workspaceStorage\48e88081666dfd950f782c4577fc9743\redhat.java         {manageable} {command line}
   size_t InitialHeapSize                          = 104857600                                 {product} {command line}
   size_t MaxHeapSize                              = 2147483648                                {product} {command line}
   size_t MaxNewSize                               = 715653120                                 {product} {ergonomic}
   size_t MinHeapDeltaBytes                        = 524288                                    {product} {ergonomic}
   size_t MinHeapSize                              = 104857600                                 {product} {command line}
   size_t NewSize                                  = 34603008                                  {product} {ergonomic}
    uintx NonNMethodCodeHeapSize                   = 5839372                                {pd product} {ergonomic}
    uintx NonProfiledCodeHeapSize                  = 122909434                              {pd product} {ergonomic}
   size_t OldSize                                  = 70254592                                  {product} {ergonomic}
    uintx ProfiledCodeHeapSize                     = 122909434                              {pd product} {ergonomic}
    uintx ReservedCodeCacheSize                    = 251658240                              {pd product} {ergonomic}
     bool SegmentedCodeCache                       = true                                      {product} {ergonomic}
   size_t SoftMaxHeapSize                          = 2147483648                             {manageable} {ergonomic}
     bool UseCompressedOops                        = true                           {product lp64_product} {ergonomic}
     bool UseLargePagesIndividualAllocation        = false                                  {pd product} {ergonomic}
     bool UseParallelGC                            = true                                      {product} {command line}

Logging:
Log output configuration:
 #0: stdout all=off uptime,level,tags foldmultilines=false
 #1: stderr all=off uptime,level,tags foldmultilines=false

Release file:
JAVA_VERSION="21.0.10" 
MODULES="java.base java.compiler java.datatransfer java.xml java.prefs java.desktop java.instrument java.logging java.management java.security.sasl java.naming java.rmi java.management.rmi java.net.http java.scripting java.security.jgss java.transaction.xa java.sql java.sql.rowset java.xml.crypto java.se java.smartcardio jdk.accessibility jdk.internal.jvmstat jdk.attach jdk.charsets jdk.internal.opt jdk.zipfs jdk.compiler jdk.crypto.ec jdk.crypto.cryptoki jdk.crypto.mscapi jdk.dynalink jdk.internal.ed jdk.editpad jdk.hotspot.agent jdk.httpserver jdk.internal.le jdk.internal.vm.ci jdk.internal.vm.compiler jdk.internal.vm.compiler.management jdk.jartool jdk.javadoc jdk.jcmd jdk.management jdk.management.agent jdk.jconsole jdk.jdeps jdk.jdwp.agent jdk.jdi jdk.jfr jdk.jshell jdk.jsobject jdk.jstatd jdk.localedata jdk.management.jfr jdk.naming.dns jdk.naming.rmi jdk.net jdk.nio.mapmode jdk.random jdk.sctp jdk.security.auth jdk.security.jgss jdk.unsupported jdk.unsupported.desktop jdk.xml.dom" 

Environment Variables:
PATH=C:\Users\PCWORLD\AppData\Local\Programs\Microsoft VS Code;C:\Program Files\Common Files\Oracle\Java\javapath;C:\Windows\system32;C:\Windows;C:\Windows\System32\Wbem;C:\Windows\System32\WindowsPowerShell\v1.0\;C:\Windows\System32\OpenSSH\;C:\Program Files (x86)\Intel\Intel(R) Management Engine Components\DAL;C:\Program Files\Intel\Intel(R) Management Engine Components\DAL;C:\Program Files\Git\cmd;C:\Program Files\nodejs\;C:\ProgramData\chocolatey\bin;C:\Users\PCWORLD\Downloads\platform-tools-latest-windows\platform-tools;;C:\Program Files\Docker\Docker\resources\bin;E:\program_files\cursor\resources\app\bin;C:\Users\PCWORLD\AppData\Local\Programs\Python\Python313\Scripts\;C:\Users\PCWORLD\AppData\Local\Programs\Python\Python313\;C:\Users\PCWORLD\AppData\Local\Programs\Python\Launcher\;C:\Users\PCWORLD\AppData\Local\Microsoft\WindowsApps;C:\Users\PCWORLD\AppData\Local\Programs\Microsoft VS Code\bin;C:\Users\PCWORLD\AppData\Roaming\npm;E:\program_files\Antigravity\bin
USERNAME=PCWORLD
OS=Windows_NT
PROCESSOR_IDENTIFIER=Intel64 Family 6 Model 142 Stepping 10, GenuineIntel
TMP=C:\Users\PCWORLD\AppData\Local\Temp
TEMP=C:\Users\PCWORLD\AppData\Local\Temp




Periodic native trim disabled

---------------  S Y S T E M  ---------------

OS:
 Windows 11 , 64 bit Build 22000 (10.0.22000.2538)
OS uptime: 0 days 7:24 hours
Hyper-V role detected

CPU: total 8 (initial active 8) (4 cores per cpu, 2 threads per core) family 6 model 142 stepping 10 microcode 0xe0, cx8, cmov, fxsr, ht, mmx, 3dnowpref, sse, sse2, sse3, ssse3, sse4.1, sse4.2, popcnt, lzcnt, tsc, tscinvbit, avx, avx2, aes, erms, clmul, bmi1, bmi2, rtm, adx, fma, vzeroupper, clflush, clflushopt, hv, rdtscp, f16c
Processor Information for the first 8 processors :
  Max Mhz: 2112, Current Mhz: 1910, Mhz Limit: 1900

Memory: 4k page, system-wide physical 8071M (351M free)
TotalPageFile size 30836M (AvailPageFile size 0M)
current process WorkingSet (physical memory assigned to process): 11M, peak: 282M
current process commit charge ("private bytes"): 329M, peak: 356M

vm_info: OpenJDK 64-Bit Server VM (21.0.10+7-LTS) for windows-amd64 JRE (21.0.10+7-LTS), built on 2026-01-20T00:00:00Z by "admin" with MS VC++ 17.12 (VS2022)

END.
