#
# There is insufficient memory for the Java Runtime Environment to continue.
# Native memory allocation (malloc) failed to allocate 1048576 bytes. Error detail: AllocateHeap
# Possible reasons:
#   The system is out of physical RAM or swap space
#   This process is running with CompressedOops enabled, and the Java Heap may be blocking the growth of the native heap
# Possible solutions:
#   Reduce memory load on the system
#   Increase physical memory or swap space
#   Check if swap backing store is full
#   Decrease Java heap size (-Xmx/-Xms)
#   Decrease number of Java threads
#   Decrease Java thread stack sizes (-Xss)
#   Set larger code cache with -XX:ReservedCodeCacheSize=
#   JVM is running with Unscaled Compressed Oops mode in which the Java heap is
#     placed in the first 4GB address space. The Java Heap base address is the
#     maximum limit for the native heap growth. Please use -XX:HeapBaseMinAddress
#     to set the Java Heap base and to place the Java Heap above 4GB virtual address.
# This output file may be truncated or incomplete.
#
#  Out of Memory Error (allocation.cpp:44), pid=9808, tid=3204
#
# JRE version: OpenJDK Runtime Environment Temurin-21.0.10+7 (21.0.10+7) (build 21.0.10+7-LTS)
# Java VM: OpenJDK 64-Bit Server VM Temurin-21.0.10+7 (21.0.10+7-LTS, mixed mode, sharing, tiered, compressed oops, compressed class ptrs, parallel gc, windows-amd64)
# No core dump will be written. Minidumps are not enabled by default on client versions of Windows
#

---------------  S U M M A R Y ------------

Command Line: --add-modules=ALL-SYSTEM --add-opens=java.base/java.util=ALL-UNNAMED --add-opens=java.base/java.lang=ALL-UNNAMED --add-opens=java.base/sun.nio.fs=ALL-UNNAMED -Declipse.application=org.eclipse.jdt.ls.core.id1 -Dosgi.bundles.defaultStartLevel=4 -Declipse.product=org.eclipse.jdt.ls.core.product -Djava.import.generatesMetadataFilesAtProjectRoot=false -DDetectVMInstallationsJob.disabled=true -Dfile.encoding=utf8 -XX:+UseParallelGC -XX:GCTimeRatio=4 -XX:AdaptiveSizePolicyWeight=90 -Dsun.zip.disableMemoryMapping=true -Xmx2G -Xms100m -Xlog:disable -javaagent:c:\Users\PCWORLD\.vscode\extensions\redhat.java-1.53.0-win32-x64\lombok\lombok-1.18.39-4050.jar -XX:+HeapDumpOnOutOfMemoryError -XX:HeapDumpPath=c:\Users\PCWORLD\AppData\Roaming\Code\User\workspaceStorage\e7c664c26b48f43b94250642b376e7ba\redhat.java -Daether.dependencyCollector.impl=bf c:\Users\PCWORLD\.vscode\extensions\redhat.java-1.53.0-win32-x64\server\plugins\org.eclipse.equinox.launcher_1.7.100.v20251111-0406.jar -configuration c:\Users\PCWORLD\AppData\Roaming\Code\User\globalStorage\redhat.java\1.53.0\config_win -data c:\Users\PCWORLD\AppData\Roaming\Code\User\workspaceStorage\e7c664c26b48f43b94250642b376e7ba\redhat.java\jdt_ws --pipe=\\.\pipe\lsp-8273920b89a36b6eb55f1d8d01cf82b9-sock

Host: Intel(R) Core(TM) i7-8650U CPU @ 1.90GHz, 8 cores, 7G,  Windows 11 , 64 bit Build 22000 (10.0.22000.2538)
Time: Fri Apr 10 22:26:21 2026 Sri Lanka Standard Time elapsed time: 16015.250260 seconds (0d 4h 26m 55s)

---------------  T H R E A D  ---------------

Current thread (0x000001ba33353530):  JavaThread "Attach Listener" daemon [_thread_in_vm, id=3204, stack(0x0000004677b00000,0x0000004677c00000) (1024K)]

Stack: [0x0000004677b00000,0x0000004677c00000]
Native frames: (J=compiled Java code, j=interpreted, Vv=VM code, C=native code)
V  [jvm.dll+0x6d7a39]
V  [jvm.dll+0x8b4b26]
V  [jvm.dll+0x8b70de]
V  [jvm.dll+0x8b77c3]
V  [jvm.dll+0x284346]
V  [jvm.dll+0xc1277]
V  [jvm.dll+0x6d82e9]
V  [jvm.dll+0x1334a6]
V  [jvm.dll+0x3f857e]
V  [jvm.dll+0x85f59d]
V  [jvm.dll+0x6d626d]
C  [ucrtbase.dll+0x26c0c]
C  [KERNEL32.DLL+0x153e0]
C  [ntdll.dll+0x485b]


---------------  P R O C E S S  ---------------

Threads class SMR info:
_java_thread_list=0x000001ba7d5e2270, length=41, elements={
0x000001ba1c8dfb80, 0x000001ba3334d470, 0x000001ba3334e6f0, 0x000001ba33352590,
0x000001ba33353530, 0x000001ba33355b80, 0x000001ba333565e0, 0x000001ba333577e0,
0x000001ba3335df20, 0x000001ba7a203860, 0x000001ba7a312c10, 0x000001ba7a510760,
0x000001ba7a8925c0, 0x000001ba7a870fb0, 0x000001ba7a9cba60, 0x000001ba7a9376b0,
0x000001ba7b001610, 0x000001ba7b236d70, 0x000001ba7b239b60, 0x000001ba7b23a1f0,
0x000001ba7b3067f0, 0x000001ba7b309c70, 0x000001ba7b308f50, 0x000001ba7b307ba0,
0x000001ba7b3095e0, 0x000001ba7b307510, 0x000001ba7b306e80, 0x000001ba7cc3dd50,
0x000001ba7cc411d0, 0x000001ba7cc3fe20, 0x000001ba7cc3ea70, 0x000001ba7cc41860,
0x000001ba7cc42580, 0x000001ba7b0ea8e0, 0x000001ba7b0e7460, 0x000001ba7b0e9530,
0x000001ba7cc3d6c0, 0x000001ba7b0e6740, 0x000001ba7b308230, 0x000001ba7b0e4670,
0x000001ba7d7b4e70
}

Java Threads: ( => current thread )
  0x000001ba1c8dfb80 JavaThread "main"                              [_thread_blocked, id=6976, stack(0x0000004677400000,0x0000004677500000) (1024K)]
  0x000001ba3334d470 JavaThread "Reference Handler"          daemon [_thread_blocked, id=11668, stack(0x0000004677800000,0x0000004677900000) (1024K)]
  0x000001ba3334e6f0 JavaThread "Finalizer"                  daemon [_thread_blocked, id=18992, stack(0x0000004677900000,0x0000004677a00000) (1024K)]
  0x000001ba33352590 JavaThread "Signal Dispatcher"          daemon [_thread_blocked, id=15960, stack(0x0000004677a00000,0x0000004677b00000) (1024K)]
=>0x000001ba33353530 JavaThread "Attach Listener"            daemon [_thread_in_vm, id=3204, stack(0x0000004677b00000,0x0000004677c00000) (1024K)]
  0x000001ba33355b80 JavaThread "Service Thread"             daemon [_thread_blocked, id=11392, stack(0x0000004677c00000,0x0000004677d00000) (1024K)]
  0x000001ba333565e0 JavaThread "Monitor Deflation Thread"   daemon [_thread_blocked, id=18140, stack(0x0000004677d00000,0x0000004677e00000) (1024K)]
  0x000001ba333577e0 JavaThread "C2 CompilerThread0"         daemon [_thread_blocked, id=18892, stack(0x0000004677e00000,0x0000004677f00000) (1024K)]
  0x000001ba3335df20 JavaThread "C1 CompilerThread0"         daemon [_thread_blocked, id=2400, stack(0x0000004677f00000,0x0000004678000000) (1024K)]
  0x000001ba7a203860 JavaThread "Common-Cleaner"             daemon [_thread_blocked, id=3748, stack(0x0000004678000000,0x0000004678100000) (1024K)]
  0x000001ba7a312c10 JavaThread "Notification Thread"        daemon [_thread_blocked, id=17752, stack(0x0000004678100000,0x0000004678200000) (1024K)]
  0x000001ba7a510760 JavaThread "Active Thread: Equinox Container: 745dab6d-1ef5-484b-a313-11b2a7196c25"        [_thread_blocked, id=15936, stack(0x0000004678800000,0x0000004678900000) (1024K)]
  0x000001ba7a8925c0 JavaThread "Refresh Thread: Equinox Container: 745dab6d-1ef5-484b-a313-11b2a7196c25" daemon [_thread_blocked, id=19828, stack(0x0000004678a00000,0x0000004678b00000) (1024K)]
  0x000001ba7a870fb0 JavaThread "Framework Event Dispatcher: Equinox Container: 745dab6d-1ef5-484b-a313-11b2a7196c25" daemon [_thread_blocked, id=1512, stack(0x0000004678b00000,0x0000004678c00000) (1024K)]
  0x000001ba7a9cba60 JavaThread "Start Level: Equinox Container: 745dab6d-1ef5-484b-a313-11b2a7196c25" daemon [_thread_blocked, id=10544, stack(0x0000004678c00000,0x0000004678d00000) (1024K)]
  0x000001ba7a9376b0 JavaThread "Bundle File Closer"         daemon [_thread_blocked, id=11644, stack(0x0000004678d00000,0x0000004678e00000) (1024K)]
  0x000001ba7b001610 JavaThread "SCR Component Actor"        daemon [_thread_blocked, id=20576, stack(0x0000004678e00000,0x0000004678f00000) (1024K)]
  0x000001ba7b236d70 JavaThread "Worker-JM"                         [_thread_blocked, id=20876, stack(0x0000004678f00000,0x0000004679000000) (1024K)]
  0x000001ba7b239b60 JavaThread "JNA Cleaner"                daemon [_thread_blocked, id=21464, stack(0x0000004679000000,0x0000004679100000) (1024K)]
  0x000001ba7b23a1f0 JavaThread "Java indexing"              daemon [_thread_blocked, id=20908, stack(0x0000004679400000,0x0000004679500000) (1024K)]
  0x000001ba7b3067f0 JavaThread "Thread-1"                   daemon [_thread_in_native, id=21204, stack(0x0000004679900000,0x0000004679a00000) (1024K)]
  0x000001ba7b309c70 JavaThread "Thread-2"                   daemon [_thread_in_native, id=21228, stack(0x0000004679a00000,0x0000004679b00000) (1024K)]
  0x000001ba7b308f50 JavaThread "Thread-3"                   daemon [_thread_in_native, id=21380, stack(0x0000004679b00000,0x0000004679c00000) (1024K)]
  0x000001ba7b307ba0 JavaThread "Thread-4"                   daemon [_thread_in_native, id=21392, stack(0x0000004679c00000,0x0000004679d00000) (1024K)]
  0x000001ba7b3095e0 JavaThread "Thread-5"                   daemon [_thread_in_native, id=20900, stack(0x0000004679d00000,0x0000004679e00000) (1024K)]
  0x000001ba7b307510 JavaThread "Thread-6"                   daemon [_thread_in_native, id=20812, stack(0x0000004679e00000,0x0000004679f00000) (1024K)]
  0x000001ba7b306e80 JavaThread "Thread-7"                   daemon [_thread_in_native, id=20836, stack(0x0000004679f00000,0x000000467a000000) (1024K)]
  0x000001ba7cc3dd50 JavaThread "Thread-8"                   daemon [_thread_in_native, id=21428, stack(0x000000467a000000,0x000000467a100000) (1024K)]
  0x000001ba7cc411d0 JavaThread "Thread-9"                   daemon [_thread_in_native, id=21404, stack(0x000000467a100000,0x000000467a200000) (1024K)]
  0x000001ba7cc3fe20 JavaThread "pool-2-thread-1"                   [_thread_blocked, id=21444, stack(0x000000467a200000,0x000000467a300000) (1024K)]
  0x000001ba7cc3ea70 JavaThread "WorkspaceEventsHandler"            [_thread_blocked, id=20928, stack(0x000000467a300000,0x000000467a400000) (1024K)]
  0x000001ba7cc41860 JavaThread "pool-1-thread-1"                   [_thread_blocked, id=20980, stack(0x000000467a400000,0x000000467a500000) (1024K)]
  0x000001ba7cc42580 JavaThread "Cleaner-0"                  daemon [_thread_blocked, id=21156, stack(0x000000467ac00000,0x000000467ad00000) (1024K)]
  0x000001ba7b0ea8e0 JavaThread "Java Debug Server"          daemon [_thread_in_native, id=23024, stack(0x000000467bd00000,0x000000467be00000) (1024K)]
  0x000001ba7b0e7460 JavaThread "RxSchedulerPurge-1"         daemon [_thread_blocked, id=20832, stack(0x000000467bf00000,0x000000467c000000) (1024K)]
  0x000001ba7b0e9530 JavaThread "RxCachedWorkerPoolEvictor-1" daemon [_thread_blocked, id=22992, stack(0x000000467c000000,0x000000467c100000) (1024K)]
  0x000001ba7cc3d6c0 JavaThread "Worker-7"                          [_thread_blocked, id=10336, stack(0x000000467a500000,0x000000467a600000) (1024K)]
  0x000001ba7b0e6740 JavaThread "pool-5-thread-2"                   [_thread_in_native, id=24240, stack(0x000000467ad00000,0x000000467ae00000) (1024K)]
  0x000001ba7b308230 JavaThread "process reaper (pid 8252)"  daemon [_thread_in_native, id=1052, stack(0x0000004676da0000,0x0000004676dc0000) (128K)]
  0x000001ba7b0e4670 JavaThread "Worker-9"                          [_thread_blocked, id=17848, stack(0x0000004679700000,0x0000004679800000) (1024K)]
  0x000001ba7d7b4e70 JavaThread "RxNewThreadScheduler-6"     daemon [_thread_blocked, id=8832, stack(0x0000004677300000,0x0000004677400000) (1024K)]
Total: 41

Other Threads:
  0x000001ba33342610 VMThread "VM Thread"                           [id=19744, stack(0x0000004677700000,0x0000004677800000) (1024K)]
  0x000001ba3327ca10 WatcherThread "VM Periodic Task Thread"        [id=15436, stack(0x0000004677600000,0x0000004677700000) (1024K)]
  0x000001ba1c8fcee0 WorkerThread "GC Thread#0"                     [id=3708, stack(0x0000004677500000,0x0000004677600000) (1024K)]
  0x000001ba7a2ec200 WorkerThread "GC Thread#1"                     [id=13988, stack(0x0000004678200000,0x0000004678300000) (1024K)]
  0x000001ba7a2ed0c0 WorkerThread "GC Thread#2"                     [id=15932, stack(0x0000004678300000,0x0000004678400000) (1024K)]
  0x000001ba7a2ebaa0 WorkerThread "GC Thread#3"                     [id=6232, stack(0x0000004678400000,0x0000004678500000) (1024K)]
  0x000001ba7a2ebe50 WorkerThread "GC Thread#4"                     [id=1268, stack(0x0000004678500000,0x0000004678600000) (1024K)]
  0x000001ba7a2ec5b0 WorkerThread "GC Thread#5"                     [id=9516, stack(0x0000004678600000,0x0000004678700000) (1024K)]
  0x000001ba7a2ec960 WorkerThread "GC Thread#6"                     [id=11348, stack(0x0000004678700000,0x0000004678800000) (1024K)]
  0x000001ba7a4f99b0 WorkerThread "GC Thread#7"                     [id=16292, stack(0x0000004678900000,0x0000004678a00000) (1024K)]
Total: 10

Threads with active compile tasks:
Total: 0

VM state: not at safepoint (normal execution)

VM Mutex/Monitor currently owned by a thread: None

Heap address: 0x0000000080000000, size: 2048 MB, Compressed Oops mode: 32-bit

CDS archive(s) mapped at: [0x000001ba34000000-0x000001ba34ba0000-0x000001ba34ba0000), size 12189696, SharedBaseAddress: 0x000001ba34000000, ArchiveRelocationMode: 1.
Compressed class space mapped at: 0x000001ba35000000-0x000001ba75000000, reserved size: 1073741824
Narrow klass base: 0x000001ba34000000, Narrow klass shift: 0, Narrow klass range: 0x100000000

GC Precious Log:
 CardTable entry size: 512
 CPUs: 8 total, 8 available
 Memory: 8071M
 Large Page Support: Disabled
 NUMA Support: Disabled
 Compressed Oops: Enabled (32-bit)
 Alignments: Space 512K, Generation 512K, Heap 2M
 Heap Min Capacity: 100M
 Heap Initial Capacity: 100M
 Heap Max Capacity: 2G
 Pre-touch: Disabled
 Parallel Workers: 8

Heap:
 PSYoungGen      total 6144K, used 2474K [0x00000000d5580000, 0x00000000d5d80000, 0x0000000100000000)
  eden space 5120K, 34% used [0x00000000d5580000,0x00000000d5735788,0x00000000d5a80000)
  from space 1024K, 70% used [0x00000000d5b80000,0x00000000d5c35220,0x00000000d5c80000)
  to   space 1024K, 0% used [0x00000000d5a80000,0x00000000d5a80000,0x00000000d5b80000)
 ParOldGen       total 638976K, used 638580K [0x0000000080000000, 0x00000000a7000000, 0x00000000d5580000)
  object space 638976K, 99% used [0x0000000080000000,0x00000000a6f9d1a0,0x00000000a7000000)
 Metaspace       used 96661K, committed 98432K, reserved 1179648K
  class space    used 9804K, committed 10624K, reserved 1048576K

Card table byte_map: [0x000001ba1c2c0000,0x000001ba1c6d0000] _byte_map_base: 0x000001ba1bec0000

Marking Bits: (ParMarkBitMap*) 0x00007ffe8db13450
 Begin Bits: [0x000001ba2eda0000, 0x000001ba30da0000)
 End Bits:   [0x000001ba30da0000, 0x000001ba32da0000)

Polling page: 0x000001ba1c0b0000

Metaspace:

Usage:
  Non-class:     84.82 MB used.
      Class:      9.57 MB used.
       Both:     94.40 MB used.

Virtual space:
  Non-class space:      128.00 MB reserved,      85.75 MB ( 67%) committed,  2 nodes.
      Class space:        1.00 GB reserved,      10.38 MB (  1%) committed,  1 nodes.
             Both:        1.12 GB reserved,      96.12 MB (  8%) committed. 

Chunk freelists:
   Non-Class:  9.70 MB
       Class:  5.53 MB
        Both:  15.23 MB

MaxMetaspaceSize: unlimited
CompressedClassSpaceSize: 1.00 GB
Initial GC threshold: 21.00 MB
Current GC threshold: 159.69 MB
CDS: on
 - commit_granule_bytes: 65536.
 - commit_granule_words: 8192.
 - virtual_space_node_default_size: 8388608.
 - enlarge_chunks_in_place: 1.
 - use_allocation_guard: 0.


Internal statistics:

num_allocs_failed_limit: 9.
num_arena_births: 2170.
num_arena_deaths: 684.
num_vsnodes_births: 3.
num_vsnodes_deaths: 0.
num_space_committed: 1538.
num_space_uncommitted: 0.
num_chunks_returned_to_freelist: 859.
num_chunks_taken_from_freelist: 7330.
num_chunk_merges: 252.
num_chunk_splits: 4108.
num_chunks_enlarged: 2181.
num_inconsistent_stats: 0.

CodeHeap 'non-profiled nmethods': size=120000Kb used=18020Kb max_used=21196Kb free=101979Kb
 bounds [0x000001ba275c0000, 0x000001ba28a80000, 0x000001ba2eaf0000]
CodeHeap 'profiled nmethods': size=120000Kb used=30288Kb max_used=49081Kb free=89711Kb
 bounds [0x000001ba1faf0000, 0x000001ba22ae0000, 0x000001ba27020000]
CodeHeap 'non-nmethods': size=5760Kb used=1543Kb max_used=1657Kb free=4216Kb
 bounds [0x000001ba27020000, 0x000001ba27290000, 0x000001ba275c0000]
CodeCache: size=245760Kb, used=49851Kb, max_used=71934Kb, free=195906Kb
 total_blobs=14526, nmethods=13665, adapters=761, full_count=0
Compilation: enabled, stopped_count=0, restarted_count=0

Compilation events (20 events):
Event: 14789.286 Thread 0x000001ba333577e0 26942       4       org.eclipse.jdt.internal.compiler.parser.Parser::consumeMethodDeclaration (271 bytes)
Event: 14789.373 Thread 0x000001ba333577e0 nmethod 26942 0x000001ba27793110 code [0x000001ba277932e0, 0x000001ba277939a0]
Event: 14789.907 Thread 0x000001ba333577e0 26943       4       java.util.Optional::get (22 bytes)
Event: 14789.913 Thread 0x000001ba333577e0 nmethod 26943 0x000001ba27789590 code [0x000001ba27789720, 0x000001ba277897c8]
Event: 14790.549 Thread 0x000001ba333577e0 26944       4       org.eclipse.jdt.internal.compiler.parser.TypeConverter::decodeType3 (599 bytes)
Event: 14790.746 Thread 0x000001ba333577e0 nmethod 26944 0x000001ba28191c10 code [0x000001ba28191e20, 0x000001ba281926b0]
Event: 14790.948 Thread 0x000001ba333577e0 26946       4       java.lang.String::concat (15 bytes)
Event: 14790.948 Thread 0x000001ba3335df20 26945       3       java.util.concurrent.ForkJoinTask::casAux (13 bytes)
Event: 14790.952 Thread 0x000001ba3335df20 nmethod 26945 0x000001ba200d9410 code [0x000001ba200d95a0, 0x000001ba200d96e0]
Event: 14791.126 Thread 0x000001ba333577e0 nmethod 26946 0x000001ba276a4e10 code [0x000001ba276a5040, 0x000001ba276a5d48]
Event: 14791.150 Thread 0x000001ba333577e0 26947       4       org.eclipse.jdt.internal.compiler.ASTVisitor::endVisit (1 bytes)
Event: 14791.151 Thread 0x000001ba333577e0 nmethod 26947 0x000001ba2778a190 code [0x000001ba2778a320, 0x000001ba2778a3a8]
Event: 14791.363 Thread 0x000001ba3335df20 26948       3       org.eclipse.text.edits.TextEdit::childDocumentUpdated (1 bytes)
Event: 14791.363 Thread 0x000001ba3335df20 nmethod 26948 0x000001ba202b8810 code [0x000001ba202b89a0, 0x000001ba202b8aa8]
Event: 15309.432 Thread 0x000001ba333577e0 26949   !   4       sun.nio.cs.StreamDecoder::forInputStreamReader (24 bytes)
Event: 15309.574 Thread 0x000001ba333577e0 nmethod 26949 0x000001ba2793d910 code [0x000001ba2793db80, 0x000001ba2793e778]
Event: 15493.945 Thread 0x000001ba3335df20 26950       3       io.reactivex.internal.schedulers.IoScheduler$CachedWorkerPool::run (5 bytes)
Event: 15493.965 Thread 0x000001ba3335df20 nmethod 26950 0x000001ba20124b90 code [0x000001ba20124d40, 0x000001ba20124e78]
Event: 15493.965 Thread 0x000001ba3335df20 26951       3       io.reactivex.internal.schedulers.IoScheduler$CachedWorkerPool::evictExpiredWorkers (79 bytes)
Event: 15493.997 Thread 0x000001ba3335df20 nmethod 26951 0x000001ba1fedf590 code [0x000001ba1fedf820, 0x000001ba1fee0348]

GC Heap History (20 events):
Event: 14790.877 GC heap before
{Heap before GC invocations=3274 (full 8):
 PSYoungGen      total 2560K, used 2272K [0x00000000d5580000, 0x00000000d5980000, 0x0000000100000000)
  eden space 1536K, 100% used [0x00000000d5580000,0x00000000d5700000,0x00000000d5700000)
  from space 1024K, 71% used [0x00000000d5880000,0x00000000d5938000,0x00000000d5980000)
  to   space 1024K, 0% used [0x00000000d5780000,0x00000000d5780000,0x00000000d5880000)
 ParOldGen       total 628736K, used 628553K [0x0000000080000000, 0x00000000a6600000, 0x00000000d5580000)
  object space 628736K, 99% used [0x0000000080000000,0x00000000a65d2570,0x00000000a6600000)
 Metaspace       used 96656K, committed 98432K, reserved 1179648K
  class space    used 9804K, committed 10624K, reserved 1048576K
}
Event: 14790.881 GC heap after
{Heap after GC invocations=3274 (full 8):
 PSYoungGen      total 3072K, used 1024K [0x00000000d5580000, 0x00000000d5b80000, 0x0000000100000000)
  eden space 2048K, 0% used [0x00000000d5580000,0x00000000d5580000,0x00000000d5780000)
  from space 1024K, 100% used [0x00000000d5780000,0x00000000d5880000,0x00000000d5880000)
  to   space 2048K, 0% used [0x00000000d5980000,0x00000000d5980000,0x00000000d5b80000)
 ParOldGen       total 629248K, used 629233K [0x0000000080000000, 0x00000000a6680000, 0x00000000d5580000)
  object space 629248K, 99% used [0x0000000080000000,0x00000000a667c570,0x00000000a6680000)
 Metaspace       used 96656K, committed 98432K, reserved 1179648K
  class space    used 9804K, committed 10624K, reserved 1048576K
}
Event: 14790.897 GC heap before
{Heap before GC invocations=3275 (full 8):
 PSYoungGen      total 3072K, used 3072K [0x00000000d5580000, 0x00000000d5b80000, 0x0000000100000000)
  eden space 2048K, 100% used [0x00000000d5580000,0x00000000d5780000,0x00000000d5780000)
  from space 1024K, 100% used [0x00000000d5780000,0x00000000d5880000,0x00000000d5880000)
  to   space 2048K, 0% used [0x00000000d5980000,0x00000000d5980000,0x00000000d5b80000)
 ParOldGen       total 629248K, used 629233K [0x0000000080000000, 0x00000000a6680000, 0x00000000d5580000)
  object space 629248K, 99% used [0x0000000080000000,0x00000000a667c570,0x00000000a6680000)
 Metaspace       used 96656K, committed 98432K, reserved 1179648K
  class space    used 9804K, committed 10624K, reserved 1048576K
}
Event: 14790.902 GC heap after
{Heap after GC invocations=3275 (full 8):
 PSYoungGen      total 3584K, used 1984K [0x00000000d5580000, 0x00000000d5d00000, 0x0000000100000000)
  eden space 1536K, 0% used [0x00000000d5580000,0x00000000d5580000,0x00000000d5700000)
  from space 2048K, 96% used [0x00000000d5980000,0x00000000d5b70000,0x00000000d5b80000)
  to   space 2560K, 0% used [0x00000000d5700000,0x00000000d5700000,0x00000000d5980000)
 ParOldGen       total 630272K, used 630241K [0x0000000080000000, 0x00000000a6780000, 0x00000000d5580000)
  object space 630272K, 99% used [0x0000000080000000,0x00000000a6778570,0x00000000a6780000)
 Metaspace       used 96656K, committed 98432K, reserved 1179648K
  class space    used 9804K, committed 10624K, reserved 1048576K
}
Event: 14790.912 GC heap before
{Heap before GC invocations=3276 (full 8):
 PSYoungGen      total 3584K, used 3520K [0x00000000d5580000, 0x00000000d5d00000, 0x0000000100000000)
  eden space 1536K, 100% used [0x00000000d5580000,0x00000000d5700000,0x00000000d5700000)
  from space 2048K, 96% used [0x00000000d5980000,0x00000000d5b70000,0x00000000d5b80000)
  to   space 2560K, 0% used [0x00000000d5700000,0x00000000d5700000,0x00000000d5980000)
 ParOldGen       total 630272K, used 630241K [0x0000000080000000, 0x00000000a6780000, 0x00000000d5580000)
  object space 630272K, 99% used [0x0000000080000000,0x00000000a6778570,0x00000000a6780000)
 Metaspace       used 96656K, committed 98432K, reserved 1179648K
  class space    used 9804K, committed 10624K, reserved 1048576K
}
Event: 14790.919 GC heap after
{Heap after GC invocations=3276 (full 8):
 PSYoungGen      total 4096K, used 1600K [0x00000000d5580000, 0x00000000d5b80000, 0x0000000100000000)
  eden space 1536K, 0% used [0x00000000d5580000,0x00000000d5580000,0x00000000d5700000)
  from space 2560K, 62% used [0x00000000d5700000,0x00000000d5890000,0x00000000d5980000)
  to   space 2048K, 0% used [0x00000000d5980000,0x00000000d5980000,0x00000000d5b80000)
 ParOldGen       total 632320K, used 632182K [0x0000000080000000, 0x00000000a6980000, 0x00000000d5580000)
  object space 632320K, 99% used [0x0000000080000000,0x00000000a695db40,0x00000000a6980000)
 Metaspace       used 96656K, committed 98432K, reserved 1179648K
  class space    used 9804K, committed 10624K, reserved 1048576K
}
Event: 14790.928 GC heap before
{Heap before GC invocations=3277 (full 8):
 PSYoungGen      total 4096K, used 3136K [0x00000000d5580000, 0x00000000d5b80000, 0x0000000100000000)
  eden space 1536K, 100% used [0x00000000d5580000,0x00000000d5700000,0x00000000d5700000)
  from space 2560K, 62% used [0x00000000d5700000,0x00000000d5890000,0x00000000d5980000)
  to   space 2048K, 0% used [0x00000000d5980000,0x00000000d5980000,0x00000000d5b80000)
 ParOldGen       total 632320K, used 632182K [0x0000000080000000, 0x00000000a6980000, 0x00000000d5580000)
  object space 632320K, 99% used [0x0000000080000000,0x00000000a695db40,0x00000000a6980000)
 Metaspace       used 96656K, committed 98432K, reserved 1179648K
  class space    used 9804K, committed 10624K, reserved 1048576K
}
Event: 14790.937 GC heap after
{Heap after GC invocations=3277 (full 8):
 PSYoungGen      total 4096K, used 1632K [0x00000000d5580000, 0x00000000d5b80000, 0x0000000100000000)
  eden space 2048K, 0% used [0x00000000d5580000,0x00000000d5580000,0x00000000d5780000)
  from space 2048K, 79% used [0x00000000d5980000,0x00000000d5b18000,0x00000000d5b80000)
  to   space 2048K, 0% used [0x00000000d5780000,0x00000000d5780000,0x00000000d5980000)
 ParOldGen       total 633856K, used 633726K [0x0000000080000000, 0x00000000a6b00000, 0x00000000d5580000)
  object space 633856K, 99% used [0x0000000080000000,0x00000000a6adfb40,0x00000000a6b00000)
 Metaspace       used 96656K, committed 98432K, reserved 1179648K
  class space    used 9804K, committed 10624K, reserved 1048576K
}
Event: 14791.003 GC heap before
{Heap before GC invocations=3278 (full 8):
 PSYoungGen      total 4096K, used 3680K [0x00000000d5580000, 0x00000000d5b80000, 0x0000000100000000)
  eden space 2048K, 100% used [0x00000000d5580000,0x00000000d5780000,0x00000000d5780000)
  from space 2048K, 79% used [0x00000000d5980000,0x00000000d5b18000,0x00000000d5b80000)
  to   space 2048K, 0% used [0x00000000d5780000,0x00000000d5780000,0x00000000d5980000)
 ParOldGen       total 633856K, used 633726K [0x0000000080000000, 0x00000000a6b00000, 0x00000000d5580000)
  object space 633856K, 99% used [0x0000000080000000,0x00000000a6adfb40,0x00000000a6b00000)
 Metaspace       used 96656K, committed 98432K, reserved 1179648K
  class space    used 9804K, committed 10624K, reserved 1048576K
}
Event: 14791.011 GC heap after
{Heap after GC invocations=3278 (full 8):
 PSYoungGen      total 4096K, used 2025K [0x00000000d5580000, 0x00000000d6000000, 0x0000000100000000)
  eden space 2048K, 0% used [0x00000000d5580000,0x00000000d5580000,0x00000000d5780000)
  from space 2048K, 98% used [0x00000000d5780000,0x00000000d597a400,0x00000000d5980000)
  to   space 4096K, 0% used [0x00000000d5c00000,0x00000000d5c00000,0x00000000d6000000)
 ParOldGen       total 635392K, used 635270K [0x0000000080000000, 0x00000000a6c80000, 0x00000000d5580000)
  object space 635392K, 99% used [0x0000000080000000,0x00000000a6c61b40,0x00000000a6c80000)
 Metaspace       used 96656K, committed 98432K, reserved 1179648K
  class space    used 9804K, committed 10624K, reserved 1048576K
}
Event: 14791.020 GC heap before
{Heap before GC invocations=3279 (full 8):
 PSYoungGen      total 4096K, used 4073K [0x00000000d5580000, 0x00000000d6000000, 0x0000000100000000)
  eden space 2048K, 100% used [0x00000000d5580000,0x00000000d5780000,0x00000000d5780000)
  from space 2048K, 98% used [0x00000000d5780000,0x00000000d597a400,0x00000000d5980000)
  to   space 4096K, 0% used [0x00000000d5c00000,0x00000000d5c00000,0x00000000d6000000)
 ParOldGen       total 635392K, used 635270K [0x0000000080000000, 0x00000000a6c80000, 0x00000000d5580000)
  object space 635392K, 99% used [0x0000000080000000,0x00000000a6c61b40,0x00000000a6c80000)
 Metaspace       used 96656K, committed 98432K, reserved 1179648K
  class space    used 9804K, committed 10624K, reserved 1048576K
}
Event: 14791.027 GC heap after
{Heap after GC invocations=3279 (full 8):
 PSYoungGen      total 3072K, used 448K [0x00000000d5580000, 0x00000000d5c80000, 0x0000000100000000)
  eden space 2560K, 0% used [0x00000000d5580000,0x00000000d5580000,0x00000000d5800000)
  from space 512K, 87% used [0x00000000d5c00000,0x00000000d5c70000,0x00000000d5c80000)
  to   space 2048K, 0% used [0x00000000d5880000,0x00000000d5880000,0x00000000d5a80000)
 ParOldGen       total 637440K, used 637215K [0x0000000080000000, 0x00000000a6e80000, 0x00000000d5580000)
  object space 637440K, 99% used [0x0000000080000000,0x00000000a6e47f40,0x00000000a6e80000)
 Metaspace       used 96656K, committed 98432K, reserved 1179648K
  class space    used 9804K, committed 10624K, reserved 1048576K
}
Event: 14791.037 GC heap before
{Heap before GC invocations=3280 (full 8):
 PSYoungGen      total 3072K, used 3008K [0x00000000d5580000, 0x00000000d5c80000, 0x0000000100000000)
  eden space 2560K, 100% used [0x00000000d5580000,0x00000000d5800000,0x00000000d5800000)
  from space 512K, 87% used [0x00000000d5c00000,0x00000000d5c70000,0x00000000d5c80000)
  to   space 2048K, 0% used [0x00000000d5880000,0x00000000d5880000,0x00000000d5a80000)
 ParOldGen       total 637440K, used 637215K [0x0000000080000000, 0x00000000a6e80000, 0x00000000d5580000)
  object space 637440K, 99% used [0x0000000080000000,0x00000000a6e47f40,0x00000000a6e80000)
 Metaspace       used 96656K, committed 98432K, reserved 1179648K
  class space    used 9804K, committed 10624K, reserved 1048576K
}
Event: 14791.041 GC heap after
{Heap after GC invocations=3280 (full 8):
 PSYoungGen      total 5120K, used 384K [0x00000000d5580000, 0x00000000d5c80000, 0x0000000100000000)
  eden space 3072K, 0% used [0x00000000d5580000,0x00000000d5580000,0x00000000d5880000)
  from space 2048K, 18% used [0x00000000d5880000,0x00000000d58e0000,0x00000000d5a80000)
  to   space 1024K, 0% used [0x00000000d5b80000,0x00000000d5b80000,0x00000000d5c80000)
 ParOldGen       total 637952K, used 637623K [0x0000000080000000, 0x00000000a6f00000, 0x00000000d5580000)
  object space 637952K, 99% used [0x0000000080000000,0x00000000a6eadf40,0x00000000a6f00000)
 Metaspace       used 96656K, committed 98432K, reserved 1179648K
  class space    used 9804K, committed 10624K, reserved 1048576K
}
Event: 14791.096 GC heap before
{Heap before GC invocations=3281 (full 8):
 PSYoungGen      total 5120K, used 3455K [0x00000000d5580000, 0x00000000d5c80000, 0x0000000100000000)
  eden space 3072K, 99% used [0x00000000d5580000,0x00000000d587fff0,0x00000000d5880000)
  from space 2048K, 18% used [0x00000000d5880000,0x00000000d58e0000,0x00000000d5a80000)
  to   space 1024K, 0% used [0x00000000d5b80000,0x00000000d5b80000,0x00000000d5c80000)
 ParOldGen       total 637952K, used 637623K [0x0000000080000000, 0x00000000a6f00000, 0x00000000d5580000)
  object space 637952K, 99% used [0x0000000080000000,0x00000000a6eadf40,0x00000000a6f00000)
 Metaspace       used 96656K, committed 98432K, reserved 1179648K
  class space    used 9804K, committed 10624K, reserved 1048576K
}
Event: 14791.119 GC heap after
{Heap after GC invocations=3281 (full 8):
 PSYoungGen      total 4608K, used 448K [0x00000000d5580000, 0x00000000d5c00000, 0x0000000100000000)
  eden space 4096K, 0% used [0x00000000d5580000,0x00000000d5580000,0x00000000d5980000)
  from space 512K, 87% used [0x00000000d5b80000,0x00000000d5bf0000,0x00000000d5c00000)
  to   space 512K, 0% used [0x00000000d5b00000,0x00000000d5b00000,0x00000000d5b80000)
 ParOldGen       total 637952K, used 637871K [0x0000000080000000, 0x00000000a6f00000, 0x00000000d5580000)
  object space 637952K, 99% used [0x0000000080000000,0x00000000a6eebf40,0x00000000a6f00000)
 Metaspace       used 96656K, committed 98432K, reserved 1179648K
  class space    used 9804K, committed 10624K, reserved 1048576K
}
Event: 14791.347 GC heap before
{Heap before GC invocations=3282 (full 8):
 PSYoungGen      total 4608K, used 4537K [0x00000000d5580000, 0x00000000d5c00000, 0x0000000100000000)
  eden space 4096K, 99% used [0x00000000d5580000,0x00000000d597e690,0x00000000d5980000)
  from space 512K, 87% used [0x00000000d5b80000,0x00000000d5bf0000,0x00000000d5c00000)
  to   space 512K, 0% used [0x00000000d5b00000,0x00000000d5b00000,0x00000000d5b80000)
 ParOldGen       total 637952K, used 637871K [0x0000000080000000, 0x00000000a6f00000, 0x00000000d5580000)
  object space 637952K, 99% used [0x0000000080000000,0x00000000a6eebf40,0x00000000a6f00000)
 Metaspace       used 96656K, committed 98432K, reserved 1179648K
  class space    used 9804K, committed 10624K, reserved 1048576K
}
Event: 14791.361 GC heap after
{Heap after GC invocations=3282 (full 8):
 PSYoungGen      total 5632K, used 512K [0x00000000d5580000, 0x00000000d5c80000, 0x0000000100000000)
  eden space 5120K, 0% used [0x00000000d5580000,0x00000000d5580000,0x00000000d5a80000)
  from space 512K, 100% used [0x00000000d5b00000,0x00000000d5b80000,0x00000000d5b80000)
  to   space 1024K, 0% used [0x00000000d5b80000,0x00000000d5b80000,0x00000000d5c80000)
 ParOldGen       total 638464K, used 638228K [0x0000000080000000, 0x00000000a6f80000, 0x00000000d5580000)
  object space 638464K, 99% used [0x0000000080000000,0x00000000a6f45160,0x00000000a6f80000)
 Metaspace       used 96656K, committed 98432K, reserved 1179648K
  class space    used 9804K, committed 10624K, reserved 1048576K
}
Event: 14791.379 GC heap before
{Heap before GC invocations=3283 (full 8):
 PSYoungGen      total 5632K, used 5632K [0x00000000d5580000, 0x00000000d5c80000, 0x0000000100000000)
  eden space 5120K, 100% used [0x00000000d5580000,0x00000000d5a80000,0x00000000d5a80000)
  from space 512K, 100% used [0x00000000d5b00000,0x00000000d5b80000,0x00000000d5b80000)
  to   space 1024K, 0% used [0x00000000d5b80000,0x00000000d5b80000,0x00000000d5c80000)
 ParOldGen       total 638464K, used 638228K [0x0000000080000000, 0x00000000a6f80000, 0x00000000d5580000)
  object space 638464K, 99% used [0x0000000080000000,0x00000000a6f45160,0x00000000a6f80000)
 Metaspace       used 96656K, committed 98432K, reserved 1179648K
  class space    used 9804K, committed 10624K, reserved 1048576K
}
Event: 14791.385 GC heap after
{Heap after GC invocations=3283 (full 8):
 PSYoungGen      total 6144K, used 724K [0x00000000d5580000, 0x00000000d5d80000, 0x0000000100000000)
  eden space 5120K, 0% used [0x00000000d5580000,0x00000000d5580000,0x00000000d5a80000)
  from space 1024K, 70% used [0x00000000d5b80000,0x00000000d5c35220,0x00000000d5c80000)
  to   space 1024K, 0% used [0x00000000d5a80000,0x00000000d5a80000,0x00000000d5b80000)
 ParOldGen       total 638976K, used 638580K [0x0000000080000000, 0x00000000a7000000, 0x00000000d5580000)
  object space 638976K, 99% used [0x0000000080000000,0x00000000a6f9d1a0,0x00000000a7000000)
 Metaspace       used 96656K, committed 98432K, reserved 1179648K
  class space    used 9804K, committed 10624K, reserved 1048576K
}

Dll operation events (12 events):
Event: 0.017 Loaded shared library c:\Users\PCWORLD\.vscode\extensions\redhat.java-1.53.0-win32-x64\jre\21.0.10-win32-x86_64\bin\java.dll
Event: 0.148 Loaded shared library c:\Users\PCWORLD\.vscode\extensions\redhat.java-1.53.0-win32-x64\jre\21.0.10-win32-x86_64\bin\zip.dll
Event: 0.190 Loaded shared library C:\Users\PCWORLD\.vscode\extensions\redhat.java-1.53.0-win32-x64\jre\21.0.10-win32-x86_64\bin\instrument.dll
Event: 0.199 Loaded shared library C:\Users\PCWORLD\.vscode\extensions\redhat.java-1.53.0-win32-x64\jre\21.0.10-win32-x86_64\bin\net.dll
Event: 0.203 Loaded shared library C:\Users\PCWORLD\.vscode\extensions\redhat.java-1.53.0-win32-x64\jre\21.0.10-win32-x86_64\bin\nio.dll
Event: 0.209 Loaded shared library C:\Users\PCWORLD\.vscode\extensions\redhat.java-1.53.0-win32-x64\jre\21.0.10-win32-x86_64\bin\zip.dll
Event: 0.240 Loaded shared library C:\Users\PCWORLD\.vscode\extensions\redhat.java-1.53.0-win32-x64\jre\21.0.10-win32-x86_64\bin\jimage.dll
Event: 0.369 Loaded shared library c:\Users\PCWORLD\.vscode\extensions\redhat.java-1.53.0-win32-x64\jre\21.0.10-win32-x86_64\bin\verify.dll
Event: 2.675 Loaded shared library C:\Users\PCWORLD\AppData\Roaming\Code\User\globalStorage\redhat.java\1.53.0\config_win\org.eclipse.equinox.launcher\org.eclipse.equinox.launcher.win32.win32.x86_64_1.3.0.v20260203-2149\eclipse_11919.dll
Event: 9.876 Loaded shared library C:\Users\PCWORLD\AppData\Local\Temp\jna--13215393\jna4384847395072797919.dll
Event: 130.503 Loaded shared library C:\Users\PCWORLD\.vscode\extensions\redhat.java-1.53.0-win32-x64\jre\21.0.10-win32-x86_64\bin\extnet.dll
Event: 8038.146 Loaded shared library C:\Users\PCWORLD\.vscode\extensions\redhat.java-1.53.0-win32-x64\jre\21.0.10-win32-x86_64\bin\sunmscapi.dll

Deoptimization events (20 events):
Event: 10298.983 Thread 0x000001ba7b0e7af0 DEOPT PACKING pc=0x000001ba27e25f68 sp=0x000000467a6fe8e0
Event: 10298.983 Thread 0x000001ba7b0e7af0 DEOPT UNPACKING pc=0x000001ba27073aa2 sp=0x000000467a6fe898 mode 2
Event: 11117.514 Thread 0x000001ba7d7b5500 Uncommon trap: trap_request=0xffffffde fr.pc=0x000001ba27e25f68 relative=0x0000000000000788
Event: 11117.515 Thread 0x000001ba7d7b5500 Uncommon trap: reason=class_check action=maybe_recompile pc=0x000001ba27e25f68 method=java.util.Spliterators$1Adapter.hasNext()Z @ 12 c2
Event: 11117.515 Thread 0x000001ba7d7b5500 DEOPT PACKING pc=0x000001ba27e25f68 sp=0x00000046771fe270
Event: 11117.516 Thread 0x000001ba7d7b5500 DEOPT UNPACKING pc=0x000001ba27073aa2 sp=0x00000046771fe228 mode 2
Event: 11121.235 Thread 0x000001ba7b0e6740 Uncommon trap: trap_request=0xfffffff4 fr.pc=0x000001ba27b5d724 relative=0x0000000000001024
Event: 11121.236 Thread 0x000001ba7b0e6740 Uncommon trap: reason=null_check action=make_not_entrant pc=0x000001ba27b5d724 method=org.eclipse.jdt.internal.compiler.util.CharDeduplication.getThreadLocalInstance()Lorg/eclipse/jdt/internal/compiler/util/CharDeduplication; @ 12 c2
Event: 11121.236 Thread 0x000001ba7b0e6740 DEOPT PACKING pc=0x000001ba27b5d724 sp=0x000000467adfef20
Event: 11121.237 Thread 0x000001ba7b0e6740 DEOPT UNPACKING pc=0x000001ba27073aa2 sp=0x000000467adfee68 mode 2
Event: 11123.549 Thread 0x000001ba7d7b1360 Uncommon trap: trap_request=0xffffffde fr.pc=0x000001ba27610fd0 relative=0x0000000000000210
Event: 11123.549 Thread 0x000001ba7d7b1360 Uncommon trap: reason=class_check action=maybe_recompile pc=0x000001ba27610fd0 method=java.util.stream.IntPipeline$1$1.accept(I)V @ 12 c2
Event: 11123.549 Thread 0x000001ba7d7b1360 DEOPT PACKING pc=0x000001ba27610fd0 sp=0x00000046792fea90
Event: 11123.549 Thread 0x000001ba7d7b1360 DEOPT UNPACKING pc=0x000001ba27073aa2 sp=0x00000046792fea20 mode 2
Event: 13795.437 Thread 0x000001ba7d7ae570 Uncommon trap: trap_request=0xffffff45 fr.pc=0x000001ba27f7ded8 relative=0x00000000000018d8
Event: 13795.442 Thread 0x000001ba7d7ae570 Uncommon trap: reason=unstable_if action=reinterpret pc=0x000001ba27f7ded8 method=lombok.core.configuration.FileSystemSourceCache.cacheClear()V @ 16 c2
Event: 13795.443 Thread 0x000001ba7d7ae570 DEOPT PACKING pc=0x000001ba27f7ded8 sp=0x00000046772fe560
Event: 13795.452 Thread 0x000001ba7d7ae570 DEOPT UNPACKING pc=0x000001ba27073aa2 sp=0x00000046772fe410 mode 2
Event: 13923.619 Thread 0x000001ba7d7b1360 DEOPT PACKING pc=0x000001ba215058c5 sp=0x00000046795fe410
Event: 13923.620 Thread 0x000001ba7d7b1360 DEOPT UNPACKING pc=0x000001ba27074242 sp=0x00000046795fd980 mode 0

Classes loaded (20 events):
Event: 10182.166 Loading class jdk/internal/module/IllegalAccessLogger
Event: 10182.166 Loading class jdk/internal/module/IllegalAccessLogger done
Event: 10184.123 Loading class jdk/internal/module/IllegalAccessLogger
Event: 10184.123 Loading class jdk/internal/module/IllegalAccessLogger done
Event: 10195.301 Loading class jdk/internal/module/IllegalAccessLogger
Event: 10195.301 Loading class jdk/internal/module/IllegalAccessLogger done
Event: 10197.339 Loading class jdk/internal/module/IllegalAccessLogger
Event: 10197.339 Loading class jdk/internal/module/IllegalAccessLogger done
Event: 10207.818 Loading class jdk/internal/module/IllegalAccessLogger
Event: 10207.818 Loading class jdk/internal/module/IllegalAccessLogger done
Event: 10210.556 Loading class jdk/internal/module/IllegalAccessLogger
Event: 10210.556 Loading class jdk/internal/module/IllegalAccessLogger done
Event: 10237.098 Loading class jdk/internal/module/IllegalAccessLogger
Event: 10237.098 Loading class jdk/internal/module/IllegalAccessLogger done
Event: 10250.761 Loading class jdk/internal/module/IllegalAccessLogger
Event: 10250.762 Loading class jdk/internal/module/IllegalAccessLogger done
Event: 10253.526 Loading class jdk/internal/module/IllegalAccessLogger
Event: 10253.526 Loading class jdk/internal/module/IllegalAccessLogger done
Event: 10256.067 Loading class jdk/internal/module/IllegalAccessLogger
Event: 10256.067 Loading class jdk/internal/module/IllegalAccessLogger done

Classes unloaded (20 events):
Event: 10166.634 Thread 0x000001ba33342610 Unloading class 0x000001ba35a38000 'jdk/internal/reflect/GeneratedSerializationConstructorAccessor50'
Event: 10166.634 Thread 0x000001ba33342610 Unloading class 0x000001ba35a37c00 'jdk/internal/reflect/GeneratedSerializationConstructorAccessor49'
Event: 10166.634 Thread 0x000001ba33342610 Unloading class 0x000001ba35a37800 'jdk/internal/reflect/GeneratedSerializationConstructorAccessor48'
Event: 10166.634 Thread 0x000001ba33342610 Unloading class 0x000001ba35a37400 'jdk/internal/reflect/GeneratedSerializationConstructorAccessor47'
Event: 10166.634 Thread 0x000001ba33342610 Unloading class 0x000001ba35a37000 'jdk/internal/reflect/GeneratedSerializationConstructorAccessor46'
Event: 10166.634 Thread 0x000001ba33342610 Unloading class 0x000001ba35a36c00 'jdk/internal/reflect/GeneratedSerializationConstructorAccessor45'
Event: 10166.634 Thread 0x000001ba33342610 Unloading class 0x000001ba35a36800 'java/lang/invoke/LambdaForm$MH+0x000001ba35a36800'
Event: 10166.634 Thread 0x000001ba33342610 Unloading class 0x000001ba35a36400 'java/lang/invoke/LambdaForm$MH+0x000001ba35a36400'
Event: 10166.634 Thread 0x000001ba33342610 Unloading class 0x000001ba35a36000 'jdk/internal/reflect/GeneratedSerializationConstructorAccessor44'
Event: 10166.635 Thread 0x000001ba33342610 Unloading class 0x000001ba35a35c00 'jdk/internal/reflect/GeneratedSerializationConstructorAccessor43'
Event: 10166.635 Thread 0x000001ba33342610 Unloading class 0x000001ba35a35800 'jdk/internal/reflect/GeneratedSerializationConstructorAccessor42'
Event: 10166.635 Thread 0x000001ba33342610 Unloading class 0x000001ba35a35400 'jdk/internal/reflect/GeneratedSerializationConstructorAccessor41'
Event: 10166.635 Thread 0x000001ba33342610 Unloading class 0x000001ba35a35000 'jdk/internal/reflect/GeneratedSerializationConstructorAccessor40'
Event: 10166.635 Thread 0x000001ba33342610 Unloading class 0x000001ba35a34c00 'jdk/internal/reflect/GeneratedSerializationConstructorAccessor39'
Event: 10166.635 Thread 0x000001ba33342610 Unloading class 0x000001ba35a34800 'jdk/internal/reflect/GeneratedSerializationConstructorAccessor38'
Event: 10166.635 Thread 0x000001ba33342610 Unloading class 0x000001ba35a34400 'jdk/internal/reflect/GeneratedSerializationConstructorAccessor37'
Event: 10166.635 Thread 0x000001ba33342610 Unloading class 0x000001ba35a34000 'jdk/internal/reflect/GeneratedSerializationConstructorAccessor36'
Event: 10166.635 Thread 0x000001ba33342610 Unloading class 0x000001ba35a33c00 'jdk/internal/reflect/GeneratedSerializationConstructorAccessor35'
Event: 10166.635 Thread 0x000001ba33342610 Unloading class 0x000001ba35a33800 'jdk/internal/reflect/GeneratedSerializationConstructorAccessor34'
Event: 10166.635 Thread 0x000001ba33342610 Unloading class 0x000001ba35a33400 'jdk/internal/reflect/GeneratedSerializationConstructorAccessor33'

Classes redefined (0 events):
No events

Internal exceptions (20 events):
Event: 11117.661 Thread 0x000001ba7d7b5500 Exception <a 'sun/nio/fs/WindowsException'{0x00000000d5b685e8}> (0x00000000d5b685e8) 
thrown [s\src\hotspot\share\prims\jni.cpp, line 520]
Event: 11117.661 Thread 0x000001ba7d7b5500 Exception <a 'sun/nio/fs/WindowsException'{0x00000000d5b69920}> (0x00000000d5b69920) 
thrown [s\src\hotspot\share\prims\jni.cpp, line 520]
Event: 11117.661 Thread 0x000001ba7d7b5500 Exception <a 'sun/nio/fs/WindowsException'{0x00000000d5b6a188}> (0x00000000d5b6a188) 
thrown [s\src\hotspot\share\prims\jni.cpp, line 520]
Event: 11117.954 Thread 0x000001ba7d7b5500 Exception <a 'sun/nio/fs/WindowsException'{0x00000000d5b8c200}> (0x00000000d5b8c200) 
thrown [s\src\hotspot\share\prims\jni.cpp, line 520]
Event: 11117.954 Thread 0x000001ba7d7b5500 Exception <a 'sun/nio/fs/WindowsException'{0x00000000d5b8cd18}> (0x00000000d5b8cd18) 
thrown [s\src\hotspot\share\prims\jni.cpp, line 520]
Event: 11117.955 Thread 0x000001ba7d7b5500 Exception <a 'sun/nio/fs/WindowsException'{0x00000000d5b8e038}> (0x00000000d5b8e038) 
thrown [s\src\hotspot\share\prims\jni.cpp, line 520]
Event: 11117.955 Thread 0x000001ba7d7b5500 Exception <a 'sun/nio/fs/WindowsException'{0x00000000d5b8ebb8}> (0x00000000d5b8ebb8) 
thrown [s\src\hotspot\share\prims\jni.cpp, line 520]
Event: 11117.955 Thread 0x000001ba7d7b5500 Exception <a 'sun/nio/fs/WindowsException'{0x00000000d5b8fef0}> (0x00000000d5b8fef0) 
thrown [s\src\hotspot\share\prims\jni.cpp, line 520]
Event: 11117.956 Thread 0x000001ba7d7b5500 Exception <a 'sun/nio/fs/WindowsException'{0x00000000d5b90a08}> (0x00000000d5b90a08) 
thrown [s\src\hotspot\share\prims\jni.cpp, line 520]
Event: 11117.958 Thread 0x000001ba7d7b5500 Exception <a 'sun/nio/fs/WindowsException'{0x00000000d5b91c88}> (0x00000000d5b91c88) 
thrown [s\src\hotspot\share\prims\jni.cpp, line 520]
Event: 11117.962 Thread 0x000001ba7d7b5500 Exception <a 'sun/nio/fs/WindowsException'{0x00000000d5b927a0}> (0x00000000d5b927a0) 
thrown [s\src\hotspot\share\prims\jni.cpp, line 520]
Event: 11117.963 Thread 0x000001ba7d7b5500 Exception <a 'sun/nio/fs/WindowsException'{0x00000000d5b93ac0}> (0x00000000d5b93ac0) 
thrown [s\src\hotspot\share\prims\jni.cpp, line 520]
Event: 11117.963 Thread 0x000001ba7d7b5500 Exception <a 'sun/nio/fs/WindowsException'{0x00000000d5b94388}> (0x00000000d5b94388) 
thrown [s\src\hotspot\share\prims\jni.cpp, line 520]
Event: 11120.612 Thread 0x000001ba7d7b5500 Exception <a 'sun/nio/fs/WindowsException'{0x00000000d5aae158}> (0x00000000d5aae158) 
thrown [s\src\hotspot\share\prims\jni.cpp, line 520]
Event: 11120.612 Thread 0x000001ba7d7b5500 Exception <a 'sun/nio/fs/WindowsException'{0x00000000d5aaec70}> (0x00000000d5aaec70) 
thrown [s\src\hotspot\share\prims\jni.cpp, line 520]
Event: 11120.613 Thread 0x000001ba7d7b5500 Exception <a 'sun/nio/fs/WindowsException'{0x00000000d5aaff90}> (0x00000000d5aaff90) 
thrown [s\src\hotspot\share\prims\jni.cpp, line 520]
Event: 11120.613 Thread 0x000001ba7d7b5500 Exception <a 'sun/nio/fs/WindowsException'{0x00000000d5ab0858}> (0x00000000d5ab0858) 
thrown [s\src\hotspot\share\prims\jni.cpp, line 520]
Event: 11121.235 Thread 0x000001ba7b0e6740 Implicit null exception at 0x000001ba27b5cdd1 to 0x000001ba27b5d718
Event: 11121.283 Thread 0x000001ba7d7b4e70 Exception <a 'sun/nio/fs/WindowsException'{0x00000000d5be3290}> (0x00000000d5be3290) 
thrown [s\src\hotspot\share\prims\jni.cpp, line 520]
Event: 11121.284 Thread 0x000001ba7d7b4e70 Exception <a 'sun/nio/fs/WindowsException'{0x00000000d5be3d88}> (0x00000000d5be3d88) 
thrown [s\src\hotspot\share\prims\jni.cpp, line 520]

ZGC Phase Switch (0 events):
No events

VM Operations (20 events):
Event: 14853.671 Executing non-safepoint VM operation: HandshakeAllThreads (HandshakeForDeflation)
Event: 14853.674 Executing non-safepoint VM operation: HandshakeAllThreads (HandshakeForDeflation) done
Event: 14853.674 Executing non-safepoint VM operation: RendezvousGCThreads
Event: 14853.674 Executing non-safepoint VM operation: RendezvousGCThreads done
Event: 15274.565 Executing non-safepoint VM operation: HandshakeAllThreads (HandshakeForDeflation)
Event: 15274.570 Executing non-safepoint VM operation: HandshakeAllThreads (HandshakeForDeflation) done
Event: 15274.570 Executing non-safepoint VM operation: RendezvousGCThreads
Event: 15274.570 Executing non-safepoint VM operation: RendezvousGCThreads done
Event: 15635.469 Executing non-safepoint VM operation: HandshakeAllThreads (HandshakeForDeflation)
Event: 15635.472 Executing non-safepoint VM operation: HandshakeAllThreads (HandshakeForDeflation) done
Event: 15635.473 Executing non-safepoint VM operation: RendezvousGCThreads
Event: 15635.473 Executing non-safepoint VM operation: RendezvousGCThreads done
Event: 15936.147 Executing non-safepoint VM operation: HandshakeAllThreads (HandshakeForDeflation)
Event: 15936.162 Executing non-safepoint VM operation: HandshakeAllThreads (HandshakeForDeflation) done
Event: 15936.163 Executing non-safepoint VM operation: RendezvousGCThreads
Event: 15936.163 Executing non-safepoint VM operation: RendezvousGCThreads done
Event: 15996.280 Executing non-safepoint VM operation: HandshakeAllThreads (HandshakeForDeflation)
Event: 15996.286 Executing non-safepoint VM operation: HandshakeAllThreads (HandshakeForDeflation) done
Event: 15996.287 Executing non-safepoint VM operation: RendezvousGCThreads
Event: 15996.287 Executing non-safepoint VM operation: RendezvousGCThreads done

Memory protections (0 events):
No events

Nmethod flushes (20 events):
Event: 10236.888 Thread 0x000001ba33342610 flushing  nmethod 0x000001ba229ce190
Event: 10236.888 Thread 0x000001ba33342610 flushing  nmethod 0x000001ba229d5910
Event: 10236.888 Thread 0x000001ba33342610 flushing  nmethod 0x000001ba229f7110
Event: 10236.888 Thread 0x000001ba33342610 flushing  nmethod 0x000001ba229fa290
Event: 10236.888 Thread 0x000001ba33342610 flushing  nmethod 0x000001ba22a0a010
Event: 10236.888 Thread 0x000001ba33342610 flushing  nmethod 0x000001ba22a0b090
Event: 10236.888 Thread 0x000001ba33342610 flushing  nmethod 0x000001ba22a0c590
Event: 10236.888 Thread 0x000001ba33342610 flushing  nmethod 0x000001ba22a23110
Event: 10236.888 Thread 0x000001ba33342610 flushing  nmethod 0x000001ba22a29c90
Event: 10236.888 Thread 0x000001ba33342610 flushing  nmethod 0x000001ba22a31490
Event: 10236.889 Thread 0x000001ba33342610 flushing  nmethod 0x000001ba22a38510
Event: 10236.889 Thread 0x000001ba33342610 flushing  nmethod 0x000001ba22a40490
Event: 10236.889 Thread 0x000001ba33342610 flushing  nmethod 0x000001ba22a40990
Event: 10236.889 Thread 0x000001ba33342610 flushing  nmethod 0x000001ba22a4ca10
Event: 10236.889 Thread 0x000001ba33342610 flushing  nmethod 0x000001ba22a55c10
Event: 10236.889 Thread 0x000001ba33342610 flushing  nmethod 0x000001ba22a5c290
Event: 10236.889 Thread 0x000001ba33342610 flushing  nmethod 0x000001ba22a71390
Event: 10236.889 Thread 0x000001ba33342610 flushing  nmethod 0x000001ba22a84190
Event: 10236.889 Thread 0x000001ba33342610 flushing  nmethod 0x000001ba22aa2b90
Event: 10236.889 Thread 0x000001ba33342610 flushing  nmethod 0x000001ba22ac0310

Events (20 events):
Event: 14163.733 Thread 0x000001ba7d7b47e0 Thread exited: 0x000001ba7d7b47e0
Event: 14223.752 Thread 0x000001ba7d7b5500 Thread exited: 0x000001ba7d7b5500
Event: 14283.741 Thread 0x000001ba7d7b0cd0 Thread exited: 0x000001ba7d7b0cd0
Event: 14343.774 Thread 0x000001ba7d7ae570 Thread exited: 0x000001ba7d7ae570
Event: 14629.662 Thread 0x000001ba7cc41860 Thread added: 0x000001ba7d7b0cd0
Event: 14690.692 Thread 0x000001ba7d7b0cd0 Thread exited: 0x000001ba7d7b0cd0
Event: 14784.172 Thread 0x000001ba7cc41860 Thread added: 0x000001ba7d7b0cd0
Event: 14788.679 Thread 0x000001ba7cc41860 Thread added: 0x000001ba7d7b1360
Event: 14789.720 Thread 0x000001ba7d7b1360 Thread added: 0x000001ba7d7b2080
Event: 14790.190 Thread 0x000001ba7d7b2080 Thread added: 0x000001ba7d7b47e0
Event: 14790.199 Thread 0x000001ba7d7b47e0 Thread added: 0x000001ba7d7b5500
Event: 14790.976 Thread 0x000001ba7d7b5500 Thread added: 0x000001ba7d7ae570
Event: 14851.572 Thread 0x000001ba7d7b5500 Thread exited: 0x000001ba7d7b5500
Event: 14911.580 Thread 0x000001ba7d7ae570 Thread exited: 0x000001ba7d7ae570
Event: 14971.595 Thread 0x000001ba7d7b47e0 Thread exited: 0x000001ba7d7b47e0
Event: 15031.599 Thread 0x000001ba7d7b2080 Thread exited: 0x000001ba7d7b2080
Event: 15091.615 Thread 0x000001ba7d7b0cd0 Thread exited: 0x000001ba7d7b0cd0
Event: 15151.620 Thread 0x000001ba7d7b1360 Thread exited: 0x000001ba7d7b1360
Event: 15309.494 Thread 0x000001ba7cc41860 Thread added: 0x000001ba7d7b47e0
Event: 15369.774 Thread 0x000001ba7d7b47e0 Thread exited: 0x000001ba7d7b47e0


Dynamic libraries:
0x00007ff6a34a0000 - 0x00007ff6a34ae000 	c:\Users\PCWORLD\.vscode\extensions\redhat.java-1.53.0-win32-x64\jre\21.0.10-win32-x86_64\bin\java.exe
0x00007fff3b440000 - 0x00007fff3b649000 	C:\Windows\SYSTEM32\ntdll.dll
0x00007fff39ea0000 - 0x00007fff39f5d000 	C:\Windows\System32\KERNEL32.DLL
0x00007fff38b10000 - 0x00007fff38e94000 	C:\Windows\System32\KERNELBASE.dll
0x00007fff388d0000 - 0x00007fff389e1000 	C:\Windows\System32\ucrtbase.dll
0x00007fff2e5d0000 - 0x00007fff2e5e8000 	c:\Users\PCWORLD\.vscode\extensions\redhat.java-1.53.0-win32-x64\jre\21.0.10-win32-x86_64\bin\jli.dll
0x00007fff39300000 - 0x00007fff394ad000 	C:\Windows\System32\USER32.dll
0x00007fff39260000 - 0x00007fff39286000 	C:\Windows\System32\win32u.dll
0x00007fff3a110000 - 0x00007fff3a13a000 	C:\Windows\System32\GDI32.dll
0x00007fff389f0000 - 0x00007fff38b0e000 	C:\Windows\System32\gdi32full.dll
0x00007fff390d0000 - 0x00007fff3916d000 	C:\Windows\System32\msvcp_win.dll
0x00007fff24b00000 - 0x00007fff24b1e000 	c:\Users\PCWORLD\.vscode\extensions\redhat.java-1.53.0-win32-x64\jre\21.0.10-win32-x86_64\bin\VCRUNTIME140.dll
0x00007fff242d0000 - 0x00007fff24575000 	C:\Windows\WinSxS\amd64_microsoft.windows.common-controls_6595b64144ccf1df_6.0.22000.120_none_9d947278b86cc467\COMCTL32.dll
0x00007fff39600000 - 0x00007fff396a3000 	C:\Windows\System32\msvcrt.dll
0x00007fff3ae80000 - 0x00007fff3aeb1000 	C:\Windows\System32\IMM32.DLL
0x00007fff24af0000 - 0x00007fff24afc000 	c:\Users\PCWORLD\.vscode\extensions\redhat.java-1.53.0-win32-x64\jre\21.0.10-win32-x86_64\bin\vcruntime140_1.dll
0x00007ffef7eb0000 - 0x00007ffef7f3d000 	c:\Users\PCWORLD\.vscode\extensions\redhat.java-1.53.0-win32-x64\jre\21.0.10-win32-x86_64\bin\msvcp140.dll
0x00007ffe8ce50000 - 0x00007ffe8dbf1000 	c:\Users\PCWORLD\.vscode\extensions\redhat.java-1.53.0-win32-x64\jre\21.0.10-win32-x86_64\bin\server\jvm.dll
0x00007fff3b2d0000 - 0x00007fff3b37e000 	C:\Windows\System32\ADVAPI32.dll
0x00007fff39560000 - 0x00007fff395fe000 	C:\Windows\System32\sechost.dll
0x00007fff3ac70000 - 0x00007fff3ad91000 	C:\Windows\System32\RPCRT4.dll
0x00007fff3a0a0000 - 0x00007fff3a10f000 	C:\Windows\System32\WS2_32.dll
0x00007fff386f0000 - 0x00007fff3873d000 	C:\Windows\SYSTEM32\POWRPROF.dll
0x00007fff2f0a0000 - 0x00007fff2f0d3000 	C:\Windows\SYSTEM32\WINMM.dll
0x00007fff2ce50000 - 0x00007fff2ce5a000 	C:\Windows\SYSTEM32\VERSION.dll
0x00007fff385e0000 - 0x00007fff385f3000 	C:\Windows\SYSTEM32\UMPDC.dll
0x00007fff37900000 - 0x00007fff37918000 	C:\Windows\SYSTEM32\kernel.appcore.dll
0x00007fff001c0000 - 0x00007fff001ca000 	c:\Users\PCWORLD\.vscode\extensions\redhat.java-1.53.0-win32-x64\jre\21.0.10-win32-x86_64\bin\jimage.dll
0x00007fff35a60000 - 0x00007fff35c81000 	C:\Windows\SYSTEM32\DBGHELP.DLL
0x00007fff22310000 - 0x00007fff22341000 	C:\Windows\SYSTEM32\dbgcore.DLL
0x00007fff391e0000 - 0x00007fff3925f000 	C:\Windows\System32\bcryptPrimitives.dll
0x00007ffefd530000 - 0x00007ffefd53f000 	c:\Users\PCWORLD\.vscode\extensions\redhat.java-1.53.0-win32-x64\jre\21.0.10-win32-x86_64\bin\instrument.dll
0x00007ffef7e90000 - 0x00007ffef7eb0000 	c:\Users\PCWORLD\.vscode\extensions\redhat.java-1.53.0-win32-x64\jre\21.0.10-win32-x86_64\bin\java.dll
0x00007fff396d0000 - 0x00007fff39e95000 	C:\Windows\System32\SHELL32.dll
0x00007fff36960000 - 0x00007fff371c2000 	C:\Windows\SYSTEM32\windows.storage.dll
0x00007fff3a750000 - 0x00007fff3aac6000 	C:\Windows\System32\combase.dll
0x00007fff367f0000 - 0x00007fff36957000 	C:\Windows\SYSTEM32\wintypes.dll
0x00007fff3b160000 - 0x00007fff3b24a000 	C:\Windows\System32\SHCORE.dll
0x00007fff3b100000 - 0x00007fff3b15d000 	C:\Windows\System32\shlwapi.dll
0x00007fff38800000 - 0x00007fff38825000 	C:\Windows\SYSTEM32\profapi.dll
0x00007ffeebef0000 - 0x00007ffeebf08000 	c:\Users\PCWORLD\.vscode\extensions\redhat.java-1.53.0-win32-x64\jre\21.0.10-win32-x86_64\bin\zip.dll
0x00007ffefbb30000 - 0x00007ffefbb40000 	C:\Users\PCWORLD\.vscode\extensions\redhat.java-1.53.0-win32-x64\jre\21.0.10-win32-x86_64\bin\net.dll
0x00007fff2fc80000 - 0x00007fff2fd94000 	C:\Windows\SYSTEM32\WINHTTP.dll
0x00007fff37da0000 - 0x00007fff37e07000 	C:\Windows\system32\mswsock.dll
0x00007ffef7e70000 - 0x00007ffef7e86000 	C:\Users\PCWORLD\.vscode\extensions\redhat.java-1.53.0-win32-x64\jre\21.0.10-win32-x86_64\bin\nio.dll
0x00007ffef7fa0000 - 0x00007ffef7fb0000 	c:\Users\PCWORLD\.vscode\extensions\redhat.java-1.53.0-win32-x64\jre\21.0.10-win32-x86_64\bin\verify.dll
0x00007ffef7e20000 - 0x00007ffef7e65000 	C:\Users\PCWORLD\AppData\Roaming\Code\User\globalStorage\redhat.java\1.53.0\config_win\org.eclipse.equinox.launcher\org.eclipse.equinox.launcher.win32.win32.x86_64_1.3.0.v20260203-2149\eclipse_11919.dll
0x00007fff3aad0000 - 0x00007fff3ac6a000 	C:\Windows\System32\ole32.dll
0x00007fff38070000 - 0x00007fff38088000 	C:\Windows\SYSTEM32\CRYPTSP.dll
0x00007fff37860000 - 0x00007fff37895000 	C:\Windows\system32\rsaenh.dll
0x00007fff37e40000 - 0x00007fff37e6c000 	C:\Windows\SYSTEM32\USERENV.dll
0x00007fff38220000 - 0x00007fff38247000 	C:\Windows\SYSTEM32\bcrypt.dll
0x00007fff37f90000 - 0x00007fff37f9c000 	C:\Windows\SYSTEM32\CRYPTBASE.dll
0x00007fff37460000 - 0x00007fff3748d000 	C:\Windows\SYSTEM32\IPHLPAPI.DLL
0x00007fff3a230000 - 0x00007fff3a239000 	C:\Windows\System32\NSI.dll
0x00007fff24c90000 - 0x00007fff24cd9000 	C:\Users\PCWORLD\AppData\Local\Temp\jna--13215393\jna4384847395072797919.dll
0x00007fff3b3f0000 - 0x00007fff3b3f8000 	C:\Windows\System32\PSAPI.DLL
0x00007fff2fdf0000 - 0x00007fff2fe09000 	C:\Windows\SYSTEM32\dhcpcsvc6.DLL
0x00007fff30300000 - 0x00007fff3031e000 	C:\Windows\SYSTEM32\dhcpcsvc.DLL
0x00007fff248d0000 - 0x00007fff248d9000 	C:\Users\PCWORLD\.vscode\extensions\redhat.java-1.53.0-win32-x64\jre\21.0.10-win32-x86_64\bin\extnet.dll
0x00007fff248c0000 - 0x00007fff248ce000 	C:\Users\PCWORLD\.vscode\extensions\redhat.java-1.53.0-win32-x64\jre\21.0.10-win32-x86_64\bin\sunmscapi.dll
0x00007fff38f60000 - 0x00007fff390c2000 	C:\Windows\System32\CRYPT32.dll
0x00007fff381f0000 - 0x00007fff38218000 	C:\Windows\SYSTEM32\ncrypt.dll
0x00007fff381b0000 - 0x00007fff381e7000 	C:\Windows\SYSTEM32\NTASN1.dll
0x00007fff37490000 - 0x00007fff37577000 	C:\Windows\SYSTEM32\DNSAPI.dll
0x00007fff257a0000 - 0x00007fff257aa000 	C:\Windows\System32\rasadhlp.dll
0x00007fff2ceb0000 - 0x00007fff2cf31000 	C:\Windows\System32\fwpuclnt.dll

JVMTI agents:
c:\Users\PCWORLD\.vscode\extensions\redhat.java-1.53.0-win32-x64\lombok\lombok-1.18.39-4050.jar path:c:\Users\PCWORLD\.vscode\extensions\redhat.java-1.53.0-win32-x64\jre\21.0.10-win32-x86_64\bin\instrument.dll, loaded, initialized, instrumentlib options:none

dbghelp: loaded successfully - version: 4.0.5 - missing functions: none
symbol engine: initialized successfully - sym options: 0x614 - pdb path: .;c:\Users\PCWORLD\.vscode\extensions\redhat.java-1.53.0-win32-x64\jre\21.0.10-win32-x86_64\bin;C:\Windows\SYSTEM32;C:\Windows\WinSxS\amd64_microsoft.windows.common-controls_6595b64144ccf1df_6.0.22000.120_none_9d947278b86cc467;c:\Users\PCWORLD\.vscode\extensions\redhat.java-1.53.0-win32-x64\jre\21.0.10-win32-x86_64\bin\server;C:\Users\PCWORLD\AppData\Roaming\Code\User\globalStorage\redhat.java\1.53.0\config_win\org.eclipse.equinox.launcher\org.eclipse.equinox.launcher.win32.win32.x86_64_1.3.0.v20260203-2149;C:\Users\PCWORLD\AppData\Local\Temp\jna--13215393

VM Arguments:
jvm_args: --add-modules=ALL-SYSTEM --add-opens=java.base/java.util=ALL-UNNAMED --add-opens=java.base/java.lang=ALL-UNNAMED --add-opens=java.base/sun.nio.fs=ALL-UNNAMED -Declipse.application=org.eclipse.jdt.ls.core.id1 -Dosgi.bundles.defaultStartLevel=4 -Declipse.product=org.eclipse.jdt.ls.core.product -Djava.import.generatesMetadataFilesAtProjectRoot=false -DDetectVMInstallationsJob.disabled=true -Dfile.encoding=utf8 -XX:+UseParallelGC -XX:GCTimeRatio=4 -XX:AdaptiveSizePolicyWeight=90 -Dsun.zip.disableMemoryMapping=true -Xmx2G -Xms100m -Xlog:disable -javaagent:c:\Users\PCWORLD\.vscode\extensions\redhat.java-1.53.0-win32-x64\lombok\lombok-1.18.39-4050.jar -XX:+HeapDumpOnOutOfMemoryError -XX:HeapDumpPath=c:\Users\PCWORLD\AppData\Roaming\Code\User\workspaceStorage\e7c664c26b48f43b94250642b376e7ba\redhat.java -Daether.dependencyCollector.impl=bf 
java_command: c:\Users\PCWORLD\.vscode\extensions\redhat.java-1.53.0-win32-x64\server\plugins\org.eclipse.equinox.launcher_1.7.100.v20251111-0406.jar -configuration c:\Users\PCWORLD\AppData\Roaming\Code\User\globalStorage\redhat.java\1.53.0\config_win -data c:\Users\PCWORLD\AppData\Roaming\Code\User\workspaceStorage\e7c664c26b48f43b94250642b376e7ba\redhat.java\jdt_ws --pipe=\\.\pipe\lsp-8273920b89a36b6eb55f1d8d01cf82b9-sock
java_class_path (initial): c:\Users\PCWORLD\.vscode\extensions\redhat.java-1.53.0-win32-x64\server\plugins\org.eclipse.equinox.launcher_1.7.100.v20251111-0406.jar
Launcher Type: SUN_STANDARD

[Global flags]
    uintx AdaptiveSizePolicyWeight                 = 90                                        {product} {command line}
     intx CICompilerCount                          = 4                                         {product} {ergonomic}
    uintx GCTimeRatio                              = 4                                         {product} {command line}
     bool HeapDumpOnOutOfMemoryError               = true                                   {manageable} {command line}
    ccstr HeapDumpPath                             = c:\Users\PCWORLD\AppData\Roaming\Code\User\workspaceStorage\e7c664c26b48f43b94250642b376e7ba\redhat.java         {manageable} {command line}
   size_t InitialHeapSize                          = 104857600                                 {product} {command line}
   size_t MaxHeapSize                              = 2147483648                                {product} {command line}
   size_t MaxNewSize                               = 715653120                                 {product} {ergonomic}
   size_t MinHeapDeltaBytes                        = 524288                                    {product} {ergonomic}
   size_t MinHeapSize                              = 104857600                                 {product} {command line}
   size_t NewSize                                  = 34603008                                  {product} {ergonomic}
    uintx NonNMethodCodeHeapSize                   = 5839372                                {pd product} {ergonomic}
    uintx NonProfiledCodeHeapSize                  = 122909434                              {pd product} {ergonomic}
   size_t OldSize                                  = 70254592                                  {product} {ergonomic}
    uintx ProfiledCodeHeapSize                     = 122909434                              {pd product} {ergonomic}
    uintx ReservedCodeCacheSize                    = 251658240                              {pd product} {ergonomic}
     bool SegmentedCodeCache                       = true                                      {product} {ergonomic}
   size_t SoftMaxHeapSize                          = 2147483648                             {manageable} {ergonomic}
     bool UseCompressedOops                        = true                           {product lp64_product} {ergonomic}
     bool UseLargePagesIndividualAllocation        = false                                  {pd product} {ergonomic}
     bool UseParallelGC                            = true                                      {product} {command line}

Logging:
Log output configuration:
 #0: stdout all=off uptime,level,tags foldmultilines=false
 #1: stderr all=off uptime,level,tags foldmultilines=false

Release file:
JAVA_VERSION="21.0.10" 
MODULES="java.base java.compiler java.datatransfer java.xml java.prefs java.desktop java.instrument java.logging java.management java.security.sasl java.naming java.rmi java.management.rmi java.net.http java.scripting java.security.jgss java.transaction.xa java.sql java.sql.rowset java.xml.crypto java.se java.smartcardio jdk.accessibility jdk.internal.jvmstat jdk.attach jdk.charsets jdk.internal.opt jdk.zipfs jdk.compiler jdk.crypto.ec jdk.crypto.cryptoki jdk.crypto.mscapi jdk.dynalink jdk.internal.ed jdk.editpad jdk.hotspot.agent jdk.httpserver jdk.internal.le jdk.internal.vm.ci jdk.internal.vm.compiler jdk.internal.vm.compiler.management jdk.jartool jdk.javadoc jdk.jcmd jdk.management jdk.management.agent jdk.jconsole jdk.jdeps jdk.jdwp.agent jdk.jdi jdk.jfr jdk.jshell jdk.jsobject jdk.jstatd jdk.localedata jdk.management.jfr jdk.naming.dns jdk.naming.rmi jdk.net jdk.nio.mapmode jdk.random jdk.sctp jdk.security.auth jdk.security.jgss jdk.unsupported jdk.unsupported.desktop jdk.xml.dom" 

Environment Variables:
PATH=C:\Users\PCWORLD\AppData\Local\Programs\Microsoft VS Code;C:\Program Files\Common Files\Oracle\Java\javapath;C:\Windows\system32;C:\Windows;C:\Windows\System32\Wbem;C:\Windows\System32\WindowsPowerShell\v1.0\;C:\Windows\System32\OpenSSH\;C:\Program Files (x86)\Intel\Intel(R) Management Engine Components\DAL;C:\Program Files\Intel\Intel(R) Management Engine Components\DAL;C:\Program Files\Git\cmd;C:\Program Files\nodejs\;C:\ProgramData\chocolatey\bin;C:\Users\PCWORLD\Downloads\platform-tools-latest-windows\platform-tools;;C:\Program Files\Docker\Docker\resources\bin;E:\program_files\cursor\resources\app\bin;C:\Users\PCWORLD\AppData\Local\Programs\Python\Python313\Scripts\;C:\Users\PCWORLD\AppData\Local\Programs\Python\Python313\;C:\Users\PCWORLD\AppData\Local\Programs\Python\Launcher\;C:\Users\PCWORLD\AppData\Local\Microsoft\WindowsApps;C:\Users\PCWORLD\AppData\Local\Programs\Microsoft VS Code\bin;C:\Users\PCWORLD\AppData\Roaming\npm;E:\program_files\Antigravity\bin
USERNAME=PCWORLD
OS=Windows_NT
PROCESSOR_IDENTIFIER=Intel64 Family 6 Model 142 Stepping 10, GenuineIntel
TMP=C:\Users\PCWORLD\AppData\Local\Temp
TEMP=C:\Users\PCWORLD\AppData\Local\Temp




Periodic native trim disabled

---------------  S Y S T E M  ---------------

OS:
 Windows 11 , 64 bit Build 22000 (10.0.22000.2538)
OS uptime: 0 days 4:32 hours
Hyper-V role detected

CPU: total 8 (initial active 8) (4 cores per cpu, 2 threads per core) family 6 model 142 stepping 10 microcode 0xe0, cx8, cmov, fxsr, ht, mmx, 3dnowpref, sse, sse2, sse3, ssse3, sse4.1, sse4.2, popcnt, lzcnt, tsc, tscinvbit, avx, avx2, aes, erms, clmul, bmi1, bmi2, rtm, adx, fma, vzeroupper, clflush, clflushopt, hv, rdtscp, f16c
Processor Information for the first 8 processors :
  Max Mhz: 2112, Current Mhz: 1910, Mhz Limit: 1900

Memory: 4k page, system-wide physical 8071M (614M free)
TotalPageFile size 32647M (AvailPageFile size 94M)
current process WorkingSet (physical memory assigned to process): 8M, peak: 1199M
current process commit charge ("private bytes"): 996M, peak: 1768M

vm_info: OpenJDK 64-Bit Server VM (21.0.10+7-LTS) for windows-amd64 JRE (21.0.10+7-LTS), built on 2026-01-20T00:00:00Z by "admin" with MS VC++ 17.12 (VS2022)

END.
