#
# There is insufficient memory for the Java Runtime Environment to continue.
# Native memory allocation (malloc) failed to allocate 939376 bytes. Error detail: Chunk::new
# Possible reasons:
#   The system is out of physical RAM or swap space
#   This process is running with CompressedOops enabled, and the Java Heap may be blocking the growth of the native heap
# Possible solutions:
#   Reduce memory load on the system
#   Increase physical memory or swap space
#   Check if swap backing store is full
#   Decrease Java heap size (-Xmx/-Xms)
#   Decrease number of Java threads
#   Decrease Java thread stack sizes (-Xss)
#   Set larger code cache with -XX:ReservedCodeCacheSize=
#   JVM is running with Unscaled Compressed Oops mode in which the Java heap is
#     placed in the first 4GB address space. The Java Heap base address is the
#     maximum limit for the native heap growth. Please use -XX:HeapBaseMinAddress
#     to set the Java Heap base and to place the Java Heap above 4GB virtual address.
# This output file may be truncated or incomplete.
#
#  Out of Memory Error (arena.cpp:168), pid=4272, tid=22264
#
# JRE version: OpenJDK Runtime Environment Temurin-21.0.10+7 (21.0.10+7) (build 21.0.10+7-LTS)
# Java VM: OpenJDK 64-Bit Server VM Temurin-21.0.10+7 (21.0.10+7-LTS, mixed mode, sharing, tiered, compressed oops, compressed class ptrs, parallel gc, windows-amd64)
# No core dump will be written. Minidumps are not enabled by default on client versions of Windows
#

---------------  S U M M A R Y ------------

Command Line: --add-modules=ALL-SYSTEM --add-opens=java.base/java.util=ALL-UNNAMED --add-opens=java.base/java.lang=ALL-UNNAMED --add-opens=java.base/sun.nio.fs=ALL-UNNAMED -Declipse.application=org.eclipse.jdt.ls.core.id1 -Dosgi.bundles.defaultStartLevel=4 -Declipse.product=org.eclipse.jdt.ls.core.product -Djava.import.generatesMetadataFilesAtProjectRoot=false -DDetectVMInstallationsJob.disabled=true -Dfile.encoding=utf8 -XX:+UseParallelGC -XX:GCTimeRatio=4 -XX:AdaptiveSizePolicyWeight=90 -Dsun.zip.disableMemoryMapping=true -Xmx2G -Xms100m -Xlog:disable -javaagent:c:\Users\PCWORLD\.vscode\extensions\redhat.java-1.53.0-win32-x64\lombok\lombok-1.18.39-4050.jar c:\Users\PCWORLD\.vscode\extensions\redhat.java-1.53.0-win32-x64\server\plugins\org.eclipse.equinox.launcher_1.7.100.v20251111-0406.jar -configuration c:\Users\PCWORLD\AppData\Roaming\Code\User\globalStorage\redhat.java\1.53.0\config_ss_win -data c:\Users\PCWORLD\AppData\Roaming\Code\User\workspaceStorage\e7c664c26b48f43b94250642b376e7ba\redhat.java\ss_ws --pipe=\\.\pipe\lsp-4d6a00616b4e38b40fc19f572f77bb33-sock

Host: Intel(R) Core(TM) i7-8650U CPU @ 1.90GHz, 8 cores, 7G,  Windows 11 , 64 bit Build 22000 (10.0.22000.2538)
Time: Thu Apr  9 01:55:56 2026 Sri Lanka Standard Time elapsed time: 30.442714 seconds (0d 0h 0m 30s)

---------------  T H R E A D  ---------------

Current thread (0x000001c6f9ea0180):  JavaThread "C2 CompilerThread0" daemon [_thread_in_native, id=22264, stack(0x000000a4a3a00000,0x000000a4a3b00000) (1024K)]


Current CompileTask:
C2:30442 5278       4       org.eclipse.osgi.internal.loader.BundleLoader::addExportedProvidersFor (167 bytes)

Stack: [0x000000a4a3a00000,0x000000a4a3b00000]
Native frames: (J=compiled Java code, j=interpreted, Vv=VM code, C=native code)
V  [jvm.dll+0x6d7a39]
V  [jvm.dll+0x8b4b26]
V  [jvm.dll+0x8b70de]
V  [jvm.dll+0x8b77c3]
V  [jvm.dll+0x284346]
V  [jvm.dll+0xc66ed]
V  [jvm.dll+0xc6c31]
V  [jvm.dll+0x3bec01]
V  [jvm.dll+0x38b162]
V  [jvm.dll+0x38a5aa]
V  [jvm.dll+0x24c560]
V  [jvm.dll+0x24bb40]
V  [jvm.dll+0x1cb34e]
V  [jvm.dll+0x25b85d]
V  [jvm.dll+0x259dea]
V  [jvm.dll+0x3f857e]
V  [jvm.dll+0x85f59d]
V  [jvm.dll+0x6d626d]
C  [ucrtbase.dll+0x26c0c]
C  [KERNEL32.DLL+0x153e0]
C  [ntdll.dll+0x485b]


---------------  P R O C E S S  ---------------

Threads class SMR info:
_java_thread_list=0x000001c6c60c4d50, length=38, elements={
0x000001c6e341b360, 0x000001c6f9e8a1c0, 0x000001c6f9e8b930, 0x000001c6f9e8f6a0,
0x000001c6f9e90770, 0x000001c6f9e91de0, 0x000001c6f9e952e0, 0x000001c6f9ea0180,
0x000001c6f9ea0e80, 0x000001c6c5228aa0, 0x000001c6c532ddc0, 0x000001c6c581dfe0,
0x000001c6c5b37c70, 0x000001c6c5b382e0, 0x000001c6c5e4b590, 0x000001c6c5d4be60,
0x000001c6c5d4d8a0, 0x000001c6c5d4b140, 0x000001c6c5d4a420, 0x000001c6c6ef7730,
0x000001c6c6ef6380, 0x000001c6c6ef3c20, 0x000001c6c6ef2f00, 0x000001c6c6ef5cf0,
0x000001c6c6ef5660, 0x000001c6c6ef1b50, 0x000001c6c6ef2870, 0x000001c6c6ef3590,
0x000001c6c6ef42b0, 0x000001c6c6ef21e0, 0x000001c6c6ef4940, 0x000001c6c6ef6a10,
0x000001c6c6ef70a0, 0x000001c6c6ef4fd0, 0x000001c6c6ef7dc0, 0x000001c6c6ef0e30,
0x000001c6c6ef8450, 0x000001c6c6ef14c0
}

Java Threads: ( => current thread )
  0x000001c6e341b360 JavaThread "main"                              [_thread_blocked, id=15836, stack(0x000000a4a3000000,0x000000a4a3100000) (1024K)]
  0x000001c6f9e8a1c0 JavaThread "Reference Handler"          daemon [_thread_blocked, id=19064, stack(0x000000a4a3400000,0x000000a4a3500000) (1024K)]
  0x000001c6f9e8b930 JavaThread "Finalizer"                  daemon [_thread_blocked, id=21808, stack(0x000000a4a3500000,0x000000a4a3600000) (1024K)]
  0x000001c6f9e8f6a0 JavaThread "Signal Dispatcher"          daemon [_thread_blocked, id=17372, stack(0x000000a4a3600000,0x000000a4a3700000) (1024K)]
  0x000001c6f9e90770 JavaThread "Attach Listener"            daemon [_thread_blocked, id=21196, stack(0x000000a4a3700000,0x000000a4a3800000) (1024K)]
  0x000001c6f9e91de0 JavaThread "Service Thread"             daemon [_thread_blocked, id=15620, stack(0x000000a4a3800000,0x000000a4a3900000) (1024K)]
  0x000001c6f9e952e0 JavaThread "Monitor Deflation Thread"   daemon [_thread_blocked, id=21536, stack(0x000000a4a3900000,0x000000a4a3a00000) (1024K)]
=>0x000001c6f9ea0180 JavaThread "C2 CompilerThread0"         daemon [_thread_in_native, id=22264, stack(0x000000a4a3a00000,0x000000a4a3b00000) (1024K)]
  0x000001c6f9ea0e80 JavaThread "C1 CompilerThread0"         daemon [_thread_in_vm, id=17484, stack(0x000000a4a3b00000,0x000000a4a3c00000) (1024K)]
  0x000001c6c5228aa0 JavaThread "Common-Cleaner"             daemon [_thread_blocked, id=23880, stack(0x000000a4a3d00000,0x000000a4a3e00000) (1024K)]
  0x000001c6c532ddc0 JavaThread "Notification Thread"        daemon [_thread_blocked, id=3160, stack(0x000000a4a3e00000,0x000000a4a3f00000) (1024K)]
  0x000001c6c581dfe0 JavaThread "Active Thread: Equinox Container: 598ca956-5b6d-4306-a604-dc415141d9ce"        [_thread_blocked, id=2012, stack(0x000000a4a3c00000,0x000000a4a3d00000) (1024K)]
  0x000001c6c5b37c70 JavaThread "Framework Event Dispatcher: Equinox Container: 598ca956-5b6d-4306-a604-dc415141d9ce" daemon [_thread_blocked, id=17752, stack(0x000000a4a4500000,0x000000a4a4600000) (1024K)]
  0x000001c6c5b382e0 JavaThread "Start Level: Equinox Container: 598ca956-5b6d-4306-a604-dc415141d9ce" daemon [_thread_blocked, id=7484, stack(0x000000a4a4600000,0x000000a4a4700000) (1024K)]
  0x000001c6c5e4b590 JavaThread "Refresh Thread: Equinox Container: 598ca956-5b6d-4306-a604-dc415141d9ce" daemon [_thread_blocked, id=15820, stack(0x000000a4a4900000,0x000000a4a4a00000) (1024K)]
  0x000001c6c5d4be60 JavaThread "SCR Component Actor"        daemon [_thread_blocked, id=24088, stack(0x000000a4a5200000,0x000000a4a5300000) (1024K)]
  0x000001c6c5d4d8a0 JavaThread "Worker-JM"                         [_thread_blocked, id=25116, stack(0x000000a4a4800000,0x000000a4a4900000) (1024K)]
  0x000001c6c5d4b140 JavaThread "JNA Cleaner"                daemon [_thread_blocked, id=16824, stack(0x000000a4a5300000,0x000000a4a5400000) (1024K)]
  0x000001c6c5d4a420 JavaThread "Worker-0"                          [_thread_blocked, id=15856, stack(0x000000a4a5400000,0x000000a4a5500000) (1024K)]
  0x000001c6c6ef7730 JavaThread "Worker-1"                          [_thread_blocked, id=12544, stack(0x000000a4a5500000,0x000000a4a5600000) (1024K)]
  0x000001c6c6ef6380 JavaThread "Thread-1"                   daemon [_thread_in_native, id=23892, stack(0x000000a4a5900000,0x000000a4a5a00000) (1024K)]
  0x000001c6c6ef3c20 JavaThread "Thread-2"                   daemon [_thread_in_native, id=8208, stack(0x000000a4a5a00000,0x000000a4a5b00000) (1024K)]
  0x000001c6c6ef2f00 JavaThread "Thread-3"                   daemon [_thread_in_native, id=20820, stack(0x000000a4a5b00000,0x000000a4a5c00000) (1024K)]
  0x000001c6c6ef5cf0 JavaThread "Thread-4"                   daemon [_thread_in_native, id=7208, stack(0x000000a4a5c00000,0x000000a4a5d00000) (1024K)]
  0x000001c6c6ef5660 JavaThread "Thread-5"                   daemon [_thread_in_native, id=25164, stack(0x000000a4a5d00000,0x000000a4a5e00000) (1024K)]
  0x000001c6c6ef1b50 JavaThread "Thread-6"                   daemon [_thread_in_native, id=25872, stack(0x000000a4a5e00000,0x000000a4a5f00000) (1024K)]
  0x000001c6c6ef2870 JavaThread "Thread-7"                   daemon [_thread_in_native, id=1508, stack(0x000000a4a5f00000,0x000000a4a6000000) (1024K)]
  0x000001c6c6ef3590 JavaThread "Thread-8"                   daemon [_thread_in_native, id=3400, stack(0x000000a4a6000000,0x000000a4a6100000) (1024K)]
  0x000001c6c6ef42b0 JavaThread "Thread-9"                   daemon [_thread_in_native, id=20692, stack(0x000000a4a6100000,0x000000a4a6200000) (1024K)]
  0x000001c6c6ef21e0 JavaThread "pool-2-thread-1"                   [_thread_blocked, id=23216, stack(0x000000a4a6200000,0x000000a4a6300000) (1024K)]
  0x000001c6c6ef4940 JavaThread "Worker-2"                          [_thread_blocked, id=25832, stack(0x000000a4a6300000,0x000000a4a6400000) (1024K)]
  0x000001c6c6ef6a10 JavaThread "WorkspaceEventsHandler"            [_thread_blocked, id=4676, stack(0x000000a4a6400000,0x000000a4a6500000) (1024K)]
  0x000001c6c6ef70a0 JavaThread "pool-1-thread-1"                   [_thread_in_vm, id=19120, stack(0x000000a4a6500000,0x000000a4a6600000) (1024K)]
  0x000001c6c6ef4fd0 JavaThread "ForkJoinPool.commonPool-worker-1" daemon [_thread_blocked, id=21876, stack(0x000000a4a4a00000,0x000000a4a4b00000) (1024K)]
  0x000001c6c6ef7dc0 JavaThread "ForkJoinPool.commonPool-worker-2" daemon [_thread_blocked, id=24560, stack(0x000000a4a4b00000,0x000000a4a4c00000) (1024K)]
  0x000001c6c6ef0e30 JavaThread "ForkJoinPool.commonPool-worker-3" daemon [_thread_blocked, id=26896, stack(0x000000a4a2e00000,0x000000a4a2f00000) (1024K)]
  0x000001c6c6ef8450 JavaThread "ForkJoinPool.commonPool-worker-4" daemon [_thread_blocked, id=21944, stack(0x000000a4a4c00000,0x000000a4a4d00000) (1024K)]
  0x000001c6c6ef14c0 JavaThread "ForkJoinPool.commonPool-worker-5" daemon [_thread_blocked, id=19240, stack(0x000000a4a4d00000,0x000000a4a4e00000) (1024K)]
Total: 38

Other Threads:
  0x000001c6f9e6f0a0 VMThread "VM Thread"                           [id=26032, stack(0x000000a4a3300000,0x000000a4a3400000) (1024K)]
  0x000001c6e34e0620 WatcherThread "VM Periodic Task Thread"        [id=1536, stack(0x000000a4a3200000,0x000000a4a3300000) (1024K)]
  0x000001c6e34387b0 WorkerThread "GC Thread#0"                     [id=25672, stack(0x000000a4a3100000,0x000000a4a3200000) (1024K)]
  0x000001c6c5c0e810 WorkerThread "GC Thread#1"                     [id=18396, stack(0x000000a4a3f00000,0x000000a4a4000000) (1024K)]
  0x000001c6c562ac50 WorkerThread "GC Thread#2"                     [id=15888, stack(0x000000a4a4000000,0x000000a4a4100000) (1024K)]
  0x000001c6c562b000 WorkerThread "GC Thread#3"                     [id=19020, stack(0x000000a4a4100000,0x000000a4a4200000) (1024K)]
  0x000001c6c5a85240 WorkerThread "GC Thread#4"                     [id=25344, stack(0x000000a4a4200000,0x000000a4a4300000) (1024K)]
  0x000001c6c5a855f0 WorkerThread "GC Thread#5"                     [id=24596, stack(0x000000a4a4300000,0x000000a4a4400000) (1024K)]
  0x000001c6c5b97380 WorkerThread "GC Thread#6"                     [id=21436, stack(0x000000a4a4400000,0x000000a4a4500000) (1024K)]
  0x000001c6c5cc2c70 WorkerThread "GC Thread#7"                     [id=7292, stack(0x000000a4a4700000,0x000000a4a4800000) (1024K)]
Total: 10

Threads with active compile tasks:
C2 CompilerThread0  30588 5278       4       org.eclipse.osgi.internal.loader.BundleLoader::addExportedProvidersFor (167 bytes)
C1 CompilerThread0  30588 5347   !   3       org.eclipse.jdt.internal.compiler.parser.Scanner::getNextToken0 (3068 bytes)
Total: 2

VM state: not at safepoint (normal execution)

VM Mutex/Monitor currently owned by a thread:  ([mutex/lock_event])
[0x00007ffa6598c4e0] Metaspace_lock - owner thread: 0x000001c6f9ea0e80

Heap address: 0x0000000080000000, size: 2048 MB, Compressed Oops mode: 32-bit

CDS archive(s) mapped at: [0x000001c680000000-0x000001c680ba0000-0x000001c680ba0000), size 12189696, SharedBaseAddress: 0x000001c680000000, ArchiveRelocationMode: 1.
Compressed class space mapped at: 0x000001c681000000-0x000001c6c1000000, reserved size: 1073741824
Narrow klass base: 0x000001c680000000, Narrow klass shift: 0, Narrow klass range: 0x100000000

GC Precious Log:
 CardTable entry size: 512
 CPUs: 8 total, 8 available
 Memory: 8071M
 Large Page Support: Disabled
 NUMA Support: Disabled
 Compressed Oops: Enabled (32-bit)
 Alignments: Space 512K, Generation 512K, Heap 2M
 Heap Min Capacity: 100M
 Heap Initial Capacity: 100M
 Heap Max Capacity: 2G
 Pre-touch: Disabled
 Parallel Workers: 8

Heap:
 PSYoungGen      total 23040K, used 18602K [0x00000000d5580000, 0x00000000d6d80000, 0x0000000100000000)
  eden space 22016K, 81% used [0x00000000d5580000,0x00000000d66f27e8,0x00000000d6b00000)
  from space 1024K, 71% used [0x00000000d6b00000,0x00000000d6bb8050,0x00000000d6c00000)
  to   space 1024K, 0% used [0x00000000d6c80000,0x00000000d6c80000,0x00000000d6d80000)
 ParOldGen       total 68608K, used 29157K [0x0000000080000000, 0x0000000084300000, 0x00000000d5580000)
  object space 68608K, 42% used [0x0000000080000000,0x0000000081c79500,0x0000000084300000)
 Metaspace       used 38056K, committed 38976K, reserved 1114112K
  class space    used 3858K, committed 4288K, reserved 1048576K

Card table byte_map: [0x000001c6e2e00000,0x000001c6e3210000] _byte_map_base: 0x000001c6e2a00000

Marking Bits: (ParMarkBitMap*) 0x00007ffa65993450
 Begin Bits: [0x000001c6f58e0000, 0x000001c6f78e0000)
 End Bits:   [0x000001c6f78e0000, 0x000001c6f98e0000)

Polling page: 0x000001c6e2bf0000

Metaspace:

Usage:
  Non-class:     33.40 MB used.
      Class:      3.77 MB used.
       Both:     37.16 MB used.

Virtual space:
  Non-class space:       64.00 MB reserved,      33.88 MB ( 53%) committed,  1 nodes.
      Class space:        1.00 GB reserved,       4.19 MB ( <1%) committed,  1 nodes.
             Both:        1.06 GB reserved,      38.06 MB (  3%) committed. 

Chunk freelists:
   Non-Class:  13.69 MB
       Class:  11.77 MB
        Both:  25.45 MB

MaxMetaspaceSize: unlimited
CompressedClassSpaceSize: 1.00 GB
Initial GC threshold: 21.00 MB
Current GC threshold: 58.38 MB
CDS: on
 - commit_granule_bytes: 65536.
 - commit_granule_words: 8192.
 - virtual_space_node_default_size: 8388608.
 - enlarge_chunks_in_place: 1.
 - use_allocation_guard: 0.


Internal statistics:

num_allocs_failed_limit: 6.
num_arena_births: 690.
num_arena_deaths: 14.
num_vsnodes_births: 2.
num_vsnodes_deaths: 0.
num_space_committed: 609.
num_space_uncommitted: 0.
num_chunks_returned_to_freelist: 20.
num_chunks_taken_from_freelist: 2213.
num_chunk_merges: 10.
num_chunk_splits: 1455.
num_chunks_enlarged: 930.
num_inconsistent_stats: 0.

CodeHeap 'non-profiled nmethods': size=120000Kb used=2506Kb max_used=2585Kb free=117493Kb
 bounds [0x000001c6ee100000, 0x000001c6ee390000, 0x000001c6f5630000]
CodeHeap 'profiled nmethods': size=120000Kb used=9871Kb max_used=10381Kb free=110128Kb
 bounds [0x000001c6e6630000, 0x000001c6e70a0000, 0x000001c6edb60000]
CodeHeap 'non-nmethods': size=5760Kb used=1380Kb max_used=1402Kb free=4379Kb
 bounds [0x000001c6edb60000, 0x000001c6eddd0000, 0x000001c6ee100000]
CodeCache: size=245760Kb, used=13757Kb, max_used=14368Kb, free=232000Kb
 total_blobs=5504, nmethods=4821, adapters=589, full_count=0
Compilation: enabled, stopped_count=0, restarted_count=0

Compilation events (20 events):
Event: 30.293 Thread 0x000001c6f9ea0e80 5331       3       java.lang.invoke.LambdaForm$MH/0x000001c6811d9400::invoke (37 bytes)
Event: 30.294 Thread 0x000001c6f9ea0e80 nmethod 5331 0x000001c6e6a14a10 code [0x000001c6e6a14c20, 0x000001c6e6a155b0]
Event: 30.294 Thread 0x000001c6f9ea0e80 5333   !   3       sun.nio.cs.StreamDecoder::readBytes (271 bytes)
Event: 30.296 Thread 0x000001c6f9ea0e80 nmethod 5333 0x000001c6e6641e90 code [0x000001c6e66421c0, 0x000001c6e66431a0]
Event: 30.296 Thread 0x000001c6f9ea0e80 5334       3       java.lang.invoke.LambdaForm$MH/0x000001c68101f400::invoke (46 bytes)
Event: 30.296 Thread 0x000001c6f9ea0e80 nmethod 5334 0x000001c6e6a50e90 code [0x000001c6e6a51080, 0x000001c6e6a51690]
Event: 30.296 Thread 0x000001c6f9ea0e80 5332       1       java.nio.charset.Charset::name (5 bytes)
Event: 30.296 Thread 0x000001c6f9ea0e80 nmethod 5332 0x000001c6ee1de510 code [0x000001c6ee1de6a0, 0x000001c6ee1de768]
Event: 30.297 Thread 0x000001c6f9ea0e80 5330       1       sun.util.calendar.CalendarDate::getMonth (5 bytes)
Event: 30.297 Thread 0x000001c6f9ea0e80 nmethod 5330 0x000001c6ee1de210 code [0x000001c6ee1de3a0, 0x000001c6ee1de468]
Event: 30.302 Thread 0x000001c6f9ea0e80 5335       3       org.eclipse.core.runtime.Path::canonicalize (62 bytes)
Event: 30.304 Thread 0x000001c6f9ea0e80 nmethod 5335 0x000001c6e6b6fe10 code [0x000001c6e6b70060, 0x000001c6e6b70858]
Event: 30.304 Thread 0x000001c6f9ea0e80 5337       3       org.eclipse.core.runtime.Path::append (264 bytes)
Event: 30.307 Thread 0x000001c6f9ea0e80 nmethod 5337 0x000001c6e6a0d710 code [0x000001c6e6a0dac0, 0x000001c6e6a0f258]
Event: 30.307 Thread 0x000001c6f9ea0e80 5336       3       org.eclipse.core.runtime.Path::<init> (161 bytes)
Event: 30.310 Thread 0x000001c6f9ea0e80 nmethod 5336 0x000001c6e6828210 code [0x000001c6e6828520, 0x000001c6e6829418]
Event: 30.310 Thread 0x000001c6f9ea0e80 5338       3       org.eclipse.jdt.internal.core.Openable::isOpen (14 bytes)
Event: 30.310 Thread 0x000001c6f9ea0e80 nmethod 5338 0x000001c6e6661a10 code [0x000001c6e6661be0, 0x000001c6e6661e10]
Event: 30.311 Thread 0x000001c6f9ea0e80 5339       3       org.eclipse.core.runtime.Path::removeTrailingSeparator (32 bytes)
Event: 30.311 Thread 0x000001c6f9ea0e80 nmethod 5339 0x000001c6e6747510 code [0x000001c6e67476e0, 0x000001c6e67479b8]

GC Heap History (20 events):
Event: 25.908 GC heap before
{Heap before GC invocations=12 (full 1):
 PSYoungGen      total 26112K, used 25600K [0x00000000d5580000, 0x00000000d7480000, 0x0000000100000000)
  eden space 23040K, 100% used [0x00000000d5580000,0x00000000d6c00000,0x00000000d6c00000)
  from space 3072K, 83% used [0x00000000d7180000,0x00000000d7400020,0x00000000d7480000)
  to   space 3072K, 0% used [0x00000000d6e80000,0x00000000d6e80000,0x00000000d7180000)
 ParOldGen       total 68608K, used 12963K [0x0000000080000000, 0x0000000084300000, 0x00000000d5580000)
  object space 68608K, 18% used [0x0000000080000000,0x0000000080ca8ce8,0x0000000084300000)
 Metaspace       used 32659K, committed 33600K, reserved 1114112K
  class space    used 3250K, committed 3712K, reserved 1048576K
}
Event: 25.915 GC heap after
{Heap after GC invocations=12 (full 1):
 PSYoungGen      total 24576K, used 1728K [0x00000000d5580000, 0x00000000d7200000, 0x0000000100000000)
  eden space 22528K, 0% used [0x00000000d5580000,0x00000000d5580000,0x00000000d6b80000)
  from space 2048K, 84% used [0x00000000d6e80000,0x00000000d7030040,0x00000000d7080000)
  to   space 1536K, 0% used [0x00000000d7080000,0x00000000d7080000,0x00000000d7200000)
 ParOldGen       total 68608K, used 15277K [0x0000000080000000, 0x0000000084300000, 0x00000000d5580000)
  object space 68608K, 22% used [0x0000000080000000,0x0000000080eeb790,0x0000000084300000)
 Metaspace       used 32659K, committed 33600K, reserved 1114112K
  class space    used 3250K, committed 3712K, reserved 1048576K
}
Event: 26.090 GC heap before
{Heap before GC invocations=13 (full 1):
 PSYoungGen      total 24576K, used 24256K [0x00000000d5580000, 0x00000000d7200000, 0x0000000100000000)
  eden space 22528K, 100% used [0x00000000d5580000,0x00000000d6b80000,0x00000000d6b80000)
  from space 2048K, 84% used [0x00000000d6e80000,0x00000000d7030040,0x00000000d7080000)
  to   space 1536K, 0% used [0x00000000d7080000,0x00000000d7080000,0x00000000d7200000)
 ParOldGen       total 68608K, used 15277K [0x0000000080000000, 0x0000000084300000, 0x00000000d5580000)
  object space 68608K, 22% used [0x0000000080000000,0x0000000080eeb790,0x0000000084300000)
 Metaspace       used 32788K, committed 33728K, reserved 1114112K
  class space    used 3272K, committed 3712K, reserved 1048576K
}
Event: 26.095 GC heap after
{Heap after GC invocations=13 (full 1):
 PSYoungGen      total 23552K, used 1504K [0x00000000d5580000, 0x00000000d7300000, 0x0000000100000000)
  eden space 22016K, 0% used [0x00000000d5580000,0x00000000d5580000,0x00000000d6b00000)
  from space 1536K, 97% used [0x00000000d7080000,0x00000000d71f8010,0x00000000d7200000)
  to   space 4096K, 0% used [0x00000000d6b00000,0x00000000d6b00000,0x00000000d6f00000)
 ParOldGen       total 68608K, used 17340K [0x0000000080000000, 0x0000000084300000, 0x00000000d5580000)
  object space 68608K, 25% used [0x0000000080000000,0x00000000810ef310,0x0000000084300000)
 Metaspace       used 32788K, committed 33728K, reserved 1114112K
  class space    used 3272K, committed 3712K, reserved 1048576K
}
Event: 26.279 GC heap before
{Heap before GC invocations=14 (full 1):
 PSYoungGen      total 23552K, used 23520K [0x00000000d5580000, 0x00000000d7300000, 0x0000000100000000)
  eden space 22016K, 100% used [0x00000000d5580000,0x00000000d6b00000,0x00000000d6b00000)
  from space 1536K, 97% used [0x00000000d7080000,0x00000000d71f8010,0x00000000d7200000)
  to   space 4096K, 0% used [0x00000000d6b00000,0x00000000d6b00000,0x00000000d6f00000)
 ParOldGen       total 68608K, used 17340K [0x0000000080000000, 0x0000000084300000, 0x00000000d5580000)
  object space 68608K, 25% used [0x0000000080000000,0x00000000810ef310,0x0000000084300000)
 Metaspace       used 33144K, committed 34112K, reserved 1114112K
  class space    used 3330K, committed 3776K, reserved 1048576K
}
Event: 26.283 GC heap after
{Heap after GC invocations=14 (full 1):
 PSYoungGen      total 24576K, used 2306K [0x00000000d5580000, 0x00000000d7100000, 0x0000000100000000)
  eden space 22016K, 0% used [0x00000000d5580000,0x00000000d5580000,0x00000000d6b00000)
  from space 2560K, 90% used [0x00000000d6b00000,0x00000000d6d40810,0x00000000d6d80000)
  to   space 3072K, 0% used [0x00000000d6e00000,0x00000000d6e00000,0x00000000d7100000)
 ParOldGen       total 68608K, used 18820K [0x0000000080000000, 0x0000000084300000, 0x00000000d5580000)
  object space 68608K, 27% used [0x0000000080000000,0x0000000081261320,0x0000000084300000)
 Metaspace       used 33144K, committed 34112K, reserved 1114112K
  class space    used 3330K, committed 3776K, reserved 1048576K
}
Event: 26.435 GC heap before
{Heap before GC invocations=15 (full 1):
 PSYoungGen      total 24576K, used 24322K [0x00000000d5580000, 0x00000000d7100000, 0x0000000100000000)
  eden space 22016K, 99% used [0x00000000d5580000,0x00000000d6affff0,0x00000000d6b00000)
  from space 2560K, 90% used [0x00000000d6b00000,0x00000000d6d40810,0x00000000d6d80000)
  to   space 3072K, 0% used [0x00000000d6e00000,0x00000000d6e00000,0x00000000d7100000)
 ParOldGen       total 68608K, used 18820K [0x0000000080000000, 0x0000000084300000, 0x00000000d5580000)
  object space 68608K, 27% used [0x0000000080000000,0x0000000081261320,0x0000000084300000)
 Metaspace       used 33180K, committed 34112K, reserved 1114112K
  class space    used 3330K, committed 3776K, reserved 1048576K
}
Event: 26.440 GC heap after
{Heap after GC invocations=15 (full 1):
 PSYoungGen      total 24576K, used 2304K [0x00000000d5580000, 0x00000000d7080000, 0x0000000100000000)
  eden space 22016K, 0% used [0x00000000d5580000,0x00000000d5580000,0x00000000d6b00000)
  from space 2560K, 90% used [0x00000000d6e00000,0x00000000d7040010,0x00000000d7080000)
  to   space 2560K, 0% used [0x00000000d6b00000,0x00000000d6b00000,0x00000000d6d80000)
 ParOldGen       total 68608K, used 20971K [0x0000000080000000, 0x0000000084300000, 0x00000000d5580000)
  object space 68608K, 30% used [0x0000000080000000,0x000000008147ac58,0x0000000084300000)
 Metaspace       used 33180K, committed 34112K, reserved 1114112K
  class space    used 3330K, committed 3776K, reserved 1048576K
}
Event: 26.676 GC heap before
{Heap before GC invocations=16 (full 1):
 PSYoungGen      total 24576K, used 24320K [0x00000000d5580000, 0x00000000d7080000, 0x0000000100000000)
  eden space 22016K, 100% used [0x00000000d5580000,0x00000000d6b00000,0x00000000d6b00000)
  from space 2560K, 90% used [0x00000000d6e00000,0x00000000d7040010,0x00000000d7080000)
  to   space 2560K, 0% used [0x00000000d6b00000,0x00000000d6b00000,0x00000000d6d80000)
 ParOldGen       total 68608K, used 20971K [0x0000000080000000, 0x0000000084300000, 0x00000000d5580000)
  object space 68608K, 30% used [0x0000000080000000,0x000000008147ac58,0x0000000084300000)
 Metaspace       used 33186K, committed 34176K, reserved 1114112K
  class space    used 3330K, committed 3776K, reserved 1048576K
}
Event: 26.682 GC heap after
{Heap after GC invocations=16 (full 1):
 PSYoungGen      total 24576K, used 2020K [0x00000000d5580000, 0x00000000d7000000, 0x0000000100000000)
  eden space 22016K, 0% used [0x00000000d5580000,0x00000000d5580000,0x00000000d6b00000)
  from space 2560K, 78% used [0x00000000d6b00000,0x00000000d6cf9000,0x00000000d6d80000)
  to   space 2560K, 0% used [0x00000000d6d80000,0x00000000d6d80000,0x00000000d7000000)
 ParOldGen       total 68608K, used 23163K [0x0000000080000000, 0x0000000084300000, 0x00000000d5580000)
  object space 68608K, 33% used [0x0000000080000000,0x000000008169ec68,0x0000000084300000)
 Metaspace       used 33186K, committed 34176K, reserved 1114112K
  class space    used 3330K, committed 3776K, reserved 1048576K
}
Event: 26.923 GC heap before
{Heap before GC invocations=17 (full 1):
 PSYoungGen      total 24576K, used 24036K [0x00000000d5580000, 0x00000000d7000000, 0x0000000100000000)
  eden space 22016K, 100% used [0x00000000d5580000,0x00000000d6b00000,0x00000000d6b00000)
  from space 2560K, 78% used [0x00000000d6b00000,0x00000000d6cf9000,0x00000000d6d80000)
  to   space 2560K, 0% used [0x00000000d6d80000,0x00000000d6d80000,0x00000000d7000000)
 ParOldGen       total 68608K, used 23163K [0x0000000080000000, 0x0000000084300000, 0x00000000d5580000)
  object space 68608K, 33% used [0x0000000080000000,0x000000008169ec68,0x0000000084300000)
 Metaspace       used 33210K, committed 34176K, reserved 1114112K
  class space    used 3330K, committed 3776K, reserved 1048576K
}
Event: 26.928 GC heap after
{Heap after GC invocations=17 (full 1):
 PSYoungGen      total 24576K, used 2208K [0x00000000d5580000, 0x00000000d7000000, 0x0000000100000000)
  eden space 22016K, 0% used [0x00000000d5580000,0x00000000d5580000,0x00000000d6b00000)
  from space 2560K, 86% used [0x00000000d6d80000,0x00000000d6fa8010,0x00000000d7000000)
  to   space 2560K, 0% used [0x00000000d6b00000,0x00000000d6b00000,0x00000000d6d80000)
 ParOldGen       total 68608K, used 25051K [0x0000000080000000, 0x0000000084300000, 0x00000000d5580000)
  object space 68608K, 36% used [0x0000000080000000,0x0000000081876d68,0x0000000084300000)
 Metaspace       used 33210K, committed 34176K, reserved 1114112K
  class space    used 3330K, committed 3776K, reserved 1048576K
}
Event: 27.112 GC heap before
{Heap before GC invocations=18 (full 1):
 PSYoungGen      total 24576K, used 24224K [0x00000000d5580000, 0x00000000d7000000, 0x0000000100000000)
  eden space 22016K, 100% used [0x00000000d5580000,0x00000000d6b00000,0x00000000d6b00000)
  from space 2560K, 86% used [0x00000000d6d80000,0x00000000d6fa8010,0x00000000d7000000)
  to   space 2560K, 0% used [0x00000000d6b00000,0x00000000d6b00000,0x00000000d6d80000)
 ParOldGen       total 68608K, used 25051K [0x0000000080000000, 0x0000000084300000, 0x00000000d5580000)
  object space 68608K, 36% used [0x0000000080000000,0x0000000081876d68,0x0000000084300000)
 Metaspace       used 33260K, committed 34176K, reserved 1114112K
  class space    used 3332K, committed 3776K, reserved 1048576K
}
Event: 27.119 GC heap after
{Heap after GC invocations=18 (full 1):
 PSYoungGen      total 24064K, used 1944K [0x00000000d5580000, 0x00000000d6f00000, 0x0000000100000000)
  eden space 22016K, 0% used [0x00000000d5580000,0x00000000d5580000,0x00000000d6b00000)
  from space 2048K, 94% used [0x00000000d6b00000,0x00000000d6ce6200,0x00000000d6d00000)
  to   space 2048K, 0% used [0x00000000d6d00000,0x00000000d6d00000,0x00000000d6f00000)
 ParOldGen       total 68608K, used 27171K [0x0000000080000000, 0x0000000084300000, 0x00000000d5580000)
  object space 68608K, 39% used [0x0000000080000000,0x0000000081a88d78,0x0000000084300000)
 Metaspace       used 33260K, committed 34176K, reserved 1114112K
  class space    used 3332K, committed 3776K, reserved 1048576K
}
Event: 27.664 GC heap before
{Heap before GC invocations=19 (full 1):
 PSYoungGen      total 24064K, used 22543K [0x00000000d5580000, 0x00000000d6f00000, 0x0000000100000000)
  eden space 22016K, 93% used [0x00000000d5580000,0x00000000d699da68,0x00000000d6b00000)
  from space 2048K, 94% used [0x00000000d6b00000,0x00000000d6ce6200,0x00000000d6d00000)
  to   space 2048K, 0% used [0x00000000d6d00000,0x00000000d6d00000,0x00000000d6f00000)
 ParOldGen       total 68608K, used 27171K [0x0000000080000000, 0x0000000084300000, 0x00000000d5580000)
  object space 68608K, 39% used [0x0000000080000000,0x0000000081a88d78,0x0000000084300000)
 Metaspace       used 34977K, committed 35840K, reserved 1114112K
  class space    used 3558K, committed 3968K, reserved 1048576K
}
Event: 27.669 GC heap after
{Heap after GC invocations=19 (full 1):
 PSYoungGen      total 24064K, used 1387K [0x00000000d5580000, 0x00000000d6f00000, 0x0000000100000000)
  eden space 22016K, 0% used [0x00000000d5580000,0x00000000d5580000,0x00000000d6b00000)
  from space 2048K, 67% used [0x00000000d6d00000,0x00000000d6e5ae58,0x00000000d6f00000)
  to   space 2048K, 0% used [0x00000000d6b00000,0x00000000d6b00000,0x00000000d6d00000)
 ParOldGen       total 68608K, used 28963K [0x0000000080000000, 0x0000000084300000, 0x00000000d5580000)
  object space 68608K, 42% used [0x0000000080000000,0x0000000081c48f78,0x0000000084300000)
 Metaspace       used 34977K, committed 35840K, reserved 1114112K
  class space    used 3558K, committed 3968K, reserved 1048576K
}
Event: 27.669 GC heap before
{Heap before GC invocations=20 (full 2):
 PSYoungGen      total 24064K, used 1387K [0x00000000d5580000, 0x00000000d6f00000, 0x0000000100000000)
  eden space 22016K, 0% used [0x00000000d5580000,0x00000000d5580000,0x00000000d6b00000)
  from space 2048K, 67% used [0x00000000d6d00000,0x00000000d6e5ae58,0x00000000d6f00000)
  to   space 2048K, 0% used [0x00000000d6b00000,0x00000000d6b00000,0x00000000d6d00000)
 ParOldGen       total 68608K, used 28963K [0x0000000080000000, 0x0000000084300000, 0x00000000d5580000)
  object space 68608K, 42% used [0x0000000080000000,0x0000000081c48f78,0x0000000084300000)
 Metaspace       used 34977K, committed 35840K, reserved 1114112K
  class space    used 3558K, committed 3968K, reserved 1048576K
}
Event: 27.770 GC heap after
{Heap after GC invocations=20 (full 2):
 PSYoungGen      total 24064K, used 0K [0x00000000d5580000, 0x00000000d6f00000, 0x0000000100000000)
  eden space 22016K, 0% used [0x00000000d5580000,0x00000000d5580000,0x00000000d6b00000)
  from space 2048K, 0% used [0x00000000d6d00000,0x00000000d6d00000,0x00000000d6f00000)
  to   space 2048K, 0% used [0x00000000d6b00000,0x00000000d6b00000,0x00000000d6d00000)
 ParOldGen       total 68608K, used 29149K [0x0000000080000000, 0x0000000084300000, 0x00000000d5580000)
  object space 68608K, 42% used [0x0000000080000000,0x0000000081c77500,0x0000000084300000)
 Metaspace       used 34977K, committed 35840K, reserved 1114112K
  class space    used 3558K, committed 3968K, reserved 1048576K
}
Event: 29.222 GC heap before
{Heap before GC invocations=21 (full 2):
 PSYoungGen      total 24064K, used 22016K [0x00000000d5580000, 0x00000000d6f00000, 0x0000000100000000)
  eden space 22016K, 100% used [0x00000000d5580000,0x00000000d6b00000,0x00000000d6b00000)
  from space 2048K, 0% used [0x00000000d6d00000,0x00000000d6d00000,0x00000000d6f00000)
  to   space 2048K, 0% used [0x00000000d6b00000,0x00000000d6b00000,0x00000000d6d00000)
 ParOldGen       total 68608K, used 29149K [0x0000000080000000, 0x0000000084300000, 0x00000000d5580000)
  object space 68608K, 42% used [0x0000000080000000,0x0000000081c77500,0x0000000084300000)
 Metaspace       used 35955K, committed 36928K, reserved 1114112K
  class space    used 3683K, committed 4160K, reserved 1048576K
}
Event: 29.224 GC heap after
{Heap after GC invocations=21 (full 2):
 PSYoungGen      total 23040K, used 736K [0x00000000d5580000, 0x00000000d6d80000, 0x0000000100000000)
  eden space 22016K, 0% used [0x00000000d5580000,0x00000000d5580000,0x00000000d6b00000)
  from space 1024K, 71% used [0x00000000d6b00000,0x00000000d6bb8050,0x00000000d6c00000)
  to   space 1024K, 0% used [0x00000000d6c80000,0x00000000d6c80000,0x00000000d6d80000)
 ParOldGen       total 68608K, used 29157K [0x0000000080000000, 0x0000000084300000, 0x00000000d5580000)
  object space 68608K, 42% used [0x0000000080000000,0x0000000081c79500,0x0000000084300000)
 Metaspace       used 35955K, committed 36928K, reserved 1114112K
  class space    used 3683K, committed 4160K, reserved 1048576K
}

Dll operation events (10 events):
Event: 0.014 Loaded shared library c:\Users\PCWORLD\.vscode\extensions\redhat.java-1.53.0-win32-x64\jre\21.0.10-win32-x86_64\bin\java.dll
Event: 0.151 Loaded shared library c:\Users\PCWORLD\.vscode\extensions\redhat.java-1.53.0-win32-x64\jre\21.0.10-win32-x86_64\bin\zip.dll
Event: 0.194 Loaded shared library C:\Users\PCWORLD\.vscode\extensions\redhat.java-1.53.0-win32-x64\jre\21.0.10-win32-x86_64\bin\instrument.dll
Event: 0.204 Loaded shared library C:\Users\PCWORLD\.vscode\extensions\redhat.java-1.53.0-win32-x64\jre\21.0.10-win32-x86_64\bin\net.dll
Event: 0.207 Loaded shared library C:\Users\PCWORLD\.vscode\extensions\redhat.java-1.53.0-win32-x64\jre\21.0.10-win32-x86_64\bin\nio.dll
Event: 0.213 Loaded shared library C:\Users\PCWORLD\.vscode\extensions\redhat.java-1.53.0-win32-x64\jre\21.0.10-win32-x86_64\bin\zip.dll
Event: 0.258 Loaded shared library C:\Users\PCWORLD\.vscode\extensions\redhat.java-1.53.0-win32-x64\jre\21.0.10-win32-x86_64\bin\jimage.dll
Event: 0.447 Loaded shared library c:\Users\PCWORLD\.vscode\extensions\redhat.java-1.53.0-win32-x64\jre\21.0.10-win32-x86_64\bin\verify.dll
Event: 5.507 Loaded shared library C:\Users\PCWORLD\AppData\Roaming\Code\User\globalStorage\redhat.java\1.53.0\config_ss_win\org.eclipse.equinox.launcher\org.eclipse.equinox.launcher.win32.win32.x86_64_1.3.0.v20260203-2149\eclipse_11919.dll
Event: 10.483 Loaded shared library C:\Users\PCWORLD\AppData\Local\Temp\jna--13215393\jna3606535517435276397.dll

Deoptimization events (20 events):
Event: 30.155 Thread 0x000001c6c6ef70a0 Uncommon trap: trap_request=0xffffffde fr.pc=0x000001c6ee2e340c relative=0x000000000000064c
Event: 30.155 Thread 0x000001c6c6ef70a0 Uncommon trap: reason=class_check action=maybe_recompile pc=0x000001c6ee2e340c method=java.util.HashMap.putVal(ILjava/lang/Object;Ljava/lang/Object;ZZ)Ljava/lang/Object; @ 203 c2
Event: 30.155 Thread 0x000001c6c6ef70a0 DEOPT PACKING pc=0x000001c6ee2e340c sp=0x000000a4a65fe120
Event: 30.155 Thread 0x000001c6c6ef70a0 DEOPT UNPACKING pc=0x000001c6edbb3aa2 sp=0x000000a4a65fe090 mode 2
Event: 30.212 Thread 0x000001c6c6ef70a0 Uncommon trap: trap_request=0xffffffc6 fr.pc=0x000001c6ee337980 relative=0x00000000000000c0
Event: 30.212 Thread 0x000001c6c6ef70a0 Uncommon trap: reason=bimorphic_or_optimized_type_check action=maybe_recompile pc=0x000001c6ee337980 method=java.util.stream.Sink$ChainedReference.cancellationRequested()Z @ 4 c2
Event: 30.212 Thread 0x000001c6c6ef70a0 DEOPT PACKING pc=0x000001c6ee337980 sp=0x000000a4a65fe200
Event: 30.212 Thread 0x000001c6c6ef70a0 DEOPT UNPACKING pc=0x000001c6edbb3aa2 sp=0x000000a4a65fe130 mode 2
Event: 30.214 Thread 0x000001c6c6ef70a0 Uncommon trap: trap_request=0xffffff45 fr.pc=0x000001c6ee25a898 relative=0x0000000000000158
Event: 30.216 Thread 0x000001c6c6ef70a0 Uncommon trap: reason=unstable_if action=reinterpret pc=0x000001c6ee25a898 method=java.util.ArrayList.equals(Ljava/lang/Object;)Z @ 27 c2
Event: 30.216 Thread 0x000001c6c6ef70a0 DEOPT PACKING pc=0x000001c6ee25a898 sp=0x000000a4a65fe660
Event: 30.217 Thread 0x000001c6c6ef70a0 DEOPT UNPACKING pc=0x000001c6edbb3aa2 sp=0x000000a4a65fe5f8 mode 2
Event: 30.222 Thread 0x000001c6c6ef70a0 Uncommon trap: trap_request=0xffffff45 fr.pc=0x000001c6ee2f6284 relative=0x00000000000001e4
Event: 30.222 Thread 0x000001c6c6ef70a0 Uncommon trap: reason=unstable_if action=reinterpret pc=0x000001c6ee2f6284 method=java.lang.Long.stringSize(J)I @ 5 c2
Event: 30.222 Thread 0x000001c6c6ef70a0 DEOPT PACKING pc=0x000001c6ee2f6284 sp=0x000000a4a65fe0c0
Event: 30.222 Thread 0x000001c6c6ef70a0 DEOPT UNPACKING pc=0x000001c6edbb3aa2 sp=0x000000a4a65fe030 mode 2
Event: 30.222 Thread 0x000001c6c6ef70a0 Uncommon trap: trap_request=0xffffff45 fr.pc=0x000001c6ee2f68b0 relative=0x0000000000000370
Event: 30.222 Thread 0x000001c6c6ef70a0 Uncommon trap: reason=unstable_if action=reinterpret pc=0x000001c6ee2f68b0 method=java.lang.Long.getChars(JI[B)I @ 6 c2
Event: 30.222 Thread 0x000001c6c6ef70a0 DEOPT PACKING pc=0x000001c6ee2f68b0 sp=0x000000a4a65fe0b0
Event: 30.222 Thread 0x000001c6c6ef70a0 DEOPT UNPACKING pc=0x000001c6edbb3aa2 sp=0x000000a4a65fe008 mode 2

Classes loaded (20 events):
Event: 26.210 Loading class java/nio/channels/Channels$ReadableByteChannelImpl
Event: 26.210 Loading class java/nio/channels/Channels$ReadableByteChannelImpl done
Event: 26.211 Loading class java/nio/channels/NonWritableChannelException
Event: 26.211 Loading class java/nio/channels/NonWritableChannelException done
Event: 27.250 Loading class java/lang/ExceptionInInitializerError
Event: 27.250 Loading class java/lang/ExceptionInInitializerError done
Event: 27.528 Loading class sun/misc/Unsafe
Event: 27.528 Loading class sun/misc/Unsafe done
Event: 28.721 Loading class java/util/Vector$1
Event: 28.722 Loading class java/util/Vector$1 done
Event: 29.487 Loading class java/util/regex/Pattern$Caret
Event: 29.487 Loading class java/util/regex/Pattern$Caret done
Event: 29.834 Loading class java/util/Hashtable$ValueCollection
Event: 29.836 Loading class java/util/Hashtable$ValueCollection done
Event: 30.161 Loading class java/util/WeakHashMap$KeyIterator
Event: 30.161 Loading class java/util/WeakHashMap$KeyIterator done
Event: 30.209 Loading class java/util/regex/PatternSyntaxException
Event: 30.209 Loading class java/util/regex/PatternSyntaxException done
Event: 30.219 Loading class java/util/concurrent/CompletionException
Event: 30.219 Loading class java/util/concurrent/CompletionException done

Classes unloaded (7 events):
Event: 12.297 Thread 0x000001c6f9e6f0a0 Unloading class 0x000001c6811a5000 'java/lang/invoke/LambdaForm$MH+0x000001c6811a5000'
Event: 12.297 Thread 0x000001c6f9e6f0a0 Unloading class 0x000001c6811a4c00 'java/lang/invoke/LambdaForm$MH+0x000001c6811a4c00'
Event: 12.297 Thread 0x000001c6f9e6f0a0 Unloading class 0x000001c6811a4800 'java/lang/invoke/LambdaForm$MH+0x000001c6811a4800'
Event: 12.297 Thread 0x000001c6f9e6f0a0 Unloading class 0x000001c6811a4400 'java/lang/invoke/LambdaForm$MH+0x000001c6811a4400'
Event: 12.297 Thread 0x000001c6f9e6f0a0 Unloading class 0x000001c6811a4000 'java/lang/invoke/LambdaForm$BMH+0x000001c6811a4000'
Event: 12.297 Thread 0x000001c6f9e6f0a0 Unloading class 0x000001c6811a3c00 'java/lang/invoke/LambdaForm$DMH+0x000001c6811a3c00'
Event: 12.297 Thread 0x000001c6f9e6f0a0 Unloading class 0x000001c6811a2800 'java/lang/invoke/LambdaForm$DMH+0x000001c6811a2800'

Classes redefined (0 events):
No events

Internal exceptions (20 events):
Event: 23.629 Thread 0x000001c6c6ef70a0 Exception <a 'java/lang/IncompatibleClassChangeError'{0x00000000d624add0}: Found class java.lang.Object, but interface was expected> (0x00000000d624add0) 
thrown [s\src\hotspot\share\interpreter\linkResolver.cpp, line 840]
Event: 25.381 Thread 0x000001c6c6ef70a0 Exception <a 'java/lang/IncompatibleClassChangeError'{0x00000000d62edb00}: Found class java.lang.Object, but interface was expected> (0x00000000d62edb00) 
thrown [s\src\hotspot\share\interpreter\linkResolver.cpp, line 840]
Event: 25.633 Thread 0x000001c6c6ef4fd0 Implicit null exception at 0x000001c6ee312e31 to 0x000001c6ee313138
Event: 25.634 Thread 0x000001c6c6ef4fd0 Exception <a 'java/lang/NoSuchMethodError'{0x00000000d66bc500}: 'long java.lang.invoke.DirectMethodHandle$Holder.invokeStatic(java.lang.Object, java.lang.Object, int)'> (0x00000000d66bc500) 
thrown [s\src\hotspot\share\interpreter\linkResolver.cpp, line 773]
Event: 25.638 Thread 0x000001c6c6ef4fd0 Exception <a 'java/lang/NoSuchMethodError'{0x00000000d66c6e78}: 'java.lang.Object java.lang.invoke.DelegatingMethodHandle$Holder.reinvoke_L(java.lang.Object, int, long, java.lang.Object, java.lang.Object, int, java.lang.Object)'> (0x00000000d66c6e78) 
thrown [s\src\hotspot\share\interpreter\linkResolver.cpp, line 773]
Event: 25.933 Thread 0x000001c6c6ef4fd0 Exception <a 'java/lang/NoSuchMethodError'{0x00000000d55fb770}: 'java.lang.Object java.lang.invoke.DirectMethodHandle$Holder.invokeStaticInit(java.lang.Object, java.lang.Object, java.lang.Object, java.lang.Object, java.lang.Object, java.lang.Object, java.lang.Object)'> (0x00000000d55fb770) 
thrown [s\src\hotspot\share\interpreter\linkResolver.cpp, line 773]
Event: 25.934 Thread 0x000001c6c6ef4fd0 Exception <a 'java/lang/NoSuchMethodError'{0x00000000d5600648}: 'java.lang.Object java.lang.invoke.Invokers$Holder.invoke_MT(java.lang.Object, java.lang.Object, java.lang.Object, java.lang.Object, java.lang.Object, java.lang.Object, java.lang.Object, java.lang.Object, java.lang.Object, java.lang.Object)'> (0x00000000d5600648) 
thrown [s\src\hotspot\share\interpreter\linkResolver.cpp, line 773]
Event: 25.943 Thread 0x000001c6c6ef4fd0 Exception <a 'java/lang/NoSuchMethodError'{0x00000000d5640618}: 'int java.lang.invoke.DirectMethodHandle$Holder.invokeVirtual(java.lang.Object, java.lang.Object, java.lang.Object)'> (0x00000000d5640618) 
thrown [s\src\hotspot\share\interpreter\linkResolver.cpp, line 773]
Event: 25.943 Thread 0x000001c6c6ef4fd0 Exception <a 'java/lang/NoSuchMethodError'{0x00000000d56449c0}: 'int java.lang.invoke.DirectMethodHandle$Holder.invokeStaticInit(java.lang.Object, int, int)'> (0x00000000d56449c0) 
thrown [s\src\hotspot\share\interpreter\linkResolver.cpp, line 773]
Event: 25.944 Thread 0x000001c6c6ef4fd0 Exception <a 'java/lang/NoSuchMethodError'{0x00000000d564c168}: 'int java.lang.invoke.DirectMethodHandle$Holder.invokeStaticInit(java.lang.Object, long, long)'> (0x00000000d564c168) 
thrown [s\src\hotspot\share\interpreter\linkResolver.cpp, line 773]
Event: 25.945 Thread 0x000001c6c6ef4fd0 Exception <a 'java/lang/NoSuchMethodError'{0x00000000d5652eb0}: 'int java.lang.invoke.DirectMethodHandle$Holder.invokeStaticInit(java.lang.Object, float, float)'> (0x00000000d5652eb0) 
thrown [s\src\hotspot\share\interpreter\linkResolver.cpp, line 773]
Event: 25.946 Thread 0x000001c6c6ef4fd0 Exception <a 'java/lang/NoSuchMethodError'{0x00000000d5659e48}: 'int java.lang.invoke.DirectMethodHandle$Holder.invokeStaticInit(java.lang.Object, double, double)'> (0x00000000d5659e48) 
thrown [s\src\hotspot\share\interpreter\linkResolver.cpp, line 773]
Event: 25.947 Thread 0x000001c6c6ef4fd0 Exception <a 'java/lang/NoSuchMethodError'{0x00000000d565e698}: 'int java.lang.invoke.DirectMethodHandle$Holder.invokeStatic(java.lang.Object, long)'> (0x00000000d565e698) 
thrown [s\src\hotspot\share\interpreter\linkResolver.cpp, line 773]
Event: 25.952 Thread 0x000001c6c6ef4fd0 Exception <a 'java/lang/NoSuchMethodError'{0x00000000d567d558}: 'int java.lang.invoke.Invokers$Holder.linkToTargetMethod(java.lang.Object, java.lang.Object)'> (0x00000000d567d558) 
thrown [s\src\hotspot\share\interpreter\linkResolver.cpp, line 773]
Event: 27.539 Thread 0x000001c6c6ef4fd0 Exception <a 'java/lang/NoSuchMethodError'{0x00000000d66d1830}: 'java.lang.Object java.lang.invoke.DirectMethodHandle$Holder.invokeVirtual(java.lang.Object, java.lang.Object, int)'> (0x00000000d66d1830) 
thrown [s\src\hotspot\share\interpreter\linkResolver.cpp, line 773]
Event: 27.932 Thread 0x000001c6c6ef4fd0 Exception <a 'java/lang/LinkageError'{0x00000000d55d0250}: loader lombok.launch.ShadowClassLoader @32bc70b6 attempted duplicate class definition for lombok.launch.PatchFixesHider$Transform. (lombok.launch.PatchFixesHider$Transform is in unnamed module of loader lombok.launch.ShadowClassLoader @32bc70b6, parent loader org.eclipse.osgi.internal.loader.EquinoxClassLoader @41690aa)> (0x00000000d55d0250) 
thrown [s\src\hotspot\share\classfile\systemDictionary.cpp, line 1672]
Event: 29.364 Thread 0x000001c6c6ef7dc0 Implicit null exception at 0x000001c6ee1b6120 to 0x000001c6ee1b6c88
Event: 29.856 Thread 0x000001c6c6ef7dc0 Exception <a 'java/lang/NoSuchMethodError'{0x00000000d5ca82c8}: 'java.lang.Object java.lang.invoke.DirectMethodHandle$Holder.invokeSpecial(java.lang.Object, java.lang.Object, java.lang.Object, java.lang.Object, int, java.lang.Object, java.lang.Object)'> (0x00000000d5ca82c8) 
thrown [s\src\hotspot\share\interpreter\linkResolver.cpp, line 773]
Event: 29.856 Thread 0x000001c6c6ef4fd0 Exception <a 'java/lang/NoSuchMethodError'{0x00000000d5fe91a8}: 'java.lang.Object java.lang.invoke.DirectMethodHandle$Holder.invokeSpecial(java.lang.Object, java.lang.Object, java.lang.Object, java.lang.Object, int, java.lang.Object, java.lang.Object)'> (0x00000000d5fe91a8) 
thrown [s\src\hotspot\share\interpreter\linkResolver.cpp, line 773]
Event: 30.288 Thread 0x000001c6c6ef70a0 Exception <a 'java/lang/IncompatibleClassChangeError'{0x00000000d66001f0}: Found class java.lang.Object, but interface was expected> (0x00000000d66001f0) 
thrown [s\src\hotspot\share\interpreter\linkResolver.cpp, line 840]

ZGC Phase Switch (0 events):
No events

VM Operations (20 events):
Event: 26.279 Executing safepoint VM operation: ParallelGCFailedAllocation (Allocation Failure)
Event: 26.283 Executing safepoint VM operation: ParallelGCFailedAllocation (Allocation Failure) done
Event: 26.435 Executing safepoint VM operation: ParallelGCFailedAllocation (Allocation Failure)
Event: 26.440 Executing safepoint VM operation: ParallelGCFailedAllocation (Allocation Failure) done
Event: 26.676 Executing safepoint VM operation: ParallelGCFailedAllocation (Allocation Failure)
Event: 26.682 Executing safepoint VM operation: ParallelGCFailedAllocation (Allocation Failure) done
Event: 26.922 Executing safepoint VM operation: ParallelGCFailedAllocation (Allocation Failure)
Event: 26.928 Executing safepoint VM operation: ParallelGCFailedAllocation (Allocation Failure) done
Event: 27.112 Executing safepoint VM operation: ParallelGCFailedAllocation (Allocation Failure)
Event: 27.119 Executing safepoint VM operation: ParallelGCFailedAllocation (Allocation Failure) done
Event: 27.568 Executing non-safepoint VM operation: HandshakeAllThreads (Deoptimize)
Event: 27.568 Executing non-safepoint VM operation: HandshakeAllThreads (Deoptimize) done
Event: 27.654 Executing safepoint VM operation: CollectForMetadataAllocation (Metadata GC Threshold)
Event: 27.770 Executing safepoint VM operation: CollectForMetadataAllocation (Metadata GC Threshold) done
Event: 28.781 Executing safepoint VM operation: Cleanup
Event: 28.781 Executing safepoint VM operation: Cleanup done
Event: 29.222 Executing safepoint VM operation: ParallelGCFailedAllocation (Allocation Failure)
Event: 29.224 Executing safepoint VM operation: ParallelGCFailedAllocation (Allocation Failure) done
Event: 30.232 Executing safepoint VM operation: Cleanup
Event: 30.242 Executing safepoint VM operation: Cleanup done

Memory protections (0 events):
No events

Nmethod flushes (20 events):
Event: 27.707 Thread 0x000001c6f9e6f0a0 flushing  nmethod 0x000001c6e6b56010
Event: 27.707 Thread 0x000001c6f9e6f0a0 flushing  nmethod 0x000001c6e6b56a10
Event: 27.707 Thread 0x000001c6f9e6f0a0 flushing  nmethod 0x000001c6e6b59510
Event: 27.707 Thread 0x000001c6f9e6f0a0 flushing  nmethod 0x000001c6e6b5e590
Event: 27.707 Thread 0x000001c6f9e6f0a0 flushing  nmethod 0x000001c6e6b5ed10
Event: 27.707 Thread 0x000001c6f9e6f0a0 flushing  nmethod 0x000001c6e6b67110
Event: 27.707 Thread 0x000001c6f9e6f0a0 flushing  nmethod 0x000001c6e6b6f990
Event: 27.707 Thread 0x000001c6f9e6f0a0 flushing  nmethod 0x000001c6e6b7b710
Event: 27.707 Thread 0x000001c6f9e6f0a0 flushing  nmethod 0x000001c6e6b8a390
Event: 27.707 Thread 0x000001c6f9e6f0a0 flushing  nmethod 0x000001c6e6b95610
Event: 27.707 Thread 0x000001c6f9e6f0a0 flushing  nmethod 0x000001c6e6bceb90
Event: 27.707 Thread 0x000001c6f9e6f0a0 flushing  nmethod 0x000001c6e6bd4b90
Event: 27.707 Thread 0x000001c6f9e6f0a0 flushing  nmethod 0x000001c6e6c26190
Event: 27.707 Thread 0x000001c6f9e6f0a0 flushing  nmethod 0x000001c6e6c60210
Event: 27.707 Thread 0x000001c6f9e6f0a0 flushing  nmethod 0x000001c6e6cca790
Event: 27.707 Thread 0x000001c6f9e6f0a0 flushing  nmethod 0x000001c6e6ccb190
Event: 27.707 Thread 0x000001c6f9e6f0a0 flushing  nmethod 0x000001c6e6cd2910
Event: 27.707 Thread 0x000001c6f9e6f0a0 flushing  nmethod 0x000001c6e6ceff10
Event: 27.707 Thread 0x000001c6f9e6f0a0 flushing  nmethod 0x000001c6e6cf0210
Event: 27.707 Thread 0x000001c6f9e6f0a0 flushing  nmethod 0x000001c6e6d2cb90

Events (20 events):
Event: 15.033 Thread 0x000001c6e341b360 Thread added: 0x000001c6c6ef3590
Event: 15.033 Thread 0x000001c6e341b360 Thread added: 0x000001c6c6ef42b0
Event: 15.086 Thread 0x000001c6e341b360 Thread added: 0x000001c6c6ef21e0
Event: 15.271 Thread 0x000001c6c6ef7730 Thread added: 0x000001c6c6ef4940
Event: 15.624 Thread 0x000001c6e341b360 Thread added: 0x000001c6c6ef6a10
Event: 15.625 Thread 0x000001c6e341b360 Thread added: 0x000001c6c6ef70a0
Event: 16.052 Thread 0x000001c6c51493a0 Thread exited: 0x000001c6c51493a0
Event: 16.052 Thread 0x000001c6c5d4d210 Thread exited: 0x000001c6c5d4d210
Event: 16.052 Thread 0x000001c6c5d4aab0 Thread exited: 0x000001c6c5d4aab0
Event: 16.066 Thread 0x000001c6c5d4cb80 Thread exited: 0x000001c6c5d4cb80
Event: 16.066 Thread 0x000001c6c5d4b7d0 Thread exited: 0x000001c6c5d4b7d0
Event: 16.071 Thread 0x000001c6c514a080 Thread exited: 0x000001c6c514a080
Event: 16.072 Thread 0x000001c6c514a6f0 Thread exited: 0x000001c6c514a6f0
Event: 16.083 Thread 0x000001c6c5149a10 Thread exited: 0x000001c6c5149a10
Event: 19.375 Thread 0x000001c6c62255c0 Thread exited: 0x000001c6c62255c0
Event: 25.396 Thread 0x000001c6c6ef70a0 Thread added: 0x000001c6c6ef4fd0
Event: 27.653 Thread 0x000001c6c6ef70a0 Thread added: 0x000001c6c6ef7dc0
Event: 30.256 Thread 0x000001c6c6ef70a0 Thread added: 0x000001c6c6ef0e30
Event: 30.273 Thread 0x000001c6c6ef70a0 Thread added: 0x000001c6c6ef8450
Event: 30.291 Thread 0x000001c6c6ef70a0 Thread added: 0x000001c6c6ef14c0


Dynamic libraries:
0x00007ff6330c0000 - 0x00007ff6330ce000 	c:\Users\PCWORLD\.vscode\extensions\redhat.java-1.53.0-win32-x64\jre\21.0.10-win32-x86_64\bin\java.exe
0x00007ffaa7720000 - 0x00007ffaa7929000 	C:\Windows\SYSTEM32\ntdll.dll
0x00007ffaa6610000 - 0x00007ffaa66cd000 	C:\Windows\System32\KERNEL32.DLL
0x00007ffaa4c50000 - 0x00007ffaa4fd4000 	C:\Windows\System32\KERNELBASE.dll
0x00007ffaa50a0000 - 0x00007ffaa51b1000 	C:\Windows\System32\ucrtbase.dll
0x00007ffa90690000 - 0x00007ffa906ae000 	c:\Users\PCWORLD\.vscode\extensions\redhat.java-1.53.0-win32-x64\jre\21.0.10-win32-x86_64\bin\VCRUNTIME140.dll
0x00007ffaa0c00000 - 0x00007ffaa0c18000 	c:\Users\PCWORLD\.vscode\extensions\redhat.java-1.53.0-win32-x64\jre\21.0.10-win32-x86_64\bin\jli.dll
0x00007ffaa74c0000 - 0x00007ffaa766d000 	C:\Windows\System32\USER32.dll
0x00007ffaa54c0000 - 0x00007ffaa54e6000 	C:\Windows\System32\win32u.dll
0x00007ffaa7360000 - 0x00007ffaa738a000 	C:\Windows\System32\GDI32.dll
0x00007ffa90860000 - 0x00007ffa90b05000 	C:\Windows\WinSxS\amd64_microsoft.windows.common-controls_6595b64144ccf1df_6.0.22000.120_none_9d947278b86cc467\COMCTL32.dll
0x00007ffaa53a0000 - 0x00007ffaa54be000 	C:\Windows\System32\gdi32full.dll
0x00007ffaa6330000 - 0x00007ffaa63d3000 	C:\Windows\System32\msvcrt.dll
0x00007ffaa4bb0000 - 0x00007ffaa4c4d000 	C:\Windows\System32\msvcp_win.dll
0x00007ffaa66d0000 - 0x00007ffaa6701000 	C:\Windows\System32\IMM32.DLL
0x00007ffa9b9d0000 - 0x00007ffa9b9dc000 	c:\Users\PCWORLD\.vscode\extensions\redhat.java-1.53.0-win32-x64\jre\21.0.10-win32-x86_64\bin\vcruntime140_1.dll
0x00007ffa77cc0000 - 0x00007ffa77d4d000 	c:\Users\PCWORLD\.vscode\extensions\redhat.java-1.53.0-win32-x64\jre\21.0.10-win32-x86_64\bin\msvcp140.dll
0x00007ffa64cd0000 - 0x00007ffa65a71000 	c:\Users\PCWORLD\.vscode\extensions\redhat.java-1.53.0-win32-x64\jre\21.0.10-win32-x86_64\bin\server\jvm.dll
0x00007ffaa5570000 - 0x00007ffaa561e000 	C:\Windows\System32\ADVAPI32.dll
0x00007ffaa7420000 - 0x00007ffaa74be000 	C:\Windows\System32\sechost.dll
0x00007ffaa6800000 - 0x00007ffaa6921000 	C:\Windows\System32\RPCRT4.dll
0x00007ffaa7670000 - 0x00007ffaa76df000 	C:\Windows\System32\WS2_32.dll
0x00007ffaa49d0000 - 0x00007ffaa4a1d000 	C:\Windows\SYSTEM32\POWRPROF.dll
0x00007ffa9b900000 - 0x00007ffa9b933000 	C:\Windows\SYSTEM32\WINMM.dll
0x00007ffa99640000 - 0x00007ffa9964a000 	C:\Windows\SYSTEM32\VERSION.dll
0x00007ffaa48c0000 - 0x00007ffaa48d3000 	C:\Windows\SYSTEM32\UMPDC.dll
0x00007ffaa3be0000 - 0x00007ffaa3bf8000 	C:\Windows\SYSTEM32\kernel.appcore.dll
0x00007ffa92440000 - 0x00007ffa9244a000 	c:\Users\PCWORLD\.vscode\extensions\redhat.java-1.53.0-win32-x64\jre\21.0.10-win32-x86_64\bin\jimage.dll
0x00007ffaa1d40000 - 0x00007ffaa1f61000 	C:\Windows\SYSTEM32\DBGHELP.DLL
0x00007ffa8d5f0000 - 0x00007ffa8d621000 	C:\Windows\SYSTEM32\dbgcore.DLL
0x00007ffaa54f0000 - 0x00007ffaa556f000 	C:\Windows\System32\bcryptPrimitives.dll
0x00007ffa91330000 - 0x00007ffa9133f000 	c:\Users\PCWORLD\.vscode\extensions\redhat.java-1.53.0-win32-x64\jre\21.0.10-win32-x86_64\bin\instrument.dll
0x00007ffa90000000 - 0x00007ffa90020000 	c:\Users\PCWORLD\.vscode\extensions\redhat.java-1.53.0-win32-x64\jre\21.0.10-win32-x86_64\bin\java.dll
0x00007ffaa6ae0000 - 0x00007ffaa72a5000 	C:\Windows\System32\SHELL32.dll
0x00007ffaa2c40000 - 0x00007ffaa34a2000 	C:\Windows\SYSTEM32\windows.storage.dll
0x00007ffaa5df0000 - 0x00007ffaa6166000 	C:\Windows\System32\combase.dll
0x00007ffaa2ad0000 - 0x00007ffaa2c37000 	C:\Windows\SYSTEM32\wintypes.dll
0x00007ffaa5d00000 - 0x00007ffaa5dea000 	C:\Windows\System32\SHCORE.dll
0x00007ffaa67a0000 - 0x00007ffaa67fd000 	C:\Windows\System32\shlwapi.dll
0x00007ffaa4ae0000 - 0x00007ffaa4b05000 	C:\Windows\SYSTEM32\profapi.dll
0x00007ffa8c600000 - 0x00007ffa8c618000 	c:\Users\PCWORLD\.vscode\extensions\redhat.java-1.53.0-win32-x64\jre\21.0.10-win32-x86_64\bin\zip.dll
0x00007ffa91200000 - 0x00007ffa91210000 	C:\Users\PCWORLD\.vscode\extensions\redhat.java-1.53.0-win32-x64\jre\21.0.10-win32-x86_64\bin\net.dll
0x00007ffa9bfa0000 - 0x00007ffa9c0b4000 	C:\Windows\SYSTEM32\WINHTTP.dll
0x00007ffaa4080000 - 0x00007ffaa40e7000 	C:\Windows\system32\mswsock.dll
0x00007ffa87900000 - 0x00007ffa87916000 	C:\Users\PCWORLD\.vscode\extensions\redhat.java-1.53.0-win32-x64\jre\21.0.10-win32-x86_64\bin\nio.dll
0x00007ffa8caa0000 - 0x00007ffa8cab0000 	c:\Users\PCWORLD\.vscode\extensions\redhat.java-1.53.0-win32-x64\jre\21.0.10-win32-x86_64\bin\verify.dll
0x00007ffa781a0000 - 0x00007ffa781e5000 	C:\Users\PCWORLD\AppData\Roaming\Code\User\globalStorage\redhat.java\1.53.0\config_ss_win\org.eclipse.equinox.launcher\org.eclipse.equinox.launcher.win32.win32.x86_64_1.3.0.v20260203-2149\eclipse_11919.dll
0x00007ffaa6940000 - 0x00007ffaa6ada000 	C:\Windows\System32\ole32.dll
0x00007ffaa4350000 - 0x00007ffaa4368000 	C:\Windows\SYSTEM32\CRYPTSP.dll
0x00007ffaa3b40000 - 0x00007ffaa3b75000 	C:\Windows\system32\rsaenh.dll
0x00007ffaa4120000 - 0x00007ffaa414c000 	C:\Windows\SYSTEM32\USERENV.dll
0x00007ffaa4500000 - 0x00007ffaa4527000 	C:\Windows\SYSTEM32\bcrypt.dll
0x00007ffaa4270000 - 0x00007ffaa427c000 	C:\Windows\SYSTEM32\CRYPTBASE.dll
0x00007ffaa3740000 - 0x00007ffaa376d000 	C:\Windows\SYSTEM32\IPHLPAPI.DLL
0x00007ffaa5cf0000 - 0x00007ffaa5cf9000 	C:\Windows\System32\NSI.dll
0x00007ffa77d70000 - 0x00007ffa77db9000 	C:\Users\PCWORLD\AppData\Local\Temp\jna--13215393\jna3606535517435276397.dll
0x00007ffaa6930000 - 0x00007ffaa6938000 	C:\Windows\System32\PSAPI.DLL
0x00007ffa9b940000 - 0x00007ffa9b959000 	C:\Windows\SYSTEM32\dhcpcsvc6.DLL
0x00007ffa9c5a0000 - 0x00007ffa9c5be000 	C:\Windows\SYSTEM32\dhcpcsvc.DLL

JVMTI agents:
c:\Users\PCWORLD\.vscode\extensions\redhat.java-1.53.0-win32-x64\lombok\lombok-1.18.39-4050.jar path:c:\Users\PCWORLD\.vscode\extensions\redhat.java-1.53.0-win32-x64\jre\21.0.10-win32-x86_64\bin\instrument.dll, loaded, initialized, instrumentlib options:none

dbghelp: loaded successfully - version: 4.0.5 - missing functions: none
symbol engine: initialized successfully - sym options: 0x614 - pdb path: .;c:\Users\PCWORLD\.vscode\extensions\redhat.java-1.53.0-win32-x64\jre\21.0.10-win32-x86_64\bin;C:\Windows\SYSTEM32;C:\Windows\WinSxS\amd64_microsoft.windows.common-controls_6595b64144ccf1df_6.0.22000.120_none_9d947278b86cc467;c:\Users\PCWORLD\.vscode\extensions\redhat.java-1.53.0-win32-x64\jre\21.0.10-win32-x86_64\bin\server;C:\Users\PCWORLD\AppData\Roaming\Code\User\globalStorage\redhat.java\1.53.0\config_ss_win\org.eclipse.equinox.launcher\org.eclipse.equinox.launcher.win32.win32.x86_64_1.3.0.v20260203-2149;C:\Users\PCWORLD\AppData\Local\Temp\jna--13215393

VM Arguments:
jvm_args: --add-modules=ALL-SYSTEM --add-opens=java.base/java.util=ALL-UNNAMED --add-opens=java.base/java.lang=ALL-UNNAMED --add-opens=java.base/sun.nio.fs=ALL-UNNAMED -Declipse.application=org.eclipse.jdt.ls.core.id1 -Dosgi.bundles.defaultStartLevel=4 -Declipse.product=org.eclipse.jdt.ls.core.product -Djava.import.generatesMetadataFilesAtProjectRoot=false -DDetectVMInstallationsJob.disabled=true -Dfile.encoding=utf8 -XX:+UseParallelGC -XX:GCTimeRatio=4 -XX:AdaptiveSizePolicyWeight=90 -Dsun.zip.disableMemoryMapping=true -Xmx2G -Xms100m -Xlog:disable -javaagent:c:\Users\PCWORLD\.vscode\extensions\redhat.java-1.53.0-win32-x64\lombok\lombok-1.18.39-4050.jar 
java_command: c:\Users\PCWORLD\.vscode\extensions\redhat.java-1.53.0-win32-x64\server\plugins\org.eclipse.equinox.launcher_1.7.100.v20251111-0406.jar -configuration c:\Users\PCWORLD\AppData\Roaming\Code\User\globalStorage\redhat.java\1.53.0\config_ss_win -data c:\Users\PCWORLD\AppData\Roaming\Code\User\workspaceStorage\e7c664c26b48f43b94250642b376e7ba\redhat.java\ss_ws --pipe=\\.\pipe\lsp-4d6a00616b4e38b40fc19f572f77bb33-sock
java_class_path (initial): c:\Users\PCWORLD\.vscode\extensions\redhat.java-1.53.0-win32-x64\server\plugins\org.eclipse.equinox.launcher_1.7.100.v20251111-0406.jar
Launcher Type: SUN_STANDARD

[Global flags]
    uintx AdaptiveSizePolicyWeight                 = 90                                        {product} {command line}
     intx CICompilerCount                          = 4                                         {product} {ergonomic}
    uintx GCTimeRatio                              = 4                                         {product} {command line}
   size_t InitialHeapSize                          = 104857600                                 {product} {command line}
   size_t MaxHeapSize                              = 2147483648                                {product} {command line}
   size_t MaxNewSize                               = 715653120                                 {product} {ergonomic}
   size_t MinHeapDeltaBytes                        = 524288                                    {product} {ergonomic}
   size_t MinHeapSize                              = 104857600                                 {product} {command line}
   size_t NewSize                                  = 34603008                                  {product} {ergonomic}
    uintx NonNMethodCodeHeapSize                   = 5839372                                {pd product} {ergonomic}
    uintx NonProfiledCodeHeapSize                  = 122909434                              {pd product} {ergonomic}
   size_t OldSize                                  = 70254592                                  {product} {ergonomic}
    uintx ProfiledCodeHeapSize                     = 122909434                              {pd product} {ergonomic}
    uintx ReservedCodeCacheSize                    = 251658240                              {pd product} {ergonomic}
     bool SegmentedCodeCache                       = true                                      {product} {ergonomic}
   size_t SoftMaxHeapSize                          = 2147483648                             {manageable} {ergonomic}
     bool UseCompressedOops                        = true                           {product lp64_product} {ergonomic}
     bool UseLargePagesIndividualAllocation        = false                                  {pd product} {ergonomic}
     bool UseParallelGC                            = true                                      {product} {command line}

Logging:
Log output configuration:
 #0: stdout all=off uptime,level,tags foldmultilines=false
 #1: stderr all=off uptime,level,tags foldmultilines=false

Release file:
JAVA_VERSION="21.0.10" 
MODULES="java.base java.compiler java.datatransfer java.xml java.prefs java.desktop java.instrument java.logging java.management java.security.sasl java.naming java.rmi java.management.rmi java.net.http java.scripting java.security.jgss java.transaction.xa java.sql java.sql.rowset java.xml.crypto java.se java.smartcardio jdk.accessibility jdk.internal.jvmstat jdk.attach jdk.charsets jdk.internal.opt jdk.zipfs jdk.compiler jdk.crypto.ec jdk.crypto.cryptoki jdk.crypto.mscapi jdk.dynalink jdk.internal.ed jdk.editpad jdk.hotspot.agent jdk.httpserver jdk.internal.le jdk.internal.vm.ci jdk.internal.vm.compiler jdk.internal.vm.compiler.management jdk.jartool jdk.javadoc jdk.jcmd jdk.management jdk.management.agent jdk.jconsole jdk.jdeps jdk.jdwp.agent jdk.jdi jdk.jfr jdk.jshell jdk.jsobject jdk.jstatd jdk.localedata jdk.management.jfr jdk.naming.dns jdk.naming.rmi jdk.net jdk.nio.mapmode jdk.random jdk.sctp jdk.security.auth jdk.security.jgss jdk.unsupported jdk.unsupported.desktop jdk.xml.dom" 

Environment Variables:
PATH=C:\Users\PCWORLD\AppData\Local\Programs\Microsoft VS Code;C:\Program Files\Common Files\Oracle\Java\javapath;C:\Windows\system32;C:\Windows;C:\Windows\System32\Wbem;C:\Windows\System32\WindowsPowerShell\v1.0\;C:\Windows\System32\OpenSSH\;C:\Program Files (x86)\Intel\Intel(R) Management Engine Components\DAL;C:\Program Files\Intel\Intel(R) Management Engine Components\DAL;C:\Program Files\Git\cmd;C:\Program Files\nodejs\;C:\ProgramData\chocolatey\bin;C:\Users\PCWORLD\Downloads\platform-tools-latest-windows\platform-tools;;C:\Program Files\Docker\Docker\resources\bin;E:\program_files\cursor\resources\app\bin;C:\Users\PCWORLD\AppData\Local\Programs\Python\Python313\Scripts\;C:\Users\PCWORLD\AppData\Local\Programs\Python\Python313\;C:\Users\PCWORLD\AppData\Local\Programs\Python\Launcher\;C:\Users\PCWORLD\AppData\Local\Microsoft\WindowsApps;C:\Users\PCWORLD\AppData\Local\Programs\Microsoft VS Code\bin;C:\Users\PCWORLD\AppData\Roaming\npm;E:\program_files\Antigravity\bin
USERNAME=PCWORLD
OS=Windows_NT
PROCESSOR_IDENTIFIER=Intel64 Family 6 Model 142 Stepping 10, GenuineIntel
TMP=C:\Users\PCWORLD\AppData\Local\Temp
TEMP=C:\Users\PCWORLD\AppData\Local\Temp




Periodic native trim disabled

---------------  S Y S T E M  ---------------

OS:
 Windows 11 , 64 bit Build 22000 (10.0.22000.2538)
OS uptime: 0 days 8:04 hours
Hyper-V role detected

CPU: total 8 (initial active 8) (4 cores per cpu, 2 threads per core) family 6 model 142 stepping 10 microcode 0xe0, cx8, cmov, fxsr, ht, mmx, 3dnowpref, sse, sse2, sse3, ssse3, sse4.1, sse4.2, popcnt, lzcnt, tsc, tscinvbit, avx, avx2, aes, erms, clmul, bmi1, bmi2, rtm, adx, fma, vzeroupper, clflush, clflushopt, hv, rdtscp, f16c
Processor Information for the first 8 processors :
  Max Mhz: 2112, Current Mhz: 1910, Mhz Limit: 1900

Memory: 4k page, system-wide physical 8071M (262M free)
TotalPageFile size 29008M (AvailPageFile size 34M)
current process WorkingSet (physical memory assigned to process): 185M, peak: 188M
current process commit charge ("private bytes"): 297M, peak: 301M

vm_info: OpenJDK 64-Bit Server VM (21.0.10+7-LTS) for windows-amd64 JRE (21.0.10+7-LTS), built on 2026-01-20T00:00:00Z by "admin" with MS VC++ 17.12 (VS2022)

END.
