#
# There is insufficient memory for the Java Runtime Environment to continue.
# Native memory allocation (malloc) failed to allocate 1130896 bytes. Error detail: Chunk::new
# Possible reasons:
#   The system is out of physical RAM or swap space
#   This process is running with CompressedOops enabled, and the Java Heap may be blocking the growth of the native heap
# Possible solutions:
#   Reduce memory load on the system
#   Increase physical memory or swap space
#   Check if swap backing store is full
#   Decrease Java heap size (-Xmx/-Xms)
#   Decrease number of Java threads
#   Decrease Java thread stack sizes (-Xss)
#   Set larger code cache with -XX:ReservedCodeCacheSize=
#   JVM is running with Unscaled Compressed Oops mode in which the Java heap is
#     placed in the first 4GB address space. The Java Heap base address is the
#     maximum limit for the native heap growth. Please use -XX:HeapBaseMinAddress
#     to set the Java Heap base and to place the Java Heap above 4GB virtual address.
# This output file may be truncated or incomplete.
#
#  Out of Memory Error (arena.cpp:168), pid=13084, tid=9660
#
# JRE version: OpenJDK Runtime Environment Temurin-21.0.10+7 (21.0.10+7) (build 21.0.10+7-LTS)
# Java VM: OpenJDK 64-Bit Server VM Temurin-21.0.10+7 (21.0.10+7-LTS, mixed mode, sharing, tiered, compressed oops, compressed class ptrs, parallel gc, windows-amd64)
# No core dump will be written. Minidumps are not enabled by default on client versions of Windows
#

---------------  S U M M A R Y ------------

Command Line: --add-modules=ALL-SYSTEM --add-opens=java.base/java.util=ALL-UNNAMED --add-opens=java.base/java.lang=ALL-UNNAMED --add-opens=java.base/sun.nio.fs=ALL-UNNAMED -Declipse.application=org.eclipse.jdt.ls.core.id1 -Dosgi.bundles.defaultStartLevel=4 -Declipse.product=org.eclipse.jdt.ls.core.product -Djava.import.generatesMetadataFilesAtProjectRoot=false -DDetectVMInstallationsJob.disabled=true -Dfile.encoding=utf8 -XX:+UseParallelGC -XX:GCTimeRatio=4 -XX:AdaptiveSizePolicyWeight=90 -Dsun.zip.disableMemoryMapping=true -Xmx2G -Xms100m -Xlog:disable -javaagent:c:\Users\PCWORLD\.vscode\extensions\redhat.java-1.53.0-win32-x64\lombok\lombok-1.18.39-4050.jar -XX:+HeapDumpOnOutOfMemoryError -XX:HeapDumpPath=c:\Users\PCWORLD\AppData\Roaming\Code\User\workspaceStorage\e2db35a916415c4cc1ea659e3c14d46e\redhat.java -Daether.dependencyCollector.impl=bf c:\Users\PCWORLD\.vscode\extensions\redhat.java-1.53.0-win32-x64\server\plugins\org.eclipse.equinox.launcher_1.7.100.v20251111-0406.jar -configuration c:\Users\PCWORLD\AppData\Roaming\Code\User\globalStorage\redhat.java\1.53.0\config_win -data c:\Users\PCWORLD\AppData\Roaming\Code\User\workspaceStorage\e2db35a916415c4cc1ea659e3c14d46e\redhat.java\jdt_ws --pipe=\\.\pipe\lsp-6b25f27dc348a9b876c7c1850a5d37c0-sock

Host: Intel(R) Core(TM) i7-8650U CPU @ 1.90GHz, 8 cores, 7G,  Windows 11 , 64 bit Build 22000 (10.0.22000.2538)
Time: Tue Apr  7 12:36:35 2026 Sri Lanka Standard Time elapsed time: 12821.527172 seconds (0d 3h 33m 41s)

---------------  T H R E A D  ---------------

Current thread (0x00000175148c6d40):  JavaThread "C2 CompilerThread0" daemon [_thread_in_native, id=9660, stack(0x0000001897400000,0x0000001897500000) (1024K)]


Current CompileTask:
C2:12821527 16579       4       org.eclipse.jdt.internal.compiler.parser.Parser::consumeRule (7843 bytes)

Stack: [0x0000001897400000,0x0000001897500000]
Native frames: (J=compiled Java code, j=interpreted, Vv=VM code, C=native code)
V  [jvm.dll+0x6d7a39]
V  [jvm.dll+0x8b4b26]
V  [jvm.dll+0x8b70de]
V  [jvm.dll+0x8b77c3]
V  [jvm.dll+0x284346]
V  [jvm.dll+0xc66ed]
V  [jvm.dll+0xc6c31]
V  [jvm.dll+0x3bec01]
V  [jvm.dll+0x38b162]
V  [jvm.dll+0x38a5aa]
V  [jvm.dll+0x24c560]
V  [jvm.dll+0x24bb40]
V  [jvm.dll+0x1cb34e]
V  [jvm.dll+0x25b85d]
V  [jvm.dll+0x259dea]
V  [jvm.dll+0x3f857e]
V  [jvm.dll+0x85f59d]
V  [jvm.dll+0x6d626d]
C  [ucrtbase.dll+0x26c0c]
C  [KERNEL32.DLL+0x153e0]
C  [ntdll.dll+0x485b]


---------------  P R O C E S S  ---------------

Threads class SMR info:
_java_thread_list=0x00000175046ea3b0, length=71, elements={
0x000001751494ec30, 0x00000175148bda40, 0x00000175148bf1b0, 0x00000175148c2bb0,
0x00000175148c38d0, 0x00000175148c54a0, 0x00000175148c5f00, 0x00000175148c6d40,
0x00000175148df150, 0x000001756dd24120, 0x000001756ddc3770, 0x0000017572637850,
0x00000175726235d0, 0x00000175723b4d90, 0x00000175723b2b50, 0x0000017572b10650,
0x0000017572ae74d0, 0x0000017572e73b20, 0x0000017572e75bf0, 0x0000017572e75560,
0x0000017572e73490, 0x0000017573e15760, 0x0000017573e15df0, 0x0000017573e10f30,
0x0000017573e0ee60, 0x0000017573e150d0, 0x0000017573e13690, 0x0000017573e16480,
0x0000017573e108a0, 0x0000017573e115c0, 0x0000017573e11c50, 0x0000017573e13d20,
0x0000017573e0f4f0, 0x0000017573e12970, 0x0000017574356430, 0x0000017574355080,
0x0000017574356ac0, 0x0000017574355da0, 0x00000175743598b0, 0x0000017574357150,
0x0000017574358b90, 0x00000175743577e0, 0x0000017574357e70, 0x000001757435b2f0,
0x0000017574359220, 0x000001757435b980, 0x000001757435ac60, 0x000001757435a5d0,
0x0000017574359f40, 0x000001757435c010, 0x0000017573e143b0, 0x0000017573e14a40,
0x0000017573e122e0, 0x0000017573e10210, 0x0000017573e13000, 0x0000017572e74ed0,
0x0000017572e72e00, 0x0000017574e87080, 0x0000017574e83570, 0x0000017574e88430,
0x0000017574e84fb0, 0x0000017574e84290, 0x0000017574e869f0, 0x0000017574e85cd0,
0x0000017574e821c0, 0x0000017574e86360, 0x0000017574e85640, 0x0000017574e87710,
0x0000017574e82850, 0x0000017574e87da0, 0x000001757582b8d0
}

Java Threads: ( => current thread )
  0x000001751494ec30 JavaThread "main"                              [_thread_blocked, id=19084, stack(0x0000001896a00000,0x0000001896b00000) (1024K)]
  0x00000175148bda40 JavaThread "Reference Handler"          daemon [_thread_blocked, id=10408, stack(0x0000001896e00000,0x0000001896f00000) (1024K)]
  0x00000175148bf1b0 JavaThread "Finalizer"                  daemon [_thread_blocked, id=11128, stack(0x0000001896f00000,0x0000001897000000) (1024K)]
  0x00000175148c2bb0 JavaThread "Signal Dispatcher"          daemon [_thread_blocked, id=10488, stack(0x0000001897000000,0x0000001897100000) (1024K)]
  0x00000175148c38d0 JavaThread "Attach Listener"            daemon [_thread_blocked, id=5688, stack(0x0000001897100000,0x0000001897200000) (1024K)]
  0x00000175148c54a0 JavaThread "Service Thread"             daemon [_thread_blocked, id=7396, stack(0x0000001897200000,0x0000001897300000) (1024K)]
  0x00000175148c5f00 JavaThread "Monitor Deflation Thread"   daemon [_thread_blocked, id=7184, stack(0x0000001897300000,0x0000001897400000) (1024K)]
=>0x00000175148c6d40 JavaThread "C2 CompilerThread0"         daemon [_thread_in_native, id=9660, stack(0x0000001897400000,0x0000001897500000) (1024K)]
  0x00000175148df150 JavaThread "C1 CompilerThread0"         daemon [_thread_blocked, id=10436, stack(0x0000001897500000,0x0000001897600000) (1024K)]
  0x000001756dd24120 JavaThread "Common-Cleaner"             daemon [_thread_blocked, id=5288, stack(0x0000001897600000,0x0000001897700000) (1024K)]
  0x000001756ddc3770 JavaThread "Notification Thread"        daemon [_thread_blocked, id=9688, stack(0x0000001897700000,0x0000001897800000) (1024K)]
  0x0000017572637850 JavaThread "Active Thread: Equinox Container: 6f0ca243-b9fb-4292-9429-15f08e14dbd2"        [_thread_blocked, id=1736, stack(0x0000001897e00000,0x0000001897f00000) (1024K)]
  0x00000175726235d0 JavaThread "Refresh Thread: Equinox Container: 6f0ca243-b9fb-4292-9429-15f08e14dbd2" daemon [_thread_blocked, id=3092, stack(0x0000001898000000,0x0000001898100000) (1024K)]
  0x00000175723b4d90 JavaThread "Framework Event Dispatcher: Equinox Container: 6f0ca243-b9fb-4292-9429-15f08e14dbd2" daemon [_thread_blocked, id=1556, stack(0x0000001898100000,0x0000001898200000) (1024K)]
  0x00000175723b2b50 JavaThread "Start Level: Equinox Container: 6f0ca243-b9fb-4292-9429-15f08e14dbd2" daemon [_thread_blocked, id=16964, stack(0x0000001898200000,0x0000001898300000) (1024K)]
  0x0000017572b10650 JavaThread "Bundle File Closer"         daemon [_thread_blocked, id=8948, stack(0x0000001898300000,0x0000001898400000) (1024K)]
  0x0000017572ae74d0 JavaThread "SCR Component Actor"        daemon [_thread_blocked, id=3316, stack(0x0000001898400000,0x0000001898500000) (1024K)]
  0x0000017572e73b20 JavaThread "Worker-JM"                         [_thread_blocked, id=6704, stack(0x0000001898500000,0x0000001898600000) (1024K)]
  0x0000017572e75bf0 JavaThread "JNA Cleaner"                daemon [_thread_blocked, id=11484, stack(0x0000001898600000,0x0000001898700000) (1024K)]
  0x0000017572e75560 JavaThread "Worker-2"                          [_thread_blocked, id=14896, stack(0x0000001898900000,0x0000001898a00000) (1024K)]
  0x0000017572e73490 JavaThread "Java indexing"              daemon [_thread_blocked, id=13384, stack(0x0000001898a00000,0x0000001898b00000) (1024K)]
  0x0000017573e15760 JavaThread "Worker-3"                          [_thread_blocked, id=4428, stack(0x0000001898d00000,0x0000001898e00000) (1024K)]
  0x0000017573e15df0 JavaThread "Thread-1"                   daemon [_thread_in_native, id=10132, stack(0x0000001898e00000,0x0000001898f00000) (1024K)]
  0x0000017573e10f30 JavaThread "Thread-2"                   daemon [_thread_in_native, id=13552, stack(0x0000001898f00000,0x0000001899000000) (1024K)]
  0x0000017573e0ee60 JavaThread "Thread-3"                   daemon [_thread_in_native, id=17900, stack(0x0000001899000000,0x0000001899100000) (1024K)]
  0x0000017573e150d0 JavaThread "Thread-4"                   daemon [_thread_in_native, id=17176, stack(0x0000001899100000,0x0000001899200000) (1024K)]
  0x0000017573e13690 JavaThread "Thread-5"                   daemon [_thread_in_native, id=12696, stack(0x0000001899200000,0x0000001899300000) (1024K)]
  0x0000017573e16480 JavaThread "Thread-6"                   daemon [_thread_in_native, id=10740, stack(0x0000001899300000,0x0000001899400000) (1024K)]
  0x0000017573e108a0 JavaThread "Thread-7"                   daemon [_thread_in_native, id=7792, stack(0x0000001899400000,0x0000001899500000) (1024K)]
  0x0000017573e115c0 JavaThread "Thread-8"                   daemon [_thread_in_native, id=16532, stack(0x0000001899500000,0x0000001899600000) (1024K)]
  0x0000017573e11c50 JavaThread "Thread-9"                   daemon [_thread_in_native, id=12016, stack(0x0000001899600000,0x0000001899700000) (1024K)]
  0x0000017573e13d20 JavaThread "pool-2-thread-1"                   [_thread_blocked, id=12832, stack(0x0000001899700000,0x0000001899800000) (1024K)]
  0x0000017573e0f4f0 JavaThread "WorkspaceEventsHandler"            [_thread_blocked, id=3724, stack(0x0000001899900000,0x0000001899a00000) (1024K)]
  0x0000017573e12970 JavaThread "pool-1-thread-1"                   [_thread_blocked, id=9640, stack(0x0000001899a00000,0x0000001899b00000) (1024K)]
  0x0000017574356430 JavaThread "LocalFile Deleter"          daemon [_thread_blocked, id=20472, stack(0x0000001896800000,0x0000001896900000) (1024K)]
  0x0000017574355080 JavaThread "LocalFile Deleter"          daemon [_thread_blocked, id=3896, stack(0x0000001896900000,0x0000001896a00000) (1024K)]
  0x0000017574356ac0 JavaThread "LocalFile Deleter"          daemon [_thread_blocked, id=13376, stack(0x0000001898700000,0x0000001898800000) (1024K)]
  0x0000017574355da0 JavaThread "LocalFile Deleter"          daemon [_thread_blocked, id=21672, stack(0x0000001898800000,0x0000001898900000) (1024K)]
  0x00000175743598b0 JavaThread "LocalFile Deleter"          daemon [_thread_blocked, id=13408, stack(0x0000001898b00000,0x0000001898c00000) (1024K)]
  0x0000017574357150 JavaThread "LocalFile Deleter"          daemon [_thread_blocked, id=10752, stack(0x0000001898c00000,0x0000001898d00000) (1024K)]
  0x0000017574358b90 JavaThread "LocalFile Deleter"          daemon [_thread_blocked, id=19660, stack(0x0000001899800000,0x0000001899900000) (1024K)]
  0x00000175743577e0 JavaThread "LocalFile Deleter"          daemon [_thread_blocked, id=13280, stack(0x0000001899b00000,0x0000001899c00000) (1024K)]
  0x0000017574357e70 JavaThread "Worker-5"                          [_thread_blocked, id=12008, stack(0x0000001899c00000,0x0000001899d00000) (1024K)]
  0x000001757435b2f0 JavaThread "Worker-6"                          [_thread_blocked, id=20072, stack(0x0000001899d00000,0x0000001899e00000) (1024K)]
  0x0000017574359220 JavaThread "Worker-7"                          [_thread_blocked, id=14132, stack(0x0000001899e00000,0x0000001899f00000) (1024K)]
  0x000001757435b980 JavaThread "Compiler Source File Reader" daemon [_thread_blocked, id=7064, stack(0x0000001899f00000,0x000000189a000000) (1024K)]
  0x000001757435ac60 JavaThread "Compiler Source File Reader" daemon [_thread_blocked, id=22328, stack(0x000000189a000000,0x000000189a100000) (1024K)]
  0x000001757435a5d0 JavaThread "Compiler Source File Reader" daemon [_thread_blocked, id=20540, stack(0x000000189a100000,0x000000189a200000) (1024K)]
  0x0000017574359f40 JavaThread "Compiler Source File Reader" daemon [_thread_blocked, id=8692, stack(0x000000189a200000,0x000000189a300000) (1024K)]
  0x000001757435c010 JavaThread "Compiler Source File Reader" daemon [_thread_blocked, id=14292, stack(0x000000189a300000,0x000000189a400000) (1024K)]
  0x0000017573e143b0 JavaThread "Compiler Source File Reader" daemon [_thread_blocked, id=10604, stack(0x000000189a400000,0x000000189a500000) (1024K)]
  0x0000017573e14a40 JavaThread "Compiler Processing Task"   daemon [_thread_blocked, id=3712, stack(0x000000189a500000,0x000000189a600000) (1024K)]
  0x0000017573e122e0 JavaThread "Compiler Class File Writer" daemon [_thread_blocked, id=5972, stack(0x000000189a600000,0x000000189a700000) (1024K)]
  0x0000017573e10210 JavaThread "Compiler Class File Writer" daemon [_thread_blocked, id=9516, stack(0x000000189a700000,0x000000189a800000) (1024K)]
  0x0000017573e13000 JavaThread "Compiler Class File Writer" daemon [_thread_blocked, id=22752, stack(0x000000189a800000,0x000000189a900000) (1024K)]
  0x0000017572e74ed0 JavaThread "Compiler Class File Writer" daemon [_thread_blocked, id=22860, stack(0x000000189a900000,0x000000189aa00000) (1024K)]
  0x0000017572e72e00 JavaThread "Compiler Class File Writer" daemon [_thread_blocked, id=15388, stack(0x000000189aa00000,0x000000189ab00000) (1024K)]
  0x0000017574e87080 JavaThread "Compiler Class File Writer" daemon [_thread_blocked, id=19736, stack(0x000000189ab00000,0x000000189ac00000) (1024K)]
  0x0000017574e83570 JavaThread "Worker-8"                          [_thread_blocked, id=9868, stack(0x000000189ac00000,0x000000189ad00000) (1024K)]
  0x0000017574e88430 JavaThread "Worker-9"                          [_thread_blocked, id=22764, stack(0x000000189ad00000,0x000000189ae00000) (1024K)]
  0x0000017574e84fb0 JavaThread "ForkJoinPool.commonPool-worker-11" daemon [_thread_blocked, id=19416, stack(0x000000189ae00000,0x000000189af00000) (1024K)]
  0x0000017574e84290 JavaThread "ForkJoinPool.commonPool-worker-12" daemon [_thread_blocked, id=23280, stack(0x000000189af00000,0x000000189b000000) (1024K)]
  0x0000017574e869f0 JavaThread "ForkJoinPool.commonPool-worker-13" daemon [_thread_blocked, id=13360, stack(0x000000189b000000,0x000000189b100000) (1024K)]
  0x0000017574e85cd0 JavaThread "ForkJoinPool.commonPool-worker-14" daemon [_thread_blocked, id=12160, stack(0x000000189b100000,0x000000189b200000) (1024K)]
  0x0000017574e821c0 JavaThread "ForkJoinPool.commonPool-worker-15" daemon [_thread_blocked, id=20768, stack(0x0000001896700000,0x0000001896800000) (1024K)]
  0x0000017574e86360 JavaThread "ForkJoinPool.commonPool-worker-16" daemon [_thread_blocked, id=19900, stack(0x000000189b300000,0x000000189b400000) (1024K)]
  0x0000017574e85640 JavaThread "Java Debug Server"          daemon [_thread_in_native, id=21976, stack(0x000000189b500000,0x000000189b600000) (1024K)]
  0x0000017574e87710 JavaThread "pool-11-thread-1"                  [_thread_blocked, id=11604, stack(0x000000189b600000,0x000000189b700000) (1024K)]
  0x0000017574e82850 JavaThread "RxSchedulerPurge-1"         daemon [_thread_blocked, id=19960, stack(0x000000189b700000,0x000000189b800000) (1024K)]
  0x0000017574e87da0 JavaThread "RxCachedWorkerPoolEvictor-1" daemon [_thread_blocked, id=20168, stack(0x000000189b800000,0x000000189b900000) (1024K)]
  0x000001757582b8d0 JavaThread "process reaper"             daemon [_thread_blocked, id=7000, stack(0x00000018963a0000,0x00000018963c0000) (128K)]
Total: 71

Other Threads:
  0x00000175148a34a0 VMThread "VM Thread"                           [id=11940, stack(0x0000001896d00000,0x0000001896e00000) (1024K)]
  0x00000175147919e0 WatcherThread "VM Periodic Task Thread"        [id=12308, stack(0x0000001896c00000,0x0000001896d00000) (1024K)]
  0x000001751496d270 WorkerThread "GC Thread#0"                     [id=5152, stack(0x0000001896b00000,0x0000001896c00000) (1024K)]
  0x000001757205b8f0 WorkerThread "GC Thread#1"                     [id=8304, stack(0x0000001897800000,0x0000001897900000) (1024K)]
  0x000001757225b2e0 WorkerThread "GC Thread#2"                     [id=1716, stack(0x0000001897900000,0x0000001897a00000) (1024K)]
  0x000001756debba90 WorkerThread "GC Thread#3"                     [id=3408, stack(0x0000001897a00000,0x0000001897b00000) (1024K)]
  0x000001756debbe40 WorkerThread "GC Thread#4"                     [id=15960, stack(0x0000001897b00000,0x0000001897c00000) (1024K)]
  0x000001756debc1f0 WorkerThread "GC Thread#5"                     [id=16340, stack(0x0000001897c00000,0x0000001897d00000) (1024K)]
  0x000001756debc5a0 WorkerThread "GC Thread#6"                     [id=6196, stack(0x0000001897d00000,0x0000001897e00000) (1024K)]
  0x00000175723a73c0 WorkerThread "GC Thread#7"                     [id=9512, stack(0x0000001897f00000,0x0000001898000000) (1024K)]
Total: 10

Threads with active compile tasks:
C2 CompilerThread0  12821576 16579       4       org.eclipse.jdt.internal.compiler.parser.Parser::consumeRule (7843 bytes)
Total: 1

VM state: not at safepoint (normal execution)

VM Mutex/Monitor currently owned by a thread: None

Heap address: 0x0000000080000000, size: 2048 MB, Compressed Oops mode: 32-bit

CDS archive(s) mapped at: [0x000001752c000000-0x000001752cba0000-0x000001752cba0000), size 12189696, SharedBaseAddress: 0x000001752c000000, ArchiveRelocationMode: 1.
Compressed class space mapped at: 0x000001752d000000-0x000001756d000000, reserved size: 1073741824
Narrow klass base: 0x000001752c000000, Narrow klass shift: 0, Narrow klass range: 0x100000000

GC Precious Log:
 CardTable entry size: 512
 CPUs: 8 total, 8 available
 Memory: 8071M
 Large Page Support: Disabled
 NUMA Support: Disabled
 Compressed Oops: Enabled (32-bit)
 Alignments: Space 512K, Generation 512K, Heap 2M
 Heap Min Capacity: 100M
 Heap Initial Capacity: 100M
 Heap Max Capacity: 2G
 Pre-touch: Disabled
 Parallel Workers: 8

Heap:
 PSYoungGen      total 20992K, used 17196K [0x00000000d5580000, 0x00000000d7200000, 0x0000000100000000)
  eden space 19968K, 81% used [0x00000000d5580000,0x00000000d654eca0,0x00000000d6900000)
  from space 1024K, 98% used [0x00000000d6980000,0x00000000d6a7c368,0x00000000d6a80000)
  to   space 4608K, 0% used [0x00000000d6d80000,0x00000000d6d80000,0x00000000d7200000)
 ParOldGen       total 385536K, used 385300K [0x0000000080000000, 0x0000000097880000, 0x00000000d5580000)
  object space 385536K, 99% used [0x0000000080000000,0x00000000978453c0,0x0000000097880000)
 Metaspace       used 81536K, committed 83264K, reserved 1179648K
  class space    used 8741K, committed 9472K, reserved 1048576K

Card table byte_map: [0x0000017514300000,0x0000017514710000] _byte_map_base: 0x0000017513f00000

Marking Bits: (ParMarkBitMap*) 0x00007ffea74e3450
 Begin Bits: [0x0000017526e10000, 0x0000017528e10000)
 End Bits:   [0x0000017528e10000, 0x000001752ae10000)

Polling page: 0x00000175127c0000

Metaspace:

Usage:
  Non-class:     71.09 MB used.
      Class:      8.54 MB used.
       Both:     79.63 MB used.

Virtual space:
  Non-class space:      128.00 MB reserved,      72.06 MB ( 56%) committed,  2 nodes.
      Class space:        1.00 GB reserved,       9.25 MB ( <1%) committed,  1 nodes.
             Both:        1.12 GB reserved,      81.31 MB (  7%) committed. 

Chunk freelists:
   Non-Class:  7.51 MB
       Class:  6.78 MB
        Both:  14.29 MB

MaxMetaspaceSize: unlimited
CompressedClassSpaceSize: 1.00 GB
Initial GC threshold: 21.00 MB
Current GC threshold: 97.31 MB
CDS: on
 - commit_granule_bytes: 65536.
 - commit_granule_words: 8192.
 - virtual_space_node_default_size: 8388608.
 - enlarge_chunks_in_place: 1.
 - use_allocation_guard: 0.


Internal statistics:

num_allocs_failed_limit: 9.
num_arena_births: 1382.
num_arena_deaths: 22.
num_vsnodes_births: 3.
num_vsnodes_deaths: 0.
num_space_committed: 1301.
num_space_uncommitted: 0.
num_chunks_returned_to_freelist: 35.
num_chunks_taken_from_freelist: 5001.
num_chunk_merges: 19.
num_chunk_splits: 3115.
num_chunks_enlarged: 1836.
num_inconsistent_stats: 0.

CodeHeap 'non-profiled nmethods': size=120000Kb used=10974Kb max_used=10974Kb free=109025Kb
 bounds [0x000001751f630000, 0x00000175200f0000, 0x0000017526b60000]
CodeHeap 'profiled nmethods': size=120000Kb used=36467Kb max_used=36467Kb free=83532Kb
 bounds [0x0000017517b60000, 0x0000017519f00000, 0x000001751f090000]
CodeHeap 'non-nmethods': size=5760Kb used=1507Kb max_used=1626Kb free=4252Kb
 bounds [0x000001751f090000, 0x000001751f300000, 0x000001751f630000]
CodeCache: size=245760Kb, used=48948Kb, max_used=49067Kb, free=196809Kb
 total_blobs=16733, nmethods=15901, adapters=736, full_count=0
Compilation: enabled, stopped_count=0, restarted_count=0

Compilation events (20 events):
Event: 12821.483 Thread 0x00000175148df150 16619       3       org.eclipse.jdt.internal.compiler.parser.Parser::pushOnGenericsIdentifiersLengthStack (53 bytes)
Event: 12821.483 Thread 0x00000175148df150 nmethod 16619 0x0000017519ef3f10 code [0x0000017519ef40c0, 0x0000017519ef43a0]
Event: 12821.483 Thread 0x00000175148df150 16620       3       org.eclipse.jdt.internal.compiler.parser.Scanner::atTextBlockStart (6 bytes)
Event: 12821.483 Thread 0x00000175148df150 nmethod 16620 0x0000017519ef4510 code [0x0000017519ef46c0, 0x0000017519ef4888]
Event: 12821.483 Thread 0x00000175148df150 16621       3       lombok.eclipse.EclipseAST::buildTypeUse (294 bytes)
Event: 12821.487 Thread 0x00000175148df150 nmethod 16621 0x0000017519ef4990 code [0x0000017519ef4dc0, 0x0000017519ef7750]
Event: 12821.487 Thread 0x00000175148df150 16624       3       lombok.eclipse.EclipseAST::buildStatement (57 bytes)
Event: 12821.488 Thread 0x00000175148df150 nmethod 16624 0x0000017519ef8510 code [0x0000017519ef8740, 0x0000017519ef9050]
Event: 12821.488 Thread 0x00000175148df150 16625       3       org.eclipse.jdt.internal.core.SourceRefElement::<init> (7 bytes)
Event: 12821.488 Thread 0x00000175148df150 nmethod 16625 0x0000017519ef9210 code [0x0000017519ef93e0, 0x0000017519ef97e0]
Event: 12821.488 Thread 0x00000175148df150 16623       3       org.eclipse.jdt.internal.compiler.ast.SingleNameReference::<init> (25 bytes)
Event: 12821.489 Thread 0x00000175148df150 nmethod 16623 0x0000017519ef9990 code [0x0000017519ef9b60, 0x0000017519ef9ef0]
Event: 12821.489 Thread 0x00000175148df150 16622       3       java.lang.invoke.LambdaForm$MH/0x000001752d7e4400::invoke (42 bytes)
Event: 12821.490 Thread 0x00000175148df150 nmethod 16622 0x0000017519efa090 code [0x0000017519efa320, 0x0000017519efb0a0]
Event: 12821.490 Thread 0x00000175148df150 16626       1       org.eclipse.jdt.internal.core.Annotation::getElementType (3 bytes)
Event: 12821.490 Thread 0x00000175148df150 nmethod 16626 0x00000175200e7590 code [0x00000175200e7720, 0x00000175200e77e8]
Event: 12821.496 Thread 0x00000175148df150 16627   !   3       com.google.gson.Gson::toJson (34 bytes)
Event: 12821.497 Thread 0x00000175148df150 nmethod 16627 0x0000017519efb510 code [0x0000017519efb740, 0x0000017519efbfd0]
Event: 12821.497 Thread 0x00000175148df150 16628       3       com.google.gson.internal.Streams::writerForAppendable (23 bytes)
Event: 12821.497 Thread 0x00000175148df150 nmethod 16628 0x0000017519efc310 code [0x0000017519efc500, 0x0000017519efcb60]

GC Heap History (20 events):
Event: 12784.298 GC heap before
{Heap before GC invocations=691 (full 3):
 PSYoungGen      total 22016K, used 21760K [0x00000000d5580000, 0x00000000d6c00000, 0x0000000100000000)
  eden space 21504K, 100% used [0x00000000d5580000,0x00000000d6a80000,0x00000000d6a80000)
  from space 512K, 50% used [0x00000000d6a80000,0x00000000d6ac0000,0x00000000d6b00000)
  to   space 512K, 0% used [0x00000000d6b80000,0x00000000d6b80000,0x00000000d6c00000)
 ParOldGen       total 377856K, used 377459K [0x0000000080000000, 0x0000000097100000, 0x00000000d5580000)
  object space 377856K, 99% used [0x0000000080000000,0x000000009709ce78,0x0000000097100000)
 Metaspace       used 77436K, committed 79040K, reserved 1179648K
  class space    used 8206K, committed 8896K, reserved 1048576K
}
Event: 12784.300 GC heap after
{Heap after GC invocations=691 (full 3):
 PSYoungGen      total 22016K, used 384K [0x00000000d5580000, 0x00000000d6c00000, 0x0000000100000000)
  eden space 21504K, 0% used [0x00000000d5580000,0x00000000d5580000,0x00000000d6a80000)
  from space 512K, 75% used [0x00000000d6b80000,0x00000000d6be0000,0x00000000d6c00000)
  to   space 512K, 0% used [0x00000000d6a80000,0x00000000d6a80000,0x00000000d6b00000)
 ParOldGen       total 377856K, used 377555K [0x0000000080000000, 0x0000000097100000, 0x00000000d5580000)
  object space 377856K, 99% used [0x0000000080000000,0x00000000970b4e78,0x0000000097100000)
 Metaspace       used 77436K, committed 79040K, reserved 1179648K
  class space    used 8206K, committed 8896K, reserved 1048576K
}
Event: 12784.327 GC heap before
{Heap before GC invocations=692 (full 3):
 PSYoungGen      total 22016K, used 21888K [0x00000000d5580000, 0x00000000d6c00000, 0x0000000100000000)
  eden space 21504K, 100% used [0x00000000d5580000,0x00000000d6a80000,0x00000000d6a80000)
  from space 512K, 75% used [0x00000000d6b80000,0x00000000d6be0000,0x00000000d6c00000)
  to   space 512K, 0% used [0x00000000d6a80000,0x00000000d6a80000,0x00000000d6b00000)
 ParOldGen       total 377856K, used 377555K [0x0000000080000000, 0x0000000097100000, 0x00000000d5580000)
  object space 377856K, 99% used [0x0000000080000000,0x00000000970b4e78,0x0000000097100000)
 Metaspace       used 77446K, committed 79040K, reserved 1179648K
  class space    used 8206K, committed 8896K, reserved 1048576K
}
Event: 12784.329 GC heap after
{Heap after GC invocations=692 (full 3):
 PSYoungGen      total 22016K, used 288K [0x00000000d5580000, 0x00000000d6c00000, 0x0000000100000000)
  eden space 21504K, 0% used [0x00000000d5580000,0x00000000d5580000,0x00000000d6a80000)
  from space 512K, 56% used [0x00000000d6a80000,0x00000000d6ac8000,0x00000000d6b00000)
  to   space 512K, 0% used [0x00000000d6b80000,0x00000000d6b80000,0x00000000d6c00000)
 ParOldGen       total 377856K, used 377750K [0x0000000080000000, 0x0000000097100000, 0x00000000d5580000)
  object space 377856K, 99% used [0x0000000080000000,0x00000000970e5ba8,0x0000000097100000)
 Metaspace       used 77446K, committed 79040K, reserved 1179648K
  class space    used 8206K, committed 8896K, reserved 1048576K
}
Event: 12784.359 GC heap before
{Heap before GC invocations=693 (full 3):
 PSYoungGen      total 22016K, used 21792K [0x00000000d5580000, 0x00000000d6c00000, 0x0000000100000000)
  eden space 21504K, 100% used [0x00000000d5580000,0x00000000d6a80000,0x00000000d6a80000)
  from space 512K, 56% used [0x00000000d6a80000,0x00000000d6ac8000,0x00000000d6b00000)
  to   space 512K, 0% used [0x00000000d6b80000,0x00000000d6b80000,0x00000000d6c00000)
 ParOldGen       total 377856K, used 377750K [0x0000000080000000, 0x0000000097100000, 0x00000000d5580000)
  object space 377856K, 99% used [0x0000000080000000,0x00000000970e5ba8,0x0000000097100000)
 Metaspace       used 77454K, committed 79040K, reserved 1179648K
  class space    used 8206K, committed 8896K, reserved 1048576K
}
Event: 12784.362 GC heap after
{Heap after GC invocations=693 (full 3):
 PSYoungGen      total 22016K, used 352K [0x00000000d5580000, 0x00000000d6c00000, 0x0000000100000000)
  eden space 21504K, 0% used [0x00000000d5580000,0x00000000d5580000,0x00000000d6a80000)
  from space 512K, 68% used [0x00000000d6b80000,0x00000000d6bd8000,0x00000000d6c00000)
  to   space 512K, 0% used [0x00000000d6a80000,0x00000000d6a80000,0x00000000d6b00000)
 ParOldGen       total 378368K, used 377918K [0x0000000080000000, 0x0000000097180000, 0x00000000d5580000)
  object space 378368K, 99% used [0x0000000080000000,0x000000009710fbb0,0x0000000097180000)
 Metaspace       used 77454K, committed 79040K, reserved 1179648K
  class space    used 8206K, committed 8896K, reserved 1048576K
}
Event: 12784.380 GC heap before
{Heap before GC invocations=694 (full 3):
 PSYoungGen      total 22016K, used 21856K [0x00000000d5580000, 0x00000000d6c00000, 0x0000000100000000)
  eden space 21504K, 100% used [0x00000000d5580000,0x00000000d6a80000,0x00000000d6a80000)
  from space 512K, 68% used [0x00000000d6b80000,0x00000000d6bd8000,0x00000000d6c00000)
  to   space 512K, 0% used [0x00000000d6a80000,0x00000000d6a80000,0x00000000d6b00000)
 ParOldGen       total 378368K, used 377918K [0x0000000080000000, 0x0000000097180000, 0x00000000d5580000)
  object space 378368K, 99% used [0x0000000080000000,0x000000009710fbb0,0x0000000097180000)
 Metaspace       used 77454K, committed 79040K, reserved 1179648K
  class space    used 8206K, committed 8896K, reserved 1048576K
}
Event: 12784.383 GC heap after
{Heap after GC invocations=694 (full 3):
 PSYoungGen      total 22016K, used 320K [0x00000000d5580000, 0x00000000d6c00000, 0x0000000100000000)
  eden space 21504K, 0% used [0x00000000d5580000,0x00000000d5580000,0x00000000d6a80000)
  from space 512K, 62% used [0x00000000d6a80000,0x00000000d6ad0000,0x00000000d6b00000)
  to   space 512K, 0% used [0x00000000d6b80000,0x00000000d6b80000,0x00000000d6c00000)
 ParOldGen       total 378368K, used 378014K [0x0000000080000000, 0x0000000097180000, 0x00000000d5580000)
  object space 378368K, 99% used [0x0000000080000000,0x0000000097127bb0,0x0000000097180000)
 Metaspace       used 77454K, committed 79040K, reserved 1179648K
  class space    used 8206K, committed 8896K, reserved 1048576K
}
Event: 12784.402 GC heap before
{Heap before GC invocations=695 (full 3):
 PSYoungGen      total 22016K, used 21824K [0x00000000d5580000, 0x00000000d6c00000, 0x0000000100000000)
  eden space 21504K, 100% used [0x00000000d5580000,0x00000000d6a80000,0x00000000d6a80000)
  from space 512K, 62% used [0x00000000d6a80000,0x00000000d6ad0000,0x00000000d6b00000)
  to   space 512K, 0% used [0x00000000d6b80000,0x00000000d6b80000,0x00000000d6c00000)
 ParOldGen       total 378368K, used 378014K [0x0000000080000000, 0x0000000097180000, 0x00000000d5580000)
  object space 378368K, 99% used [0x0000000080000000,0x0000000097127bb0,0x0000000097180000)
 Metaspace       used 77454K, committed 79040K, reserved 1179648K
  class space    used 8206K, committed 8896K, reserved 1048576K
}
Event: 12784.404 GC heap after
{Heap after GC invocations=695 (full 3):
 PSYoungGen      total 22016K, used 320K [0x00000000d5580000, 0x00000000d6c00000, 0x0000000100000000)
  eden space 21504K, 0% used [0x00000000d5580000,0x00000000d5580000,0x00000000d6a80000)
  from space 512K, 62% used [0x00000000d6b80000,0x00000000d6bd0000,0x00000000d6c00000)
  to   space 512K, 0% used [0x00000000d6a80000,0x00000000d6a80000,0x00000000d6b00000)
 ParOldGen       total 378368K, used 378158K [0x0000000080000000, 0x0000000097180000, 0x00000000d5580000)
  object space 378368K, 99% used [0x0000000080000000,0x000000009714bbb0,0x0000000097180000)
 Metaspace       used 77454K, committed 79040K, reserved 1179648K
  class space    used 8206K, committed 8896K, reserved 1048576K
}
Event: 12784.476 GC heap before
{Heap before GC invocations=696 (full 3):
 PSYoungGen      total 22016K, used 21824K [0x00000000d5580000, 0x00000000d6c00000, 0x0000000100000000)
  eden space 21504K, 100% used [0x00000000d5580000,0x00000000d6a80000,0x00000000d6a80000)
  from space 512K, 62% used [0x00000000d6b80000,0x00000000d6bd0000,0x00000000d6c00000)
  to   space 512K, 0% used [0x00000000d6a80000,0x00000000d6a80000,0x00000000d6b00000)
 ParOldGen       total 378368K, used 378158K [0x0000000080000000, 0x0000000097180000, 0x00000000d5580000)
  object space 378368K, 99% used [0x0000000080000000,0x000000009714bbb0,0x0000000097180000)
 Metaspace       used 77577K, committed 79296K, reserved 1179648K
  class space    used 8224K, committed 8960K, reserved 1048576K
}
Event: 12784.480 GC heap after
{Heap after GC invocations=696 (full 3):
 PSYoungGen      total 22016K, used 482K [0x00000000d5580000, 0x00000000d6e80000, 0x0000000100000000)
  eden space 21504K, 0% used [0x00000000d5580000,0x00000000d5580000,0x00000000d6a80000)
  from space 512K, 94% used [0x00000000d6a80000,0x00000000d6af8988,0x00000000d6b00000)
  to   space 2048K, 0% used [0x00000000d6c80000,0x00000000d6c80000,0x00000000d6e80000)
 ParOldGen       total 379392K, used 379213K [0x0000000080000000, 0x0000000097280000, 0x00000000d5580000)
  object space 379392K, 99% used [0x0000000080000000,0x0000000097253480,0x0000000097280000)
 Metaspace       used 77577K, committed 79296K, reserved 1179648K
  class space    used 8224K, committed 8960K, reserved 1048576K
}
Event: 12784.606 GC heap before
{Heap before GC invocations=697 (full 3):
 PSYoungGen      total 22016K, used 21986K [0x00000000d5580000, 0x00000000d6e80000, 0x0000000100000000)
  eden space 21504K, 100% used [0x00000000d5580000,0x00000000d6a80000,0x00000000d6a80000)
  from space 512K, 94% used [0x00000000d6a80000,0x00000000d6af8988,0x00000000d6b00000)
  to   space 2048K, 0% used [0x00000000d6c80000,0x00000000d6c80000,0x00000000d6e80000)
 ParOldGen       total 379392K, used 379213K [0x0000000080000000, 0x0000000097280000, 0x00000000d5580000)
  object space 379392K, 99% used [0x0000000080000000,0x0000000097253480,0x0000000097280000)
 Metaspace       used 77894K, committed 79552K, reserved 1179648K
  class space    used 8256K, committed 8960K, reserved 1048576K
}
Event: 12784.610 GC heap after
{Heap after GC invocations=697 (full 3):
 PSYoungGen      total 22016K, used 2039K [0x00000000d5580000, 0x00000000d7180000, 0x0000000100000000)
  eden space 19968K, 0% used [0x00000000d5580000,0x00000000d5580000,0x00000000d6900000)
  from space 2048K, 99% used [0x00000000d6c80000,0x00000000d6e7dd48,0x00000000d6e80000)
  to   space 3584K, 0% used [0x00000000d6900000,0x00000000d6900000,0x00000000d6c80000)
 ParOldGen       total 380416K, used 380026K [0x0000000080000000, 0x0000000097380000, 0x00000000d5580000)
  object space 380416K, 99% used [0x0000000080000000,0x000000009731e898,0x0000000097380000)
 Metaspace       used 77894K, committed 79552K, reserved 1179648K
  class space    used 8256K, committed 8960K, reserved 1048576K
}
Event: 12784.747 GC heap before
{Heap before GC invocations=698 (full 3):
 PSYoungGen      total 22016K, used 22007K [0x00000000d5580000, 0x00000000d7180000, 0x0000000100000000)
  eden space 19968K, 99% used [0x00000000d5580000,0x00000000d68fffb0,0x00000000d6900000)
  from space 2048K, 99% used [0x00000000d6c80000,0x00000000d6e7dd48,0x00000000d6e80000)
  to   space 3584K, 0% used [0x00000000d6900000,0x00000000d6900000,0x00000000d6c80000)
 ParOldGen       total 380416K, used 380026K [0x0000000080000000, 0x0000000097380000, 0x00000000d5580000)
  object space 380416K, 99% used [0x0000000080000000,0x000000009731e898,0x0000000097380000)
 Metaspace       used 78426K, committed 80128K, reserved 1179648K
  class space    used 8319K, committed 9024K, reserved 1048576K
}
Event: 12784.755 GC heap after
{Heap after GC invocations=698 (full 3):
 PSYoungGen      total 20992K, used 816K [0x00000000d5580000, 0x00000000d6d00000, 0x0000000100000000)
  eden space 19968K, 0% used [0x00000000d5580000,0x00000000d5580000,0x00000000d6900000)
  from space 1024K, 79% used [0x00000000d6900000,0x00000000d69cc010,0x00000000d6a00000)
  to   space 2048K, 0% used [0x00000000d6b00000,0x00000000d6b00000,0x00000000d6d00000)
 ParOldGen       total 382464K, used 382020K [0x0000000080000000, 0x0000000097580000, 0x00000000d5580000)
  object space 382464K, 99% used [0x0000000080000000,0x0000000097511250,0x0000000097580000)
 Metaspace       used 78426K, committed 80128K, reserved 1179648K
  class space    used 8319K, committed 9024K, reserved 1048576K
}
Event: 12785.227 GC heap before
{Heap before GC invocations=699 (full 3):
 PSYoungGen      total 20992K, used 20784K [0x00000000d5580000, 0x00000000d6d00000, 0x0000000100000000)
  eden space 19968K, 100% used [0x00000000d5580000,0x00000000d6900000,0x00000000d6900000)
  from space 1024K, 79% used [0x00000000d6900000,0x00000000d69cc010,0x00000000d6a00000)
  to   space 2048K, 0% used [0x00000000d6b00000,0x00000000d6b00000,0x00000000d6d00000)
 ParOldGen       total 382464K, used 382020K [0x0000000080000000, 0x0000000097580000, 0x00000000d5580000)
  object space 382464K, 99% used [0x0000000080000000,0x0000000097511250,0x0000000097580000)
 Metaspace       used 79915K, committed 81600K, reserved 1179648K
  class space    used 8484K, committed 9216K, reserved 1048576K
}
Event: 12785.230 GC heap after
{Heap after GC invocations=699 (full 3):
 PSYoungGen      total 20480K, used 401K [0x00000000d5580000, 0x00000000d6b80000, 0x0000000100000000)
  eden space 19968K, 0% used [0x00000000d5580000,0x00000000d5580000,0x00000000d6900000)
  from space 512K, 78% used [0x00000000d6b00000,0x00000000d6b645c8,0x00000000d6b80000)
  to   space 1024K, 0% used [0x00000000d6980000,0x00000000d6980000,0x00000000d6a80000)
 ParOldGen       total 382976K, used 382513K [0x0000000080000000, 0x0000000097600000, 0x00000000d5580000)
  object space 382976K, 99% used [0x0000000080000000,0x000000009758c748,0x0000000097600000)
 Metaspace       used 79915K, committed 81600K, reserved 1179648K
  class space    used 8484K, committed 9216K, reserved 1048576K
}
Event: 12793.152 GC heap before
{Heap before GC invocations=700 (full 3):
 PSYoungGen      total 20480K, used 20363K [0x00000000d5580000, 0x00000000d6b80000, 0x0000000100000000)
  eden space 19968K, 99% used [0x00000000d5580000,0x00000000d68fea28,0x00000000d6900000)
  from space 512K, 78% used [0x00000000d6b00000,0x00000000d6b645c8,0x00000000d6b80000)
  to   space 1024K, 0% used [0x00000000d6980000,0x00000000d6980000,0x00000000d6a80000)
 ParOldGen       total 382976K, used 382513K [0x0000000080000000, 0x0000000097600000, 0x00000000d5580000)
  object space 382976K, 99% used [0x0000000080000000,0x000000009758c748,0x0000000097600000)
 Metaspace       used 81478K, committed 83200K, reserved 1179648K
  class space    used 8741K, committed 9472K, reserved 1048576K
}
Event: 12793.156 GC heap after
{Heap after GC invocations=700 (full 3):
 PSYoungGen      total 20992K, used 1008K [0x00000000d5580000, 0x00000000d7200000, 0x0000000100000000)
  eden space 19968K, 0% used [0x00000000d5580000,0x00000000d5580000,0x00000000d6900000)
  from space 1024K, 98% used [0x00000000d6980000,0x00000000d6a7c368,0x00000000d6a80000)
  to   space 4608K, 0% used [0x00000000d6d80000,0x00000000d6d80000,0x00000000d7200000)
 ParOldGen       total 385536K, used 385300K [0x0000000080000000, 0x0000000097880000, 0x00000000d5580000)
  object space 385536K, 99% used [0x0000000080000000,0x00000000978453c0,0x0000000097880000)
 Metaspace       used 81478K, committed 83200K, reserved 1179648K
  class space    used 8741K, committed 9472K, reserved 1048576K
}

Dll operation events (12 events):
Event: 0.014 Loaded shared library c:\Users\PCWORLD\.vscode\extensions\redhat.java-1.53.0-win32-x64\jre\21.0.10-win32-x86_64\bin\java.dll
Event: 0.137 Loaded shared library c:\Users\PCWORLD\.vscode\extensions\redhat.java-1.53.0-win32-x64\jre\21.0.10-win32-x86_64\bin\zip.dll
Event: 0.183 Loaded shared library C:\Users\PCWORLD\.vscode\extensions\redhat.java-1.53.0-win32-x64\jre\21.0.10-win32-x86_64\bin\instrument.dll
Event: 0.191 Loaded shared library C:\Users\PCWORLD\.vscode\extensions\redhat.java-1.53.0-win32-x64\jre\21.0.10-win32-x86_64\bin\net.dll
Event: 0.194 Loaded shared library C:\Users\PCWORLD\.vscode\extensions\redhat.java-1.53.0-win32-x64\jre\21.0.10-win32-x86_64\bin\nio.dll
Event: 0.198 Loaded shared library C:\Users\PCWORLD\.vscode\extensions\redhat.java-1.53.0-win32-x64\jre\21.0.10-win32-x86_64\bin\zip.dll
Event: 0.235 Loaded shared library C:\Users\PCWORLD\.vscode\extensions\redhat.java-1.53.0-win32-x64\jre\21.0.10-win32-x86_64\bin\jimage.dll
Event: 0.389 Loaded shared library c:\Users\PCWORLD\.vscode\extensions\redhat.java-1.53.0-win32-x64\jre\21.0.10-win32-x86_64\bin\verify.dll
Event: 1.892 Loaded shared library C:\Users\PCWORLD\AppData\Roaming\Code\User\globalStorage\redhat.java\1.53.0\config_win\org.eclipse.equinox.launcher\org.eclipse.equinox.launcher.win32.win32.x86_64_1.3.0.v20260203-2149\eclipse_11919.dll
Event: 3.554 Loaded shared library C:\Users\PCWORLD\AppData\Local\Temp\jna--13215393\jna12884496298384145500.dll
Event: 5.733 Loaded shared library C:\Users\PCWORLD\.vscode\extensions\redhat.java-1.53.0-win32-x64\jre\21.0.10-win32-x86_64\bin\sunmscapi.dll
Event: 5.940 Loaded shared library C:\Users\PCWORLD\.vscode\extensions\redhat.java-1.53.0-win32-x64\jre\21.0.10-win32-x86_64\bin\extnet.dll

Deoptimization events (20 events):
Event: 12821.403 Thread 0x0000017573e12970 Uncommon trap: trap_request=0xffffff45 fr.pc=0x00000175200b036c relative=0x000000000000012c
Event: 12821.403 Thread 0x0000017573e12970 Uncommon trap: reason=unstable_if action=reinterpret pc=0x00000175200b036c method=com.google.gson.stream.JsonReader.readEscapeCharacter()C @ 45 c2
Event: 12821.403 Thread 0x0000017573e12970 DEOPT PACKING pc=0x00000175200b036c sp=0x0000001899afe5a0
Event: 12821.404 Thread 0x0000017573e12970 DEOPT UNPACKING pc=0x000001751f0e3aa2 sp=0x0000001899afe510 mode 2
Event: 12821.409 Thread 0x0000017573e12970 Uncommon trap: trap_request=0xffffffc6 fr.pc=0x000001752002a6f4 relative=0x00000000000009f4
Event: 12821.409 Thread 0x0000017573e12970 Uncommon trap: reason=bimorphic_or_optimized_type_check action=maybe_recompile pc=0x000001752002a6f4 method=org.eclipse.jdt.internal.compiler.parser.Parser.consumeRule(I)V @ 7797 c2
Event: 12821.409 Thread 0x0000017573e12970 DEOPT PACKING pc=0x000001752002a6f4 sp=0x0000001899afe1b0
Event: 12821.409 Thread 0x0000017573e12970 DEOPT UNPACKING pc=0x000001751f0e3aa2 sp=0x0000001899afe158 mode 2
Event: 12821.410 Thread 0x0000017573e12970 Uncommon trap: trap_request=0xffffffc6 fr.pc=0x000001752002a6f4 relative=0x00000000000009f4
Event: 12821.410 Thread 0x0000017573e12970 Uncommon trap: reason=bimorphic_or_optimized_type_check action=maybe_recompile pc=0x000001752002a6f4 method=org.eclipse.jdt.internal.compiler.parser.Parser.consumeRule(I)V @ 7797 c2
Event: 12821.410 Thread 0x0000017573e12970 DEOPT PACKING pc=0x000001752002a6f4 sp=0x0000001899afe1b0
Event: 12821.410 Thread 0x0000017573e12970 DEOPT UNPACKING pc=0x000001751f0e3aa2 sp=0x0000001899afe158 mode 2
Event: 12821.423 Thread 0x0000017573e12970 Uncommon trap: trap_request=0xffffffc6 fr.pc=0x000001752002a6f4 relative=0x00000000000009f4
Event: 12821.423 Thread 0x0000017573e12970 Uncommon trap: reason=bimorphic_or_optimized_type_check action=maybe_recompile pc=0x000001752002a6f4 method=org.eclipse.jdt.internal.compiler.parser.Parser.consumeRule(I)V @ 7797 c2
Event: 12821.423 Thread 0x0000017573e12970 DEOPT PACKING pc=0x000001752002a6f4 sp=0x0000001899afe070
Event: 12821.423 Thread 0x0000017573e12970 DEOPT UNPACKING pc=0x000001751f0e3aa2 sp=0x0000001899afe018 mode 2
Event: 12821.423 Thread 0x0000017573e12970 Uncommon trap: trap_request=0xffffffc6 fr.pc=0x000001752002a6f4 relative=0x00000000000009f4
Event: 12821.423 Thread 0x0000017573e12970 Uncommon trap: reason=bimorphic_or_optimized_type_check action=maybe_recompile pc=0x000001752002a6f4 method=org.eclipse.jdt.internal.compiler.parser.Parser.consumeRule(I)V @ 7797 c2
Event: 12821.423 Thread 0x0000017573e12970 DEOPT PACKING pc=0x000001752002a6f4 sp=0x0000001899afe070
Event: 12821.423 Thread 0x0000017573e12970 DEOPT UNPACKING pc=0x000001751f0e3aa2 sp=0x0000001899afe018 mode 2

Classes loaded (20 events):
Event: 12785.458 Loading class java/util/TaskQueue
Event: 12785.458 Loading class java/util/TaskQueue done
Event: 12785.458 Loading class java/util/TimerThread
Event: 12785.458 Loading class java/util/TimerThread done
Event: 12785.459 Loading class java/util/Timer$ThreadReaper
Event: 12785.459 Loading class java/util/Timer$ThreadReaper done
Event: 12785.462 Loading class java/util/concurrent/CompletableFuture$UniWhenComplete
Event: 12785.463 Loading class java/util/concurrent/CompletableFuture$UniWhenComplete done
Event: 12785.463 Loading class java/util/concurrent/CompletableFuture$UniCompose
Event: 12785.464 Loading class java/util/concurrent/CompletableFuture$UniCompose done
Event: 12785.464 Loading class java/util/concurrent/CompletableFuture$UniRelay
Event: 12785.464 Loading class java/util/concurrent/CompletableFuture$UniRelay done
Event: 12786.261 Loading class java/util/concurrent/ScheduledThreadPoolExecutor$DelayedWorkQueue$Itr
Event: 12786.262 Loading class java/util/concurrent/ScheduledThreadPoolExecutor$DelayedWorkQueue$Itr done
Event: 12788.610 Loading class java/lang/ProcessHandleImpl$ExitCompletion
Event: 12788.611 Loading class java/lang/ProcessHandleImpl$ExitCompletion done
Event: 12788.611 Loading class java/lang/ProcessHandleImpl$1
Event: 12788.611 Loading class java/lang/ProcessHandleImpl$1 done
Event: 12788.612 Loading class java/util/concurrent/CompletableFuture$UniHandle
Event: 12788.612 Loading class java/util/concurrent/CompletableFuture$UniHandle done

Classes unloaded (11 events):
Event: 4.294 Thread 0x00000175148a34a0 Unloading class 0x000001752d1acc00 'java/lang/invoke/LambdaForm$MH+0x000001752d1acc00'
Event: 4.294 Thread 0x00000175148a34a0 Unloading class 0x000001752d1ac800 'java/lang/invoke/LambdaForm$MH+0x000001752d1ac800'
Event: 4.294 Thread 0x00000175148a34a0 Unloading class 0x000001752d1ac400 'java/lang/invoke/LambdaForm$MH+0x000001752d1ac400'
Event: 4.294 Thread 0x00000175148a34a0 Unloading class 0x000001752d1ac000 'java/lang/invoke/LambdaForm$MH+0x000001752d1ac000'
Event: 4.294 Thread 0x00000175148a34a0 Unloading class 0x000001752d1abc00 'java/lang/invoke/LambdaForm$BMH+0x000001752d1abc00'
Event: 4.294 Thread 0x00000175148a34a0 Unloading class 0x000001752d1ab800 'java/lang/invoke/LambdaForm$DMH+0x000001752d1ab800'
Event: 4.294 Thread 0x00000175148a34a0 Unloading class 0x000001752d1aa400 'java/lang/invoke/LambdaForm$DMH+0x000001752d1aa400'
Event: 14.250 Thread 0x00000175148a34a0 Unloading class 0x000001752d69d000 'java/lang/invoke/LambdaForm$DMH+0x000001752d69d000'
Event: 14.250 Thread 0x00000175148a34a0 Unloading class 0x000001752d69cc00 'java/lang/invoke/LambdaForm$DMH+0x000001752d69cc00'
Event: 14.250 Thread 0x00000175148a34a0 Unloading class 0x000001752d69c800 'java/lang/invoke/LambdaForm$DMH+0x000001752d69c800'
Event: 14.250 Thread 0x00000175148a34a0 Unloading class 0x000001752d69c400 'java/lang/invoke/LambdaForm$DMH+0x000001752d69c400'

Classes redefined (0 events):
No events

Internal exceptions (20 events):
Event: 12793.133 Thread 0x0000017574e84290 Exception <a 'sun/nio/fs/WindowsException'{0x00000000d6438ee0}> (0x00000000d6438ee0) 
thrown [s\src\hotspot\share\prims\jni.cpp, line 520]
Event: 12793.133 Thread 0x0000017574e84290 Exception <a 'sun/nio/fs/WindowsException'{0x00000000d64397a8}> (0x00000000d64397a8) 
thrown [s\src\hotspot\share\prims\jni.cpp, line 520]
Event: 12793.133 Thread 0x0000017574e84290 Exception <a 'sun/nio/fs/WindowsException'{0x00000000d643ab18}> (0x00000000d643ab18) 
thrown [s\src\hotspot\share\prims\jni.cpp, line 520]
Event: 12793.133 Thread 0x0000017574e84290 Exception <a 'sun/nio/fs/WindowsException'{0x00000000d643b380}> (0x00000000d643b380) 
thrown [s\src\hotspot\share\prims\jni.cpp, line 520]
Event: 12793.135 Thread 0x0000017574e84290 Exception <a 'sun/nio/fs/WindowsException'{0x00000000d6456bc0}> (0x00000000d6456bc0) 
thrown [s\src\hotspot\share\prims\jni.cpp, line 520]
Event: 12793.135 Thread 0x0000017574e84290 Exception <a 'sun/nio/fs/WindowsException'{0x00000000d64576d8}> (0x00000000d64576d8) 
thrown [s\src\hotspot\share\prims\jni.cpp, line 520]
Event: 12793.135 Thread 0x0000017574e84290 Exception <a 'sun/nio/fs/WindowsException'{0x00000000d6458a30}> (0x00000000d6458a30) 
thrown [s\src\hotspot\share\prims\jni.cpp, line 520]
Event: 12793.135 Thread 0x0000017574e84290 Exception <a 'sun/nio/fs/WindowsException'{0x00000000d64592f8}> (0x00000000d64592f8) 
thrown [s\src\hotspot\share\prims\jni.cpp, line 520]
Event: 12793.135 Thread 0x0000017574e84290 Exception <a 'sun/nio/fs/WindowsException'{0x00000000d645a668}> (0x00000000d645a668) 
thrown [s\src\hotspot\share\prims\jni.cpp, line 520]
Event: 12793.135 Thread 0x0000017574e84290 Exception <a 'sun/nio/fs/WindowsException'{0x00000000d645b180}> (0x00000000d645b180) 
thrown [s\src\hotspot\share\prims\jni.cpp, line 520]
Event: 12793.135 Thread 0x0000017574e84290 Exception <a 'sun/nio/fs/WindowsException'{0x00000000d645c400}> (0x00000000d645c400) 
thrown [s\src\hotspot\share\prims\jni.cpp, line 520]
Event: 12793.135 Thread 0x0000017574e84290 Exception <a 'sun/nio/fs/WindowsException'{0x00000000d645cf18}> (0x00000000d645cf18) 
thrown [s\src\hotspot\share\prims\jni.cpp, line 520]
Event: 12793.136 Thread 0x0000017574e84290 Exception <a 'sun/nio/fs/WindowsException'{0x00000000d645e270}> (0x00000000d645e270) 
thrown [s\src\hotspot\share\prims\jni.cpp, line 520]
Event: 12793.136 Thread 0x0000017574e84290 Exception <a 'sun/nio/fs/WindowsException'{0x00000000d645eb38}> (0x00000000d645eb38) 
thrown [s\src\hotspot\share\prims\jni.cpp, line 520]
Event: 12793.428 Thread 0x0000017574e84290 Exception <a 'sun/nio/fs/WindowsException'{0x00000000d6140518}> (0x00000000d6140518) 
thrown [s\src\hotspot\share\prims\jni.cpp, line 520]
Event: 12793.429 Thread 0x0000017574e84290 Exception <a 'sun/nio/fs/WindowsException'{0x00000000d6144508}> (0x00000000d6144508) 
thrown [s\src\hotspot\share\prims\jni.cpp, line 520]
Event: 12793.429 Thread 0x0000017574e84290 Exception <a 'sun/nio/fs/WindowsException'{0x00000000d6145860}> (0x00000000d6145860) 
thrown [s\src\hotspot\share\prims\jni.cpp, line 520]
Event: 12793.429 Thread 0x0000017574e84290 Exception <a 'sun/nio/fs/WindowsException'{0x00000000d6146128}> (0x00000000d6146128) 
thrown [s\src\hotspot\share\prims\jni.cpp, line 520]
Event: 12793.451 Thread 0x000001757582b240 Exception <a 'sun/nio/fs/WindowsException'{0x00000000d623d588}> (0x00000000d623d588) 
thrown [s\src\hotspot\share\prims\jni.cpp, line 520]
Event: 12793.451 Thread 0x000001757582b240 Exception <a 'sun/nio/fs/WindowsException'{0x00000000d623dbf8}> (0x00000000d623dbf8) 
thrown [s\src\hotspot\share\prims\jni.cpp, line 520]

ZGC Phase Switch (0 events):
No events

VM Operations (20 events):
Event: 12785.451 Executing non-safepoint VM operation: HandshakeAllThreads (Deoptimize)
Event: 12785.451 Executing non-safepoint VM operation: HandshakeAllThreads (Deoptimize) done
Event: 12785.456 Executing non-safepoint VM operation: HandshakeAllThreads (Deoptimize)
Event: 12785.456 Executing non-safepoint VM operation: HandshakeAllThreads (Deoptimize) done
Event: 12786.463 Executing safepoint VM operation: Cleanup
Event: 12786.463 Executing safepoint VM operation: Cleanup done
Event: 12788.480 Executing safepoint VM operation: Cleanup
Event: 12788.480 Executing safepoint VM operation: Cleanup done
Event: 12789.494 Executing safepoint VM operation: Cleanup
Event: 12789.494 Executing safepoint VM operation: Cleanup done
Event: 12793.152 Executing safepoint VM operation: ParallelGCFailedAllocation (Allocation Failure)
Event: 12793.156 Executing safepoint VM operation: ParallelGCFailedAllocation (Allocation Failure) done
Event: 12794.166 Executing safepoint VM operation: Cleanup
Event: 12794.166 Executing safepoint VM operation: Cleanup done
Event: 12808.198 Executing non-safepoint VM operation: HandshakeAllThreads (HandshakeForDeflation)
Event: 12808.198 Executing non-safepoint VM operation: HandshakeAllThreads (HandshakeForDeflation) done
Event: 12808.198 Executing non-safepoint VM operation: RendezvousGCThreads
Event: 12808.198 Executing non-safepoint VM operation: RendezvousGCThreads done
Event: 12814.278 Executing safepoint VM operation: Cleanup
Event: 12814.279 Executing safepoint VM operation: Cleanup done

Memory protections (0 events):
No events

Nmethod flushes (20 events):
Event: 14.282 Thread 0x00000175148a34a0 flushing  nmethod 0x000001751837f510
Event: 14.282 Thread 0x00000175148a34a0 flushing  nmethod 0x0000017518382910
Event: 14.282 Thread 0x00000175148a34a0 flushing  nmethod 0x0000017518383e90
Event: 14.282 Thread 0x00000175148a34a0 flushing  nmethod 0x00000175183dd510
Event: 14.282 Thread 0x00000175148a34a0 flushing  nmethod 0x00000175183dfd10
Event: 14.282 Thread 0x00000175148a34a0 flushing  nmethod 0x00000175183f4910
Event: 14.282 Thread 0x00000175148a34a0 flushing  nmethod 0x00000175183fe410
Event: 14.282 Thread 0x00000175148a34a0 flushing  nmethod 0x00000175183fed90
Event: 14.282 Thread 0x00000175148a34a0 flushing  nmethod 0x0000017518402290
Event: 14.282 Thread 0x00000175148a34a0 flushing  nmethod 0x0000017518402610
Event: 14.282 Thread 0x00000175148a34a0 flushing  nmethod 0x000001751840d990
Event: 14.282 Thread 0x00000175148a34a0 flushing  nmethod 0x000001751841f790
Event: 14.282 Thread 0x00000175148a34a0 flushing  nmethod 0x000001751841fe90
Event: 14.282 Thread 0x00000175148a34a0 flushing  nmethod 0x0000017518420490
Event: 14.282 Thread 0x00000175148a34a0 flushing  nmethod 0x0000017518420d10
Event: 14.282 Thread 0x00000175148a34a0 flushing  nmethod 0x0000017518422b10
Event: 14.282 Thread 0x00000175148a34a0 flushing  nmethod 0x0000017518447a10
Event: 14.282 Thread 0x00000175148a34a0 flushing  nmethod 0x000001751845b110
Event: 14.282 Thread 0x00000175148a34a0 flushing  nmethod 0x0000017518469b90
Event: 14.282 Thread 0x00000175148a34a0 flushing  nmethod 0x00000175184b4e10

Events (20 events):
Event: 12782.858 Thread 0x0000017574e821c0 Thread added: 0x0000017574e85640
Event: 12783.808 Thread 0x0000017574e85640 Thread exited: 0x0000017574e85640
Event: 12785.087 Thread 0x0000017574e869f0 Thread added: 0x0000017574e85640
Event: 12785.094 Thread 0x0000017574e85640 Thread added: 0x0000017574e87710
Event: 12785.251 Thread 0x0000017574e87710 Thread added: 0x0000017574e82850
Event: 12785.256 Thread 0x0000017574e87710 Thread added: 0x0000017574e87da0
Event: 12785.402 Thread 0x0000017574e87710 Thread added: 0x0000017574e88ac0
Event: 12785.459 Thread 0x0000017574e88ac0 Thread added: 0x000001757582d9a0
Event: 12788.302 Thread 0x0000017574e87710 Thread added: 0x000001757582b240
Event: 12788.302 Thread 0x000001757582d9a0 Thread exited: 0x000001757582d9a0
Event: 12788.607 Thread 0x00000175736cf940 Thread exited: 0x00000175736cf940
Event: 12788.612 Thread 0x000001757582b240 Thread added: 0x000001757582b8d0
Event: 12788.617 Thread 0x000001757582b240 Thread exited: 0x000001757582b240
Event: 12788.737 Thread 0x0000017574e88ac0 Thread exited: 0x0000017574e88ac0
Event: 12793.444 Thread 0x0000017574e87710 Thread added: 0x000001757582b240
Event: 12793.452 Thread 0x000001757582b240 Thread added: 0x00000175758270a0
Event: 12793.670 Thread 0x0000017574e87710 Thread added: 0x000001757582bf60
Event: 12793.671 Thread 0x00000175758270a0 Thread exited: 0x00000175758270a0
Event: 12793.958 Thread 0x000001757582bf60 Thread exited: 0x000001757582bf60
Event: 12793.984 Thread 0x000001757582b240 Thread exited: 0x000001757582b240


Dynamic libraries:
0x00007ff6ae3b0000 - 0x00007ff6ae3be000 	c:\Users\PCWORLD\.vscode\extensions\redhat.java-1.53.0-win32-x64\jre\21.0.10-win32-x86_64\bin\java.exe
0x00007ffefb620000 - 0x00007ffefb829000 	C:\Windows\SYSTEM32\ntdll.dll
0x00007ffefaea0000 - 0x00007ffefaf5d000 	C:\Windows\System32\KERNEL32.DLL
0x00007ffef8f50000 - 0x00007ffef92d4000 	C:\Windows\System32\KERNELBASE.dll
0x00007ffef92e0000 - 0x00007ffef93f1000 	C:\Windows\System32\ucrtbase.dll
0x00007ffedfac0000 - 0x00007ffedfade000 	c:\Users\PCWORLD\.vscode\extensions\redhat.java-1.53.0-win32-x64\jre\21.0.10-win32-x86_64\bin\VCRUNTIME140.dll
0x00007ffedbe00000 - 0x00007ffedbe18000 	c:\Users\PCWORLD\.vscode\extensions\redhat.java-1.53.0-win32-x64\jre\21.0.10-win32-x86_64\bin\jli.dll
0x00007ffefa040000 - 0x00007ffefa1ed000 	C:\Windows\System32\USER32.dll
0x00007ffef8e00000 - 0x00007ffef8e26000 	C:\Windows\System32\win32u.dll
0x00007ffee4b50000 - 0x00007ffee4df5000 	C:\Windows\WinSxS\amd64_microsoft.windows.common-controls_6595b64144ccf1df_6.0.22000.120_none_9d947278b86cc467\COMCTL32.dll
0x00007ffefa570000 - 0x00007ffefa59a000 	C:\Windows\System32\GDI32.dll
0x00007ffefa690000 - 0x00007ffefa733000 	C:\Windows\System32\msvcrt.dll
0x00007ffef8e30000 - 0x00007ffef8f4e000 	C:\Windows\System32\gdi32full.dll
0x00007ffef8ab0000 - 0x00007ffef8b4d000 	C:\Windows\System32\msvcp_win.dll
0x00007ffefb290000 - 0x00007ffefb2c1000 	C:\Windows\System32\IMM32.DLL
0x00007ffee6100000 - 0x00007ffee610c000 	c:\Users\PCWORLD\.vscode\extensions\redhat.java-1.53.0-win32-x64\jre\21.0.10-win32-x86_64\bin\vcruntime140_1.dll
0x00007ffec7780000 - 0x00007ffec780d000 	c:\Users\PCWORLD\.vscode\extensions\redhat.java-1.53.0-win32-x64\jre\21.0.10-win32-x86_64\bin\msvcp140.dll
0x00007ffea6820000 - 0x00007ffea75c1000 	c:\Users\PCWORLD\.vscode\extensions\redhat.java-1.53.0-win32-x64\jre\21.0.10-win32-x86_64\bin\server\jvm.dll
0x00007ffefb2d0000 - 0x00007ffefb37e000 	C:\Windows\System32\ADVAPI32.dll
0x00007ffefb540000 - 0x00007ffefb5de000 	C:\Windows\System32\sechost.dll
0x00007ffefa8f0000 - 0x00007ffefaa11000 	C:\Windows\System32\RPCRT4.dll
0x00007ffefb4d0000 - 0x00007ffefb53f000 	C:\Windows\System32\WS2_32.dll
0x00007ffef8980000 - 0x00007ffef89cd000 	C:\Windows\SYSTEM32\POWRPROF.dll
0x00007ffeefe00000 - 0x00007ffeefe33000 	C:\Windows\SYSTEM32\WINMM.dll
0x00007ffeeb9f0000 - 0x00007ffeeb9fa000 	C:\Windows\SYSTEM32\VERSION.dll
0x00007ffef88b0000 - 0x00007ffef88c3000 	C:\Windows\SYSTEM32\UMPDC.dll
0x00007ffef7ae0000 - 0x00007ffef7af8000 	C:\Windows\SYSTEM32\kernel.appcore.dll
0x00007ffee4aa0000 - 0x00007ffee4aaa000 	c:\Users\PCWORLD\.vscode\extensions\redhat.java-1.53.0-win32-x64\jre\21.0.10-win32-x86_64\bin\jimage.dll
0x00007ffef5c20000 - 0x00007ffef5e41000 	C:\Windows\SYSTEM32\DBGHELP.DLL
0x00007ffee2b60000 - 0x00007ffee2b91000 	C:\Windows\SYSTEM32\dbgcore.DLL
0x00007ffef8b50000 - 0x00007ffef8bcf000 	C:\Windows\System32\bcryptPrimitives.dll
0x00007ffee0a50000 - 0x00007ffee0a5f000 	c:\Users\PCWORLD\.vscode\extensions\redhat.java-1.53.0-win32-x64\jre\21.0.10-win32-x86_64\bin\instrument.dll
0x00007ffedbcb0000 - 0x00007ffedbcd0000 	c:\Users\PCWORLD\.vscode\extensions\redhat.java-1.53.0-win32-x64\jre\21.0.10-win32-x86_64\bin\java.dll
0x00007ffef9780000 - 0x00007ffef9f45000 	C:\Windows\System32\SHELL32.dll
0x00007ffef6b40000 - 0x00007ffef73a2000 	C:\Windows\SYSTEM32\windows.storage.dll
0x00007ffefa1f0000 - 0x00007ffefa566000 	C:\Windows\System32\combase.dll
0x00007ffef69d0000 - 0x00007ffef6b37000 	C:\Windows\SYSTEM32\wintypes.dll
0x00007ffefa5a0000 - 0x00007ffefa68a000 	C:\Windows\System32\SHCORE.dll
0x00007ffefaf60000 - 0x00007ffefafbd000 	C:\Windows\System32\shlwapi.dll
0x00007ffef89e0000 - 0x00007ffef8a05000 	C:\Windows\SYSTEM32\profapi.dll
0x00007ffeda730000 - 0x00007ffeda748000 	c:\Users\PCWORLD\.vscode\extensions\redhat.java-1.53.0-win32-x64\jre\21.0.10-win32-x86_64\bin\zip.dll
0x00007ffee0a40000 - 0x00007ffee0a50000 	C:\Users\PCWORLD\.vscode\extensions\redhat.java-1.53.0-win32-x64\jre\21.0.10-win32-x86_64\bin\net.dll
0x00007ffeeffc0000 - 0x00007ffef00d4000 	C:\Windows\SYSTEM32\WINHTTP.dll
0x00007ffef7f80000 - 0x00007ffef7fe7000 	C:\Windows\system32\mswsock.dll
0x00007ffedaa20000 - 0x00007ffedaa36000 	C:\Users\PCWORLD\.vscode\extensions\redhat.java-1.53.0-win32-x64\jre\21.0.10-win32-x86_64\bin\nio.dll
0x00007ffee06f0000 - 0x00007ffee0700000 	c:\Users\PCWORLD\.vscode\extensions\redhat.java-1.53.0-win32-x64\jre\21.0.10-win32-x86_64\bin\verify.dll
0x00007ffeca1a0000 - 0x00007ffeca1e5000 	C:\Users\PCWORLD\AppData\Roaming\Code\User\globalStorage\redhat.java\1.53.0\config_win\org.eclipse.equinox.launcher\org.eclipse.equinox.launcher.win32.win32.x86_64_1.3.0.v20260203-2149\eclipse_11919.dll
0x00007ffefafe0000 - 0x00007ffefb17a000 	C:\Windows\System32\ole32.dll
0x00007ffef8250000 - 0x00007ffef8268000 	C:\Windows\SYSTEM32\CRYPTSP.dll
0x00007ffef7a40000 - 0x00007ffef7a75000 	C:\Windows\system32\rsaenh.dll
0x00007ffef8020000 - 0x00007ffef804c000 	C:\Windows\SYSTEM32\USERENV.dll
0x00007ffef8400000 - 0x00007ffef8427000 	C:\Windows\SYSTEM32\bcrypt.dll
0x00007ffef8170000 - 0x00007ffef817c000 	C:\Windows\SYSTEM32\CRYPTBASE.dll
0x00007ffef7600000 - 0x00007ffef762d000 	C:\Windows\SYSTEM32\IPHLPAPI.DLL
0x00007ffefa8e0000 - 0x00007ffefa8e9000 	C:\Windows\System32\NSI.dll
0x00007ffec6940000 - 0x00007ffec6989000 	C:\Users\PCWORLD\AppData\Local\Temp\jna--13215393\jna12884496298384145500.dll
0x00007ffefb4c0000 - 0x00007ffefb4c8000 	C:\Windows\System32\PSAPI.DLL
0x00007ffef01a0000 - 0x00007ffef01b9000 	C:\Windows\SYSTEM32\dhcpcsvc6.DLL
0x00007ffef0510000 - 0x00007ffef052e000 	C:\Windows\SYSTEM32\dhcpcsvc.DLL
0x00007ffedfb40000 - 0x00007ffedfb4e000 	C:\Users\PCWORLD\.vscode\extensions\redhat.java-1.53.0-win32-x64\jre\21.0.10-win32-x86_64\bin\sunmscapi.dll
0x00007ffef8bd0000 - 0x00007ffef8d32000 	C:\Windows\System32\CRYPT32.dll
0x00007ffef83d0000 - 0x00007ffef83f8000 	C:\Windows\SYSTEM32\ncrypt.dll
0x00007ffef8320000 - 0x00007ffef8357000 	C:\Windows\SYSTEM32\NTASN1.dll
0x00007ffef7670000 - 0x00007ffef7757000 	C:\Windows\SYSTEM32\DNSAPI.dll
0x00007ffee6110000 - 0x00007ffee611a000 	C:\Windows\System32\rasadhlp.dll
0x00007ffeed330000 - 0x00007ffeed3b1000 	C:\Windows\System32\fwpuclnt.dll
0x00007ffedfbe0000 - 0x00007ffedfbe9000 	C:\Users\PCWORLD\.vscode\extensions\redhat.java-1.53.0-win32-x64\jre\21.0.10-win32-x86_64\bin\extnet.dll

JVMTI agents:
c:\Users\PCWORLD\.vscode\extensions\redhat.java-1.53.0-win32-x64\lombok\lombok-1.18.39-4050.jar path:c:\Users\PCWORLD\.vscode\extensions\redhat.java-1.53.0-win32-x64\jre\21.0.10-win32-x86_64\bin\instrument.dll, loaded, initialized, instrumentlib options:none

dbghelp: loaded successfully - version: 4.0.5 - missing functions: none
symbol engine: initialized successfully - sym options: 0x614 - pdb path: .;c:\Users\PCWORLD\.vscode\extensions\redhat.java-1.53.0-win32-x64\jre\21.0.10-win32-x86_64\bin;C:\Windows\SYSTEM32;C:\Windows\WinSxS\amd64_microsoft.windows.common-controls_6595b64144ccf1df_6.0.22000.120_none_9d947278b86cc467;c:\Users\PCWORLD\.vscode\extensions\redhat.java-1.53.0-win32-x64\jre\21.0.10-win32-x86_64\bin\server;C:\Users\PCWORLD\AppData\Roaming\Code\User\globalStorage\redhat.java\1.53.0\config_win\org.eclipse.equinox.launcher\org.eclipse.equinox.launcher.win32.win32.x86_64_1.3.0.v20260203-2149;C:\Users\PCWORLD\AppData\Local\Temp\jna--13215393

VM Arguments:
jvm_args: --add-modules=ALL-SYSTEM --add-opens=java.base/java.util=ALL-UNNAMED --add-opens=java.base/java.lang=ALL-UNNAMED --add-opens=java.base/sun.nio.fs=ALL-UNNAMED -Declipse.application=org.eclipse.jdt.ls.core.id1 -Dosgi.bundles.defaultStartLevel=4 -Declipse.product=org.eclipse.jdt.ls.core.product -Djava.import.generatesMetadataFilesAtProjectRoot=false -DDetectVMInstallationsJob.disabled=true -Dfile.encoding=utf8 -XX:+UseParallelGC -XX:GCTimeRatio=4 -XX:AdaptiveSizePolicyWeight=90 -Dsun.zip.disableMemoryMapping=true -Xmx2G -Xms100m -Xlog:disable -javaagent:c:\Users\PCWORLD\.vscode\extensions\redhat.java-1.53.0-win32-x64\lombok\lombok-1.18.39-4050.jar -XX:+HeapDumpOnOutOfMemoryError -XX:HeapDumpPath=c:\Users\PCWORLD\AppData\Roaming\Code\User\workspaceStorage\e2db35a916415c4cc1ea659e3c14d46e\redhat.java -Daether.dependencyCollector.impl=bf 
java_command: c:\Users\PCWORLD\.vscode\extensions\redhat.java-1.53.0-win32-x64\server\plugins\org.eclipse.equinox.launcher_1.7.100.v20251111-0406.jar -configuration c:\Users\PCWORLD\AppData\Roaming\Code\User\globalStorage\redhat.java\1.53.0\config_win -data c:\Users\PCWORLD\AppData\Roaming\Code\User\workspaceStorage\e2db35a916415c4cc1ea659e3c14d46e\redhat.java\jdt_ws --pipe=\\.\pipe\lsp-6b25f27dc348a9b876c7c1850a5d37c0-sock
java_class_path (initial): c:\Users\PCWORLD\.vscode\extensions\redhat.java-1.53.0-win32-x64\server\plugins\org.eclipse.equinox.launcher_1.7.100.v20251111-0406.jar
Launcher Type: SUN_STANDARD

[Global flags]
    uintx AdaptiveSizePolicyWeight                 = 90                                        {product} {command line}
     intx CICompilerCount                          = 4                                         {product} {ergonomic}
    uintx GCTimeRatio                              = 4                                         {product} {command line}
     bool HeapDumpOnOutOfMemoryError               = true                                   {manageable} {command line}
    ccstr HeapDumpPath                             = c:\Users\PCWORLD\AppData\Roaming\Code\User\workspaceStorage\e2db35a916415c4cc1ea659e3c14d46e\redhat.java         {manageable} {command line}
   size_t InitialHeapSize                          = 104857600                                 {product} {command line}
   size_t MaxHeapSize                              = 2147483648                                {product} {command line}
   size_t MaxNewSize                               = 715653120                                 {product} {ergonomic}
   size_t MinHeapDeltaBytes                        = 524288                                    {product} {ergonomic}
   size_t MinHeapSize                              = 104857600                                 {product} {command line}
   size_t NewSize                                  = 34603008                                  {product} {ergonomic}
    uintx NonNMethodCodeHeapSize                   = 5839372                                {pd product} {ergonomic}
    uintx NonProfiledCodeHeapSize                  = 122909434                              {pd product} {ergonomic}
   size_t OldSize                                  = 70254592                                  {product} {ergonomic}
    uintx ProfiledCodeHeapSize                     = 122909434                              {pd product} {ergonomic}
    uintx ReservedCodeCacheSize                    = 251658240                              {pd product} {ergonomic}
     bool SegmentedCodeCache                       = true                                      {product} {ergonomic}
   size_t SoftMaxHeapSize                          = 2147483648                             {manageable} {ergonomic}
     bool UseCompressedOops                        = true                           {product lp64_product} {ergonomic}
     bool UseLargePagesIndividualAllocation        = false                                  {pd product} {ergonomic}
     bool UseParallelGC                            = true                                      {product} {command line}

Logging:
Log output configuration:
 #0: stdout all=off uptime,level,tags foldmultilines=false
 #1: stderr all=off uptime,level,tags foldmultilines=false

Release file:
JAVA_VERSION="21.0.10" 
MODULES="java.base java.compiler java.datatransfer java.xml java.prefs java.desktop java.instrument java.logging java.management java.security.sasl java.naming java.rmi java.management.rmi java.net.http java.scripting java.security.jgss java.transaction.xa java.sql java.sql.rowset java.xml.crypto java.se java.smartcardio jdk.accessibility jdk.internal.jvmstat jdk.attach jdk.charsets jdk.internal.opt jdk.zipfs jdk.compiler jdk.crypto.ec jdk.crypto.cryptoki jdk.crypto.mscapi jdk.dynalink jdk.internal.ed jdk.editpad jdk.hotspot.agent jdk.httpserver jdk.internal.le jdk.internal.vm.ci jdk.internal.vm.compiler jdk.internal.vm.compiler.management jdk.jartool jdk.javadoc jdk.jcmd jdk.management jdk.management.agent jdk.jconsole jdk.jdeps jdk.jdwp.agent jdk.jdi jdk.jfr jdk.jshell jdk.jsobject jdk.jstatd jdk.localedata jdk.management.jfr jdk.naming.dns jdk.naming.rmi jdk.net jdk.nio.mapmode jdk.random jdk.sctp jdk.security.auth jdk.security.jgss jdk.unsupported jdk.unsupported.desktop jdk.xml.dom" 

Environment Variables:
PATH=C:\Program Files\Common Files\Oracle\Java\javapath;C:\Windows\system32;C:\Windows;C:\Windows\System32\Wbem;C:\Windows\System32\WindowsPowerShell\v1.0\;C:\Windows\System32\OpenSSH\;C:\Program Files (x86)\Intel\Intel(R) Management Engine Components\DAL;C:\Program Files\Intel\Intel(R) Management Engine Components\DAL;C:\Program Files\Git\cmd;C:\Program Files\nodejs\;C:\ProgramData\chocolatey\bin;C:\Users\PCWORLD\Downloads\platform-tools-latest-windows\platform-tools;;C:\Program Files\Docker\Docker\resources\bin;E:\program_files\cursor\resources\app\bin;C:\Users\PCWORLD\AppData\Local\Programs\Python\Python313\Scripts\;C:\Users\PCWORLD\AppData\Local\Programs\Python\Python313\;C:\Users\PCWORLD\AppData\Local\Programs\Python\Launcher\;C:\Users\PCWORLD\AppData\Local\Microsoft\WindowsApps;C:\Users\PCWORLD\AppData\Local\Programs\Microsoft VS Code\bin;C:\Users\PCWORLD\AppData\Roaming\npm;E:\program_files\Antigravity\bin
USERNAME=PCWORLD
OS=Windows_NT
PROCESSOR_IDENTIFIER=Intel64 Family 6 Model 142 Stepping 10, GenuineIntel
TMP=C:\Users\PCWORLD\AppData\Local\Temp
TEMP=C:\Users\PCWORLD\AppData\Local\Temp




Periodic native trim disabled

---------------  S Y S T E M  ---------------

OS:
 Windows 11 , 64 bit Build 22000 (10.0.22000.2538)
OS uptime: 0 days 4:38 hours
Hyper-V role detected

CPU: total 8 (initial active 8) (4 cores per cpu, 2 threads per core) family 6 model 142 stepping 10 microcode 0xe0, cx8, cmov, fxsr, ht, mmx, 3dnowpref, sse, sse2, sse3, ssse3, sse4.1, sse4.2, popcnt, lzcnt, tsc, tscinvbit, avx, avx2, aes, erms, clmul, bmi1, bmi2, rtm, adx, fma, vzeroupper, clflush, clflushopt, hv, rdtscp, f16c
Processor Information for the first 8 processors :
  Max Mhz: 2112, Current Mhz: 1910, Mhz Limit: 1900

Memory: 4k page, system-wide physical 8071M (338M free)
TotalPageFile size 26821M (AvailPageFile size 0M)
current process WorkingSet (physical memory assigned to process): 376M, peak: 589M
current process commit charge ("private bytes"): 718M, peak: 753M

vm_info: OpenJDK 64-Bit Server VM (21.0.10+7-LTS) for windows-amd64 JRE (21.0.10+7-LTS), built on 2026-01-20T00:00:00Z by "admin" with MS VC++ 17.12 (VS2022)

END.
