#
# There is insufficient memory for the Java Runtime Environment to continue.
# Native memory allocation (malloc) failed to allocate 1107936 bytes. Error detail: Chunk::new
# Possible reasons:
#   The system is out of physical RAM or swap space
#   This process is running with CompressedOops enabled, and the Java Heap may be blocking the growth of the native heap
# Possible solutions:
#   Reduce memory load on the system
#   Increase physical memory or swap space
#   Check if swap backing store is full
#   Decrease Java heap size (-Xmx/-Xms)
#   Decrease number of Java threads
#   Decrease Java thread stack sizes (-Xss)
#   Set larger code cache with -XX:ReservedCodeCacheSize=
#   JVM is running with Unscaled Compressed Oops mode in which the Java heap is
#     placed in the first 4GB address space. The Java Heap base address is the
#     maximum limit for the native heap growth. Please use -XX:HeapBaseMinAddress
#     to set the Java Heap base and to place the Java Heap above 4GB virtual address.
# This output file may be truncated or incomplete.
#
#  Out of Memory Error (arena.cpp:168), pid=7064, tid=11004
#
# JRE version: OpenJDK Runtime Environment Temurin-21.0.10+7 (21.0.10+7) (build 21.0.10+7-LTS)
# Java VM: OpenJDK 64-Bit Server VM Temurin-21.0.10+7 (21.0.10+7-LTS, mixed mode, sharing, tiered, compressed oops, compressed class ptrs, parallel gc, windows-amd64)
# No core dump will be written. Minidumps are not enabled by default on client versions of Windows
#

---------------  S U M M A R Y ------------

Command Line: --add-modules=ALL-SYSTEM --add-opens=java.base/java.util=ALL-UNNAMED --add-opens=java.base/java.lang=ALL-UNNAMED --add-opens=java.base/sun.nio.fs=ALL-UNNAMED -Declipse.application=org.eclipse.jdt.ls.core.id1 -Dosgi.bundles.defaultStartLevel=4 -Declipse.product=org.eclipse.jdt.ls.core.product -Djava.import.generatesMetadataFilesAtProjectRoot=false -DDetectVMInstallationsJob.disabled=true -Dfile.encoding=utf8 -XX:+UseParallelGC -XX:GCTimeRatio=4 -XX:AdaptiveSizePolicyWeight=90 -Dsun.zip.disableMemoryMapping=true -Xmx2G -Xms100m -Xlog:disable -javaagent:c:\Users\PCWORLD\.vscode\extensions\redhat.java-1.53.0-win32-x64\lombok\lombok-1.18.39-4050.jar -XX:+HeapDumpOnOutOfMemoryError -XX:HeapDumpPath=c:\Users\PCWORLD\AppData\Roaming\Code\User\workspaceStorage\087698c59d74820307de26a5bebf90e5\redhat.java -Daether.dependencyCollector.impl=bf c:\Users\PCWORLD\.vscode\extensions\redhat.java-1.53.0-win32-x64\server\plugins\org.eclipse.equinox.launcher_1.7.100.v20251111-0406.jar -configuration c:\Users\PCWORLD\AppData\Roaming\Code\User\globalStorage\redhat.java\1.53.0\config_win -data c:\Users\PCWORLD\AppData\Roaming\Code\User\workspaceStorage\087698c59d74820307de26a5bebf90e5\redhat.java\jdt_ws --pipe=\\.\pipe\lsp-b37567d5a038465b19fdc782c2da42d1-sock

Host: Intel(R) Core(TM) i7-8650U CPU @ 1.90GHz, 8 cores, 7G,  Windows 11 , 64 bit Build 22000 (10.0.22000.2538)
Time: Thu Apr  9 23:36:36 2026 Sri Lanka Standard Time elapsed time: 8.411341 seconds (0d 0h 0m 8s)

---------------  T H R E A D  ---------------

Current thread (0x000002285882b870):  JavaThread "C2 CompilerThread0" daemon [_thread_in_native, id=11004, stack(0x000000ff8f100000,0x000000ff8f200000) (1024K)]


Current CompileTask:
C2:8411 5246   !   4       sun.nio.cs.StreamDecoder::read (78 bytes)

Stack: [0x000000ff8f100000,0x000000ff8f200000]
Native frames: (J=compiled Java code, j=interpreted, Vv=VM code, C=native code)
V  [jvm.dll+0x6d7a39]
V  [jvm.dll+0x8b4b26]
V  [jvm.dll+0x8b70de]
V  [jvm.dll+0x8b77c3]
V  [jvm.dll+0x284346]
V  [jvm.dll+0xc66ed]
V  [jvm.dll+0xc6c31]
V  [jvm.dll+0x3bec3b]
V  [jvm.dll+0x1e3f69]
V  [jvm.dll+0x24c6b3]
V  [jvm.dll+0x24bb40]
V  [jvm.dll+0x1cb34e]
V  [jvm.dll+0x25b85d]
V  [jvm.dll+0x259dea]
V  [jvm.dll+0x3f857e]
V  [jvm.dll+0x85f59d]
V  [jvm.dll+0x6d626d]
C  [ucrtbase.dll+0x26c0c]
C  [KERNEL32.DLL+0x153e0]
C  [ntdll.dll+0x485b]


---------------  P R O C E S S  ---------------

Threads class SMR info:
_java_thread_list=0x000002289b307a20, length=38, elements={
0x0000022841d9f420, 0x000002285880c5a0, 0x000002285880dd10, 0x000002285880f580,
0x00000228588104a0, 0x0000022858813450, 0x0000022858817a70, 0x000002285882b870,
0x000002285882cf30, 0x000002289b2cbb00, 0x000002289b376690, 0x000002289bba28f0,
0x000002289bad8df0, 0x000002289bb9d100, 0x000002289ba18ea0, 0x00000228a035e050,
0x00000228a022d210, 0x00000228a034b260, 0x00000228a0349820, 0x00000228a034b8f0,
0x00000228a0349eb0, 0x00000228a034c610, 0x00000228a034cca0, 0x00000228a1e41b20,
0x00000228a1e40e00, 0x00000228a1e3cc60, 0x00000228a1e3fa50, 0x00000228a1e421b0,
0x00000228a1e3e010, 0x00000228a1e3d2f0, 0x00000228a1e3f3c0, 0x00000228a1e41490,
0x00000228a1e42ed0, 0x00000228a1e400e0, 0x00000228a1e42840, 0x00000228a1e43560,
0x00000228a1e43bf0, 0x00000228a1e44280
}

Java Threads: ( => current thread )
  0x0000022841d9f420 JavaThread "main"                              [_thread_blocked, id=24636, stack(0x000000ff8e700000,0x000000ff8e800000) (1024K)]
  0x000002285880c5a0 JavaThread "Reference Handler"          daemon [_thread_blocked, id=21820, stack(0x000000ff8eb00000,0x000000ff8ec00000) (1024K)]
  0x000002285880dd10 JavaThread "Finalizer"                  daemon [_thread_blocked, id=12360, stack(0x000000ff8ec00000,0x000000ff8ed00000) (1024K)]
  0x000002285880f580 JavaThread "Signal Dispatcher"          daemon [_thread_blocked, id=7836, stack(0x000000ff8ed00000,0x000000ff8ee00000) (1024K)]
  0x00000228588104a0 JavaThread "Attach Listener"            daemon [_thread_blocked, id=7628, stack(0x000000ff8ee00000,0x000000ff8ef00000) (1024K)]
  0x0000022858813450 JavaThread "Service Thread"             daemon [_thread_blocked, id=21428, stack(0x000000ff8ef00000,0x000000ff8f000000) (1024K)]
  0x0000022858817a70 JavaThread "Monitor Deflation Thread"   daemon [_thread_blocked, id=15112, stack(0x000000ff8f000000,0x000000ff8f100000) (1024K)]
=>0x000002285882b870 JavaThread "C2 CompilerThread0"         daemon [_thread_in_native, id=11004, stack(0x000000ff8f100000,0x000000ff8f200000) (1024K)]
  0x000002285882cf30 JavaThread "C1 CompilerThread0"         daemon [_thread_blocked, id=2680, stack(0x000000ff8f200000,0x000000ff8f300000) (1024K)]
  0x000002289b2cbb00 JavaThread "Common-Cleaner"             daemon [_thread_blocked, id=21800, stack(0x000000ff8f400000,0x000000ff8f500000) (1024K)]
  0x000002289b376690 JavaThread "Notification Thread"        daemon [_thread_blocked, id=22460, stack(0x000000ff8f500000,0x000000ff8f600000) (1024K)]
  0x000002289bba28f0 JavaThread "Active Thread: Equinox Container: 06fee47a-d6e7-4786-a6d4-fd17ec048e03"        [_thread_blocked, id=16316, stack(0x000000ff8fc00000,0x000000ff8fd00000) (1024K)]
  0x000002289bad8df0 JavaThread "Refresh Thread: Equinox Container: 06fee47a-d6e7-4786-a6d4-fd17ec048e03" daemon [_thread_blocked, id=7164, stack(0x000000ff8fe00000,0x000000ff8ff00000) (1024K)]
  0x000002289bb9d100 JavaThread "Framework Event Dispatcher: Equinox Container: 06fee47a-d6e7-4786-a6d4-fd17ec048e03" daemon [_thread_blocked, id=15524, stack(0x000000ff8ff00000,0x000000ff90000000) (1024K)]
  0x000002289ba18ea0 JavaThread "Start Level: Equinox Container: 06fee47a-d6e7-4786-a6d4-fd17ec048e03" daemon [_thread_blocked, id=23768, stack(0x000000ff90000000,0x000000ff90100000) (1024K)]
  0x00000228a035e050 JavaThread "Bundle File Closer"         daemon [_thread_blocked, id=12808, stack(0x000000ff90100000,0x000000ff90200000) (1024K)]
  0x00000228a022d210 JavaThread "SCR Component Actor"        daemon [_thread_blocked, id=7252, stack(0x000000ff90200000,0x000000ff90300000) (1024K)]
  0x00000228a034b260 JavaThread "Worker-JM"                         [_thread_blocked, id=23244, stack(0x000000ff90300000,0x000000ff90400000) (1024K)]
  0x00000228a0349820 JavaThread "JNA Cleaner"                daemon [_thread_blocked, id=16460, stack(0x000000ff8f300000,0x000000ff8f400000) (1024K)]
  0x00000228a034b8f0 JavaThread "Worker-0"                          [_thread_blocked, id=8244, stack(0x000000ff90400000,0x000000ff90500000) (1024K)]
  0x00000228a0349eb0 JavaThread "Worker-1: Building"                [_thread_in_Java, id=13028, stack(0x000000ff90500000,0x000000ff90600000) (1024K)]
  0x00000228a034c610 JavaThread "Worker-2: Repository registry initialization"        [_thread_in_vm, id=7280, stack(0x000000ff90600000,0x000000ff90700000) (1024K)]
  0x00000228a034cca0 JavaThread "Java indexing"              daemon [_thread_blocked, id=6176, stack(0x000000ff90700000,0x000000ff90800000) (1024K)]
  0x00000228a1e41b20 JavaThread "Worker-3"                          [_thread_blocked, id=7720, stack(0x000000ff90800000,0x000000ff90900000) (1024K)]
  0x00000228a1e40e00 JavaThread "Worker-4"                          [_thread_blocked, id=6376, stack(0x000000ff90b00000,0x000000ff90c00000) (1024K)]
  0x00000228a1e3cc60 JavaThread "Worker-5"                          [_thread_blocked, id=12988, stack(0x000000ff90c00000,0x000000ff90d00000) (1024K)]
  0x00000228a1e3fa50 JavaThread "Thread-1"                   daemon [_thread_in_native, id=25436, stack(0x000000ff90d00000,0x000000ff90e00000) (1024K)]
  0x00000228a1e421b0 JavaThread "Thread-2"                   daemon [_thread_in_native, id=24624, stack(0x000000ff90e00000,0x000000ff90f00000) (1024K)]
  0x00000228a1e3e010 JavaThread "Thread-3"                   daemon [_thread_in_native, id=20520, stack(0x000000ff90f00000,0x000000ff91000000) (1024K)]
  0x00000228a1e3d2f0 JavaThread "Thread-4"                   daemon [_thread_in_native, id=7760, stack(0x000000ff91000000,0x000000ff91100000) (1024K)]
  0x00000228a1e3f3c0 JavaThread "Thread-5"                   daemon [_thread_in_native, id=12900, stack(0x000000ff91100000,0x000000ff91200000) (1024K)]
  0x00000228a1e41490 JavaThread "Thread-6"                   daemon [_thread_in_native, id=1548, stack(0x000000ff91200000,0x000000ff91300000) (1024K)]
  0x00000228a1e42ed0 JavaThread "Thread-7"                   daemon [_thread_in_native, id=3388, stack(0x000000ff91300000,0x000000ff91400000) (1024K)]
  0x00000228a1e400e0 JavaThread "Thread-8"                   daemon [_thread_in_native, id=3044, stack(0x000000ff91400000,0x000000ff91500000) (1024K)]
  0x00000228a1e42840 JavaThread "Thread-9"                   daemon [_thread_in_native, id=11704, stack(0x000000ff91500000,0x000000ff91600000) (1024K)]
  0x00000228a1e43560 JavaThread "pool-2-thread-1"                   [_thread_blocked, id=5668, stack(0x000000ff91600000,0x000000ff91700000) (1024K)]
  0x00000228a1e43bf0 JavaThread "WorkspaceEventsHandler"            [_thread_blocked, id=12128, stack(0x000000ff91700000,0x000000ff91800000) (1024K)]
  0x00000228a1e44280 JavaThread "pool-1-thread-1"                   [_thread_blocked, id=21796, stack(0x000000ff91800000,0x000000ff91900000) (1024K)]
Total: 38

Other Threads:
  0x0000022841e5e8d0 VMThread "VM Thread"                           [id=20176, stack(0x000000ff8ea00000,0x000000ff8eb00000) (1024K)]
  0x000002285873caf0 WatcherThread "VM Periodic Task Thread"        [id=11772, stack(0x000000ff8e900000,0x000000ff8ea00000) (1024K)]
  0x0000022841dbdb50 WorkerThread "GC Thread#0"                     [id=22432, stack(0x000000ff8e800000,0x000000ff8e900000) (1024K)]
  0x000002289b790240 WorkerThread "GC Thread#1"                     [id=6852, stack(0x000000ff8f600000,0x000000ff8f700000) (1024K)]
  0x000002289bcddb20 WorkerThread "GC Thread#2"                     [id=20384, stack(0x000000ff8f700000,0x000000ff8f800000) (1024K)]
  0x000002289b6cb870 WorkerThread "GC Thread#3"                     [id=10056, stack(0x000000ff8f800000,0x000000ff8f900000) (1024K)]
  0x000002289b6cbc20 WorkerThread "GC Thread#4"                     [id=21268, stack(0x000000ff8f900000,0x000000ff8fa00000) (1024K)]
  0x000002289b6cbfd0 WorkerThread "GC Thread#5"                     [id=23388, stack(0x000000ff8fa00000,0x000000ff8fb00000) (1024K)]
  0x000002289bbce800 WorkerThread "GC Thread#6"                     [id=22256, stack(0x000000ff8fb00000,0x000000ff8fc00000) (1024K)]
  0x000002289bbcdcf0 WorkerThread "GC Thread#7"                     [id=11172, stack(0x000000ff8fd00000,0x000000ff8fe00000) (1024K)]
Total: 10

Threads with active compile tasks:
C2 CompilerThread0  8489 5246   !   4       sun.nio.cs.StreamDecoder::read (78 bytes)
C1 CompilerThread0  8489 5891   !   2       com.google.inject.spi.InjectionPoint::getInjectionPoints (489 bytes)
Total: 2

VM state: not at safepoint (normal execution)

VM Mutex/Monitor currently owned by a thread: None

Heap address: 0x0000000080000000, size: 2048 MB, Compressed Oops mode: 32-bit

CDS archive(s) mapped at: [0x0000022859000000-0x0000022859ba0000-0x0000022859ba0000), size 12189696, SharedBaseAddress: 0x0000022859000000, ArchiveRelocationMode: 1.
Compressed class space mapped at: 0x000002285a000000-0x000002289a000000, reserved size: 1073741824
Narrow klass base: 0x0000022859000000, Narrow klass shift: 0, Narrow klass range: 0x100000000

GC Precious Log:
 CardTable entry size: 512
 CPUs: 8 total, 8 available
 Memory: 8071M
 Large Page Support: Disabled
 NUMA Support: Disabled
 Compressed Oops: Enabled (32-bit)
 Alignments: Space 512K, Generation 512K, Heap 2M
 Heap Min Capacity: 100M
 Heap Initial Capacity: 100M
 Heap Max Capacity: 2G
 Pre-touch: Disabled
 Parallel Workers: 8

Heap:
 PSYoungGen      total 23552K, used 17358K [0x00000000d5580000, 0x00000000d6e80000, 0x0000000100000000)
  eden space 21504K, 72% used [0x00000000d5580000,0x00000000d64cc370,0x00000000d6a80000)
  from space 2048K, 99% used [0x00000000d6c80000,0x00000000d6e7fe10,0x00000000d6e80000)
  to   space 2048K, 0% used [0x00000000d6a80000,0x00000000d6a80000,0x00000000d6c80000)
 ParOldGen       total 68608K, used 30253K [0x0000000080000000, 0x0000000084300000, 0x00000000d5580000)
  object space 68608K, 44% used [0x0000000080000000,0x0000000081d8b6a8,0x0000000084300000)
 Metaspace       used 43614K, committed 44992K, reserved 1114112K
  class space    used 4682K, committed 5312K, reserved 1048576K

Card table byte_map: [0x0000022841750000,0x0000022841b60000] _byte_map_base: 0x0000022841350000

Marking Bits: (ParMarkBitMap*) 0x00007ff8f2283450
 Begin Bits: [0x0000022854260000, 0x0000022856260000)
 End Bits:   [0x0000022856260000, 0x0000022858260000)

Polling page: 0x000002283fd90000

Metaspace:

Usage:
  Non-class:     38.02 MB used.
      Class:      4.57 MB used.
       Both:     42.59 MB used.

Virtual space:
  Non-class space:       64.00 MB reserved,      38.75 MB ( 61%) committed,  1 nodes.
      Class space:        1.00 GB reserved,       5.19 MB ( <1%) committed,  1 nodes.
             Both:        1.06 GB reserved,      43.94 MB (  4%) committed. 

Chunk freelists:
   Non-Class:  9.11 MB
       Class:  10.86 MB
        Both:  19.97 MB

MaxMetaspaceSize: unlimited
CompressedClassSpaceSize: 1.00 GB
Initial GC threshold: 21.00 MB
Current GC threshold: 59.38 MB
CDS: on
 - commit_granule_bytes: 65536.
 - commit_granule_words: 8192.
 - virtual_space_node_default_size: 8388608.
 - enlarge_chunks_in_place: 1.
 - use_allocation_guard: 0.


Internal statistics:

num_allocs_failed_limit: 14.
num_arena_births: 956.
num_arena_deaths: 14.
num_vsnodes_births: 2.
num_vsnodes_deaths: 0.
num_space_committed: 703.
num_space_uncommitted: 0.
num_chunks_returned_to_freelist: 28.
num_chunks_taken_from_freelist: 2991.
num_chunk_merges: 9.
num_chunk_splits: 1797.
num_chunks_enlarged: 970.
num_inconsistent_stats: 0.

CodeHeap 'non-profiled nmethods': size=120000Kb used=1817Kb max_used=1898Kb free=118182Kb
 bounds [0x000002284ca80000, 0x000002284ccf0000, 0x0000022853fb0000]
CodeHeap 'profiled nmethods': size=120000Kb used=10290Kb max_used=10290Kb free=109709Kb
 bounds [0x0000022844fb0000, 0x00000228459c0000, 0x000002284c4e0000]
CodeHeap 'non-nmethods': size=5760Kb used=1374Kb max_used=1413Kb free=4385Kb
 bounds [0x000002284c4e0000, 0x000002284c750000, 0x000002284ca80000]
CodeCache: size=245760Kb, used=13481Kb, max_used=13601Kb, free=232276Kb
 total_blobs=5912, nmethods=5238, adapters=580, full_count=0
Compilation: enabled, stopped_count=0, restarted_count=0

Compilation events (20 events):
Event: 8.381 Thread 0x000002285882cf30 5849       2       java.util.zip.ZipFile$Source$Key::<init> (23 bytes)
Event: 8.382 Thread 0x000002285882cf30 nmethod 5849 0x00000228459a0890 code [0x00000228459a0a40, 0x00000228459a0bb0]
Event: 8.382 Thread 0x000002285882cf30 5850       2       jdk.internal.perf.PerfCounter::getZipFileOpenTime (4 bytes)
Event: 8.382 Thread 0x000002285882cf30 nmethod 5850 0x00000228459a0c90 code [0x00000228459a0e20, 0x00000228459a0f10]
Event: 8.382 Thread 0x000002285882cf30 5851       2       jdk.internal.perf.PerfCounter::getZipFileCount (4 bytes)
Event: 8.383 Thread 0x000002285882cf30 nmethod 5851 0x00000228459a0f90 code [0x00000228459a1120, 0x00000228459a1210]
Event: 8.386 Thread 0x000002285882cf30 5852       3       java.util.regex.Matcher::search (154 bytes)
Event: 8.386 Thread 0x000002285882cf30 nmethod 5852 0x00000228459a1290 code [0x00000228459a14a0, 0x00000228459a1a20]
Event: 8.387 Thread 0x000002285882cf30 5853       2       java.lang.System$2::getConstantPool (5 bytes)
Event: 8.387 Thread 0x000002285882cf30 nmethod 5853 0x00000228459a1c10 code [0x00000228459a1dc0, 0x00000228459a1ee8]
Event: 8.389 Thread 0x000002285882cf30 5854       2       java.util.regex.Matcher::reset (128 bytes)
Event: 8.390 Thread 0x000002285882cf30 nmethod 5854 0x00000228459a1f90 code [0x00000228459a2160, 0x00000228459a24b0]
Event: 8.392 Thread 0x000002285882cf30 5856       2       java.lang.invoke.VarHandleGuards::guard_LI_V (123 bytes)
Event: 8.396 Thread 0x000002285882cf30 nmethod 5856 0x00000228459a2710 code [0x00000228459a2a20, 0x00000228459a3870]
Event: 8.397 Thread 0x000002285882cf30 5857       2       java.lang.invoke.VarHandleInts$FieldInstanceReadWrite::setRelease (28 bytes)
Event: 8.398 Thread 0x000002285882cf30 nmethod 5857 0x00000228459a4210 code [0x00000228459a4400, 0x00000228459a4740]
Event: 8.398 Thread 0x000002285882cf30 5858       2       jdk.internal.misc.Unsafe::putIntRelease (9 bytes)
Event: 8.398 Thread 0x000002285882cf30 nmethod 5858 0x00000228459a4910 code [0x00000228459a4aa0, 0x00000228459a4bb0]
Event: 8.399 Thread 0x000002285882cf30 5859       2       java.util.concurrent.FutureTask::set (30 bytes)
Event: 8.400 Thread 0x000002285882cf30 nmethod 5859 0x00000228459a4c90 code [0x00000228459a4e80, 0x00000228459a5270]

GC Heap History (20 events):
Event: 6.587 GC heap before
{Heap before GC invocations=15 (full 1):
 PSYoungGen      total 23040K, used 3513K [0x00000000d5580000, 0x00000000d7180000, 0x0000000100000000)
  eden space 22016K, 12% used [0x00000000d5580000,0x00000000d581aa68,0x00000000d6b00000)
  from space 1024K, 82% used [0x00000000d6e00000,0x00000000d6ed3d28,0x00000000d6f00000)
  to   space 1536K, 0% used [0x00000000d7000000,0x00000000d7000000,0x00000000d7180000)
 ParOldGen       total 68608K, used 19686K [0x0000000080000000, 0x0000000084300000, 0x00000000d5580000)
  object space 68608K, 28% used [0x0000000080000000,0x0000000081339858,0x0000000084300000)
 Metaspace       used 34992K, committed 36224K, reserved 1114112K
  class space    used 3588K, committed 4096K, reserved 1048576K
}
Event: 6.588 GC heap after
{Heap after GC invocations=15 (full 1):
 PSYoungGen      total 22528K, used 313K [0x00000000d5580000, 0x00000000d7080000, 0x0000000100000000)
  eden space 22016K, 0% used [0x00000000d5580000,0x00000000d5580000,0x00000000d6b00000)
  from space 512K, 61% used [0x00000000d7000000,0x00000000d704e700,0x00000000d7080000)
  to   space 1024K, 0% used [0x00000000d6e80000,0x00000000d6e80000,0x00000000d6f80000)
 ParOldGen       total 68608K, used 20322K [0x0000000080000000, 0x0000000084300000, 0x00000000d5580000)
  object space 68608K, 29% used [0x0000000080000000,0x00000000813d8910,0x0000000084300000)
 Metaspace       used 34992K, committed 36224K, reserved 1114112K
  class space    used 3588K, committed 4096K, reserved 1048576K
}
Event: 6.608 GC heap before
{Heap before GC invocations=16 (full 1):
 PSYoungGen      total 22528K, used 2363K [0x00000000d5580000, 0x00000000d7080000, 0x0000000100000000)
  eden space 22016K, 9% used [0x00000000d5580000,0x00000000d57807e8,0x00000000d6b00000)
  from space 512K, 61% used [0x00000000d7000000,0x00000000d704e700,0x00000000d7080000)
  to   space 1024K, 0% used [0x00000000d6e80000,0x00000000d6e80000,0x00000000d6f80000)
 ParOldGen       total 68608K, used 20322K [0x0000000080000000, 0x0000000084300000, 0x00000000d5580000)
  object space 68608K, 29% used [0x0000000080000000,0x00000000813d8910,0x0000000084300000)
 Metaspace       used 35318K, committed 36480K, reserved 1114112K
  class space    used 3625K, committed 4160K, reserved 1048576K
}
Event: 6.609 GC heap after
{Heap after GC invocations=16 (full 1):
 PSYoungGen      total 23040K, used 256K [0x00000000d5580000, 0x00000000d7080000, 0x0000000100000000)
  eden space 22016K, 0% used [0x00000000d5580000,0x00000000d5580000,0x00000000d6b00000)
  from space 1024K, 25% used [0x00000000d6e80000,0x00000000d6ec0000,0x00000000d6f80000)
  to   space 512K, 0% used [0x00000000d7000000,0x00000000d7000000,0x00000000d7080000)
 ParOldGen       total 68608K, used 20442K [0x0000000080000000, 0x0000000084300000, 0x00000000d5580000)
  object space 68608K, 29% used [0x0000000080000000,0x00000000813f6a48,0x0000000084300000)
 Metaspace       used 35318K, committed 36480K, reserved 1114112K
  class space    used 3625K, committed 4160K, reserved 1048576K
}
Event: 6.609 GC heap before
{Heap before GC invocations=17 (full 2):
 PSYoungGen      total 23040K, used 256K [0x00000000d5580000, 0x00000000d7080000, 0x0000000100000000)
  eden space 22016K, 0% used [0x00000000d5580000,0x00000000d5580000,0x00000000d6b00000)
  from space 1024K, 25% used [0x00000000d6e80000,0x00000000d6ec0000,0x00000000d6f80000)
  to   space 512K, 0% used [0x00000000d7000000,0x00000000d7000000,0x00000000d7080000)
 ParOldGen       total 68608K, used 20442K [0x0000000080000000, 0x0000000084300000, 0x00000000d5580000)
  object space 68608K, 29% used [0x0000000080000000,0x00000000813f6a48,0x0000000084300000)
 Metaspace       used 35318K, committed 36480K, reserved 1114112K
  class space    used 3625K, committed 4160K, reserved 1048576K
}
Event: 6.672 GC heap after
{Heap after GC invocations=17 (full 2):
 PSYoungGen      total 23040K, used 0K [0x00000000d5580000, 0x00000000d7080000, 0x0000000100000000)
  eden space 22016K, 0% used [0x00000000d5580000,0x00000000d5580000,0x00000000d6b00000)
  from space 1024K, 0% used [0x00000000d6e80000,0x00000000d6e80000,0x00000000d6f80000)
  to   space 512K, 0% used [0x00000000d7000000,0x00000000d7000000,0x00000000d7080000)
 ParOldGen       total 68608K, used 19486K [0x0000000080000000, 0x0000000084300000, 0x00000000d5580000)
  object space 68608K, 28% used [0x0000000080000000,0x0000000081307b18,0x0000000084300000)
 Metaspace       used 35318K, committed 36480K, reserved 1114112K
  class space    used 3625K, committed 4160K, reserved 1048576K
}
Event: 6.994 GC heap before
{Heap before GC invocations=18 (full 2):
 PSYoungGen      total 23040K, used 22016K [0x00000000d5580000, 0x00000000d7080000, 0x0000000100000000)
  eden space 22016K, 100% used [0x00000000d5580000,0x00000000d6b00000,0x00000000d6b00000)
  from space 1024K, 0% used [0x00000000d6e80000,0x00000000d6e80000,0x00000000d6f80000)
  to   space 512K, 0% used [0x00000000d7000000,0x00000000d7000000,0x00000000d7080000)
 ParOldGen       total 68608K, used 19486K [0x0000000080000000, 0x0000000084300000, 0x00000000d5580000)
  object space 68608K, 28% used [0x0000000080000000,0x0000000081307b18,0x0000000084300000)
 Metaspace       used 37458K, committed 38720K, reserved 1114112K
  class space    used 3919K, committed 4480K, reserved 1048576K
}
Event: 7.003 GC heap after
{Heap after GC invocations=18 (full 2):
 PSYoungGen      total 22528K, used 512K [0x00000000d5580000, 0x00000000d7200000, 0x0000000100000000)
  eden space 22016K, 0% used [0x00000000d5580000,0x00000000d5580000,0x00000000d6b00000)
  from space 512K, 100% used [0x00000000d7000000,0x00000000d7080000,0x00000000d7080000)
  to   space 3584K, 0% used [0x00000000d6b00000,0x00000000d6b00000,0x00000000d6e80000)
 ParOldGen       total 68608K, used 21694K [0x0000000080000000, 0x0000000084300000, 0x00000000d5580000)
  object space 68608K, 31% used [0x0000000080000000,0x000000008152fb28,0x0000000084300000)
 Metaspace       used 37458K, committed 38720K, reserved 1114112K
  class space    used 3919K, committed 4480K, reserved 1048576K
}
Event: 7.310 GC heap before
{Heap before GC invocations=19 (full 2):
 PSYoungGen      total 22528K, used 22528K [0x00000000d5580000, 0x00000000d7200000, 0x0000000100000000)
  eden space 22016K, 100% used [0x00000000d5580000,0x00000000d6b00000,0x00000000d6b00000)
  from space 512K, 100% used [0x00000000d7000000,0x00000000d7080000,0x00000000d7080000)
  to   space 3584K, 0% used [0x00000000d6b00000,0x00000000d6b00000,0x00000000d6e80000)
 ParOldGen       total 68608K, used 21694K [0x0000000080000000, 0x0000000084300000, 0x00000000d5580000)
  object space 68608K, 31% used [0x0000000080000000,0x000000008152fb28,0x0000000084300000)
 Metaspace       used 39172K, committed 40448K, reserved 1114112K
  class space    used 4117K, committed 4672K, reserved 1048576K
}
Event: 7.316 GC heap after
{Heap after GC invocations=19 (full 2):
 PSYoungGen      total 25600K, used 1645K [0x00000000d5580000, 0x00000000d7080000, 0x0000000100000000)
  eden space 22016K, 0% used [0x00000000d5580000,0x00000000d5580000,0x00000000d6b00000)
  from space 3584K, 45% used [0x00000000d6b00000,0x00000000d6c9b630,0x00000000d6e80000)
  to   space 2048K, 0% used [0x00000000d6e80000,0x00000000d6e80000,0x00000000d7080000)
 ParOldGen       total 68608K, used 22171K [0x0000000080000000, 0x0000000084300000, 0x00000000d5580000)
  object space 68608K, 32% used [0x0000000080000000,0x00000000815a6e80,0x0000000084300000)
 Metaspace       used 39172K, committed 40448K, reserved 1114112K
  class space    used 4117K, committed 4672K, reserved 1048576K
}
Event: 7.577 GC heap before
{Heap before GC invocations=20 (full 2):
 PSYoungGen      total 25600K, used 23661K [0x00000000d5580000, 0x00000000d7080000, 0x0000000100000000)
  eden space 22016K, 100% used [0x00000000d5580000,0x00000000d6b00000,0x00000000d6b00000)
  from space 3584K, 45% used [0x00000000d6b00000,0x00000000d6c9b630,0x00000000d6e80000)
  to   space 2048K, 0% used [0x00000000d6e80000,0x00000000d6e80000,0x00000000d7080000)
 ParOldGen       total 68608K, used 22171K [0x0000000080000000, 0x0000000084300000, 0x00000000d5580000)
  object space 68608K, 32% used [0x0000000080000000,0x00000000815a6e80,0x0000000084300000)
 Metaspace       used 39759K, committed 40960K, reserved 1114112K
  class space    used 4184K, committed 4736K, reserved 1048576K
}
Event: 7.583 GC heap after
{Heap after GC invocations=20 (full 2):
 PSYoungGen      total 23552K, used 2016K [0x00000000d5580000, 0x00000000d7300000, 0x0000000100000000)
  eden space 21504K, 0% used [0x00000000d5580000,0x00000000d5580000,0x00000000d6a80000)
  from space 2048K, 98% used [0x00000000d6e80000,0x00000000d7078010,0x00000000d7080000)
  to   space 4096K, 0% used [0x00000000d6a80000,0x00000000d6a80000,0x00000000d6e80000)
 ParOldGen       total 68608K, used 23675K [0x0000000080000000, 0x0000000084300000, 0x00000000d5580000)
  object space 68608K, 34% used [0x0000000080000000,0x000000008171eec0,0x0000000084300000)
 Metaspace       used 39759K, committed 40960K, reserved 1114112K
  class space    used 4184K, committed 4736K, reserved 1048576K
}
Event: 7.810 GC heap before
{Heap before GC invocations=21 (full 2):
 PSYoungGen      total 23552K, used 23520K [0x00000000d5580000, 0x00000000d7300000, 0x0000000100000000)
  eden space 21504K, 100% used [0x00000000d5580000,0x00000000d6a80000,0x00000000d6a80000)
  from space 2048K, 98% used [0x00000000d6e80000,0x00000000d7078010,0x00000000d7080000)
  to   space 4096K, 0% used [0x00000000d6a80000,0x00000000d6a80000,0x00000000d6e80000)
 ParOldGen       total 68608K, used 23675K [0x0000000080000000, 0x0000000084300000, 0x00000000d5580000)
  object space 68608K, 34% used [0x0000000080000000,0x000000008171eec0,0x0000000084300000)
 Metaspace       used 40608K, committed 41856K, reserved 1114112K
  class space    used 4299K, committed 4864K, reserved 1048576K
}
Event: 7.818 GC heap after
{Heap after GC invocations=21 (full 2):
 PSYoungGen      total 23552K, used 1572K [0x00000000d5580000, 0x00000000d6f80000, 0x0000000100000000)
  eden space 21504K, 0% used [0x00000000d5580000,0x00000000d5580000,0x00000000d6a80000)
  from space 2048K, 76% used [0x00000000d6a80000,0x00000000d6c09200,0x00000000d6c80000)
  to   space 2560K, 0% used [0x00000000d6d00000,0x00000000d6d00000,0x00000000d6f80000)
 ParOldGen       total 68608K, used 25547K [0x0000000080000000, 0x0000000084300000, 0x00000000d5580000)
  object space 68608K, 37% used [0x0000000080000000,0x00000000818f2ec0,0x0000000084300000)
 Metaspace       used 40608K, committed 41856K, reserved 1114112K
  class space    used 4299K, committed 4864K, reserved 1048576K
}
Event: 8.037 GC heap before
{Heap before GC invocations=22 (full 2):
 PSYoungGen      total 23552K, used 23076K [0x00000000d5580000, 0x00000000d6f80000, 0x0000000100000000)
  eden space 21504K, 100% used [0x00000000d5580000,0x00000000d6a80000,0x00000000d6a80000)
  from space 2048K, 76% used [0x00000000d6a80000,0x00000000d6c09200,0x00000000d6c80000)
  to   space 2560K, 0% used [0x00000000d6d00000,0x00000000d6d00000,0x00000000d6f80000)
 ParOldGen       total 68608K, used 25547K [0x0000000080000000, 0x0000000084300000, 0x00000000d5580000)
  object space 68608K, 37% used [0x0000000080000000,0x00000000818f2ec0,0x0000000084300000)
 Metaspace       used 42110K, committed 43392K, reserved 1114112K
  class space    used 4496K, committed 5056K, reserved 1048576K
}
Event: 8.041 GC heap after
{Heap after GC invocations=22 (full 2):
 PSYoungGen      total 23040K, used 1442K [0x00000000d5580000, 0x00000000d6e80000, 0x0000000100000000)
  eden space 21504K, 0% used [0x00000000d5580000,0x00000000d5580000,0x00000000d6a80000)
  from space 1536K, 93% used [0x00000000d6d00000,0x00000000d6e68810,0x00000000d6e80000)
  to   space 2048K, 0% used [0x00000000d6a80000,0x00000000d6a80000,0x00000000d6c80000)
 ParOldGen       total 68608K, used 26944K [0x0000000080000000, 0x0000000084300000, 0x00000000d5580000)
  object space 68608K, 39% used [0x0000000080000000,0x0000000081a500e0,0x0000000084300000)
 Metaspace       used 42110K, committed 43392K, reserved 1114112K
  class space    used 4496K, committed 5056K, reserved 1048576K
}
Event: 8.164 GC heap before
{Heap before GC invocations=23 (full 2):
 PSYoungGen      total 23040K, used 22946K [0x00000000d5580000, 0x00000000d6e80000, 0x0000000100000000)
  eden space 21504K, 100% used [0x00000000d5580000,0x00000000d6a80000,0x00000000d6a80000)
  from space 1536K, 93% used [0x00000000d6d00000,0x00000000d6e68810,0x00000000d6e80000)
  to   space 2048K, 0% used [0x00000000d6a80000,0x00000000d6a80000,0x00000000d6c80000)
 ParOldGen       total 68608K, used 26944K [0x0000000080000000, 0x0000000084300000, 0x00000000d5580000)
  object space 68608K, 39% used [0x0000000080000000,0x0000000081a500e0,0x0000000084300000)
 Metaspace       used 42450K, committed 43712K, reserved 1114112K
  class space    used 4541K, committed 5120K, reserved 1048576K
}
Event: 8.169 GC heap after
{Heap after GC invocations=23 (full 2):
 PSYoungGen      total 23552K, used 1912K [0x00000000d5580000, 0x00000000d6e80000, 0x0000000100000000)
  eden space 21504K, 0% used [0x00000000d5580000,0x00000000d5580000,0x00000000d6a80000)
  from space 2048K, 93% used [0x00000000d6a80000,0x00000000d6c5e360,0x00000000d6c80000)
  to   space 2048K, 0% used [0x00000000d6c80000,0x00000000d6c80000,0x00000000d6e80000)
 ParOldGen       total 68608K, used 28270K [0x0000000080000000, 0x0000000084300000, 0x00000000d5580000)
  object space 68608K, 41% used [0x0000000080000000,0x0000000081b9ba00,0x0000000084300000)
 Metaspace       used 42450K, committed 43712K, reserved 1114112K
  class space    used 4541K, committed 5120K, reserved 1048576K
}
Event: 8.355 GC heap before
{Heap before GC invocations=24 (full 2):
 PSYoungGen      total 23552K, used 23416K [0x00000000d5580000, 0x00000000d6e80000, 0x0000000100000000)
  eden space 21504K, 100% used [0x00000000d5580000,0x00000000d6a80000,0x00000000d6a80000)
  from space 2048K, 93% used [0x00000000d6a80000,0x00000000d6c5e360,0x00000000d6c80000)
  to   space 2048K, 0% used [0x00000000d6c80000,0x00000000d6c80000,0x00000000d6e80000)
 ParOldGen       total 68608K, used 28270K [0x0000000080000000, 0x0000000084300000, 0x00000000d5580000)
  object space 68608K, 41% used [0x0000000080000000,0x0000000081b9ba00,0x0000000084300000)
 Metaspace       used 43140K, committed 44480K, reserved 1114112K
  class space    used 4625K, committed 5248K, reserved 1048576K
}
Event: 8.366 GC heap after
{Heap after GC invocations=24 (full 2):
 PSYoungGen      total 23552K, used 2047K [0x00000000d5580000, 0x00000000d6e80000, 0x0000000100000000)
  eden space 21504K, 0% used [0x00000000d5580000,0x00000000d5580000,0x00000000d6a80000)
  from space 2048K, 99% used [0x00000000d6c80000,0x00000000d6e7fe10,0x00000000d6e80000)
  to   space 2048K, 0% used [0x00000000d6a80000,0x00000000d6a80000,0x00000000d6c80000)
 ParOldGen       total 68608K, used 30253K [0x0000000080000000, 0x0000000084300000, 0x00000000d5580000)
  object space 68608K, 44% used [0x0000000080000000,0x0000000081d8b6a8,0x0000000084300000)
 Metaspace       used 43140K, committed 44480K, reserved 1114112K
  class space    used 4625K, committed 5248K, reserved 1048576K
}

Dll operation events (10 events):
Event: 0.013 Loaded shared library c:\Users\PCWORLD\.vscode\extensions\redhat.java-1.53.0-win32-x64\jre\21.0.10-win32-x86_64\bin\java.dll
Event: 0.087 Loaded shared library c:\Users\PCWORLD\.vscode\extensions\redhat.java-1.53.0-win32-x64\jre\21.0.10-win32-x86_64\bin\zip.dll
Event: 0.115 Loaded shared library C:\Users\PCWORLD\.vscode\extensions\redhat.java-1.53.0-win32-x64\jre\21.0.10-win32-x86_64\bin\instrument.dll
Event: 0.122 Loaded shared library C:\Users\PCWORLD\.vscode\extensions\redhat.java-1.53.0-win32-x64\jre\21.0.10-win32-x86_64\bin\net.dll
Event: 0.124 Loaded shared library C:\Users\PCWORLD\.vscode\extensions\redhat.java-1.53.0-win32-x64\jre\21.0.10-win32-x86_64\bin\nio.dll
Event: 0.127 Loaded shared library C:\Users\PCWORLD\.vscode\extensions\redhat.java-1.53.0-win32-x64\jre\21.0.10-win32-x86_64\bin\zip.dll
Event: 0.149 Loaded shared library C:\Users\PCWORLD\.vscode\extensions\redhat.java-1.53.0-win32-x64\jre\21.0.10-win32-x86_64\bin\jimage.dll
Event: 0.256 Loaded shared library c:\Users\PCWORLD\.vscode\extensions\redhat.java-1.53.0-win32-x64\jre\21.0.10-win32-x86_64\bin\verify.dll
Event: 2.212 Loaded shared library C:\Users\PCWORLD\AppData\Roaming\Code\User\globalStorage\redhat.java\1.53.0\config_win\org.eclipse.equinox.launcher\org.eclipse.equinox.launcher.win32.win32.x86_64_1.3.0.v20260203-2149\eclipse_11919.dll
Event: 4.331 Loaded shared library C:\Users\PCWORLD\AppData\Local\Temp\jna--13215393\jna1825943939386314879.dll

Deoptimization events (20 events):
Event: 8.235 Thread 0x00000228a034cca0 DEOPT PACKING pc=0x000002284cae8b88 sp=0x000000ff907fe6e0
Event: 8.235 Thread 0x00000228a034cca0 DEOPT UNPACKING pc=0x000002284c533aa2 sp=0x000000ff907fe670 mode 2
Event: 8.235 Thread 0x00000228a034cca0 Uncommon trap: trap_request=0xffffff45 fr.pc=0x000002284cb72738 relative=0x00000000000010b8
Event: 8.235 Thread 0x00000228a034cca0 Uncommon trap: reason=unstable_if action=reinterpret pc=0x000002284cb72738 method=java.util.Properties$LineReader.readLine()I @ 325 c2
Event: 8.235 Thread 0x00000228a034cca0 DEOPT PACKING pc=0x000002284cb72738 sp=0x000000ff907fe6e0
Event: 8.236 Thread 0x00000228a034cca0 DEOPT UNPACKING pc=0x000002284c533aa2 sp=0x000000ff907fe670 mode 2
Event: 8.258 Thread 0x00000228a034cca0 DEOPT PACKING pc=0x0000022845989e26 sp=0x000000ff907fe680
Event: 8.258 Thread 0x00000228a034cca0 DEOPT UNPACKING pc=0x000002284c534242 sp=0x000000ff907fdb70 mode 0
Event: 8.259 Thread 0x00000228a034cca0 DEOPT PACKING pc=0x0000022845989e26 sp=0x000000ff907fe680
Event: 8.259 Thread 0x00000228a034cca0 DEOPT UNPACKING pc=0x000002284c534242 sp=0x000000ff907fdb70 mode 0
Event: 8.259 Thread 0x00000228a034cca0 DEOPT PACKING pc=0x0000022845989e26 sp=0x000000ff907fe680
Event: 8.259 Thread 0x00000228a034cca0 DEOPT UNPACKING pc=0x000002284c534242 sp=0x000000ff907fdb70 mode 0
Event: 8.260 Thread 0x00000228a034cca0 DEOPT PACKING pc=0x0000022845989e26 sp=0x000000ff907fe680
Event: 8.260 Thread 0x00000228a034cca0 DEOPT UNPACKING pc=0x000002284c534242 sp=0x000000ff907fdb70 mode 0
Event: 8.262 Thread 0x00000228a034cca0 DEOPT PACKING pc=0x0000022845989e26 sp=0x000000ff907fe680
Event: 8.262 Thread 0x00000228a034cca0 DEOPT UNPACKING pc=0x000002284c534242 sp=0x000000ff907fdb70 mode 0
Event: 8.266 Thread 0x00000228a034cca0 DEOPT PACKING pc=0x0000022845989e26 sp=0x000000ff907fe680
Event: 8.266 Thread 0x00000228a034cca0 DEOPT UNPACKING pc=0x000002284c534242 sp=0x000000ff907fdb70 mode 0
Event: 8.325 Thread 0x00000228a0349eb0 DEOPT PACKING pc=0x0000022845990824 sp=0x000000ff905fd210
Event: 8.325 Thread 0x00000228a0349eb0 DEOPT UNPACKING pc=0x000002284c534242 sp=0x000000ff905fc6f8 mode 0

Classes loaded (20 events):
Event: 7.305 Loading class sun/nio/ch/WindowsAsynchronousFileChannelImpl$WriteTask
Event: 7.305 Loading class sun/nio/ch/WindowsAsynchronousFileChannelImpl$WriteTask done
Event: 7.670 Loading class java/lang/ExceptionInInitializerError
Event: 7.671 Loading class java/lang/ExceptionInInitializerError done
Event: 7.721 Loading class java/lang/invoke/MethodHandleImpl$CountingWrapper
Event: 7.721 Loading class java/lang/invoke/MethodHandleImpl$CountingWrapper done
Event: 7.985 Loading class java/nio/channels/Channels$ReadableByteChannelImpl
Event: 7.985 Loading class java/nio/channels/Channels$ReadableByteChannelImpl done
Event: 7.986 Loading class java/nio/channels/NonWritableChannelException
Event: 7.986 Loading class java/nio/channels/NonWritableChannelException done
Event: 8.148 Loading class sun/reflect/annotation/AnnotatedTypeFactory$AnnotatedParameterizedTypeImpl
Event: 8.150 Loading class java/lang/reflect/AnnotatedParameterizedType
Event: 8.150 Loading class java/lang/reflect/AnnotatedParameterizedType done
Event: 8.150 Loading class sun/reflect/annotation/AnnotatedTypeFactory$AnnotatedParameterizedTypeImpl done
Event: 8.206 Loading class sun/misc/Unsafe
Event: 8.208 Loading class sun/misc/Unsafe done
Event: 8.242 Loading class sun/reflect/generics/scope/ConstructorScope
Event: 8.243 Loading class sun/reflect/generics/scope/ConstructorScope done
Event: 8.243 Loading class sun/reflect/generics/tree/VoidDescriptor
Event: 8.243 Loading class sun/reflect/generics/tree/VoidDescriptor done

Classes unloaded (7 events):
Event: 5.143 Thread 0x0000022841e5e8d0 Unloading class 0x000002285a1ad400 'java/lang/invoke/LambdaForm$MH+0x000002285a1ad400'
Event: 5.143 Thread 0x0000022841e5e8d0 Unloading class 0x000002285a1ad000 'java/lang/invoke/LambdaForm$MH+0x000002285a1ad000'
Event: 5.143 Thread 0x0000022841e5e8d0 Unloading class 0x000002285a1acc00 'java/lang/invoke/LambdaForm$MH+0x000002285a1acc00'
Event: 5.143 Thread 0x0000022841e5e8d0 Unloading class 0x000002285a1ac800 'java/lang/invoke/LambdaForm$MH+0x000002285a1ac800'
Event: 5.143 Thread 0x0000022841e5e8d0 Unloading class 0x000002285a1ac400 'java/lang/invoke/LambdaForm$BMH+0x000002285a1ac400'
Event: 5.143 Thread 0x0000022841e5e8d0 Unloading class 0x000002285a1ac000 'java/lang/invoke/LambdaForm$DMH+0x000002285a1ac000'
Event: 5.143 Thread 0x0000022841e5e8d0 Unloading class 0x000002285a1aac00 'java/lang/invoke/LambdaForm$DMH+0x000002285a1aac00'

Classes redefined (0 events):
No events

Internal exceptions (20 events):
Event: 6.484 Thread 0x00000228a0349eb0 Exception <a 'java/io/FileNotFoundException'{0x00000000d6921620}> (0x00000000d6921620) 
thrown [s\src\hotspot\share\prims\jni.cpp, line 520]
Event: 6.485 Thread 0x00000228a0349eb0 Exception <a 'java/io/FileNotFoundException'{0x00000000d6922648}> (0x00000000d6922648) 
thrown [s\src\hotspot\share\prims\jni.cpp, line 520]
Event: 6.487 Thread 0x00000228a1e41b20 Exception <a 'java/lang/NoSuchMethodError'{0x00000000d6994468}: 'void java.lang.invoke.DirectMethodHandle$Holder.invokeStaticInit(java.lang.Object, java.lang.Object, java.lang.Object, java.lang.Object)'> (0x00000000d6994468) 
thrown [s\src\hotspot\share\interpreter\linkResolver.cpp, line 773]
Event: 6.685 Thread 0x00000228a0349eb0 Exception <a 'java/lang/NoSuchMethodError'{0x00000000d5651500}: 'java.lang.Object java.lang.invoke.DelegatingMethodHandle$Holder.reinvoke_L(java.lang.Object, int, long, java.lang.Object, java.lang.Object, int, java.lang.Object)'> (0x00000000d5651500) 
thrown [s\src\hotspot\share\interpreter\linkResolver.cpp, line 773]
Event: 6.952 Thread 0x00000228a034b8f0 Exception <a 'sun/nio/fs/WindowsException'{0x00000000d678e8e8}> (0x00000000d678e8e8) 
thrown [s\src\hotspot\share\prims\jni.cpp, line 520]
Event: 7.075 Thread 0x0000022841d9f420 Exception <a 'java/lang/NoSuchMethodError'{0x00000000d59e3220}: 'void java.lang.invoke.DirectMethodHandle$Holder.invokeSpecial(java.lang.Object, java.lang.Object, java.lang.Object, java.lang.Object, java.lang.Object, java.lang.Object)'> (0x00000000d59e3220) 
thrown [s\src\hotspot\share\interpreter\linkResolver.cpp, line 773]
Event: 7.076 Thread 0x0000022841d9f420 Exception <a 'java/lang/IncompatibleClassChangeError'{0x00000000d5a1ddd8}: Found class java.lang.Object, but interface was expected> (0x00000000d5a1ddd8) 
thrown [s\src\hotspot\share\interpreter\linkResolver.cpp, line 840]
Event: 7.077 Thread 0x0000022841d9f420 Exception <a 'java/lang/IncompatibleClassChangeError'{0x00000000d5a1fc20}: Found class java.lang.Object, but interface was expected> (0x00000000d5a1fc20) 
thrown [s\src\hotspot\share\interpreter\linkResolver.cpp, line 840]
Event: 7.095 Thread 0x00000228a034b8f0 Exception <a 'java/io/FileNotFoundException'{0x00000000d5b20630}> (0x00000000d5b20630) 
thrown [s\src\hotspot\share\prims\jni.cpp, line 520]
Event: 7.095 Thread 0x00000228a034b8f0 Exception <a 'java/io/FileNotFoundException'{0x00000000d5b53a88}> (0x00000000d5b53a88) 
thrown [s\src\hotspot\share\prims\jni.cpp, line 520]
Event: 7.102 Thread 0x00000228a034b8f0 Exception <a 'java/lang/NoSuchMethodError'{0x00000000d5b75878}: 'java.lang.Object java.lang.invoke.DirectMethodHandle$Holder.newInvokeSpecial(java.lang.Object, java.lang.Object, java.lang.Object, int)'> (0x00000000d5b75878) 
thrown [s\src\hotspot\share\interpreter\linkResolver.cpp, line 773]
Event: 7.103 Thread 0x00000228a034b8f0 Exception <a 'java/lang/NoSuchMethodError'{0x00000000d5b794f0}: 'java.lang.Object java.lang.invoke.DirectMethodHandle$Holder.invokeSpecial(java.lang.Object, java.lang.Object, java.lang.Object, java.lang.Object, int)'> (0x00000000d5b794f0) 
thrown [s\src\hotspot\share\interpreter\linkResolver.cpp, line 773]
Event: 7.103 Thread 0x00000228a034b8f0 Exception <a 'java/lang/NoSuchMethodError'{0x00000000d5b7c998}: 'java.lang.Object java.lang.invoke.Invokers$Holder.linkToTargetMethod(java.lang.Object, java.lang.Object, int, java.lang.Object)'> (0x00000000d5b7c998) 
thrown [s\src\hotspot\share\interpreter\linkResolver.cpp, line 773]
Event: 7.106 Thread 0x00000228a034b8f0 Exception <a 'java/lang/NoSuchMethodError'{0x00000000d5bb6628}: 'void java.lang.invoke.DirectMethodHandle$Holder.invokeStaticInit(java.lang.Object, java.lang.Object, java.lang.Object)'> (0x00000000d5bb6628) 
thrown [s\src\hotspot\share\interpreter\linkResolver.cpp, line 773]
Event: 7.134 Thread 0x00000228a034c610 Exception <a 'java/lang/NoClassDefFoundError'{0x00000000d5d0ccd0}: javax/enterprise/inject/Typed> (0x00000000d5d0ccd0) 
thrown [s\src\hotspot\share\classfile\systemDictionary.cpp, line 301]
Event: 7.620 Thread 0x00000228a1e44280 Exception <a 'java/io/FileNotFoundException'{0x00000000d58e8778}> (0x00000000d58e8778) 
thrown [s\src\hotspot\share\prims\jni.cpp, line 520]
Event: 7.720 Thread 0x00000228a1e44280 Exception <a 'java/lang/NoSuchMethodError'{0x00000000d62080e0}: 'java.lang.Object java.lang.invoke.DirectMethodHandle$Holder.invokeStatic(java.lang.Object, int, java.lang.Object, java.lang.Object)'> (0x00000000d62080e0) 
thrown [s\src\hotspot\share\interpreter\linkResolver.cpp, line 773]
Event: 7.721 Thread 0x00000228a1e44280 Exception <a 'java/lang/NoSuchMethodError'{0x00000000d620b8e0}: 'java.lang.Object java.lang.invoke.DelegatingMethodHandle$Holder.delegate(java.lang.Object, int, java.lang.Object, java.lang.Object)'> (0x00000000d620b8e0) 
thrown [s\src\hotspot\share\interpreter\linkResolver.cpp, line 773]
Event: 7.730 Thread 0x00000228a1e44280 Exception <a 'java/lang/NoSuchMethodError'{0x00000000d62b0980}: 'int java.lang.invoke.Invokers$Holder.linkToTargetMethod(java.lang.Object, java.lang.Object, java.lang.Object)'> (0x00000000d62b0980) 
thrown [s\src\hotspot\share\interpreter\linkResolver.cpp, line 773]
Event: 8.223 Thread 0x00000228a034cca0 Exception <a 'java/lang/NoSuchMethodError'{0x00000000d5d0c160}: 'java.lang.Object java.lang.invoke.DirectMethodHandle$Holder.invokeVirtual(java.lang.Object, java.lang.Object, int)'> (0x00000000d5d0c160) 
thrown [s\src\hotspot\share\interpreter\linkResolver.cpp, line 773]

ZGC Phase Switch (0 events):
No events

VM Operations (20 events):
Event: 7.102 Executing non-safepoint VM operation: HandshakeAllThreads (Deoptimize)
Event: 7.102 Executing non-safepoint VM operation: HandshakeAllThreads (Deoptimize) done
Event: 7.310 Executing safepoint VM operation: ParallelGCFailedAllocation (Allocation Failure)
Event: 7.317 Executing safepoint VM operation: ParallelGCFailedAllocation (Allocation Failure) done
Event: 7.576 Executing safepoint VM operation: ParallelGCFailedAllocation (Allocation Failure)
Event: 7.583 Executing safepoint VM operation: ParallelGCFailedAllocation (Allocation Failure) done
Event: 7.592 Executing non-safepoint VM operation: HandshakeAllThreads (Deoptimize)
Event: 7.595 Executing non-safepoint VM operation: HandshakeAllThreads (Deoptimize) done
Event: 7.810 Executing safepoint VM operation: ParallelGCFailedAllocation (Allocation Failure)
Event: 7.818 Executing safepoint VM operation: ParallelGCFailedAllocation (Allocation Failure) done
Event: 8.037 Executing safepoint VM operation: ParallelGCFailedAllocation (Allocation Failure)
Event: 8.041 Executing safepoint VM operation: ParallelGCFailedAllocation (Allocation Failure) done
Event: 8.164 Executing safepoint VM operation: ParallelGCFailedAllocation (Allocation Failure)
Event: 8.169 Executing safepoint VM operation: ParallelGCFailedAllocation (Allocation Failure) done
Event: 8.290 Executing non-safepoint VM operation: HandshakeAllThreads (Deoptimize)
Event: 8.319 Executing non-safepoint VM operation: HandshakeAllThreads (Deoptimize) done
Event: 8.325 Executing non-safepoint VM operation: HandshakeAllThreads (Deoptimize)
Event: 8.325 Executing non-safepoint VM operation: HandshakeAllThreads (Deoptimize) done
Event: 8.355 Executing safepoint VM operation: ParallelGCFailedAllocation (Allocation Failure)
Event: 8.366 Executing safepoint VM operation: ParallelGCFailedAllocation (Allocation Failure) done

Memory protections (0 events):
No events

Nmethod flushes (20 events):
Event: 6.639 Thread 0x0000022841e5e8d0 flushing  nmethod 0x00000228455fff90
Event: 6.639 Thread 0x0000022841e5e8d0 flushing  nmethod 0x0000022845600890
Event: 6.639 Thread 0x0000022841e5e8d0 flushing  nmethod 0x0000022845602b10
Event: 6.639 Thread 0x0000022841e5e8d0 flushing  nmethod 0x0000022845603790
Event: 6.639 Thread 0x0000022841e5e8d0 flushing  nmethod 0x0000022845603f10
Event: 6.639 Thread 0x0000022841e5e8d0 flushing  nmethod 0x0000022845605010
Event: 6.639 Thread 0x0000022841e5e8d0 flushing  nmethod 0x0000022845605990
Event: 6.639 Thread 0x0000022841e5e8d0 flushing  nmethod 0x0000022845606f90
Event: 6.639 Thread 0x0000022841e5e8d0 flushing  nmethod 0x0000022845607410
Event: 6.639 Thread 0x0000022841e5e8d0 flushing  nmethod 0x0000022845608110
Event: 6.639 Thread 0x0000022841e5e8d0 flushing  nmethod 0x0000022845612b10
Event: 6.639 Thread 0x0000022841e5e8d0 flushing  nmethod 0x0000022845623d90
Event: 6.639 Thread 0x0000022841e5e8d0 flushing  nmethod 0x000002284563a210
Event: 6.639 Thread 0x0000022841e5e8d0 flushing  nmethod 0x000002284563de90
Event: 6.639 Thread 0x0000022841e5e8d0 flushing  nmethod 0x0000022845640790
Event: 6.639 Thread 0x0000022841e5e8d0 flushing  nmethod 0x000002284564ac10
Event: 6.639 Thread 0x0000022841e5e8d0 flushing  nmethod 0x0000022845652190
Event: 6.639 Thread 0x0000022841e5e8d0 flushing  nmethod 0x00000228456ce090
Event: 6.639 Thread 0x0000022841e5e8d0 flushing  nmethod 0x00000228456ecd10
Event: 6.639 Thread 0x0000022841e5e8d0 flushing  nmethod 0x00000228456ee910

Events (20 events):
Event: 4.464 Thread 0x000002289ba18ea0 Thread added: 0x00000228a0349eb0
Event: 4.465 Thread 0x000002289ba18ea0 Thread added: 0x00000228a034c610
Event: 4.583 Thread 0x000002285882cf30 Thread added: 0x00000228a0131490
Event: 5.549 Thread 0x00000228a0131490 Thread exited: 0x00000228a0131490
Event: 6.060 Thread 0x000002289ba18ea0 Thread added: 0x00000228a034cca0
Event: 6.276 Thread 0x00000228a034c610 Thread added: 0x00000228a1e41b20
Event: 6.437 Thread 0x00000228a0349eb0 Thread added: 0x00000228a1e40e00
Event: 6.462 Thread 0x00000228a1e40e00 Thread added: 0x00000228a1e3cc60
Event: 6.488 Thread 0x0000022841d9f420 Thread added: 0x00000228a1e3fa50
Event: 6.489 Thread 0x0000022841d9f420 Thread added: 0x00000228a1e421b0
Event: 6.489 Thread 0x0000022841d9f420 Thread added: 0x00000228a1e3e010
Event: 6.489 Thread 0x0000022841d9f420 Thread added: 0x00000228a1e3d2f0
Event: 6.489 Thread 0x0000022841d9f420 Thread added: 0x00000228a1e3f3c0
Event: 6.489 Thread 0x0000022841d9f420 Thread added: 0x00000228a1e41490
Event: 6.489 Thread 0x0000022841d9f420 Thread added: 0x00000228a1e42ed0
Event: 6.490 Thread 0x0000022841d9f420 Thread added: 0x00000228a1e400e0
Event: 6.490 Thread 0x0000022841d9f420 Thread added: 0x00000228a1e42840
Event: 6.547 Thread 0x0000022841d9f420 Thread added: 0x00000228a1e43560
Event: 7.141 Thread 0x0000022841d9f420 Thread added: 0x00000228a1e43bf0
Event: 7.141 Thread 0x0000022841d9f420 Thread added: 0x00000228a1e44280


Dynamic libraries:
0x00007ff7ffbc0000 - 0x00007ff7ffbce000 	c:\Users\PCWORLD\.vscode\extensions\redhat.java-1.53.0-win32-x64\jre\21.0.10-win32-x86_64\bin\java.exe
0x00007ff99eb20000 - 0x00007ff99ed29000 	C:\Windows\SYSTEM32\ntdll.dll
0x00007ff99d1e0000 - 0x00007ff99d29d000 	C:\Windows\System32\KERNEL32.DLL
0x00007ff99c420000 - 0x00007ff99c7a4000 	C:\Windows\System32\KERNELBASE.dll
0x00007ff99c0f0000 - 0x00007ff99c201000 	C:\Windows\System32\ucrtbase.dll
0x00007ff992cf0000 - 0x00007ff992d0e000 	c:\Users\PCWORLD\.vscode\extensions\redhat.java-1.53.0-win32-x64\jre\21.0.10-win32-x86_64\bin\VCRUNTIME140.dll
0x00007ff93fac0000 - 0x00007ff93fad8000 	c:\Users\PCWORLD\.vscode\extensions\redhat.java-1.53.0-win32-x64\jre\21.0.10-win32-x86_64\bin\jli.dll
0x00007ff99dd80000 - 0x00007ff99df2d000 	C:\Windows\System32\USER32.dll
0x00007ff9880d0000 - 0x00007ff988375000 	C:\Windows\WinSxS\amd64_microsoft.windows.common-controls_6595b64144ccf1df_6.0.22000.120_none_9d947278b86cc467\COMCTL32.dll
0x00007ff99c7b0000 - 0x00007ff99c7d6000 	C:\Windows\System32\win32u.dll
0x00007ff99cec0000 - 0x00007ff99cf63000 	C:\Windows\System32\msvcrt.dll
0x00007ff99ea20000 - 0x00007ff99ea4a000 	C:\Windows\System32\GDI32.dll
0x00007ff99c7e0000 - 0x00007ff99c8fe000 	C:\Windows\System32\gdi32full.dll
0x00007ff99c380000 - 0x00007ff99c41d000 	C:\Windows\System32\msvcp_win.dll
0x00007ff99c980000 - 0x00007ff99c9b1000 	C:\Windows\System32\IMM32.DLL
0x00007ff98fd50000 - 0x00007ff98fd5c000 	c:\Users\PCWORLD\.vscode\extensions\redhat.java-1.53.0-win32-x64\jre\21.0.10-win32-x86_64\bin\vcruntime140_1.dll
0x00007ff8f2370000 - 0x00007ff8f23fd000 	c:\Users\PCWORLD\.vscode\extensions\redhat.java-1.53.0-win32-x64\jre\21.0.10-win32-x86_64\bin\msvcp140.dll
0x00007ff8f15c0000 - 0x00007ff8f2361000 	c:\Users\PCWORLD\.vscode\extensions\redhat.java-1.53.0-win32-x64\jre\21.0.10-win32-x86_64\bin\server\jvm.dll
0x00007ff99e3c0000 - 0x00007ff99e46e000 	C:\Windows\System32\ADVAPI32.dll
0x00007ff99cfd0000 - 0x00007ff99d06e000 	C:\Windows\System32\sechost.dll
0x00007ff99cbc0000 - 0x00007ff99cce1000 	C:\Windows\System32\RPCRT4.dll
0x00007ff99e8f0000 - 0x00007ff99e95f000 	C:\Windows\System32\WS2_32.dll
0x00007ff99be80000 - 0x00007ff99becd000 	C:\Windows\SYSTEM32\POWRPROF.dll
0x00007ff992f80000 - 0x00007ff992fb3000 	C:\Windows\SYSTEM32\WINMM.dll
0x00007ff990960000 - 0x00007ff99096a000 	C:\Windows\SYSTEM32\VERSION.dll
0x00007ff99bcc0000 - 0x00007ff99bcd3000 	C:\Windows\SYSTEM32\UMPDC.dll
0x00007ff99afe0000 - 0x00007ff99aff8000 	C:\Windows\SYSTEM32\kernel.appcore.dll
0x00007ff98efd0000 - 0x00007ff98efda000 	c:\Users\PCWORLD\.vscode\extensions\redhat.java-1.53.0-win32-x64\jre\21.0.10-win32-x86_64\bin\jimage.dll
0x00007ff999110000 - 0x00007ff999331000 	C:\Windows\SYSTEM32\DBGHELP.DLL
0x00007ff985050000 - 0x00007ff985081000 	C:\Windows\SYSTEM32\dbgcore.DLL
0x00007ff99c070000 - 0x00007ff99c0ef000 	C:\Windows\System32\bcryptPrimitives.dll
0x00007ff97daa0000 - 0x00007ff97daaf000 	c:\Users\PCWORLD\.vscode\extensions\redhat.java-1.53.0-win32-x64\jre\21.0.10-win32-x86_64\bin\instrument.dll
0x00007ff90cb70000 - 0x00007ff90cb90000 	c:\Users\PCWORLD\.vscode\extensions\redhat.java-1.53.0-win32-x64\jre\21.0.10-win32-x86_64\bin\java.dll
0x00007ff99d2a0000 - 0x00007ff99da65000 	C:\Windows\System32\SHELL32.dll
0x00007ff99a040000 - 0x00007ff99a8a2000 	C:\Windows\SYSTEM32\windows.storage.dll
0x00007ff99df50000 - 0x00007ff99e2c6000 	C:\Windows\System32\combase.dll
0x00007ff999ed0000 - 0x00007ff99a037000 	C:\Windows\SYSTEM32\wintypes.dll
0x00007ff99e2d0000 - 0x00007ff99e3ba000 	C:\Windows\System32\SHCORE.dll
0x00007ff99cf70000 - 0x00007ff99cfcd000 	C:\Windows\System32\shlwapi.dll
0x00007ff99bee0000 - 0x00007ff99bf05000 	C:\Windows\SYSTEM32\profapi.dll
0x00007ff90cad0000 - 0x00007ff90cae8000 	c:\Users\PCWORLD\.vscode\extensions\redhat.java-1.53.0-win32-x64\jre\21.0.10-win32-x86_64\bin\zip.dll
0x00007ff97f760000 - 0x00007ff97f770000 	C:\Users\PCWORLD\.vscode\extensions\redhat.java-1.53.0-win32-x64\jre\21.0.10-win32-x86_64\bin\net.dll
0x00007ff9934a0000 - 0x00007ff9935b4000 	C:\Windows\SYSTEM32\WINHTTP.dll
0x00007ff99b480000 - 0x00007ff99b4e7000 	C:\Windows\system32\mswsock.dll
0x00007ff933660000 - 0x00007ff933676000 	C:\Users\PCWORLD\.vscode\extensions\redhat.java-1.53.0-win32-x64\jre\21.0.10-win32-x86_64\bin\nio.dll
0x00007ff95cb90000 - 0x00007ff95cba0000 	c:\Users\PCWORLD\.vscode\extensions\redhat.java-1.53.0-win32-x64\jre\21.0.10-win32-x86_64\bin\verify.dll
0x00007ff8f4820000 - 0x00007ff8f4865000 	C:\Users\PCWORLD\AppData\Roaming\Code\User\globalStorage\redhat.java\1.53.0\config_win\org.eclipse.equinox.launcher\org.eclipse.equinox.launcher.win32.win32.x86_64_1.3.0.v20260203-2149\eclipse_11919.dll
0x00007ff99cd00000 - 0x00007ff99ce9a000 	C:\Windows\System32\ole32.dll
0x00007ff99b750000 - 0x00007ff99b768000 	C:\Windows\SYSTEM32\CRYPTSP.dll
0x00007ff99af40000 - 0x00007ff99af75000 	C:\Windows\system32\rsaenh.dll
0x00007ff99b520000 - 0x00007ff99b54c000 	C:\Windows\SYSTEM32\USERENV.dll
0x00007ff99b900000 - 0x00007ff99b927000 	C:\Windows\SYSTEM32\bcrypt.dll
0x00007ff99b670000 - 0x00007ff99b67c000 	C:\Windows\SYSTEM32\CRYPTBASE.dll
0x00007ff99ab40000 - 0x00007ff99ab6d000 	C:\Windows\SYSTEM32\IPHLPAPI.DLL
0x00007ff99c970000 - 0x00007ff99c979000 	C:\Windows\System32\NSI.dll
0x00007ff984ed0000 - 0x00007ff984f19000 	C:\Users\PCWORLD\AppData\Local\Temp\jna--13215393\jna1825943939386314879.dll
0x00007ff99ea10000 - 0x00007ff99ea18000 	C:\Windows\System32\PSAPI.DLL
0x00007ff993600000 - 0x00007ff993619000 	C:\Windows\SYSTEM32\dhcpcsvc6.DLL
0x00007ff996ac0000 - 0x00007ff996ade000 	C:\Windows\SYSTEM32\dhcpcsvc.DLL

JVMTI agents:
c:\Users\PCWORLD\.vscode\extensions\redhat.java-1.53.0-win32-x64\lombok\lombok-1.18.39-4050.jar path:c:\Users\PCWORLD\.vscode\extensions\redhat.java-1.53.0-win32-x64\jre\21.0.10-win32-x86_64\bin\instrument.dll, loaded, initialized, instrumentlib options:none

dbghelp: loaded successfully - version: 4.0.5 - missing functions: none
symbol engine: initialized successfully - sym options: 0x614 - pdb path: .;c:\Users\PCWORLD\.vscode\extensions\redhat.java-1.53.0-win32-x64\jre\21.0.10-win32-x86_64\bin;C:\Windows\SYSTEM32;C:\Windows\WinSxS\amd64_microsoft.windows.common-controls_6595b64144ccf1df_6.0.22000.120_none_9d947278b86cc467;c:\Users\PCWORLD\.vscode\extensions\redhat.java-1.53.0-win32-x64\jre\21.0.10-win32-x86_64\bin\server;C:\Users\PCWORLD\AppData\Roaming\Code\User\globalStorage\redhat.java\1.53.0\config_win\org.eclipse.equinox.launcher\org.eclipse.equinox.launcher.win32.win32.x86_64_1.3.0.v20260203-2149;C:\Users\PCWORLD\AppData\Local\Temp\jna--13215393

VM Arguments:
jvm_args: --add-modules=ALL-SYSTEM --add-opens=java.base/java.util=ALL-UNNAMED --add-opens=java.base/java.lang=ALL-UNNAMED --add-opens=java.base/sun.nio.fs=ALL-UNNAMED -Declipse.application=org.eclipse.jdt.ls.core.id1 -Dosgi.bundles.defaultStartLevel=4 -Declipse.product=org.eclipse.jdt.ls.core.product -Djava.import.generatesMetadataFilesAtProjectRoot=false -DDetectVMInstallationsJob.disabled=true -Dfile.encoding=utf8 -XX:+UseParallelGC -XX:GCTimeRatio=4 -XX:AdaptiveSizePolicyWeight=90 -Dsun.zip.disableMemoryMapping=true -Xmx2G -Xms100m -Xlog:disable -javaagent:c:\Users\PCWORLD\.vscode\extensions\redhat.java-1.53.0-win32-x64\lombok\lombok-1.18.39-4050.jar -XX:+HeapDumpOnOutOfMemoryError -XX:HeapDumpPath=c:\Users\PCWORLD\AppData\Roaming\Code\User\workspaceStorage\087698c59d74820307de26a5bebf90e5\redhat.java -Daether.dependencyCollector.impl=bf 
java_command: c:\Users\PCWORLD\.vscode\extensions\redhat.java-1.53.0-win32-x64\server\plugins\org.eclipse.equinox.launcher_1.7.100.v20251111-0406.jar -configuration c:\Users\PCWORLD\AppData\Roaming\Code\User\globalStorage\redhat.java\1.53.0\config_win -data c:\Users\PCWORLD\AppData\Roaming\Code\User\workspaceStorage\087698c59d74820307de26a5bebf90e5\redhat.java\jdt_ws --pipe=\\.\pipe\lsp-b37567d5a038465b19fdc782c2da42d1-sock
java_class_path (initial): c:\Users\PCWORLD\.vscode\extensions\redhat.java-1.53.0-win32-x64\server\plugins\org.eclipse.equinox.launcher_1.7.100.v20251111-0406.jar
Launcher Type: SUN_STANDARD

[Global flags]
    uintx AdaptiveSizePolicyWeight                 = 90                                        {product} {command line}
     intx CICompilerCount                          = 4                                         {product} {ergonomic}
    uintx GCTimeRatio                              = 4                                         {product} {command line}
     bool HeapDumpOnOutOfMemoryError               = true                                   {manageable} {command line}
    ccstr HeapDumpPath                             = c:\Users\PCWORLD\AppData\Roaming\Code\User\workspaceStorage\087698c59d74820307de26a5bebf90e5\redhat.java         {manageable} {command line}
   size_t InitialHeapSize                          = 104857600                                 {product} {command line}
   size_t MaxHeapSize                              = 2147483648                                {product} {command line}
   size_t MaxNewSize                               = 715653120                                 {product} {ergonomic}
   size_t MinHeapDeltaBytes                        = 524288                                    {product} {ergonomic}
   size_t MinHeapSize                              = 104857600                                 {product} {command line}
   size_t NewSize                                  = 34603008                                  {product} {ergonomic}
    uintx NonNMethodCodeHeapSize                   = 5839372                                {pd product} {ergonomic}
    uintx NonProfiledCodeHeapSize                  = 122909434                              {pd product} {ergonomic}
   size_t OldSize                                  = 70254592                                  {product} {ergonomic}
    uintx ProfiledCodeHeapSize                     = 122909434                              {pd product} {ergonomic}
    uintx ReservedCodeCacheSize                    = 251658240                              {pd product} {ergonomic}
     bool SegmentedCodeCache                       = true                                      {product} {ergonomic}
   size_t SoftMaxHeapSize                          = 2147483648                             {manageable} {ergonomic}
     bool UseCompressedOops                        = true                           {product lp64_product} {ergonomic}
     bool UseLargePagesIndividualAllocation        = false                                  {pd product} {ergonomic}
     bool UseParallelGC                            = true                                      {product} {command line}

Logging:
Log output configuration:
 #0: stdout all=off uptime,level,tags foldmultilines=false
 #1: stderr all=off uptime,level,tags foldmultilines=false

Release file:
JAVA_VERSION="21.0.10" 
MODULES="java.base java.compiler java.datatransfer java.xml java.prefs java.desktop java.instrument java.logging java.management java.security.sasl java.naming java.rmi java.management.rmi java.net.http java.scripting java.security.jgss java.transaction.xa java.sql java.sql.rowset java.xml.crypto java.se java.smartcardio jdk.accessibility jdk.internal.jvmstat jdk.attach jdk.charsets jdk.internal.opt jdk.zipfs jdk.compiler jdk.crypto.ec jdk.crypto.cryptoki jdk.crypto.mscapi jdk.dynalink jdk.internal.ed jdk.editpad jdk.hotspot.agent jdk.httpserver jdk.internal.le jdk.internal.vm.ci jdk.internal.vm.compiler jdk.internal.vm.compiler.management jdk.jartool jdk.javadoc jdk.jcmd jdk.management jdk.management.agent jdk.jconsole jdk.jdeps jdk.jdwp.agent jdk.jdi jdk.jfr jdk.jshell jdk.jsobject jdk.jstatd jdk.localedata jdk.management.jfr jdk.naming.dns jdk.naming.rmi jdk.net jdk.nio.mapmode jdk.random jdk.sctp jdk.security.auth jdk.security.jgss jdk.unsupported jdk.unsupported.desktop jdk.xml.dom" 

Environment Variables:
PATH=C:\Users\PCWORLD\AppData\Local\Programs\Microsoft VS Code;C:\Program Files\Common Files\Oracle\Java\javapath;C:\Windows\system32;C:\Windows;C:\Windows\System32\Wbem;C:\Windows\System32\WindowsPowerShell\v1.0\;C:\Windows\System32\OpenSSH\;C:\Program Files (x86)\Intel\Intel(R) Management Engine Components\DAL;C:\Program Files\Intel\Intel(R) Management Engine Components\DAL;C:\Program Files\Git\cmd;C:\Program Files\nodejs\;C:\ProgramData\chocolatey\bin;C:\Users\PCWORLD\Downloads\platform-tools-latest-windows\platform-tools;;C:\Program Files\Docker\Docker\resources\bin;E:\program_files\cursor\resources\app\bin;C:\Users\PCWORLD\AppData\Local\Programs\Python\Python313\Scripts\;C:\Users\PCWORLD\AppData\Local\Programs\Python\Python313\;C:\Users\PCWORLD\AppData\Local\Programs\Python\Launcher\;C:\Users\PCWORLD\AppData\Local\Microsoft\WindowsApps;C:\Users\PCWORLD\AppData\Local\Programs\Microsoft VS Code\bin;C:\Users\PCWORLD\AppData\Roaming\npm;E:\program_files\Antigravity\bin
USERNAME=PCWORLD
OS=Windows_NT
PROCESSOR_IDENTIFIER=Intel64 Family 6 Model 142 Stepping 10, GenuineIntel
TMP=C:\Users\PCWORLD\AppData\Local\Temp
TEMP=C:\Users\PCWORLD\AppData\Local\Temp




Periodic native trim disabled

---------------  S Y S T E M  ---------------

OS:
 Windows 11 , 64 bit Build 22000 (10.0.22000.2538)
OS uptime: 0 days 6:18 hours
Hyper-V role detected

CPU: total 8 (initial active 8) (4 cores per cpu, 2 threads per core) family 6 model 142 stepping 10 microcode 0xe0, cx8, cmov, fxsr, ht, mmx, 3dnowpref, sse, sse2, sse3, ssse3, sse4.1, sse4.2, popcnt, lzcnt, tsc, tscinvbit, avx, avx2, aes, erms, clmul, bmi1, bmi2, rtm, adx, fma, vzeroupper, clflush, clflushopt, hv, rdtscp, f16c
Processor Information for the first 8 processors :
  Max Mhz: 2112, Current Mhz: 1910, Mhz Limit: 1900

Memory: 4k page, system-wide physical 8071M (320M free)
TotalPageFile size 30836M (AvailPageFile size 0M)
current process WorkingSet (physical memory assigned to process): 205M, peak: 205M
current process commit charge ("private bytes"): 316M, peak: 320M

vm_info: OpenJDK 64-Bit Server VM (21.0.10+7-LTS) for windows-amd64 JRE (21.0.10+7-LTS), built on 2026-01-20T00:00:00Z by "admin" with MS VC++ 17.12 (VS2022)

END.
