#
# There is insufficient memory for the Java Runtime Environment to continue.
# Native memory allocation (malloc) failed to allocate 1048576 bytes. Error detail: AllocateHeap
# Possible reasons:
#   The system is out of physical RAM or swap space
#   This process is running with CompressedOops enabled, and the Java Heap may be blocking the growth of the native heap
# Possible solutions:
#   Reduce memory load on the system
#   Increase physical memory or swap space
#   Check if swap backing store is full
#   Decrease Java heap size (-Xmx/-Xms)
#   Decrease number of Java threads
#   Decrease Java thread stack sizes (-Xss)
#   Set larger code cache with -XX:ReservedCodeCacheSize=
#   JVM is running with Unscaled Compressed Oops mode in which the Java heap is
#     placed in the first 4GB address space. The Java Heap base address is the
#     maximum limit for the native heap growth. Please use -XX:HeapBaseMinAddress
#     to set the Java Heap base and to place the Java Heap above 4GB virtual address.
# This output file may be truncated or incomplete.
#
#  Out of Memory Error (allocation.cpp:44), pid=3588, tid=3416
#
# JRE version: OpenJDK Runtime Environment Temurin-21.0.10+7 (21.0.10+7) (build 21.0.10+7-LTS)
# Java VM: OpenJDK 64-Bit Server VM Temurin-21.0.10+7 (21.0.10+7-LTS, mixed mode, sharing, tiered, compressed oops, compressed class ptrs, parallel gc, windows-amd64)
# No core dump will be written. Minidumps are not enabled by default on client versions of Windows
#

---------------  S U M M A R Y ------------

Command Line: --add-modules=ALL-SYSTEM --add-opens=java.base/java.util=ALL-UNNAMED --add-opens=java.base/java.lang=ALL-UNNAMED --add-opens=java.base/sun.nio.fs=ALL-UNNAMED -Declipse.application=org.eclipse.jdt.ls.core.id1 -Dosgi.bundles.defaultStartLevel=4 -Declipse.product=org.eclipse.jdt.ls.core.product -Djava.import.generatesMetadataFilesAtProjectRoot=false -DDetectVMInstallationsJob.disabled=true -Dfile.encoding=utf8 -XX:+UseParallelGC -XX:GCTimeRatio=4 -XX:AdaptiveSizePolicyWeight=90 -Dsun.zip.disableMemoryMapping=true -Xmx2G -Xms100m -Xlog:disable -javaagent:c:\Users\PCWORLD\.vscode\extensions\redhat.java-1.53.0-win32-x64\lombok\lombok-1.18.39-4050.jar -XX:+HeapDumpOnOutOfMemoryError -XX:HeapDumpPath=c:\Users\PCWORLD\AppData\Roaming\Code\User\workspaceStorage\087698c59d74820307de26a5bebf90e5\redhat.java -Daether.dependencyCollector.impl=bf c:\Users\PCWORLD\.vscode\extensions\redhat.java-1.53.0-win32-x64\server\plugins\org.eclipse.equinox.launcher_1.7.100.v20251111-0406.jar -configuration c:\Users\PCWORLD\AppData\Roaming\Code\User\globalStorage\redhat.java\1.53.0\config_win -data c:\Users\PCWORLD\AppData\Roaming\Code\User\workspaceStorage\087698c59d74820307de26a5bebf90e5\redhat.java\jdt_ws --pipe=\\.\pipe\lsp-8a3cabaff1ef9819e4bb7c78edde7410-sock

Host: Intel(R) Core(TM) i7-8650U CPU @ 1.90GHz, 8 cores, 7G,  Windows 11 , 64 bit Build 22000 (10.0.22000.2538)
Time: Thu Apr  9 23:20:51 2026 Sri Lanka Standard Time elapsed time: 21453.814857 seconds (0d 5h 57m 33s)

---------------  T H R E A D  ---------------

Current thread (0x0000023138c4ff30):  JavaThread "Attach Listener" daemon [_thread_in_vm, id=3416, stack(0x000000b5f7800000,0x000000b5f7900000) (1024K)]

Stack: [0x000000b5f7800000,0x000000b5f7900000]
Native frames: (J=compiled Java code, j=interpreted, Vv=VM code, C=native code)
V  [jvm.dll+0x6d7a39]
V  [jvm.dll+0x8b4b26]
V  [jvm.dll+0x8b70de]
V  [jvm.dll+0x8b77c3]
V  [jvm.dll+0x284346]
V  [jvm.dll+0xc1277]
V  [jvm.dll+0x6d82e9]
V  [jvm.dll+0x1334a6]
V  [jvm.dll+0x3f857e]
V  [jvm.dll+0x85f59d]
V  [jvm.dll+0x6d626d]
C  [ucrtbase.dll+0x26c0c]
C  [KERNEL32.DLL+0x153e0]
C  [ntdll.dll+0x485b]


---------------  P R O C E S S  ---------------

Threads class SMR info:
_java_thread_list=0x000002319ea42750, length=40, elements={
0x0000023138cde370, 0x0000023138c4b8f0, 0x0000023138c4ce00, 0x0000023138c4ec60,
0x0000023138c4ff30, 0x0000023138c53cc0, 0x0000023138c54ff0, 0x0000023138c59330,
0x0000023138c6dbd0, 0x00000231961fc1a0, 0x00000231961d1200, 0x000002319688dd60,
0x000002319691deb0, 0x0000023196825d50, 0x0000023196826790, 0x0000023196ad7850,
0x000002319704a350, 0x0000023197120080, 0x0000023197120710, 0x000002319711dfb0,
0x000002319711e640, 0x000002319711ecd0, 0x0000023197b4e550, 0x0000023197b50620,
0x0000023197b4ebe0, 0x0000023197b4d830, 0x0000023197b4b0d0, 0x0000023197b4f270,
0x0000023197b4b760, 0x0000023197b49690, 0x0000023197b4dec0, 0x0000023197b4a3b0,
0x0000023197b4cb10, 0x0000023197b4aa40, 0x00000231994654f0, 0x000002319945e560,
0x000002319945ebf0, 0x000002319945f910, 0x0000023199462070, 0x0000023199460630
}

Java Threads: ( => current thread )
  0x0000023138cde370 JavaThread "main"                              [_thread_blocked, id=15920, stack(0x000000b5f7100000,0x000000b5f7200000) (1024K)]
  0x0000023138c4b8f0 JavaThread "Reference Handler"          daemon [_thread_blocked, id=9048, stack(0x000000b5f7500000,0x000000b5f7600000) (1024K)]
  0x0000023138c4ce00 JavaThread "Finalizer"                  daemon [_thread_blocked, id=4576, stack(0x000000b5f7600000,0x000000b5f7700000) (1024K)]
  0x0000023138c4ec60 JavaThread "Signal Dispatcher"          daemon [_thread_blocked, id=14140, stack(0x000000b5f7700000,0x000000b5f7800000) (1024K)]
=>0x0000023138c4ff30 JavaThread "Attach Listener"            daemon [_thread_in_vm, id=3416, stack(0x000000b5f7800000,0x000000b5f7900000) (1024K)]
  0x0000023138c53cc0 JavaThread "Service Thread"             daemon [_thread_blocked, id=19144, stack(0x000000b5f7900000,0x000000b5f7a00000) (1024K)]
  0x0000023138c54ff0 JavaThread "Monitor Deflation Thread"   daemon [_thread_blocked, id=5308, stack(0x000000b5f7a00000,0x000000b5f7b00000) (1024K)]
  0x0000023138c59330 JavaThread "C2 CompilerThread0"         daemon [_thread_blocked, id=2672, stack(0x000000b5f7b00000,0x000000b5f7c00000) (1024K)]
  0x0000023138c6dbd0 JavaThread "C1 CompilerThread0"         daemon [_thread_blocked, id=16192, stack(0x000000b5f7c00000,0x000000b5f7d00000) (1024K)]
  0x00000231961fc1a0 JavaThread "Common-Cleaner"             daemon [_thread_blocked, id=4692, stack(0x000000b5f7d00000,0x000000b5f7e00000) (1024K)]
  0x00000231961d1200 JavaThread "Notification Thread"        daemon [_thread_blocked, id=8844, stack(0x000000b5f7e00000,0x000000b5f7f00000) (1024K)]
  0x000002319688dd60 JavaThread "Active Thread: Equinox Container: 6333ed9e-87ee-4528-a1a7-a4c94d5f34b9"        [_thread_blocked, id=20060, stack(0x000000b5f8500000,0x000000b5f8600000) (1024K)]
  0x000002319691deb0 JavaThread "Refresh Thread: Equinox Container: 6333ed9e-87ee-4528-a1a7-a4c94d5f34b9" daemon [_thread_blocked, id=4424, stack(0x000000b5f8700000,0x000000b5f8800000) (1024K)]
  0x0000023196825d50 JavaThread "Framework Event Dispatcher: Equinox Container: 6333ed9e-87ee-4528-a1a7-a4c94d5f34b9" daemon [_thread_blocked, id=5432, stack(0x000000b5f8800000,0x000000b5f8900000) (1024K)]
  0x0000023196826790 JavaThread "Start Level: Equinox Container: 6333ed9e-87ee-4528-a1a7-a4c94d5f34b9" daemon [_thread_blocked, id=11672, stack(0x000000b5f8900000,0x000000b5f8a00000) (1024K)]
  0x0000023196ad7850 JavaThread "Bundle File Closer"         daemon [_thread_blocked, id=6888, stack(0x000000b5f8a00000,0x000000b5f8b00000) (1024K)]
  0x000002319704a350 JavaThread "SCR Component Actor"        daemon [_thread_blocked, id=3892, stack(0x000000b5f8b00000,0x000000b5f8c00000) (1024K)]
  0x0000023197120080 JavaThread "Worker-JM"                         [_thread_blocked, id=2032, stack(0x000000b5f8c00000,0x000000b5f8d00000) (1024K)]
  0x0000023197120710 JavaThread "JNA Cleaner"                daemon [_thread_blocked, id=3156, stack(0x000000b5f8d00000,0x000000b5f8e00000) (1024K)]
  0x000002319711dfb0 JavaThread "Worker-1"                          [_thread_blocked, id=11440, stack(0x000000b5f8f00000,0x000000b5f9000000) (1024K)]
  0x000002319711e640 JavaThread "Worker-2"                          [_thread_blocked, id=19316, stack(0x000000b5f9000000,0x000000b5f9100000) (1024K)]
  0x000002319711ecd0 JavaThread "Java indexing"              daemon [_thread_blocked, id=14100, stack(0x000000b5f9100000,0x000000b5f9200000) (1024K)]
  0x0000023197b4e550 JavaThread "Thread-1"                   daemon [_thread_in_native, id=11888, stack(0x000000b5f9600000,0x000000b5f9700000) (1024K)]
  0x0000023197b50620 JavaThread "Thread-2"                   daemon [_thread_in_native, id=9328, stack(0x000000b5f9700000,0x000000b5f9800000) (1024K)]
  0x0000023197b4ebe0 JavaThread "Thread-3"                   daemon [_thread_in_native, id=13524, stack(0x000000b5f9800000,0x000000b5f9900000) (1024K)]
  0x0000023197b4d830 JavaThread "Thread-4"                   daemon [_thread_in_native, id=19464, stack(0x000000b5f9900000,0x000000b5f9a00000) (1024K)]
  0x0000023197b4b0d0 JavaThread "Thread-5"                   daemon [_thread_in_native, id=8712, stack(0x000000b5f9a00000,0x000000b5f9b00000) (1024K)]
  0x0000023197b4f270 JavaThread "Thread-6"                   daemon [_thread_in_native, id=17832, stack(0x000000b5f9b00000,0x000000b5f9c00000) (1024K)]
  0x0000023197b4b760 JavaThread "Thread-7"                   daemon [_thread_in_native, id=10008, stack(0x000000b5f9c00000,0x000000b5f9d00000) (1024K)]
  0x0000023197b49690 JavaThread "Thread-8"                   daemon [_thread_in_native, id=10380, stack(0x000000b5f9d00000,0x000000b5f9e00000) (1024K)]
  0x0000023197b4dec0 JavaThread "Thread-9"                   daemon [_thread_in_native, id=18928, stack(0x000000b5f9e00000,0x000000b5f9f00000) (1024K)]
  0x0000023197b4a3b0 JavaThread "pool-2-thread-1"                   [_thread_blocked, id=10716, stack(0x000000b5f9f00000,0x000000b5fa000000) (1024K)]
  0x0000023197b4cb10 JavaThread "WorkspaceEventsHandler"            [_thread_blocked, id=8332, stack(0x000000b5fa000000,0x000000b5fa100000) (1024K)]
  0x0000023197b4aa40 JavaThread "pool-1-thread-1"                   [_thread_blocked, id=19664, stack(0x000000b5fa100000,0x000000b5fa200000) (1024K)]
  0x00000231994654f0 JavaThread "Java Debug Server"          daemon [_thread_in_native, id=2592, stack(0x000000b5fae00000,0x000000b5faf00000) (1024K)]
  0x000002319945e560 JavaThread "pool-5-thread-1"                   [_thread_in_native, id=7888, stack(0x000000b5fb700000,0x000000b5fb800000) (1024K)]
  0x000002319945ebf0 JavaThread "RxSchedulerPurge-1"         daemon [_thread_blocked, id=21500, stack(0x000000b5fb800000,0x000000b5fb900000) (1024K)]
  0x000002319945f910 JavaThread "RxCachedWorkerPoolEvictor-1" daemon [_thread_blocked, id=11816, stack(0x000000b5fb900000,0x000000b5fba00000) (1024K)]
  0x0000023199462070 JavaThread "RxNewThreadScheduler-1"     daemon [_thread_blocked, id=20780, stack(0x000000b5fba00000,0x000000b5fbb00000) (1024K)]
  0x0000023199460630 JavaThread "process reaper (pid 14132)" daemon [_thread_in_native, id=3240, stack(0x000000b5f6be0000,0x000000b5f6c00000) (128K)]
Total: 40

Other Threads:
  0x0000023138c40bf0 VMThread "VM Thread"                           [id=2532, stack(0x000000b5f7400000,0x000000b5f7500000) (1024K)]
  0x0000023138b7ca00 WatcherThread "VM Periodic Task Thread"        [id=18616, stack(0x000000b5f7300000,0x000000b5f7400000) (1024K)]
  0x0000023138cfe990 WorkerThread "GC Thread#0"                     [id=6036, stack(0x000000b5f7200000,0x000000b5f7300000) (1024K)]
  0x00000231965eb540 WorkerThread "GC Thread#1"                     [id=14668, stack(0x000000b5f7f00000,0x000000b5f8000000) (1024K)]
  0x00000231966b8080 WorkerThread "GC Thread#2"                     [id=20404, stack(0x000000b5f8000000,0x000000b5f8100000) (1024K)]
  0x00000231965eb8f0 WorkerThread "GC Thread#3"                     [id=10360, stack(0x000000b5f8100000,0x000000b5f8200000) (1024K)]
  0x00000231965ebca0 WorkerThread "GC Thread#4"                     [id=15372, stack(0x000000b5f8200000,0x000000b5f8300000) (1024K)]
  0x000002319656f2d0 WorkerThread "GC Thread#5"                     [id=576, stack(0x000000b5f8300000,0x000000b5f8400000) (1024K)]
  0x000002319656f680 WorkerThread "GC Thread#6"                     [id=19580, stack(0x000000b5f8400000,0x000000b5f8500000) (1024K)]
  0x0000023196921d10 WorkerThread "GC Thread#7"                     [id=11572, stack(0x000000b5f8600000,0x000000b5f8700000) (1024K)]
Total: 10

Threads with active compile tasks:
Total: 0

VM state: not at safepoint (normal execution)

VM Mutex/Monitor currently owned by a thread: None

Heap address: 0x0000000080000000, size: 2048 MB, Compressed Oops mode: 32-bit

CDS archive(s) mapped at: [0x0000023150000000-0x0000023150ba0000-0x0000023150ba0000), size 12189696, SharedBaseAddress: 0x0000023150000000, ArchiveRelocationMode: 1.
Compressed class space mapped at: 0x0000023151000000-0x0000023191000000, reserved size: 1073741824
Narrow klass base: 0x0000023150000000, Narrow klass shift: 0, Narrow klass range: 0x100000000

GC Precious Log:
 CardTable entry size: 512
 CPUs: 8 total, 8 available
 Memory: 8071M
 Large Page Support: Disabled
 NUMA Support: Disabled
 Compressed Oops: Enabled (32-bit)
 Alignments: Space 512K, Generation 512K, Heap 2M
 Heap Min Capacity: 100M
 Heap Initial Capacity: 100M
 Heap Max Capacity: 2G
 Pre-touch: Disabled
 Parallel Workers: 8

Heap:
 PSYoungGen      total 3072K, used 661K [0x00000000d5580000, 0x00000000d5a80000, 0x0000000100000000)
  eden space 2560K, 19% used [0x00000000d5580000,0x00000000d55fd4e0,0x00000000d5800000)
  from space 512K, 31% used [0x00000000d5a00000,0x00000000d5a28000,0x00000000d5a80000)
  to   space 512K, 0% used [0x00000000d5880000,0x00000000d5880000,0x00000000d5900000)
 ParOldGen       total 175616K, used 175395K [0x0000000080000000, 0x000000008ab80000, 0x00000000d5580000)
  object space 175616K, 99% used [0x0000000080000000,0x000000008ab48ee0,0x000000008ab80000)
 Metaspace       used 72118K, committed 73856K, reserved 1179648K
  class space    used 7740K, committed 8512K, reserved 1048576K

Card table byte_map: [0x0000023138690000,0x0000023138aa0000] _byte_map_base: 0x0000023138290000

Marking Bits: (ParMarkBitMap*) 0x00007ff8f2283450
 Begin Bits: [0x000002314b1a0000, 0x000002314d1a0000)
 End Bits:   [0x000002314d1a0000, 0x000002314f1a0000)

Polling page: 0x0000023136b90000

Metaspace:

Usage:
  Non-class:     62.87 MB used.
      Class:      7.56 MB used.
       Both:     70.43 MB used.

Virtual space:
  Non-class space:      128.00 MB reserved,      63.81 MB ( 50%) committed,  2 nodes.
      Class space:        1.00 GB reserved,       8.31 MB ( <1%) committed,  1 nodes.
             Both:        1.12 GB reserved,      72.12 MB (  6%) committed. 

Chunk freelists:
   Non-Class:  15.59 MB
       Class:  7.52 MB
        Both:  23.11 MB

MaxMetaspaceSize: unlimited
CompressedClassSpaceSize: 1.00 GB
Initial GC threshold: 21.00 MB
Current GC threshold: 97.31 MB
CDS: on
 - commit_granule_bytes: 65536.
 - commit_granule_words: 8192.
 - virtual_space_node_default_size: 8388608.
 - enlarge_chunks_in_place: 1.
 - use_allocation_guard: 0.


Internal statistics:

num_allocs_failed_limit: 11.
num_arena_births: 1330.
num_arena_deaths: 16.
num_vsnodes_births: 3.
num_vsnodes_deaths: 0.
num_space_committed: 1154.
num_space_uncommitted: 0.
num_chunks_returned_to_freelist: 27.
num_chunks_taken_from_freelist: 4796.
num_chunk_merges: 12.
num_chunk_splits: 2914.
num_chunks_enlarged: 1595.
num_inconsistent_stats: 0.

CodeHeap 'non-profiled nmethods': size=120000Kb used=7437Kb max_used=7437Kb free=112562Kb
 bounds [0x00000231439c0000, 0x0000023144110000, 0x000002314aef0000]
CodeHeap 'profiled nmethods': size=120000Kb used=26869Kb max_used=26869Kb free=93130Kb
 bounds [0x000002313bef0000, 0x000002313d930000, 0x0000023143420000]
CodeHeap 'non-nmethods': size=5760Kb used=1461Kb max_used=1522Kb free=4299Kb
 bounds [0x0000023143420000, 0x0000023143690000, 0x00000231439c0000]
CodeCache: size=245760Kb, used=35767Kb, max_used=35828Kb, free=209991Kb
 total_blobs=13526, nmethods=12740, adapters=691, full_count=0
Compilation: enabled, stopped_count=0, restarted_count=0

Compilation events (20 events):
Event: 9308.265 Thread 0x0000023138c59330 nmethod 13438 0x0000023144103090 code [0x0000023144103220, 0x0000023144103308]
Event: 9308.266 Thread 0x0000023138c6dbd0 nmethod 13439 0x000002313d925610 code [0x000002313d9257e0, 0x000002313d925bb8]
Event: 11108.358 Thread 0x0000023138c6dbd0 13440   !   3       org.eclipse.core.internal.jobs.JobListeners::waitAndSendEvents (445 bytes)
Event: 11108.474 Thread 0x0000023138c6dbd0 nmethod 13440 0x000002313d925d10 code [0x000002313d926340, 0x000002313d929128]
Event: 14949.257 Thread 0x0000023138c6dbd0 13441   !   3       jdk.internal.ref.PhantomCleanable::isListEmpty (34 bytes)
Event: 14949.273 Thread 0x0000023138c6dbd0 nmethod 13441 0x000002313d92a890 code [0x000002313d92aa40, 0x000002313d92ac98]
Event: 14949.273 Thread 0x0000023138c6dbd0 13442       3       jdk.internal.misc.InnocuousThread::eraseThreadLocals (23 bytes)
Event: 14949.279 Thread 0x0000023138c6dbd0 nmethod 13442 0x000002313d92ad90 code [0x000002313d92af20, 0x000002313d92b088]
Event: 15308.744 Thread 0x0000023138c6dbd0 13443       3       org.eclipse.core.internal.jobs.JobManager::lifeTimeInMs (19 bytes)
Event: 15308.749 Thread 0x0000023138c6dbd0 nmethod 13443 0x000002313d92b110 code [0x000002313d92b2c0, 0x000002313d92b4e8]
Event: 15368.742 Thread 0x0000023138c6dbd0 13444       3       java.util.concurrent.atomic.AtomicLong::weakCompareAndSetVolatile (13 bytes)
Event: 15368.743 Thread 0x0000023138c6dbd0 nmethod 13444 0x000002313d92b610 code [0x000002313d92b7c0, 0x000002313d92b920]
Event: 15706.804 Thread 0x0000023138c6dbd0 13445       3       io.reactivex.internal.schedulers.IoScheduler$CachedWorkerPool::run (5 bytes)
Event: 15706.812 Thread 0x0000023138c6dbd0 nmethod 13445 0x000002313d92ba10 code [0x000002313d92bbc0, 0x000002313d92bcf8]
Event: 15706.813 Thread 0x0000023138c6dbd0 13446       3       io.reactivex.internal.schedulers.IoScheduler$CachedWorkerPool::evictExpiredWorkers (79 bytes)
Event: 15706.857 Thread 0x0000023138c6dbd0 nmethod 13446 0x000002313d92bd90 code [0x000002313d92c020, 0x000002313d92cb48]
Event: 16508.776 Thread 0x0000023138c6dbd0 13447       3       org.eclipse.core.runtime.ListenerList$ListenerListIterator::next (39 bytes)
Event: 16508.784 Thread 0x0000023138c6dbd0 nmethod 13447 0x000002313d92cf90 code [0x000002313d92d140, 0x000002313d92d390]
Event: 20109.136 Thread 0x0000023138c6dbd0 13448       1       org.eclipse.core.internal.jobs.InternalJob::getPriority (5 bytes)
Event: 20109.140 Thread 0x0000023138c6dbd0 nmethod 13448 0x0000023144103390 code [0x0000023144103520, 0x00000231441035e8]

GC Heap History (20 events):
Event: 344.459 GC heap before
{Heap before GC invocations=214 (full 3):
 PSYoungGen      total 3072K, used 2873K [0x00000000d5580000, 0x00000000d5a80000, 0x0000000100000000)
  eden space 2560K, 100% used [0x00000000d5580000,0x00000000d5800000,0x00000000d5800000)
  from space 512K, 61% used [0x00000000d5a00000,0x00000000d5a4e5c0,0x00000000d5a80000)
  to   space 512K, 0% used [0x00000000d5880000,0x00000000d5880000,0x00000000d5900000)
 ParOldGen       total 175104K, used 174611K [0x0000000080000000, 0x000000008ab00000, 0x00000000d5580000)
  object space 175104K, 99% used [0x0000000080000000,0x000000008aa84ea0,0x000000008ab00000)
 Metaspace       used 70399K, committed 72064K, reserved 1114112K
  class space    used 7494K, committed 8192K, reserved 1048576K
}
Event: 344.461 GC heap after
{Heap after GC invocations=214 (full 3):
 PSYoungGen      total 3072K, used 272K [0x00000000d5580000, 0x00000000d5a80000, 0x0000000100000000)
  eden space 2560K, 0% used [0x00000000d5580000,0x00000000d5580000,0x00000000d5800000)
  from space 512K, 53% used [0x00000000d5880000,0x00000000d58c4010,0x00000000d5900000)
  to   space 512K, 0% used [0x00000000d5a00000,0x00000000d5a00000,0x00000000d5a80000)
 ParOldGen       total 175104K, used 174651K [0x0000000080000000, 0x000000008ab00000, 0x00000000d5580000)
  object space 175104K, 99% used [0x0000000080000000,0x000000008aa8eea0,0x000000008ab00000)
 Metaspace       used 70399K, committed 72064K, reserved 1114112K
  class space    used 7494K, committed 8192K, reserved 1048576K
}
Event: 344.532 GC heap before
{Heap before GC invocations=215 (full 3):
 PSYoungGen      total 3072K, used 2832K [0x00000000d5580000, 0x00000000d5a80000, 0x0000000100000000)
  eden space 2560K, 100% used [0x00000000d5580000,0x00000000d5800000,0x00000000d5800000)
  from space 512K, 53% used [0x00000000d5880000,0x00000000d58c4010,0x00000000d5900000)
  to   space 512K, 0% used [0x00000000d5a00000,0x00000000d5a00000,0x00000000d5a80000)
 ParOldGen       total 175104K, used 174651K [0x0000000080000000, 0x000000008ab00000, 0x00000000d5580000)
  object space 175104K, 99% used [0x0000000080000000,0x000000008aa8eea0,0x000000008ab00000)
 Metaspace       used 70567K, committed 72256K, reserved 1114112K
  class space    used 7543K, committed 8256K, reserved 1048576K
}
Event: 344.533 GC heap after
{Heap after GC invocations=215 (full 3):
 PSYoungGen      total 3072K, used 128K [0x00000000d5580000, 0x00000000d5a80000, 0x0000000100000000)
  eden space 2560K, 0% used [0x00000000d5580000,0x00000000d5580000,0x00000000d5800000)
  from space 512K, 25% used [0x00000000d5a00000,0x00000000d5a20000,0x00000000d5a80000)
  to   space 512K, 0% used [0x00000000d5880000,0x00000000d5880000,0x00000000d5900000)
 ParOldGen       total 175104K, used 174787K [0x0000000080000000, 0x000000008ab00000, 0x00000000d5580000)
  object space 175104K, 99% used [0x0000000080000000,0x000000008aab0ed0,0x000000008ab00000)
 Metaspace       used 70567K, committed 72256K, reserved 1114112K
  class space    used 7543K, committed 8256K, reserved 1048576K
}
Event: 344.600 GC heap before
{Heap before GC invocations=216 (full 3):
 PSYoungGen      total 3072K, used 2688K [0x00000000d5580000, 0x00000000d5a80000, 0x0000000100000000)
  eden space 2560K, 100% used [0x00000000d5580000,0x00000000d5800000,0x00000000d5800000)
  from space 512K, 25% used [0x00000000d5a00000,0x00000000d5a20000,0x00000000d5a80000)
  to   space 512K, 0% used [0x00000000d5880000,0x00000000d5880000,0x00000000d5900000)
 ParOldGen       total 175104K, used 174787K [0x0000000080000000, 0x000000008ab00000, 0x00000000d5580000)
  object space 175104K, 99% used [0x0000000080000000,0x000000008aab0ed0,0x000000008ab00000)
 Metaspace       used 70842K, committed 72576K, reserved 1114112K
  class space    used 7593K, committed 8320K, reserved 1048576K
}
Event: 344.602 GC heap after
{Heap after GC invocations=216 (full 3):
 PSYoungGen      total 3072K, used 224K [0x00000000d5580000, 0x00000000d5a80000, 0x0000000100000000)
  eden space 2560K, 0% used [0x00000000d5580000,0x00000000d5580000,0x00000000d5800000)
  from space 512K, 43% used [0x00000000d5880000,0x00000000d58b8000,0x00000000d5900000)
  to   space 512K, 0% used [0x00000000d5a00000,0x00000000d5a00000,0x00000000d5a80000)
 ParOldGen       total 175104K, used 174843K [0x0000000080000000, 0x000000008ab00000, 0x00000000d5580000)
  object space 175104K, 99% used [0x0000000080000000,0x000000008aabeed0,0x000000008ab00000)
 Metaspace       used 70842K, committed 72576K, reserved 1114112K
  class space    used 7593K, committed 8320K, reserved 1048576K
}
Event: 344.655 GC heap before
{Heap before GC invocations=217 (full 3):
 PSYoungGen      total 3072K, used 2765K [0x00000000d5580000, 0x00000000d5a80000, 0x0000000100000000)
  eden space 2560K, 99% used [0x00000000d5580000,0x00000000d57fb778,0x00000000d5800000)
  from space 512K, 43% used [0x00000000d5880000,0x00000000d58b8000,0x00000000d5900000)
  to   space 512K, 0% used [0x00000000d5a00000,0x00000000d5a00000,0x00000000d5a80000)
 ParOldGen       total 175104K, used 174843K [0x0000000080000000, 0x000000008ab00000, 0x00000000d5580000)
  object space 175104K, 99% used [0x0000000080000000,0x000000008aabeed0,0x000000008ab00000)
 Metaspace       used 71108K, committed 72768K, reserved 1114112K
  class space    used 7636K, committed 8320K, reserved 1048576K
}
Event: 344.657 GC heap after
{Heap after GC invocations=217 (full 3):
 PSYoungGen      total 3072K, used 252K [0x00000000d5580000, 0x00000000d5a80000, 0x0000000100000000)
  eden space 2560K, 0% used [0x00000000d5580000,0x00000000d5580000,0x00000000d5800000)
  from space 512K, 49% used [0x00000000d5a00000,0x00000000d5a3f118,0x00000000d5a80000)
  to   space 512K, 0% used [0x00000000d5880000,0x00000000d5880000,0x00000000d5900000)
 ParOldGen       total 175104K, used 174907K [0x0000000080000000, 0x000000008ab00000, 0x00000000d5580000)
  object space 175104K, 99% used [0x0000000080000000,0x000000008aaceed0,0x000000008ab00000)
 Metaspace       used 71108K, committed 72768K, reserved 1114112K
  class space    used 7636K, committed 8320K, reserved 1048576K
}
Event: 344.873 GC heap before
{Heap before GC invocations=218 (full 3):
 PSYoungGen      total 3072K, used 2808K [0x00000000d5580000, 0x00000000d5a80000, 0x0000000100000000)
  eden space 2560K, 99% used [0x00000000d5580000,0x00000000d57ff290,0x00000000d5800000)
  from space 512K, 49% used [0x00000000d5a00000,0x00000000d5a3f118,0x00000000d5a80000)
  to   space 512K, 0% used [0x00000000d5880000,0x00000000d5880000,0x00000000d5900000)
 ParOldGen       total 175104K, used 174907K [0x0000000080000000, 0x000000008ab00000, 0x00000000d5580000)
  object space 175104K, 99% used [0x0000000080000000,0x000000008aaceed0,0x000000008ab00000)
 Metaspace       used 71379K, committed 73088K, reserved 1114112K
  class space    used 7664K, committed 8384K, reserved 1048576K
}
Event: 344.877 GC heap after
{Heap after GC invocations=218 (full 3):
 PSYoungGen      total 3072K, used 339K [0x00000000d5580000, 0x00000000d5a80000, 0x0000000100000000)
  eden space 2560K, 0% used [0x00000000d5580000,0x00000000d5580000,0x00000000d5800000)
  from space 512K, 66% used [0x00000000d5880000,0x00000000d58d4df0,0x00000000d5900000)
  to   space 512K, 0% used [0x00000000d5a00000,0x00000000d5a00000,0x00000000d5a80000)
 ParOldGen       total 175104K, used 174963K [0x0000000080000000, 0x000000008ab00000, 0x00000000d5580000)
  object space 175104K, 99% used [0x0000000080000000,0x000000008aadced0,0x000000008ab00000)
 Metaspace       used 71379K, committed 73088K, reserved 1114112K
  class space    used 7664K, committed 8384K, reserved 1048576K
}
Event: 637.942 GC heap before
{Heap before GC invocations=219 (full 3):
 PSYoungGen      total 3072K, used 2899K [0x00000000d5580000, 0x00000000d5a80000, 0x0000000100000000)
  eden space 2560K, 99% used [0x00000000d5580000,0x00000000d57ffeb0,0x00000000d5800000)
  from space 512K, 66% used [0x00000000d5880000,0x00000000d58d4df0,0x00000000d5900000)
  to   space 512K, 0% used [0x00000000d5a00000,0x00000000d5a00000,0x00000000d5a80000)
 ParOldGen       total 175104K, used 174963K [0x0000000080000000, 0x000000008ab00000, 0x00000000d5580000)
  object space 175104K, 99% used [0x0000000080000000,0x000000008aadced0,0x000000008ab00000)
 Metaspace       used 71756K, committed 73536K, reserved 1179648K
  class space    used 7711K, committed 8512K, reserved 1048576K
}
Event: 638.085 GC heap after
{Heap after GC invocations=219 (full 3):
 PSYoungGen      total 3072K, used 256K [0x00000000d5580000, 0x00000000d5a80000, 0x0000000100000000)
  eden space 2560K, 0% used [0x00000000d5580000,0x00000000d5580000,0x00000000d5800000)
  from space 512K, 50% used [0x00000000d5a00000,0x00000000d5a40000,0x00000000d5a80000)
  to   space 512K, 0% used [0x00000000d5880000,0x00000000d5880000,0x00000000d5900000)
 ParOldGen       total 175104K, used 175083K [0x0000000080000000, 0x000000008ab00000, 0x00000000d5580000)
  object space 175104K, 99% used [0x0000000080000000,0x000000008aafaee0,0x000000008ab00000)
 Metaspace       used 71756K, committed 73536K, reserved 1179648K
  class space    used 7711K, committed 8512K, reserved 1048576K
}
Event: 911.547 GC heap before
{Heap before GC invocations=220 (full 3):
 PSYoungGen      total 3072K, used 2816K [0x00000000d5580000, 0x00000000d5a80000, 0x0000000100000000)
  eden space 2560K, 100% used [0x00000000d5580000,0x00000000d5800000,0x00000000d5800000)
  from space 512K, 50% used [0x00000000d5a00000,0x00000000d5a40000,0x00000000d5a80000)
  to   space 512K, 0% used [0x00000000d5880000,0x00000000d5880000,0x00000000d5900000)
 ParOldGen       total 175104K, used 175083K [0x0000000080000000, 0x000000008ab00000, 0x00000000d5580000)
  object space 175104K, 99% used [0x0000000080000000,0x000000008aafaee0,0x000000008ab00000)
 Metaspace       used 72041K, committed 73792K, reserved 1179648K
  class space    used 7740K, committed 8512K, reserved 1048576K
}
Event: 911.580 GC heap after
{Heap after GC invocations=220 (full 3):
 PSYoungGen      total 3072K, used 224K [0x00000000d5580000, 0x00000000d5a80000, 0x0000000100000000)
  eden space 2560K, 0% used [0x00000000d5580000,0x00000000d5580000,0x00000000d5800000)
  from space 512K, 43% used [0x00000000d5880000,0x00000000d58b8000,0x00000000d5900000)
  to   space 512K, 0% used [0x00000000d5a00000,0x00000000d5a00000,0x00000000d5a80000)
 ParOldGen       total 175616K, used 175219K [0x0000000080000000, 0x000000008ab80000, 0x00000000d5580000)
  object space 175616K, 99% used [0x0000000080000000,0x000000008ab1cee0,0x000000008ab80000)
 Metaspace       used 72041K, committed 73792K, reserved 1179648K
  class space    used 7740K, committed 8512K, reserved 1048576K
}
Event: 7001.423 GC heap before
{Heap before GC invocations=221 (full 3):
 PSYoungGen      total 3072K, used 2784K [0x00000000d5580000, 0x00000000d5a80000, 0x0000000100000000)
  eden space 2560K, 100% used [0x00000000d5580000,0x00000000d5800000,0x00000000d5800000)
  from space 512K, 43% used [0x00000000d5880000,0x00000000d58b8000,0x00000000d5900000)
  to   space 512K, 0% used [0x00000000d5a00000,0x00000000d5a00000,0x00000000d5a80000)
 ParOldGen       total 175616K, used 175219K [0x0000000080000000, 0x000000008ab80000, 0x00000000d5580000)
  object space 175616K, 99% used [0x0000000080000000,0x000000008ab1cee0,0x000000008ab80000)
 Metaspace       used 72086K, committed 73792K, reserved 1179648K
  class space    used 7740K, committed 8512K, reserved 1048576K
}
Event: 7001.581 GC heap after
{Heap after GC invocations=221 (full 3):
 PSYoungGen      total 3072K, used 224K [0x00000000d5580000, 0x00000000d5a80000, 0x0000000100000000)
  eden space 2560K, 0% used [0x00000000d5580000,0x00000000d5580000,0x00000000d5800000)
  from space 512K, 43% used [0x00000000d5a00000,0x00000000d5a38000,0x00000000d5a80000)
  to   space 512K, 0% used [0x00000000d5880000,0x00000000d5880000,0x00000000d5900000)
 ParOldGen       total 175616K, used 175355K [0x0000000080000000, 0x000000008ab80000, 0x00000000d5580000)
  object space 175616K, 99% used [0x0000000080000000,0x000000008ab3eee0,0x000000008ab80000)
 Metaspace       used 72086K, committed 73792K, reserved 1179648K
  class space    used 7740K, committed 8512K, reserved 1048576K
}
Event: 13574.760 GC heap before
{Heap before GC invocations=222 (full 3):
 PSYoungGen      total 3072K, used 2784K [0x00000000d5580000, 0x00000000d5a80000, 0x0000000100000000)
  eden space 2560K, 100% used [0x00000000d5580000,0x00000000d5800000,0x00000000d5800000)
  from space 512K, 43% used [0x00000000d5a00000,0x00000000d5a38000,0x00000000d5a80000)
  to   space 512K, 0% used [0x00000000d5880000,0x00000000d5880000,0x00000000d5900000)
 ParOldGen       total 175616K, used 175355K [0x0000000080000000, 0x000000008ab80000, 0x00000000d5580000)
  object space 175616K, 99% used [0x0000000080000000,0x000000008ab3eee0,0x000000008ab80000)
 Metaspace       used 72112K, committed 73856K, reserved 1179648K
  class space    used 7740K, committed 8512K, reserved 1048576K
}
Event: 13574.874 GC heap after
{Heap after GC invocations=222 (full 3):
 PSYoungGen      total 3072K, used 128K [0x00000000d5580000, 0x00000000d5a80000, 0x0000000100000000)
  eden space 2560K, 0% used [0x00000000d5580000,0x00000000d5580000,0x00000000d5800000)
  from space 512K, 25% used [0x00000000d5880000,0x00000000d58a0000,0x00000000d5900000)
  to   space 512K, 0% used [0x00000000d5a00000,0x00000000d5a00000,0x00000000d5a80000)
 ParOldGen       total 175616K, used 175379K [0x0000000080000000, 0x000000008ab80000, 0x00000000d5580000)
  object space 175616K, 99% used [0x0000000080000000,0x000000008ab44ee0,0x000000008ab80000)
 Metaspace       used 72112K, committed 73856K, reserved 1179648K
  class space    used 7740K, committed 8512K, reserved 1048576K
}
Event: 20176.678 GC heap before
{Heap before GC invocations=223 (full 3):
 PSYoungGen      total 3072K, used 2688K [0x00000000d5580000, 0x00000000d5a80000, 0x0000000100000000)
  eden space 2560K, 100% used [0x00000000d5580000,0x00000000d5800000,0x00000000d5800000)
  from space 512K, 25% used [0x00000000d5880000,0x00000000d58a0000,0x00000000d5900000)
  to   space 512K, 0% used [0x00000000d5a00000,0x00000000d5a00000,0x00000000d5a80000)
 ParOldGen       total 175616K, used 175379K [0x0000000080000000, 0x000000008ab80000, 0x00000000d5580000)
  object space 175616K, 99% used [0x0000000080000000,0x000000008ab44ee0,0x000000008ab80000)
 Metaspace       used 72118K, committed 73856K, reserved 1179648K
  class space    used 7740K, committed 8512K, reserved 1048576K
}
Event: 20176.792 GC heap after
{Heap after GC invocations=223 (full 3):
 PSYoungGen      total 3072K, used 160K [0x00000000d5580000, 0x00000000d5a80000, 0x0000000100000000)
  eden space 2560K, 0% used [0x00000000d5580000,0x00000000d5580000,0x00000000d5800000)
  from space 512K, 31% used [0x00000000d5a00000,0x00000000d5a28000,0x00000000d5a80000)
  to   space 512K, 0% used [0x00000000d5880000,0x00000000d5880000,0x00000000d5900000)
 ParOldGen       total 175616K, used 175395K [0x0000000080000000, 0x000000008ab80000, 0x00000000d5580000)
  object space 175616K, 99% used [0x0000000080000000,0x000000008ab48ee0,0x000000008ab80000)
 Metaspace       used 72118K, committed 73856K, reserved 1179648K
  class space    used 7740K, committed 8512K, reserved 1048576K
}

Dll operation events (12 events):
Event: 0.021 Loaded shared library c:\Users\PCWORLD\.vscode\extensions\redhat.java-1.53.0-win32-x64\jre\21.0.10-win32-x86_64\bin\java.dll
Event: 0.164 Loaded shared library c:\Users\PCWORLD\.vscode\extensions\redhat.java-1.53.0-win32-x64\jre\21.0.10-win32-x86_64\bin\zip.dll
Event: 0.201 Loaded shared library C:\Users\PCWORLD\.vscode\extensions\redhat.java-1.53.0-win32-x64\jre\21.0.10-win32-x86_64\bin\instrument.dll
Event: 0.210 Loaded shared library C:\Users\PCWORLD\.vscode\extensions\redhat.java-1.53.0-win32-x64\jre\21.0.10-win32-x86_64\bin\net.dll
Event: 0.213 Loaded shared library C:\Users\PCWORLD\.vscode\extensions\redhat.java-1.53.0-win32-x64\jre\21.0.10-win32-x86_64\bin\nio.dll
Event: 0.218 Loaded shared library C:\Users\PCWORLD\.vscode\extensions\redhat.java-1.53.0-win32-x64\jre\21.0.10-win32-x86_64\bin\zip.dll
Event: 0.251 Loaded shared library C:\Users\PCWORLD\.vscode\extensions\redhat.java-1.53.0-win32-x64\jre\21.0.10-win32-x86_64\bin\jimage.dll
Event: 0.400 Loaded shared library c:\Users\PCWORLD\.vscode\extensions\redhat.java-1.53.0-win32-x64\jre\21.0.10-win32-x86_64\bin\verify.dll
Event: 3.213 Loaded shared library C:\Users\PCWORLD\AppData\Roaming\Code\User\globalStorage\redhat.java\1.53.0\config_win\org.eclipse.equinox.launcher\org.eclipse.equinox.launcher.win32.win32.x86_64_1.3.0.v20260203-2149\eclipse_11919.dll
Event: 6.554 Loaded shared library C:\Users\PCWORLD\AppData\Local\Temp\jna--13215393\jna6246047660660350633.dll
Event: 17.550 Loaded shared library C:\Users\PCWORLD\.vscode\extensions\redhat.java-1.53.0-win32-x64\jre\21.0.10-win32-x86_64\bin\sunmscapi.dll
Event: 344.089 Loaded shared library C:\Users\PCWORLD\.vscode\extensions\redhat.java-1.53.0-win32-x64\jre\21.0.10-win32-x86_64\bin\extnet.dll

Deoptimization events (20 events):
Event: 639.143 Thread 0x000002319711dfb0 DEOPT PACKING pc=0x000002313c503ac4 sp=0x000000b5f8ffecf0
Event: 639.143 Thread 0x000002319711dfb0 DEOPT UNPACKING pc=0x0000023143474242 sp=0x000000b5f8ffe1d0 mode 0
Event: 639.366 Thread 0x0000023197b4aa40 Uncommon trap: trap_request=0xffffffbe fr.pc=0x00000231440ea9a4 relative=0x00000000000008a4
Event: 639.366 Thread 0x0000023197b4aa40 Uncommon trap: reason=profile_predicate action=maybe_recompile pc=0x00000231440ea9a4 method=java.io.InputStream.read([BII)I @ 40 c2
Event: 639.366 Thread 0x0000023197b4aa40 DEOPT PACKING pc=0x00000231440ea9a4 sp=0x000000b5fa1fe990
Event: 639.366 Thread 0x0000023197b4aa40 DEOPT UNPACKING pc=0x0000023143473aa2 sp=0x000000b5fa1fe930 mode 2
Event: 639.844 Thread 0x0000023197b50cb0 DEOPT PACKING pc=0x000002313d79e24c sp=0x000000b5fb2ff330
Event: 639.844 Thread 0x0000023197b50cb0 DEOPT UNPACKING pc=0x0000023143474242 sp=0x000000b5fb2fe7f0 mode 0
Event: 4884.985 Thread 0x0000023197b4a3b0 Uncommon trap: trap_request=0xffffffd6 fr.pc=0x00000231440fe5e0 relative=0x0000000000000320
Event: 4884.986 Thread 0x0000023197b4a3b0 Uncommon trap: reason=array_check action=maybe_recompile pc=0x00000231440fe5e0 method=java.util.concurrent.ScheduledThreadPoolExecutor$DelayedWorkQueue.offer(Ljava/lang/Runnable;)Z @ 65 c2
Event: 4884.986 Thread 0x0000023197b4a3b0 DEOPT PACKING pc=0x00000231440fe5e0 sp=0x000000b5f9fff1e0
Event: 4884.988 Thread 0x0000023197b4a3b0 DEOPT UNPACKING pc=0x0000023143473aa2 sp=0x000000b5f9fff080 mode 2
Event: 4885.436 Thread 0x000002319945ebf0 Uncommon trap: trap_request=0xffffffd6 fr.pc=0x00000231440fe5e0 relative=0x0000000000000320
Event: 4885.436 Thread 0x000002319945ebf0 Uncommon trap: reason=array_check action=maybe_recompile pc=0x00000231440fe5e0 method=java.util.concurrent.ScheduledThreadPoolExecutor$DelayedWorkQueue.offer(Ljava/lang/Runnable;)Z @ 65 c2
Event: 4885.436 Thread 0x000002319945ebf0 DEOPT PACKING pc=0x00000231440fe5e0 sp=0x000000b5fb8ff500
Event: 4885.437 Thread 0x000002319945ebf0 DEOPT UNPACKING pc=0x0000023143473aa2 sp=0x000000b5fb8ff3a0 mode 2
Event: 4886.433 Thread 0x000002319945ebf0 Uncommon trap: trap_request=0xffffffd6 fr.pc=0x00000231440fe5e0 relative=0x0000000000000320
Event: 4886.433 Thread 0x000002319945ebf0 Uncommon trap: reason=array_check action=maybe_recompile pc=0x00000231440fe5e0 method=java.util.concurrent.ScheduledThreadPoolExecutor$DelayedWorkQueue.offer(Ljava/lang/Runnable;)Z @ 65 c2
Event: 4886.433 Thread 0x000002319945ebf0 DEOPT PACKING pc=0x00000231440fe5e0 sp=0x000000b5fb8ff500
Event: 4886.433 Thread 0x000002319945ebf0 DEOPT UNPACKING pc=0x0000023143473aa2 sp=0x000000b5fb8ff3a0 mode 2

Classes loaded (20 events):
Event: 349.771 Loading class java/lang/ProcessHandleImpl$1
Event: 349.771 Loading class java/lang/ProcessHandleImpl$1 done
Event: 349.773 Loading class java/util/concurrent/CompletableFuture$UniHandle
Event: 349.773 Loading class java/util/concurrent/CompletableFuture$UniHandle done
Event: 638.462 Loading class java/util/stream/Nodes$CollectorTask$OfRef
Event: 638.469 Loading class java/util/stream/Nodes$CollectorTask
Event: 638.477 Loading class java/util/stream/Nodes$CollectorTask done
Event: 638.477 Loading class java/util/stream/Nodes$CollectorTask$OfRef done
Event: 638.708 Loading class java/util/function/LongFunction
Event: 638.710 Loading class java/util/function/LongFunction done
Event: 638.715 Loading class java/util/stream/Nodes$ConcNode
Event: 638.719 Loading class java/util/stream/Nodes$AbstractConcNode
Event: 638.724 Loading class java/util/stream/Nodes$AbstractConcNode done
Event: 638.724 Loading class java/util/stream/Nodes$ConcNode done
Event: 638.757 Loading class java/io/ObjectOutputStream$BlockDataOutputStream
Event: 638.764 Loading class java/io/ObjectOutputStream$BlockDataOutputStream done
Event: 638.765 Loading class java/io/ObjectOutputStream$HandleTable
Event: 638.766 Loading class java/io/ObjectOutputStream$HandleTable done
Event: 638.767 Loading class java/io/ObjectOutputStream$ReplaceTable
Event: 638.769 Loading class java/io/ObjectOutputStream$ReplaceTable done

Classes unloaded (8 events):
Event: 7.823 Thread 0x0000023138c40bf0 Unloading class 0x00000231511acc00 'java/lang/invoke/LambdaForm$MH+0x00000231511acc00'
Event: 7.823 Thread 0x0000023138c40bf0 Unloading class 0x00000231511ac800 'java/lang/invoke/LambdaForm$MH+0x00000231511ac800'
Event: 7.823 Thread 0x0000023138c40bf0 Unloading class 0x00000231511ac400 'java/lang/invoke/LambdaForm$MH+0x00000231511ac400'
Event: 7.823 Thread 0x0000023138c40bf0 Unloading class 0x00000231511ac000 'java/lang/invoke/LambdaForm$MH+0x00000231511ac000'
Event: 7.823 Thread 0x0000023138c40bf0 Unloading class 0x00000231511abc00 'java/lang/invoke/LambdaForm$BMH+0x00000231511abc00'
Event: 7.823 Thread 0x0000023138c40bf0 Unloading class 0x00000231511ab800 'java/lang/invoke/LambdaForm$DMH+0x00000231511ab800'
Event: 7.823 Thread 0x0000023138c40bf0 Unloading class 0x00000231511aa400 'java/lang/invoke/LambdaForm$DMH+0x00000231511aa400'
Event: 23.320 Thread 0x0000023138c40bf0 Unloading class 0x0000023151699800 'java/lang/invoke/LambdaForm$DMH+0x0000023151699800'

Classes redefined (0 events):
No events

Internal exceptions (20 events):
Event: 341.911 Thread 0x0000023197857a90 Exception <a 'sun/nio/fs/WindowsException'{0x00000000d5618fc8}> (0x00000000d5618fc8) 
thrown [s\src\hotspot\share\prims\jni.cpp, line 520]
Event: 341.911 Thread 0x0000023197857a90 Exception <a 'sun/nio/fs/WindowsException'{0x00000000d56198a8}> (0x00000000d56198a8) 
thrown [s\src\hotspot\share\prims\jni.cpp, line 520]
Event: 343.375 Thread 0x0000023197857a90 Exception <a 'sun/nio/fs/WindowsException'{0x00000000d5702320}> (0x00000000d5702320) 
thrown [s\src\hotspot\share\prims\jni.cpp, line 520]
Event: 343.375 Thread 0x0000023197857a90 Exception <a 'sun/nio/fs/WindowsException'{0x00000000d5702e50}> (0x00000000d5702e50) 
thrown [s\src\hotspot\share\prims\jni.cpp, line 520]
Event: 343.376 Thread 0x0000023197857a90 Exception <a 'sun/nio/fs/WindowsException'{0x00000000d57041d8}> (0x00000000d57041d8) 
thrown [s\src\hotspot\share\prims\jni.cpp, line 520]
Event: 343.376 Thread 0x0000023197857a90 Exception <a 'sun/nio/fs/WindowsException'{0x00000000d5704ab8}> (0x00000000d5704ab8) 
thrown [s\src\hotspot\share\prims\jni.cpp, line 520]
Event: 344.220 Thread 0x000002319945e560 Exception <a 'java/io/FileNotFoundException'{0x00000000d55a1868}> (0x00000000d55a1868) 
thrown [s\src\hotspot\share\prims\jni.cpp, line 520]
Event: 344.598 Thread 0x000002319945e560 Exception <a 'java/lang/NoSuchMethodError'{0x00000000d57ee518}: 'java.lang.Object java.lang.invoke.DirectMethodHandle$Holder.invokeVirtual(java.lang.Object, java.lang.Object, java.lang.Object, java.lang.Object)'> (0x00000000d57ee518) 
thrown [s\src\hotspot\share\interpreter\linkResolver.cpp, line 773]
Event: 344.711 Thread 0x0000023199462070 Exception <a 'java/lang/NoSuchMethodError'{0x00000000d5710788}: 'java.lang.Object java.lang.invoke.DirectMethodHandle$Holder.invokeStatic(java.lang.Object, long, java.lang.Object, java.lang.Object)'> (0x00000000d5710788) 
thrown [s\src\hotspot\share\interpreter\linkResolver.cpp, line 773]
Event: 344.872 Thread 0x0000023199462070 Exception <a 'sun/nio/fs/WindowsException'{0x00000000d57f7518}> (0x00000000d57f7518) 
thrown [s\src\hotspot\share\prims\jni.cpp, line 520]
Event: 344.873 Thread 0x0000023199462070 Exception <a 'sun/nio/fs/WindowsException'{0x00000000d57f8518}> (0x00000000d57f8518) 
thrown [s\src\hotspot\share\prims\jni.cpp, line 520]
Event: 344.926 Thread 0x0000023199462070 Exception <a 'java/lang/NoSuchMethodError'{0x00000000d562b7a0}: 'void java.lang.invoke.DirectMethodHandle$Holder.invokeStatic(java.lang.Object, java.lang.Object, java.lang.Object, java.lang.Object, java.lang.Object, java.lang.Object, java.lang.Object)'> (0x00000000d562b7a0) 
thrown [s\src\hotspot\share\interpreter\linkResolver.cpp, line 773]
Event: 347.972 Thread 0x0000023199460cc0 Exception <a 'java/lang/NoSuchMethodError'{0x00000000d5670810}: 'long java.lang.invoke.DelegatingMethodHandle$Holder.reinvoke_L(java.lang.Object, java.lang.Object)'> (0x00000000d5670810) 
thrown [s\src\hotspot\share\interpreter\linkResolver.cpp, line 773]
Event: 347.974 Thread 0x0000023199460cc0 Exception <a 'java/lang/NoSuchMethodError'{0x00000000d567a9c0}: 'void java.lang.invoke.DelegatingMethodHandle$Holder.reinvoke_L(java.lang.Object, java.lang.Object, long)'> (0x00000000d567a9c0) 
thrown [s\src\hotspot\share\interpreter\linkResolver.cpp, line 773]
Event: 349.774 Thread 0x0000023199460cc0 Exception <a 'java/lang/NoSuchMethodError'{0x00000000d57868a8}: 'long java.lang.invoke.Invokers$Holder.invokeExact_MT(java.lang.Object, java.lang.Object, java.lang.Object)'> (0x00000000d57868a8) 
thrown [s\src\hotspot\share\interpreter\linkResolver.cpp, line 773]
Event: 638.354 Thread 0x000002319711dfb0 Exception <a 'sun/nio/fs/WindowsException'{0x00000000d55c80d0}> (0x00000000d55c80d0) 
thrown [s\src\hotspot\share\prims\jni.cpp, line 520]
Event: 638.358 Thread 0x000002319711dfb0 Exception <a 'sun/nio/fs/WindowsException'{0x00000000d55c8e40}> (0x00000000d55c8e40) 
thrown [s\src\hotspot\share\prims\jni.cpp, line 520]
Event: 638.381 Thread 0x000002319711dfb0 Implicit null exception at 0x0000023143e4c109 to 0x0000023143e4c4a8
Event: 638.961 Thread 0x000002319711dfb0 Exception <a 'java/lang/NoSuchMethodError'{0x00000000d56ae6f8}: static [J.<clinit>()V> (0x00000000d56ae6f8) 
thrown [s\src\hotspot\share\prims\jni.cpp, line 1111]
Event: 639.109 Thread 0x000002319711dfb0 Exception <a 'java/lang/NoSuchMethodError'{0x00000000d5781508}: 'java.lang.Object java.lang.invoke.DirectMethodHandle$Holder.newInvokeSpecial(java.lang.Object, java.lang.Object, java.lang.Object, java.lang.Object, java.lang.Object, java.lang.Object, java.lang.Object, java.lang.Object)'> (0x00000000d5781508) 
thrown [s\src\hotspot\share\interpreter\linkResolver.cpp, line 773]

ZGC Phase Switch (0 events):
No events

VM Operations (20 events):
Event: 20266.849 Executing non-safepoint VM operation: HandshakeAllThreads (HandshakeForDeflation)
Event: 20266.849 Executing non-safepoint VM operation: HandshakeAllThreads (HandshakeForDeflation) done
Event: 20266.849 Executing non-safepoint VM operation: RendezvousGCThreads
Event: 20266.849 Executing non-safepoint VM operation: RendezvousGCThreads done
Event: 21048.046 Executing non-safepoint VM operation: HandshakeAllThreads (HandshakeForDeflation)
Event: 21048.050 Executing non-safepoint VM operation: HandshakeAllThreads (HandshakeForDeflation) done
Event: 21048.050 Executing non-safepoint VM operation: RendezvousGCThreads
Event: 21048.050 Executing non-safepoint VM operation: RendezvousGCThreads done
Event: 21168.386 Executing non-safepoint VM operation: HandshakeAllThreads (HandshakeForDeflation)
Event: 21168.387 Executing non-safepoint VM operation: HandshakeAllThreads (HandshakeForDeflation) done
Event: 21168.387 Executing non-safepoint VM operation: RendezvousGCThreads
Event: 21168.387 Executing non-safepoint VM operation: RendezvousGCThreads done
Event: 21228.491 Executing non-safepoint VM operation: HandshakeAllThreads (HandshakeForDeflation)
Event: 21228.491 Executing non-safepoint VM operation: HandshakeAllThreads (HandshakeForDeflation) done
Event: 21228.492 Executing non-safepoint VM operation: RendezvousGCThreads
Event: 21228.492 Executing non-safepoint VM operation: RendezvousGCThreads done
Event: 21348.789 Executing non-safepoint VM operation: HandshakeAllThreads (HandshakeForDeflation)
Event: 21348.789 Executing non-safepoint VM operation: HandshakeAllThreads (HandshakeForDeflation) done
Event: 21348.789 Executing non-safepoint VM operation: RendezvousGCThreads
Event: 21348.789 Executing non-safepoint VM operation: RendezvousGCThreads done

Memory protections (0 events):
No events

Nmethod flushes (20 events):
Event: 23.363 Thread 0x0000023138c40bf0 flushing  nmethod 0x000002313c85c510
Event: 23.363 Thread 0x0000023138c40bf0 flushing  nmethod 0x000002313c85c910
Event: 23.363 Thread 0x0000023138c40bf0 flushing  nmethod 0x000002313c85d490
Event: 23.363 Thread 0x0000023138c40bf0 flushing  nmethod 0x000002313c85e390
Event: 23.363 Thread 0x0000023138c40bf0 flushing  nmethod 0x000002313c85e710
Event: 23.363 Thread 0x0000023138c40bf0 flushing  nmethod 0x000002313c863690
Event: 23.363 Thread 0x0000023138c40bf0 flushing  nmethod 0x000002313c864190
Event: 23.363 Thread 0x0000023138c40bf0 flushing  nmethod 0x000002313c86b210
Event: 23.363 Thread 0x0000023138c40bf0 flushing  nmethod 0x000002313c86b690
Event: 23.363 Thread 0x0000023138c40bf0 flushing  nmethod 0x000002313c870390
Event: 23.363 Thread 0x0000023138c40bf0 flushing  nmethod 0x000002313c870a90
Event: 23.363 Thread 0x0000023138c40bf0 flushing  nmethod 0x000002313c870e90
Event: 23.363 Thread 0x0000023138c40bf0 flushing  nmethod 0x000002313c871210
Event: 23.363 Thread 0x0000023138c40bf0 flushing  nmethod 0x000002313c871790
Event: 23.363 Thread 0x0000023138c40bf0 flushing  nmethod 0x000002313c871b90
Event: 23.363 Thread 0x0000023138c40bf0 flushing  nmethod 0x000002313c872690
Event: 23.363 Thread 0x0000023138c40bf0 flushing  nmethod 0x000002313c87bb90
Event: 23.363 Thread 0x0000023138c40bf0 flushing  nmethod 0x000002313c87f810
Event: 23.363 Thread 0x0000023138c40bf0 flushing  nmethod 0x000002313c88ab90
Event: 23.363 Thread 0x0000023138c40bf0 flushing  nmethod 0x000002313c88b190

Events (20 events):
Event: 636.968 Thread 0x0000023197856050 Thread exited: 0x0000023197856050
Event: 636.980 Thread 0x00000231978594d0 Thread exited: 0x00000231978594d0
Event: 638.442 Thread 0x000002319711dfb0 Thread added: 0x0000023199463ab0
Event: 638.731 Thread 0x0000023199463ab0 Thread exited: 0x0000023199463ab0
Event: 638.907 Thread 0x0000023138c6dbd0 Thread added: 0x000002319e1ac900
Event: 639.042 Thread 0x000002319711dfb0 Thread added: 0x0000023199461350
Event: 639.048 Thread 0x0000023199461350 Thread exited: 0x0000023199461350
Event: 639.098 Thread 0x000002319e1ac900 Thread exited: 0x000002319e1ac900
Event: 639.357 Thread 0x0000023199463420 Thread exited: 0x0000023199463420
Event: 639.389 Thread 0x0000023197b4bdf0 Thread exited: 0x0000023197b4bdf0
Event: 639.452 Thread 0x0000023197b49d20 Thread exited: 0x0000023197b49d20
Event: 639.530 Thread 0x000002319945f280 Thread exited: 0x000002319945f280
Event: 639.561 Thread 0x000002319711f9f0 Thread exited: 0x000002319711f9f0
Event: 639.639 Thread 0x0000023197852540 Thread exited: 0x0000023197852540
Event: 639.671 Thread 0x0000023197858e40 Thread exited: 0x0000023197858e40
Event: 639.844 Thread 0x0000023197b50cb0 Thread exited: 0x0000023197b50cb0
Event: 644.230 Thread 0x0000023197b4c480 Thread exited: 0x0000023197b4c480
Event: 699.677 Thread 0x0000023197851eb0 Thread exited: 0x0000023197851eb0
Event: 759.691 Thread 0x0000023197853f80 Thread exited: 0x0000023197853f80
Event: 819.701 Thread 0x00000231978587b0 Thread exited: 0x00000231978587b0


Dynamic libraries:
0x00007ff7ffbc0000 - 0x00007ff7ffbce000 	c:\Users\PCWORLD\.vscode\extensions\redhat.java-1.53.0-win32-x64\jre\21.0.10-win32-x86_64\bin\java.exe
0x00007ff99eb20000 - 0x00007ff99ed29000 	C:\Windows\SYSTEM32\ntdll.dll
0x00007ff99d1e0000 - 0x00007ff99d29d000 	C:\Windows\System32\KERNEL32.DLL
0x00007ff99c420000 - 0x00007ff99c7a4000 	C:\Windows\System32\KERNELBASE.dll
0x00007ff99c0f0000 - 0x00007ff99c201000 	C:\Windows\System32\ucrtbase.dll
0x00007ff992cf0000 - 0x00007ff992d0e000 	c:\Users\PCWORLD\.vscode\extensions\redhat.java-1.53.0-win32-x64\jre\21.0.10-win32-x86_64\bin\VCRUNTIME140.dll
0x00007ff93fac0000 - 0x00007ff93fad8000 	c:\Users\PCWORLD\.vscode\extensions\redhat.java-1.53.0-win32-x64\jre\21.0.10-win32-x86_64\bin\jli.dll
0x00007ff99dd80000 - 0x00007ff99df2d000 	C:\Windows\System32\USER32.dll
0x00007ff99c7b0000 - 0x00007ff99c7d6000 	C:\Windows\System32\win32u.dll
0x00007ff9880d0000 - 0x00007ff988375000 	C:\Windows\WinSxS\amd64_microsoft.windows.common-controls_6595b64144ccf1df_6.0.22000.120_none_9d947278b86cc467\COMCTL32.dll
0x00007ff99ea20000 - 0x00007ff99ea4a000 	C:\Windows\System32\GDI32.dll
0x00007ff99cec0000 - 0x00007ff99cf63000 	C:\Windows\System32\msvcrt.dll
0x00007ff99c7e0000 - 0x00007ff99c8fe000 	C:\Windows\System32\gdi32full.dll
0x00007ff99c380000 - 0x00007ff99c41d000 	C:\Windows\System32\msvcp_win.dll
0x00007ff99c980000 - 0x00007ff99c9b1000 	C:\Windows\System32\IMM32.DLL
0x00007ff98fd50000 - 0x00007ff98fd5c000 	c:\Users\PCWORLD\.vscode\extensions\redhat.java-1.53.0-win32-x64\jre\21.0.10-win32-x86_64\bin\vcruntime140_1.dll
0x00007ff8f2370000 - 0x00007ff8f23fd000 	c:\Users\PCWORLD\.vscode\extensions\redhat.java-1.53.0-win32-x64\jre\21.0.10-win32-x86_64\bin\msvcp140.dll
0x00007ff8f15c0000 - 0x00007ff8f2361000 	c:\Users\PCWORLD\.vscode\extensions\redhat.java-1.53.0-win32-x64\jre\21.0.10-win32-x86_64\bin\server\jvm.dll
0x00007ff99e3c0000 - 0x00007ff99e46e000 	C:\Windows\System32\ADVAPI32.dll
0x00007ff99cfd0000 - 0x00007ff99d06e000 	C:\Windows\System32\sechost.dll
0x00007ff99cbc0000 - 0x00007ff99cce1000 	C:\Windows\System32\RPCRT4.dll
0x00007ff99e8f0000 - 0x00007ff99e95f000 	C:\Windows\System32\WS2_32.dll
0x00007ff99be80000 - 0x00007ff99becd000 	C:\Windows\SYSTEM32\POWRPROF.dll
0x00007ff992f80000 - 0x00007ff992fb3000 	C:\Windows\SYSTEM32\WINMM.dll
0x00007ff990960000 - 0x00007ff99096a000 	C:\Windows\SYSTEM32\VERSION.dll
0x00007ff99bcc0000 - 0x00007ff99bcd3000 	C:\Windows\SYSTEM32\UMPDC.dll
0x00007ff99afe0000 - 0x00007ff99aff8000 	C:\Windows\SYSTEM32\kernel.appcore.dll
0x00007ff98efd0000 - 0x00007ff98efda000 	c:\Users\PCWORLD\.vscode\extensions\redhat.java-1.53.0-win32-x64\jre\21.0.10-win32-x86_64\bin\jimage.dll
0x00007ff999110000 - 0x00007ff999331000 	C:\Windows\SYSTEM32\DBGHELP.DLL
0x00007ff985050000 - 0x00007ff985081000 	C:\Windows\SYSTEM32\dbgcore.DLL
0x00007ff99c070000 - 0x00007ff99c0ef000 	C:\Windows\System32\bcryptPrimitives.dll
0x00007ff97daa0000 - 0x00007ff97daaf000 	c:\Users\PCWORLD\.vscode\extensions\redhat.java-1.53.0-win32-x64\jre\21.0.10-win32-x86_64\bin\instrument.dll
0x00007ff90cb70000 - 0x00007ff90cb90000 	c:\Users\PCWORLD\.vscode\extensions\redhat.java-1.53.0-win32-x64\jre\21.0.10-win32-x86_64\bin\java.dll
0x00007ff99d2a0000 - 0x00007ff99da65000 	C:\Windows\System32\SHELL32.dll
0x00007ff99a040000 - 0x00007ff99a8a2000 	C:\Windows\SYSTEM32\windows.storage.dll
0x00007ff99df50000 - 0x00007ff99e2c6000 	C:\Windows\System32\combase.dll
0x00007ff999ed0000 - 0x00007ff99a037000 	C:\Windows\SYSTEM32\wintypes.dll
0x00007ff99e2d0000 - 0x00007ff99e3ba000 	C:\Windows\System32\SHCORE.dll
0x00007ff99cf70000 - 0x00007ff99cfcd000 	C:\Windows\System32\shlwapi.dll
0x00007ff99bee0000 - 0x00007ff99bf05000 	C:\Windows\SYSTEM32\profapi.dll
0x00007ff90cad0000 - 0x00007ff90cae8000 	c:\Users\PCWORLD\.vscode\extensions\redhat.java-1.53.0-win32-x64\jre\21.0.10-win32-x86_64\bin\zip.dll
0x00007ff97f760000 - 0x00007ff97f770000 	C:\Users\PCWORLD\.vscode\extensions\redhat.java-1.53.0-win32-x64\jre\21.0.10-win32-x86_64\bin\net.dll
0x00007ff9934a0000 - 0x00007ff9935b4000 	C:\Windows\SYSTEM32\WINHTTP.dll
0x00007ff99b480000 - 0x00007ff99b4e7000 	C:\Windows\system32\mswsock.dll
0x00007ff933660000 - 0x00007ff933676000 	C:\Users\PCWORLD\.vscode\extensions\redhat.java-1.53.0-win32-x64\jre\21.0.10-win32-x86_64\bin\nio.dll
0x00007ff95cb90000 - 0x00007ff95cba0000 	c:\Users\PCWORLD\.vscode\extensions\redhat.java-1.53.0-win32-x64\jre\21.0.10-win32-x86_64\bin\verify.dll
0x00007ff8f4820000 - 0x00007ff8f4865000 	C:\Users\PCWORLD\AppData\Roaming\Code\User\globalStorage\redhat.java\1.53.0\config_win\org.eclipse.equinox.launcher\org.eclipse.equinox.launcher.win32.win32.x86_64_1.3.0.v20260203-2149\eclipse_11919.dll
0x00007ff99cd00000 - 0x00007ff99ce9a000 	C:\Windows\System32\ole32.dll
0x00007ff99b750000 - 0x00007ff99b768000 	C:\Windows\SYSTEM32\CRYPTSP.dll
0x00007ff99af40000 - 0x00007ff99af75000 	C:\Windows\system32\rsaenh.dll
0x00007ff99b520000 - 0x00007ff99b54c000 	C:\Windows\SYSTEM32\USERENV.dll
0x00007ff99b900000 - 0x00007ff99b927000 	C:\Windows\SYSTEM32\bcrypt.dll
0x00007ff99b670000 - 0x00007ff99b67c000 	C:\Windows\SYSTEM32\CRYPTBASE.dll
0x00007ff99ab40000 - 0x00007ff99ab6d000 	C:\Windows\SYSTEM32\IPHLPAPI.DLL
0x00007ff99c970000 - 0x00007ff99c979000 	C:\Windows\System32\NSI.dll
0x00007ff984ed0000 - 0x00007ff984f19000 	C:\Users\PCWORLD\AppData\Local\Temp\jna--13215393\jna6246047660660350633.dll
0x00007ff99ea10000 - 0x00007ff99ea18000 	C:\Windows\System32\PSAPI.DLL
0x00007ff993600000 - 0x00007ff993619000 	C:\Windows\SYSTEM32\dhcpcsvc6.DLL
0x00007ff996ac0000 - 0x00007ff996ade000 	C:\Windows\SYSTEM32\dhcpcsvc.DLL
0x00007ff997ef0000 - 0x00007ff997efe000 	C:\Users\PCWORLD\.vscode\extensions\redhat.java-1.53.0-win32-x64\jre\21.0.10-win32-x86_64\bin\sunmscapi.dll
0x00007ff99c210000 - 0x00007ff99c372000 	C:\Windows\System32\CRYPT32.dll
0x00007ff99b8d0000 - 0x00007ff99b8f8000 	C:\Windows\SYSTEM32\ncrypt.dll
0x00007ff99b890000 - 0x00007ff99b8c7000 	C:\Windows\SYSTEM32\NTASN1.dll
0x00007ff9898e0000 - 0x00007ff9898e9000 	C:\Users\PCWORLD\.vscode\extensions\redhat.java-1.53.0-win32-x64\jre\21.0.10-win32-x86_64\bin\extnet.dll

JVMTI agents:
c:\Users\PCWORLD\.vscode\extensions\redhat.java-1.53.0-win32-x64\lombok\lombok-1.18.39-4050.jar path:c:\Users\PCWORLD\.vscode\extensions\redhat.java-1.53.0-win32-x64\jre\21.0.10-win32-x86_64\bin\instrument.dll, loaded, initialized, instrumentlib options:none

dbghelp: loaded successfully - version: 4.0.5 - missing functions: none
symbol engine: initialized successfully - sym options: 0x614 - pdb path: .;c:\Users\PCWORLD\.vscode\extensions\redhat.java-1.53.0-win32-x64\jre\21.0.10-win32-x86_64\bin;C:\Windows\SYSTEM32;C:\Windows\WinSxS\amd64_microsoft.windows.common-controls_6595b64144ccf1df_6.0.22000.120_none_9d947278b86cc467;c:\Users\PCWORLD\.vscode\extensions\redhat.java-1.53.0-win32-x64\jre\21.0.10-win32-x86_64\bin\server;C:\Users\PCWORLD\AppData\Roaming\Code\User\globalStorage\redhat.java\1.53.0\config_win\org.eclipse.equinox.launcher\org.eclipse.equinox.launcher.win32.win32.x86_64_1.3.0.v20260203-2149;C:\Users\PCWORLD\AppData\Local\Temp\jna--13215393

VM Arguments:
jvm_args: --add-modules=ALL-SYSTEM --add-opens=java.base/java.util=ALL-UNNAMED --add-opens=java.base/java.lang=ALL-UNNAMED --add-opens=java.base/sun.nio.fs=ALL-UNNAMED -Declipse.application=org.eclipse.jdt.ls.core.id1 -Dosgi.bundles.defaultStartLevel=4 -Declipse.product=org.eclipse.jdt.ls.core.product -Djava.import.generatesMetadataFilesAtProjectRoot=false -DDetectVMInstallationsJob.disabled=true -Dfile.encoding=utf8 -XX:+UseParallelGC -XX:GCTimeRatio=4 -XX:AdaptiveSizePolicyWeight=90 -Dsun.zip.disableMemoryMapping=true -Xmx2G -Xms100m -Xlog:disable -javaagent:c:\Users\PCWORLD\.vscode\extensions\redhat.java-1.53.0-win32-x64\lombok\lombok-1.18.39-4050.jar -XX:+HeapDumpOnOutOfMemoryError -XX:HeapDumpPath=c:\Users\PCWORLD\AppData\Roaming\Code\User\workspaceStorage\087698c59d74820307de26a5bebf90e5\redhat.java -Daether.dependencyCollector.impl=bf 
java_command: c:\Users\PCWORLD\.vscode\extensions\redhat.java-1.53.0-win32-x64\server\plugins\org.eclipse.equinox.launcher_1.7.100.v20251111-0406.jar -configuration c:\Users\PCWORLD\AppData\Roaming\Code\User\globalStorage\redhat.java\1.53.0\config_win -data c:\Users\PCWORLD\AppData\Roaming\Code\User\workspaceStorage\087698c59d74820307de26a5bebf90e5\redhat.java\jdt_ws --pipe=\\.\pipe\lsp-8a3cabaff1ef9819e4bb7c78edde7410-sock
java_class_path (initial): c:\Users\PCWORLD\.vscode\extensions\redhat.java-1.53.0-win32-x64\server\plugins\org.eclipse.equinox.launcher_1.7.100.v20251111-0406.jar
Launcher Type: SUN_STANDARD

[Global flags]
    uintx AdaptiveSizePolicyWeight                 = 90                                        {product} {command line}
     intx CICompilerCount                          = 4                                         {product} {ergonomic}
    uintx GCTimeRatio                              = 4                                         {product} {command line}
     bool HeapDumpOnOutOfMemoryError               = true                                   {manageable} {command line}
    ccstr HeapDumpPath                             = c:\Users\PCWORLD\AppData\Roaming\Code\User\workspaceStorage\087698c59d74820307de26a5bebf90e5\redhat.java         {manageable} {command line}
   size_t InitialHeapSize                          = 104857600                                 {product} {command line}
   size_t MaxHeapSize                              = 2147483648                                {product} {command line}
   size_t MaxNewSize                               = 715653120                                 {product} {ergonomic}
   size_t MinHeapDeltaBytes                        = 524288                                    {product} {ergonomic}
   size_t MinHeapSize                              = 104857600                                 {product} {command line}
   size_t NewSize                                  = 34603008                                  {product} {ergonomic}
    uintx NonNMethodCodeHeapSize                   = 5839372                                {pd product} {ergonomic}
    uintx NonProfiledCodeHeapSize                  = 122909434                              {pd product} {ergonomic}
   size_t OldSize                                  = 70254592                                  {product} {ergonomic}
    uintx ProfiledCodeHeapSize                     = 122909434                              {pd product} {ergonomic}
    uintx ReservedCodeCacheSize                    = 251658240                              {pd product} {ergonomic}
     bool SegmentedCodeCache                       = true                                      {product} {ergonomic}
   size_t SoftMaxHeapSize                          = 2147483648                             {manageable} {ergonomic}
     bool UseCompressedOops                        = true                           {product lp64_product} {ergonomic}
     bool UseLargePagesIndividualAllocation        = false                                  {pd product} {ergonomic}
     bool UseParallelGC                            = true                                      {product} {command line}

Logging:
Log output configuration:
 #0: stdout all=off uptime,level,tags foldmultilines=false
 #1: stderr all=off uptime,level,tags foldmultilines=false

Release file:
JAVA_VERSION="21.0.10" 
MODULES="java.base java.compiler java.datatransfer java.xml java.prefs java.desktop java.instrument java.logging java.management java.security.sasl java.naming java.rmi java.management.rmi java.net.http java.scripting java.security.jgss java.transaction.xa java.sql java.sql.rowset java.xml.crypto java.se java.smartcardio jdk.accessibility jdk.internal.jvmstat jdk.attach jdk.charsets jdk.internal.opt jdk.zipfs jdk.compiler jdk.crypto.ec jdk.crypto.cryptoki jdk.crypto.mscapi jdk.dynalink jdk.internal.ed jdk.editpad jdk.hotspot.agent jdk.httpserver jdk.internal.le jdk.internal.vm.ci jdk.internal.vm.compiler jdk.internal.vm.compiler.management jdk.jartool jdk.javadoc jdk.jcmd jdk.management jdk.management.agent jdk.jconsole jdk.jdeps jdk.jdwp.agent jdk.jdi jdk.jfr jdk.jshell jdk.jsobject jdk.jstatd jdk.localedata jdk.management.jfr jdk.naming.dns jdk.naming.rmi jdk.net jdk.nio.mapmode jdk.random jdk.sctp jdk.security.auth jdk.security.jgss jdk.unsupported jdk.unsupported.desktop jdk.xml.dom" 

Environment Variables:
PATH=C:\Users\PCWORLD\AppData\Local\Programs\Microsoft VS Code;C:\Program Files\Common Files\Oracle\Java\javapath;C:\Windows\system32;C:\Windows;C:\Windows\System32\Wbem;C:\Windows\System32\WindowsPowerShell\v1.0\;C:\Windows\System32\OpenSSH\;C:\Program Files (x86)\Intel\Intel(R) Management Engine Components\DAL;C:\Program Files\Intel\Intel(R) Management Engine Components\DAL;C:\Program Files\Git\cmd;C:\Program Files\nodejs\;C:\ProgramData\chocolatey\bin;C:\Users\PCWORLD\Downloads\platform-tools-latest-windows\platform-tools;;C:\Program Files\Docker\Docker\resources\bin;E:\program_files\cursor\resources\app\bin;C:\Users\PCWORLD\AppData\Local\Programs\Python\Python313\Scripts\;C:\Users\PCWORLD\AppData\Local\Programs\Python\Python313\;C:\Users\PCWORLD\AppData\Local\Programs\Python\Launcher\;C:\Users\PCWORLD\AppData\Local\Microsoft\WindowsApps;C:\Users\PCWORLD\AppData\Local\Programs\Microsoft VS Code\bin;C:\Users\PCWORLD\AppData\Roaming\npm;E:\program_files\Antigravity\bin
USERNAME=PCWORLD
OS=Windows_NT
PROCESSOR_IDENTIFIER=Intel64 Family 6 Model 142 Stepping 10, GenuineIntel
TMP=C:\Users\PCWORLD\AppData\Local\Temp
TEMP=C:\Users\PCWORLD\AppData\Local\Temp




Periodic native trim disabled

---------------  S Y S T E M  ---------------

OS:
 Windows 11 , 64 bit Build 22000 (10.0.22000.2538)
OS uptime: 0 days 6:02 hours
Hyper-V role detected

CPU: total 8 (initial active 8) (4 cores per cpu, 2 threads per core) family 6 model 142 stepping 10 microcode 0xe0, cx8, cmov, fxsr, ht, mmx, 3dnowpref, sse, sse2, sse3, ssse3, sse4.1, sse4.2, popcnt, lzcnt, tsc, tscinvbit, avx, avx2, aes, erms, clmul, bmi1, bmi2, rtm, adx, fma, vzeroupper, clflush, clflushopt, hv, rdtscp, f16c
Processor Information for the first 8 processors :
  Max Mhz: 2112, Current Mhz: 1910, Mhz Limit: 1900

Memory: 4k page, system-wide physical 8071M (309M free)
TotalPageFile size 30161M (AvailPageFile size 0M)
current process WorkingSet (physical memory assigned to process): 8M, peak: 379M
current process commit charge ("private bytes"): 453M, peak: 476M

vm_info: OpenJDK 64-Bit Server VM (21.0.10+7-LTS) for windows-amd64 JRE (21.0.10+7-LTS), built on 2026-01-20T00:00:00Z by "admin" with MS VC++ 17.12 (VS2022)

END.
