#
# There is insufficient memory for the Java Runtime Environment to continue.
# Native memory allocation (malloc) failed to allocate 1422096 bytes. Error detail: Chunk::new
# Possible reasons:
#   The system is out of physical RAM or swap space
#   This process is running with CompressedOops enabled, and the Java Heap may be blocking the growth of the native heap
# Possible solutions:
#   Reduce memory load on the system
#   Increase physical memory or swap space
#   Check if swap backing store is full
#   Decrease Java heap size (-Xmx/-Xms)
#   Decrease number of Java threads
#   Decrease Java thread stack sizes (-Xss)
#   Set larger code cache with -XX:ReservedCodeCacheSize=
#   JVM is running with Unscaled Compressed Oops mode in which the Java heap is
#     placed in the first 4GB address space. The Java Heap base address is the
#     maximum limit for the native heap growth. Please use -XX:HeapBaseMinAddress
#     to set the Java Heap base and to place the Java Heap above 4GB virtual address.
# This output file may be truncated or incomplete.
#
#  Out of Memory Error (arena.cpp:168), pid=23604, tid=23048
#
# JRE version: OpenJDK Runtime Environment Temurin-21.0.10+7 (21.0.10+7) (build 21.0.10+7-LTS)
# Java VM: OpenJDK 64-Bit Server VM Temurin-21.0.10+7 (21.0.10+7-LTS, mixed mode, sharing, tiered, compressed oops, compressed class ptrs, parallel gc, windows-amd64)
# No core dump will be written. Minidumps are not enabled by default on client versions of Windows
#

---------------  S U M M A R Y ------------

Command Line: --add-modules=ALL-SYSTEM --add-opens=java.base/java.util=ALL-UNNAMED --add-opens=java.base/java.lang=ALL-UNNAMED --add-opens=java.base/sun.nio.fs=ALL-UNNAMED -Declipse.application=org.eclipse.jdt.ls.core.id1 -Dosgi.bundles.defaultStartLevel=4 -Declipse.product=org.eclipse.jdt.ls.core.product -Djava.import.generatesMetadataFilesAtProjectRoot=false -DDetectVMInstallationsJob.disabled=true -Dfile.encoding=utf8 -XX:+UseParallelGC -XX:GCTimeRatio=4 -XX:AdaptiveSizePolicyWeight=90 -Dsun.zip.disableMemoryMapping=true -Xmx2G -Xms100m -Xlog:disable -javaagent:c:\Users\PCWORLD\.vscode\extensions\redhat.java-1.53.0-win32-x64\lombok\lombok-1.18.39-4050.jar -XX:+HeapDumpOnOutOfMemoryError -XX:HeapDumpPath=c:\Users\PCWORLD\AppData\Roaming\Code\User\workspaceStorage\15d350eac09e9ebb76c56e029fd2021d\redhat.java -Daether.dependencyCollector.impl=bf c:\Users\PCWORLD\.vscode\extensions\redhat.java-1.53.0-win32-x64\server\plugins\org.eclipse.equinox.launcher_1.7.100.v20251111-0406.jar -configuration c:\Users\PCWORLD\AppData\Roaming\Code\User\globalStorage\redhat.java\1.53.0\config_win -data c:\Users\PCWORLD\AppData\Roaming\Code\User\workspaceStorage\15d350eac09e9ebb76c56e029fd2021d\redhat.java\jdt_ws --pipe=\\.\pipe\lsp-75c78a598a9a39ea7181093124edfd21-sock

Host: Intel(R) Core(TM) i7-8650U CPU @ 1.90GHz, 8 cores, 7G,  Windows 11 , 64 bit Build 22000 (10.0.22000.2538)
Time: Thu Apr  9 01:01:05 2026 Sri Lanka Standard Time elapsed time: 27.445851 seconds (0d 0h 0m 27s)

---------------  T H R E A D  ---------------

Current thread (0x000002ae477ec630):  JavaThread "C2 CompilerThread1" daemon [_thread_in_native, id=23048, stack(0x000000c381c00000,0x000000c381d00000) (1024K)]


Current CompileTask:
C2:27445 11820   !   4       org.eclipse.osgi.internal.loader.classpath.ClasspathManager::defineClass (636 bytes)

Stack: [0x000000c381c00000,0x000000c381d00000]
Native frames: (J=compiled Java code, j=interpreted, Vv=VM code, C=native code)
V  [jvm.dll+0x6d7a39]
V  [jvm.dll+0x8b4b26]
V  [jvm.dll+0x8b70de]
V  [jvm.dll+0x8b77c3]
V  [jvm.dll+0x284346]
V  [jvm.dll+0xc66ed]
V  [jvm.dll+0xc6c31]
V  [jvm.dll+0x3bec01]
V  [jvm.dll+0x38b162]
V  [jvm.dll+0x38a5aa]
V  [jvm.dll+0x24c560]
V  [jvm.dll+0x24bb40]
V  [jvm.dll+0x1cb34e]
V  [jvm.dll+0x25b85d]
V  [jvm.dll+0x259dea]
V  [jvm.dll+0x3f857e]
V  [jvm.dll+0x85f59d]
V  [jvm.dll+0x6d626d]
C  [ucrtbase.dll+0x26c0c]
C  [KERNEL32.DLL+0x153e0]
C  [ntdll.dll+0x485b]


---------------  P R O C E S S  ---------------

Threads class SMR info:
_java_thread_list=0x000002ae41e393e0, length=74, elements={
0x000002ae65cd6250, 0x000002ae7e9dd510, 0x000002ae7e9dec80, 0x000002ae7e9e1ab0,
0x000002ae7e9e27d0, 0x000002ae7e9e34f0, 0x000002ae7e9e4f60, 0x000002ae7e9e6970,
0x000002ae4135afa0, 0x000002ae415170f0, 0x000002ae416f7ab0, 0x000002ae46312240,
0x000002ae46237c60, 0x000002ae41ebf200, 0x000002ae4157a4c0, 0x000002ae462c5440,
0x000002ae4657a7d0, 0x000002ae41e5eec0, 0x000002ae41e61620, 0x000002ae41e62340,
0x000002ae41e5f550, 0x000002ae41e5fbe0, 0x000002ae477ec630, 0x000002ae41e60900,
0x000002ae41e60f90, 0x000002ae490f9630, 0x000002ae490fc420, 0x000002ae490fbd90,
0x000002ae490f9cc0, 0x000002ae490fd7d0, 0x000002ae490fb070, 0x000002ae490f6840,
0x000002ae490f7560, 0x000002ae490f8280, 0x000002ae490fb700, 0x000002ae490f8fa0,
0x000002ae490fa9e0, 0x000002ae490fde60, 0x000002ae490f6ed0, 0x000002ae490fd140,
0x000002ae490f7bf0, 0x000002ae490f8910, 0x000002ae47c67950, 0x000002ae47c62400,
0x000002ae47c62a90, 0x000002ae47c63e40, 0x000002ae47c644d0, 0x000002ae47c61050,
0x000002ae47c66c30, 0x000002ae47c672c0, 0x000002ae47c63120, 0x000002ae47c68670,
0x000002ae47c616e0, 0x000002ae47c61d70, 0x000002ae47c651f0, 0x000002ae47c65880,
0x000002ae47c65f10, 0x000002ae47c637b0, 0x000002ae490fcab0, 0x000002ae466b0660,
0x000002ae466b2dc0, 0x000002ae489220f0, 0x000002ae466b3450, 0x000002ae466aec20,
0x000002ae466ae590, 0x000002ae466b20a0, 0x000002ae466af940, 0x000002ae466af2b0,
0x000002ae466affd0, 0x000002ae4dcf0780, 0x000002ae4dcf0e10, 0x000002ae4dcf21c0,
0x000002ae4dcf1b30, 0x000002ae4dcf2850
}

Java Threads: ( => current thread )
  0x000002ae65cd6250 JavaThread "main"                              [_thread_blocked, id=11144, stack(0x000000c380100000,0x000000c380200000) (1024K)]
  0x000002ae7e9dd510 JavaThread "Reference Handler"          daemon [_thread_blocked, id=24092, stack(0x000000c380500000,0x000000c380600000) (1024K)]
  0x000002ae7e9dec80 JavaThread "Finalizer"                  daemon [_thread_blocked, id=2600, stack(0x000000c380600000,0x000000c380700000) (1024K)]
  0x000002ae7e9e1ab0 JavaThread "Signal Dispatcher"          daemon [_thread_blocked, id=20056, stack(0x000000c380700000,0x000000c380800000) (1024K)]
  0x000002ae7e9e27d0 JavaThread "Attach Listener"            daemon [_thread_blocked, id=16228, stack(0x000000c380800000,0x000000c380900000) (1024K)]
  0x000002ae7e9e34f0 JavaThread "Service Thread"             daemon [_thread_blocked, id=25616, stack(0x000000c380900000,0x000000c380a00000) (1024K)]
  0x000002ae7e9e4f60 JavaThread "Monitor Deflation Thread"   daemon [_thread_blocked, id=25168, stack(0x000000c380a00000,0x000000c380b00000) (1024K)]
  0x000002ae7e9e6970 JavaThread "C2 CompilerThread0"         daemon [_thread_in_native, id=24560, stack(0x000000c380b00000,0x000000c380c00000) (1024K)]
  0x000002ae4135afa0 JavaThread "C1 CompilerThread0"         daemon [_thread_in_native, id=17280, stack(0x000000c380c00000,0x000000c380d00000) (1024K)]
  0x000002ae415170f0 JavaThread "Common-Cleaner"             daemon [_thread_blocked, id=4088, stack(0x000000c380d00000,0x000000c380e00000) (1024K)]
  0x000002ae416f7ab0 JavaThread "Notification Thread"        daemon [_thread_blocked, id=22684, stack(0x000000c380f00000,0x000000c381000000) (1024K)]
  0x000002ae46312240 JavaThread "Active Thread: Equinox Container: dfec0b59-faa1-4c6e-8eb4-54ebafb7d844"        [_thread_blocked, id=15364, stack(0x000000c381600000,0x000000c381700000) (1024K)]
  0x000002ae46237c60 JavaThread "Refresh Thread: Equinox Container: dfec0b59-faa1-4c6e-8eb4-54ebafb7d844" daemon [_thread_blocked, id=17284, stack(0x000000c381800000,0x000000c381900000) (1024K)]
  0x000002ae41ebf200 JavaThread "Framework Event Dispatcher: Equinox Container: dfec0b59-faa1-4c6e-8eb4-54ebafb7d844" daemon [_thread_blocked, id=18500, stack(0x000000c381900000,0x000000c381a00000) (1024K)]
  0x000002ae4157a4c0 JavaThread "Start Level: Equinox Container: dfec0b59-faa1-4c6e-8eb4-54ebafb7d844" daemon [_thread_blocked, id=21052, stack(0x000000c380e00000,0x000000c380f00000) (1024K)]
  0x000002ae462c5440 JavaThread "Bundle File Closer"         daemon [_thread_blocked, id=20136, stack(0x000000c381b00000,0x000000c381c00000) (1024K)]
  0x000002ae4657a7d0 JavaThread "SCR Component Actor"        daemon [_thread_blocked, id=17696, stack(0x000000c381a00000,0x000000c381b00000) (1024K)]
  0x000002ae41e5eec0 JavaThread "Worker-JM"                         [_thread_blocked, id=23108, stack(0x000000c381d00000,0x000000c381e00000) (1024K)]
  0x000002ae41e61620 JavaThread "JNA Cleaner"                daemon [_thread_blocked, id=18736, stack(0x000000c381e00000,0x000000c381f00000) (1024K)]
  0x000002ae41e62340 JavaThread "Worker-0"                          [_thread_blocked, id=24680, stack(0x000000c381f00000,0x000000c382000000) (1024K)]
  0x000002ae41e5f550 JavaThread "Worker-1"                          [_thread_blocked, id=15368, stack(0x000000c382000000,0x000000c382100000) (1024K)]
  0x000002ae41e5fbe0 JavaThread "Worker-2"                          [_thread_blocked, id=26576, stack(0x000000c382100000,0x000000c382200000) (1024K)]
=>0x000002ae477ec630 JavaThread "C2 CompilerThread1"         daemon [_thread_in_native, id=23048, stack(0x000000c381c00000,0x000000c381d00000) (1024K)]
  0x000002ae41e60900 JavaThread "Java indexing"              daemon [_thread_blocked, id=11132, stack(0x000000c382300000,0x000000c382400000) (1024K)]
  0x000002ae41e60f90 JavaThread "Worker-3: Building"                [_thread_blocked, id=8784, stack(0x000000c382400000,0x000000c382500000) (1024K)]
  0x000002ae490f9630 JavaThread "Worker-4"                          [_thread_blocked, id=12612, stack(0x000000c382500000,0x000000c382600000) (1024K)]
  0x000002ae490fc420 JavaThread "Worker-5"                          [_thread_blocked, id=27216, stack(0x000000c382800000,0x000000c382900000) (1024K)]
  0x000002ae490fbd90 JavaThread "Thread-1"                   daemon [_thread_in_native, id=12304, stack(0x000000c382900000,0x000000c382a00000) (1024K)]
  0x000002ae490f9cc0 JavaThread "Thread-2"                   daemon [_thread_in_native, id=18468, stack(0x000000c382a00000,0x000000c382b00000) (1024K)]
  0x000002ae490fd7d0 JavaThread "Thread-3"                   daemon [_thread_in_native, id=2152, stack(0x000000c382b00000,0x000000c382c00000) (1024K)]
  0x000002ae490fb070 JavaThread "Thread-4"                   daemon [_thread_in_native, id=4100, stack(0x000000c382c00000,0x000000c382d00000) (1024K)]
  0x000002ae490f6840 JavaThread "Thread-5"                   daemon [_thread_in_native, id=27076, stack(0x000000c382d00000,0x000000c382e00000) (1024K)]
  0x000002ae490f7560 JavaThread "Thread-6"                   daemon [_thread_in_native, id=3312, stack(0x000000c382e00000,0x000000c382f00000) (1024K)]
  0x000002ae490f8280 JavaThread "Thread-7"                   daemon [_thread_in_native, id=21996, stack(0x000000c382f00000,0x000000c383000000) (1024K)]
  0x000002ae490fb700 JavaThread "Thread-8"                   daemon [_thread_in_native, id=7340, stack(0x000000c383000000,0x000000c383100000) (1024K)]
  0x000002ae490f8fa0 JavaThread "Thread-9"                   daemon [_thread_in_native, id=22804, stack(0x000000c383100000,0x000000c383200000) (1024K)]
  0x000002ae490fa9e0 JavaThread "pool-2-thread-1"                   [_thread_blocked, id=9872, stack(0x000000c383200000,0x000000c383300000) (1024K)]
  0x000002ae490fde60 JavaThread "WorkspaceEventsHandler"            [_thread_blocked, id=6128, stack(0x000000c383400000,0x000000c383500000) (1024K)]
  0x000002ae490f6ed0 JavaThread "pool-1-thread-1"                   [_thread_blocked, id=26600, stack(0x000000c383500000,0x000000c383600000) (1024K)]
  0x000002ae490fd140 JavaThread "ForkJoinPool.commonPool-worker-1" daemon [_thread_blocked, id=26544, stack(0x000000c383600000,0x000000c383700000) (1024K)]
  0x000002ae490f7bf0 JavaThread "ForkJoinPool.commonPool-worker-2" daemon [_thread_blocked, id=26468, stack(0x000000c383700000,0x000000c383800000) (1024K)]
  0x000002ae490f8910 JavaThread "ForkJoinPool.commonPool-worker-3" daemon [_thread_blocked, id=23460, stack(0x000000c383800000,0x000000c383900000) (1024K)]
  0x000002ae47c67950 JavaThread "ForkJoinPool.commonPool-worker-4" daemon [_thread_blocked, id=11732, stack(0x000000c383a00000,0x000000c383b00000) (1024K)]
  0x000002ae47c62400 JavaThread "ForkJoinPool.commonPool-worker-5" daemon [_thread_blocked, id=14164, stack(0x000000c383b00000,0x000000c383c00000) (1024K)]
  0x000002ae47c62a90 JavaThread "ForkJoinPool.commonPool-worker-6" daemon [_thread_blocked, id=24348, stack(0x000000c383900000,0x000000c383a00000) (1024K)]
  0x000002ae47c63e40 JavaThread "ForkJoinPool.commonPool-worker-7" daemon [_thread_blocked, id=1472, stack(0x000000c383c00000,0x000000c383d00000) (1024K)]
  0x000002ae47c644d0 JavaThread "Keep-Alive-Timer"           daemon [_thread_blocked, id=18160, stack(0x000000c383d00000,0x000000c383e00000) (1024K)]
  0x000002ae47c61050 JavaThread "LocalFile Deleter"          daemon [_thread_blocked, id=6408, stack(0x000000c383e00000,0x000000c383f00000) (1024K)]
  0x000002ae47c66c30 JavaThread "LocalFile Deleter"          daemon [_thread_blocked, id=20620, stack(0x000000c383f00000,0x000000c384000000) (1024K)]
  0x000002ae47c672c0 JavaThread "LocalFile Deleter"          daemon [_thread_blocked, id=14932, stack(0x000000c384000000,0x000000c384100000) (1024K)]
  0x000002ae47c63120 JavaThread "LocalFile Deleter"          daemon [_thread_blocked, id=22428, stack(0x000000c384100000,0x000000c384200000) (1024K)]
  0x000002ae47c68670 JavaThread "LocalFile Deleter"          daemon [_thread_blocked, id=26176, stack(0x000000c384200000,0x000000c384300000) (1024K)]
  0x000002ae47c616e0 JavaThread "LocalFile Deleter"          daemon [_thread_blocked, id=14856, stack(0x000000c384300000,0x000000c384400000) (1024K)]
  0x000002ae47c61d70 JavaThread "LocalFile Deleter"          daemon [_thread_blocked, id=24676, stack(0x000000c384400000,0x000000c384500000) (1024K)]
  0x000002ae47c651f0 JavaThread "LocalFile Deleter"          daemon [_thread_blocked, id=26232, stack(0x000000c384500000,0x000000c384600000) (1024K)]
  0x000002ae47c65880 JavaThread "Compiler Source File Reader" daemon [_thread_blocked, id=6984, stack(0x000000c384600000,0x000000c384700000) (1024K)]
  0x000002ae47c65f10 JavaThread "Compiler Source File Reader" daemon [_thread_blocked, id=12032, stack(0x000000c384700000,0x000000c384800000) (1024K)]
  0x000002ae47c637b0 JavaThread "Compiler Source File Reader" daemon [_thread_blocked, id=24644, stack(0x000000c384800000,0x000000c384900000) (1024K)]
  0x000002ae490fcab0 JavaThread "Compiler Source File Reader" daemon [_thread_blocked, id=17400, stack(0x000000c384900000,0x000000c384a00000) (1024K)]
  0x000002ae466b0660 JavaThread "Compiler Source File Reader" daemon [_thread_blocked, id=14128, stack(0x000000c384a00000,0x000000c384b00000) (1024K)]
  0x000002ae466b2dc0 JavaThread "Compiler Source File Reader" daemon [_thread_blocked, id=25068, stack(0x000000c384b00000,0x000000c384c00000) (1024K)]
  0x000002ae489220f0 JavaThread "C2 CompilerThread2"         daemon [_thread_in_native, id=27412, stack(0x000000c382200000,0x000000c382300000) (1024K)]
  0x000002ae466b3450 JavaThread "Compiler Processing Task"   daemon [_thread_blocked, id=9136, stack(0x000000c384c00000,0x000000c384d00000) (1024K)]
  0x000002ae466aec20 JavaThread "Compiler Class File Writer" daemon [_thread_blocked, id=18020, stack(0x000000c384d00000,0x000000c384e00000) (1024K)]
  0x000002ae466ae590 JavaThread "Compiler Class File Writer" daemon [_thread_blocked, id=18380, stack(0x000000c384e00000,0x000000c384f00000) (1024K)]
  0x000002ae466b20a0 JavaThread "Compiler Class File Writer" daemon [_thread_blocked, id=5048, stack(0x000000c384f00000,0x000000c385000000) (1024K)]
  0x000002ae466af940 JavaThread "Compiler Class File Writer" daemon [_thread_blocked, id=20248, stack(0x000000c385000000,0x000000c385100000) (1024K)]
  0x000002ae466af2b0 JavaThread "Compiler Class File Writer" daemon [_thread_blocked, id=5656, stack(0x000000c385100000,0x000000c385200000) (1024K)]
  0x000002ae466affd0 JavaThread "Compiler Class File Writer" daemon [_thread_blocked, id=16848, stack(0x000000c385200000,0x000000c385300000) (1024K)]
  0x000002ae4dcf0780 JavaThread "ParallelDescriptorResolver-1-0" daemon [_thread_blocked, id=21916, stack(0x000000c385300000,0x000000c385400000) (1024K)]
  0x000002ae4dcf0e10 JavaThread "ParallelDescriptorResolver-1-1" daemon [_thread_in_native, id=25012, stack(0x000000c385400000,0x000000c385500000) (1024K)]
  0x000002ae4dcf21c0 JavaThread "ParallelDescriptorResolver-1-2" daemon [_thread_blocked, id=25384, stack(0x000000c385500000,0x000000c385600000) (1024K)]
  0x000002ae4dcf1b30 JavaThread "ParallelDescriptorResolver-1-3" daemon [_thread_in_vm, id=22760, stack(0x000000c385600000,0x000000c385700000) (1024K)]
  0x000002ae4dcf2850 JavaThread "ParallelDescriptorResolver-1-4" daemon [_thread_in_Java, id=23020, stack(0x000000c385700000,0x000000c385800000) (1024K)]
Total: 74

Other Threads:
  0x000002ae7e9d2510 VMThread "VM Thread"                           [id=21672, stack(0x000000c380400000,0x000000c380500000) (1024K)]
  0x000002ae7e90ca00 WatcherThread "VM Periodic Task Thread"        [id=20276, stack(0x000000c380300000,0x000000c380400000) (1024K)]
  0x000002ae67f91e90 WorkerThread "GC Thread#0"                     [id=26896, stack(0x000000c380200000,0x000000c380300000) (1024K)]
  0x000002ae41efc330 WorkerThread "GC Thread#1"                     [id=16720, stack(0x000000c381000000,0x000000c381100000) (1024K)]
  0x000002ae41efc6e0 WorkerThread "GC Thread#2"                     [id=14184, stack(0x000000c381100000,0x000000c381200000) (1024K)]
  0x000002ae41efca90 WorkerThread "GC Thread#3"                     [id=14540, stack(0x000000c381200000,0x000000c381300000) (1024K)]
  0x000002ae4169eb20 WorkerThread "GC Thread#4"                     [id=4192, stack(0x000000c381300000,0x000000c381400000) (1024K)]
  0x000002ae4169eed0 WorkerThread "GC Thread#5"                     [id=23128, stack(0x000000c381400000,0x000000c381500000) (1024K)]
  0x000002ae4169f280 WorkerThread "GC Thread#6"                     [id=23808, stack(0x000000c381500000,0x000000c381600000) (1024K)]
  0x000002ae41e9bc90 WorkerThread "GC Thread#7"                     [id=16124, stack(0x000000c381700000,0x000000c381800000) (1024K)]
Total: 10

Threads with active compile tasks:
C2 CompilerThread0  27510 11890       4       org.codehaus.plexus.util.xml.pull.MXParser::nextImpl (1208 bytes)
C1 CompilerThread0  27510 11909       3       org.apache.maven.model.interpolation.StringVisitorModelInterpolator$ModelVisitor::visit (47 bytes)
C2 CompilerThread1  27510 11820   !   4       org.eclipse.osgi.internal.loader.classpath.ClasspathManager::defineClass (636 bytes)
C2 CompilerThread2  27510 11886       4       org.apache.maven.repository.internal.ArtifactDescriptorReaderDelegate::convert (205 bytes)
Total: 4

VM state: not at safepoint (normal execution)

VM Mutex/Monitor currently owned by a thread:  ([mutex/lock_event])
[0x00007ffa6598e5e0] Compile_lock - owner thread: 0x0000000000000000

Heap address: 0x0000000080000000, size: 2048 MB, Compressed Oops mode: 32-bit

CDS archive(s) mapped at: [0x000002ae00000000-0x000002ae00ba0000-0x000002ae00ba0000), size 12189696, SharedBaseAddress: 0x000002ae00000000, ArchiveRelocationMode: 1.
Compressed class space mapped at: 0x000002ae01000000-0x000002ae41000000, reserved size: 1073741824
Narrow klass base: 0x000002ae00000000, Narrow klass shift: 0, Narrow klass range: 0x100000000

GC Precious Log:
 CardTable entry size: 512
 CPUs: 8 total, 8 available
 Memory: 8071M
 Large Page Support: Disabled
 NUMA Support: Disabled
 Compressed Oops: Enabled (32-bit)
 Alignments: Space 512K, Generation 512K, Heap 2M
 Heap Min Capacity: 100M
 Heap Initial Capacity: 100M
 Heap Max Capacity: 2G
 Pre-touch: Disabled
 Parallel Workers: 8

Heap:
 PSYoungGen      total 11264K, used 6297K [0x00000000d5580000, 0x00000000d6380000, 0x0000000100000000)
  eden space 10240K, 51% used [0x00000000d5580000,0x00000000d5aa6460,0x00000000d5f80000)
  from space 1024K, 100% used [0x00000000d5f80000,0x00000000d6080000,0x00000000d6080000)
  to   space 2048K, 0% used [0x00000000d6180000,0x00000000d6180000,0x00000000d6380000)
 ParOldGen       total 89088K, used 88603K [0x0000000080000000, 0x0000000085700000, 0x00000000d5580000)
  object space 89088K, 99% used [0x0000000080000000,0x0000000085686e38,0x0000000085700000)
 Metaspace       used 66145K, committed 67520K, reserved 1114112K
  class space    used 7072K, committed 7680K, reserved 1048576K

Card table byte_map: [0x000002ae67950000,0x000002ae67d60000] _byte_map_base: 0x000002ae67550000

Marking Bits: (ParMarkBitMap*) 0x00007ffa65993450
 Begin Bits: [0x000002ae7a430000, 0x000002ae7c430000)
 End Bits:   [0x000002ae7c430000, 0x000002ae7e430000)

Polling page: 0x000002ae67740000

Metaspace:

Usage:
  Non-class:     57.69 MB used.
      Class:      6.91 MB used.
       Both:     64.60 MB used.

Virtual space:
  Non-class space:       64.00 MB reserved,      58.44 MB ( 91%) committed,  1 nodes.
      Class space:        1.00 GB reserved,       7.50 MB ( <1%) committed,  1 nodes.
             Both:        1.06 GB reserved,      65.94 MB (  6%) committed. 

Chunk freelists:
   Non-Class:  5.59 MB
       Class:  8.47 MB
        Both:  14.06 MB

MaxMetaspaceSize: unlimited
CompressedClassSpaceSize: 1.00 GB
Initial GC threshold: 21.00 MB
Current GC threshold: 97.81 MB
CDS: on
 - commit_granule_bytes: 65536.
 - commit_granule_words: 8192.
 - virtual_space_node_default_size: 8388608.
 - enlarge_chunks_in_place: 1.
 - use_allocation_guard: 0.


Internal statistics:

num_allocs_failed_limit: 13.
num_arena_births: 1174.
num_arena_deaths: 14.
num_vsnodes_births: 2.
num_vsnodes_deaths: 0.
num_space_committed: 1055.
num_space_uncommitted: 0.
num_chunks_returned_to_freelist: 27.
num_chunks_taken_from_freelist: 4109.
num_chunk_merges: 14.
num_chunk_splits: 2508.
num_chunks_enlarged: 1380.
num_inconsistent_stats: 0.

CodeHeap 'non-profiled nmethods': size=120000Kb used=7140Kb max_used=7140Kb free=112859Kb
 bounds [0x000002ae72c50000, 0x000002ae73350000, 0x000002ae7a180000]
CodeHeap 'profiled nmethods': size=120000Kb used=24266Kb max_used=24266Kb free=95733Kb
 bounds [0x000002ae6b180000, 0x000002ae6c940000, 0x000002ae726b0000]
CodeHeap 'non-nmethods': size=5760Kb used=1449Kb max_used=1570Kb free=4310Kb
 bounds [0x000002ae726b0000, 0x000002ae72920000, 0x000002ae72c50000]
CodeCache: size=245760Kb, used=32855Kb, max_used=32976Kb, free=212902Kb
 total_blobs=11841, nmethods=11080, adapters=667, full_count=0
Compilation: enabled, stopped_count=0, restarted_count=0

Compilation events (20 events):
Event: 27.251 Thread 0x000002ae4135afa0 11879   !   3       java.util.stream.ReferencePipeline$7$1::accept (127 bytes)
Event: 27.252 Thread 0x000002ae4135afa0 nmethod 11879 0x000002ae6c90c910 code [0x000002ae6c90cba0, 0x000002ae6c90daf0]
Event: 27.252 Thread 0x000002ae4135afa0 11880       3       java.util.stream.AbstractPipeline::sequential (10 bytes)
Event: 27.252 Thread 0x000002ae4135afa0 nmethod 11880 0x000002ae6c90e190 code [0x000002ae6c90e320, 0x000002ae6c90e438]
Event: 27.254 Thread 0x000002ae4135afa0 11881       3       org.apache.maven.artifact.DefaultArtifact::selectVersion (11 bytes)
Event: 27.254 Thread 0x000002ae4135afa0 nmethod 11881 0x000002ae6c90e510 code [0x000002ae6c90e6c0, 0x000002ae6c90e8b8]
Event: 27.256 Thread 0x000002ae4135afa0 11882       3       org.eclipse.sisu.inject.InjectorBindings::publishWildcardMatches (82 bytes)
Event: 27.257 Thread 0x000002ae4135afa0 nmethod 11882 0x000002ae6c90e990 code [0x000002ae6c90ebe0, 0x000002ae6c90f4c8]
Event: 27.270 Thread 0x000002ae4135afa0 11883       3       org.apache.maven.model.profile.DefaultProfileInjector$ProfileModelMerger::mergePluginContainer_Plugins (363 bytes)
Event: 27.275 Thread 0x000002ae4135afa0 nmethod 11883 0x000002ae6c90f890 code [0x000002ae6c90ff40, 0x000002ae6c913bd0]
Event: 27.275 Thread 0x000002ae4135afa0 11884       1       org.apache.maven.model.Site::getId (5 bytes)
Event: 27.275 Thread 0x000002ae4135afa0 nmethod 11884 0x000002ae7333c310 code [0x000002ae7333c4a0, 0x000002ae7333c568]
Event: 27.341 Thread 0x000002ae4135afa0 11887       3       org.apache.maven.model.io.xpp3.MavenXpp3Reader::parseIssueManagement (192 bytes)
Event: 27.344 Thread 0x000002ae4135afa0 nmethod 11887 0x000002ae6c915010 code [0x000002ae6c9153a0, 0x000002ae6c916718]
Event: 27.344 Thread 0x000002ae4135afa0 11888       3       org.codehaus.plexus.util.xml.pull.MXParser::nextImpl (1208 bytes)
Event: 27.347 Thread 0x000002ae489220f0 nmethod 11854 0x000002ae7333c610 code [0x000002ae7333c9c0, 0x000002ae7333e4f0]
Event: 27.353 Thread 0x000002ae489220f0 11886       4       org.apache.maven.repository.internal.ArtifactDescriptorReaderDelegate::convert (205 bytes)
Event: 27.357 Thread 0x000002ae4135afa0 nmethod 11888 0x000002ae6c917010 code [0x000002ae6c917680, 0x000002ae6c91a420]
Event: 27.383 Thread 0x000002ae4135afa0 11889 %     3       org.codehaus.plexus.util.xml.pull.MXParser::nextImpl @ 193 (1208 bytes)
Event: 27.391 Thread 0x000002ae4135afa0 nmethod 11889% 0x000002ae6c91b210 code [0x000002ae6c91b8a0, 0x000002ae6c91e830]

GC Heap History (20 events):
Event: 24.843 GC heap before
{Heap before GC invocations=63 (full 3):
 PSYoungGen      total 12288K, used 12288K [0x00000000d5580000, 0x00000000d6480000, 0x0000000100000000)
  eden space 11776K, 100% used [0x00000000d5580000,0x00000000d6100000,0x00000000d6100000)
  from space 512K, 100% used [0x00000000d6100000,0x00000000d6180000,0x00000000d6180000)
  to   space 1536K, 0% used [0x00000000d6300000,0x00000000d6300000,0x00000000d6480000)
 ParOldGen       total 83456K, used 83155K [0x0000000080000000, 0x0000000085180000, 0x00000000d5580000)
  object space 83456K, 99% used [0x0000000080000000,0x0000000085134e28,0x0000000085180000)
 Metaspace       used 65116K, committed 66496K, reserved 1114112K
  class space    used 6968K, committed 7552K, reserved 1048576K
}
Event: 24.846 GC heap after
{Heap after GC invocations=63 (full 3):
 PSYoungGen      total 13312K, used 1088K [0x00000000d5580000, 0x00000000d6480000, 0x0000000100000000)
  eden space 11776K, 0% used [0x00000000d5580000,0x00000000d5580000,0x00000000d6100000)
  from space 1536K, 70% used [0x00000000d6300000,0x00000000d6410000,0x00000000d6480000)
  to   space 1536K, 0% used [0x00000000d6180000,0x00000000d6180000,0x00000000d6300000)
 ParOldGen       total 83968K, used 83515K [0x0000000080000000, 0x0000000085200000, 0x00000000d5580000)
  object space 83968K, 99% used [0x0000000080000000,0x000000008518ee38,0x0000000085200000)
 Metaspace       used 65116K, committed 66496K, reserved 1114112K
  class space    used 6968K, committed 7552K, reserved 1048576K
}
Event: 24.988 GC heap before
{Heap before GC invocations=64 (full 3):
 PSYoungGen      total 13312K, used 12864K [0x00000000d5580000, 0x00000000d6480000, 0x0000000100000000)
  eden space 11776K, 100% used [0x00000000d5580000,0x00000000d6100000,0x00000000d6100000)
  from space 1536K, 70% used [0x00000000d6300000,0x00000000d6410000,0x00000000d6480000)
  to   space 1536K, 0% used [0x00000000d6180000,0x00000000d6180000,0x00000000d6300000)
 ParOldGen       total 83968K, used 83515K [0x0000000080000000, 0x0000000085200000, 0x00000000d5580000)
  object space 83968K, 99% used [0x0000000080000000,0x000000008518ee38,0x0000000085200000)
 Metaspace       used 65131K, committed 66496K, reserved 1114112K
  class space    used 6968K, committed 7552K, reserved 1048576K
}
Event: 24.992 GC heap after
{Heap after GC invocations=64 (full 3):
 PSYoungGen      total 13312K, used 1408K [0x00000000d5580000, 0x00000000d6400000, 0x0000000100000000)
  eden space 11776K, 0% used [0x00000000d5580000,0x00000000d5580000,0x00000000d6100000)
  from space 1536K, 91% used [0x00000000d6180000,0x00000000d62e0020,0x00000000d6300000)
  to   space 1024K, 0% used [0x00000000d6300000,0x00000000d6300000,0x00000000d6400000)
 ParOldGen       total 84480K, used 84187K [0x0000000080000000, 0x0000000085280000, 0x00000000d5580000)
  object space 84480K, 99% used [0x0000000080000000,0x0000000085236e38,0x0000000085280000)
 Metaspace       used 65131K, committed 66496K, reserved 1114112K
  class space    used 6968K, committed 7552K, reserved 1048576K
}
Event: 25.180 GC heap before
{Heap before GC invocations=65 (full 3):
 PSYoungGen      total 13312K, used 13184K [0x00000000d5580000, 0x00000000d6400000, 0x0000000100000000)
  eden space 11776K, 100% used [0x00000000d5580000,0x00000000d6100000,0x00000000d6100000)
  from space 1536K, 91% used [0x00000000d6180000,0x00000000d62e0020,0x00000000d6300000)
  to   space 1024K, 0% used [0x00000000d6300000,0x00000000d6300000,0x00000000d6400000)
 ParOldGen       total 84480K, used 84187K [0x0000000080000000, 0x0000000085280000, 0x00000000d5580000)
  object space 84480K, 99% used [0x0000000080000000,0x0000000085236e38,0x0000000085280000)
 Metaspace       used 65190K, committed 66560K, reserved 1114112K
  class space    used 6968K, committed 7552K, reserved 1048576K
}
Event: 25.183 GC heap after
{Heap after GC invocations=65 (full 3):
 PSYoungGen      total 12800K, used 960K [0x00000000d5580000, 0x00000000d6400000, 0x0000000100000000)
  eden space 11776K, 0% used [0x00000000d5580000,0x00000000d5580000,0x00000000d6100000)
  from space 1024K, 93% used [0x00000000d6300000,0x00000000d63f0000,0x00000000d6400000)
  to   space 1536K, 0% used [0x00000000d6100000,0x00000000d6100000,0x00000000d6280000)
 ParOldGen       total 84992K, used 84939K [0x0000000080000000, 0x0000000085300000, 0x00000000d5580000)
  object space 84992K, 99% used [0x0000000080000000,0x00000000852f2e38,0x0000000085300000)
 Metaspace       used 65190K, committed 66560K, reserved 1114112K
  class space    used 6968K, committed 7552K, reserved 1048576K
}
Event: 25.324 GC heap before
{Heap before GC invocations=66 (full 3):
 PSYoungGen      total 12800K, used 12735K [0x00000000d5580000, 0x00000000d6400000, 0x0000000100000000)
  eden space 11776K, 99% used [0x00000000d5580000,0x00000000d60ffff8,0x00000000d6100000)
  from space 1024K, 93% used [0x00000000d6300000,0x00000000d63f0000,0x00000000d6400000)
  to   space 1536K, 0% used [0x00000000d6100000,0x00000000d6100000,0x00000000d6280000)
 ParOldGen       total 84992K, used 84939K [0x0000000080000000, 0x0000000085300000, 0x00000000d5580000)
  object space 84992K, 99% used [0x0000000080000000,0x00000000852f2e38,0x0000000085300000)
 Metaspace       used 65245K, committed 66560K, reserved 1114112K
  class space    used 6968K, committed 7552K, reserved 1048576K
}
Event: 25.328 GC heap after
{Heap after GC invocations=66 (full 3):
 PSYoungGen      total 13312K, used 864K [0x00000000d5580000, 0x00000000d6380000, 0x0000000100000000)
  eden space 11776K, 0% used [0x00000000d5580000,0x00000000d5580000,0x00000000d6100000)
  from space 1536K, 56% used [0x00000000d6100000,0x00000000d61d8000,0x00000000d6280000)
  to   space 1024K, 0% used [0x00000000d6280000,0x00000000d6280000,0x00000000d6380000)
 ParOldGen       total 86016K, used 85667K [0x0000000080000000, 0x0000000085400000, 0x00000000d5580000)
  object space 86016K, 99% used [0x0000000080000000,0x00000000853a8e38,0x0000000085400000)
 Metaspace       used 65245K, committed 66560K, reserved 1114112K
  class space    used 6968K, committed 7552K, reserved 1048576K
}
Event: 25.596 GC heap before
{Heap before GC invocations=67 (full 3):
 PSYoungGen      total 13312K, used 12640K [0x00000000d5580000, 0x00000000d6380000, 0x0000000100000000)
  eden space 11776K, 100% used [0x00000000d5580000,0x00000000d6100000,0x00000000d6100000)
  from space 1536K, 56% used [0x00000000d6100000,0x00000000d61d8000,0x00000000d6280000)
  to   space 1024K, 0% used [0x00000000d6280000,0x00000000d6280000,0x00000000d6380000)
 ParOldGen       total 86016K, used 85667K [0x0000000080000000, 0x0000000085400000, 0x00000000d5580000)
  object space 86016K, 99% used [0x0000000080000000,0x00000000853a8e38,0x0000000085400000)
 Metaspace       used 65279K, committed 66624K, reserved 1114112K
  class space    used 6968K, committed 7552K, reserved 1048576K
}
Event: 25.602 GC heap after
{Heap after GC invocations=67 (full 3):
 PSYoungGen      total 12288K, used 1024K [0x00000000d5580000, 0x00000000d6500000, 0x0000000100000000)
  eden space 11264K, 0% used [0x00000000d5580000,0x00000000d5580000,0x00000000d6080000)
  from space 1024K, 100% used [0x00000000d6280000,0x00000000d6380000,0x00000000d6380000)
  to   space 2048K, 0% used [0x00000000d6080000,0x00000000d6080000,0x00000000d6280000)
 ParOldGen       total 86528K, used 86499K [0x0000000080000000, 0x0000000085480000, 0x00000000d5580000)
  object space 86528K, 99% used [0x0000000080000000,0x0000000085478e38,0x0000000085480000)
 Metaspace       used 65279K, committed 66624K, reserved 1114112K
  class space    used 6968K, committed 7552K, reserved 1048576K
}
Event: 25.704 GC heap before
{Heap before GC invocations=68 (full 3):
 PSYoungGen      total 12288K, used 12288K [0x00000000d5580000, 0x00000000d6500000, 0x0000000100000000)
  eden space 11264K, 100% used [0x00000000d5580000,0x00000000d6080000,0x00000000d6080000)
  from space 1024K, 100% used [0x00000000d6280000,0x00000000d6380000,0x00000000d6380000)
  to   space 2048K, 0% used [0x00000000d6080000,0x00000000d6080000,0x00000000d6280000)
 ParOldGen       total 86528K, used 86499K [0x0000000080000000, 0x0000000085480000, 0x00000000d5580000)
  object space 86528K, 99% used [0x0000000080000000,0x0000000085478e38,0x0000000085480000)
 Metaspace       used 65308K, committed 66624K, reserved 1114112K
  class space    used 6968K, committed 7552K, reserved 1048576K
}
Event: 25.709 GC heap after
{Heap after GC invocations=68 (full 3):
 PSYoungGen      total 12288K, used 896K [0x00000000d5580000, 0x00000000d6380000, 0x0000000100000000)
  eden space 11264K, 0% used [0x00000000d5580000,0x00000000d5580000,0x00000000d6080000)
  from space 1024K, 87% used [0x00000000d6080000,0x00000000d6160000,0x00000000d6180000)
  to   space 1536K, 0% used [0x00000000d6200000,0x00000000d6200000,0x00000000d6380000)
 ParOldGen       total 87552K, used 87203K [0x0000000080000000, 0x0000000085580000, 0x00000000d5580000)
  object space 87552K, 99% used [0x0000000080000000,0x0000000085528e38,0x0000000085580000)
 Metaspace       used 65308K, committed 66624K, reserved 1114112K
  class space    used 6968K, committed 7552K, reserved 1048576K
}
Event: 25.798 GC heap before
{Heap before GC invocations=69 (full 3):
 PSYoungGen      total 12288K, used 12160K [0x00000000d5580000, 0x00000000d6380000, 0x0000000100000000)
  eden space 11264K, 100% used [0x00000000d5580000,0x00000000d6080000,0x00000000d6080000)
  from space 1024K, 87% used [0x00000000d6080000,0x00000000d6160000,0x00000000d6180000)
  to   space 1536K, 0% used [0x00000000d6200000,0x00000000d6200000,0x00000000d6380000)
 ParOldGen       total 87552K, used 87203K [0x0000000080000000, 0x0000000085580000, 0x00000000d5580000)
  object space 87552K, 99% used [0x0000000080000000,0x0000000085528e38,0x0000000085580000)
 Metaspace       used 65335K, committed 66688K, reserved 1114112K
  class space    used 6968K, committed 7552K, reserved 1048576K
}
Event: 25.803 GC heap after
{Heap after GC invocations=69 (full 3):
 PSYoungGen      total 11776K, used 1504K [0x00000000d5580000, 0x00000000d6580000, 0x0000000100000000)
  eden space 10240K, 0% used [0x00000000d5580000,0x00000000d5580000,0x00000000d5f80000)
  from space 1536K, 97% used [0x00000000d6200000,0x00000000d6378020,0x00000000d6380000)
  to   space 2560K, 0% used [0x00000000d5f80000,0x00000000d5f80000,0x00000000d6200000)
 ParOldGen       total 88064K, used 87747K [0x0000000080000000, 0x0000000085600000, 0x00000000d5580000)
  object space 88064K, 99% used [0x0000000080000000,0x00000000855b0e38,0x0000000085600000)
 Metaspace       used 65335K, committed 66688K, reserved 1114112K
  class space    used 6968K, committed 7552K, reserved 1048576K
}
Event: 25.867 GC heap before
{Heap before GC invocations=70 (full 3):
 PSYoungGen      total 11776K, used 11744K [0x00000000d5580000, 0x00000000d6580000, 0x0000000100000000)
  eden space 10240K, 100% used [0x00000000d5580000,0x00000000d5f80000,0x00000000d5f80000)
  from space 1536K, 97% used [0x00000000d6200000,0x00000000d6378020,0x00000000d6380000)
  to   space 2560K, 0% used [0x00000000d5f80000,0x00000000d5f80000,0x00000000d6200000)
 ParOldGen       total 88064K, used 87747K [0x0000000080000000, 0x0000000085600000, 0x00000000d5580000)
  object space 88064K, 99% used [0x0000000080000000,0x00000000855b0e38,0x0000000085600000)
 Metaspace       used 65350K, committed 66752K, reserved 1114112K
  class space    used 6968K, committed 7552K, reserved 1048576K
}
Event: 25.870 GC heap after
{Heap after GC invocations=70 (full 3):
 PSYoungGen      total 10752K, used 448K [0x00000000d5580000, 0x00000000d6280000, 0x0000000100000000)
  eden space 10240K, 0% used [0x00000000d5580000,0x00000000d5580000,0x00000000d5f80000)
  from space 512K, 87% used [0x00000000d5f80000,0x00000000d5ff0000,0x00000000d6000000)
  to   space 1536K, 0% used [0x00000000d6100000,0x00000000d6100000,0x00000000d6280000)
 ParOldGen       total 88064K, used 87939K [0x0000000080000000, 0x0000000085600000, 0x00000000d5580000)
  object space 88064K, 99% used [0x0000000080000000,0x00000000855e0e38,0x0000000085600000)
 Metaspace       used 65350K, committed 66752K, reserved 1114112K
  class space    used 6968K, committed 7552K, reserved 1048576K
}
Event: 26.975 GC heap before
{Heap before GC invocations=71 (full 3):
 PSYoungGen      total 10752K, used 10687K [0x00000000d5580000, 0x00000000d6280000, 0x0000000100000000)
  eden space 10240K, 99% used [0x00000000d5580000,0x00000000d5f7ffe8,0x00000000d5f80000)
  from space 512K, 87% used [0x00000000d5f80000,0x00000000d5ff0000,0x00000000d6000000)
  to   space 1536K, 0% used [0x00000000d6100000,0x00000000d6100000,0x00000000d6280000)
 ParOldGen       total 88064K, used 87939K [0x0000000080000000, 0x0000000085600000, 0x00000000d5580000)
  object space 88064K, 99% used [0x0000000080000000,0x00000000855e0e38,0x0000000085600000)
 Metaspace       used 65769K, committed 67136K, reserved 1114112K
  class space    used 7009K, committed 7616K, reserved 1048576K
}
Event: 26.982 GC heap after
{Heap after GC invocations=71 (full 3):
 PSYoungGen      total 10752K, used 416K [0x00000000d5580000, 0x00000000d6180000, 0x0000000100000000)
  eden space 10240K, 0% used [0x00000000d5580000,0x00000000d5580000,0x00000000d5f80000)
  from space 512K, 81% used [0x00000000d6100000,0x00000000d6168000,0x00000000d6180000)
  to   space 1024K, 0% used [0x00000000d5f80000,0x00000000d5f80000,0x00000000d6080000)
 ParOldGen       total 88576K, used 88147K [0x0000000080000000, 0x0000000085680000, 0x00000000d5580000)
  object space 88576K, 99% used [0x0000000080000000,0x0000000085614e38,0x0000000085680000)
 Metaspace       used 65769K, committed 67136K, reserved 1114112K
  class space    used 7009K, committed 7616K, reserved 1048576K
}
Event: 27.337 GC heap before
{Heap before GC invocations=72 (full 3):
 PSYoungGen      total 10752K, used 10656K [0x00000000d5580000, 0x00000000d6180000, 0x0000000100000000)
  eden space 10240K, 100% used [0x00000000d5580000,0x00000000d5f80000,0x00000000d5f80000)
  from space 512K, 81% used [0x00000000d6100000,0x00000000d6168000,0x00000000d6180000)
  to   space 1024K, 0% used [0x00000000d5f80000,0x00000000d5f80000,0x00000000d6080000)
 ParOldGen       total 88576K, used 88147K [0x0000000080000000, 0x0000000085680000, 0x00000000d5580000)
  object space 88576K, 99% used [0x0000000080000000,0x0000000085614e38,0x0000000085680000)
 Metaspace       used 66128K, committed 67520K, reserved 1114112K
  class space    used 7072K, committed 7680K, reserved 1048576K
}
Event: 27.340 GC heap after
{Heap after GC invocations=72 (full 3):
 PSYoungGen      total 11264K, used 1024K [0x00000000d5580000, 0x00000000d6380000, 0x0000000100000000)
  eden space 10240K, 0% used [0x00000000d5580000,0x00000000d5580000,0x00000000d5f80000)
  from space 1024K, 100% used [0x00000000d5f80000,0x00000000d6080000,0x00000000d6080000)
  to   space 2048K, 0% used [0x00000000d6180000,0x00000000d6180000,0x00000000d6380000)
 ParOldGen       total 89088K, used 88603K [0x0000000080000000, 0x0000000085700000, 0x00000000d5580000)
  object space 89088K, 99% used [0x0000000080000000,0x0000000085686e38,0x0000000085700000)
 Metaspace       used 66128K, committed 67520K, reserved 1114112K
  class space    used 7072K, committed 7680K, reserved 1048576K
}

Dll operation events (12 events):
Event: 0.019 Loaded shared library c:\Users\PCWORLD\.vscode\extensions\redhat.java-1.53.0-win32-x64\jre\21.0.10-win32-x86_64\bin\java.dll
Event: 0.227 Loaded shared library c:\Users\PCWORLD\.vscode\extensions\redhat.java-1.53.0-win32-x64\jre\21.0.10-win32-x86_64\bin\zip.dll
Event: 0.273 Loaded shared library C:\Users\PCWORLD\.vscode\extensions\redhat.java-1.53.0-win32-x64\jre\21.0.10-win32-x86_64\bin\instrument.dll
Event: 0.290 Loaded shared library C:\Users\PCWORLD\.vscode\extensions\redhat.java-1.53.0-win32-x64\jre\21.0.10-win32-x86_64\bin\net.dll
Event: 0.293 Loaded shared library C:\Users\PCWORLD\.vscode\extensions\redhat.java-1.53.0-win32-x64\jre\21.0.10-win32-x86_64\bin\nio.dll
Event: 0.332 Loaded shared library C:\Users\PCWORLD\.vscode\extensions\redhat.java-1.53.0-win32-x64\jre\21.0.10-win32-x86_64\bin\zip.dll
Event: 0.408 Loaded shared library C:\Users\PCWORLD\.vscode\extensions\redhat.java-1.53.0-win32-x64\jre\21.0.10-win32-x86_64\bin\jimage.dll
Event: 0.584 Loaded shared library c:\Users\PCWORLD\.vscode\extensions\redhat.java-1.53.0-win32-x64\jre\21.0.10-win32-x86_64\bin\verify.dll
Event: 3.195 Loaded shared library C:\Users\PCWORLD\AppData\Roaming\Code\User\globalStorage\redhat.java\1.53.0\config_win\org.eclipse.equinox.launcher\org.eclipse.equinox.launcher.win32.win32.x86_64_1.3.0.v20260203-2149\eclipse_11919.dll
Event: 6.477 Loaded shared library C:\Users\PCWORLD\AppData\Local\Temp\jna--13215393\jna16619907887438861076.dll
Event: 12.325 Loaded shared library C:\Users\PCWORLD\.vscode\extensions\redhat.java-1.53.0-win32-x64\jre\21.0.10-win32-x86_64\bin\sunmscapi.dll
Event: 12.545 Loaded shared library C:\Users\PCWORLD\.vscode\extensions\redhat.java-1.53.0-win32-x64\jre\21.0.10-win32-x86_64\bin\extnet.dll

Deoptimization events (20 events):
Event: 27.009 Thread 0x000002ae41e60f90 DEOPT PACKING pc=0x000002ae732b76ac sp=0x000000c3824fd8e0
Event: 27.009 Thread 0x000002ae41e60f90 DEOPT UNPACKING pc=0x000002ae72703aa2 sp=0x000000c3824fd8c0 mode 2
Event: 27.020 Thread 0x000002ae41e60f90 Uncommon trap: trap_request=0xffffff45 fr.pc=0x000002ae732bdd90 relative=0x00000000000033b0
Event: 27.020 Thread 0x000002ae41e60f90 Uncommon trap: reason=unstable_if action=reinterpret pc=0x000002ae732bdd90 method=org.codehaus.plexus.util.xml.Xpp3DomBuilder.build(Lorg/codehaus/plexus/util/xml/pull/XmlPullParser;ZLorg/codehaus/plexus/util/xml/Xpp3DomBuilder$InputLocationBuilder;)Lorg/c
Event: 27.020 Thread 0x000002ae41e60f90 DEOPT PACKING pc=0x000002ae732bdd90 sp=0x000000c3824fd5c0
Event: 27.020 Thread 0x000002ae41e60f90 DEOPT UNPACKING pc=0x000002ae72703aa2 sp=0x000000c3824fd5c0 mode 2
Event: 27.111 Thread 0x000002ae41e60f90 Uncommon trap: trap_request=0xffffff45 fr.pc=0x000002ae732d1da8 relative=0x0000000000000248
Event: 27.111 Thread 0x000002ae41e60f90 Uncommon trap: reason=unstable_if action=reinterpret pc=0x000002ae732d1da8 method=org.apache.maven.model.interpolation.StringVisitorModelInterpolator$ModelVisitor.visit(Ljava/util/List;)V @ 40 c2
Event: 27.111 Thread 0x000002ae41e60f90 DEOPT PACKING pc=0x000002ae732d1da8 sp=0x000000c3824fd0e0
Event: 27.111 Thread 0x000002ae41e60f90 DEOPT UNPACKING pc=0x000002ae72703aa2 sp=0x000000c3824fd080 mode 2
Event: 27.256 Thread 0x000002ae41e60f90 DEOPT PACKING pc=0x000002ae6bfa46de sp=0x000000c3824fda00
Event: 27.256 Thread 0x000002ae41e60f90 DEOPT UNPACKING pc=0x000002ae72704242 sp=0x000000c3824fcf00 mode 0
Event: 27.266 Thread 0x000002ae41e60f90 Uncommon trap: trap_request=0xffffff45 fr.pc=0x000002ae7324495c relative=0x000000000000069c
Event: 27.266 Thread 0x000002ae41e60f90 Uncommon trap: reason=unstable_if action=reinterpret pc=0x000002ae7324495c method=org.eclipse.aether.graph.Dependency$Exclusions.copy(Ljava/util/Collection;)Ljava/util/Set; @ 1 c2
Event: 27.266 Thread 0x000002ae41e60f90 DEOPT PACKING pc=0x000002ae7324495c sp=0x000000c3824fd430
Event: 27.266 Thread 0x000002ae41e60f90 DEOPT UNPACKING pc=0x000002ae72703aa2 sp=0x000000c3824fd3b8 mode 2
Event: 27.341 Thread 0x000002ae4dcf1b30 Uncommon trap: trap_request=0xffffff45 fr.pc=0x000002ae7328c35c relative=0x0000000000000ffc
Event: 27.341 Thread 0x000002ae4dcf1b30 Uncommon trap: reason=unstable_if action=reinterpret pc=0x000002ae7328c35c method=org.codehaus.plexus.util.xml.pull.MXParser.nextImpl()I @ 1122 c2
Event: 27.341 Thread 0x000002ae4dcf1b30 DEOPT PACKING pc=0x000002ae7328c35c sp=0x000000c3856fdff0
Event: 27.341 Thread 0x000002ae4dcf1b30 DEOPT UNPACKING pc=0x000002ae72703aa2 sp=0x000000c3856fdf68 mode 2

Classes loaded (20 events):
Event: 23.525 Loading class java/util/concurrent/CompletableFuture$AltResult
Event: 23.525 Loading class java/util/concurrent/CompletableFuture$AltResult done
Event: 23.525 Loading class java/util/concurrent/CompletableFuture$Completion
Event: 23.525 Loading class java/util/concurrent/CompletableFuture$AsynchronousCompletionTask
Event: 23.526 Loading class java/util/concurrent/CompletableFuture$AsynchronousCompletionTask done
Event: 23.526 Loading class java/util/concurrent/CompletableFuture$Completion done
Event: 24.224 Loading class sun/security/ssl/Alert
Event: 24.226 Loading class sun/security/ssl/Alert done
Event: 24.227 Loading class sun/security/ssl/Alert$AlertConsumer
Event: 24.228 Loading class sun/security/ssl/Alert$AlertConsumer done
Event: 24.228 Loading class sun/security/ssl/Alert$Level
Event: 24.228 Loading class sun/security/ssl/Alert$Level done
Event: 24.805 Loading class sun/nio/cs/ISO_8859_1$Decoder
Event: 24.805 Loading class sun/nio/cs/ISO_8859_1$Decoder done
Event: 26.835 Loading class java/util/stream/DistinctOps
Event: 26.836 Loading class java/util/stream/DistinctOps done
Event: 26.836 Loading class java/util/stream/DistinctOps$1
Event: 26.837 Loading class java/util/stream/DistinctOps$1 done
Event: 26.840 Loading class java/util/stream/DistinctOps$1$2
Event: 26.841 Loading class java/util/stream/DistinctOps$1$2 done

Classes unloaded (7 events):
Event: 8.288 Thread 0x000002ae7e9d2510 Unloading class 0x000002ae011ab000 'java/lang/invoke/LambdaForm$MH+0x000002ae011ab000'
Event: 8.288 Thread 0x000002ae7e9d2510 Unloading class 0x000002ae011aac00 'java/lang/invoke/LambdaForm$MH+0x000002ae011aac00'
Event: 8.288 Thread 0x000002ae7e9d2510 Unloading class 0x000002ae011aa800 'java/lang/invoke/LambdaForm$MH+0x000002ae011aa800'
Event: 8.288 Thread 0x000002ae7e9d2510 Unloading class 0x000002ae011aa400 'java/lang/invoke/LambdaForm$MH+0x000002ae011aa400'
Event: 8.288 Thread 0x000002ae7e9d2510 Unloading class 0x000002ae011aa000 'java/lang/invoke/LambdaForm$BMH+0x000002ae011aa000'
Event: 8.288 Thread 0x000002ae7e9d2510 Unloading class 0x000002ae011a9c00 'java/lang/invoke/LambdaForm$DMH+0x000002ae011a9c00'
Event: 8.288 Thread 0x000002ae7e9d2510 Unloading class 0x000002ae011a8800 'java/lang/invoke/LambdaForm$DMH+0x000002ae011a8800'

Classes redefined (0 events):
No events

Internal exceptions (20 events):
Event: 20.484 Thread 0x000002ae41e60f90 Exception <a 'sun/nio/fs/WindowsException'{0x00000000d5689e70}> (0x00000000d5689e70) 
thrown [s\src\hotspot\share\prims\jni.cpp, line 520]
Event: 20.484 Thread 0x000002ae41e60f90 Exception <a 'sun/nio/fs/WindowsException'{0x00000000d568a6f0}> (0x00000000d568a6f0) 
thrown [s\src\hotspot\share\prims\jni.cpp, line 520]
Event: 20.487 Thread 0x000002ae41e60f90 Exception <a 'sun/nio/fs/WindowsException'{0x00000000d568b5f0}> (0x00000000d568b5f0) 
thrown [s\src\hotspot\share\prims\jni.cpp, line 520]
Event: 20.487 Thread 0x000002ae41e60f90 Exception <a 'sun/nio/fs/WindowsException'{0x00000000d568be70}> (0x00000000d568be70) 
thrown [s\src\hotspot\share\prims\jni.cpp, line 520]
Event: 21.132 Thread 0x000002ae41e60f90 Exception <a 'java/lang/NoSuchMethodError'{0x00000000d60e5e08}: 'void java.lang.invoke.DirectMethodHandle$Holder.invokeStatic(java.lang.Object, java.lang.Object, java.lang.Object, int)'> (0x00000000d60e5e08) 
thrown [s\src\hotspot\share\interpreter\linkResolver.cpp, line 773]
Event: 21.186 Thread 0x000002ae41e60f90 Exception <a 'java/lang/NoSuchMethodError'{0x00000000d55b5a08}: 'void java.lang.invoke.DirectMethodHandle$Holder.invokeVirtual(java.lang.Object, java.lang.Object, int)'> (0x00000000d55b5a08) 
thrown [s\src\hotspot\share\interpreter\linkResolver.cpp, line 773]
Event: 22.806 Thread 0x000002ae41e60f90 Exception <a 'java/lang/NoSuchMethodError'{0x00000000d6014b88}: 'void java.lang.invoke.DirectMethodHandle$Holder.invokeInterface(java.lang.Object, java.lang.Object)'> (0x00000000d6014b88) 
thrown [s\src\hotspot\share\interpreter\linkResolver.cpp, line 773]
Event: 23.027 Thread 0x000002ae466b5520 Implicit null exception at 0x000002ae731ee8f3 to 0x000002ae731eecec
Event: 23.129 Thread 0x000002ae490f6ed0 Exception <a 'java/io/FileNotFoundException'{0x00000000d562f128}> (0x00000000d562f128) 
thrown [s\src\hotspot\share\prims\jni.cpp, line 520]
Event: 24.116 Thread 0x000002ae490f6ed0 Exception <a 'java/lang/IncompatibleClassChangeError'{0x00000000d5aeda28}: Found class java.lang.Object, but interface was expected> (0x00000000d5aeda28) 
thrown [s\src\hotspot\share\interpreter\linkResolver.cpp, line 840]
Event: 26.788 Thread 0x000002ae41e60f90 Implicit null exception at 0x000002ae7327f2f1 to 0x000002ae7327f810
Event: 26.847 Thread 0x000002ae41e60f90 Exception <a 'java/lang/NoSuchMethodError'{0x00000000d5d30c38}: 'java.lang.Object java.lang.invoke.DirectMethodHandle$Holder.newInvokeSpecial(java.lang.Object, java.lang.Object, int, java.lang.Object, java.lang.Object)'> (0x00000000d5d30c38) 
thrown [s\src\hotspot\share\interpreter\linkResolver.cpp, line 773]
Event: 26.864 Thread 0x000002ae41e60f90 Exception <a 'java/lang/NoSuchMethodError'{0x00000000d5d5e048}: 'java.lang.Object java.lang.invoke.DirectMethodHandle$Holder.invokeSpecial(java.lang.Object, java.lang.Object, java.lang.Object, int, java.lang.Object, java.lang.Object, java.lang.Object)'> (0x00000000d5d5e048) 
thrown [s\src\hotspot\share\interpreter\linkResolver.cpp, line 773]
Event: 26.926 Thread 0x000002ae41e60f90 Exception <a 'java/lang/NoSuchMethodError'{0x00000000d5f146c8}: 'java.lang.Object java.lang.invoke.DirectMethodHandle$Holder.newInvokeSpecial(java.lang.Object, java.lang.Object, int)'> (0x00000000d5f146c8) 
thrown [s\src\hotspot\share\interpreter\linkResolver.cpp, line 773]
Event: 26.992 Thread 0x000002ae41e60f90 Exception <a 'java/lang/NoSuchMethodError'{0x00000000d559e0d8}: 'void java.lang.invoke.DirectMethodHandle$Holder.invokeStatic(java.lang.Object, int)'> (0x00000000d559e0d8) 
thrown [s\src\hotspot\share\interpreter\linkResolver.cpp, line 773]
Event: 27.190 Thread 0x000002ae41e60f90 Exception <a 'java/io/FileNotFoundException'{0x00000000d5c91908}> (0x00000000d5c91908) 
thrown [s\src\hotspot\share\prims\jni.cpp, line 520]
Event: 27.190 Thread 0x000002ae41e60f90 Exception <a 'java/io/FileNotFoundException'{0x00000000d5c92bb0}> (0x00000000d5c92bb0) 
thrown [s\src\hotspot\share\prims\jni.cpp, line 520]
Event: 27.190 Thread 0x000002ae41e60f90 Exception <a 'java/io/FileNotFoundException'{0x00000000d5c93bb8}> (0x00000000d5c93bb8) 
thrown [s\src\hotspot\share\prims\jni.cpp, line 520]
Event: 27.204 Thread 0x000002ae41e60f90 Exception <a 'java/lang/NoSuchMethodError'{0x00000000d5cea950}: 'int java.lang.invoke.DirectMethodHandle$Holder.invokeSpecialIFC(java.lang.Object, java.lang.Object, java.lang.Object, java.lang.Object)'> (0x00000000d5cea950) 
thrown [s\src\hotspot\share\interpreter\linkResolver.cpp, line 773]
Event: 27.266 Thread 0x000002ae41e60f90 Implicit null exception at 0x000002ae73244315 to 0x000002ae7324493c

ZGC Phase Switch (0 events):
No events

VM Operations (20 events):
Event: 24.979 Executing safepoint VM operation: ParallelGCFailedAllocation (Allocation Failure)
Event: 24.992 Executing safepoint VM operation: ParallelGCFailedAllocation (Allocation Failure) done
Event: 25.180 Executing safepoint VM operation: ParallelGCFailedAllocation (Allocation Failure)
Event: 25.183 Executing safepoint VM operation: ParallelGCFailedAllocation (Allocation Failure) done
Event: 25.324 Executing safepoint VM operation: ParallelGCFailedAllocation (Allocation Failure)
Event: 25.328 Executing safepoint VM operation: ParallelGCFailedAllocation (Allocation Failure) done
Event: 25.596 Executing safepoint VM operation: ParallelGCFailedAllocation (Allocation Failure)
Event: 25.602 Executing safepoint VM operation: ParallelGCFailedAllocation (Allocation Failure) done
Event: 25.704 Executing safepoint VM operation: ParallelGCFailedAllocation (Allocation Failure)
Event: 25.709 Executing safepoint VM operation: ParallelGCFailedAllocation (Allocation Failure) done
Event: 25.777 Executing safepoint VM operation: ParallelGCFailedAllocation (Allocation Failure)
Event: 25.803 Executing safepoint VM operation: ParallelGCFailedAllocation (Allocation Failure) done
Event: 25.867 Executing safepoint VM operation: ParallelGCFailedAllocation (Allocation Failure)
Event: 25.870 Executing safepoint VM operation: ParallelGCFailedAllocation (Allocation Failure) done
Event: 26.840 Executing non-safepoint VM operation: HandshakeAllThreads (Deoptimize)
Event: 26.840 Executing non-safepoint VM operation: HandshakeAllThreads (Deoptimize) done
Event: 26.975 Executing safepoint VM operation: ParallelGCFailedAllocation (Allocation Failure)
Event: 26.982 Executing safepoint VM operation: ParallelGCFailedAllocation (Allocation Failure) done
Event: 27.337 Executing safepoint VM operation: ParallelGCFailedAllocation (Allocation Failure)
Event: 27.340 Executing safepoint VM operation: ParallelGCFailedAllocation (Allocation Failure) done

Memory protections (0 events):
No events

Nmethod flushes (20 events):
Event: 18.174 Thread 0x000002ae7e9d2510 flushing  nmethod 0x000002ae6baf0290
Event: 18.174 Thread 0x000002ae7e9d2510 flushing osr nmethod 0x000002ae6baf7e90
Event: 18.174 Thread 0x000002ae7e9d2510 flushing  nmethod 0x000002ae6bb19190
Event: 18.174 Thread 0x000002ae7e9d2510 flushing  nmethod 0x000002ae6bb24290
Event: 18.174 Thread 0x000002ae7e9d2510 flushing  nmethod 0x000002ae6bb2b490
Event: 18.174 Thread 0x000002ae7e9d2510 flushing  nmethod 0x000002ae6bb32590
Event: 18.174 Thread 0x000002ae7e9d2510 flushing  nmethod 0x000002ae6bb3a610
Event: 18.174 Thread 0x000002ae7e9d2510 flushing  nmethod 0x000002ae6bb3d490
Event: 18.174 Thread 0x000002ae7e9d2510 flushing  nmethod 0x000002ae6bb43090
Event: 18.174 Thread 0x000002ae7e9d2510 flushing  nmethod 0x000002ae6bb43410
Event: 18.174 Thread 0x000002ae7e9d2510 flushing  nmethod 0x000002ae6bb43790
Event: 18.174 Thread 0x000002ae7e9d2510 flushing  nmethod 0x000002ae6bb43d90
Event: 18.174 Thread 0x000002ae7e9d2510 flushing  nmethod 0x000002ae6bb75490
Event: 18.174 Thread 0x000002ae7e9d2510 flushing  nmethod 0x000002ae6bb8a090
Event: 18.174 Thread 0x000002ae7e9d2510 flushing  nmethod 0x000002ae6bbae790
Event: 18.174 Thread 0x000002ae7e9d2510 flushing  nmethod 0x000002ae6bbaee90
Event: 18.174 Thread 0x000002ae7e9d2510 flushing  nmethod 0x000002ae6bbafd10
Event: 18.174 Thread 0x000002ae7e9d2510 flushing  nmethod 0x000002ae6bbb1510
Event: 18.174 Thread 0x000002ae7e9d2510 flushing  nmethod 0x000002ae6bbcb210
Event: 18.174 Thread 0x000002ae7e9d2510 flushing  nmethod 0x000002ae6bbe2e10

Events (20 events):
Event: 18.370 Thread 0x000002ae41e60f90 Thread added: 0x000002ae466ae590
Event: 18.881 Thread 0x000002ae41e60f90 Thread added: 0x000002ae466b20a0
Event: 18.900 Thread 0x000002ae41e60f90 Thread added: 0x000002ae466af940
Event: 19.317 Thread 0x000002ae41e60f90 Thread added: 0x000002ae466af2b0
Event: 19.359 Thread 0x000002ae41e60f90 Thread added: 0x000002ae466affd0
Event: 22.858 Thread 0x000002ae41e60f90 Thread added: 0x000002ae466b1380
Event: 22.859 Thread 0x000002ae41e60f90 Thread added: 0x000002ae466b4800
Event: 22.860 Thread 0x000002ae41e60f90 Thread added: 0x000002ae466b4e90
Event: 22.860 Thread 0x000002ae41e60f90 Thread added: 0x000002ae466b5520
Event: 22.860 Thread 0x000002ae41e60f90 Thread added: 0x000002ae41e61cb0
Event: 25.875 Thread 0x000002ae466b4e90 Thread exited: 0x000002ae466b4e90
Event: 25.875 Thread 0x000002ae466b5520 Thread exited: 0x000002ae466b5520
Event: 25.875 Thread 0x000002ae466b1380 Thread exited: 0x000002ae466b1380
Event: 25.875 Thread 0x000002ae41e61cb0 Thread exited: 0x000002ae41e61cb0
Event: 25.876 Thread 0x000002ae466b4800 Thread exited: 0x000002ae466b4800
Event: 27.272 Thread 0x000002ae41e60f90 Thread added: 0x000002ae4dcf0780
Event: 27.272 Thread 0x000002ae41e60f90 Thread added: 0x000002ae4dcf0e10
Event: 27.273 Thread 0x000002ae41e60f90 Thread added: 0x000002ae4dcf21c0
Event: 27.273 Thread 0x000002ae41e60f90 Thread added: 0x000002ae4dcf1b30
Event: 27.273 Thread 0x000002ae41e60f90 Thread added: 0x000002ae4dcf2850


Dynamic libraries:
0x00007ff6330c0000 - 0x00007ff6330ce000 	c:\Users\PCWORLD\.vscode\extensions\redhat.java-1.53.0-win32-x64\jre\21.0.10-win32-x86_64\bin\java.exe
0x00007ffaa7720000 - 0x00007ffaa7929000 	C:\Windows\SYSTEM32\ntdll.dll
0x00007ffaa6610000 - 0x00007ffaa66cd000 	C:\Windows\System32\KERNEL32.DLL
0x00007ffaa4c50000 - 0x00007ffaa4fd4000 	C:\Windows\System32\KERNELBASE.dll
0x00007ffaa50a0000 - 0x00007ffaa51b1000 	C:\Windows\System32\ucrtbase.dll
0x00007ffa90690000 - 0x00007ffa906ae000 	c:\Users\PCWORLD\.vscode\extensions\redhat.java-1.53.0-win32-x64\jre\21.0.10-win32-x86_64\bin\VCRUNTIME140.dll
0x00007ffaa0c00000 - 0x00007ffaa0c18000 	c:\Users\PCWORLD\.vscode\extensions\redhat.java-1.53.0-win32-x64\jre\21.0.10-win32-x86_64\bin\jli.dll
0x00007ffa90860000 - 0x00007ffa90b05000 	C:\Windows\WinSxS\amd64_microsoft.windows.common-controls_6595b64144ccf1df_6.0.22000.120_none_9d947278b86cc467\COMCTL32.dll
0x00007ffaa74c0000 - 0x00007ffaa766d000 	C:\Windows\System32\USER32.dll
0x00007ffaa6330000 - 0x00007ffaa63d3000 	C:\Windows\System32\msvcrt.dll
0x00007ffaa54c0000 - 0x00007ffaa54e6000 	C:\Windows\System32\win32u.dll
0x00007ffaa7360000 - 0x00007ffaa738a000 	C:\Windows\System32\GDI32.dll
0x00007ffaa53a0000 - 0x00007ffaa54be000 	C:\Windows\System32\gdi32full.dll
0x00007ffaa4bb0000 - 0x00007ffaa4c4d000 	C:\Windows\System32\msvcp_win.dll
0x00007ffaa66d0000 - 0x00007ffaa6701000 	C:\Windows\System32\IMM32.DLL
0x00007ffa9b9d0000 - 0x00007ffa9b9dc000 	c:\Users\PCWORLD\.vscode\extensions\redhat.java-1.53.0-win32-x64\jre\21.0.10-win32-x86_64\bin\vcruntime140_1.dll
0x00007ffa77cc0000 - 0x00007ffa77d4d000 	c:\Users\PCWORLD\.vscode\extensions\redhat.java-1.53.0-win32-x64\jre\21.0.10-win32-x86_64\bin\msvcp140.dll
0x00007ffa64cd0000 - 0x00007ffa65a71000 	c:\Users\PCWORLD\.vscode\extensions\redhat.java-1.53.0-win32-x64\jre\21.0.10-win32-x86_64\bin\server\jvm.dll
0x00007ffaa5570000 - 0x00007ffaa561e000 	C:\Windows\System32\ADVAPI32.dll
0x00007ffaa7420000 - 0x00007ffaa74be000 	C:\Windows\System32\sechost.dll
0x00007ffaa6800000 - 0x00007ffaa6921000 	C:\Windows\System32\RPCRT4.dll
0x00007ffaa7670000 - 0x00007ffaa76df000 	C:\Windows\System32\WS2_32.dll
0x00007ffaa49d0000 - 0x00007ffaa4a1d000 	C:\Windows\SYSTEM32\POWRPROF.dll
0x00007ffa9b900000 - 0x00007ffa9b933000 	C:\Windows\SYSTEM32\WINMM.dll
0x00007ffa99640000 - 0x00007ffa9964a000 	C:\Windows\SYSTEM32\VERSION.dll
0x00007ffaa48c0000 - 0x00007ffaa48d3000 	C:\Windows\SYSTEM32\UMPDC.dll
0x00007ffaa3be0000 - 0x00007ffaa3bf8000 	C:\Windows\SYSTEM32\kernel.appcore.dll
0x00007ffa92440000 - 0x00007ffa9244a000 	c:\Users\PCWORLD\.vscode\extensions\redhat.java-1.53.0-win32-x64\jre\21.0.10-win32-x86_64\bin\jimage.dll
0x00007ffaa1d40000 - 0x00007ffaa1f61000 	C:\Windows\SYSTEM32\DBGHELP.DLL
0x00007ffa8d5f0000 - 0x00007ffa8d621000 	C:\Windows\SYSTEM32\dbgcore.DLL
0x00007ffaa54f0000 - 0x00007ffaa556f000 	C:\Windows\System32\bcryptPrimitives.dll
0x00007ffa91330000 - 0x00007ffa9133f000 	c:\Users\PCWORLD\.vscode\extensions\redhat.java-1.53.0-win32-x64\jre\21.0.10-win32-x86_64\bin\instrument.dll
0x00007ffa90000000 - 0x00007ffa90020000 	c:\Users\PCWORLD\.vscode\extensions\redhat.java-1.53.0-win32-x64\jre\21.0.10-win32-x86_64\bin\java.dll
0x00007ffaa6ae0000 - 0x00007ffaa72a5000 	C:\Windows\System32\SHELL32.dll
0x00007ffaa2c40000 - 0x00007ffaa34a2000 	C:\Windows\SYSTEM32\windows.storage.dll
0x00007ffaa5df0000 - 0x00007ffaa6166000 	C:\Windows\System32\combase.dll
0x00007ffaa2ad0000 - 0x00007ffaa2c37000 	C:\Windows\SYSTEM32\wintypes.dll
0x00007ffaa5d00000 - 0x00007ffaa5dea000 	C:\Windows\System32\SHCORE.dll
0x00007ffaa67a0000 - 0x00007ffaa67fd000 	C:\Windows\System32\shlwapi.dll
0x00007ffaa4ae0000 - 0x00007ffaa4b05000 	C:\Windows\SYSTEM32\profapi.dll
0x00007ffa8c600000 - 0x00007ffa8c618000 	c:\Users\PCWORLD\.vscode\extensions\redhat.java-1.53.0-win32-x64\jre\21.0.10-win32-x86_64\bin\zip.dll
0x00007ffa91200000 - 0x00007ffa91210000 	C:\Users\PCWORLD\.vscode\extensions\redhat.java-1.53.0-win32-x64\jre\21.0.10-win32-x86_64\bin\net.dll
0x00007ffa9bfa0000 - 0x00007ffa9c0b4000 	C:\Windows\SYSTEM32\WINHTTP.dll
0x00007ffaa4080000 - 0x00007ffaa40e7000 	C:\Windows\system32\mswsock.dll
0x00007ffa87900000 - 0x00007ffa87916000 	C:\Users\PCWORLD\.vscode\extensions\redhat.java-1.53.0-win32-x64\jre\21.0.10-win32-x86_64\bin\nio.dll
0x00007ffa8caa0000 - 0x00007ffa8cab0000 	c:\Users\PCWORLD\.vscode\extensions\redhat.java-1.53.0-win32-x64\jre\21.0.10-win32-x86_64\bin\verify.dll
0x00007ffa75730000 - 0x00007ffa75775000 	C:\Users\PCWORLD\AppData\Roaming\Code\User\globalStorage\redhat.java\1.53.0\config_win\org.eclipse.equinox.launcher\org.eclipse.equinox.launcher.win32.win32.x86_64_1.3.0.v20260203-2149\eclipse_11919.dll
0x00007ffaa6940000 - 0x00007ffaa6ada000 	C:\Windows\System32\ole32.dll
0x00007ffaa4350000 - 0x00007ffaa4368000 	C:\Windows\SYSTEM32\CRYPTSP.dll
0x00007ffaa3b40000 - 0x00007ffaa3b75000 	C:\Windows\system32\rsaenh.dll
0x00007ffaa4120000 - 0x00007ffaa414c000 	C:\Windows\SYSTEM32\USERENV.dll
0x00007ffaa4500000 - 0x00007ffaa4527000 	C:\Windows\SYSTEM32\bcrypt.dll
0x00007ffaa4270000 - 0x00007ffaa427c000 	C:\Windows\SYSTEM32\CRYPTBASE.dll
0x00007ffaa3740000 - 0x00007ffaa376d000 	C:\Windows\SYSTEM32\IPHLPAPI.DLL
0x00007ffaa5cf0000 - 0x00007ffaa5cf9000 	C:\Windows\System32\NSI.dll
0x00007ffa74420000 - 0x00007ffa74469000 	C:\Users\PCWORLD\AppData\Local\Temp\jna--13215393\jna16619907887438861076.dll
0x00007ffaa6930000 - 0x00007ffaa6938000 	C:\Windows\System32\PSAPI.DLL
0x00007ffa9b940000 - 0x00007ffa9b959000 	C:\Windows\SYSTEM32\dhcpcsvc6.DLL
0x00007ffa9c5a0000 - 0x00007ffa9c5be000 	C:\Windows\SYSTEM32\dhcpcsvc.DLL
0x00007ffaa0b50000 - 0x00007ffaa0b5e000 	C:\Users\PCWORLD\.vscode\extensions\redhat.java-1.53.0-win32-x64\jre\21.0.10-win32-x86_64\bin\sunmscapi.dll
0x00007ffaa5230000 - 0x00007ffaa5392000 	C:\Windows\System32\CRYPT32.dll
0x00007ffaa44d0000 - 0x00007ffaa44f8000 	C:\Windows\SYSTEM32\ncrypt.dll
0x00007ffaa4490000 - 0x00007ffaa44c7000 	C:\Windows\SYSTEM32\NTASN1.dll
0x00007ffaa3770000 - 0x00007ffaa3857000 	C:\Windows\SYSTEM32\DNSAPI.dll
0x00007ffa921e0000 - 0x00007ffa921ea000 	C:\Windows\System32\rasadhlp.dll
0x00007ffa98f50000 - 0x00007ffa98fd1000 	C:\Windows\System32\fwpuclnt.dll
0x00007ffa8d090000 - 0x00007ffa8d099000 	C:\Users\PCWORLD\.vscode\extensions\redhat.java-1.53.0-win32-x64\jre\21.0.10-win32-x86_64\bin\extnet.dll

JVMTI agents:
c:\Users\PCWORLD\.vscode\extensions\redhat.java-1.53.0-win32-x64\lombok\lombok-1.18.39-4050.jar path:c:\Users\PCWORLD\.vscode\extensions\redhat.java-1.53.0-win32-x64\jre\21.0.10-win32-x86_64\bin\instrument.dll, loaded, initialized, instrumentlib options:none

dbghelp: loaded successfully - version: 4.0.5 - missing functions: none
symbol engine: initialized successfully - sym options: 0x614 - pdb path: .;c:\Users\PCWORLD\.vscode\extensions\redhat.java-1.53.0-win32-x64\jre\21.0.10-win32-x86_64\bin;C:\Windows\SYSTEM32;C:\Windows\WinSxS\amd64_microsoft.windows.common-controls_6595b64144ccf1df_6.0.22000.120_none_9d947278b86cc467;c:\Users\PCWORLD\.vscode\extensions\redhat.java-1.53.0-win32-x64\jre\21.0.10-win32-x86_64\bin\server;C:\Users\PCWORLD\AppData\Roaming\Code\User\globalStorage\redhat.java\1.53.0\config_win\org.eclipse.equinox.launcher\org.eclipse.equinox.launcher.win32.win32.x86_64_1.3.0.v20260203-2149;C:\Users\PCWORLD\AppData\Local\Temp\jna--13215393

VM Arguments:
jvm_args: --add-modules=ALL-SYSTEM --add-opens=java.base/java.util=ALL-UNNAMED --add-opens=java.base/java.lang=ALL-UNNAMED --add-opens=java.base/sun.nio.fs=ALL-UNNAMED -Declipse.application=org.eclipse.jdt.ls.core.id1 -Dosgi.bundles.defaultStartLevel=4 -Declipse.product=org.eclipse.jdt.ls.core.product -Djava.import.generatesMetadataFilesAtProjectRoot=false -DDetectVMInstallationsJob.disabled=true -Dfile.encoding=utf8 -XX:+UseParallelGC -XX:GCTimeRatio=4 -XX:AdaptiveSizePolicyWeight=90 -Dsun.zip.disableMemoryMapping=true -Xmx2G -Xms100m -Xlog:disable -javaagent:c:\Users\PCWORLD\.vscode\extensions\redhat.java-1.53.0-win32-x64\lombok\lombok-1.18.39-4050.jar -XX:+HeapDumpOnOutOfMemoryError -XX:HeapDumpPath=c:\Users\PCWORLD\AppData\Roaming\Code\User\workspaceStorage\15d350eac09e9ebb76c56e029fd2021d\redhat.java -Daether.dependencyCollector.impl=bf 
java_command: c:\Users\PCWORLD\.vscode\extensions\redhat.java-1.53.0-win32-x64\server\plugins\org.eclipse.equinox.launcher_1.7.100.v20251111-0406.jar -configuration c:\Users\PCWORLD\AppData\Roaming\Code\User\globalStorage\redhat.java\1.53.0\config_win -data c:\Users\PCWORLD\AppData\Roaming\Code\User\workspaceStorage\15d350eac09e9ebb76c56e029fd2021d\redhat.java\jdt_ws --pipe=\\.\pipe\lsp-75c78a598a9a39ea7181093124edfd21-sock
java_class_path (initial): c:\Users\PCWORLD\.vscode\extensions\redhat.java-1.53.0-win32-x64\server\plugins\org.eclipse.equinox.launcher_1.7.100.v20251111-0406.jar
Launcher Type: SUN_STANDARD

[Global flags]
    uintx AdaptiveSizePolicyWeight                 = 90                                        {product} {command line}
     intx CICompilerCount                          = 4                                         {product} {ergonomic}
    uintx GCTimeRatio                              = 4                                         {product} {command line}
     bool HeapDumpOnOutOfMemoryError               = true                                   {manageable} {command line}
    ccstr HeapDumpPath                             = c:\Users\PCWORLD\AppData\Roaming\Code\User\workspaceStorage\15d350eac09e9ebb76c56e029fd2021d\redhat.java         {manageable} {command line}
   size_t InitialHeapSize                          = 104857600                                 {product} {command line}
   size_t MaxHeapSize                              = 2147483648                                {product} {command line}
   size_t MaxNewSize                               = 715653120                                 {product} {ergonomic}
   size_t MinHeapDeltaBytes                        = 524288                                    {product} {ergonomic}
   size_t MinHeapSize                              = 104857600                                 {product} {command line}
   size_t NewSize                                  = 34603008                                  {product} {ergonomic}
    uintx NonNMethodCodeHeapSize                   = 5839372                                {pd product} {ergonomic}
    uintx NonProfiledCodeHeapSize                  = 122909434                              {pd product} {ergonomic}
   size_t OldSize                                  = 70254592                                  {product} {ergonomic}
    uintx ProfiledCodeHeapSize                     = 122909434                              {pd product} {ergonomic}
    uintx ReservedCodeCacheSize                    = 251658240                              {pd product} {ergonomic}
     bool SegmentedCodeCache                       = true                                      {product} {ergonomic}
   size_t SoftMaxHeapSize                          = 2147483648                             {manageable} {ergonomic}
     bool UseCompressedOops                        = true                           {product lp64_product} {ergonomic}
     bool UseLargePagesIndividualAllocation        = false                                  {pd product} {ergonomic}
     bool UseParallelGC                            = true                                      {product} {command line}

Logging:
Log output configuration:
 #0: stdout all=off uptime,level,tags foldmultilines=false
 #1: stderr all=off uptime,level,tags foldmultilines=false

Release file:
JAVA_VERSION="21.0.10" 
MODULES="java.base java.compiler java.datatransfer java.xml java.prefs java.desktop java.instrument java.logging java.management java.security.sasl java.naming java.rmi java.management.rmi java.net.http java.scripting java.security.jgss java.transaction.xa java.sql java.sql.rowset java.xml.crypto java.se java.smartcardio jdk.accessibility jdk.internal.jvmstat jdk.attach jdk.charsets jdk.internal.opt jdk.zipfs jdk.compiler jdk.crypto.ec jdk.crypto.cryptoki jdk.crypto.mscapi jdk.dynalink jdk.internal.ed jdk.editpad jdk.hotspot.agent jdk.httpserver jdk.internal.le jdk.internal.vm.ci jdk.internal.vm.compiler jdk.internal.vm.compiler.management jdk.jartool jdk.javadoc jdk.jcmd jdk.management jdk.management.agent jdk.jconsole jdk.jdeps jdk.jdwp.agent jdk.jdi jdk.jfr jdk.jshell jdk.jsobject jdk.jstatd jdk.localedata jdk.management.jfr jdk.naming.dns jdk.naming.rmi jdk.net jdk.nio.mapmode jdk.random jdk.sctp jdk.security.auth jdk.security.jgss jdk.unsupported jdk.unsupported.desktop jdk.xml.dom" 

Environment Variables:
PATH=C:\Users\PCWORLD\AppData\Local\Programs\Microsoft VS Code;C:\Program Files\Common Files\Oracle\Java\javapath;C:\Windows\system32;C:\Windows;C:\Windows\System32\Wbem;C:\Windows\System32\WindowsPowerShell\v1.0\;C:\Windows\System32\OpenSSH\;C:\Program Files (x86)\Intel\Intel(R) Management Engine Components\DAL;C:\Program Files\Intel\Intel(R) Management Engine Components\DAL;C:\Program Files\Git\cmd;C:\Program Files\nodejs\;C:\ProgramData\chocolatey\bin;C:\Users\PCWORLD\Downloads\platform-tools-latest-windows\platform-tools;;C:\Program Files\Docker\Docker\resources\bin;E:\program_files\cursor\resources\app\bin;C:\Users\PCWORLD\AppData\Local\Programs\Python\Python313\Scripts\;C:\Users\PCWORLD\AppData\Local\Programs\Python\Python313\;C:\Users\PCWORLD\AppData\Local\Programs\Python\Launcher\;C:\Users\PCWORLD\AppData\Local\Microsoft\WindowsApps;C:\Users\PCWORLD\AppData\Local\Programs\Microsoft VS Code\bin;C:\Users\PCWORLD\AppData\Roaming\npm;E:\program_files\Antigravity\bin
USERNAME=PCWORLD
OS=Windows_NT
PROCESSOR_IDENTIFIER=Intel64 Family 6 Model 142 Stepping 10, GenuineIntel
TMP=C:\Users\PCWORLD\AppData\Local\Temp
TEMP=C:\Users\PCWORLD\AppData\Local\Temp




Periodic native trim disabled

---------------  S Y S T E M  ---------------

OS:
 Windows 11 , 64 bit Build 22000 (10.0.22000.2538)
OS uptime: 0 days 7:09 hours
Hyper-V role detected

CPU: total 8 (initial active 8) (4 cores per cpu, 2 threads per core) family 6 model 142 stepping 10 microcode 0xe0, cx8, cmov, fxsr, ht, mmx, 3dnowpref, sse, sse2, sse3, ssse3, sse4.1, sse4.2, popcnt, lzcnt, tsc, tscinvbit, avx, avx2, aes, erms, clmul, bmi1, bmi2, rtm, adx, fma, vzeroupper, clflush, clflushopt, hv, rdtscp, f16c
Processor Information for the first 8 processors :
  Max Mhz: 2112, Current Mhz: 1910, Mhz Limit: 1900

Memory: 4k page, system-wide physical 8071M (414M free)
TotalPageFile size 28735M (AvailPageFile size 0M)
current process WorkingSet (physical memory assigned to process): 336M, peak: 355M
current process commit charge ("private bytes"): 409M, peak: 428M

vm_info: OpenJDK 64-Bit Server VM (21.0.10+7-LTS) for windows-amd64 JRE (21.0.10+7-LTS), built on 2026-01-20T00:00:00Z by "admin" with MS VC++ 17.12 (VS2022)

END.
