#
# There is insufficient memory for the Java Runtime Environment to continue.
# Native memory allocation (malloc) failed to allocate 577776 bytes. Error detail: Chunk::new
# Possible reasons:
#   The system is out of physical RAM or swap space
#   This process is running with CompressedOops enabled, and the Java Heap may be blocking the growth of the native heap
# Possible solutions:
#   Reduce memory load on the system
#   Increase physical memory or swap space
#   Check if swap backing store is full
#   Decrease Java heap size (-Xmx/-Xms)
#   Decrease number of Java threads
#   Decrease Java thread stack sizes (-Xss)
#   Set larger code cache with -XX:ReservedCodeCacheSize=
#   JVM is running with Unscaled Compressed Oops mode in which the Java heap is
#     placed in the first 4GB address space. The Java Heap base address is the
#     maximum limit for the native heap growth. Please use -XX:HeapBaseMinAddress
#     to set the Java Heap base and to place the Java Heap above 4GB virtual address.
# This output file may be truncated or incomplete.
#
#  Out of Memory Error (arena.cpp:168), pid=6920, tid=14368
#
# JRE version: OpenJDK Runtime Environment Temurin-21.0.10+7 (21.0.10+7) (build 21.0.10+7-LTS)
# Java VM: OpenJDK 64-Bit Server VM Temurin-21.0.10+7 (21.0.10+7-LTS, mixed mode, sharing, tiered, compressed oops, compressed class ptrs, parallel gc, windows-amd64)
# No core dump will be written. Minidumps are not enabled by default on client versions of Windows
#

---------------  S U M M A R Y ------------

Command Line: --add-modules=ALL-SYSTEM --add-opens=java.base/java.util=ALL-UNNAMED --add-opens=java.base/java.lang=ALL-UNNAMED --add-opens=java.base/sun.nio.fs=ALL-UNNAMED -Declipse.application=org.eclipse.jdt.ls.core.id1 -Dosgi.bundles.defaultStartLevel=4 -Declipse.product=org.eclipse.jdt.ls.core.product -Djava.import.generatesMetadataFilesAtProjectRoot=false -DDetectVMInstallationsJob.disabled=true -Dfile.encoding=utf8 -XX:+UseParallelGC -XX:GCTimeRatio=4 -XX:AdaptiveSizePolicyWeight=90 -Dsun.zip.disableMemoryMapping=true -Xmx2G -Xms100m -Xlog:disable -javaagent:c:\Users\PCWORLD\.vscode\extensions\redhat.java-1.53.0-win32-x64\lombok\lombok-1.18.39-4050.jar c:\Users\PCWORLD\.vscode\extensions\redhat.java-1.53.0-win32-x64\server\plugins\org.eclipse.equinox.launcher_1.7.100.v20251111-0406.jar -configuration c:\Users\PCWORLD\AppData\Roaming\Code\User\globalStorage\redhat.java\1.53.0\config_ss_win -data c:\Users\PCWORLD\AppData\Roaming\Code\User\workspaceStorage\15d350eac09e9ebb76c56e029fd2021d\redhat.java\ss_ws --pipe=\\.\pipe\lsp-0ef8f36ee7fb2ffad863c44ca10842b1-sock

Host: Intel(R) Core(TM) i7-8650U CPU @ 1.90GHz, 8 cores, 7G,  Windows 11 , 64 bit Build 22000 (10.0.22000.2538)
Time: Thu Apr  9 01:01:05 2026 Sri Lanka Standard Time elapsed time: 27.790182 seconds (0d 0h 0m 27s)

---------------  T H R E A D  ---------------

Current thread (0x0000023ff86989b0):  JavaThread "C2 CompilerThread1" daemon [_thread_in_native, id=14368, stack(0x00000054ed000000,0x00000054ed100000) (1024K)]


Current CompileTask:
C2:27790 4788   !   4       java.nio.file.FileTreeWalker::next (144 bytes)

Stack: [0x00000054ed000000,0x00000054ed100000]
Native frames: (J=compiled Java code, j=interpreted, Vv=VM code, C=native code)
V  [jvm.dll+0x6d7a39]
V  [jvm.dll+0x8b4b26]
V  [jvm.dll+0x8b70de]
V  [jvm.dll+0x8b77c3]
V  [jvm.dll+0x284346]
V  [jvm.dll+0xc66ed]
V  [jvm.dll+0xc6c31]
V  [jvm.dll+0x3bec01]
V  [jvm.dll+0x38b162]
V  [jvm.dll+0x38a5aa]
V  [jvm.dll+0x24c560]
V  [jvm.dll+0x24bb40]
V  [jvm.dll+0x1cb34e]
V  [jvm.dll+0x25b85d]
V  [jvm.dll+0x259dea]
V  [jvm.dll+0x3f857e]
V  [jvm.dll+0x85f59d]
V  [jvm.dll+0x6d626d]
C  [ucrtbase.dll+0x26c0c]
C  [KERNEL32.DLL+0x153e0]
C  [ntdll.dll+0x485b]


---------------  P R O C E S S  ---------------

Threads class SMR info:
_java_thread_list=0x0000023ff876fcb0, length=37, elements={
0x0000023f994039b0, 0x0000023fafe6d900, 0x0000023fafe6f070, 0x0000023fafe73090,
0x0000023fafe73db0, 0x0000023fafe76a10, 0x0000023fafe7af40, 0x0000023fafe891d0,
0x0000023fafe8c290, 0x0000023fafe7b5d0, 0x0000023fafe7a220, 0x0000023fafe78150,
0x0000023fafe78e70, 0x0000023fafe79500, 0x0000023fafe79b90, 0x0000023ff77b9270,
0x0000023ff77bc6f0, 0x0000023ff77b9900, 0x0000023ff77ba620, 0x0000023ff77b7ec0,
0x0000023ff77bdaa0, 0x0000023ff77bb340, 0x0000023ff77bcd80, 0x0000023ff77be130,
0x0000023ff77be7c0, 0x0000023ff77bb9d0, 0x0000023ff77bf4e0, 0x0000023ff963ef20,
0x0000023ff96402d0, 0x0000023ff963f5b0, 0x0000023ff9641d10, 0x0000023ff9641680,
0x0000023ff9640ff0, 0x0000023ff9644470, 0x0000023ff96430c0, 0x0000023ff9643750,
0x0000023ff86989b0
}

Java Threads: ( => current thread )
  0x0000023f994039b0 JavaThread "main"                              [_thread_blocked, id=7208, stack(0x00000054eb400000,0x00000054eb500000) (1024K)]
  0x0000023fafe6d900 JavaThread "Reference Handler"          daemon [_thread_blocked, id=2680, stack(0x00000054eb800000,0x00000054eb900000) (1024K)]
  0x0000023fafe6f070 JavaThread "Finalizer"                  daemon [_thread_blocked, id=12540, stack(0x00000054eb900000,0x00000054eba00000) (1024K)]
  0x0000023fafe73090 JavaThread "Signal Dispatcher"          daemon [_thread_blocked, id=10544, stack(0x00000054eba00000,0x00000054ebb00000) (1024K)]
  0x0000023fafe73db0 JavaThread "Attach Listener"            daemon [_thread_blocked, id=23100, stack(0x00000054ebb00000,0x00000054ebc00000) (1024K)]
  0x0000023fafe76a10 JavaThread "Service Thread"             daemon [_thread_blocked, id=24996, stack(0x00000054ebc00000,0x00000054ebd00000) (1024K)]
  0x0000023fafe7af40 JavaThread "Monitor Deflation Thread"   daemon [_thread_blocked, id=2244, stack(0x00000054ebd00000,0x00000054ebe00000) (1024K)]
  0x0000023fafe891d0 JavaThread "C2 CompilerThread0"         daemon [_thread_in_native, id=17956, stack(0x00000054ebe00000,0x00000054ebf00000) (1024K)]
  0x0000023fafe8c290 JavaThread "C1 CompilerThread0"         daemon [_thread_blocked, id=23084, stack(0x00000054ebf00000,0x00000054ec000000) (1024K)]
  0x0000023fafe7b5d0 JavaThread "Common-Cleaner"             daemon [_thread_blocked, id=27284, stack(0x00000054ec000000,0x00000054ec100000) (1024K)]
  0x0000023fafe7a220 JavaThread "Notification Thread"        daemon [_thread_blocked, id=22296, stack(0x00000054ec100000,0x00000054ec200000) (1024K)]
  0x0000023fafe78150 JavaThread "Active Thread: Equinox Container: afad6c4c-6abb-4e54-b29b-3913c37a5464"        [_thread_blocked, id=26764, stack(0x00000054ec900000,0x00000054eca00000) (1024K)]
  0x0000023fafe78e70 JavaThread "Framework Event Dispatcher: Equinox Container: afad6c4c-6abb-4e54-b29b-3913c37a5464" daemon [_thread_blocked, id=25880, stack(0x00000054eca00000,0x00000054ecb00000) (1024K)]
  0x0000023fafe79500 JavaThread "Start Level: Equinox Container: afad6c4c-6abb-4e54-b29b-3913c37a5464" daemon [_thread_blocked, id=24988, stack(0x00000054ecb00000,0x00000054ecc00000) (1024K)]
  0x0000023fafe79b90 JavaThread "Refresh Thread: Equinox Container: afad6c4c-6abb-4e54-b29b-3913c37a5464" daemon [_thread_blocked, id=25768, stack(0x00000054ecd00000,0x00000054ece00000) (1024K)]
  0x0000023ff77b9270 JavaThread "SCR Component Actor"        daemon [_thread_blocked, id=20660, stack(0x00000054ec200000,0x00000054ec300000) (1024K)]
  0x0000023ff77bc6f0 JavaThread "Worker-JM"                         [_thread_blocked, id=21980, stack(0x00000054ed700000,0x00000054ed800000) (1024K)]
  0x0000023ff77b9900 JavaThread "JNA Cleaner"                daemon [_thread_blocked, id=10204, stack(0x00000054ed800000,0x00000054ed900000) (1024K)]
  0x0000023ff77ba620 JavaThread "Worker-0"                          [_thread_blocked, id=26388, stack(0x00000054ed900000,0x00000054eda00000) (1024K)]
  0x0000023ff77b7ec0 JavaThread "Worker-1"                          [_thread_blocked, id=25276, stack(0x00000054eda00000,0x00000054edb00000) (1024K)]
  0x0000023ff77bdaa0 JavaThread "Worker-2"                          [_thread_blocked, id=21388, stack(0x00000054edb00000,0x00000054edc00000) (1024K)]
  0x0000023ff77bb340 JavaThread "Thread-1"                   daemon [_thread_in_native, id=11520, stack(0x00000054ede00000,0x00000054edf00000) (1024K)]
  0x0000023ff77bcd80 JavaThread "Thread-2"                   daemon [_thread_in_native, id=14628, stack(0x00000054edf00000,0x00000054ee000000) (1024K)]
  0x0000023ff77be130 JavaThread "Thread-3"                   daemon [_thread_in_native, id=8428, stack(0x00000054ee000000,0x00000054ee100000) (1024K)]
  0x0000023ff77be7c0 JavaThread "Thread-4"                   daemon [_thread_in_native, id=24592, stack(0x00000054ee100000,0x00000054ee200000) (1024K)]
  0x0000023ff77bb9d0 JavaThread "Thread-5"                   daemon [_thread_in_native, id=3156, stack(0x00000054ee200000,0x00000054ee300000) (1024K)]
  0x0000023ff77bf4e0 JavaThread "Thread-6"                   daemon [_thread_in_native, id=24196, stack(0x00000054ee300000,0x00000054ee400000) (1024K)]
  0x0000023ff963ef20 JavaThread "Thread-7"                   daemon [_thread_in_native, id=25724, stack(0x00000054ee400000,0x00000054ee500000) (1024K)]
  0x0000023ff96402d0 JavaThread "Thread-8"                   daemon [_thread_in_native, id=27628, stack(0x00000054ee500000,0x00000054ee600000) (1024K)]
  0x0000023ff963f5b0 JavaThread "Thread-9"                   daemon [_thread_in_native, id=6940, stack(0x00000054ee600000,0x00000054ee700000) (1024K)]
  0x0000023ff9641d10 JavaThread "pool-2-thread-1"                   [_thread_blocked, id=15072, stack(0x00000054ee700000,0x00000054ee800000) (1024K)]
  0x0000023ff9641680 JavaThread "Worker-3"                          [_thread_blocked, id=27236, stack(0x00000054ee800000,0x00000054ee900000) (1024K)]
  0x0000023ff9640ff0 JavaThread "WorkspaceEventsHandler"            [_thread_blocked, id=23292, stack(0x00000054ee900000,0x00000054eea00000) (1024K)]
  0x0000023ff9644470 JavaThread "pool-1-thread-1"                   [_thread_blocked, id=27620, stack(0x00000054eea00000,0x00000054eeb00000) (1024K)]
  0x0000023ff96430c0 JavaThread "ForkJoinPool.commonPool-worker-1" daemon [_thread_blocked, id=25884, stack(0x00000054ece00000,0x00000054ecf00000) (1024K)]
  0x0000023ff9643750 JavaThread "ForkJoinPool.commonPool-worker-2" daemon [_thread_in_Java, id=17588, stack(0x00000054ecf00000,0x00000054ed000000) (1024K)]
=>0x0000023ff86989b0 JavaThread "C2 CompilerThread1"         daemon [_thread_in_native, id=14368, stack(0x00000054ed000000,0x00000054ed100000) (1024K)]
Total: 37

Other Threads:
  0x0000023f994bed00 VMThread "VM Thread"                           [id=21652, stack(0x00000054eb700000,0x00000054eb800000) (1024K)]
  0x0000023fafd9c210 WatcherThread "VM Periodic Task Thread"        [id=6968, stack(0x00000054eb600000,0x00000054eb700000) (1024K)]
  0x0000023f99420d10 WorkerThread "GC Thread#0"                     [id=16112, stack(0x00000054eb500000,0x00000054eb600000) (1024K)]
  0x0000023ff73151d0 WorkerThread "GC Thread#1"                     [id=7744, stack(0x00000054ec300000,0x00000054ec400000) (1024K)]
  0x0000023ff730f5b0 WorkerThread "GC Thread#2"                     [id=21800, stack(0x00000054ec400000,0x00000054ec500000) (1024K)]
  0x0000023ff75f1a00 WorkerThread "GC Thread#3"                     [id=16588, stack(0x00000054ec500000,0x00000054ec600000) (1024K)]
  0x0000023ff70b82e0 WorkerThread "GC Thread#4"                     [id=11312, stack(0x00000054ec600000,0x00000054ec700000) (1024K)]
  0x0000023ff70b8690 WorkerThread "GC Thread#5"                     [id=22940, stack(0x00000054ec700000,0x00000054ec800000) (1024K)]
  0x0000023ff70b8a40 WorkerThread "GC Thread#6"                     [id=19632, stack(0x00000054ec800000,0x00000054ec900000) (1024K)]
  0x0000023ff757b0c0 WorkerThread "GC Thread#7"                     [id=9000, stack(0x00000054ecc00000,0x00000054ecd00000) (1024K)]
Total: 10

Threads with active compile tasks:
C2 CompilerThread0  27841 4859   !   4       java.nio.file.FileTreeWalker::visit (204 bytes)
C2 CompilerThread1  27841 4788   !   4       java.nio.file.FileTreeWalker::next (144 bytes)
Total: 2

VM state: not at safepoint (normal execution)

VM Mutex/Monitor currently owned by a thread: None

Heap address: 0x0000000080000000, size: 2048 MB, Compressed Oops mode: 32-bit

CDS archive(s) mapped at: [0x0000023fb0000000-0x0000023fb0ba0000-0x0000023fb0ba0000), size 12189696, SharedBaseAddress: 0x0000023fb0000000, ArchiveRelocationMode: 1.
Compressed class space mapped at: 0x0000023fb1000000-0x0000023ff1000000, reserved size: 1073741824
Narrow klass base: 0x0000023fb0000000, Narrow klass shift: 0, Narrow klass range: 0x100000000

GC Precious Log:
 CardTable entry size: 512
 CPUs: 8 total, 8 available
 Memory: 8071M
 Large Page Support: Disabled
 NUMA Support: Disabled
 Compressed Oops: Enabled (32-bit)
 Alignments: Space 512K, Generation 512K, Heap 2M
 Heap Min Capacity: 100M
 Heap Initial Capacity: 100M
 Heap Max Capacity: 2G
 Pre-touch: Disabled
 Parallel Workers: 8

Heap:
 PSYoungGen      total 24576K, used 10154K [0x00000000d5580000, 0x00000000d7000000, 0x0000000100000000)
  eden space 22016K, 35% used [0x00000000d5580000,0x00000000d5d12098,0x00000000d6b00000)
  from space 2560K, 93% used [0x00000000d6c00000,0x00000000d6e58830,0x00000000d6e80000)
  to   space 1536K, 0% used [0x00000000d6e80000,0x00000000d6e80000,0x00000000d7000000)
 ParOldGen       total 68608K, used 18657K [0x0000000080000000, 0x0000000084300000, 0x00000000d5580000)
  object space 68608K, 27% used [0x0000000080000000,0x00000000812387f8,0x0000000084300000)
 Metaspace       used 33213K, committed 34176K, reserved 1114112K
  class space    used 3335K, committed 3776K, reserved 1048576K

Card table byte_map: [0x0000023f98db0000,0x0000023f991c0000] _byte_map_base: 0x0000023f989b0000

Marking Bits: (ParMarkBitMap*) 0x00007ffa65993450
 Begin Bits: [0x0000023fab8c0000, 0x0000023fad8c0000)
 End Bits:   [0x0000023fad8c0000, 0x0000023faf8c0000)

Polling page: 0x0000023f973f0000

Metaspace:

Usage:
  Non-class:     29.18 MB used.
      Class:      3.26 MB used.
       Both:     32.44 MB used.

Virtual space:
  Non-class space:       64.00 MB reserved,      29.69 MB ( 46%) committed,  1 nodes.
      Class space:        1.00 GB reserved,       3.69 MB ( <1%) committed,  1 nodes.
             Both:        1.06 GB reserved,      33.38 MB (  3%) committed. 

Chunk freelists:
   Non-Class:  1.98 MB
       Class:  12.25 MB
        Both:  14.23 MB

MaxMetaspaceSize: unlimited
CompressedClassSpaceSize: 1.00 GB
Initial GC threshold: 21.00 MB
Current GC threshold: 35.00 MB
CDS: on
 - commit_granule_bytes: 65536.
 - commit_granule_words: 8192.
 - virtual_space_node_default_size: 8388608.
 - enlarge_chunks_in_place: 1.
 - use_allocation_guard: 0.


Internal statistics:

num_allocs_failed_limit: 3.
num_arena_births: 690.
num_arena_deaths: 14.
num_vsnodes_births: 2.
num_vsnodes_deaths: 0.
num_space_committed: 534.
num_space_uncommitted: 0.
num_chunks_returned_to_freelist: 17.
num_chunks_taken_from_freelist: 1994.
num_chunk_merges: 7.
num_chunk_splits: 1280.
num_chunks_enlarged: 819.
num_inconsistent_stats: 0.

CodeHeap 'non-profiled nmethods': size=120000Kb used=2356Kb max_used=2356Kb free=117643Kb
 bounds [0x0000023fa40e0000, 0x0000023fa4350000, 0x0000023fab610000]
CodeHeap 'profiled nmethods': size=120000Kb used=10038Kb max_used=10038Kb free=109961Kb
 bounds [0x0000023f9c610000, 0x0000023f9cfe0000, 0x0000023fa3b40000]
CodeHeap 'non-nmethods': size=5760Kb used=1363Kb max_used=1398Kb free=4396Kb
 bounds [0x0000023fa3b40000, 0x0000023fa3db0000, 0x0000023fa40e0000]
CodeCache: size=245760Kb, used=13757Kb, max_used=13792Kb, free=232000Kb
 total_blobs=5501, nmethods=4849, adapters=557, full_count=0
Compilation: enabled, stopped_count=0, restarted_count=0

Compilation events (20 events):
Event: 27.732 Thread 0x0000023fafe8c290 4854  s!   3       org.eclipse.jdt.core.JavaConventions::scannedIdentifier (147 bytes)
Event: 27.732 Thread 0x0000023fafe891d0 nmethod 4793 0x0000023fa4329d10 code [0x0000023fa432a000, 0x0000023fa432afc8]
Event: 27.733 Thread 0x0000023fafe891d0 4851       4       jdk.internal.jrtfs.JrtPath::getFileName (78 bytes)
Event: 27.734 Thread 0x0000023fafe8c290 nmethod 4854 0x0000023f9cfda590 code [0x0000023f9cfda860, 0x0000023f9cfdb3d0]
Event: 27.734 Thread 0x0000023fafe8c290 4855       3       jdk.internal.jimage.ImageReader$SharedImageReader::handleModulesSubTree (56 bytes)
Event: 27.735 Thread 0x0000023fafe8c290 nmethod 4855 0x0000023f9cfdb810 code [0x0000023f9cfdba20, 0x0000023f9cfdc0a0]
Event: 27.735 Thread 0x0000023fafe8c290 4856       3       org.eclipse.jdt.internal.core.JavaModelStatus::getSeverity (65 bytes)
Event: 27.735 Thread 0x0000023fafe8c290 nmethod 4856 0x0000023f9cfdc390 code [0x0000023f9cfdc560, 0x0000023f9cfdc8d8]
Event: 27.748 Thread 0x0000023fafe8c290 4861       3       org.eclipse.jdt.internal.core.JrtPackageFragmentRoot$1::visitPackage (14 bytes)
Event: 27.749 Thread 0x0000023fafe8c290 nmethod 4861 0x0000023f9cfdca90 code [0x0000023f9cfdcc60, 0x0000023f9cfdcfd0]
Event: 27.749 Thread 0x0000023fafe8c290 4862       3       org.eclipse.jdt.internal.core.JrtPackageFragmentRoot$1::visitPackage (26 bytes)
Event: 27.749 Thread 0x0000023fafe8c290 nmethod 4862 0x0000023f9cfdd090 code [0x0000023f9cfdd260, 0x0000023f9cfdd4a8]
Event: 27.754 Thread 0x0000023fafe8c290 4863       3       org.eclipse.jdt.core.JavaConventions::validateIdentifier (33 bytes)
Event: 27.756 Thread 0x0000023fafe8c290 nmethod 4863 0x0000023f9cfdd590 code [0x0000023f9cfdd760, 0x0000023f9cfdd9f8]
Event: 27.771 Thread 0x0000023fafe891d0 nmethod 4851 0x0000023fa432bd90 code [0x0000023fa432bf80, 0x0000023fa432c810]
Event: 27.772 Thread 0x0000023fafe891d0 4860       4       jdk.internal.jrtfs.JrtPath::checkPath (49 bytes)
Event: 27.774 Thread 0x0000023fafe891d0 nmethod 4860 0x0000023fa432cd10 code [0x0000023fa432cea0, 0x0000023fa432cf70]
Event: 27.774 Thread 0x0000023fafe891d0 4864       4       java.util.Spliterators$1Adapter::next (39 bytes)
Event: 27.775 Thread 0x0000023fafe891d0 nmethod 4864 0x0000023fa432d090 code [0x0000023fa432d220, 0x0000023fa432d2d8]
Event: 27.776 Thread 0x0000023fafe891d0 4859   !   4       java.nio.file.FileTreeWalker::visit (204 bytes)

GC Heap History (20 events):
Event: 6.534 GC heap before
{Heap before GC invocations=5 (full 0):
 PSYoungGen      total 29696K, used 29678K [0x00000000d5580000, 0x00000000d7680000, 0x0000000100000000)
  eden space 25600K, 100% used [0x00000000d5580000,0x00000000d6e80000,0x00000000d6e80000)
  from space 4096K, 99% used [0x00000000d7280000,0x00000000d767bb78,0x00000000d7680000)
  to   space 4096K, 0% used [0x00000000d6e80000,0x00000000d6e80000,0x00000000d7280000)
 ParOldGen       total 68608K, used 5484K [0x0000000080000000, 0x0000000084300000, 0x00000000d5580000)
  object space 68608K, 7% used [0x0000000080000000,0x000000008055b268,0x0000000084300000)
 Metaspace       used 16992K, committed 17664K, reserved 1114112K
  class space    used 1764K, committed 2048K, reserved 1048576K
}
Event: 6.540 GC heap after
{Heap after GC invocations=5 (full 0):
 PSYoungGen      total 29184K, used 4082K [0x00000000d5580000, 0x00000000d7a00000, 0x0000000100000000)
  eden space 25088K, 0% used [0x00000000d5580000,0x00000000d5580000,0x00000000d6e00000)
  from space 4096K, 99% used [0x00000000d6e80000,0x00000000d727cae0,0x00000000d7280000)
  to   space 6144K, 0% used [0x00000000d7400000,0x00000000d7400000,0x00000000d7a00000)
 ParOldGen       total 68608K, used 7304K [0x0000000080000000, 0x0000000084300000, 0x00000000d5580000)
  object space 68608K, 10% used [0x0000000080000000,0x00000000807223d0,0x0000000084300000)
 Metaspace       used 16992K, committed 17664K, reserved 1114112K
  class space    used 1764K, committed 2048K, reserved 1048576K
}
Event: 7.185 GC heap before
{Heap before GC invocations=6 (full 0):
 PSYoungGen      total 29184K, used 29170K [0x00000000d5580000, 0x00000000d7a00000, 0x0000000100000000)
  eden space 25088K, 100% used [0x00000000d5580000,0x00000000d6e00000,0x00000000d6e00000)
  from space 4096K, 99% used [0x00000000d6e80000,0x00000000d727cae0,0x00000000d7280000)
  to   space 6144K, 0% used [0x00000000d7400000,0x00000000d7400000,0x00000000d7a00000)
 ParOldGen       total 68608K, used 7304K [0x0000000080000000, 0x0000000084300000, 0x00000000d5580000)
  object space 68608K, 10% used [0x0000000080000000,0x00000000807223d0,0x0000000084300000)
 Metaspace       used 20047K, committed 20672K, reserved 1114112K
  class space    used 1972K, committed 2240K, reserved 1048576K
}
Event: 7.195 GC heap after
{Heap after GC invocations=6 (full 0):
 PSYoungGen      total 29184K, used 4400K [0x00000000d5580000, 0x00000000d7880000, 0x0000000100000000)
  eden space 24576K, 0% used [0x00000000d5580000,0x00000000d5580000,0x00000000d6d80000)
  from space 4608K, 95% used [0x00000000d7400000,0x00000000d784c160,0x00000000d7880000)
  to   space 5120K, 0% used [0x00000000d6e80000,0x00000000d6e80000,0x00000000d7380000)
 ParOldGen       total 68608K, used 7312K [0x0000000080000000, 0x0000000084300000, 0x00000000d5580000)
  object space 68608K, 10% used [0x0000000080000000,0x00000000807243d0,0x0000000084300000)
 Metaspace       used 20047K, committed 20672K, reserved 1114112K
  class space    used 1972K, committed 2240K, reserved 1048576K
}
Event: 7.443 GC heap before
{Heap before GC invocations=7 (full 0):
 PSYoungGen      total 29184K, used 8490K [0x00000000d5580000, 0x00000000d7880000, 0x0000000100000000)
  eden space 24576K, 16% used [0x00000000d5580000,0x00000000d597e758,0x00000000d6d80000)
  from space 4608K, 95% used [0x00000000d7400000,0x00000000d784c160,0x00000000d7880000)
  to   space 5120K, 0% used [0x00000000d6e80000,0x00000000d6e80000,0x00000000d7380000)
 ParOldGen       total 68608K, used 7312K [0x0000000080000000, 0x0000000084300000, 0x00000000d5580000)
  object space 68608K, 10% used [0x0000000080000000,0x00000000807243d0,0x0000000084300000)
 Metaspace       used 20933K, committed 21504K, reserved 1114112K
  class space    used 2050K, committed 2304K, reserved 1048576K
}
Event: 7.451 GC heap after
{Heap after GC invocations=7 (full 0):
 PSYoungGen      total 27136K, used 2461K [0x00000000d5580000, 0x00000000d7480000, 0x0000000100000000)
  eden space 24576K, 0% used [0x00000000d5580000,0x00000000d5580000,0x00000000d6d80000)
  from space 2560K, 96% used [0x00000000d6e80000,0x00000000d70e75f8,0x00000000d7100000)
  to   space 3584K, 0% used [0x00000000d7100000,0x00000000d7100000,0x00000000d7480000)
 ParOldGen       total 68608K, used 9347K [0x0000000080000000, 0x0000000084300000, 0x00000000d5580000)
  object space 68608K, 13% used [0x0000000080000000,0x0000000080920c98,0x0000000084300000)
 Metaspace       used 20933K, committed 21504K, reserved 1114112K
  class space    used 2050K, committed 2304K, reserved 1048576K
}
Event: 7.451 GC heap before
{Heap before GC invocations=8 (full 1):
 PSYoungGen      total 27136K, used 2461K [0x00000000d5580000, 0x00000000d7480000, 0x0000000100000000)
  eden space 24576K, 0% used [0x00000000d5580000,0x00000000d5580000,0x00000000d6d80000)
  from space 2560K, 96% used [0x00000000d6e80000,0x00000000d70e75f8,0x00000000d7100000)
  to   space 3584K, 0% used [0x00000000d7100000,0x00000000d7100000,0x00000000d7480000)
 ParOldGen       total 68608K, used 9347K [0x0000000080000000, 0x0000000084300000, 0x00000000d5580000)
  object space 68608K, 13% used [0x0000000080000000,0x0000000080920c98,0x0000000084300000)
 Metaspace       used 20933K, committed 21504K, reserved 1114112K
  class space    used 2050K, committed 2304K, reserved 1048576K
}
Event: 7.516 GC heap after
{Heap after GC invocations=8 (full 1):
 PSYoungGen      total 27136K, used 0K [0x00000000d5580000, 0x00000000d7480000, 0x0000000100000000)
  eden space 24576K, 0% used [0x00000000d5580000,0x00000000d5580000,0x00000000d6d80000)
  from space 2560K, 0% used [0x00000000d6e80000,0x00000000d6e80000,0x00000000d7100000)
  to   space 3584K, 0% used [0x00000000d7100000,0x00000000d7100000,0x00000000d7480000)
 ParOldGen       total 68608K, used 10668K [0x0000000080000000, 0x0000000084300000, 0x00000000d5580000)
  object space 68608K, 15% used [0x0000000080000000,0x0000000080a6b2b8,0x0000000084300000)
 Metaspace       used 20920K, committed 21504K, reserved 1114112K
  class space    used 2046K, committed 2304K, reserved 1048576K
}
Event: 8.132 GC heap before
{Heap before GC invocations=9 (full 1):
 PSYoungGen      total 27136K, used 24576K [0x00000000d5580000, 0x00000000d7480000, 0x0000000100000000)
  eden space 24576K, 100% used [0x00000000d5580000,0x00000000d6d80000,0x00000000d6d80000)
  from space 2560K, 0% used [0x00000000d6e80000,0x00000000d6e80000,0x00000000d7100000)
  to   space 3584K, 0% used [0x00000000d7100000,0x00000000d7100000,0x00000000d7480000)
 ParOldGen       total 68608K, used 10668K [0x0000000080000000, 0x0000000084300000, 0x00000000d5580000)
  object space 68608K, 15% used [0x0000000080000000,0x0000000080a6b2b8,0x0000000084300000)
 Metaspace       used 23088K, committed 23744K, reserved 1114112K
  class space    used 2207K, committed 2496K, reserved 1048576K
}
Event: 8.135 GC heap after
{Heap after GC invocations=9 (full 1):
 PSYoungGen      total 26112K, used 1992K [0x00000000d5580000, 0x00000000d7300000, 0x0000000100000000)
  eden space 24064K, 0% used [0x00000000d5580000,0x00000000d5580000,0x00000000d6d00000)
  from space 2048K, 97% used [0x00000000d7100000,0x00000000d72f22b0,0x00000000d7300000)
  to   space 2560K, 0% used [0x00000000d6e00000,0x00000000d6e00000,0x00000000d7080000)
 ParOldGen       total 68608K, used 10676K [0x0000000080000000, 0x0000000084300000, 0x00000000d5580000)
  object space 68608K, 15% used [0x0000000080000000,0x0000000080a6d2b8,0x0000000084300000)
 Metaspace       used 23088K, committed 23744K, reserved 1114112K
  class space    used 2207K, committed 2496K, reserved 1048576K
}
Event: 9.601 GC heap before
{Heap before GC invocations=10 (full 1):
 PSYoungGen      total 26112K, used 26056K [0x00000000d5580000, 0x00000000d7300000, 0x0000000100000000)
  eden space 24064K, 100% used [0x00000000d5580000,0x00000000d6d00000,0x00000000d6d00000)
  from space 2048K, 97% used [0x00000000d7100000,0x00000000d72f22b0,0x00000000d7300000)
  to   space 2560K, 0% used [0x00000000d6e00000,0x00000000d6e00000,0x00000000d7080000)
 ParOldGen       total 68608K, used 10676K [0x0000000080000000, 0x0000000084300000, 0x00000000d5580000)
  object space 68608K, 15% used [0x0000000080000000,0x0000000080a6d2b8,0x0000000084300000)
 Metaspace       used 26509K, committed 27264K, reserved 1114112K
  class space    used 2551K, committed 2880K, reserved 1048576K
}
Event: 9.607 GC heap after
{Heap after GC invocations=10 (full 1):
 PSYoungGen      total 26112K, used 2206K [0x00000000d5580000, 0x00000000d7180000, 0x0000000100000000)
  eden space 23552K, 0% used [0x00000000d5580000,0x00000000d5580000,0x00000000d6c80000)
  from space 2560K, 86% used [0x00000000d6e00000,0x00000000d70278a0,0x00000000d7080000)
  to   space 1024K, 0% used [0x00000000d7080000,0x00000000d7080000,0x00000000d7180000)
 ParOldGen       total 68608K, used 12247K [0x0000000080000000, 0x0000000084300000, 0x00000000d5580000)
  object space 68608K, 17% used [0x0000000080000000,0x0000000080bf5cd8,0x0000000084300000)
 Metaspace       used 26509K, committed 27264K, reserved 1114112K
  class space    used 2551K, committed 2880K, reserved 1048576K
}
Event: 22.880 GC heap before
{Heap before GC invocations=11 (full 1):
 PSYoungGen      total 26112K, used 25758K [0x00000000d5580000, 0x00000000d7180000, 0x0000000100000000)
  eden space 23552K, 100% used [0x00000000d5580000,0x00000000d6c80000,0x00000000d6c80000)
  from space 2560K, 86% used [0x00000000d6e00000,0x00000000d70278a0,0x00000000d7080000)
  to   space 1024K, 0% used [0x00000000d7080000,0x00000000d7080000,0x00000000d7180000)
 ParOldGen       total 68608K, used 12247K [0x0000000080000000, 0x0000000084300000, 0x00000000d5580000)
  object space 68608K, 17% used [0x0000000080000000,0x0000000080bf5cd8,0x0000000084300000)
 Metaspace       used 30114K, committed 30976K, reserved 1114112K
  class space    used 2975K, committed 3328K, reserved 1048576K
}
Event: 22.888 GC heap after
{Heap after GC invocations=11 (full 1):
 PSYoungGen      total 24064K, used 1024K [0x00000000d5580000, 0x00000000d7200000, 0x0000000100000000)
  eden space 23040K, 0% used [0x00000000d5580000,0x00000000d5580000,0x00000000d6c00000)
  from space 1024K, 100% used [0x00000000d7080000,0x00000000d7180000,0x00000000d7180000)
  to   space 3072K, 0% used [0x00000000d6c00000,0x00000000d6c00000,0x00000000d6f00000)
 ParOldGen       total 68608K, used 14161K [0x0000000080000000, 0x0000000084300000, 0x00000000d5580000)
  object space 68608K, 20% used [0x0000000080000000,0x0000000080dd4400,0x0000000084300000)
 Metaspace       used 30114K, committed 30976K, reserved 1114112K
  class space    used 2975K, committed 3328K, reserved 1048576K
}
Event: 27.169 GC heap before
{Heap before GC invocations=12 (full 1):
 PSYoungGen      total 24064K, used 24064K [0x00000000d5580000, 0x00000000d7200000, 0x0000000100000000)
  eden space 23040K, 100% used [0x00000000d5580000,0x00000000d6c00000,0x00000000d6c00000)
  from space 1024K, 100% used [0x00000000d7080000,0x00000000d7180000,0x00000000d7180000)
  to   space 3072K, 0% used [0x00000000d6c00000,0x00000000d6c00000,0x00000000d6f00000)
 ParOldGen       total 68608K, used 14161K [0x0000000080000000, 0x0000000084300000, 0x00000000d5580000)
  object space 68608K, 20% used [0x0000000080000000,0x0000000080dd4400,0x0000000084300000)
 Metaspace       used 32664K, committed 33600K, reserved 1114112K
  class space    used 3246K, committed 3712K, reserved 1048576K
}
Event: 27.175 GC heap after
{Heap after GC invocations=12 (full 1):
 PSYoungGen      total 24576K, used 1760K [0x00000000d5580000, 0x00000000d7100000, 0x0000000100000000)
  eden space 22528K, 0% used [0x00000000d5580000,0x00000000d5580000,0x00000000d6b80000)
  from space 2048K, 85% used [0x00000000d6c00000,0x00000000d6db8040,0x00000000d6e00000)
  to   space 2560K, 0% used [0x00000000d6e80000,0x00000000d6e80000,0x00000000d7100000)
 ParOldGen       total 68608K, used 15149K [0x0000000080000000, 0x0000000084300000, 0x00000000d5580000)
  object space 68608K, 22% used [0x0000000080000000,0x0000000080ecb440,0x0000000084300000)
 Metaspace       used 32664K, committed 33600K, reserved 1114112K
  class space    used 3246K, committed 3712K, reserved 1048576K
}
Event: 27.423 GC heap before
{Heap before GC invocations=13 (full 1):
 PSYoungGen      total 24576K, used 24288K [0x00000000d5580000, 0x00000000d7100000, 0x0000000100000000)
  eden space 22528K, 100% used [0x00000000d5580000,0x00000000d6b80000,0x00000000d6b80000)
  from space 2048K, 85% used [0x00000000d6c00000,0x00000000d6db8040,0x00000000d6e00000)
  to   space 2560K, 0% used [0x00000000d6e80000,0x00000000d6e80000,0x00000000d7100000)
 ParOldGen       total 68608K, used 15149K [0x0000000080000000, 0x0000000084300000, 0x00000000d5580000)
  object space 68608K, 22% used [0x0000000080000000,0x0000000080ecb440,0x0000000084300000)
 Metaspace       used 32806K, committed 33792K, reserved 1114112K
  class space    used 3272K, committed 3776K, reserved 1048576K
}
Event: 27.432 GC heap after
{Heap after GC invocations=13 (full 1):
 PSYoungGen      total 24576K, used 2080K [0x00000000d5580000, 0x00000000d7100000, 0x0000000100000000)
  eden space 22016K, 0% used [0x00000000d5580000,0x00000000d5580000,0x00000000d6b00000)
  from space 2560K, 81% used [0x00000000d6e80000,0x00000000d7088010,0x00000000d7100000)
  to   space 2560K, 0% used [0x00000000d6c00000,0x00000000d6c00000,0x00000000d6e80000)
 ParOldGen       total 68608K, used 16729K [0x0000000080000000, 0x0000000084300000, 0x00000000d5580000)
  object space 68608K, 24% used [0x0000000080000000,0x00000000810567d8,0x0000000084300000)
 Metaspace       used 32806K, committed 33792K, reserved 1114112K
  class space    used 3272K, committed 3776K, reserved 1048576K
}
Event: 27.762 GC heap before
{Heap before GC invocations=14 (full 1):
 PSYoungGen      total 24576K, used 24096K [0x00000000d5580000, 0x00000000d7100000, 0x0000000100000000)
  eden space 22016K, 100% used [0x00000000d5580000,0x00000000d6b00000,0x00000000d6b00000)
  from space 2560K, 81% used [0x00000000d6e80000,0x00000000d7088010,0x00000000d7100000)
  to   space 2560K, 0% used [0x00000000d6c00000,0x00000000d6c00000,0x00000000d6e80000)
 ParOldGen       total 68608K, used 16729K [0x0000000080000000, 0x0000000084300000, 0x00000000d5580000)
  object space 68608K, 24% used [0x0000000080000000,0x00000000810567d8,0x0000000084300000)
 Metaspace       used 33213K, committed 34176K, reserved 1114112K
  class space    used 3335K, committed 3776K, reserved 1048576K
}
Event: 27.769 GC heap after
{Heap after GC invocations=14 (full 1):
 PSYoungGen      total 24576K, used 2402K [0x00000000d5580000, 0x00000000d7000000, 0x0000000100000000)
  eden space 22016K, 0% used [0x00000000d5580000,0x00000000d5580000,0x00000000d6b00000)
  from space 2560K, 93% used [0x00000000d6c00000,0x00000000d6e58830,0x00000000d6e80000)
  to   space 1536K, 0% used [0x00000000d6e80000,0x00000000d6e80000,0x00000000d7000000)
 ParOldGen       total 68608K, used 18657K [0x0000000080000000, 0x0000000084300000, 0x00000000d5580000)
  object space 68608K, 27% used [0x0000000080000000,0x00000000812387f8,0x0000000084300000)
 Metaspace       used 33213K, committed 34176K, reserved 1114112K
  class space    used 3335K, committed 3776K, reserved 1048576K
}

Dll operation events (10 events):
Event: 0.026 Loaded shared library c:\Users\PCWORLD\.vscode\extensions\redhat.java-1.53.0-win32-x64\jre\21.0.10-win32-x86_64\bin\java.dll
Event: 0.157 Loaded shared library c:\Users\PCWORLD\.vscode\extensions\redhat.java-1.53.0-win32-x64\jre\21.0.10-win32-x86_64\bin\zip.dll
Event: 0.217 Loaded shared library C:\Users\PCWORLD\.vscode\extensions\redhat.java-1.53.0-win32-x64\jre\21.0.10-win32-x86_64\bin\instrument.dll
Event: 0.228 Loaded shared library C:\Users\PCWORLD\.vscode\extensions\redhat.java-1.53.0-win32-x64\jre\21.0.10-win32-x86_64\bin\net.dll
Event: 0.235 Loaded shared library C:\Users\PCWORLD\.vscode\extensions\redhat.java-1.53.0-win32-x64\jre\21.0.10-win32-x86_64\bin\nio.dll
Event: 0.242 Loaded shared library C:\Users\PCWORLD\.vscode\extensions\redhat.java-1.53.0-win32-x64\jre\21.0.10-win32-x86_64\bin\zip.dll
Event: 0.295 Loaded shared library C:\Users\PCWORLD\.vscode\extensions\redhat.java-1.53.0-win32-x64\jre\21.0.10-win32-x86_64\bin\jimage.dll
Event: 0.538 Loaded shared library c:\Users\PCWORLD\.vscode\extensions\redhat.java-1.53.0-win32-x64\jre\21.0.10-win32-x86_64\bin\verify.dll
Event: 3.680 Loaded shared library C:\Users\PCWORLD\AppData\Roaming\Code\User\globalStorage\redhat.java\1.53.0\config_ss_win\org.eclipse.equinox.launcher\org.eclipse.equinox.launcher.win32.win32.x86_64_1.3.0.v20260203-2149\eclipse_11919.dll
Event: 6.401 Loaded shared library C:\Users\PCWORLD\AppData\Local\Temp\jna--13215393\jna4703253414181365348.dll

Deoptimization events (20 events):
Event: 27.238 Thread 0x0000023ff96430c0 Uncommon trap: trap_request=0xffffff45 fr.pc=0x0000023fa4305300 relative=0x00000000000001c0
Event: 27.238 Thread 0x0000023ff96430c0 Uncommon trap: reason=unstable_if action=reinterpret pc=0x0000023fa4305300 method=jdk.internal.jrtfs.JrtPath.normalize(Ljava/lang/String;)Ljava/lang/String; @ 78 c2
Event: 27.238 Thread 0x0000023ff96430c0 DEOPT PACKING pc=0x0000023fa4305300 sp=0x00000054ecefd890
Event: 27.238 Thread 0x0000023ff96430c0 DEOPT UNPACKING pc=0x0000023fa3b93aa2 sp=0x00000054ecefd810 mode 2
Event: 27.444 Thread 0x0000023ff96430c0 Uncommon trap: trap_request=0xffffff45 fr.pc=0x0000023fa4312e40 relative=0x0000000000001240
Event: 27.444 Thread 0x0000023ff96430c0 Uncommon trap: reason=unstable_if action=reinterpret pc=0x0000023fa4312e40 method=org.eclipse.jdt.internal.core.util.Util.splitOn(CLjava/lang/String;II)[Ljava/lang/String; @ 21 c2
Event: 27.444 Thread 0x0000023ff96430c0 DEOPT PACKING pc=0x0000023fa4312e40 sp=0x00000054ecefd7d0
Event: 27.444 Thread 0x0000023ff96430c0 DEOPT UNPACKING pc=0x0000023fa3b93aa2 sp=0x00000054ecefd798 mode 2
Event: 27.530 Thread 0x0000023ff96430c0 Uncommon trap: trap_request=0xffffff76 fr.pc=0x0000023fa4316604 relative=0x0000000000000464
Event: 27.530 Thread 0x0000023ff96430c0 Uncommon trap: reason=predicate action=maybe_recompile pc=0x0000023fa4316604 method=java.util.ArrayList.equalsRange(Ljava/util/List;II)Z @ 31 c2
Event: 27.530 Thread 0x0000023ff96430c0 DEOPT PACKING pc=0x0000023fa4316604 sp=0x00000054ecefdae0
Event: 27.530 Thread 0x0000023ff96430c0 DEOPT UNPACKING pc=0x0000023fa3b93aa2 sp=0x00000054ecefda68 mode 2
Event: 27.629 Thread 0x0000023ff9643750 Uncommon trap: trap_request=0xfffffff4 fr.pc=0x0000023fa42f889c relative=0x00000000000003dc
Event: 27.629 Thread 0x0000023ff9643750 Uncommon trap: reason=null_check action=make_not_entrant pc=0x0000023fa42f889c method=sun.invoke.util.VerifyType.isNullConversion(Ljava/lang/Class;Ljava/lang/Class;Z)Z @ 12 c2
Event: 27.629 Thread 0x0000023ff9643750 DEOPT PACKING pc=0x0000023fa42f889c sp=0x00000054ecffc570
Event: 27.629 Thread 0x0000023ff9643750 DEOPT UNPACKING pc=0x0000023fa3b93aa2 sp=0x00000054ecffc4f8 mode 2
Event: 27.631 Thread 0x0000023ff9643750 Uncommon trap: trap_request=0xffffff45 fr.pc=0x0000023fa415032c relative=0x000000000000010c
Event: 27.631 Thread 0x0000023ff9643750 Uncommon trap: reason=unstable_if action=reinterpret pc=0x0000023fa415032c method=jdk.internal.org.objectweb.asm.ByteVector.putShort(I)Ljdk/internal/org/objectweb/asm/ByteVector; @ 13 c2
Event: 27.631 Thread 0x0000023ff9643750 DEOPT PACKING pc=0x0000023fa415032c sp=0x00000054ecffc0f0
Event: 27.632 Thread 0x0000023ff9643750 DEOPT UNPACKING pc=0x0000023fa3b93aa2 sp=0x00000054ecffc088 mode 2

Classes loaded (20 events):
Event: 27.198 Loading class java/lang/runtime/ObjectMethods
Event: 27.199 Loading class java/lang/runtime/ObjectMethods done
Event: 27.204 Loading class java/lang/invoke/MethodHandleImpl$Makers
Event: 27.204 Loading class java/lang/invoke/MethodHandleImpl$Makers done
Event: 27.204 Loading class java/lang/invoke/MethodHandleImpl$Makers$1
Event: 27.205 Loading class java/lang/invoke/MethodHandleImpl$Makers$1 done
Event: 27.205 Loading class java/lang/invoke/MethodHandleImpl$Makers$2
Event: 27.206 Loading class java/lang/invoke/MethodHandleImpl$Makers$2 done
Event: 27.206 Loading class java/lang/invoke/MethodHandleImpl$Makers$3
Event: 27.206 Loading class java/lang/invoke/MethodHandleImpl$Makers$3 done
Event: 27.214 Loading class java/lang/runtime/ObjectMethods$1
Event: 27.215 Loading class java/lang/runtime/ObjectMethods$1 done
Event: 27.594 Loading class java/util/AbstractList$ListItr
Event: 27.595 Loading class java/util/AbstractList$ListItr done
Event: 27.626 Loading class java/lang/invoke/MethodHandleImpl$CountingWrapper
Event: 27.627 Loading class java/lang/invoke/MethodHandleImpl$CountingWrapper done
Event: 27.685 Loading class java/nio/channels/Channels$ReadableByteChannelImpl
Event: 27.686 Loading class java/nio/channels/Channels$ReadableByteChannelImpl done
Event: 27.686 Loading class java/nio/channels/NonWritableChannelException
Event: 27.687 Loading class java/nio/channels/NonWritableChannelException done

Classes unloaded (7 events):
Event: 7.464 Thread 0x0000023f994bed00 Unloading class 0x0000023fb11a4000 'java/lang/invoke/LambdaForm$MH+0x0000023fb11a4000'
Event: 7.464 Thread 0x0000023f994bed00 Unloading class 0x0000023fb11a3c00 'java/lang/invoke/LambdaForm$MH+0x0000023fb11a3c00'
Event: 7.464 Thread 0x0000023f994bed00 Unloading class 0x0000023fb11a3800 'java/lang/invoke/LambdaForm$MH+0x0000023fb11a3800'
Event: 7.464 Thread 0x0000023f994bed00 Unloading class 0x0000023fb11a3400 'java/lang/invoke/LambdaForm$MH+0x0000023fb11a3400'
Event: 7.464 Thread 0x0000023f994bed00 Unloading class 0x0000023fb11a3000 'java/lang/invoke/LambdaForm$BMH+0x0000023fb11a3000'
Event: 7.464 Thread 0x0000023f994bed00 Unloading class 0x0000023fb11a2c00 'java/lang/invoke/LambdaForm$DMH+0x0000023fb11a2c00'
Event: 7.464 Thread 0x0000023f994bed00 Unloading class 0x0000023fb11a1800 'java/lang/invoke/LambdaForm$DMH+0x0000023fb11a1800'

Classes redefined (0 events):
No events

Internal exceptions (20 events):
Event: 24.434 Thread 0x0000023ff9644470 Exception <a 'java/lang/IncompatibleClassChangeError'{0x00000000d628da10}: Found class java.lang.Object, but interface was expected> (0x00000000d628da10) 
thrown [s\src\hotspot\share\interpreter\linkResolver.cpp, line 840]
Event: 26.435 Thread 0x0000023ff9644470 Exception <a 'java/lang/IncompatibleClassChangeError'{0x00000000d63309c8}: Found class java.lang.Object, but interface was expected> (0x00000000d63309c8) 
thrown [s\src\hotspot\share\interpreter\linkResolver.cpp, line 840]
Event: 26.813 Thread 0x0000023ff96430c0 Implicit null exception at 0x0000023fa42d8031 to 0x0000023fa42d8338
Event: 26.814 Thread 0x0000023ff96430c0 Exception <a 'java/lang/NoSuchMethodError'{0x00000000d6704958}: 'long java.lang.invoke.DirectMethodHandle$Holder.invokeStatic(java.lang.Object, java.lang.Object, int)'> (0x00000000d6704958) 
thrown [s\src\hotspot\share\interpreter\linkResolver.cpp, line 773]
Event: 26.816 Thread 0x0000023ff96430c0 Exception <a 'java/lang/NoSuchMethodError'{0x00000000d670f2b0}: 'java.lang.Object java.lang.invoke.DelegatingMethodHandle$Holder.reinvoke_L(java.lang.Object, int, long, java.lang.Object, java.lang.Object, int, java.lang.Object)'> (0x00000000d670f2b0) 
thrown [s\src\hotspot\share\interpreter\linkResolver.cpp, line 773]
Event: 27.199 Thread 0x0000023ff96430c0 Exception <a 'java/lang/NoSuchMethodError'{0x00000000d5651488}: 'java.lang.Object java.lang.invoke.DirectMethodHandle$Holder.invokeStaticInit(java.lang.Object, java.lang.Object, java.lang.Object, java.lang.Object, java.lang.Object, java.lang.Object, java.lang.Object)'> (0x00000000d5651488) 
thrown [s\src\hotspot\share\interpreter\linkResolver.cpp, line 773]
Event: 27.200 Thread 0x0000023ff96430c0 Exception <a 'java/lang/NoSuchMethodError'{0x00000000d56565c8}: 'java.lang.Object java.lang.invoke.Invokers$Holder.invoke_MT(java.lang.Object, java.lang.Object, java.lang.Object, java.lang.Object, java.lang.Object, java.lang.Object, java.lang.Object, java.lang.Object, java.lang.Object, java.lang.Object)'> (0x00000000d56565c8) 
thrown [s\src\hotspot\share\interpreter\linkResolver.cpp, line 773]
Event: 27.216 Thread 0x0000023ff96430c0 Exception <a 'java/lang/NoSuchMethodError'{0x00000000d56b4ed8}: 'int java.lang.invoke.DirectMethodHandle$Holder.invokeVirtual(java.lang.Object, java.lang.Object, java.lang.Object)'> (0x00000000d56b4ed8) 
thrown [s\src\hotspot\share\interpreter\linkResolver.cpp, line 773]
Event: 27.217 Thread 0x0000023ff96430c0 Exception <a 'java/lang/NoSuchMethodError'{0x00000000d56b9280}: 'int java.lang.invoke.DirectMethodHandle$Holder.invokeStaticInit(java.lang.Object, int, int)'> (0x00000000d56b9280) 
thrown [s\src\hotspot\share\interpreter\linkResolver.cpp, line 773]
Event: 27.218 Thread 0x0000023ff96430c0 Exception <a 'java/lang/NoSuchMethodError'{0x00000000d56c0a28}: 'int java.lang.invoke.DirectMethodHandle$Holder.invokeStaticInit(java.lang.Object, long, long)'> (0x00000000d56c0a28) 
thrown [s\src\hotspot\share\interpreter\linkResolver.cpp, line 773]
Event: 27.219 Thread 0x0000023ff96430c0 Exception <a 'java/lang/NoSuchMethodError'{0x00000000d56ccbd0}: 'int java.lang.invoke.DirectMethodHandle$Holder.invokeStaticInit(java.lang.Object, float, float)'> (0x00000000d56ccbd0) 
thrown [s\src\hotspot\share\interpreter\linkResolver.cpp, line 773]
Event: 27.221 Thread 0x0000023ff96430c0 Exception <a 'java/lang/NoSuchMethodError'{0x00000000d56d3910}: 'int java.lang.invoke.DirectMethodHandle$Holder.invokeStaticInit(java.lang.Object, double, double)'> (0x00000000d56d3910) 
thrown [s\src\hotspot\share\interpreter\linkResolver.cpp, line 773]
Event: 27.223 Thread 0x0000023ff96430c0 Exception <a 'java/lang/NoSuchMethodError'{0x00000000d56d8160}: 'int java.lang.invoke.DirectMethodHandle$Holder.invokeStatic(java.lang.Object, long)'> (0x00000000d56d8160) 
thrown [s\src\hotspot\share\interpreter\linkResolver.cpp, line 773]
Event: 27.229 Thread 0x0000023ff96430c0 Exception <a 'java/lang/NoSuchMethodError'{0x00000000d56f7028}: 'int java.lang.invoke.Invokers$Holder.linkToTargetMethod(java.lang.Object, java.lang.Object)'> (0x00000000d56f7028) 
thrown [s\src\hotspot\share\interpreter\linkResolver.cpp, line 773]
Event: 27.229 Thread 0x0000023ff9643750 Exception <a 'java/lang/NoSuchMethodError'{0x00000000d56fdae8}: 'int java.lang.invoke.Invokers$Holder.linkToTargetMethod(java.lang.Object, java.lang.Object)'> (0x00000000d56fdae8) 
thrown [s\src\hotspot\share\interpreter\linkResolver.cpp, line 773]
Event: 27.565 Thread 0x0000023ff9643750 Exception <a 'java/lang/NoSuchMethodError'{0x00000000d6197488}: 'int java.lang.invoke.DirectMethodHandle$Holder.invokeSpecial(java.lang.Object, java.lang.Object, java.lang.Object, java.lang.Object)'> (0x00000000d6197488) 
thrown [s\src\hotspot\share\interpreter\linkResolver.cpp, line 773]
Event: 27.625 Thread 0x0000023ff9643750 Exception <a 'java/lang/NoSuchMethodError'{0x00000000d61ec398}: 'java.lang.Object java.lang.invoke.DirectMethodHandle$Holder.invokeStatic(java.lang.Object, int, java.lang.Object, java.lang.Object)'> (0x00000000d61ec398) 
thrown [s\src\hotspot\share\interpreter\linkResolver.cpp, line 773]
Event: 27.626 Thread 0x0000023ff9643750 Exception <a 'java/lang/NoSuchMethodError'{0x00000000d622a700}: 'java.lang.Object java.lang.invoke.DelegatingMethodHandle$Holder.delegate(java.lang.Object, int, java.lang.Object, java.lang.Object)'> (0x00000000d622a700) 
thrown [s\src\hotspot\share\interpreter\linkResolver.cpp, line 773]
Event: 27.629 Thread 0x0000023ff9643750 Implicit null exception at 0x0000023fa42f8580 to 0x0000023fa42f888c
Event: 27.633 Thread 0x0000023ff9643750 Exception <a 'java/lang/NoSuchMethodError'{0x00000000d623f020}: 'int java.lang.invoke.Invokers$Holder.linkToTargetMethod(java.lang.Object, java.lang.Object, java.lang.Object)'> (0x00000000d623f020) 
thrown [s\src\hotspot\share\interpreter\linkResolver.cpp, line 773]

ZGC Phase Switch (0 events):
No events

VM Operations (20 events):
Event: 24.205 Executing safepoint VM operation: Cleanup
Event: 24.205 Executing safepoint VM operation: Cleanup done
Event: 26.218 Executing safepoint VM operation: Cleanup
Event: 26.218 Executing safepoint VM operation: Cleanup done
Event: 26.772 Executing non-safepoint VM operation: HandshakeAllThreads (Deoptimize)
Event: 26.772 Executing non-safepoint VM operation: HandshakeAllThreads (Deoptimize) done
Event: 26.788 Executing non-safepoint VM operation: HandshakeAllThreads (Deoptimize)
Event: 26.788 Executing non-safepoint VM operation: HandshakeAllThreads (Deoptimize) done
Event: 26.854 Executing non-safepoint VM operation: HandshakeAllThreads (Deoptimize)
Event: 26.854 Executing non-safepoint VM operation: HandshakeAllThreads (Deoptimize) done
Event: 26.855 Executing non-safepoint VM operation: HandshakeAllThreads (Deoptimize)
Event: 26.855 Executing non-safepoint VM operation: HandshakeAllThreads (Deoptimize) done
Event: 27.169 Executing safepoint VM operation: ParallelGCFailedAllocation (Allocation Failure)
Event: 27.175 Executing safepoint VM operation: ParallelGCFailedAllocation (Allocation Failure) done
Event: 27.423 Executing safepoint VM operation: ParallelGCFailedAllocation (Allocation Failure)
Event: 27.432 Executing safepoint VM operation: ParallelGCFailedAllocation (Allocation Failure) done
Event: 27.596 Executing non-safepoint VM operation: HandshakeAllThreads (Deoptimize)
Event: 27.639 Executing non-safepoint VM operation: HandshakeAllThreads (Deoptimize) done
Event: 27.762 Executing safepoint VM operation: ParallelGCFailedAllocation (Allocation Failure)
Event: 27.770 Executing safepoint VM operation: ParallelGCFailedAllocation (Allocation Failure) done

Memory protections (0 events):
No events

Nmethod flushes (0 events):
No events

Events (20 events):
Event: 9.662 Thread 0x0000023f994039b0 Thread added: 0x0000023ff96402d0
Event: 9.663 Thread 0x0000023f994039b0 Thread added: 0x0000023ff963f5b0
Event: 9.709 Thread 0x0000023f994039b0 Thread added: 0x0000023ff9641d10
Event: 9.919 Thread 0x0000023ff77b7ec0 Thread added: 0x0000023ff9641680
Event: 10.077 Thread 0x0000023f994039b0 Thread added: 0x0000023ff9640ff0
Event: 10.077 Thread 0x0000023f994039b0 Thread added: 0x0000023ff9644470
Event: 13.925 Thread 0x0000023fafe787e0 Thread exited: 0x0000023fafe787e0
Event: 13.926 Thread 0x0000023ff77bc060 Thread exited: 0x0000023ff77bc060
Event: 13.928 Thread 0x0000023ff92cd8f0 Thread exited: 0x0000023ff92cd8f0
Event: 13.928 Thread 0x0000023ff77b8550 Thread exited: 0x0000023ff77b8550
Event: 13.928 Thread 0x0000023fafe7a8b0 Thread exited: 0x0000023fafe7a8b0
Event: 13.929 Thread 0x0000023ff77b8be0 Thread exited: 0x0000023ff77b8be0
Event: 13.929 Thread 0x0000023ff77b9f90 Thread exited: 0x0000023ff77b9f90
Event: 13.929 Thread 0x0000023ff77bacb0 Thread exited: 0x0000023ff77bacb0
Event: 13.930 Thread 0x0000023ff77bee50 Thread exited: 0x0000023ff77bee50
Event: 23.076 Thread 0x0000023fafe8c290 Thread added: 0x0000023ff7dbfcb0
Event: 23.510 Thread 0x0000023ff7dbfcb0 Thread exited: 0x0000023ff7dbfcb0
Event: 26.468 Thread 0x0000023ff9644470 Thread added: 0x0000023ff96430c0
Event: 26.815 Thread 0x0000023ff9644470 Thread added: 0x0000023ff9643750
Event: 27.018 Thread 0x0000023fafe8c290 Thread added: 0x0000023ff86989b0


Dynamic libraries:
0x00007ff6330c0000 - 0x00007ff6330ce000 	c:\Users\PCWORLD\.vscode\extensions\redhat.java-1.53.0-win32-x64\jre\21.0.10-win32-x86_64\bin\java.exe
0x00007ffaa7720000 - 0x00007ffaa7929000 	C:\Windows\SYSTEM32\ntdll.dll
0x00007ffaa6610000 - 0x00007ffaa66cd000 	C:\Windows\System32\KERNEL32.DLL
0x00007ffaa4c50000 - 0x00007ffaa4fd4000 	C:\Windows\System32\KERNELBASE.dll
0x00007ffaa50a0000 - 0x00007ffaa51b1000 	C:\Windows\System32\ucrtbase.dll
0x00007ffaa0c00000 - 0x00007ffaa0c18000 	c:\Users\PCWORLD\.vscode\extensions\redhat.java-1.53.0-win32-x64\jre\21.0.10-win32-x86_64\bin\jli.dll
0x00007ffa90690000 - 0x00007ffa906ae000 	c:\Users\PCWORLD\.vscode\extensions\redhat.java-1.53.0-win32-x64\jre\21.0.10-win32-x86_64\bin\VCRUNTIME140.dll
0x00007ffaa74c0000 - 0x00007ffaa766d000 	C:\Windows\System32\USER32.dll
0x00007ffaa54c0000 - 0x00007ffaa54e6000 	C:\Windows\System32\win32u.dll
0x00007ffaa7360000 - 0x00007ffaa738a000 	C:\Windows\System32\GDI32.dll
0x00007ffa90860000 - 0x00007ffa90b05000 	C:\Windows\WinSxS\amd64_microsoft.windows.common-controls_6595b64144ccf1df_6.0.22000.120_none_9d947278b86cc467\COMCTL32.dll
0x00007ffaa53a0000 - 0x00007ffaa54be000 	C:\Windows\System32\gdi32full.dll
0x00007ffaa6330000 - 0x00007ffaa63d3000 	C:\Windows\System32\msvcrt.dll
0x00007ffaa4bb0000 - 0x00007ffaa4c4d000 	C:\Windows\System32\msvcp_win.dll
0x00007ffaa66d0000 - 0x00007ffaa6701000 	C:\Windows\System32\IMM32.DLL
0x00007ffa9b9d0000 - 0x00007ffa9b9dc000 	c:\Users\PCWORLD\.vscode\extensions\redhat.java-1.53.0-win32-x64\jre\21.0.10-win32-x86_64\bin\vcruntime140_1.dll
0x00007ffa77cc0000 - 0x00007ffa77d4d000 	c:\Users\PCWORLD\.vscode\extensions\redhat.java-1.53.0-win32-x64\jre\21.0.10-win32-x86_64\bin\msvcp140.dll
0x00007ffa64cd0000 - 0x00007ffa65a71000 	c:\Users\PCWORLD\.vscode\extensions\redhat.java-1.53.0-win32-x64\jre\21.0.10-win32-x86_64\bin\server\jvm.dll
0x00007ffaa5570000 - 0x00007ffaa561e000 	C:\Windows\System32\ADVAPI32.dll
0x00007ffaa7420000 - 0x00007ffaa74be000 	C:\Windows\System32\sechost.dll
0x00007ffaa6800000 - 0x00007ffaa6921000 	C:\Windows\System32\RPCRT4.dll
0x00007ffaa7670000 - 0x00007ffaa76df000 	C:\Windows\System32\WS2_32.dll
0x00007ffaa49d0000 - 0x00007ffaa4a1d000 	C:\Windows\SYSTEM32\POWRPROF.dll
0x00007ffa9b900000 - 0x00007ffa9b933000 	C:\Windows\SYSTEM32\WINMM.dll
0x00007ffa99640000 - 0x00007ffa9964a000 	C:\Windows\SYSTEM32\VERSION.dll
0x00007ffaa48c0000 - 0x00007ffaa48d3000 	C:\Windows\SYSTEM32\UMPDC.dll
0x00007ffaa3be0000 - 0x00007ffaa3bf8000 	C:\Windows\SYSTEM32\kernel.appcore.dll
0x00007ffa92440000 - 0x00007ffa9244a000 	c:\Users\PCWORLD\.vscode\extensions\redhat.java-1.53.0-win32-x64\jre\21.0.10-win32-x86_64\bin\jimage.dll
0x00007ffaa1d40000 - 0x00007ffaa1f61000 	C:\Windows\SYSTEM32\DBGHELP.DLL
0x00007ffa8d5f0000 - 0x00007ffa8d621000 	C:\Windows\SYSTEM32\dbgcore.DLL
0x00007ffaa54f0000 - 0x00007ffaa556f000 	C:\Windows\System32\bcryptPrimitives.dll
0x00007ffa91330000 - 0x00007ffa9133f000 	c:\Users\PCWORLD\.vscode\extensions\redhat.java-1.53.0-win32-x64\jre\21.0.10-win32-x86_64\bin\instrument.dll
0x00007ffa90000000 - 0x00007ffa90020000 	c:\Users\PCWORLD\.vscode\extensions\redhat.java-1.53.0-win32-x64\jre\21.0.10-win32-x86_64\bin\java.dll
0x00007ffaa6ae0000 - 0x00007ffaa72a5000 	C:\Windows\System32\SHELL32.dll
0x00007ffaa2c40000 - 0x00007ffaa34a2000 	C:\Windows\SYSTEM32\windows.storage.dll
0x00007ffaa5df0000 - 0x00007ffaa6166000 	C:\Windows\System32\combase.dll
0x00007ffaa2ad0000 - 0x00007ffaa2c37000 	C:\Windows\SYSTEM32\wintypes.dll
0x00007ffaa5d00000 - 0x00007ffaa5dea000 	C:\Windows\System32\SHCORE.dll
0x00007ffaa67a0000 - 0x00007ffaa67fd000 	C:\Windows\System32\shlwapi.dll
0x00007ffaa4ae0000 - 0x00007ffaa4b05000 	C:\Windows\SYSTEM32\profapi.dll
0x00007ffa8c600000 - 0x00007ffa8c618000 	c:\Users\PCWORLD\.vscode\extensions\redhat.java-1.53.0-win32-x64\jre\21.0.10-win32-x86_64\bin\zip.dll
0x00007ffa91200000 - 0x00007ffa91210000 	C:\Users\PCWORLD\.vscode\extensions\redhat.java-1.53.0-win32-x64\jre\21.0.10-win32-x86_64\bin\net.dll
0x00007ffa9bfa0000 - 0x00007ffa9c0b4000 	C:\Windows\SYSTEM32\WINHTTP.dll
0x00007ffaa4080000 - 0x00007ffaa40e7000 	C:\Windows\system32\mswsock.dll
0x00007ffa87900000 - 0x00007ffa87916000 	C:\Users\PCWORLD\.vscode\extensions\redhat.java-1.53.0-win32-x64\jre\21.0.10-win32-x86_64\bin\nio.dll
0x00007ffa8caa0000 - 0x00007ffa8cab0000 	c:\Users\PCWORLD\.vscode\extensions\redhat.java-1.53.0-win32-x64\jre\21.0.10-win32-x86_64\bin\verify.dll
0x00007ffa75c10000 - 0x00007ffa75c55000 	C:\Users\PCWORLD\AppData\Roaming\Code\User\globalStorage\redhat.java\1.53.0\config_ss_win\org.eclipse.equinox.launcher\org.eclipse.equinox.launcher.win32.win32.x86_64_1.3.0.v20260203-2149\eclipse_11919.dll
0x00007ffaa6940000 - 0x00007ffaa6ada000 	C:\Windows\System32\ole32.dll
0x00007ffaa4350000 - 0x00007ffaa4368000 	C:\Windows\SYSTEM32\CRYPTSP.dll
0x00007ffaa3b40000 - 0x00007ffaa3b75000 	C:\Windows\system32\rsaenh.dll
0x00007ffaa4120000 - 0x00007ffaa414c000 	C:\Windows\SYSTEM32\USERENV.dll
0x00007ffaa4500000 - 0x00007ffaa4527000 	C:\Windows\SYSTEM32\bcrypt.dll
0x00007ffaa4270000 - 0x00007ffaa427c000 	C:\Windows\SYSTEM32\CRYPTBASE.dll
0x00007ffaa3740000 - 0x00007ffaa376d000 	C:\Windows\SYSTEM32\IPHLPAPI.DLL
0x00007ffaa5cf0000 - 0x00007ffaa5cf9000 	C:\Windows\System32\NSI.dll
0x00007ffa757e0000 - 0x00007ffa75829000 	C:\Users\PCWORLD\AppData\Local\Temp\jna--13215393\jna4703253414181365348.dll
0x00007ffaa6930000 - 0x00007ffaa6938000 	C:\Windows\System32\PSAPI.DLL
0x00007ffa9b940000 - 0x00007ffa9b959000 	C:\Windows\SYSTEM32\dhcpcsvc6.DLL
0x00007ffa9c5a0000 - 0x00007ffa9c5be000 	C:\Windows\SYSTEM32\dhcpcsvc.DLL

JVMTI agents:
c:\Users\PCWORLD\.vscode\extensions\redhat.java-1.53.0-win32-x64\lombok\lombok-1.18.39-4050.jar path:c:\Users\PCWORLD\.vscode\extensions\redhat.java-1.53.0-win32-x64\jre\21.0.10-win32-x86_64\bin\instrument.dll, loaded, initialized, instrumentlib options:none

dbghelp: loaded successfully - version: 4.0.5 - missing functions: none
symbol engine: initialized successfully - sym options: 0x614 - pdb path: .;c:\Users\PCWORLD\.vscode\extensions\redhat.java-1.53.0-win32-x64\jre\21.0.10-win32-x86_64\bin;C:\Windows\SYSTEM32;C:\Windows\WinSxS\amd64_microsoft.windows.common-controls_6595b64144ccf1df_6.0.22000.120_none_9d947278b86cc467;c:\Users\PCWORLD\.vscode\extensions\redhat.java-1.53.0-win32-x64\jre\21.0.10-win32-x86_64\bin\server;C:\Users\PCWORLD\AppData\Roaming\Code\User\globalStorage\redhat.java\1.53.0\config_ss_win\org.eclipse.equinox.launcher\org.eclipse.equinox.launcher.win32.win32.x86_64_1.3.0.v20260203-2149;C:\Users\PCWORLD\AppData\Local\Temp\jna--13215393

VM Arguments:
jvm_args: --add-modules=ALL-SYSTEM --add-opens=java.base/java.util=ALL-UNNAMED --add-opens=java.base/java.lang=ALL-UNNAMED --add-opens=java.base/sun.nio.fs=ALL-UNNAMED -Declipse.application=org.eclipse.jdt.ls.core.id1 -Dosgi.bundles.defaultStartLevel=4 -Declipse.product=org.eclipse.jdt.ls.core.product -Djava.import.generatesMetadataFilesAtProjectRoot=false -DDetectVMInstallationsJob.disabled=true -Dfile.encoding=utf8 -XX:+UseParallelGC -XX:GCTimeRatio=4 -XX:AdaptiveSizePolicyWeight=90 -Dsun.zip.disableMemoryMapping=true -Xmx2G -Xms100m -Xlog:disable -javaagent:c:\Users\PCWORLD\.vscode\extensions\redhat.java-1.53.0-win32-x64\lombok\lombok-1.18.39-4050.jar 
java_command: c:\Users\PCWORLD\.vscode\extensions\redhat.java-1.53.0-win32-x64\server\plugins\org.eclipse.equinox.launcher_1.7.100.v20251111-0406.jar -configuration c:\Users\PCWORLD\AppData\Roaming\Code\User\globalStorage\redhat.java\1.53.0\config_ss_win -data c:\Users\PCWORLD\AppData\Roaming\Code\User\workspaceStorage\15d350eac09e9ebb76c56e029fd2021d\redhat.java\ss_ws --pipe=\\.\pipe\lsp-0ef8f36ee7fb2ffad863c44ca10842b1-sock
java_class_path (initial): c:\Users\PCWORLD\.vscode\extensions\redhat.java-1.53.0-win32-x64\server\plugins\org.eclipse.equinox.launcher_1.7.100.v20251111-0406.jar
Launcher Type: SUN_STANDARD

[Global flags]
    uintx AdaptiveSizePolicyWeight                 = 90                                        {product} {command line}
     intx CICompilerCount                          = 4                                         {product} {ergonomic}
    uintx GCTimeRatio                              = 4                                         {product} {command line}
   size_t InitialHeapSize                          = 104857600                                 {product} {command line}
   size_t MaxHeapSize                              = 2147483648                                {product} {command line}
   size_t MaxNewSize                               = 715653120                                 {product} {ergonomic}
   size_t MinHeapDeltaBytes                        = 524288                                    {product} {ergonomic}
   size_t MinHeapSize                              = 104857600                                 {product} {command line}
   size_t NewSize                                  = 34603008                                  {product} {ergonomic}
    uintx NonNMethodCodeHeapSize                   = 5839372                                {pd product} {ergonomic}
    uintx NonProfiledCodeHeapSize                  = 122909434                              {pd product} {ergonomic}
   size_t OldSize                                  = 70254592                                  {product} {ergonomic}
    uintx ProfiledCodeHeapSize                     = 122909434                              {pd product} {ergonomic}
    uintx ReservedCodeCacheSize                    = 251658240                              {pd product} {ergonomic}
     bool SegmentedCodeCache                       = true                                      {product} {ergonomic}
   size_t SoftMaxHeapSize                          = 2147483648                             {manageable} {ergonomic}
     bool UseCompressedOops                        = true                           {product lp64_product} {ergonomic}
     bool UseLargePagesIndividualAllocation        = false                                  {pd product} {ergonomic}
     bool UseParallelGC                            = true                                      {product} {command line}

Logging:
Log output configuration:
 #0: stdout all=off uptime,level,tags foldmultilines=false
 #1: stderr all=off uptime,level,tags foldmultilines=false

Release file:
JAVA_VERSION="21.0.10" 
MODULES="java.base java.compiler java.datatransfer java.xml java.prefs java.desktop java.instrument java.logging java.management java.security.sasl java.naming java.rmi java.management.rmi java.net.http java.scripting java.security.jgss java.transaction.xa java.sql java.sql.rowset java.xml.crypto java.se java.smartcardio jdk.accessibility jdk.internal.jvmstat jdk.attach jdk.charsets jdk.internal.opt jdk.zipfs jdk.compiler jdk.crypto.ec jdk.crypto.cryptoki jdk.crypto.mscapi jdk.dynalink jdk.internal.ed jdk.editpad jdk.hotspot.agent jdk.httpserver jdk.internal.le jdk.internal.vm.ci jdk.internal.vm.compiler jdk.internal.vm.compiler.management jdk.jartool jdk.javadoc jdk.jcmd jdk.management jdk.management.agent jdk.jconsole jdk.jdeps jdk.jdwp.agent jdk.jdi jdk.jfr jdk.jshell jdk.jsobject jdk.jstatd jdk.localedata jdk.management.jfr jdk.naming.dns jdk.naming.rmi jdk.net jdk.nio.mapmode jdk.random jdk.sctp jdk.security.auth jdk.security.jgss jdk.unsupported jdk.unsupported.desktop jdk.xml.dom" 

Environment Variables:
PATH=C:\Users\PCWORLD\AppData\Local\Programs\Microsoft VS Code;C:\Program Files\Common Files\Oracle\Java\javapath;C:\Windows\system32;C:\Windows;C:\Windows\System32\Wbem;C:\Windows\System32\WindowsPowerShell\v1.0\;C:\Windows\System32\OpenSSH\;C:\Program Files (x86)\Intel\Intel(R) Management Engine Components\DAL;C:\Program Files\Intel\Intel(R) Management Engine Components\DAL;C:\Program Files\Git\cmd;C:\Program Files\nodejs\;C:\ProgramData\chocolatey\bin;C:\Users\PCWORLD\Downloads\platform-tools-latest-windows\platform-tools;;C:\Program Files\Docker\Docker\resources\bin;E:\program_files\cursor\resources\app\bin;C:\Users\PCWORLD\AppData\Local\Programs\Python\Python313\Scripts\;C:\Users\PCWORLD\AppData\Local\Programs\Python\Python313\;C:\Users\PCWORLD\AppData\Local\Programs\Python\Launcher\;C:\Users\PCWORLD\AppData\Local\Microsoft\WindowsApps;C:\Users\PCWORLD\AppData\Local\Programs\Microsoft VS Code\bin;C:\Users\PCWORLD\AppData\Roaming\npm;E:\program_files\Antigravity\bin
USERNAME=PCWORLD
OS=Windows_NT
PROCESSOR_IDENTIFIER=Intel64 Family 6 Model 142 Stepping 10, GenuineIntel
TMP=C:\Users\PCWORLD\AppData\Local\Temp
TEMP=C:\Users\PCWORLD\AppData\Local\Temp




Periodic native trim disabled

---------------  S Y S T E M  ---------------

OS:
 Windows 11 , 64 bit Build 22000 (10.0.22000.2538)
OS uptime: 0 days 7:09 hours
Hyper-V role detected

CPU: total 8 (initial active 8) (4 cores per cpu, 2 threads per core) family 6 model 142 stepping 10 microcode 0xe0, cx8, cmov, fxsr, ht, mmx, 3dnowpref, sse, sse2, sse3, ssse3, sse4.1, sse4.2, popcnt, lzcnt, tsc, tscinvbit, avx, avx2, aes, erms, clmul, bmi1, bmi2, rtm, adx, fma, vzeroupper, clflush, clflushopt, hv, rdtscp, f16c
Processor Information for the first 8 processors :
  Max Mhz: 2112, Current Mhz: 1910, Mhz Limit: 1900

Memory: 4k page, system-wide physical 8071M (414M free)
TotalPageFile size 28735M (AvailPageFile size 0M)
current process WorkingSet (physical memory assigned to process): 167M, peak: 170M
current process commit charge ("private bytes"): 290M, peak: 297M

vm_info: OpenJDK 64-Bit Server VM (21.0.10+7-LTS) for windows-amd64 JRE (21.0.10+7-LTS), built on 2026-01-20T00:00:00Z by "admin" with MS VC++ 17.12 (VS2022)

END.
