#
# There is insufficient memory for the Java Runtime Environment to continue.
# Native memory allocation (malloc) failed to allocate 498096 bytes. Error detail: Chunk::new
# Possible reasons:
#   The system is out of physical RAM or swap space
#   This process is running with CompressedOops enabled, and the Java Heap may be blocking the growth of the native heap
# Possible solutions:
#   Reduce memory load on the system
#   Increase physical memory or swap space
#   Check if swap backing store is full
#   Decrease Java heap size (-Xmx/-Xms)
#   Decrease number of Java threads
#   Decrease Java thread stack sizes (-Xss)
#   Set larger code cache with -XX:ReservedCodeCacheSize=
#   JVM is running with Unscaled Compressed Oops mode in which the Java heap is
#     placed in the first 4GB address space. The Java Heap base address is the
#     maximum limit for the native heap growth. Please use -XX:HeapBaseMinAddress
#     to set the Java Heap base and to place the Java Heap above 4GB virtual address.
# This output file may be truncated or incomplete.
#
#  Out of Memory Error (arena.cpp:168), pid=9952, tid=23628
#
# JRE version: OpenJDK Runtime Environment Temurin-21.0.10+7 (21.0.10+7) (build 21.0.10+7-LTS)
# Java VM: OpenJDK 64-Bit Server VM Temurin-21.0.10+7 (21.0.10+7-LTS, mixed mode, sharing, tiered, compressed oops, compressed class ptrs, parallel gc, windows-amd64)
# No core dump will be written. Minidumps are not enabled by default on client versions of Windows
#

---------------  S U M M A R Y ------------

Command Line: --add-modules=ALL-SYSTEM --add-opens=java.base/java.util=ALL-UNNAMED --add-opens=java.base/java.lang=ALL-UNNAMED --add-opens=java.base/sun.nio.fs=ALL-UNNAMED -Declipse.application=org.eclipse.jdt.ls.core.id1 -Dosgi.bundles.defaultStartLevel=4 -Declipse.product=org.eclipse.jdt.ls.core.product -Djava.import.generatesMetadataFilesAtProjectRoot=false -DDetectVMInstallationsJob.disabled=true -Dfile.encoding=utf8 -XX:+UseParallelGC -XX:GCTimeRatio=4 -XX:AdaptiveSizePolicyWeight=90 -Dsun.zip.disableMemoryMapping=true -Xmx2G -Xms100m -Xlog:disable -javaagent:c:\Users\PCWORLD\.vscode\extensions\redhat.java-1.53.0-win32-x64\lombok\lombok-1.18.39-4050.jar -XX:+HeapDumpOnOutOfMemoryError -XX:HeapDumpPath=c:\Users\PCWORLD\AppData\Roaming\Code\User\workspaceStorage\15d350eac09e9ebb76c56e029fd2021d\redhat.java -Daether.dependencyCollector.impl=bf c:\Users\PCWORLD\.vscode\extensions\redhat.java-1.53.0-win32-x64\server\plugins\org.eclipse.equinox.launcher_1.7.100.v20251111-0406.jar -configuration c:\Users\PCWORLD\AppData\Roaming\Code\User\globalStorage\redhat.java\1.53.0\config_win -data c:\Users\PCWORLD\AppData\Roaming\Code\User\workspaceStorage\15d350eac09e9ebb76c56e029fd2021d\redhat.java\jdt_ws --pipe=\\.\pipe\lsp-63f08a07eec0705e4ebed100e7b1ca04-sock

Host: Intel(R) Core(TM) i7-8650U CPU @ 1.90GHz, 8 cores, 7G,  Windows 11 , 64 bit Build 22000 (10.0.22000.2538)
Time: Thu Apr  9 13:47:23 2026 Sri Lanka Standard Time elapsed time: 20.925550 seconds (0d 0h 0m 20s)

---------------  T H R E A D  ---------------

Current thread (0x0000019955866770):  JavaThread "C2 CompilerThread1" daemon [_thread_in_native, id=23628, stack(0x00000072c8800000,0x00000072c8900000) (1024K)]


Current CompileTask:
C2:20925 11298       4       jdk.internal.org.objectweb.asm.SymbolTable::addConstantMemberReference (147 bytes)

Stack: [0x00000072c8800000,0x00000072c8900000]
Native frames: (J=compiled Java code, j=interpreted, Vv=VM code, C=native code)
V  [jvm.dll+0x6d7a39]
V  [jvm.dll+0x8b4b26]
V  [jvm.dll+0x8b70de]
V  [jvm.dll+0x8b77c3]
V  [jvm.dll+0x284346]
V  [jvm.dll+0xc66ed]
V  [jvm.dll+0xc6c31]
V  [jvm.dll+0x3bec3b]
V  [jvm.dll+0x38b162]
V  [jvm.dll+0x38a5aa]
V  [jvm.dll+0x24c560]
V  [jvm.dll+0x24bb40]
V  [jvm.dll+0x1cb34e]
V  [jvm.dll+0x25b85d]
V  [jvm.dll+0x259dea]
V  [jvm.dll+0x3f857e]
V  [jvm.dll+0x85f59d]
V  [jvm.dll+0x6d626d]
C  [ucrtbase.dll+0x26c0c]
C  [KERNEL32.DLL+0x153e0]
C  [ntdll.dll+0x485b]


---------------  P R O C E S S  ---------------

Threads class SMR info:
_java_thread_list=0x00000199580de970, length=67, elements={
0x00000199777cefd0, 0x000001997773c750, 0x000001997773d0d0, 0x0000019977743890,
0x0000019977744830, 0x0000019977746760, 0x00000199777471c0, 0x0000019977747f50,
0x000001997774d160, 0x0000019950c65810, 0x0000019950d865b0, 0x000001995547e350,
0x00000199558998b0, 0x00000199555d3cd0, 0x0000019955865de0, 0x0000019955c27020,
0x00000199553a9610, 0x0000019955d64760, 0x0000019955d633b0, 0x0000019955d640d0,
0x0000019955d62690, 0x0000019955d62d20, 0x0000019955d62000, 0x00000199575237f0,
0x0000019957523e80, 0x0000019957524ba0, 0x00000199575265e0, 0x0000019957522440,
0x0000019957521090, 0x0000019957521720, 0x0000019957522ad0, 0x0000019957524510,
0x0000019957525f50, 0x000001995751f650, 0x0000019957523160, 0x0000019957525230,
0x00000199575258c0, 0x0000019957526c70, 0x0000019957521db0, 0x000001995751fce0,
0x0000019957520370, 0x0000019957520a00, 0x0000019957a0cf40, 0x0000019957a0a150,
0x0000019957a0c220, 0x0000019957a08710, 0x0000019957a0ae70, 0x0000019957a09430,
0x0000019957a0dc60, 0x0000019957a0c8b0, 0x0000019957a0e2f0, 0x0000019957a0a7e0,
0x0000019957a0f6a0, 0x0000019957a0e980, 0x0000019957a0f010, 0x0000019957a0fd30,
0x0000019957a09ac0, 0x0000019957a0b500, 0x0000019957a0bb90, 0x000001995732ab30,
0x0000019957327d40, 0x000001995732b1c0, 0x0000019957326990, 0x0000019957326300,
0x000001995732a4a0, 0x0000019957327020, 0x0000019955866770
}

Java Threads: ( => current thread )
  0x00000199777cefd0 JavaThread "main"                              [_thread_blocked, id=14112, stack(0x00000072c7a00000,0x00000072c7b00000) (1024K)]
  0x000001997773c750 JavaThread "Reference Handler"          daemon [_thread_blocked, id=6056, stack(0x00000072c7e00000,0x00000072c7f00000) (1024K)]
  0x000001997773d0d0 JavaThread "Finalizer"                  daemon [_thread_blocked, id=3300, stack(0x00000072c7f00000,0x00000072c8000000) (1024K)]
  0x0000019977743890 JavaThread "Signal Dispatcher"          daemon [_thread_blocked, id=4940, stack(0x00000072c8000000,0x00000072c8100000) (1024K)]
  0x0000019977744830 JavaThread "Attach Listener"            daemon [_thread_blocked, id=21988, stack(0x00000072c8100000,0x00000072c8200000) (1024K)]
  0x0000019977746760 JavaThread "Service Thread"             daemon [_thread_blocked, id=16212, stack(0x00000072c8200000,0x00000072c8300000) (1024K)]
  0x00000199777471c0 JavaThread "Monitor Deflation Thread"   daemon [_thread_blocked, id=8676, stack(0x00000072c8300000,0x00000072c8400000) (1024K)]
  0x0000019977747f50 JavaThread "C2 CompilerThread0"         daemon [_thread_in_native, id=18800, stack(0x00000072c8400000,0x00000072c8500000) (1024K)]
  0x000001997774d160 JavaThread "C1 CompilerThread0"         daemon [_thread_blocked, id=6996, stack(0x00000072c8500000,0x00000072c8600000) (1024K)]
  0x0000019950c65810 JavaThread "Common-Cleaner"             daemon [_thread_blocked, id=22956, stack(0x00000072c8600000,0x00000072c8700000) (1024K)]
  0x0000019950d865b0 JavaThread "Notification Thread"        daemon [_thread_blocked, id=21628, stack(0x00000072c8700000,0x00000072c8800000) (1024K)]
  0x000001995547e350 JavaThread "Active Thread: Equinox Container: fd1fb102-6206-444e-8906-29c634ed01ff"        [_thread_blocked, id=6752, stack(0x00000072c8f00000,0x00000072c9000000) (1024K)]
  0x00000199558998b0 JavaThread "Refresh Thread: Equinox Container: fd1fb102-6206-444e-8906-29c634ed01ff" daemon [_thread_blocked, id=18964, stack(0x00000072c9100000,0x00000072c9200000) (1024K)]
  0x00000199555d3cd0 JavaThread "Framework Event Dispatcher: Equinox Container: fd1fb102-6206-444e-8906-29c634ed01ff" daemon [_thread_blocked, id=24436, stack(0x00000072c9200000,0x00000072c9300000) (1024K)]
  0x0000019955865de0 JavaThread "Start Level: Equinox Container: fd1fb102-6206-444e-8906-29c634ed01ff" daemon [_thread_blocked, id=24496, stack(0x00000072c9300000,0x00000072c9400000) (1024K)]
  0x0000019955c27020 JavaThread "Bundle File Closer"         daemon [_thread_blocked, id=23440, stack(0x00000072c9400000,0x00000072c9500000) (1024K)]
  0x00000199553a9610 JavaThread "SCR Component Actor"        daemon [_thread_blocked, id=14524, stack(0x00000072c9500000,0x00000072c9600000) (1024K)]
  0x0000019955d64760 JavaThread "Worker-JM"                         [_thread_blocked, id=24240, stack(0x00000072c9600000,0x00000072c9700000) (1024K)]
  0x0000019955d633b0 JavaThread "JNA Cleaner"                daemon [_thread_blocked, id=21904, stack(0x00000072c9700000,0x00000072c9800000) (1024K)]
  0x0000019955d640d0 JavaThread "Worker-0"                          [_thread_blocked, id=5316, stack(0x00000072c9800000,0x00000072c9900000) (1024K)]
  0x0000019955d62690 JavaThread "Worker-1"                          [_thread_blocked, id=14220, stack(0x00000072c9900000,0x00000072c9a00000) (1024K)]
  0x0000019955d62d20 JavaThread "Worker-2: Initialize Workspace"        [_thread_in_native, id=20644, stack(0x00000072c9a00000,0x00000072c9b00000) (1024K)]
  0x0000019955d62000 JavaThread "Java indexing"              daemon [_thread_blocked, id=5596, stack(0x00000072c9b00000,0x00000072c9c00000) (1024K)]
  0x00000199575237f0 JavaThread "Worker-3"                          [_thread_blocked, id=24052, stack(0x00000072c9c00000,0x00000072c9d00000) (1024K)]
  0x0000019957523e80 JavaThread "Worker-4"                          [_thread_blocked, id=12316, stack(0x00000072c9d00000,0x00000072c9e00000) (1024K)]
  0x0000019957524ba0 JavaThread "Worker-5"                          [_thread_blocked, id=11196, stack(0x00000072ca000000,0x00000072ca100000) (1024K)]
  0x00000199575265e0 JavaThread "Thread-1"                   daemon [_thread_in_native, id=13316, stack(0x00000072ca100000,0x00000072ca200000) (1024K)]
  0x0000019957522440 JavaThread "Thread-2"                   daemon [_thread_in_native, id=9344, stack(0x00000072ca200000,0x00000072ca300000) (1024K)]
  0x0000019957521090 JavaThread "Thread-3"                   daemon [_thread_in_native, id=21604, stack(0x00000072ca300000,0x00000072ca400000) (1024K)]
  0x0000019957521720 JavaThread "Thread-4"                   daemon [_thread_in_native, id=1612, stack(0x00000072ca400000,0x00000072ca500000) (1024K)]
  0x0000019957522ad0 JavaThread "Thread-5"                   daemon [_thread_in_native, id=6660, stack(0x00000072ca500000,0x00000072ca600000) (1024K)]
  0x0000019957524510 JavaThread "Thread-6"                   daemon [_thread_in_native, id=20256, stack(0x00000072ca600000,0x00000072ca700000) (1024K)]
  0x0000019957525f50 JavaThread "Thread-7"                   daemon [_thread_in_native, id=12496, stack(0x00000072ca700000,0x00000072ca800000) (1024K)]
  0x000001995751f650 JavaThread "Thread-8"                   daemon [_thread_in_native, id=5156, stack(0x00000072ca800000,0x00000072ca900000) (1024K)]
  0x0000019957523160 JavaThread "Thread-9"                   daemon [_thread_in_native, id=16192, stack(0x00000072ca900000,0x00000072caa00000) (1024K)]
  0x0000019957525230 JavaThread "pool-2-thread-1"                   [_thread_blocked, id=19776, stack(0x00000072caa00000,0x00000072cab00000) (1024K)]
  0x00000199575258c0 JavaThread "WorkspaceEventsHandler"            [_thread_blocked, id=15768, stack(0x00000072cab00000,0x00000072cac00000) (1024K)]
  0x0000019957526c70 JavaThread "pool-1-thread-1"                   [_thread_blocked, id=14448, stack(0x00000072cac00000,0x00000072cad00000) (1024K)]
  0x0000019957521db0 JavaThread "ForkJoinPool.commonPool-worker-1" daemon [_thread_blocked, id=24244, stack(0x00000072cad00000,0x00000072cae00000) (1024K)]
  0x000001995751fce0 JavaThread "ForkJoinPool.commonPool-worker-2" daemon [_thread_blocked, id=24480, stack(0x00000072cae00000,0x00000072caf00000) (1024K)]
  0x0000019957520370 JavaThread "ForkJoinPool.commonPool-worker-3" daemon [_thread_blocked, id=24088, stack(0x00000072caf00000,0x00000072cb000000) (1024K)]
  0x0000019957520a00 JavaThread "ForkJoinPool.commonPool-worker-4" daemon [_thread_blocked, id=24440, stack(0x00000072cb000000,0x00000072cb100000) (1024K)]
  0x0000019957a0cf40 JavaThread "ForkJoinPool.commonPool-worker-5" daemon [_thread_blocked, id=21580, stack(0x00000072cb100000,0x00000072cb200000) (1024K)]
  0x0000019957a0a150 JavaThread "ForkJoinPool.commonPool-worker-6" daemon [_thread_blocked, id=15548, stack(0x00000072cb200000,0x00000072cb300000) (1024K)]
  0x0000019957a0c220 JavaThread "ForkJoinPool.commonPool-worker-7" daemon [_thread_blocked, id=22788, stack(0x00000072cb300000,0x00000072cb400000) (1024K)]
  0x0000019957a08710 JavaThread "LocalFile Deleter"          daemon [_thread_blocked, id=11188, stack(0x00000072cb400000,0x00000072cb500000) (1024K)]
  0x0000019957a0ae70 JavaThread "LocalFile Deleter"          daemon [_thread_blocked, id=7764, stack(0x00000072cb500000,0x00000072cb600000) (1024K)]
  0x0000019957a09430 JavaThread "LocalFile Deleter"          daemon [_thread_blocked, id=21932, stack(0x00000072cb600000,0x00000072cb700000) (1024K)]
  0x0000019957a0dc60 JavaThread "LocalFile Deleter"          daemon [_thread_blocked, id=20552, stack(0x00000072cb700000,0x00000072cb800000) (1024K)]
  0x0000019957a0c8b0 JavaThread "LocalFile Deleter"          daemon [_thread_blocked, id=18468, stack(0x00000072cb800000,0x00000072cb900000) (1024K)]
  0x0000019957a0e2f0 JavaThread "LocalFile Deleter"          daemon [_thread_blocked, id=7800, stack(0x00000072cb900000,0x00000072cba00000) (1024K)]
  0x0000019957a0a7e0 JavaThread "LocalFile Deleter"          daemon [_thread_blocked, id=15800, stack(0x00000072cba00000,0x00000072cbb00000) (1024K)]
  0x0000019957a0f6a0 JavaThread "LocalFile Deleter"          daemon [_thread_blocked, id=2028, stack(0x00000072cbb00000,0x00000072cbc00000) (1024K)]
  0x0000019957a0e980 JavaThread "Compiler Source File Reader" daemon [_thread_blocked, id=22948, stack(0x00000072cbc00000,0x00000072cbd00000) (1024K)]
  0x0000019957a0f010 JavaThread "Compiler Source File Reader" daemon [_thread_blocked, id=8900, stack(0x00000072cbd00000,0x00000072cbe00000) (1024K)]
  0x0000019957a0fd30 JavaThread "Compiler Source File Reader" daemon [_thread_blocked, id=12852, stack(0x00000072cbe00000,0x00000072cbf00000) (1024K)]
  0x0000019957a09ac0 JavaThread "Compiler Source File Reader" daemon [_thread_blocked, id=24228, stack(0x00000072cbf00000,0x00000072cc000000) (1024K)]
  0x0000019957a0b500 JavaThread "Compiler Source File Reader" daemon [_thread_blocked, id=24468, stack(0x00000072cc000000,0x00000072cc100000) (1024K)]
  0x0000019957a0bb90 JavaThread "Compiler Source File Reader" daemon [_thread_blocked, id=9052, stack(0x00000072cc100000,0x00000072cc200000) (1024K)]
  0x000001995732ab30 JavaThread "Compiler Processing Task"   daemon [_thread_blocked, id=20968, stack(0x00000072cc200000,0x00000072cc300000) (1024K)]
  0x0000019957327d40 JavaThread "Compiler Class File Writer" daemon [_thread_blocked, id=23708, stack(0x00000072cc300000,0x00000072cc400000) (1024K)]
  0x000001995732b1c0 JavaThread "Compiler Class File Writer" daemon [_thread_blocked, id=11644, stack(0x00000072cc400000,0x00000072cc500000) (1024K)]
  0x0000019957326990 JavaThread "Compiler Class File Writer" daemon [_thread_blocked, id=23944, stack(0x00000072cc500000,0x00000072cc600000) (1024K)]
  0x0000019957326300 JavaThread "Compiler Class File Writer" daemon [_thread_blocked, id=24528, stack(0x00000072cc600000,0x00000072cc700000) (1024K)]
  0x000001995732a4a0 JavaThread "Compiler Class File Writer" daemon [_thread_blocked, id=1644, stack(0x00000072cc700000,0x00000072cc800000) (1024K)]
  0x0000019957327020 JavaThread "Compiler Class File Writer" daemon [_thread_blocked, id=23168, stack(0x00000072cc800000,0x00000072cc900000) (1024K)]
=>0x0000019955866770 JavaThread "C2 CompilerThread1"         daemon [_thread_in_native, id=23628, stack(0x00000072c8800000,0x00000072c8900000) (1024K)]
Total: 67

Other Threads:
  0x000001997788fa70 VMThread "VM Thread"                           [id=19684, stack(0x00000072c7d00000,0x00000072c7e00000) (1024K)]
  0x000001997766ca00 WatcherThread "VM Periodic Task Thread"        [id=21116, stack(0x00000072c7c00000,0x00000072c7d00000) (1024K)]
  0x00000199777ec0d0 WorkerThread "GC Thread#0"                     [id=23048, stack(0x00000072c7b00000,0x00000072c7c00000) (1024K)]
  0x00000199552e9b00 WorkerThread "GC Thread#1"                     [id=9840, stack(0x00000072c8900000,0x00000072c8a00000) (1024K)]
  0x0000019950db3c30 WorkerThread "GC Thread#2"                     [id=23252, stack(0x00000072c8a00000,0x00000072c8b00000) (1024K)]
  0x0000019950db3fe0 WorkerThread "GC Thread#3"                     [id=15828, stack(0x00000072c8b00000,0x00000072c8c00000) (1024K)]
  0x0000019950db4390 WorkerThread "GC Thread#4"                     [id=1276, stack(0x00000072c8c00000,0x00000072c8d00000) (1024K)]
  0x0000019950db4740 WorkerThread "GC Thread#5"                     [id=15516, stack(0x00000072c8d00000,0x00000072c8e00000) (1024K)]
  0x0000019950db4af0 WorkerThread "GC Thread#6"                     [id=11280, stack(0x00000072c8e00000,0x00000072c8f00000) (1024K)]
  0x000001995581add0 WorkerThread "GC Thread#7"                     [id=15240, stack(0x00000072c9000000,0x00000072c9100000) (1024K)]
Total: 10

Threads with active compile tasks:
C2 CompilerThread0  21000 11317   !   4       org.eclipse.osgi.internal.loader.BundleLoader::getImportedSources (114 bytes)
C2 CompilerThread1  21000 11298       4       jdk.internal.org.objectweb.asm.SymbolTable::addConstantMemberReference (147 bytes)
Total: 2

VM state: not at safepoint (normal execution)

VM Mutex/Monitor currently owned by a thread: None

Heap address: 0x0000000080000000, size: 2048 MB, Compressed Oops mode: 32-bit

CDS archive(s) mapped at: [0x000001990f000000-0x000001990fba0000-0x000001990fba0000), size 12189696, SharedBaseAddress: 0x000001990f000000, ArchiveRelocationMode: 1.
Compressed class space mapped at: 0x0000019910000000-0x0000019950000000, reserved size: 1073741824
Narrow klass base: 0x000001990f000000, Narrow klass shift: 0, Narrow klass range: 0x100000000

GC Precious Log:
 CardTable entry size: 512
 CPUs: 8 total, 8 available
 Memory: 8071M
 Large Page Support: Disabled
 NUMA Support: Disabled
 Compressed Oops: Enabled (32-bit)
 Alignments: Space 512K, Generation 512K, Heap 2M
 Heap Min Capacity: 100M
 Heap Initial Capacity: 100M
 Heap Max Capacity: 2G
 Pre-touch: Disabled
 Parallel Workers: 8

Heap:
 PSYoungGen      total 6144K, used 3274K [0x00000000d5580000, 0x00000000d5c80000, 0x0000000100000000)
  eden space 5632K, 54% used [0x00000000d5580000,0x00000000d587aa00,0x00000000d5b00000)
  from space 512K, 43% used [0x00000000d5c00000,0x00000000d5c38000,0x00000000d5c80000)
  to   space 512K, 0% used [0x00000000d5b80000,0x00000000d5b80000,0x00000000d5c00000)
 ParOldGen       total 81920K, used 77014K [0x0000000080000000, 0x0000000085000000, 0x00000000d5580000)
  object space 81920K, 94% used [0x0000000080000000,0x0000000084b35b80,0x0000000085000000)
 Metaspace       used 62438K, committed 63808K, reserved 1114112K
  class space    used 6626K, committed 7232K, reserved 1048576K

Card table byte_map: [0x0000019977180000,0x0000019977590000] _byte_map_base: 0x0000019976d80000

Marking Bits: (ParMarkBitMap*) 0x00007ffbb5ed3450
 Begin Bits: [0x000001997ac90000, 0x000001997cc90000)
 End Bits:   [0x000001997cc90000, 0x000001997ec90000)

Polling page: 0x0000019975660000

Metaspace:

Usage:
  Non-class:     54.50 MB used.
      Class:      6.47 MB used.
       Both:     60.98 MB used.

Virtual space:
  Non-class space:       64.00 MB reserved,      55.25 MB ( 86%) committed,  1 nodes.
      Class space:        1.00 GB reserved,       7.06 MB ( <1%) committed,  1 nodes.
             Both:        1.06 GB reserved,      62.31 MB (  6%) committed. 

Chunk freelists:
   Non-Class:  8.69 MB
       Class:  8.76 MB
        Both:  17.44 MB

MaxMetaspaceSize: unlimited
CompressedClassSpaceSize: 1.00 GB
Initial GC threshold: 21.00 MB
Current GC threshold: 97.31 MB
CDS: on
 - commit_granule_bytes: 65536.
 - commit_granule_words: 8192.
 - virtual_space_node_default_size: 8388608.
 - enlarge_chunks_in_place: 1.
 - use_allocation_guard: 0.


Internal statistics:

num_allocs_failed_limit: 9.
num_arena_births: 1180.
num_arena_deaths: 14.
num_vsnodes_births: 2.
num_vsnodes_deaths: 0.
num_space_committed: 997.
num_space_uncommitted: 0.
num_chunks_returned_to_freelist: 23.
num_chunks_taken_from_freelist: 4159.
num_chunk_merges: 15.
num_chunk_splits: 2547.
num_chunks_enlarged: 1396.
num_inconsistent_stats: 0.

CodeHeap 'non-profiled nmethods': size=120000Kb used=5398Kb max_used=5398Kb free=114601Kb
 bounds [0x0000019907ad0000, 0x0000019908020000, 0x000001990f000000]
CodeHeap 'profiled nmethods': size=120000Kb used=22350Kb max_used=22350Kb free=97649Kb
 bounds [0x0000019900000000, 0x00000199015e0000, 0x0000019907530000]
CodeHeap 'non-nmethods': size=5760Kb used=1410Kb max_used=1506Kb free=4349Kb
 bounds [0x0000019907530000, 0x00000199077a0000, 0x0000019907ad0000]
CodeCache: size=245760Kb, used=29158Kb, max_used=29254Kb, free=216599Kb
 total_blobs=11289, nmethods=10566, adapters=629, full_count=0
Compilation: enabled, stopped_count=0, restarted_count=0

Compilation events (20 events):
Event: 20.868 Thread 0x000001997774d160 11304       3       com.google.gson.stream.JsonWriter::peek (29 bytes)
Event: 20.868 Thread 0x000001997774d160 nmethod 11304 0x00000199015cbe10 code [0x00000199015cbfc0, 0x00000199015cc208]
Event: 20.873 Thread 0x000001997774d160 11305       3       jdk.internal.reflect.ReflectionFactory::newConstructorAccessor (144 bytes)
Event: 20.874 Thread 0x000001997774d160 nmethod 11305 0x00000199015cc390 code [0x00000199015cc5c0, 0x00000199015ccc10]
Event: 20.874 Thread 0x000001997774d160 11306   !   3       jdk.internal.reflect.MethodHandleAccessorFactory::newConstructorAccessor (84 bytes)
Event: 20.876 Thread 0x000001997774d160 nmethod 11306 0x00000199015ccf10 code [0x00000199015cd260, 0x00000199015ce608]
Event: 20.879 Thread 0x0000019977747f50 nmethod 11273 0x000001990800ee10 code [0x000001990800f0a0, 0x0000019908010120]
Event: 20.880 Thread 0x0000019977747f50 11301       4       org.eclipse.core.runtime.Path::equals (127 bytes)
Event: 20.882 Thread 0x000001997774d160 11307       3       java.util.concurrent.locks.LockSupport::setBlocker (12 bytes)
Event: 20.882 Thread 0x000001997774d160 nmethod 11307 0x00000199015cef10 code [0x00000199015cf0c0, 0x00000199015cf280]
Event: 20.889 Thread 0x000001997774d160 11309       3       java.util.regex.Pattern$$Lambda/0x0000019910068548::is (5 bytes)
Event: 20.890 Thread 0x000001997774d160 nmethod 11309 0x00000199015cf310 code [0x00000199015cf4c0, 0x00000199015cf718]
Event: 20.890 Thread 0x0000019977747f50 nmethod 11301 0x0000019908010f10 code [0x00000199080110c0, 0x0000019908011570]
Event: 20.890 Thread 0x0000019977747f50 11303       4       jdk.internal.org.objectweb.asm.SymbolTable::addType (81 bytes)
Event: 20.904 Thread 0x000001997774d160 11311       3       java.lang.reflect.Constructor::isVarArgs (5 bytes)
Event: 20.904 Thread 0x000001997774d160 nmethod 11311 0x00000199015cf810 code [0x00000199015cf9c0, 0x00000199015cfb98]
Event: 20.904 Thread 0x000001997774d160 11312       3       java.util.regex.Pattern::read (33 bytes)
Event: 20.905 Thread 0x000001997774d160 nmethod 11312 0x00000199015cfc90 code [0x00000199015cfe40, 0x00000199015d00a0]
Event: 20.922 Thread 0x0000019977747f50 nmethod 11303 0x0000019908011790 code [0x00000199080119a0, 0x0000019908012668]
Event: 20.922 Thread 0x0000019977747f50 11284   !   4       org.eclipse.core.internal.watson.ElementTree::includes (48 bytes)

GC Heap History (20 events):
Event: 18.626 GC heap before
{Heap before GC invocations=76 (full 3):
 PSYoungGen      total 7168K, used 6752K [0x00000000d5580000, 0x00000000d5e00000, 0x0000000100000000)
  eden space 6144K, 100% used [0x00000000d5580000,0x00000000d5b80000,0x00000000d5b80000)
  from space 1024K, 59% used [0x00000000d5d00000,0x00000000d5d98000,0x00000000d5e00000)
  to   space 1024K, 0% used [0x00000000d5c00000,0x00000000d5c00000,0x00000000d5d00000)
 ParOldGen       total 81920K, used 72814K [0x0000000080000000, 0x0000000085000000, 0x00000000d5580000)
  object space 81920K, 88% used [0x0000000080000000,0x000000008471b9c8,0x0000000085000000)
 Metaspace       used 60310K, committed 61632K, reserved 1114112K
  class space    used 6388K, committed 6976K, reserved 1048576K
}
Event: 18.628 GC heap after
{Heap after GC invocations=76 (full 3):
 PSYoungGen      total 7168K, used 832K [0x00000000d5580000, 0x00000000d5d80000, 0x0000000100000000)
  eden space 6144K, 0% used [0x00000000d5580000,0x00000000d5580000,0x00000000d5b80000)
  from space 1024K, 81% used [0x00000000d5c00000,0x00000000d5cd0000,0x00000000d5d00000)
  to   space 512K, 0% used [0x00000000d5d00000,0x00000000d5d00000,0x00000000d5d80000)
 ParOldGen       total 81920K, used 73038K [0x0000000080000000, 0x0000000085000000, 0x00000000d5580000)
  object space 81920K, 89% used [0x0000000080000000,0x00000000847539c8,0x0000000085000000)
 Metaspace       used 60310K, committed 61632K, reserved 1114112K
  class space    used 6388K, committed 6976K, reserved 1048576K
}
Event: 18.643 GC heap before
{Heap before GC invocations=77 (full 3):
 PSYoungGen      total 7168K, used 6976K [0x00000000d5580000, 0x00000000d5d80000, 0x0000000100000000)
  eden space 6144K, 100% used [0x00000000d5580000,0x00000000d5b80000,0x00000000d5b80000)
  from space 1024K, 81% used [0x00000000d5c00000,0x00000000d5cd0000,0x00000000d5d00000)
  to   space 512K, 0% used [0x00000000d5d00000,0x00000000d5d00000,0x00000000d5d80000)
 ParOldGen       total 81920K, used 73038K [0x0000000080000000, 0x0000000085000000, 0x00000000d5580000)
  object space 81920K, 89% used [0x0000000080000000,0x00000000847539c8,0x0000000085000000)
 Metaspace       used 60314K, committed 61632K, reserved 1114112K
  class space    used 6388K, committed 6976K, reserved 1048576K
}
Event: 18.645 GC heap after
{Heap after GC invocations=77 (full 3):
 PSYoungGen      total 6144K, used 512K [0x00000000d5580000, 0x00000000d5f80000, 0x0000000100000000)
  eden space 5632K, 0% used [0x00000000d5580000,0x00000000d5580000,0x00000000d5b00000)
  from space 512K, 100% used [0x00000000d5d00000,0x00000000d5d80000,0x00000000d5d80000)
  to   space 2048K, 0% used [0x00000000d5b00000,0x00000000d5b00000,0x00000000d5d00000)
 ParOldGen       total 81920K, used 74254K [0x0000000080000000, 0x0000000085000000, 0x00000000d5580000)
  object space 81920K, 90% used [0x0000000080000000,0x00000000848839e8,0x0000000085000000)
 Metaspace       used 60314K, committed 61632K, reserved 1114112K
  class space    used 6388K, committed 6976K, reserved 1048576K
}
Event: 18.683 GC heap before
{Heap before GC invocations=78 (full 3):
 PSYoungGen      total 6144K, used 6144K [0x00000000d5580000, 0x00000000d5f80000, 0x0000000100000000)
  eden space 5632K, 100% used [0x00000000d5580000,0x00000000d5b00000,0x00000000d5b00000)
  from space 512K, 100% used [0x00000000d5d00000,0x00000000d5d80000,0x00000000d5d80000)
  to   space 2048K, 0% used [0x00000000d5b00000,0x00000000d5b00000,0x00000000d5d00000)
 ParOldGen       total 81920K, used 74254K [0x0000000080000000, 0x0000000085000000, 0x00000000d5580000)
  object space 81920K, 90% used [0x0000000080000000,0x00000000848839e8,0x0000000085000000)
 Metaspace       used 60326K, committed 61632K, reserved 1114112K
  class space    used 6388K, committed 6976K, reserved 1048576K
}
Event: 18.685 GC heap after
{Heap after GC invocations=78 (full 3):
 PSYoungGen      total 6656K, used 592K [0x00000000d5580000, 0x00000000d5d80000, 0x0000000100000000)
  eden space 5632K, 0% used [0x00000000d5580000,0x00000000d5580000,0x00000000d5b00000)
  from space 1024K, 57% used [0x00000000d5b00000,0x00000000d5b94010,0x00000000d5c00000)
  to   space 1024K, 0% used [0x00000000d5c80000,0x00000000d5c80000,0x00000000d5d80000)
 ParOldGen       total 81920K, used 74566K [0x0000000080000000, 0x0000000085000000, 0x00000000d5580000)
  object space 81920K, 91% used [0x0000000080000000,0x00000000848d19e8,0x0000000085000000)
 Metaspace       used 60326K, committed 61632K, reserved 1114112K
  class space    used 6388K, committed 6976K, reserved 1048576K
}
Event: 19.080 GC heap before
{Heap before GC invocations=79 (full 3):
 PSYoungGen      total 6656K, used 6224K [0x00000000d5580000, 0x00000000d5d80000, 0x0000000100000000)
  eden space 5632K, 99% used [0x00000000d5580000,0x00000000d5affff0,0x00000000d5b00000)
  from space 1024K, 57% used [0x00000000d5b00000,0x00000000d5b94010,0x00000000d5c00000)
  to   space 1024K, 0% used [0x00000000d5c80000,0x00000000d5c80000,0x00000000d5d80000)
 ParOldGen       total 81920K, used 74566K [0x0000000080000000, 0x0000000085000000, 0x00000000d5580000)
  object space 81920K, 91% used [0x0000000080000000,0x00000000848d19e8,0x0000000085000000)
 Metaspace       used 60395K, committed 61696K, reserved 1114112K
  class space    used 6391K, committed 6976K, reserved 1048576K
}
Event: 19.083 GC heap after
{Heap after GC invocations=79 (full 3):
 PSYoungGen      total 6144K, used 320K [0x00000000d5580000, 0x00000000d5d00000, 0x0000000100000000)
  eden space 5632K, 0% used [0x00000000d5580000,0x00000000d5580000,0x00000000d5b00000)
  from space 512K, 62% used [0x00000000d5c80000,0x00000000d5cd0000,0x00000000d5d00000)
  to   space 512K, 0% used [0x00000000d5c00000,0x00000000d5c00000,0x00000000d5c80000)
 ParOldGen       total 81920K, used 74798K [0x0000000080000000, 0x0000000085000000, 0x00000000d5580000)
  object space 81920K, 91% used [0x0000000080000000,0x000000008490b9e8,0x0000000085000000)
 Metaspace       used 60395K, committed 61696K, reserved 1114112K
  class space    used 6391K, committed 6976K, reserved 1048576K
}
Event: 19.764 GC heap before
{Heap before GC invocations=80 (full 3):
 PSYoungGen      total 6144K, used 5952K [0x00000000d5580000, 0x00000000d5d00000, 0x0000000100000000)
  eden space 5632K, 100% used [0x00000000d5580000,0x00000000d5b00000,0x00000000d5b00000)
  from space 512K, 62% used [0x00000000d5c80000,0x00000000d5cd0000,0x00000000d5d00000)
  to   space 512K, 0% used [0x00000000d5c00000,0x00000000d5c00000,0x00000000d5c80000)
 ParOldGen       total 81920K, used 74798K [0x0000000080000000, 0x0000000085000000, 0x00000000d5580000)
  object space 81920K, 91% used [0x0000000080000000,0x000000008490b9e8,0x0000000085000000)
 Metaspace       used 60742K, committed 62080K, reserved 1114112K
  class space    used 6430K, committed 7040K, reserved 1048576K
}
Event: 19.766 GC heap after
{Heap after GC invocations=80 (full 3):
 PSYoungGen      total 6144K, used 416K [0x00000000d5580000, 0x00000000d5d00000, 0x0000000100000000)
  eden space 5632K, 0% used [0x00000000d5580000,0x00000000d5580000,0x00000000d5b00000)
  from space 512K, 81% used [0x00000000d5c00000,0x00000000d5c68000,0x00000000d5c80000)
  to   space 512K, 0% used [0x00000000d5c80000,0x00000000d5c80000,0x00000000d5d00000)
 ParOldGen       total 81920K, used 74950K [0x0000000080000000, 0x0000000085000000, 0x00000000d5580000)
  object space 81920K, 91% used [0x0000000080000000,0x00000000849319e8,0x0000000085000000)
 Metaspace       used 60742K, committed 62080K, reserved 1114112K
  class space    used 6430K, committed 7040K, reserved 1048576K
}
Event: 20.094 GC heap before
{Heap before GC invocations=81 (full 3):
 PSYoungGen      total 6144K, used 6048K [0x00000000d5580000, 0x00000000d5d00000, 0x0000000100000000)
  eden space 5632K, 100% used [0x00000000d5580000,0x00000000d5b00000,0x00000000d5b00000)
  from space 512K, 81% used [0x00000000d5c00000,0x00000000d5c68000,0x00000000d5c80000)
  to   space 512K, 0% used [0x00000000d5c80000,0x00000000d5c80000,0x00000000d5d00000)
 ParOldGen       total 81920K, used 74950K [0x0000000080000000, 0x0000000085000000, 0x00000000d5580000)
  object space 81920K, 91% used [0x0000000080000000,0x00000000849319e8,0x0000000085000000)
 Metaspace       used 60883K, committed 62272K, reserved 1114112K
  class space    used 6456K, committed 7040K, reserved 1048576K
}
Event: 20.097 GC heap after
{Heap after GC invocations=81 (full 3):
 PSYoungGen      total 6144K, used 512K [0x00000000d5580000, 0x00000000d5e00000, 0x0000000100000000)
  eden space 5632K, 0% used [0x00000000d5580000,0x00000000d5580000,0x00000000d5b00000)
  from space 512K, 100% used [0x00000000d5c80000,0x00000000d5d00000,0x00000000d5d00000)
  to   space 1536K, 0% used [0x00000000d5b00000,0x00000000d5b00000,0x00000000d5c80000)
 ParOldGen       total 81920K, used 75510K [0x0000000080000000, 0x0000000085000000, 0x00000000d5580000)
  object space 81920K, 92% used [0x0000000080000000,0x00000000849bd9e8,0x0000000085000000)
 Metaspace       used 60883K, committed 62272K, reserved 1114112K
  class space    used 6456K, committed 7040K, reserved 1048576K
}
Event: 20.377 GC heap before
{Heap before GC invocations=82 (full 3):
 PSYoungGen      total 6144K, used 6144K [0x00000000d5580000, 0x00000000d5e00000, 0x0000000100000000)
  eden space 5632K, 100% used [0x00000000d5580000,0x00000000d5b00000,0x00000000d5b00000)
  from space 512K, 100% used [0x00000000d5c80000,0x00000000d5d00000,0x00000000d5d00000)
  to   space 1536K, 0% used [0x00000000d5b00000,0x00000000d5b00000,0x00000000d5c80000)
 ParOldGen       total 81920K, used 75510K [0x0000000080000000, 0x0000000085000000, 0x00000000d5580000)
  object space 81920K, 92% used [0x0000000080000000,0x00000000849bd9e8,0x0000000085000000)
 Metaspace       used 61103K, committed 62464K, reserved 1114112K
  class space    used 6491K, committed 7104K, reserved 1048576K
}
Event: 20.380 GC heap after
{Heap after GC invocations=82 (full 3):
 PSYoungGen      total 7168K, used 1056K [0x00000000d5580000, 0x00000000d5e00000, 0x0000000100000000)
  eden space 5632K, 0% used [0x00000000d5580000,0x00000000d5580000,0x00000000d5b00000)
  from space 1536K, 68% used [0x00000000d5b00000,0x00000000d5c08000,0x00000000d5c80000)
  to   space 1536K, 0% used [0x00000000d5c80000,0x00000000d5c80000,0x00000000d5e00000)
 ParOldGen       total 81920K, used 75934K [0x0000000080000000, 0x0000000085000000, 0x00000000d5580000)
  object space 81920K, 92% used [0x0000000080000000,0x0000000084a279e8,0x0000000085000000)
 Metaspace       used 61103K, committed 62464K, reserved 1114112K
  class space    used 6491K, committed 7104K, reserved 1048576K
}
Event: 20.433 GC heap before
{Heap before GC invocations=83 (full 3):
 PSYoungGen      total 7168K, used 6688K [0x00000000d5580000, 0x00000000d5e00000, 0x0000000100000000)
  eden space 5632K, 100% used [0x00000000d5580000,0x00000000d5b00000,0x00000000d5b00000)
  from space 1536K, 68% used [0x00000000d5b00000,0x00000000d5c08000,0x00000000d5c80000)
  to   space 1536K, 0% used [0x00000000d5c80000,0x00000000d5c80000,0x00000000d5e00000)
 ParOldGen       total 81920K, used 75934K [0x0000000080000000, 0x0000000085000000, 0x00000000d5580000)
  object space 81920K, 92% used [0x0000000080000000,0x0000000084a279e8,0x0000000085000000)
 Metaspace       used 61110K, committed 62464K, reserved 1114112K
  class space    used 6492K, committed 7104K, reserved 1048576K
}
Event: 20.434 GC heap after
{Heap after GC invocations=83 (full 3):
 PSYoungGen      total 6144K, used 384K [0x00000000d5580000, 0x00000000d5d00000, 0x0000000100000000)
  eden space 5632K, 0% used [0x00000000d5580000,0x00000000d5580000,0x00000000d5b00000)
  from space 512K, 75% used [0x00000000d5c80000,0x00000000d5ce0000,0x00000000d5d00000)
  to   space 1024K, 0% used [0x00000000d5b00000,0x00000000d5b00000,0x00000000d5c00000)
 ParOldGen       total 81920K, used 76426K [0x0000000080000000, 0x0000000085000000, 0x00000000d5580000)
  object space 81920K, 93% used [0x0000000080000000,0x0000000084aa29f8,0x0000000085000000)
 Metaspace       used 61110K, committed 62464K, reserved 1114112K
  class space    used 6492K, committed 7104K, reserved 1048576K
}
Event: 20.622 GC heap before
{Heap before GC invocations=84 (full 3):
 PSYoungGen      total 6144K, used 6016K [0x00000000d5580000, 0x00000000d5d00000, 0x0000000100000000)
  eden space 5632K, 100% used [0x00000000d5580000,0x00000000d5b00000,0x00000000d5b00000)
  from space 512K, 75% used [0x00000000d5c80000,0x00000000d5ce0000,0x00000000d5d00000)
  to   space 1024K, 0% used [0x00000000d5b00000,0x00000000d5b00000,0x00000000d5c00000)
 ParOldGen       total 81920K, used 76426K [0x0000000080000000, 0x0000000085000000, 0x00000000d5580000)
  object space 81920K, 93% used [0x0000000080000000,0x0000000084aa29f8,0x0000000085000000)
 Metaspace       used 61552K, committed 62976K, reserved 1114112K
  class space    used 6542K, committed 7168K, reserved 1048576K
}
Event: 20.624 GC heap after
{Heap after GC invocations=84 (full 3):
 PSYoungGen      total 6656K, used 538K [0x00000000d5580000, 0x00000000d5d00000, 0x0000000100000000)
  eden space 5632K, 0% used [0x00000000d5580000,0x00000000d5580000,0x00000000d5b00000)
  from space 1024K, 52% used [0x00000000d5b00000,0x00000000d5b868c8,0x00000000d5c00000)
  to   space 1024K, 0% used [0x00000000d5c00000,0x00000000d5c00000,0x00000000d5d00000)
 ParOldGen       total 81920K, used 76666K [0x0000000080000000, 0x0000000085000000, 0x00000000d5580000)
  object space 81920K, 93% used [0x0000000080000000,0x0000000084ade9f8,0x0000000085000000)
 Metaspace       used 61552K, committed 62976K, reserved 1114112K
  class space    used 6542K, committed 7168K, reserved 1048576K
}
Event: 20.883 GC heap before
{Heap before GC invocations=85 (full 3):
 PSYoungGen      total 6656K, used 6161K [0x00000000d5580000, 0x00000000d5d00000, 0x0000000100000000)
  eden space 5632K, 99% used [0x00000000d5580000,0x00000000d5afdbf0,0x00000000d5b00000)
  from space 1024K, 52% used [0x00000000d5b00000,0x00000000d5b868c8,0x00000000d5c00000)
  to   space 1024K, 0% used [0x00000000d5c00000,0x00000000d5c00000,0x00000000d5d00000)
 ParOldGen       total 81920K, used 76666K [0x0000000080000000, 0x0000000085000000, 0x00000000d5580000)
  object space 81920K, 93% used [0x0000000080000000,0x0000000084ade9f8,0x0000000085000000)
 Metaspace       used 61995K, committed 63360K, reserved 1114112K
  class space    used 6588K, committed 7232K, reserved 1048576K
}
Event: 20.885 GC heap after
{Heap after GC invocations=85 (full 3):
 PSYoungGen      total 6144K, used 224K [0x00000000d5580000, 0x00000000d5c80000, 0x0000000100000000)
  eden space 5632K, 0% used [0x00000000d5580000,0x00000000d5580000,0x00000000d5b00000)
  from space 512K, 43% used [0x00000000d5c00000,0x00000000d5c38000,0x00000000d5c80000)
  to   space 512K, 0% used [0x00000000d5b80000,0x00000000d5b80000,0x00000000d5c00000)
 ParOldGen       total 81920K, used 77014K [0x0000000080000000, 0x0000000085000000, 0x00000000d5580000)
  object space 81920K, 94% used [0x0000000080000000,0x0000000084b35b80,0x0000000085000000)
 Metaspace       used 61995K, committed 63360K, reserved 1114112K
  class space    used 6588K, committed 7232K, reserved 1048576K
}

Dll operation events (10 events):
Event: 0.016 Loaded shared library c:\Users\PCWORLD\.vscode\extensions\redhat.java-1.53.0-win32-x64\jre\21.0.10-win32-x86_64\bin\java.dll
Event: 0.158 Loaded shared library c:\Users\PCWORLD\.vscode\extensions\redhat.java-1.53.0-win32-x64\jre\21.0.10-win32-x86_64\bin\zip.dll
Event: 0.209 Loaded shared library C:\Users\PCWORLD\.vscode\extensions\redhat.java-1.53.0-win32-x64\jre\21.0.10-win32-x86_64\bin\instrument.dll
Event: 0.216 Loaded shared library C:\Users\PCWORLD\.vscode\extensions\redhat.java-1.53.0-win32-x64\jre\21.0.10-win32-x86_64\bin\net.dll
Event: 0.220 Loaded shared library C:\Users\PCWORLD\.vscode\extensions\redhat.java-1.53.0-win32-x64\jre\21.0.10-win32-x86_64\bin\nio.dll
Event: 0.226 Loaded shared library C:\Users\PCWORLD\.vscode\extensions\redhat.java-1.53.0-win32-x64\jre\21.0.10-win32-x86_64\bin\zip.dll
Event: 0.255 Loaded shared library C:\Users\PCWORLD\.vscode\extensions\redhat.java-1.53.0-win32-x64\jre\21.0.10-win32-x86_64\bin\jimage.dll
Event: 0.693 Loaded shared library c:\Users\PCWORLD\.vscode\extensions\redhat.java-1.53.0-win32-x64\jre\21.0.10-win32-x86_64\bin\verify.dll
Event: 3.305 Loaded shared library C:\Users\PCWORLD\AppData\Roaming\Code\User\globalStorage\redhat.java\1.53.0\config_win\org.eclipse.equinox.launcher\org.eclipse.equinox.launcher.win32.win32.x86_64_1.3.0.v20260203-2149\eclipse_11919.dll
Event: 6.106 Loaded shared library C:\Users\PCWORLD\AppData\Local\Temp\jna--13215393\jna6784773107835695706.dll

Deoptimization events (20 events):
Event: 20.639 Thread 0x0000019957523e80 DEOPT PACKING pc=0x0000019907e9c4cc sp=0x00000072c9dfd0e0
Event: 20.639 Thread 0x0000019957523e80 DEOPT UNPACKING pc=0x0000019907583aa2 sp=0x00000072c9dfd0a0 mode 2
Event: 20.861 Thread 0x0000019955d62d20 Uncommon trap: trap_request=0xffffffc6 fr.pc=0x0000019907f82874 relative=0x0000000000000d94
Event: 20.861 Thread 0x0000019955d62d20 Uncommon trap: reason=bimorphic_or_optimized_type_check action=maybe_recompile pc=0x0000019907f82874 method=java.util.concurrent.ConcurrentHashMap.putAll(Ljava/util/Map;)V @ 23 c2
Event: 20.861 Thread 0x0000019955d62d20 DEOPT PACKING pc=0x0000019907f82874 sp=0x00000072c9afe610
Event: 20.861 Thread 0x0000019955d62d20 DEOPT UNPACKING pc=0x0000019907583aa2 sp=0x00000072c9afe5c0 mode 2
Event: 20.868 Thread 0x0000019955d62d20 DEOPT PACKING pc=0x0000019901576bbc sp=0x00000072c9afc470
Event: 20.868 Thread 0x0000019955d62d20 DEOPT UNPACKING pc=0x0000019907584242 sp=0x00000072c9afb990 mode 0
Event: 20.869 Thread 0x0000019955d62d20 Uncommon trap: trap_request=0xffffffc6 fr.pc=0x0000019907f82874 relative=0x0000000000000d94
Event: 20.869 Thread 0x0000019955d62d20 Uncommon trap: reason=bimorphic_or_optimized_type_check action=maybe_recompile pc=0x0000019907f82874 method=java.util.concurrent.ConcurrentHashMap.putAll(Ljava/util/Map;)V @ 23 c2
Event: 20.869 Thread 0x0000019955d62d20 DEOPT PACKING pc=0x0000019907f82874 sp=0x00000072c9afe3b0
Event: 20.869 Thread 0x0000019955d62d20 DEOPT UNPACKING pc=0x0000019907583aa2 sp=0x00000072c9afe360 mode 2
Event: 20.877 Thread 0x0000019955d62d20 Uncommon trap: trap_request=0xffffffc6 fr.pc=0x0000019907f82874 relative=0x0000000000000d94
Event: 20.877 Thread 0x0000019955d62d20 Uncommon trap: reason=bimorphic_or_optimized_type_check action=maybe_recompile pc=0x0000019907f82874 method=java.util.concurrent.ConcurrentHashMap.putAll(Ljava/util/Map;)V @ 23 c2
Event: 20.877 Thread 0x0000019955d62d20 DEOPT PACKING pc=0x0000019907f82874 sp=0x00000072c9afdce0
Event: 20.877 Thread 0x0000019955d62d20 DEOPT UNPACKING pc=0x0000019907583aa2 sp=0x00000072c9afdc90 mode 2
Event: 20.877 Thread 0x0000019955d62d20 Uncommon trap: trap_request=0xffffffc6 fr.pc=0x0000019907f82874 relative=0x0000000000000d94
Event: 20.877 Thread 0x0000019955d62d20 Uncommon trap: reason=bimorphic_or_optimized_type_check action=maybe_recompile pc=0x0000019907f82874 method=java.util.concurrent.ConcurrentHashMap.putAll(Ljava/util/Map;)V @ 23 c2
Event: 20.877 Thread 0x0000019955d62d20 DEOPT PACKING pc=0x0000019907f82874 sp=0x00000072c9afdc00
Event: 20.877 Thread 0x0000019955d62d20 DEOPT UNPACKING pc=0x0000019907583aa2 sp=0x00000072c9afdbb0 mode 2

Classes loaded (20 events):
Event: 14.768 Loading class java/util/stream/Nodes$IntArrayNode done
Event: 14.768 Loading class java/util/stream/Nodes$IntFixedNodeBuilder done
Event: 14.768 Loading class java/util/stream/ReferencePipeline$4$1
Event: 14.769 Loading class java/util/stream/ReferencePipeline$4$1 done
Event: 15.347 Loading class jdk/internal/module/IllegalAccessLogger
Event: 15.347 Loading class jdk/internal/module/IllegalAccessLogger done
Event: 17.925 Loading class sun/nio/cs/ISO_8859_1$Decoder
Event: 17.925 Loading class sun/nio/cs/ISO_8859_1$Decoder done
Event: 19.600 Loading class java/util/stream/DistinctOps
Event: 19.611 Loading class java/util/stream/DistinctOps done
Event: 19.611 Loading class java/util/stream/DistinctOps$1
Event: 19.611 Loading class java/util/stream/DistinctOps$1 done
Event: 19.616 Loading class java/util/stream/DistinctOps$1$2
Event: 19.617 Loading class java/util/stream/DistinctOps$1$2 done
Event: 20.671 Loading class java/io/CharArrayWriter
Event: 20.675 Loading class java/io/CharArrayWriter done
Event: 20.865 Loading class jdk/internal/math/FormattedFPDecimal
Event: 20.865 Loading class jdk/internal/math/FormattedFPDecimal done
Event: 20.904 Loading class java/util/regex/Pattern$LineEnding
Event: 20.905 Loading class java/util/regex/Pattern$LineEnding done

Classes unloaded (7 events):
Event: 7.021 Thread 0x000001997788fa70 Unloading class 0x00000199101a5400 'java/lang/invoke/LambdaForm$MH+0x00000199101a5400'
Event: 7.021 Thread 0x000001997788fa70 Unloading class 0x00000199101a5000 'java/lang/invoke/LambdaForm$MH+0x00000199101a5000'
Event: 7.021 Thread 0x000001997788fa70 Unloading class 0x00000199101a4c00 'java/lang/invoke/LambdaForm$MH+0x00000199101a4c00'
Event: 7.021 Thread 0x000001997788fa70 Unloading class 0x00000199101a4800 'java/lang/invoke/LambdaForm$MH+0x00000199101a4800'
Event: 7.021 Thread 0x000001997788fa70 Unloading class 0x00000199101a4400 'java/lang/invoke/LambdaForm$BMH+0x00000199101a4400'
Event: 7.021 Thread 0x000001997788fa70 Unloading class 0x00000199101a4000 'java/lang/invoke/LambdaForm$DMH+0x00000199101a4000'
Event: 7.021 Thread 0x000001997788fa70 Unloading class 0x00000199101a2c00 'java/lang/invoke/LambdaForm$DMH+0x00000199101a2c00'

Classes redefined (0 events):
No events

Internal exceptions (20 events):
Event: 15.367 Thread 0x0000019957523e80 Exception <a 'sun/nio/fs/WindowsException'{0x00000000d56c59f8}> (0x00000000d56c59f8) 
thrown [s\src\hotspot\share\prims\jni.cpp, line 520]
Event: 15.367 Thread 0x0000019957523e80 Exception <a 'sun/nio/fs/WindowsException'{0x00000000d56c6278}> (0x00000000d56c6278) 
thrown [s\src\hotspot\share\prims\jni.cpp, line 520]
Event: 15.368 Thread 0x0000019957523e80 Exception <a 'sun/nio/fs/WindowsException'{0x00000000d56c7178}> (0x00000000d56c7178) 
thrown [s\src\hotspot\share\prims\jni.cpp, line 520]
Event: 15.368 Thread 0x0000019957523e80 Exception <a 'sun/nio/fs/WindowsException'{0x00000000d56c79f8}> (0x00000000d56c79f8) 
thrown [s\src\hotspot\share\prims\jni.cpp, line 520]
Event: 16.001 Thread 0x0000019957523e80 Exception <a 'java/lang/NoSuchMethodError'{0x00000000d56a6f70}: 'void java.lang.invoke.DirectMethodHandle$Holder.invokeStatic(java.lang.Object, java.lang.Object, java.lang.Object, int)'> (0x00000000d56a6f70) 
thrown [s\src\hotspot\share\interpreter\linkResolver.cpp, line 773]
Event: 16.024 Thread 0x0000019957523e80 Exception <a 'java/lang/NoSuchMethodError'{0x00000000d56f6fa8}: 'void java.lang.invoke.DirectMethodHandle$Holder.invokeVirtual(java.lang.Object, java.lang.Object, int)'> (0x00000000d56f6fa8) 
thrown [s\src\hotspot\share\interpreter\linkResolver.cpp, line 773]
Event: 17.001 Thread 0x0000019957523e80 Exception <a 'java/lang/NoSuchMethodError'{0x00000000d5b843c8}: 'void java.lang.invoke.DirectMethodHandle$Holder.invokeInterface(java.lang.Object, java.lang.Object)'> (0x00000000d5b843c8) 
thrown [s\src\hotspot\share\interpreter\linkResolver.cpp, line 773]
Event: 17.020 Thread 0x00000199573290f0 Exception <a 'java/lang/NoSuchMethodError'{0x00000000d5c6c130}: 'void java.lang.invoke.DirectMethodHandle$Holder.invokeSpecial(java.lang.Object, java.lang.Object, java.lang.Object, java.lang.Object, java.lang.Object, java.lang.Object, java.lang.Object, java.lang.Object)'> (0x00000000d5c6c130) 
thrown [s\src\hotspot\share\interpreter\linkResolver.cpp, line 773]
Event: 17.093 Thread 0x00000199573283d0 Implicit null exception at 0x0000019907f0db00 to 0x0000019907f0def4
Event: 19.558 Thread 0x0000019957523e80 Implicit null exception at 0x0000019907fb0791 to 0x0000019907fb0c68
Event: 19.619 Thread 0x0000019957523e80 Exception <a 'java/lang/NoSuchMethodError'{0x00000000d58b04a8}: 'java.lang.Object java.lang.invoke.DirectMethodHandle$Holder.newInvokeSpecial(java.lang.Object, java.lang.Object, int, java.lang.Object, java.lang.Object)'> (0x00000000d58b04a8) 
thrown [s\src\hotspot\share\interpreter\linkResolver.cpp, line 773]
Event: 19.637 Thread 0x0000019957523e80 Exception <a 'java/lang/NoSuchMethodError'{0x00000000d58da5b0}: 'java.lang.Object java.lang.invoke.DirectMethodHandle$Holder.invokeSpecial(java.lang.Object, java.lang.Object, java.lang.Object, int, java.lang.Object, java.lang.Object, java.lang.Object)'> (0x00000000d58da5b0) 
thrown [s\src\hotspot\share\interpreter\linkResolver.cpp, line 773]
Event: 19.719 Thread 0x0000019957523e80 Exception <a 'java/lang/NoSuchMethodError'{0x00000000d5a7af70}: 'java.lang.Object java.lang.invoke.DirectMethodHandle$Holder.newInvokeSpecial(java.lang.Object, java.lang.Object, int)'> (0x00000000d5a7af70) 
thrown [s\src\hotspot\share\interpreter\linkResolver.cpp, line 773]
Event: 19.745 Thread 0x0000019957523e80 Implicit null exception at 0x0000019907f72297 to 0x0000019907f72ea0
Event: 19.763 Thread 0x0000019957523e80 Exception <a 'java/lang/NoSuchMethodError'{0x00000000d5afc288}: 'void java.lang.invoke.DirectMethodHandle$Holder.invokeStatic(java.lang.Object, int)'> (0x00000000d5afc288) 
thrown [s\src\hotspot\share\interpreter\linkResolver.cpp, line 773]
Event: 20.141 Thread 0x0000019957523e80 Exception <a 'java/io/FileNotFoundException'{0x00000000d5716610}> (0x00000000d5716610) 
thrown [s\src\hotspot\share\prims\jni.cpp, line 520]
Event: 20.141 Thread 0x0000019957523e80 Exception <a 'java/io/FileNotFoundException'{0x00000000d5717b00}> (0x00000000d5717b00) 
thrown [s\src\hotspot\share\prims\jni.cpp, line 520]
Event: 20.142 Thread 0x0000019957523e80 Exception <a 'java/io/FileNotFoundException'{0x00000000d5718b08}> (0x00000000d5718b08) 
thrown [s\src\hotspot\share\prims\jni.cpp, line 520]
Event: 20.231 Thread 0x0000019957523e80 Exception <a 'java/lang/NoSuchMethodError'{0x00000000d5772388}: 'int java.lang.invoke.DirectMethodHandle$Holder.invokeSpecialIFC(java.lang.Object, java.lang.Object, java.lang.Object, java.lang.Object)'> (0x00000000d5772388) 
thrown [s\src\hotspot\share\interpreter\linkResolver.cpp, line 773]
Event: 20.322 Thread 0x0000019957523e80 Implicit null exception at 0x0000019907f4ae95 to 0x0000019907f4b4c8

ZGC Phase Switch (0 events):
No events

VM Operations (20 events):
Event: 18.642 Executing safepoint VM operation: ParallelGCFailedAllocation (Allocation Failure)
Event: 18.645 Executing safepoint VM operation: ParallelGCFailedAllocation (Allocation Failure) done
Event: 18.683 Executing safepoint VM operation: ParallelGCFailedAllocation (Allocation Failure)
Event: 18.685 Executing safepoint VM operation: ParallelGCFailedAllocation (Allocation Failure) done
Event: 19.080 Executing safepoint VM operation: ParallelGCFailedAllocation (Allocation Failure)
Event: 19.083 Executing safepoint VM operation: ParallelGCFailedAllocation (Allocation Failure) done
Event: 19.616 Executing non-safepoint VM operation: HandshakeAllThreads (Deoptimize)
Event: 19.616 Executing non-safepoint VM operation: HandshakeAllThreads (Deoptimize) done
Event: 19.764 Executing safepoint VM operation: ParallelGCFailedAllocation (Allocation Failure)
Event: 19.766 Executing safepoint VM operation: ParallelGCFailedAllocation (Allocation Failure) done
Event: 20.094 Executing safepoint VM operation: ParallelGCFailedAllocation (Allocation Failure)
Event: 20.097 Executing safepoint VM operation: ParallelGCFailedAllocation (Allocation Failure) done
Event: 20.349 Executing safepoint VM operation: ParallelGCFailedAllocation (Allocation Failure)
Event: 20.380 Executing safepoint VM operation: ParallelGCFailedAllocation (Allocation Failure) done
Event: 20.432 Executing safepoint VM operation: ParallelGCFailedAllocation (Allocation Failure)
Event: 20.434 Executing safepoint VM operation: ParallelGCFailedAllocation (Allocation Failure) done
Event: 20.622 Executing safepoint VM operation: ParallelGCFailedAllocation (Allocation Failure)
Event: 20.624 Executing safepoint VM operation: ParallelGCFailedAllocation (Allocation Failure) done
Event: 20.883 Executing safepoint VM operation: ParallelGCFailedAllocation (Allocation Failure)
Event: 20.885 Executing safepoint VM operation: ParallelGCFailedAllocation (Allocation Failure) done

Memory protections (0 events):
No events

Nmethod flushes (20 events):
Event: 15.880 Thread 0x000001997788fa70 flushing  nmethod 0x0000019900808e10
Event: 15.880 Thread 0x000001997788fa70 flushing  nmethod 0x000001990080d890
Event: 15.880 Thread 0x000001997788fa70 flushing  nmethod 0x000001990082e810
Event: 15.880 Thread 0x000001997788fa70 flushing  nmethod 0x0000019900834610
Event: 15.880 Thread 0x000001997788fa70 flushing osr nmethod 0x000001990083c510
Event: 15.880 Thread 0x000001997788fa70 flushing osr nmethod 0x0000019900840a10
Event: 15.880 Thread 0x000001997788fa70 flushing osr nmethod 0x0000019900885890
Event: 15.880 Thread 0x000001997788fa70 flushing  nmethod 0x0000019900890410
Event: 15.880 Thread 0x000001997788fa70 flushing  nmethod 0x00000199008aeb10
Event: 15.880 Thread 0x000001997788fa70 flushing  nmethod 0x00000199008c6190
Event: 15.880 Thread 0x000001997788fa70 flushing  nmethod 0x00000199008dad90
Event: 15.880 Thread 0x000001997788fa70 flushing  nmethod 0x00000199008fa890
Event: 15.880 Thread 0x000001997788fa70 flushing  nmethod 0x000001990090a290
Event: 15.880 Thread 0x000001997788fa70 flushing  nmethod 0x000001990090a890
Event: 15.880 Thread 0x000001997788fa70 flushing  nmethod 0x000001990090dd90
Event: 15.880 Thread 0x000001997788fa70 flushing  nmethod 0x0000019900910110
Event: 15.880 Thread 0x000001997788fa70 flushing  nmethod 0x0000019900911290
Event: 15.880 Thread 0x000001997788fa70 flushing  nmethod 0x0000019900924610
Event: 15.880 Thread 0x000001997788fa70 flushing  nmethod 0x0000019900925490
Event: 15.880 Thread 0x000001997788fa70 flushing osr nmethod 0x0000019900959090

Events (20 events):
Event: 17.017 Thread 0x0000019957523e80 Thread added: 0x00000199573276b0
Event: 17.017 Thread 0x0000019957523e80 Thread added: 0x0000019957329e10
Event: 17.019 Thread 0x0000019957523e80 Thread added: 0x00000199573283d0
Event: 17.019 Thread 0x0000019957523e80 Thread added: 0x0000019957328a60
Event: 17.019 Thread 0x0000019957523e80 Thread added: 0x00000199573290f0
Event: 18.710 Thread 0x00000199573290f0 Thread exited: 0x00000199573290f0
Event: 18.711 Thread 0x0000019957329e10 Thread exited: 0x0000019957329e10
Event: 18.711 Thread 0x00000199573276b0 Thread exited: 0x00000199573276b0
Event: 18.712 Thread 0x0000019957328a60 Thread exited: 0x0000019957328a60
Event: 18.712 Thread 0x00000199573283d0 Thread exited: 0x00000199573283d0
Event: 20.333 Thread 0x0000019957523e80 Thread added: 0x00000199573255e0
Event: 20.334 Thread 0x0000019957523e80 Thread added: 0x00000199573290f0
Event: 20.334 Thread 0x0000019957523e80 Thread added: 0x0000019957329780
Event: 20.334 Thread 0x0000019957523e80 Thread added: 0x00000199573276b0
Event: 20.334 Thread 0x0000019957523e80 Thread added: 0x00000199573248c0
Event: 20.421 Thread 0x00000199573276b0 Thread exited: 0x00000199573276b0
Event: 20.421 Thread 0x0000019957329780 Thread exited: 0x0000019957329780
Event: 20.421 Thread 0x00000199573290f0 Thread exited: 0x00000199573290f0
Event: 20.421 Thread 0x00000199573248c0 Thread exited: 0x00000199573248c0
Event: 20.421 Thread 0x00000199573255e0 Thread exited: 0x00000199573255e0


Dynamic libraries:
0x00007ff694330000 - 0x00007ff69433e000 	c:\Users\PCWORLD\.vscode\extensions\redhat.java-1.53.0-win32-x64\jre\21.0.10-win32-x86_64\bin\java.exe
0x00007ffc65a20000 - 0x00007ffc65c29000 	C:\Windows\SYSTEM32\ntdll.dll
0x00007ffc64620000 - 0x00007ffc646dd000 	C:\Windows\System32\KERNEL32.DLL
0x00007ffc634e0000 - 0x00007ffc63864000 	C:\Windows\System32\KERNELBASE.dll
0x00007ffc63070000 - 0x00007ffc63181000 	C:\Windows\System32\ucrtbase.dll
0x00007ffc02260000 - 0x00007ffc0227e000 	c:\Users\PCWORLD\.vscode\extensions\redhat.java-1.53.0-win32-x64\jre\21.0.10-win32-x86_64\bin\VCRUNTIME140.dll
0x00007ffc45d10000 - 0x00007ffc45d28000 	c:\Users\PCWORLD\.vscode\extensions\redhat.java-1.53.0-win32-x64\jre\21.0.10-win32-x86_64\bin\jli.dll
0x00007ffc65120000 - 0x00007ffc652cd000 	C:\Windows\System32\USER32.dll
0x00007ffc4e980000 - 0x00007ffc4ec25000 	C:\Windows\WinSxS\amd64_microsoft.windows.common-controls_6595b64144ccf1df_6.0.22000.120_none_9d947278b86cc467\COMCTL32.dll
0x00007ffc634b0000 - 0x00007ffc634d6000 	C:\Windows\System32\win32u.dll
0x00007ffc648e0000 - 0x00007ffc64983000 	C:\Windows\System32\msvcrt.dll
0x00007ffc65560000 - 0x00007ffc6558a000 	C:\Windows\System32\GDI32.dll
0x00007ffc62f50000 - 0x00007ffc6306e000 	C:\Windows\System32\gdi32full.dll
0x00007ffc62eb0000 - 0x00007ffc62f4d000 	C:\Windows\System32\msvcp_win.dll
0x00007ffc659a0000 - 0x00007ffc659d1000 	C:\Windows\System32\IMM32.DLL
0x00007ffc468f0000 - 0x00007ffc468fc000 	c:\Users\PCWORLD\.vscode\extensions\redhat.java-1.53.0-win32-x64\jre\21.0.10-win32-x86_64\bin\vcruntime140_1.dll
0x00007ffbd6c30000 - 0x00007ffbd6cbd000 	c:\Users\PCWORLD\.vscode\extensions\redhat.java-1.53.0-win32-x64\jre\21.0.10-win32-x86_64\bin\msvcp140.dll
0x00007ffbb5210000 - 0x00007ffbb5fb1000 	c:\Users\PCWORLD\.vscode\extensions\redhat.java-1.53.0-win32-x64\jre\21.0.10-win32-x86_64\bin\server\jvm.dll
0x00007ffc65880000 - 0x00007ffc6592e000 	C:\Windows\System32\ADVAPI32.dll
0x00007ffc63870000 - 0x00007ffc6390e000 	C:\Windows\System32\sechost.dll
0x00007ffc64ff0000 - 0x00007ffc65111000 	C:\Windows\System32\RPCRT4.dll
0x00007ffc65930000 - 0x00007ffc6599f000 	C:\Windows\System32\WS2_32.dll
0x00007ffc62be0000 - 0x00007ffc62c2d000 	C:\Windows\SYSTEM32\POWRPROF.dll
0x00007ffc5a010000 - 0x00007ffc5a043000 	C:\Windows\SYSTEM32\WINMM.dll
0x00007ffc57640000 - 0x00007ffc5764a000 	C:\Windows\SYSTEM32\VERSION.dll
0x00007ffc62bc0000 - 0x00007ffc62bd3000 	C:\Windows\SYSTEM32\UMPDC.dll
0x00007ffc61ee0000 - 0x00007ffc61ef8000 	C:\Windows\SYSTEM32\kernel.appcore.dll
0x00007ffc02250000 - 0x00007ffc0225a000 	c:\Users\PCWORLD\.vscode\extensions\redhat.java-1.53.0-win32-x64\jre\21.0.10-win32-x86_64\bin\jimage.dll
0x00007ffc60010000 - 0x00007ffc60231000 	C:\Windows\SYSTEM32\DBGHELP.DLL
0x00007ffc4e260000 - 0x00007ffc4e291000 	C:\Windows\SYSTEM32\dbgcore.DLL
0x00007ffc63190000 - 0x00007ffc6320f000 	C:\Windows\System32\bcryptPrimitives.dll
0x00007ffc021f0000 - 0x00007ffc021ff000 	c:\Users\PCWORLD\.vscode\extensions\redhat.java-1.53.0-win32-x64\jre\21.0.10-win32-x86_64\bin\instrument.dll
0x00007ffbd6cc0000 - 0x00007ffbd6ce0000 	c:\Users\PCWORLD\.vscode\extensions\redhat.java-1.53.0-win32-x64\jre\21.0.10-win32-x86_64\bin\java.dll
0x00007ffc63990000 - 0x00007ffc64155000 	C:\Windows\System32\SHELL32.dll
0x00007ffc60f40000 - 0x00007ffc617a2000 	C:\Windows\SYSTEM32\windows.storage.dll
0x00007ffc641f0000 - 0x00007ffc64566000 	C:\Windows\System32\combase.dll
0x00007ffc60dd0000 - 0x00007ffc60f37000 	C:\Windows\SYSTEM32\wintypes.dll
0x00007ffc65770000 - 0x00007ffc6585a000 	C:\Windows\System32\SHCORE.dll
0x00007ffc64800000 - 0x00007ffc6485d000 	C:\Windows\System32\shlwapi.dll
0x00007ffc62de0000 - 0x00007ffc62e05000 	C:\Windows\SYSTEM32\profapi.dll
0x00007ffbd6c10000 - 0x00007ffbd6c28000 	c:\Users\PCWORLD\.vscode\extensions\redhat.java-1.53.0-win32-x64\jre\21.0.10-win32-x86_64\bin\zip.dll
0x00007ffbe0f00000 - 0x00007ffbe0f10000 	C:\Users\PCWORLD\.vscode\extensions\redhat.java-1.53.0-win32-x64\jre\21.0.10-win32-x86_64\bin\net.dll
0x00007ffc5a3f0000 - 0x00007ffc5a504000 	C:\Windows\SYSTEM32\WINHTTP.dll
0x00007ffc62380000 - 0x00007ffc623e7000 	C:\Windows\system32\mswsock.dll
0x00007ffbd6bf0000 - 0x00007ffbd6c06000 	C:\Users\PCWORLD\.vscode\extensions\redhat.java-1.53.0-win32-x64\jre\21.0.10-win32-x86_64\bin\nio.dll
0x00007ffbd6f40000 - 0x00007ffbd6f50000 	c:\Users\PCWORLD\.vscode\extensions\redhat.java-1.53.0-win32-x64\jre\21.0.10-win32-x86_64\bin\verify.dll
0x00007ffc4ec80000 - 0x00007ffc4ecc5000 	C:\Users\PCWORLD\AppData\Roaming\Code\User\globalStorage\redhat.java\1.53.0\config_win\org.eclipse.equinox.launcher\org.eclipse.equinox.launcher.win32.win32.x86_64_1.3.0.v20260203-2149\eclipse_11919.dll
0x00007ffc653c0000 - 0x00007ffc6555a000 	C:\Windows\System32\ole32.dll
0x00007ffc62650000 - 0x00007ffc62668000 	C:\Windows\SYSTEM32\CRYPTSP.dll
0x00007ffc61e40000 - 0x00007ffc61e75000 	C:\Windows\system32\rsaenh.dll
0x00007ffc62420000 - 0x00007ffc6244c000 	C:\Windows\SYSTEM32\USERENV.dll
0x00007ffc62800000 - 0x00007ffc62827000 	C:\Windows\SYSTEM32\bcrypt.dll
0x00007ffc62570000 - 0x00007ffc6257c000 	C:\Windows\SYSTEM32\CRYPTBASE.dll
0x00007ffc61a40000 - 0x00007ffc61a6d000 	C:\Windows\SYSTEM32\IPHLPAPI.DLL
0x00007ffc64fe0000 - 0x00007ffc64fe9000 	C:\Windows\System32\NSI.dll
0x00007ffc4cd40000 - 0x00007ffc4cd89000 	C:\Users\PCWORLD\AppData\Local\Temp\jna--13215393\jna6784773107835695706.dll
0x00007ffc653b0000 - 0x00007ffc653b8000 	C:\Windows\System32\PSAPI.DLL
0x00007ffc5a2c0000 - 0x00007ffc5a2d9000 	C:\Windows\SYSTEM32\dhcpcsvc6.DLL
0x00007ffc5a8e0000 - 0x00007ffc5a8fe000 	C:\Windows\SYSTEM32\dhcpcsvc.DLL

JVMTI agents:
c:\Users\PCWORLD\.vscode\extensions\redhat.java-1.53.0-win32-x64\lombok\lombok-1.18.39-4050.jar path:c:\Users\PCWORLD\.vscode\extensions\redhat.java-1.53.0-win32-x64\jre\21.0.10-win32-x86_64\bin\instrument.dll, loaded, initialized, instrumentlib options:none

dbghelp: loaded successfully - version: 4.0.5 - missing functions: none
symbol engine: initialized successfully - sym options: 0x614 - pdb path: .;c:\Users\PCWORLD\.vscode\extensions\redhat.java-1.53.0-win32-x64\jre\21.0.10-win32-x86_64\bin;C:\Windows\SYSTEM32;C:\Windows\WinSxS\amd64_microsoft.windows.common-controls_6595b64144ccf1df_6.0.22000.120_none_9d947278b86cc467;c:\Users\PCWORLD\.vscode\extensions\redhat.java-1.53.0-win32-x64\jre\21.0.10-win32-x86_64\bin\server;C:\Users\PCWORLD\AppData\Roaming\Code\User\globalStorage\redhat.java\1.53.0\config_win\org.eclipse.equinox.launcher\org.eclipse.equinox.launcher.win32.win32.x86_64_1.3.0.v20260203-2149;C:\Users\PCWORLD\AppData\Local\Temp\jna--13215393

VM Arguments:
jvm_args: --add-modules=ALL-SYSTEM --add-opens=java.base/java.util=ALL-UNNAMED --add-opens=java.base/java.lang=ALL-UNNAMED --add-opens=java.base/sun.nio.fs=ALL-UNNAMED -Declipse.application=org.eclipse.jdt.ls.core.id1 -Dosgi.bundles.defaultStartLevel=4 -Declipse.product=org.eclipse.jdt.ls.core.product -Djava.import.generatesMetadataFilesAtProjectRoot=false -DDetectVMInstallationsJob.disabled=true -Dfile.encoding=utf8 -XX:+UseParallelGC -XX:GCTimeRatio=4 -XX:AdaptiveSizePolicyWeight=90 -Dsun.zip.disableMemoryMapping=true -Xmx2G -Xms100m -Xlog:disable -javaagent:c:\Users\PCWORLD\.vscode\extensions\redhat.java-1.53.0-win32-x64\lombok\lombok-1.18.39-4050.jar -XX:+HeapDumpOnOutOfMemoryError -XX:HeapDumpPath=c:\Users\PCWORLD\AppData\Roaming\Code\User\workspaceStorage\15d350eac09e9ebb76c56e029fd2021d\redhat.java -Daether.dependencyCollector.impl=bf 
java_command: c:\Users\PCWORLD\.vscode\extensions\redhat.java-1.53.0-win32-x64\server\plugins\org.eclipse.equinox.launcher_1.7.100.v20251111-0406.jar -configuration c:\Users\PCWORLD\AppData\Roaming\Code\User\globalStorage\redhat.java\1.53.0\config_win -data c:\Users\PCWORLD\AppData\Roaming\Code\User\workspaceStorage\15d350eac09e9ebb76c56e029fd2021d\redhat.java\jdt_ws --pipe=\\.\pipe\lsp-63f08a07eec0705e4ebed100e7b1ca04-sock
java_class_path (initial): c:\Users\PCWORLD\.vscode\extensions\redhat.java-1.53.0-win32-x64\server\plugins\org.eclipse.equinox.launcher_1.7.100.v20251111-0406.jar
Launcher Type: SUN_STANDARD

[Global flags]
    uintx AdaptiveSizePolicyWeight                 = 90                                        {product} {command line}
     intx CICompilerCount                          = 4                                         {product} {ergonomic}
    uintx GCTimeRatio                              = 4                                         {product} {command line}
     bool HeapDumpOnOutOfMemoryError               = true                                   {manageable} {command line}
    ccstr HeapDumpPath                             = c:\Users\PCWORLD\AppData\Roaming\Code\User\workspaceStorage\15d350eac09e9ebb76c56e029fd2021d\redhat.java         {manageable} {command line}
   size_t InitialHeapSize                          = 104857600                                 {product} {command line}
   size_t MaxHeapSize                              = 2147483648                                {product} {command line}
   size_t MaxNewSize                               = 715653120                                 {product} {ergonomic}
   size_t MinHeapDeltaBytes                        = 524288                                    {product} {ergonomic}
   size_t MinHeapSize                              = 104857600                                 {product} {command line}
   size_t NewSize                                  = 34603008                                  {product} {ergonomic}
    uintx NonNMethodCodeHeapSize                   = 5839372                                {pd product} {ergonomic}
    uintx NonProfiledCodeHeapSize                  = 122909434                              {pd product} {ergonomic}
   size_t OldSize                                  = 70254592                                  {product} {ergonomic}
    uintx ProfiledCodeHeapSize                     = 122909434                              {pd product} {ergonomic}
    uintx ReservedCodeCacheSize                    = 251658240                              {pd product} {ergonomic}
     bool SegmentedCodeCache                       = true                                      {product} {ergonomic}
   size_t SoftMaxHeapSize                          = 2147483648                             {manageable} {ergonomic}
     bool UseCompressedOops                        = true                           {product lp64_product} {ergonomic}
     bool UseLargePagesIndividualAllocation        = false                                  {pd product} {ergonomic}
     bool UseParallelGC                            = true                                      {product} {command line}

Logging:
Log output configuration:
 #0: stdout all=off uptime,level,tags foldmultilines=false
 #1: stderr all=off uptime,level,tags foldmultilines=false

Release file:
JAVA_VERSION="21.0.10" 
MODULES="java.base java.compiler java.datatransfer java.xml java.prefs java.desktop java.instrument java.logging java.management java.security.sasl java.naming java.rmi java.management.rmi java.net.http java.scripting java.security.jgss java.transaction.xa java.sql java.sql.rowset java.xml.crypto java.se java.smartcardio jdk.accessibility jdk.internal.jvmstat jdk.attach jdk.charsets jdk.internal.opt jdk.zipfs jdk.compiler jdk.crypto.ec jdk.crypto.cryptoki jdk.crypto.mscapi jdk.dynalink jdk.internal.ed jdk.editpad jdk.hotspot.agent jdk.httpserver jdk.internal.le jdk.internal.vm.ci jdk.internal.vm.compiler jdk.internal.vm.compiler.management jdk.jartool jdk.javadoc jdk.jcmd jdk.management jdk.management.agent jdk.jconsole jdk.jdeps jdk.jdwp.agent jdk.jdi jdk.jfr jdk.jshell jdk.jsobject jdk.jstatd jdk.localedata jdk.management.jfr jdk.naming.dns jdk.naming.rmi jdk.net jdk.nio.mapmode jdk.random jdk.sctp jdk.security.auth jdk.security.jgss jdk.unsupported jdk.unsupported.desktop jdk.xml.dom" 

Environment Variables:
PATH=C:\Users\PCWORLD\AppData\Local\Programs\Microsoft VS Code;C:\Program Files\Common Files\Oracle\Java\javapath;C:\Windows\system32;C:\Windows;C:\Windows\System32\Wbem;C:\Windows\System32\WindowsPowerShell\v1.0\;C:\Windows\System32\OpenSSH\;C:\Program Files (x86)\Intel\Intel(R) Management Engine Components\DAL;C:\Program Files\Intel\Intel(R) Management Engine Components\DAL;C:\Program Files\Git\cmd;C:\Program Files\nodejs\;C:\ProgramData\chocolatey\bin;C:\Users\PCWORLD\Downloads\platform-tools-latest-windows\platform-tools;;C:\Program Files\Docker\Docker\resources\bin;E:\program_files\cursor\resources\app\bin;C:\Users\PCWORLD\AppData\Local\Programs\Python\Python313\Scripts\;C:\Users\PCWORLD\AppData\Local\Programs\Python\Python313\;C:\Users\PCWORLD\AppData\Local\Programs\Python\Launcher\;C:\Users\PCWORLD\AppData\Local\Microsoft\WindowsApps;C:\Users\PCWORLD\AppData\Local\Programs\Microsoft VS Code\bin;C:\Users\PCWORLD\AppData\Roaming\npm;E:\program_files\Antigravity\bin
USERNAME=PCWORLD
OS=Windows_NT
PROCESSOR_IDENTIFIER=Intel64 Family 6 Model 142 Stepping 10, GenuineIntel
TMP=C:\Users\PCWORLD\AppData\Local\Temp
TEMP=C:\Users\PCWORLD\AppData\Local\Temp




Periodic native trim disabled

---------------  S Y S T E M  ---------------

OS:
 Windows 11 , 64 bit Build 22000 (10.0.22000.2538)
OS uptime: 0 days 2:30 hours
Hyper-V role detected

CPU: total 8 (initial active 8) (4 cores per cpu, 2 threads per core) family 6 model 142 stepping 10 microcode 0xe0, cx8, cmov, fxsr, ht, mmx, 3dnowpref, sse, sse2, sse3, ssse3, sse4.1, sse4.2, popcnt, lzcnt, tsc, tscinvbit, avx, avx2, aes, erms, clmul, bmi1, bmi2, rtm, adx, fma, vzeroupper, clflush, clflushopt, hv, rdtscp, f16c
Processor Information for the first 8 processors :
  Max Mhz: 2112, Current Mhz: 1910, Mhz Limit: 1900

Memory: 4k page, system-wide physical 8071M (281M free)
TotalPageFile size 29947M (AvailPageFile size 4M)
current process WorkingSet (physical memory assigned to process): 295M, peak: 305M
current process commit charge ("private bytes"): 367M, peak: 386M

vm_info: OpenJDK 64-Bit Server VM (21.0.10+7-LTS) for windows-amd64 JRE (21.0.10+7-LTS), built on 2026-01-20T00:00:00Z by "admin" with MS VC++ 17.12 (VS2022)

END.
