#
# There is insufficient memory for the Java Runtime Environment to continue.
# Native memory allocation (malloc) failed to allocate 1048576 bytes. Error detail: AllocateHeap
# Possible reasons:
#   The system is out of physical RAM or swap space
#   This process is running with CompressedOops enabled, and the Java Heap may be blocking the growth of the native heap
# Possible solutions:
#   Reduce memory load on the system
#   Increase physical memory or swap space
#   Check if swap backing store is full
#   Decrease Java heap size (-Xmx/-Xms)
#   Decrease number of Java threads
#   Decrease Java thread stack sizes (-Xss)
#   Set larger code cache with -XX:ReservedCodeCacheSize=
#   JVM is running with Unscaled Compressed Oops mode in which the Java heap is
#     placed in the first 4GB address space. The Java Heap base address is the
#     maximum limit for the native heap growth. Please use -XX:HeapBaseMinAddress
#     to set the Java Heap base and to place the Java Heap above 4GB virtual address.
# This output file may be truncated or incomplete.
#
#  Out of Memory Error (allocation.cpp:44), pid=5720, tid=16872
#
# JRE version: OpenJDK Runtime Environment Temurin-21.0.10+7 (21.0.10+7) (build 21.0.10+7-LTS)
# Java VM: OpenJDK 64-Bit Server VM Temurin-21.0.10+7 (21.0.10+7-LTS, mixed mode, sharing, tiered, compressed oops, compressed class ptrs, parallel gc, windows-amd64)
# No core dump will be written. Minidumps are not enabled by default on client versions of Windows
#

---------------  S U M M A R Y ------------

Command Line: --add-modules=ALL-SYSTEM --add-opens=java.base/java.util=ALL-UNNAMED --add-opens=java.base/java.lang=ALL-UNNAMED --add-opens=java.base/sun.nio.fs=ALL-UNNAMED -Declipse.application=org.eclipse.jdt.ls.core.id1 -Dosgi.bundles.defaultStartLevel=4 -Declipse.product=org.eclipse.jdt.ls.core.product -Djava.import.generatesMetadataFilesAtProjectRoot=false -DDetectVMInstallationsJob.disabled=true -Dfile.encoding=utf8 -XX:+UseParallelGC -XX:GCTimeRatio=4 -XX:AdaptiveSizePolicyWeight=90 -Dsun.zip.disableMemoryMapping=true -Xmx2G -Xms100m -Xlog:disable -javaagent:c:\Users\PCWORLD\.vscode\extensions\redhat.java-1.53.0-win32-x64\lombok\lombok-1.18.39-4050.jar -XX:+HeapDumpOnOutOfMemoryError -XX:HeapDumpPath=c:\Users\PCWORLD\AppData\Roaming\Code\User\workspaceStorage\15d350eac09e9ebb76c56e029fd2021d\redhat.java -Daether.dependencyCollector.impl=bf c:\Users\PCWORLD\.vscode\extensions\redhat.java-1.53.0-win32-x64\server\plugins\org.eclipse.equinox.launcher_1.7.100.v20251111-0406.jar -configuration c:\Users\PCWORLD\AppData\Roaming\Code\User\globalStorage\redhat.java\1.53.0\config_win -data c:\Users\PCWORLD\AppData\Roaming\Code\User\workspaceStorage\15d350eac09e9ebb76c56e029fd2021d\redhat.java\jdt_ws --pipe=\\.\pipe\lsp-4ae572c67c437062448c2b1567acf2d9-sock

Host: Intel(R) Core(TM) i7-8650U CPU @ 1.90GHz, 8 cores, 7G,  Windows 11 , 64 bit Build 22000 (10.0.22000.2538)
Time: Wed Apr  8 23:17:28 2026 Sri Lanka Standard Time elapsed time: 11688.400564 seconds (0d 3h 14m 48s)

---------------  T H R E A D  ---------------

Current thread (0x000001d8ce032ef0):  JavaThread "Attach Listener" daemon [_thread_in_vm, id=16872, stack(0x0000007d61b00000,0x0000007d61c00000) (1024K)]

Stack: [0x0000007d61b00000,0x0000007d61c00000]
Native frames: (J=compiled Java code, j=interpreted, Vv=VM code, C=native code)
V  [jvm.dll+0x6d7a39]
V  [jvm.dll+0x8b4b26]
V  [jvm.dll+0x8b70de]
V  [jvm.dll+0x8b77c3]
V  [jvm.dll+0x284346]
V  [jvm.dll+0xc1277]
V  [jvm.dll+0x6d82e9]
V  [jvm.dll+0x1334a6]
V  [jvm.dll+0x3f857e]
V  [jvm.dll+0x85f59d]
V  [jvm.dll+0x6d626d]
C  [ucrtbase.dll+0x26c0c]
C  [KERNEL32.DLL+0x153e0]
C  [ntdll.dll+0x485b]


---------------  P R O C E S S  ---------------

Threads class SMR info:
_java_thread_list=0x000001d8ee29d290, length=41, elements={
0x000001d8ce0bf910, 0x000001d8ce18e870, 0x000001d8ce02e590, 0x000001d8ce0320a0,
0x000001d8ce032ef0, 0x000001d8ce034d20, 0x000001d8ce035a00, 0x000001d8ce036790,
0x000001d8ce053cc0, 0x000001d8e64bde70, 0x000001d8e6718730, 0x000001d8e68d69e0,
0x000001d8e6b4dab0, 0x000001d8e691dc80, 0x000001d8e6920cd0, 0x000001d8eb47a9e0,
0x000001d8eb5874b0, 0x000001d8ebe23750, 0x000001d8ebe23de0, 0x000001d8eb1de5b0,
0x000001d8eb1dec40, 0x000001d8eb1d9060, 0x000001d8eb1dd200, 0x000001d8eb1da410,
0x000001d8eb1df2d0, 0x000001d8eb1ddf20, 0x000001d8eb1df960, 0x000001d8eb1e0680,
0x000001d8eb1dbe50, 0x000001d8eb1d96f0, 0x000001d8eb1d9d80, 0x000001d8eb1daaa0,
0x000001d8eb1db130, 0x000001d8e6dfc800, 0x000001d8e6dfd520, 0x000001d8ec9d8a70,
0x000001d8ec9db860, 0x000001d8ec9d9790, 0x000001d8ec9d9100, 0x000001d8ec9d9e20,
0x000001d8eb1dc4e0
}

Java Threads: ( => current thread )
  0x000001d8ce0bf910 JavaThread "main"                              [_thread_blocked, id=19164, stack(0x0000007d61400000,0x0000007d61500000) (1024K)]
  0x000001d8ce18e870 JavaThread "Reference Handler"          daemon [_thread_blocked, id=17028, stack(0x0000007d61800000,0x0000007d61900000) (1024K)]
  0x000001d8ce02e590 JavaThread "Finalizer"                  daemon [_thread_blocked, id=14224, stack(0x0000007d61900000,0x0000007d61a00000) (1024K)]
  0x000001d8ce0320a0 JavaThread "Signal Dispatcher"          daemon [_thread_blocked, id=18772, stack(0x0000007d61a00000,0x0000007d61b00000) (1024K)]
=>0x000001d8ce032ef0 JavaThread "Attach Listener"            daemon [_thread_in_vm, id=16872, stack(0x0000007d61b00000,0x0000007d61c00000) (1024K)]
  0x000001d8ce034d20 JavaThread "Service Thread"             daemon [_thread_blocked, id=19728, stack(0x0000007d61c00000,0x0000007d61d00000) (1024K)]
  0x000001d8ce035a00 JavaThread "Monitor Deflation Thread"   daemon [_thread_blocked, id=12836, stack(0x0000007d61d00000,0x0000007d61e00000) (1024K)]
  0x000001d8ce036790 JavaThread "C2 CompilerThread0"         daemon [_thread_blocked, id=19700, stack(0x0000007d61e00000,0x0000007d61f00000) (1024K)]
  0x000001d8ce053cc0 JavaThread "C1 CompilerThread0"         daemon [_thread_blocked, id=14452, stack(0x0000007d61f00000,0x0000007d62000000) (1024K)]
  0x000001d8e64bde70 JavaThread "Common-Cleaner"             daemon [_thread_blocked, id=20152, stack(0x0000007d62000000,0x0000007d62100000) (1024K)]
  0x000001d8e6718730 JavaThread "Notification Thread"        daemon [_thread_blocked, id=16392, stack(0x0000007d62100000,0x0000007d62200000) (1024K)]
  0x000001d8e68d69e0 JavaThread "Active Thread: Equinox Container: 1150b303-2d25-43ba-8f78-5721f8abe77b"        [_thread_blocked, id=3092, stack(0x0000007d62800000,0x0000007d62900000) (1024K)]
  0x000001d8e6b4dab0 JavaThread "Refresh Thread: Equinox Container: 1150b303-2d25-43ba-8f78-5721f8abe77b" daemon [_thread_blocked, id=19292, stack(0x0000007d62a00000,0x0000007d62b00000) (1024K)]
  0x000001d8e691dc80 JavaThread "Framework Event Dispatcher: Equinox Container: 1150b303-2d25-43ba-8f78-5721f8abe77b" daemon [_thread_blocked, id=19084, stack(0x0000007d62b00000,0x0000007d62c00000) (1024K)]
  0x000001d8e6920cd0 JavaThread "Start Level: Equinox Container: 1150b303-2d25-43ba-8f78-5721f8abe77b" daemon [_thread_blocked, id=13980, stack(0x0000007d62c00000,0x0000007d62d00000) (1024K)]
  0x000001d8eb47a9e0 JavaThread "Bundle File Closer"         daemon [_thread_blocked, id=19860, stack(0x0000007d62d00000,0x0000007d62e00000) (1024K)]
  0x000001d8eb5874b0 JavaThread "SCR Component Actor"        daemon [_thread_blocked, id=16412, stack(0x0000007d62e00000,0x0000007d62f00000) (1024K)]
  0x000001d8ebe23750 JavaThread "Worker-JM"                         [_thread_blocked, id=12044, stack(0x0000007d62f00000,0x0000007d63000000) (1024K)]
  0x000001d8ebe23de0 JavaThread "JNA Cleaner"                daemon [_thread_blocked, id=19432, stack(0x0000007d63000000,0x0000007d63100000) (1024K)]
  0x000001d8eb1de5b0 JavaThread "Worker-1"                          [_thread_blocked, id=13220, stack(0x0000007d63200000,0x0000007d63300000) (1024K)]
  0x000001d8eb1dec40 JavaThread "Java indexing"              daemon [_thread_blocked, id=7556, stack(0x0000007d63400000,0x0000007d63500000) (1024K)]
  0x000001d8eb1d9060 JavaThread "Thread-1"                   daemon [_thread_in_native, id=6856, stack(0x0000007d63900000,0x0000007d63a00000) (1024K)]
  0x000001d8eb1dd200 JavaThread "Thread-2"                   daemon [_thread_in_native, id=2376, stack(0x0000007d63a00000,0x0000007d63b00000) (1024K)]
  0x000001d8eb1da410 JavaThread "Thread-3"                   daemon [_thread_in_native, id=16844, stack(0x0000007d63b00000,0x0000007d63c00000) (1024K)]
  0x000001d8eb1df2d0 JavaThread "Thread-4"                   daemon [_thread_in_native, id=19064, stack(0x0000007d63c00000,0x0000007d63d00000) (1024K)]
  0x000001d8eb1ddf20 JavaThread "Thread-5"                   daemon [_thread_in_native, id=19236, stack(0x0000007d63d00000,0x0000007d63e00000) (1024K)]
  0x000001d8eb1df960 JavaThread "Thread-6"                   daemon [_thread_in_native, id=19832, stack(0x0000007d63e00000,0x0000007d63f00000) (1024K)]
  0x000001d8eb1e0680 JavaThread "Thread-7"                   daemon [_thread_in_native, id=18596, stack(0x0000007d63f00000,0x0000007d64000000) (1024K)]
  0x000001d8eb1dbe50 JavaThread "Thread-8"                   daemon [_thread_in_native, id=6320, stack(0x0000007d64000000,0x0000007d64100000) (1024K)]
  0x000001d8eb1d96f0 JavaThread "Thread-9"                   daemon [_thread_in_native, id=19828, stack(0x0000007d64100000,0x0000007d64200000) (1024K)]
  0x000001d8eb1d9d80 JavaThread "pool-2-thread-1"                   [_thread_blocked, id=15824, stack(0x0000007d64200000,0x0000007d64300000) (1024K)]
  0x000001d8eb1daaa0 JavaThread "WorkspaceEventsHandler"            [_thread_blocked, id=20024, stack(0x0000007d64300000,0x0000007d64400000) (1024K)]
  0x000001d8eb1db130 JavaThread "pool-1-thread-1"                   [_thread_blocked, id=18468, stack(0x0000007d64400000,0x0000007d64500000) (1024K)]
  0x000001d8e6dfc800 JavaThread "Cleaner-0"                  daemon [_thread_blocked, id=19092, stack(0x0000007d64e00000,0x0000007d64f00000) (1024K)]
  0x000001d8e6dfd520 JavaThread "Worker-5"                          [_thread_blocked, id=2568, stack(0x0000007d64600000,0x0000007d64700000) (1024K)]
  0x000001d8ec9d8a70 JavaThread "Java Debug Server"          daemon [_thread_in_native, id=22052, stack(0x0000007d64500000,0x0000007d64600000) (1024K)]
  0x000001d8ec9db860 JavaThread "pool-5-thread-1"                   [_thread_in_native, id=22412, stack(0x0000007d64700000,0x0000007d64800000) (1024K)]
  0x000001d8ec9d9790 JavaThread "RxSchedulerPurge-1"         daemon [_thread_blocked, id=21296, stack(0x0000007d64800000,0x0000007d64900000) (1024K)]
  0x000001d8ec9d9100 JavaThread "RxCachedWorkerPoolEvictor-1" daemon [_thread_blocked, id=22484, stack(0x0000007d64900000,0x0000007d64a00000) (1024K)]
  0x000001d8ec9d9e20 JavaThread "RxNewThreadScheduler-1"     daemon [_thread_blocked, id=22136, stack(0x0000007d64a00000,0x0000007d64b00000) (1024K)]
  0x000001d8eb1dc4e0 JavaThread "process reaper (pid 20616)" daemon [_thread_in_native, id=21656, stack(0x0000007d60fb0000,0x0000007d60fd0000) (128K)]
Total: 41

Other Threads:
  0x000001d8ce17e9f0 VMThread "VM Thread"                           [id=5072, stack(0x0000007d61700000,0x0000007d61800000) (1024K)]
  0x000001d8cdf5ca00 WatcherThread "VM Periodic Task Thread"        [id=11116, stack(0x0000007d61600000,0x0000007d61700000) (1024K)]
  0x000001d8ce0dcc70 WorkerThread "GC Thread#0"                     [id=19068, stack(0x0000007d61500000,0x0000007d61600000) (1024K)]
  0x000001d8e6bb8010 WorkerThread "GC Thread#1"                     [id=5500, stack(0x0000007d62200000,0x0000007d62300000) (1024K)]
  0x000001d8e6ad0d20 WorkerThread "GC Thread#2"                     [id=5292, stack(0x0000007d62300000,0x0000007d62400000) (1024K)]
  0x000001d8e6bb83c0 WorkerThread "GC Thread#3"                     [id=19836, stack(0x0000007d62400000,0x0000007d62500000) (1024K)]
  0x000001d8e680f720 WorkerThread "GC Thread#4"                     [id=5520, stack(0x0000007d62500000,0x0000007d62600000) (1024K)]
  0x000001d8e680fad0 WorkerThread "GC Thread#5"                     [id=19692, stack(0x0000007d62600000,0x0000007d62700000) (1024K)]
  0x000001d8e6ccd5d0 WorkerThread "GC Thread#6"                     [id=3964, stack(0x0000007d62700000,0x0000007d62800000) (1024K)]
  0x000001d8e6c25390 WorkerThread "GC Thread#7"                     [id=19132, stack(0x0000007d62900000,0x0000007d62a00000) (1024K)]
Total: 10

Threads with active compile tasks:
Total: 0

VM state: not at safepoint (normal execution)

VM Mutex/Monitor currently owned by a thread: None

Heap address: 0x0000000080000000, size: 2048 MB, Compressed Oops mode: 32-bit

CDS archive(s) mapped at: [0x000001d880000000-0x000001d880ba0000-0x000001d880ba0000), size 12189696, SharedBaseAddress: 0x000001d880000000, ArchiveRelocationMode: 1.
Compressed class space mapped at: 0x000001d881000000-0x000001d8c1000000, reserved size: 1073741824
Narrow klass base: 0x000001d880000000, Narrow klass shift: 0, Narrow klass range: 0x100000000

GC Precious Log:
 CardTable entry size: 512
 CPUs: 8 total, 8 available
 Memory: 8071M
 Large Page Support: Disabled
 NUMA Support: Disabled
 Compressed Oops: Enabled (32-bit)
 Alignments: Space 512K, Generation 512K, Heap 2M
 Heap Min Capacity: 100M
 Heap Initial Capacity: 100M
 Heap Max Capacity: 2G
 Pre-touch: Disabled
 Parallel Workers: 8

Heap:
 PSYoungGen      total 4608K, used 3289K [0x00000000d5580000, 0x00000000d5c00000, 0x0000000100000000)
  eden space 4096K, 73% used [0x00000000d5580000,0x00000000d586e500,0x00000000d5980000)
  from space 512K, 56% used [0x00000000d5b80000,0x00000000d5bc8000,0x00000000d5c00000)
  to   space 512K, 0% used [0x00000000d5980000,0x00000000d5980000,0x00000000d5a00000)
 ParOldGen       total 253952K, used 253830K [0x0000000080000000, 0x000000008f800000, 0x00000000d5580000)
  object space 253952K, 99% used [0x0000000080000000,0x000000008f7e1b48,0x000000008f800000)
 Metaspace       used 79434K, committed 81024K, reserved 1179648K
  class space    used 8519K, committed 9216K, reserved 1048576K

Card table byte_map: [0x000001d8cda70000,0x000001d8cde80000] _byte_map_base: 0x000001d8cd670000

Marking Bits: (ParMarkBitMap*) 0x00007ffa65993450
 Begin Bits: [0x000001d8e0580000, 0x000001d8e2580000)
 End Bits:   [0x000001d8e2580000, 0x000001d8e4580000)

Polling page: 0x000001d8cbf70000

Metaspace:

Usage:
  Non-class:     69.25 MB used.
      Class:      8.32 MB used.
       Both:     77.57 MB used.

Virtual space:
  Non-class space:      128.00 MB reserved,      70.12 MB ( 55%) committed,  2 nodes.
      Class space:        1.00 GB reserved,       9.00 MB ( <1%) committed,  1 nodes.
             Both:        1.12 GB reserved,      79.12 MB (  7%) committed. 

Chunk freelists:
   Non-Class:  9.64 MB
       Class:  7.00 MB
        Both:  16.65 MB

MaxMetaspaceSize: unlimited
CompressedClassSpaceSize: 1.00 GB
Initial GC threshold: 21.00 MB
Current GC threshold: 97.31 MB
CDS: on
 - commit_granule_bytes: 65536.
 - commit_granule_words: 8192.
 - virtual_space_node_default_size: 8388608.
 - enlarge_chunks_in_place: 1.
 - use_allocation_guard: 0.


Internal statistics:

num_allocs_failed_limit: 9.
num_arena_births: 1400.
num_arena_deaths: 14.
num_vsnodes_births: 3.
num_vsnodes_deaths: 0.
num_space_committed: 1266.
num_space_uncommitted: 0.
num_chunks_returned_to_freelist: 23.
num_chunks_taken_from_freelist: 4996.
num_chunk_merges: 7.
num_chunk_splits: 3084.
num_chunks_enlarged: 1751.
num_inconsistent_stats: 0.

CodeHeap 'non-profiled nmethods': size=120000Kb used=10151Kb max_used=10151Kb free=109848Kb
 bounds [0x000001d8d8da0000, 0x000001d8d9790000, 0x000001d8e02d0000]
CodeHeap 'profiled nmethods': size=120000Kb used=30450Kb max_used=30450Kb free=89549Kb
 bounds [0x000001d8d12d0000, 0x000001d8d3090000, 0x000001d8d8800000]
CodeHeap 'non-nmethods': size=5760Kb used=1512Kb max_used=1607Kb free=4247Kb
 bounds [0x000001d8d8800000, 0x000001d8d8a70000, 0x000001d8d8da0000]
CodeCache: size=245760Kb, used=42113Kb, max_used=42208Kb, free=203644Kb
 total_blobs=14178, nmethods=13340, adapters=742, full_count=0
Compilation: enabled, stopped_count=0, restarted_count=0

Compilation events (20 events):
Event: 9241.373 Thread 0x000001d8ce053cc0 14119       3       java.util.logging.Logger::getLogger (8 bytes)
Event: 9241.373 Thread 0x000001d8ce053cc0 nmethod 14119 0x000001d8d3088b90 code [0x000001d8d3088d60, 0x000001d8d3088f20]
Event: 9241.373 Thread 0x000001d8ce053cc0 14120       3       java.util.logging.Logger::getLogger (7 bytes)
Event: 9241.373 Thread 0x000001d8ce053cc0 nmethod 14120 0x000001d8d3089010 code [0x000001d8d30891c0, 0x000001d8d30892e8]
Event: 9241.373 Thread 0x000001d8ce053cc0 14121       3       java.util.logging.Logger::demandLogger (36 bytes)
Event: 9241.378 Thread 0x000001d8ce053cc0 nmethod 14121 0x000001d8d3089390 code [0x000001d8d3089620, 0x000001d8d308a0e0]
Event: 9896.321 Thread 0x000001d8ce053cc0 14122       1       org.eclipse.core.internal.jobs.InternalJob::setThread (6 bytes)
Event: 9896.324 Thread 0x000001d8ce053cc0 nmethod 14122 0x000001d8d9789b10 code [0x000001d8d9789ca0, 0x000001d8d9789d88]
Event: 10468.023 Thread 0x000001d8ce053cc0 14123   !   3       jdk.internal.ref.PhantomCleanable::isListEmpty (34 bytes)
Event: 10468.029 Thread 0x000001d8ce053cc0 nmethod 14123 0x000001d8d308a510 code [0x000001d8d308a6c0, 0x000001d8d308a918]
Event: 10468.029 Thread 0x000001d8ce053cc0 14124       3       jdk.internal.misc.InnocuousThread::eraseThreadLocals (23 bytes)
Event: 10468.035 Thread 0x000001d8ce053cc0 nmethod 14124 0x000001d8d308aa10 code [0x000001d8d308aba0, 0x000001d8d308ad08]
Event: 10553.172 Thread 0x000001d8ce053cc0 14125   !   3       org.eclipse.osgi.container.ModuleDatabase::getTimestamp (25 bytes)
Event: 10553.228 Thread 0x000001d8ce053cc0 nmethod 14125 0x000001d8d308ad90 code [0x000001d8d308afe0, 0x000001d8d308b928]
Event: 10673.199 Thread 0x000001d8ce053cc0 14126       3       org.eclipse.osgi.storage.Storage::isReadOnly (10 bytes)
Event: 10673.205 Thread 0x000001d8ce053cc0 nmethod 14126 0x000001d8d308bd90 code [0x000001d8d308bf40, 0x000001d8d308c0c0]
Event: 10796.412 Thread 0x000001d8ce053cc0 14127       3       java.util.HashMap$Node::setValue (12 bytes)
Event: 10796.414 Thread 0x000001d8ce053cc0 nmethod 14127 0x000001d8d308c190 code [0x000001d8d308c320, 0x000001d8d308c448]
Event: 10853.243 Thread 0x000001d8ce053cc0 14128   !   3       org.eclipse.osgi.internal.framework.StorageSaver$StorageSaverTask::run (31 bytes)
Event: 10853.299 Thread 0x000001d8ce053cc0 nmethod 14128 0x000001d8d308c510 code [0x000001d8d308c6e0, 0x000001d8d308c980]

GC Heap History (20 events):
Event: 1190.361 GC heap before
{Heap before GC invocations=182 (full 3):
 PSYoungGen      total 6656K, used 6203K [0x00000000d5580000, 0x00000000d5e80000, 0x0000000100000000)
  eden space 4096K, 100% used [0x00000000d5580000,0x00000000d5980000,0x00000000d5980000)
  from space 2560K, 82% used [0x00000000d5c00000,0x00000000d5e0ec00,0x00000000d5e80000)
  to   space 2560K, 0% used [0x00000000d5980000,0x00000000d5980000,0x00000000d5c00000)
 ParOldGen       total 251904K, used 251451K [0x0000000080000000, 0x000000008f600000, 0x00000000d5580000)
  object space 251904K, 99% used [0x0000000080000000,0x000000008f58ed28,0x000000008f600000)
 Metaspace       used 76114K, committed 77696K, reserved 1179648K
  class space    used 8053K, committed 8768K, reserved 1048576K
}
Event: 1190.363 GC heap after
{Heap after GC invocations=182 (full 3):
 PSYoungGen      total 4608K, used 256K [0x00000000d5580000, 0x00000000d5c80000, 0x0000000100000000)
  eden space 4096K, 0% used [0x00000000d5580000,0x00000000d5580000,0x00000000d5980000)
  from space 512K, 50% used [0x00000000d5980000,0x00000000d59c0000,0x00000000d5a00000)
  to   space 1024K, 0% used [0x00000000d5b80000,0x00000000d5b80000,0x00000000d5c80000)
 ParOldGen       total 252928K, used 252591K [0x0000000080000000, 0x000000008f700000, 0x00000000d5580000)
  object space 252928K, 99% used [0x0000000080000000,0x000000008f6abf28,0x000000008f700000)
 Metaspace       used 76114K, committed 77696K, reserved 1179648K
  class space    used 8053K, committed 8768K, reserved 1048576K
}
Event: 1190.431 GC heap before
{Heap before GC invocations=183 (full 3):
 PSYoungGen      total 4608K, used 4351K [0x00000000d5580000, 0x00000000d5c80000, 0x0000000100000000)
  eden space 4096K, 99% used [0x00000000d5580000,0x00000000d597fff8,0x00000000d5980000)
  from space 512K, 50% used [0x00000000d5980000,0x00000000d59c0000,0x00000000d5a00000)
  to   space 1024K, 0% used [0x00000000d5b80000,0x00000000d5b80000,0x00000000d5c80000)
 ParOldGen       total 252928K, used 252591K [0x0000000080000000, 0x000000008f700000, 0x00000000d5580000)
  object space 252928K, 99% used [0x0000000080000000,0x000000008f6abf28,0x000000008f700000)
 Metaspace       used 76244K, committed 77824K, reserved 1179648K
  class space    used 8091K, committed 8832K, reserved 1048576K
}
Event: 1190.433 GC heap after
{Heap after GC invocations=183 (full 3):
 PSYoungGen      total 4608K, used 384K [0x00000000d5580000, 0x00000000d5c00000, 0x0000000100000000)
  eden space 4096K, 0% used [0x00000000d5580000,0x00000000d5580000,0x00000000d5980000)
  from space 512K, 75% used [0x00000000d5b80000,0x00000000d5be0000,0x00000000d5c00000)
  to   space 512K, 0% used [0x00000000d5980000,0x00000000d5980000,0x00000000d5a00000)
 ParOldGen       total 252928K, used 252655K [0x0000000080000000, 0x000000008f700000, 0x00000000d5580000)
  object space 252928K, 99% used [0x0000000080000000,0x000000008f6bbf28,0x000000008f700000)
 Metaspace       used 76244K, committed 77824K, reserved 1179648K
  class space    used 8091K, committed 8832K, reserved 1048576K
}
Event: 1190.862 GC heap before
{Heap before GC invocations=184 (full 3):
 PSYoungGen      total 4608K, used 4480K [0x00000000d5580000, 0x00000000d5c00000, 0x0000000100000000)
  eden space 4096K, 100% used [0x00000000d5580000,0x00000000d5980000,0x00000000d5980000)
  from space 512K, 75% used [0x00000000d5b80000,0x00000000d5be0000,0x00000000d5c00000)
  to   space 512K, 0% used [0x00000000d5980000,0x00000000d5980000,0x00000000d5a00000)
 ParOldGen       total 252928K, used 252655K [0x0000000080000000, 0x000000008f700000, 0x00000000d5580000)
  object space 252928K, 99% used [0x0000000080000000,0x000000008f6bbf28,0x000000008f700000)
 Metaspace       used 76323K, committed 77952K, reserved 1179648K
  class space    used 8096K, committed 8832K, reserved 1048576K
}
Event: 1190.864 GC heap after
{Heap after GC invocations=184 (full 3):
 PSYoungGen      total 4608K, used 256K [0x00000000d5580000, 0x00000000d5c00000, 0x0000000100000000)
  eden space 4096K, 0% used [0x00000000d5580000,0x00000000d5580000,0x00000000d5980000)
  from space 512K, 50% used [0x00000000d5980000,0x00000000d59c0000,0x00000000d5a00000)
  to   space 512K, 0% used [0x00000000d5b80000,0x00000000d5b80000,0x00000000d5c00000)
 ParOldGen       total 253440K, used 252991K [0x0000000080000000, 0x000000008f780000, 0x00000000d5580000)
  object space 253440K, 99% used [0x0000000080000000,0x000000008f70ff28,0x000000008f780000)
 Metaspace       used 76323K, committed 77952K, reserved 1179648K
  class space    used 8096K, committed 8832K, reserved 1048576K
}
Event: 1191.351 GC heap before
{Heap before GC invocations=185 (full 3):
 PSYoungGen      total 4608K, used 4338K [0x00000000d5580000, 0x00000000d5c00000, 0x0000000100000000)
  eden space 4096K, 99% used [0x00000000d5580000,0x00000000d597c860,0x00000000d5980000)
  from space 512K, 50% used [0x00000000d5980000,0x00000000d59c0000,0x00000000d5a00000)
  to   space 512K, 0% used [0x00000000d5b80000,0x00000000d5b80000,0x00000000d5c00000)
 ParOldGen       total 253440K, used 252991K [0x0000000080000000, 0x000000008f780000, 0x00000000d5580000)
  object space 253440K, 99% used [0x0000000080000000,0x000000008f70ff28,0x000000008f780000)
 Metaspace       used 76754K, committed 78336K, reserved 1179648K
  class space    used 8142K, committed 8896K, reserved 1048576K
}
Event: 1191.357 GC heap after
{Heap after GC invocations=185 (full 3):
 PSYoungGen      total 4608K, used 403K [0x00000000d5580000, 0x00000000d5c00000, 0x0000000100000000)
  eden space 4096K, 0% used [0x00000000d5580000,0x00000000d5580000,0x00000000d5980000)
  from space 512K, 78% used [0x00000000d5b80000,0x00000000d5be4e20,0x00000000d5c00000)
  to   space 512K, 0% used [0x00000000d5980000,0x00000000d5980000,0x00000000d5a00000)
 ParOldGen       total 253440K, used 253087K [0x0000000080000000, 0x000000008f780000, 0x00000000d5580000)
  object space 253440K, 99% used [0x0000000080000000,0x000000008f727f28,0x000000008f780000)
 Metaspace       used 76754K, committed 78336K, reserved 1179648K
  class space    used 8142K, committed 8896K, reserved 1048576K
}
Event: 1191.551 GC heap before
{Heap before GC invocations=186 (full 3):
 PSYoungGen      total 4608K, used 4499K [0x00000000d5580000, 0x00000000d5c00000, 0x0000000100000000)
  eden space 4096K, 100% used [0x00000000d5580000,0x00000000d5980000,0x00000000d5980000)
  from space 512K, 78% used [0x00000000d5b80000,0x00000000d5be4e20,0x00000000d5c00000)
  to   space 512K, 0% used [0x00000000d5980000,0x00000000d5980000,0x00000000d5a00000)
 ParOldGen       total 253440K, used 253087K [0x0000000080000000, 0x000000008f780000, 0x00000000d5580000)
  object space 253440K, 99% used [0x0000000080000000,0x000000008f727f28,0x000000008f780000)
 Metaspace       used 77289K, committed 78848K, reserved 1179648K
  class space    used 8195K, committed 8896K, reserved 1048576K
}
Event: 1191.556 GC heap after
{Heap after GC invocations=186 (full 3):
 PSYoungGen      total 4608K, used 224K [0x00000000d5580000, 0x00000000d5c00000, 0x0000000100000000)
  eden space 4096K, 0% used [0x00000000d5580000,0x00000000d5580000,0x00000000d5980000)
  from space 512K, 43% used [0x00000000d5980000,0x00000000d59b8020,0x00000000d5a00000)
  to   space 512K, 0% used [0x00000000d5b80000,0x00000000d5b80000,0x00000000d5c00000)
 ParOldGen       total 253440K, used 253310K [0x0000000080000000, 0x000000008f780000, 0x00000000d5580000)
  object space 253440K, 99% used [0x0000000080000000,0x000000008f75fae8,0x000000008f780000)
 Metaspace       used 77289K, committed 78848K, reserved 1179648K
  class space    used 8195K, committed 8896K, reserved 1048576K
}
Event: 1191.745 GC heap before
{Heap before GC invocations=187 (full 3):
 PSYoungGen      total 4608K, used 4320K [0x00000000d5580000, 0x00000000d5c00000, 0x0000000100000000)
  eden space 4096K, 100% used [0x00000000d5580000,0x00000000d5980000,0x00000000d5980000)
  from space 512K, 43% used [0x00000000d5980000,0x00000000d59b8020,0x00000000d5a00000)
  to   space 512K, 0% used [0x00000000d5b80000,0x00000000d5b80000,0x00000000d5c00000)
 ParOldGen       total 253440K, used 253310K [0x0000000080000000, 0x000000008f780000, 0x00000000d5580000)
  object space 253440K, 99% used [0x0000000080000000,0x000000008f75fae8,0x000000008f780000)
 Metaspace       used 77815K, committed 79360K, reserved 1179648K
  class space    used 8261K, committed 8960K, reserved 1048576K
}
Event: 1191.750 GC heap after
{Heap after GC invocations=187 (full 3):
 PSYoungGen      total 4608K, used 256K [0x00000000d5580000, 0x00000000d5c00000, 0x0000000100000000)
  eden space 4096K, 0% used [0x00000000d5580000,0x00000000d5580000,0x00000000d5980000)
  from space 512K, 50% used [0x00000000d5b80000,0x00000000d5bc0000,0x00000000d5c00000)
  to   space 512K, 0% used [0x00000000d5980000,0x00000000d5980000,0x00000000d5a00000)
 ParOldGen       total 253952K, used 253446K [0x0000000080000000, 0x000000008f800000, 0x00000000d5580000)
  object space 253952K, 99% used [0x0000000080000000,0x000000008f781b08,0x000000008f800000)
 Metaspace       used 77815K, committed 79360K, reserved 1179648K
  class space    used 8261K, committed 8960K, reserved 1048576K
}
Event: 1191.883 GC heap before
{Heap before GC invocations=188 (full 3):
 PSYoungGen      total 4608K, used 4352K [0x00000000d5580000, 0x00000000d5c00000, 0x0000000100000000)
  eden space 4096K, 100% used [0x00000000d5580000,0x00000000d5980000,0x00000000d5980000)
  from space 512K, 50% used [0x00000000d5b80000,0x00000000d5bc0000,0x00000000d5c00000)
  to   space 512K, 0% used [0x00000000d5980000,0x00000000d5980000,0x00000000d5a00000)
 ParOldGen       total 253952K, used 253446K [0x0000000080000000, 0x000000008f800000, 0x00000000d5580000)
  object space 253952K, 99% used [0x0000000080000000,0x000000008f781b08,0x000000008f800000)
 Metaspace       used 78153K, committed 79680K, reserved 1179648K
  class space    used 8336K, committed 9024K, reserved 1048576K
}
Event: 1191.885 GC heap after
{Heap after GC invocations=188 (full 3):
 PSYoungGen      total 4608K, used 224K [0x00000000d5580000, 0x00000000d5c00000, 0x0000000100000000)
  eden space 4096K, 0% used [0x00000000d5580000,0x00000000d5580000,0x00000000d5980000)
  from space 512K, 43% used [0x00000000d5980000,0x00000000d59b8000,0x00000000d5a00000)
  to   space 512K, 0% used [0x00000000d5b80000,0x00000000d5b80000,0x00000000d5c00000)
 ParOldGen       total 253952K, used 253518K [0x0000000080000000, 0x000000008f800000, 0x00000000d5580000)
  object space 253952K, 99% used [0x0000000080000000,0x000000008f793b08,0x000000008f800000)
 Metaspace       used 78153K, committed 79680K, reserved 1179648K
  class space    used 8336K, committed 9024K, reserved 1048576K
}
Event: 1191.974 GC heap before
{Heap before GC invocations=189 (full 3):
 PSYoungGen      total 4608K, used 4320K [0x00000000d5580000, 0x00000000d5c00000, 0x0000000100000000)
  eden space 4096K, 100% used [0x00000000d5580000,0x00000000d5980000,0x00000000d5980000)
  from space 512K, 43% used [0x00000000d5980000,0x00000000d59b8000,0x00000000d5a00000)
  to   space 512K, 0% used [0x00000000d5b80000,0x00000000d5b80000,0x00000000d5c00000)
 ParOldGen       total 253952K, used 253518K [0x0000000080000000, 0x000000008f800000, 0x00000000d5580000)
  object space 253952K, 99% used [0x0000000080000000,0x000000008f793b08,0x000000008f800000)
 Metaspace       used 78562K, committed 80128K, reserved 1179648K
  class space    used 8413K, committed 9152K, reserved 1048576K
}
Event: 1191.976 GC heap after
{Heap after GC invocations=189 (full 3):
 PSYoungGen      total 4608K, used 256K [0x00000000d5580000, 0x00000000d5c00000, 0x0000000100000000)
  eden space 4096K, 0% used [0x00000000d5580000,0x00000000d5580000,0x00000000d5980000)
  from space 512K, 50% used [0x00000000d5b80000,0x00000000d5bc0000,0x00000000d5c00000)
  to   space 512K, 0% used [0x00000000d5980000,0x00000000d5980000,0x00000000d5a00000)
 ParOldGen       total 253952K, used 253630K [0x0000000080000000, 0x000000008f800000, 0x00000000d5580000)
  object space 253952K, 99% used [0x0000000080000000,0x000000008f7afb38,0x000000008f800000)
 Metaspace       used 78562K, committed 80128K, reserved 1179648K
  class space    used 8413K, committed 9152K, reserved 1048576K
}
Event: 1192.067 GC heap before
{Heap before GC invocations=190 (full 3):
 PSYoungGen      total 4608K, used 4352K [0x00000000d5580000, 0x00000000d5c00000, 0x0000000100000000)
  eden space 4096K, 100% used [0x00000000d5580000,0x00000000d5980000,0x00000000d5980000)
  from space 512K, 50% used [0x00000000d5b80000,0x00000000d5bc0000,0x00000000d5c00000)
  to   space 512K, 0% used [0x00000000d5980000,0x00000000d5980000,0x00000000d5a00000)
 ParOldGen       total 253952K, used 253630K [0x0000000080000000, 0x000000008f800000, 0x00000000d5580000)
  object space 253952K, 99% used [0x0000000080000000,0x000000008f7afb38,0x000000008f800000)
 Metaspace       used 78966K, committed 80640K, reserved 1179648K
  class space    used 8467K, committed 9216K, reserved 1048576K
}
Event: 1192.070 GC heap after
{Heap after GC invocations=190 (full 3):
 PSYoungGen      total 4608K, used 256K [0x00000000d5580000, 0x00000000d5c00000, 0x0000000100000000)
  eden space 4096K, 0% used [0x00000000d5580000,0x00000000d5580000,0x00000000d5980000)
  from space 512K, 50% used [0x00000000d5980000,0x00000000d59c0000,0x00000000d5a00000)
  to   space 512K, 0% used [0x00000000d5b80000,0x00000000d5b80000,0x00000000d5c00000)
 ParOldGen       total 253952K, used 253702K [0x0000000080000000, 0x000000008f800000, 0x00000000d5580000)
  object space 253952K, 99% used [0x0000000080000000,0x000000008f7c1b38,0x000000008f800000)
 Metaspace       used 78966K, committed 80640K, reserved 1179648K
  class space    used 8467K, committed 9216K, reserved 1048576K
}
Event: 2540.848 GC heap before
{Heap before GC invocations=191 (full 3):
 PSYoungGen      total 4608K, used 4351K [0x00000000d5580000, 0x00000000d5c00000, 0x0000000100000000)
  eden space 4096K, 99% used [0x00000000d5580000,0x00000000d597ffe0,0x00000000d5980000)
  from space 512K, 50% used [0x00000000d5980000,0x00000000d59c0000,0x00000000d5a00000)
  to   space 512K, 0% used [0x00000000d5b80000,0x00000000d5b80000,0x00000000d5c00000)
 ParOldGen       total 253952K, used 253702K [0x0000000080000000, 0x000000008f800000, 0x00000000d5580000)
  object space 253952K, 99% used [0x0000000080000000,0x000000008f7c1b38,0x000000008f800000)
 Metaspace       used 79410K, committed 81024K, reserved 1179648K
  class space    used 8519K, committed 9216K, reserved 1048576K
}
Event: 2540.989 GC heap after
{Heap after GC invocations=191 (full 3):
 PSYoungGen      total 4608K, used 288K [0x00000000d5580000, 0x00000000d5c00000, 0x0000000100000000)
  eden space 4096K, 0% used [0x00000000d5580000,0x00000000d5580000,0x00000000d5980000)
  from space 512K, 56% used [0x00000000d5b80000,0x00000000d5bc8000,0x00000000d5c00000)
  to   space 512K, 0% used [0x00000000d5980000,0x00000000d5980000,0x00000000d5a00000)
 ParOldGen       total 253952K, used 253830K [0x0000000080000000, 0x000000008f800000, 0x00000000d5580000)
  object space 253952K, 99% used [0x0000000080000000,0x000000008f7e1b48,0x000000008f800000)
 Metaspace       used 79410K, committed 81024K, reserved 1179648K
  class space    used 8519K, committed 9216K, reserved 1048576K
}

Dll operation events (12 events):
Event: 0.042 Loaded shared library c:\Users\PCWORLD\.vscode\extensions\redhat.java-1.53.0-win32-x64\jre\21.0.10-win32-x86_64\bin\java.dll
Event: 0.195 Loaded shared library c:\Users\PCWORLD\.vscode\extensions\redhat.java-1.53.0-win32-x64\jre\21.0.10-win32-x86_64\bin\zip.dll
Event: 0.232 Loaded shared library C:\Users\PCWORLD\.vscode\extensions\redhat.java-1.53.0-win32-x64\jre\21.0.10-win32-x86_64\bin\instrument.dll
Event: 0.251 Loaded shared library C:\Users\PCWORLD\.vscode\extensions\redhat.java-1.53.0-win32-x64\jre\21.0.10-win32-x86_64\bin\net.dll
Event: 0.257 Loaded shared library C:\Users\PCWORLD\.vscode\extensions\redhat.java-1.53.0-win32-x64\jre\21.0.10-win32-x86_64\bin\nio.dll
Event: 0.262 Loaded shared library C:\Users\PCWORLD\.vscode\extensions\redhat.java-1.53.0-win32-x64\jre\21.0.10-win32-x86_64\bin\zip.dll
Event: 0.296 Loaded shared library C:\Users\PCWORLD\.vscode\extensions\redhat.java-1.53.0-win32-x64\jre\21.0.10-win32-x86_64\bin\jimage.dll
Event: 0.445 Loaded shared library c:\Users\PCWORLD\.vscode\extensions\redhat.java-1.53.0-win32-x64\jre\21.0.10-win32-x86_64\bin\verify.dll
Event: 2.902 Loaded shared library C:\Users\PCWORLD\AppData\Roaming\Code\User\globalStorage\redhat.java\1.53.0\config_win\org.eclipse.equinox.launcher\org.eclipse.equinox.launcher.win32.win32.x86_64_1.3.0.v20260203-2149\eclipse_11919.dll
Event: 7.483 Loaded shared library C:\Users\PCWORLD\AppData\Local\Temp\jna--13215393\jna12912881404678255186.dll
Event: 12.521 Loaded shared library C:\Users\PCWORLD\.vscode\extensions\redhat.java-1.53.0-win32-x64\jre\21.0.10-win32-x86_64\bin\sunmscapi.dll
Event: 22.131 Loaded shared library C:\Users\PCWORLD\.vscode\extensions\redhat.java-1.53.0-win32-x64\jre\21.0.10-win32-x86_64\bin\extnet.dll

Deoptimization events (20 events):
Event: 1192.129 Thread 0x000001d8ec9d9e20 Uncommon trap: trap_request=0xffffffde fr.pc=0x000001d8d9628c28 relative=0x00000000000006e8
Event: 1192.129 Thread 0x000001d8ec9d9e20 Uncommon trap: reason=class_check action=maybe_recompile pc=0x000001d8d9628c28 method=com.google.gson.stream.JsonWriter.beforeValue()V @ 98 c2
Event: 1192.129 Thread 0x000001d8ec9d9e20 DEOPT PACKING pc=0x000001d8d9628c28 sp=0x0000007d64afe050
Event: 1192.129 Thread 0x000001d8ec9d9e20 DEOPT UNPACKING pc=0x000001d8d8853aa2 sp=0x0000007d64afe038 mode 2
Event: 1192.840 Thread 0x000001d8ec9d9790 DEOPT PACKING pc=0x000001d8d2cb521c sp=0x0000007d648ff350
Event: 1192.840 Thread 0x000001d8ec9d9790 DEOPT UNPACKING pc=0x000001d8d8854242 sp=0x0000007d648fe810 mode 0
Event: 1193.603 Thread 0x000001d8eb1d9d80 DEOPT PACKING pc=0x000001d8d2cb521c sp=0x0000007d642ff270
Event: 1193.603 Thread 0x000001d8eb1d9d80 DEOPT UNPACKING pc=0x000001d8d8854242 sp=0x0000007d642fe730 mode 0
Event: 1203.298 Thread 0x000001d8e68d69e0 DEOPT PACKING pc=0x000001d8d2cb521c sp=0x0000007d628ff320
Event: 1203.308 Thread 0x000001d8e68d69e0 DEOPT UNPACKING pc=0x000001d8d8854242 sp=0x0000007d628fe7e0 mode 0
Event: 1251.846 Thread 0x000001d8ec9d9100 DEOPT PACKING pc=0x000001d8d2cb521c sp=0x0000007d649ff3c0
Event: 1251.847 Thread 0x000001d8ec9d9100 DEOPT UNPACKING pc=0x000001d8d8854242 sp=0x0000007d649fe880 mode 0
Event: 8723.848 Thread 0x000001d8ec9d9790 Uncommon trap: trap_request=0xffffffd6 fr.pc=0x000001d8d9787638 relative=0x00000000000003f8
Event: 8723.849 Thread 0x000001d8ec9d9790 Uncommon trap: reason=array_check action=maybe_recompile pc=0x000001d8d9787638 method=java.util.concurrent.ScheduledThreadPoolExecutor$DelayedWorkQueue.offer(Ljava/lang/Runnable;)Z @ 65 c2
Event: 8723.849 Thread 0x000001d8ec9d9790 DEOPT PACKING pc=0x000001d8d9787638 sp=0x0000007d648ff320
Event: 8723.856 Thread 0x000001d8ec9d9790 DEOPT UNPACKING pc=0x000001d8d8853aa2 sp=0x0000007d648ff168 mode 2
Event: 8724.847 Thread 0x000001d8ec9d9790 Uncommon trap: trap_request=0xffffffd6 fr.pc=0x000001d8d9787638 relative=0x00000000000003f8
Event: 8724.847 Thread 0x000001d8ec9d9790 Uncommon trap: reason=array_check action=maybe_recompile pc=0x000001d8d9787638 method=java.util.concurrent.ScheduledThreadPoolExecutor$DelayedWorkQueue.offer(Ljava/lang/Runnable;)Z @ 65 c2
Event: 8724.847 Thread 0x000001d8ec9d9790 DEOPT PACKING pc=0x000001d8d9787638 sp=0x0000007d648ff320
Event: 8724.847 Thread 0x000001d8ec9d9790 DEOPT UNPACKING pc=0x000001d8d8853aa2 sp=0x0000007d648ff168 mode 2

Classes loaded (20 events):
Event: 1192.127 Loading class java/util/TaskQueue
Event: 1192.127 Loading class java/util/TaskQueue done
Event: 1192.127 Loading class java/util/TimerThread
Event: 1192.127 Loading class java/util/TimerThread done
Event: 1192.128 Loading class java/util/Timer$ThreadReaper
Event: 1192.128 Loading class java/util/Timer$ThreadReaper done
Event: 1192.131 Loading class java/util/concurrent/CompletableFuture$UniWhenComplete
Event: 1192.131 Loading class java/util/concurrent/CompletableFuture$UniWhenComplete done
Event: 1192.132 Loading class java/util/concurrent/CompletableFuture$UniCompose
Event: 1192.132 Loading class java/util/concurrent/CompletableFuture$UniCompose done
Event: 1192.132 Loading class java/util/concurrent/CompletableFuture$UniRelay
Event: 1192.132 Loading class java/util/concurrent/CompletableFuture$UniRelay done
Event: 1192.840 Loading class java/util/concurrent/ScheduledThreadPoolExecutor$DelayedWorkQueue$Itr
Event: 1192.841 Loading class java/util/concurrent/ScheduledThreadPoolExecutor$DelayedWorkQueue$Itr done
Event: 1195.223 Loading class java/lang/ProcessHandleImpl$ExitCompletion
Event: 1195.224 Loading class java/lang/ProcessHandleImpl$ExitCompletion done
Event: 1195.224 Loading class java/lang/ProcessHandleImpl$1
Event: 1195.224 Loading class java/lang/ProcessHandleImpl$1 done
Event: 1195.231 Loading class java/util/concurrent/CompletableFuture$UniHandle
Event: 1195.232 Loading class java/util/concurrent/CompletableFuture$UniHandle done

Classes unloaded (7 events):
Event: 8.906 Thread 0x000001d8ce17e9f0 Unloading class 0x000001d8811aa800 'java/lang/invoke/LambdaForm$MH+0x000001d8811aa800'
Event: 8.906 Thread 0x000001d8ce17e9f0 Unloading class 0x000001d8811aa400 'java/lang/invoke/LambdaForm$MH+0x000001d8811aa400'
Event: 8.906 Thread 0x000001d8ce17e9f0 Unloading class 0x000001d8811aa000 'java/lang/invoke/LambdaForm$MH+0x000001d8811aa000'
Event: 8.906 Thread 0x000001d8ce17e9f0 Unloading class 0x000001d8811a9c00 'java/lang/invoke/LambdaForm$MH+0x000001d8811a9c00'
Event: 8.906 Thread 0x000001d8ce17e9f0 Unloading class 0x000001d8811a9800 'java/lang/invoke/LambdaForm$BMH+0x000001d8811a9800'
Event: 8.906 Thread 0x000001d8ce17e9f0 Unloading class 0x000001d8811a9400 'java/lang/invoke/LambdaForm$DMH+0x000001d8811a9400'
Event: 8.906 Thread 0x000001d8ce17e9f0 Unloading class 0x000001d8811a8000 'java/lang/invoke/LambdaForm$DMH+0x000001d8811a8000'

Classes redefined (0 events):
No events

Internal exceptions (20 events):
Event: 1190.219 Thread 0x000001d8e6dfa730 Exception <a 'sun/nio/fs/WindowsException'{0x00000000d582ab08}> (0x00000000d582ab08) 
thrown [s\src\hotspot\share\prims\jni.cpp, line 520]
Event: 1190.219 Thread 0x000001d8e6dfa730 Exception <a 'sun/nio/fs/WindowsException'{0x00000000d582b638}> (0x00000000d582b638) 
thrown [s\src\hotspot\share\prims\jni.cpp, line 520]
Event: 1190.219 Thread 0x000001d8e6dfa730 Exception <a 'sun/nio/fs/WindowsException'{0x00000000d582c8e8}> (0x00000000d582c8e8) 
thrown [s\src\hotspot\share\prims\jni.cpp, line 520]
Event: 1190.220 Thread 0x000001d8e6dfa730 Exception <a 'sun/nio/fs/WindowsException'{0x00000000d582d418}> (0x00000000d582d418) 
thrown [s\src\hotspot\share\prims\jni.cpp, line 520]
Event: 1190.220 Thread 0x000001d8e6dfa730 Exception <a 'sun/nio/fs/WindowsException'{0x00000000d582ea00}> (0x00000000d582ea00) 
thrown [s\src\hotspot\share\prims\jni.cpp, line 520]
Event: 1190.220 Thread 0x000001d8e6dfa730 Exception <a 'sun/nio/fs/WindowsException'{0x00000000d582f2e0}> (0x00000000d582f2e0) 
thrown [s\src\hotspot\share\prims\jni.cpp, line 520]
Event: 1190.327 Thread 0x000001d8eb1db130 Exception <a 'java/lang/IncompatibleClassChangeError'{0x00000000d586a020}: Found class java.lang.Object, but interface was expected> (0x00000000d586a020) 
thrown [s\src\hotspot\share\interpreter\linkResolver.cpp, line 840]
Event: 1190.893 Thread 0x000001d8e6dfa730 Exception <a 'sun/nio/fs/WindowsException'{0x00000000d56ab938}> (0x00000000d56ab938) 
thrown [s\src\hotspot\share\prims\jni.cpp, line 520]
Event: 1190.893 Thread 0x000001d8e6dfa730 Exception <a 'sun/nio/fs/WindowsException'{0x00000000d56ac468}> (0x00000000d56ac468) 
thrown [s\src\hotspot\share\prims\jni.cpp, line 520]
Event: 1190.894 Thread 0x000001d8e6dfa730 Exception <a 'sun/nio/fs/WindowsException'{0x00000000d56ad7f0}> (0x00000000d56ad7f0) 
thrown [s\src\hotspot\share\prims\jni.cpp, line 520]
Event: 1190.894 Thread 0x000001d8e6dfa730 Exception <a 'sun/nio/fs/WindowsException'{0x00000000d56ae0d0}> (0x00000000d56ae0d0) 
thrown [s\src\hotspot\share\prims\jni.cpp, line 520]
Event: 1191.429 Thread 0x000001d8ec9db860 Exception <a 'java/io/FileNotFoundException'{0x00000000d55ec940}> (0x00000000d55ec940) 
thrown [s\src\hotspot\share\prims\jni.cpp, line 520]
Event: 1191.961 Thread 0x000001d8ec9db860 Exception <a 'java/lang/NoSuchMethodError'{0x00000000d58ee9e8}: 'java.lang.Object java.lang.invoke.DirectMethodHandle$Holder.invokeVirtual(java.lang.Object, java.lang.Object, java.lang.Object, java.lang.Object)'> (0x00000000d58ee9e8) 
thrown [s\src\hotspot\share\interpreter\linkResolver.cpp, line 773]
Event: 1192.051 Thread 0x000001d8ec9d9e20 Exception <a 'java/lang/NoSuchMethodError'{0x00000000d5902938}: 'java.lang.Object java.lang.invoke.DirectMethodHandle$Holder.invokeStatic(java.lang.Object, long, java.lang.Object, java.lang.Object)'> (0x00000000d5902938) 
thrown [s\src\hotspot\share\interpreter\linkResolver.cpp, line 773]
Event: 1192.099 Thread 0x000001d8ec9d9e20 Exception <a 'sun/nio/fs/WindowsException'{0x00000000d55f1a68}> (0x00000000d55f1a68) 
thrown [s\src\hotspot\share\prims\jni.cpp, line 520]
Event: 1192.100 Thread 0x000001d8ec9d9e20 Exception <a 'sun/nio/fs/WindowsException'{0x00000000d55f2a68}> (0x00000000d55f2a68) 
thrown [s\src\hotspot\share\prims\jni.cpp, line 520]
Event: 1192.130 Thread 0x000001d8ec9d9e20 Exception <a 'java/lang/NoSuchMethodError'{0x00000000d56a9980}: 'void java.lang.invoke.DirectMethodHandle$Holder.invokeStatic(java.lang.Object, java.lang.Object, java.lang.Object, java.lang.Object, java.lang.Object, java.lang.Object, java.lang.Object)'> (0x00000000d56a9980) 
thrown [s\src\hotspot\share\interpreter\linkResolver.cpp, line 773]
Event: 1194.672 Thread 0x000001d8eb1dfff0 Exception <a 'java/lang/NoSuchMethodError'{0x00000000d576b728}: 'long java.lang.invoke.DelegatingMethodHandle$Holder.reinvoke_L(java.lang.Object, java.lang.Object)'> (0x00000000d576b728) 
thrown [s\src\hotspot\share\interpreter\linkResolver.cpp, line 773]
Event: 1194.676 Thread 0x000001d8eb1dfff0 Exception <a 'java/lang/NoSuchMethodError'{0x00000000d5775638}: 'void java.lang.invoke.DelegatingMethodHandle$Holder.reinvoke_L(java.lang.Object, java.lang.Object, long)'> (0x00000000d5775638) 
thrown [s\src\hotspot\share\interpreter\linkResolver.cpp, line 773]
Event: 1195.234 Thread 0x000001d8eb1dfff0 Exception <a 'java/lang/NoSuchMethodError'{0x00000000d5860440}: 'long java.lang.invoke.Invokers$Holder.invokeExact_MT(java.lang.Object, java.lang.Object, java.lang.Object)'> (0x00000000d5860440) 
thrown [s\src\hotspot\share\interpreter\linkResolver.cpp, line 773]

ZGC Phase Switch (0 events):
No events

VM Operations (20 events):
Event: 11303.137 Executing non-safepoint VM operation: HandshakeAllThreads (HandshakeForDeflation)
Event: 11303.137 Executing non-safepoint VM operation: HandshakeAllThreads (HandshakeForDeflation) done
Event: 11303.137 Executing non-safepoint VM operation: RendezvousGCThreads
Event: 11303.137 Executing non-safepoint VM operation: RendezvousGCThreads done
Event: 11423.379 Executing non-safepoint VM operation: HandshakeAllThreads (HandshakeForDeflation)
Event: 11423.379 Executing non-safepoint VM operation: HandshakeAllThreads (HandshakeForDeflation) done
Event: 11423.379 Executing non-safepoint VM operation: RendezvousGCThreads
Event: 11423.379 Executing non-safepoint VM operation: RendezvousGCThreads done
Event: 11483.434 Executing non-safepoint VM operation: HandshakeAllThreads (HandshakeForDeflation)
Event: 11483.434 Executing non-safepoint VM operation: HandshakeAllThreads (HandshakeForDeflation) done
Event: 11483.434 Executing non-safepoint VM operation: RendezvousGCThreads
Event: 11483.434 Executing non-safepoint VM operation: RendezvousGCThreads done
Event: 11543.572 Executing non-safepoint VM operation: HandshakeAllThreads (HandshakeForDeflation)
Event: 11543.573 Executing non-safepoint VM operation: HandshakeAllThreads (HandshakeForDeflation) done
Event: 11543.573 Executing non-safepoint VM operation: RendezvousGCThreads
Event: 11543.573 Executing non-safepoint VM operation: RendezvousGCThreads done
Event: 11603.603 Executing non-safepoint VM operation: HandshakeAllThreads (HandshakeForDeflation)
Event: 11603.603 Executing non-safepoint VM operation: HandshakeAllThreads (HandshakeForDeflation) done
Event: 11603.603 Executing non-safepoint VM operation: RendezvousGCThreads
Event: 11603.603 Executing non-safepoint VM operation: RendezvousGCThreads done

Memory protections (0 events):
No events

Nmethod flushes (20 events):
Event: 30.372 Thread 0x000001d8ce17e9f0 flushing  nmethod 0x000001d8d1b45a10
Event: 30.372 Thread 0x000001d8ce17e9f0 flushing osr nmethod 0x000001d8d1b50d10
Event: 30.372 Thread 0x000001d8ce17e9f0 flushing osr nmethod 0x000001d8d1b52a10
Event: 30.372 Thread 0x000001d8ce17e9f0 flushing osr nmethod 0x000001d8d1baa890
Event: 30.372 Thread 0x000001d8ce17e9f0 flushing  nmethod 0x000001d8d1bba290
Event: 30.372 Thread 0x000001d8ce17e9f0 flushing  nmethod 0x000001d8d1bc1910
Event: 30.372 Thread 0x000001d8ce17e9f0 flushing  nmethod 0x000001d8d1bc7290
Event: 30.372 Thread 0x000001d8ce17e9f0 flushing  nmethod 0x000001d8d1bd5890
Event: 30.372 Thread 0x000001d8ce17e9f0 flushing  nmethod 0x000001d8d1bdfc10
Event: 30.372 Thread 0x000001d8ce17e9f0 flushing  nmethod 0x000001d8d1be4e10
Event: 30.372 Thread 0x000001d8ce17e9f0 flushing  nmethod 0x000001d8d1be5790
Event: 30.372 Thread 0x000001d8ce17e9f0 flushing  nmethod 0x000001d8d1beaa10
Event: 30.372 Thread 0x000001d8ce17e9f0 flushing  nmethod 0x000001d8d1befc90
Event: 30.372 Thread 0x000001d8ce17e9f0 flushing  nmethod 0x000001d8d1c09310
Event: 30.372 Thread 0x000001d8ce17e9f0 flushing  nmethod 0x000001d8d1c09a10
Event: 30.372 Thread 0x000001d8ce17e9f0 flushing  nmethod 0x000001d8d1c0a890
Event: 30.372 Thread 0x000001d8ce17e9f0 flushing  nmethod 0x000001d8d1c0c990
Event: 30.372 Thread 0x000001d8ce17e9f0 flushing  nmethod 0x000001d8d1c3a190
Event: 30.372 Thread 0x000001d8ce17e9f0 flushing  nmethod 0x000001d8d1c48210
Event: 30.372 Thread 0x000001d8ce17e9f0 flushing  nmethod 0x000001d8d1c4da90

Events (20 events):
Event: 1191.168 Thread 0x000001d8e6dfa730 Thread added: 0x000001d8ec9d8a70
Event: 1191.199 Thread 0x000001d8ec9d8a70 Thread added: 0x000001d8ec9db860
Event: 1191.831 Thread 0x000001d8ec9db860 Thread added: 0x000001d8ec9d9790
Event: 1191.846 Thread 0x000001d8ec9db860 Thread added: 0x000001d8ec9d9100
Event: 1192.044 Thread 0x000001d8ec9db860 Thread added: 0x000001d8ec9d9e20
Event: 1192.084 Thread 0x000001d8ce036790 Thread added: 0x000001d8ec740d10
Event: 1192.128 Thread 0x000001d8ec9d9e20 Thread added: 0x000001d8ec9db1d0
Event: 1194.661 Thread 0x000001d8ec9db860 Thread added: 0x000001d8eb1dfff0
Event: 1194.662 Thread 0x000001d8ec9db1d0 Thread exited: 0x000001d8ec9db1d0
Event: 1195.218 Thread 0x000001d8ec740d10 Thread exited: 0x000001d8ec740d10
Event: 1195.228 Thread 0x000001d8eb1dfff0 Thread added: 0x000001d8eb1dc4e0
Event: 1195.248 Thread 0x000001d8eb1dfff0 Thread exited: 0x000001d8eb1dfff0
Event: 1267.811 Thread 0x000001d8eb1dd890 Thread exited: 0x000001d8eb1dd890
Event: 1292.970 Thread 0x000001d8e6dfa730 Thread exited: 0x000001d8e6dfa730
Event: 1352.983 Thread 0x000001d8e6dfdbb0 Thread exited: 0x000001d8e6dfdbb0
Event: 1412.991 Thread 0x000001d8e6dfe240 Thread exited: 0x000001d8e6dfe240
Event: 1472.992 Thread 0x000001d8e6df72b0 Thread exited: 0x000001d8e6df72b0
Event: 1533.005 Thread 0x000001d8e6df6c20 Thread exited: 0x000001d8e6df6c20
Event: 1593.018 Thread 0x000001d8e6df8cf0 Thread exited: 0x000001d8e6df8cf0
Event: 1653.017 Thread 0x000001d8e6dfa0a0 Thread exited: 0x000001d8e6dfa0a0


Dynamic libraries:
0x00007ff6330c0000 - 0x00007ff6330ce000 	c:\Users\PCWORLD\.vscode\extensions\redhat.java-1.53.0-win32-x64\jre\21.0.10-win32-x86_64\bin\java.exe
0x00007ffaa7720000 - 0x00007ffaa7929000 	C:\Windows\SYSTEM32\ntdll.dll
0x00007ffaa6610000 - 0x00007ffaa66cd000 	C:\Windows\System32\KERNEL32.DLL
0x00007ffaa4c50000 - 0x00007ffaa4fd4000 	C:\Windows\System32\KERNELBASE.dll
0x00007ffaa50a0000 - 0x00007ffaa51b1000 	C:\Windows\System32\ucrtbase.dll
0x00007ffaa0c00000 - 0x00007ffaa0c18000 	c:\Users\PCWORLD\.vscode\extensions\redhat.java-1.53.0-win32-x64\jre\21.0.10-win32-x86_64\bin\jli.dll
0x00007ffaa74c0000 - 0x00007ffaa766d000 	C:\Windows\System32\USER32.dll
0x00007ffaa54c0000 - 0x00007ffaa54e6000 	C:\Windows\System32\win32u.dll
0x00007ffaa7360000 - 0x00007ffaa738a000 	C:\Windows\System32\GDI32.dll
0x00007ffaa53a0000 - 0x00007ffaa54be000 	C:\Windows\System32\gdi32full.dll
0x00007ffaa4bb0000 - 0x00007ffaa4c4d000 	C:\Windows\System32\msvcp_win.dll
0x00007ffa90690000 - 0x00007ffa906ae000 	c:\Users\PCWORLD\.vscode\extensions\redhat.java-1.53.0-win32-x64\jre\21.0.10-win32-x86_64\bin\VCRUNTIME140.dll
0x00007ffa90860000 - 0x00007ffa90b05000 	C:\Windows\WinSxS\amd64_microsoft.windows.common-controls_6595b64144ccf1df_6.0.22000.120_none_9d947278b86cc467\COMCTL32.dll
0x00007ffaa6330000 - 0x00007ffaa63d3000 	C:\Windows\System32\msvcrt.dll
0x00007ffaa66d0000 - 0x00007ffaa6701000 	C:\Windows\System32\IMM32.DLL
0x00007ffa9b9d0000 - 0x00007ffa9b9dc000 	c:\Users\PCWORLD\.vscode\extensions\redhat.java-1.53.0-win32-x64\jre\21.0.10-win32-x86_64\bin\vcruntime140_1.dll
0x00007ffa77cc0000 - 0x00007ffa77d4d000 	c:\Users\PCWORLD\.vscode\extensions\redhat.java-1.53.0-win32-x64\jre\21.0.10-win32-x86_64\bin\msvcp140.dll
0x00007ffa64cd0000 - 0x00007ffa65a71000 	c:\Users\PCWORLD\.vscode\extensions\redhat.java-1.53.0-win32-x64\jre\21.0.10-win32-x86_64\bin\server\jvm.dll
0x00007ffaa5570000 - 0x00007ffaa561e000 	C:\Windows\System32\ADVAPI32.dll
0x00007ffaa7420000 - 0x00007ffaa74be000 	C:\Windows\System32\sechost.dll
0x00007ffaa6800000 - 0x00007ffaa6921000 	C:\Windows\System32\RPCRT4.dll
0x00007ffaa7670000 - 0x00007ffaa76df000 	C:\Windows\System32\WS2_32.dll
0x00007ffaa49d0000 - 0x00007ffaa4a1d000 	C:\Windows\SYSTEM32\POWRPROF.dll
0x00007ffa9b900000 - 0x00007ffa9b933000 	C:\Windows\SYSTEM32\WINMM.dll
0x00007ffa99640000 - 0x00007ffa9964a000 	C:\Windows\SYSTEM32\VERSION.dll
0x00007ffaa48c0000 - 0x00007ffaa48d3000 	C:\Windows\SYSTEM32\UMPDC.dll
0x00007ffaa3be0000 - 0x00007ffaa3bf8000 	C:\Windows\SYSTEM32\kernel.appcore.dll
0x00007ffa92440000 - 0x00007ffa9244a000 	c:\Users\PCWORLD\.vscode\extensions\redhat.java-1.53.0-win32-x64\jre\21.0.10-win32-x86_64\bin\jimage.dll
0x00007ffaa1d40000 - 0x00007ffaa1f61000 	C:\Windows\SYSTEM32\DBGHELP.DLL
0x00007ffa8d5f0000 - 0x00007ffa8d621000 	C:\Windows\SYSTEM32\dbgcore.DLL
0x00007ffaa54f0000 - 0x00007ffaa556f000 	C:\Windows\System32\bcryptPrimitives.dll
0x00007ffa91330000 - 0x00007ffa9133f000 	c:\Users\PCWORLD\.vscode\extensions\redhat.java-1.53.0-win32-x64\jre\21.0.10-win32-x86_64\bin\instrument.dll
0x00007ffa90000000 - 0x00007ffa90020000 	c:\Users\PCWORLD\.vscode\extensions\redhat.java-1.53.0-win32-x64\jre\21.0.10-win32-x86_64\bin\java.dll
0x00007ffaa6ae0000 - 0x00007ffaa72a5000 	C:\Windows\System32\SHELL32.dll
0x00007ffaa2c40000 - 0x00007ffaa34a2000 	C:\Windows\SYSTEM32\windows.storage.dll
0x00007ffaa5df0000 - 0x00007ffaa6166000 	C:\Windows\System32\combase.dll
0x00007ffaa2ad0000 - 0x00007ffaa2c37000 	C:\Windows\SYSTEM32\wintypes.dll
0x00007ffaa5d00000 - 0x00007ffaa5dea000 	C:\Windows\System32\SHCORE.dll
0x00007ffaa67a0000 - 0x00007ffaa67fd000 	C:\Windows\System32\shlwapi.dll
0x00007ffaa4ae0000 - 0x00007ffaa4b05000 	C:\Windows\SYSTEM32\profapi.dll
0x00007ffa8c600000 - 0x00007ffa8c618000 	c:\Users\PCWORLD\.vscode\extensions\redhat.java-1.53.0-win32-x64\jre\21.0.10-win32-x86_64\bin\zip.dll
0x00007ffa91200000 - 0x00007ffa91210000 	C:\Users\PCWORLD\.vscode\extensions\redhat.java-1.53.0-win32-x64\jre\21.0.10-win32-x86_64\bin\net.dll
0x00007ffa9bfa0000 - 0x00007ffa9c0b4000 	C:\Windows\SYSTEM32\WINHTTP.dll
0x00007ffaa4080000 - 0x00007ffaa40e7000 	C:\Windows\system32\mswsock.dll
0x00007ffa87900000 - 0x00007ffa87916000 	C:\Users\PCWORLD\.vscode\extensions\redhat.java-1.53.0-win32-x64\jre\21.0.10-win32-x86_64\bin\nio.dll
0x00007ffa8caa0000 - 0x00007ffa8cab0000 	c:\Users\PCWORLD\.vscode\extensions\redhat.java-1.53.0-win32-x64\jre\21.0.10-win32-x86_64\bin\verify.dll
0x00007ffa75730000 - 0x00007ffa75775000 	C:\Users\PCWORLD\AppData\Roaming\Code\User\globalStorage\redhat.java\1.53.0\config_win\org.eclipse.equinox.launcher\org.eclipse.equinox.launcher.win32.win32.x86_64_1.3.0.v20260203-2149\eclipse_11919.dll
0x00007ffaa6940000 - 0x00007ffaa6ada000 	C:\Windows\System32\ole32.dll
0x00007ffaa4350000 - 0x00007ffaa4368000 	C:\Windows\SYSTEM32\CRYPTSP.dll
0x00007ffaa3b40000 - 0x00007ffaa3b75000 	C:\Windows\system32\rsaenh.dll
0x00007ffaa4120000 - 0x00007ffaa414c000 	C:\Windows\SYSTEM32\USERENV.dll
0x00007ffaa4500000 - 0x00007ffaa4527000 	C:\Windows\SYSTEM32\bcrypt.dll
0x00007ffaa4270000 - 0x00007ffaa427c000 	C:\Windows\SYSTEM32\CRYPTBASE.dll
0x00007ffaa3740000 - 0x00007ffaa376d000 	C:\Windows\SYSTEM32\IPHLPAPI.DLL
0x00007ffaa5cf0000 - 0x00007ffaa5cf9000 	C:\Windows\System32\NSI.dll
0x00007ffa813c0000 - 0x00007ffa81409000 	C:\Users\PCWORLD\AppData\Local\Temp\jna--13215393\jna12912881404678255186.dll
0x00007ffaa6930000 - 0x00007ffaa6938000 	C:\Windows\System32\PSAPI.DLL
0x00007ffa9b940000 - 0x00007ffa9b959000 	C:\Windows\SYSTEM32\dhcpcsvc6.DLL
0x00007ffa9c5a0000 - 0x00007ffa9c5be000 	C:\Windows\SYSTEM32\dhcpcsvc.DLL
0x00007ffaa0b50000 - 0x00007ffaa0b5e000 	C:\Users\PCWORLD\.vscode\extensions\redhat.java-1.53.0-win32-x64\jre\21.0.10-win32-x86_64\bin\sunmscapi.dll
0x00007ffaa5230000 - 0x00007ffaa5392000 	C:\Windows\System32\CRYPT32.dll
0x00007ffaa44d0000 - 0x00007ffaa44f8000 	C:\Windows\SYSTEM32\ncrypt.dll
0x00007ffaa4490000 - 0x00007ffaa44c7000 	C:\Windows\SYSTEM32\NTASN1.dll
0x00007ffaa3770000 - 0x00007ffaa3857000 	C:\Windows\SYSTEM32\DNSAPI.dll
0x00007ffa921e0000 - 0x00007ffa921ea000 	C:\Windows\System32\rasadhlp.dll
0x00007ffa98f50000 - 0x00007ffa98fd1000 	C:\Windows\System32\fwpuclnt.dll
0x00007ffa8d090000 - 0x00007ffa8d099000 	C:\Users\PCWORLD\.vscode\extensions\redhat.java-1.53.0-win32-x64\jre\21.0.10-win32-x86_64\bin\extnet.dll

JVMTI agents:
c:\Users\PCWORLD\.vscode\extensions\redhat.java-1.53.0-win32-x64\lombok\lombok-1.18.39-4050.jar path:c:\Users\PCWORLD\.vscode\extensions\redhat.java-1.53.0-win32-x64\jre\21.0.10-win32-x86_64\bin\instrument.dll, loaded, initialized, instrumentlib options:none

dbghelp: loaded successfully - version: 4.0.5 - missing functions: none
symbol engine: initialized successfully - sym options: 0x614 - pdb path: .;c:\Users\PCWORLD\.vscode\extensions\redhat.java-1.53.0-win32-x64\jre\21.0.10-win32-x86_64\bin;C:\Windows\SYSTEM32;C:\Windows\WinSxS\amd64_microsoft.windows.common-controls_6595b64144ccf1df_6.0.22000.120_none_9d947278b86cc467;c:\Users\PCWORLD\.vscode\extensions\redhat.java-1.53.0-win32-x64\jre\21.0.10-win32-x86_64\bin\server;C:\Users\PCWORLD\AppData\Roaming\Code\User\globalStorage\redhat.java\1.53.0\config_win\org.eclipse.equinox.launcher\org.eclipse.equinox.launcher.win32.win32.x86_64_1.3.0.v20260203-2149;C:\Users\PCWORLD\AppData\Local\Temp\jna--13215393

VM Arguments:
jvm_args: --add-modules=ALL-SYSTEM --add-opens=java.base/java.util=ALL-UNNAMED --add-opens=java.base/java.lang=ALL-UNNAMED --add-opens=java.base/sun.nio.fs=ALL-UNNAMED -Declipse.application=org.eclipse.jdt.ls.core.id1 -Dosgi.bundles.defaultStartLevel=4 -Declipse.product=org.eclipse.jdt.ls.core.product -Djava.import.generatesMetadataFilesAtProjectRoot=false -DDetectVMInstallationsJob.disabled=true -Dfile.encoding=utf8 -XX:+UseParallelGC -XX:GCTimeRatio=4 -XX:AdaptiveSizePolicyWeight=90 -Dsun.zip.disableMemoryMapping=true -Xmx2G -Xms100m -Xlog:disable -javaagent:c:\Users\PCWORLD\.vscode\extensions\redhat.java-1.53.0-win32-x64\lombok\lombok-1.18.39-4050.jar -XX:+HeapDumpOnOutOfMemoryError -XX:HeapDumpPath=c:\Users\PCWORLD\AppData\Roaming\Code\User\workspaceStorage\15d350eac09e9ebb76c56e029fd2021d\redhat.java -Daether.dependencyCollector.impl=bf 
java_command: c:\Users\PCWORLD\.vscode\extensions\redhat.java-1.53.0-win32-x64\server\plugins\org.eclipse.equinox.launcher_1.7.100.v20251111-0406.jar -configuration c:\Users\PCWORLD\AppData\Roaming\Code\User\globalStorage\redhat.java\1.53.0\config_win -data c:\Users\PCWORLD\AppData\Roaming\Code\User\workspaceStorage\15d350eac09e9ebb76c56e029fd2021d\redhat.java\jdt_ws --pipe=\\.\pipe\lsp-4ae572c67c437062448c2b1567acf2d9-sock
java_class_path (initial): c:\Users\PCWORLD\.vscode\extensions\redhat.java-1.53.0-win32-x64\server\plugins\org.eclipse.equinox.launcher_1.7.100.v20251111-0406.jar
Launcher Type: SUN_STANDARD

[Global flags]
    uintx AdaptiveSizePolicyWeight                 = 90                                        {product} {command line}
     intx CICompilerCount                          = 4                                         {product} {ergonomic}
    uintx GCTimeRatio                              = 4                                         {product} {command line}
     bool HeapDumpOnOutOfMemoryError               = true                                   {manageable} {command line}
    ccstr HeapDumpPath                             = c:\Users\PCWORLD\AppData\Roaming\Code\User\workspaceStorage\15d350eac09e9ebb76c56e029fd2021d\redhat.java         {manageable} {command line}
   size_t InitialHeapSize                          = 104857600                                 {product} {command line}
   size_t MaxHeapSize                              = 2147483648                                {product} {command line}
   size_t MaxNewSize                               = 715653120                                 {product} {ergonomic}
   size_t MinHeapDeltaBytes                        = 524288                                    {product} {ergonomic}
   size_t MinHeapSize                              = 104857600                                 {product} {command line}
   size_t NewSize                                  = 34603008                                  {product} {ergonomic}
    uintx NonNMethodCodeHeapSize                   = 5839372                                {pd product} {ergonomic}
    uintx NonProfiledCodeHeapSize                  = 122909434                              {pd product} {ergonomic}
   size_t OldSize                                  = 70254592                                  {product} {ergonomic}
    uintx ProfiledCodeHeapSize                     = 122909434                              {pd product} {ergonomic}
    uintx ReservedCodeCacheSize                    = 251658240                              {pd product} {ergonomic}
     bool SegmentedCodeCache                       = true                                      {product} {ergonomic}
   size_t SoftMaxHeapSize                          = 2147483648                             {manageable} {ergonomic}
     bool UseCompressedOops                        = true                           {product lp64_product} {ergonomic}
     bool UseLargePagesIndividualAllocation        = false                                  {pd product} {ergonomic}
     bool UseParallelGC                            = true                                      {product} {command line}

Logging:
Log output configuration:
 #0: stdout all=off uptime,level,tags foldmultilines=false
 #1: stderr all=off uptime,level,tags foldmultilines=false

Release file:
JAVA_VERSION="21.0.10" 
MODULES="java.base java.compiler java.datatransfer java.xml java.prefs java.desktop java.instrument java.logging java.management java.security.sasl java.naming java.rmi java.management.rmi java.net.http java.scripting java.security.jgss java.transaction.xa java.sql java.sql.rowset java.xml.crypto java.se java.smartcardio jdk.accessibility jdk.internal.jvmstat jdk.attach jdk.charsets jdk.internal.opt jdk.zipfs jdk.compiler jdk.crypto.ec jdk.crypto.cryptoki jdk.crypto.mscapi jdk.dynalink jdk.internal.ed jdk.editpad jdk.hotspot.agent jdk.httpserver jdk.internal.le jdk.internal.vm.ci jdk.internal.vm.compiler jdk.internal.vm.compiler.management jdk.jartool jdk.javadoc jdk.jcmd jdk.management jdk.management.agent jdk.jconsole jdk.jdeps jdk.jdwp.agent jdk.jdi jdk.jfr jdk.jshell jdk.jsobject jdk.jstatd jdk.localedata jdk.management.jfr jdk.naming.dns jdk.naming.rmi jdk.net jdk.nio.mapmode jdk.random jdk.sctp jdk.security.auth jdk.security.jgss jdk.unsupported jdk.unsupported.desktop jdk.xml.dom" 

Environment Variables:
PATH=C:\Users\PCWORLD\AppData\Local\Programs\Microsoft VS Code;C:\Program Files\Common Files\Oracle\Java\javapath;C:\Windows\system32;C:\Windows;C:\Windows\System32\Wbem;C:\Windows\System32\WindowsPowerShell\v1.0\;C:\Windows\System32\OpenSSH\;C:\Program Files (x86)\Intel\Intel(R) Management Engine Components\DAL;C:\Program Files\Intel\Intel(R) Management Engine Components\DAL;C:\Program Files\Git\cmd;C:\Program Files\nodejs\;C:\ProgramData\chocolatey\bin;C:\Users\PCWORLD\Downloads\platform-tools-latest-windows\platform-tools;;C:\Program Files\Docker\Docker\resources\bin;E:\program_files\cursor\resources\app\bin;C:\Users\PCWORLD\AppData\Local\Programs\Python\Python313\Scripts\;C:\Users\PCWORLD\AppData\Local\Programs\Python\Python313\;C:\Users\PCWORLD\AppData\Local\Programs\Python\Launcher\;C:\Users\PCWORLD\AppData\Local\Microsoft\WindowsApps;C:\Users\PCWORLD\AppData\Local\Programs\Microsoft VS Code\bin;C:\Users\PCWORLD\AppData\Roaming\npm;E:\program_files\Antigravity\bin
USERNAME=PCWORLD
OS=Windows_NT
PROCESSOR_IDENTIFIER=Intel64 Family 6 Model 142 Stepping 10, GenuineIntel
TMP=C:\Users\PCWORLD\AppData\Local\Temp
TEMP=C:\Users\PCWORLD\AppData\Local\Temp




Periodic native trim disabled

---------------  S Y S T E M  ---------------

OS:
 Windows 11 , 64 bit Build 22000 (10.0.22000.2538)
OS uptime: 0 days 5:26 hours
Hyper-V role detected

CPU: total 8 (initial active 8) (4 cores per cpu, 2 threads per core) family 6 model 142 stepping 10 microcode 0xe0, cx8, cmov, fxsr, ht, mmx, 3dnowpref, sse, sse2, sse3, ssse3, sse4.1, sse4.2, popcnt, lzcnt, tsc, tscinvbit, avx, avx2, aes, erms, clmul, bmi1, bmi2, rtm, adx, fma, vzeroupper, clflush, clflushopt, hv, rdtscp, f16c
Processor Information for the first 8 processors :
  Max Mhz: 2112, Current Mhz: 1910, Mhz Limit: 1900

Memory: 4k page, system-wide physical 8071M (355M free)
TotalPageFile size 28518M (AvailPageFile size 57M)
current process WorkingSet (physical memory assigned to process): 12M, peak: 439M
current process commit charge ("private bytes"): 572M, peak: 574M

vm_info: OpenJDK 64-Bit Server VM (21.0.10+7-LTS) for windows-amd64 JRE (21.0.10+7-LTS), built on 2026-01-20T00:00:00Z by "admin" with MS VC++ 17.12 (VS2022)

END.
