#
# There is insufficient memory for the Java Runtime Environment to continue.
# Native memory allocation (malloc) failed to allocate 1048576 bytes. Error detail: AllocateHeap
# Possible reasons:
#   The system is out of physical RAM or swap space
#   This process is running with CompressedOops enabled, and the Java Heap may be blocking the growth of the native heap
# Possible solutions:
#   Reduce memory load on the system
#   Increase physical memory or swap space
#   Check if swap backing store is full
#   Decrease Java heap size (-Xmx/-Xms)
#   Decrease number of Java threads
#   Decrease Java thread stack sizes (-Xss)
#   Set larger code cache with -XX:ReservedCodeCacheSize=
#   JVM is running with Unscaled Compressed Oops mode in which the Java heap is
#     placed in the first 4GB address space. The Java Heap base address is the
#     maximum limit for the native heap growth. Please use -XX:HeapBaseMinAddress
#     to set the Java Heap base and to place the Java Heap above 4GB virtual address.
# This output file may be truncated or incomplete.
#
#  Out of Memory Error (allocation.cpp:44), pid=23356, tid=14832
#
# JRE version: OpenJDK Runtime Environment Temurin-21.0.10+7 (21.0.10+7) (build 21.0.10+7-LTS)
# Java VM: OpenJDK 64-Bit Server VM Temurin-21.0.10+7 (21.0.10+7-LTS, mixed mode, sharing, tiered, compressed oops, compressed class ptrs, parallel gc, windows-amd64)
# No core dump will be written. Minidumps are not enabled by default on client versions of Windows
#

---------------  S U M M A R Y ------------

Command Line: --add-modules=ALL-SYSTEM --add-opens=java.base/java.util=ALL-UNNAMED --add-opens=java.base/java.lang=ALL-UNNAMED --add-opens=java.base/sun.nio.fs=ALL-UNNAMED -Declipse.application=org.eclipse.jdt.ls.core.id1 -Dosgi.bundles.defaultStartLevel=4 -Declipse.product=org.eclipse.jdt.ls.core.product -Djava.import.generatesMetadataFilesAtProjectRoot=false -DDetectVMInstallationsJob.disabled=true -Dfile.encoding=utf8 -XX:+UseParallelGC -XX:GCTimeRatio=4 -XX:AdaptiveSizePolicyWeight=90 -Dsun.zip.disableMemoryMapping=true -Xmx2G -Xms100m -Xlog:disable -javaagent:c:\Users\PCWORLD\.vscode\extensions\redhat.java-1.53.0-win32-x64\lombok\lombok-1.18.39-4050.jar -XX:+HeapDumpOnOutOfMemoryError -XX:HeapDumpPath=c:\Users\PCWORLD\AppData\Roaming\Code\User\workspaceStorage\15d350eac09e9ebb76c56e029fd2021d\redhat.java -Daether.dependencyCollector.impl=bf c:\Users\PCWORLD\.vscode\extensions\redhat.java-1.53.0-win32-x64\server\plugins\org.eclipse.equinox.launcher_1.7.100.v20251111-0406.jar -configuration c:\Users\PCWORLD\AppData\Roaming\Code\User\globalStorage\redhat.java\1.53.0\config_win -data c:\Users\PCWORLD\AppData\Roaming\Code\User\workspaceStorage\15d350eac09e9ebb76c56e029fd2021d\redhat.java\jdt_ws --pipe=\\.\pipe\lsp-c810bd8c4717d691f07014dfd5f383fd-sock

Host: Intel(R) Core(TM) i7-8650U CPU @ 1.90GHz, 8 cores, 7G,  Windows 11 , 64 bit Build 22000 (10.0.22000.2538)
Time: Thu Apr  9 01:04:54 2026 Sri Lanka Standard Time elapsed time: 216.067389 seconds (0d 0h 3m 36s)

---------------  T H R E A D  ---------------

Current thread (0x0000028719073450):  JavaThread "Attach Listener" daemon [_thread_in_vm, id=14832, stack(0x000000a580000000,0x000000a580100000) (1024K)]

Stack: [0x000000a580000000,0x000000a580100000]
Native frames: (J=compiled Java code, j=interpreted, Vv=VM code, C=native code)
V  [jvm.dll+0x6d7a39]
V  [jvm.dll+0x8b4b26]
V  [jvm.dll+0x8b70de]
V  [jvm.dll+0x8b77c3]
V  [jvm.dll+0x284346]
V  [jvm.dll+0xc1277]
V  [jvm.dll+0x6d82e9]
V  [jvm.dll+0x1334a6]
V  [jvm.dll+0x3f857e]
V  [jvm.dll+0x85f59d]
V  [jvm.dll+0x6d626d]
C  [ucrtbase.dll+0x26c0c]
C  [KERNEL32.DLL+0x153e0]
C  [ntdll.dll+0x485b]


---------------  P R O C E S S  ---------------

Threads class SMR info:
_java_thread_list=0x000002877b587940, length=56, elements={
0x0000028719104830, 0x00000287191ce890, 0x000002871906e740, 0x0000028719072380,
0x0000028719073450, 0x0000028719075020, 0x0000028719075a80, 0x0000028719076810,
0x0000028772468a60, 0x00000287726025b0, 0x000002877271bab0, 0x0000028777631b60,
0x000002877762b6f0, 0x0000028777a75c30, 0x00000287775c48a0, 0x0000028777d1c6c0,
0x0000028777ae8e50, 0x0000028777f71f70, 0x0000028777f6f180, 0x0000028777f718e0,
0x0000028778714c10, 0x0000028778715930, 0x0000028778714580, 0x0000028778715fc0,
0x0000028778716650, 0x0000028778716ce0, 0x0000028778717370, 0x0000028778717a00,
0x000002877ac29280, 0x000002877ac28bf0, 0x000002877ac2c070, 0x000002877ac27ed0,
0x000002877ac2cd90, 0x000002877ac271b0, 0x000002877ac29fa0, 0x000002877ac2c700,
0x000002877ac29910, 0x000002877ac26b20, 0x000002877ac2dab0, 0x000002877acf9f90,
0x000002877acf8550, 0x000002877acfacb0, 0x000002877acf7ec0, 0x000002877acfcd80,
0x000002877acfc6f0, 0x000002877acf9270, 0x000002877acf9900, 0x000002877acfa620,
0x000002877acfb9d0, 0x000002877acf6480, 0x000002877acfdaa0, 0x000002877acf6b10,
0x000002877acf71a0, 0x000002877a5ec620, 0x000002877a5ea550, 0x000002877a5ed340
}

Java Threads: ( => current thread )
  0x0000028719104830 JavaThread "main"                              [_thread_blocked, id=18564, stack(0x000000a5ff900000,0x000000a5ffa00000) (1024K)]
  0x00000287191ce890 JavaThread "Reference Handler"          daemon [_thread_blocked, id=16324, stack(0x000000a5ffd00000,0x000000a5ffe00000) (1024K)]
  0x000002871906e740 JavaThread "Finalizer"                  daemon [_thread_blocked, id=23568, stack(0x000000a5ffe00000,0x000000a5fff00000) (1024K)]
  0x0000028719072380 JavaThread "Signal Dispatcher"          daemon [_thread_blocked, id=4156, stack(0x000000a5fff00000,0x000000a600000000) (1024K)]
=>0x0000028719073450 JavaThread "Attach Listener"            daemon [_thread_in_vm, id=14832, stack(0x000000a580000000,0x000000a580100000) (1024K)]
  0x0000028719075020 JavaThread "Service Thread"             daemon [_thread_blocked, id=21284, stack(0x000000a580100000,0x000000a580200000) (1024K)]
  0x0000028719075a80 JavaThread "Monitor Deflation Thread"   daemon [_thread_blocked, id=2784, stack(0x000000a580200000,0x000000a580300000) (1024K)]
  0x0000028719076810 JavaThread "C2 CompilerThread0"         daemon [_thread_blocked, id=25052, stack(0x000000a580300000,0x000000a580400000) (1024K)]
  0x0000028772468a60 JavaThread "C1 CompilerThread0"         daemon [_thread_blocked, id=2012, stack(0x000000a580400000,0x000000a580500000) (1024K)]
  0x00000287726025b0 JavaThread "Common-Cleaner"             daemon [_thread_blocked, id=21480, stack(0x000000a580500000,0x000000a580600000) (1024K)]
  0x000002877271bab0 JavaThread "Notification Thread"        daemon [_thread_blocked, id=10136, stack(0x000000a580600000,0x000000a580700000) (1024K)]
  0x0000028777631b60 JavaThread "Active Thread: Equinox Container: 935ce574-a9b0-4c82-9274-996cebad02f3"        [_thread_blocked, id=15452, stack(0x000000a580f00000,0x000000a581000000) (1024K)]
  0x000002877762b6f0 JavaThread "Refresh Thread: Equinox Container: 935ce574-a9b0-4c82-9274-996cebad02f3" daemon [_thread_blocked, id=20716, stack(0x000000a580e00000,0x000000a580f00000) (1024K)]
  0x0000028777a75c30 JavaThread "Framework Event Dispatcher: Equinox Container: 935ce574-a9b0-4c82-9274-996cebad02f3" daemon [_thread_blocked, id=6792, stack(0x000000a581000000,0x000000a581100000) (1024K)]
  0x00000287775c48a0 JavaThread "Start Level: Equinox Container: 935ce574-a9b0-4c82-9274-996cebad02f3" daemon [_thread_blocked, id=24468, stack(0x000000a581100000,0x000000a581200000) (1024K)]
  0x0000028777d1c6c0 JavaThread "Bundle File Closer"         daemon [_thread_blocked, id=15092, stack(0x000000a581400000,0x000000a581500000) (1024K)]
  0x0000028777ae8e50 JavaThread "SCR Component Actor"        daemon [_thread_blocked, id=8264, stack(0x000000a581200000,0x000000a581300000) (1024K)]
  0x0000028777f71f70 JavaThread "Worker-JM"                         [_thread_blocked, id=12464, stack(0x000000a581300000,0x000000a581400000) (1024K)]
  0x0000028777f6f180 JavaThread "JNA Cleaner"                daemon [_thread_blocked, id=9000, stack(0x000000a581700000,0x000000a581800000) (1024K)]
  0x0000028777f718e0 JavaThread "Java indexing"              daemon [_thread_blocked, id=15736, stack(0x000000a581600000,0x000000a581700000) (1024K)]
  0x0000028778714c10 JavaThread "Worker-4"                          [_thread_blocked, id=26228, stack(0x000000a581d00000,0x000000a581e00000) (1024K)]
  0x0000028778715930 JavaThread "Worker-5"                          [_thread_blocked, id=12400, stack(0x000000a582000000,0x000000a582100000) (1024K)]
  0x0000028778714580 JavaThread "Thread-1"                   daemon [_thread_in_native, id=6440, stack(0x000000a582100000,0x000000a582200000) (1024K)]
  0x0000028778715fc0 JavaThread "Thread-2"                   daemon [_thread_in_native, id=24068, stack(0x000000a582200000,0x000000a582300000) (1024K)]
  0x0000028778716650 JavaThread "Thread-3"                   daemon [_thread_in_native, id=12624, stack(0x000000a582300000,0x000000a582400000) (1024K)]
  0x0000028778716ce0 JavaThread "Thread-4"                   daemon [_thread_in_native, id=22100, stack(0x000000a582400000,0x000000a582500000) (1024K)]
  0x0000028778717370 JavaThread "Thread-5"                   daemon [_thread_in_native, id=23952, stack(0x000000a582500000,0x000000a582600000) (1024K)]
  0x0000028778717a00 JavaThread "Thread-6"                   daemon [_thread_in_native, id=20724, stack(0x000000a582600000,0x000000a582700000) (1024K)]
  0x000002877ac29280 JavaThread "Thread-7"                   daemon [_thread_in_native, id=2568, stack(0x000000a582700000,0x000000a582800000) (1024K)]
  0x000002877ac28bf0 JavaThread "Thread-8"                   daemon [_thread_in_native, id=26344, stack(0x000000a582800000,0x000000a582900000) (1024K)]
  0x000002877ac2c070 JavaThread "Thread-9"                   daemon [_thread_in_native, id=26912, stack(0x000000a582900000,0x000000a582a00000) (1024K)]
  0x000002877ac27ed0 JavaThread "pool-2-thread-1"                   [_thread_blocked, id=24588, stack(0x000000a582a00000,0x000000a582b00000) (1024K)]
  0x000002877ac2cd90 JavaThread "WorkspaceEventsHandler"            [_thread_blocked, id=23812, stack(0x000000a582b00000,0x000000a582c00000) (1024K)]
  0x000002877ac271b0 JavaThread "pool-1-thread-1"                   [_thread_blocked, id=27052, stack(0x000000a582c00000,0x000000a582d00000) (1024K)]
  0x000002877ac29fa0 JavaThread "ForkJoinPool.commonPool-worker-1" daemon [_thread_blocked, id=13224, stack(0x000000a582d00000,0x000000a582e00000) (1024K)]
  0x000002877ac2c700 JavaThread "ForkJoinPool.commonPool-worker-3" daemon [_thread_blocked, id=23424, stack(0x000000a582f00000,0x000000a583000000) (1024K)]
  0x000002877ac29910 JavaThread "ForkJoinPool.commonPool-worker-4" daemon [_thread_blocked, id=8812, stack(0x000000a583000000,0x000000a583100000) (1024K)]
  0x000002877ac26b20 JavaThread "ForkJoinPool.commonPool-worker-5" daemon [_thread_blocked, id=18912, stack(0x000000a583100000,0x000000a583200000) (1024K)]
  0x000002877ac2dab0 JavaThread "LocalFile Deleter"          daemon [_thread_blocked, id=19316, stack(0x000000a583600000,0x000000a583700000) (1024K)]
  0x000002877acf9f90 JavaThread "LocalFile Deleter"          daemon [_thread_blocked, id=344, stack(0x000000a583700000,0x000000a583800000) (1024K)]
  0x000002877acf8550 JavaThread "LocalFile Deleter"          daemon [_thread_blocked, id=16148, stack(0x000000a583800000,0x000000a583900000) (1024K)]
  0x000002877acfacb0 JavaThread "LocalFile Deleter"          daemon [_thread_blocked, id=22812, stack(0x000000a583a00000,0x000000a583b00000) (1024K)]
  0x000002877acf7ec0 JavaThread "LocalFile Deleter"          daemon [_thread_blocked, id=5072, stack(0x000000a583b00000,0x000000a583c00000) (1024K)]
  0x000002877acfcd80 JavaThread "Compiler Source File Reader" daemon [_thread_blocked, id=26640, stack(0x000000a583c00000,0x000000a583d00000) (1024K)]
  0x000002877acfc6f0 JavaThread "Compiler Source File Reader" daemon [_thread_blocked, id=17672, stack(0x000000a583d00000,0x000000a583e00000) (1024K)]
  0x000002877acf9270 JavaThread "Compiler Source File Reader" daemon [_thread_blocked, id=7092, stack(0x000000a583e00000,0x000000a583f00000) (1024K)]
  0x000002877acf9900 JavaThread "Compiler Source File Reader" daemon [_thread_blocked, id=22668, stack(0x000000a583f00000,0x000000a584000000) (1024K)]
  0x000002877acfa620 JavaThread "Compiler Source File Reader" daemon [_thread_blocked, id=18272, stack(0x000000a584000000,0x000000a584100000) (1024K)]
  0x000002877acfb9d0 JavaThread "Compiler Source File Reader" daemon [_thread_blocked, id=20352, stack(0x000000a584100000,0x000000a584200000) (1024K)]
  0x000002877acf6480 JavaThread "Compiler Class File Writer" daemon [_thread_blocked, id=17968, stack(0x000000a584300000,0x000000a584400000) (1024K)]
  0x000002877acfdaa0 JavaThread "Compiler Class File Writer" daemon [_thread_blocked, id=26420, stack(0x000000a584400000,0x000000a584500000) (1024K)]
  0x000002877acf6b10 JavaThread "Compiler Class File Writer" daemon [_thread_blocked, id=20380, stack(0x000000a584500000,0x000000a584600000) (1024K)]
  0x000002877acf71a0 JavaThread "Compiler Class File Writer" daemon [_thread_blocked, id=14160, stack(0x000000a584600000,0x000000a584700000) (1024K)]
  0x000002877a5ec620 JavaThread "Compiler Class File Writer" daemon [_thread_blocked, id=26312, stack(0x000000a584700000,0x000000a584800000) (1024K)]
  0x000002877a5ea550 JavaThread "Compiler Class File Writer" daemon [_thread_blocked, id=26888, stack(0x000000a584800000,0x000000a584900000) (1024K)]
  0x000002877a5ed340 JavaThread "Cleaner-0"                  daemon [_thread_blocked, id=3196, stack(0x000000a581c00000,0x000000a581d00000) (1024K)]
Total: 56

Other Threads:
  0x00000287191be950 VMThread "VM Thread"                           [id=25672, stack(0x000000a5ffc00000,0x000000a5ffd00000) (1024K)]
  0x0000028718f9ca00 WatcherThread "VM Periodic Task Thread"        [id=22516, stack(0x000000a5ffb00000,0x000000a5ffc00000) (1024K)]
  0x0000028719121c90 WorkerThread "GC Thread#0"                     [id=25248, stack(0x000000a5ffa00000,0x000000a5ffb00000) (1024K)]
  0x00000287727ce9e0 WorkerThread "GC Thread#1"                     [id=27012, stack(0x000000a580800000,0x000000a580900000) (1024K)]
  0x00000287727ced90 WorkerThread "GC Thread#2"                     [id=21120, stack(0x000000a580900000,0x000000a580a00000) (1024K)]
  0x00000287727cf140 WorkerThread "GC Thread#3"                     [id=24456, stack(0x000000a580a00000,0x000000a580b00000) (1024K)]
  0x00000287727cf4f0 WorkerThread "GC Thread#4"                     [id=16576, stack(0x000000a580b00000,0x000000a580c00000) (1024K)]
  0x00000287727cf8a0 WorkerThread "GC Thread#5"                     [id=25524, stack(0x000000a580c00000,0x000000a580d00000) (1024K)]
  0x00000287727cfc50 WorkerThread "GC Thread#6"                     [id=12584, stack(0x000000a580d00000,0x000000a580e00000) (1024K)]
  0x00000287775cd1b0 WorkerThread "GC Thread#7"                     [id=4836, stack(0x000000a580700000,0x000000a580800000) (1024K)]
Total: 10

Threads with active compile tasks:
Total: 0

VM state: not at safepoint (normal execution)

VM Mutex/Monitor currently owned by a thread: None

Heap address: 0x0000000080000000, size: 2048 MB, Compressed Oops mode: 32-bit

CDS archive(s) mapped at: [0x0000028730000000-0x0000028730ba0000-0x0000028730ba0000), size 12189696, SharedBaseAddress: 0x0000028730000000, ArchiveRelocationMode: 1.
Compressed class space mapped at: 0x0000028731000000-0x0000028771000000, reserved size: 1073741824
Narrow klass base: 0x0000028730000000, Narrow klass shift: 0, Narrow klass range: 0x100000000

GC Precious Log:
 CardTable entry size: 512
 CPUs: 8 total, 8 available
 Memory: 8071M
 Large Page Support: Disabled
 NUMA Support: Disabled
 Compressed Oops: Enabled (32-bit)
 Alignments: Space 512K, Generation 512K, Heap 2M
 Heap Min Capacity: 100M
 Heap Initial Capacity: 100M
 Heap Max Capacity: 2G
 Pre-touch: Disabled
 Parallel Workers: 8

Heap:
 PSYoungGen      total 10752K, used 2861K [0x00000000d5580000, 0x00000000d6200000, 0x0000000100000000)
  eden space 9216K, 18% used [0x00000000d5580000,0x00000000d5733650,0x00000000d5e80000)
  from space 1536K, 72% used [0x00000000d6080000,0x00000000d6198030,0x00000000d6200000)
  to   space 1536K, 0% used [0x00000000d5f00000,0x00000000d5f00000,0x00000000d6080000)
 ParOldGen       total 209920K, used 209644K [0x0000000080000000, 0x000000008cd00000, 0x00000000d5580000)
  object space 209920K, 99% used [0x0000000080000000,0x000000008ccbb3e0,0x000000008cd00000)
 Metaspace       used 69992K, committed 71552K, reserved 1114112K
  class space    used 7351K, committed 8064K, reserved 1048576K

Card table byte_map: [0x0000028718ab0000,0x0000028718ec0000] _byte_map_base: 0x00000287186b0000

Marking Bits: (ParMarkBitMap*) 0x00007ffa65993450
 Begin Bits: [0x000002872b5c0000, 0x000002872d5c0000)
 End Bits:   [0x000002872d5c0000, 0x000002872f5c0000)

Polling page: 0x0000028716fb0000

Metaspace:

Usage:
  Non-class:     61.17 MB used.
      Class:      7.18 MB used.
       Both:     68.35 MB used.

Virtual space:
  Non-class space:       64.00 MB reserved,      62.00 MB ( 97%) committed,  1 nodes.
      Class space:        1.00 GB reserved,       7.88 MB ( <1%) committed,  1 nodes.
             Both:        1.06 GB reserved,      69.88 MB (  6%) committed. 

Chunk freelists:
   Non-Class:  1.50 MB
       Class:  8.17 MB
        Both:  9.67 MB

MaxMetaspaceSize: unlimited
CompressedClassSpaceSize: 1.00 GB
Initial GC threshold: 21.00 MB
Current GC threshold: 97.31 MB
CDS: on
 - commit_granule_bytes: 65536.
 - commit_granule_words: 8192.
 - virtual_space_node_default_size: 8388608.
 - enlarge_chunks_in_place: 1.
 - use_allocation_guard: 0.


Internal statistics:

num_allocs_failed_limit: 11.
num_arena_births: 1268.
num_arena_deaths: 14.
num_vsnodes_births: 2.
num_vsnodes_deaths: 0.
num_space_committed: 1118.
num_space_uncommitted: 0.
num_chunks_returned_to_freelist: 25.
num_chunks_taken_from_freelist: 4645.
num_chunk_merges: 12.
num_chunk_splits: 2811.
num_chunks_enlarged: 1522.
num_inconsistent_stats: 0.

CodeHeap 'non-profiled nmethods': size=120000Kb used=8267Kb max_used=8267Kb free=111732Kb
 bounds [0x0000028723de0000, 0x0000028724600000, 0x000002872b310000]
CodeHeap 'profiled nmethods': size=120000Kb used=27350Kb max_used=27350Kb free=92649Kb
 bounds [0x000002871c310000, 0x000002871ddd0000, 0x0000028723840000]
CodeHeap 'non-nmethods': size=5760Kb used=1451Kb max_used=1570Kb free=4308Kb
 bounds [0x0000028723840000, 0x0000028723ab0000, 0x0000028723de0000]
CodeCache: size=245760Kb, used=37068Kb, max_used=37187Kb, free=208689Kb
 total_blobs=12875, nmethods=12107, adapters=673, full_count=0
Compilation: enabled, stopped_count=0, restarted_count=0

Compilation events (20 events):
Event: 34.120 Thread 0x000002877b4e2ad0 12922       4       org.eclipse.osgi.container.ModuleDatabase$Persistence::writeString (99 bytes)
Event: 34.125 Thread 0x000002877b4e2400 nmethod 12920 0x00000287245e7190 code [0x00000287245e73c0, 0x00000287245e7990]
Event: 34.126 Thread 0x000002877b4e2400 12939       4       java.lang.String::subSequence (7 bytes)
Event: 34.132 Thread 0x000002877b4e2400 nmethod 12939 0x00000287245e7f90 code [0x00000287245e8160, 0x00000287245e87e0]
Event: 34.133 Thread 0x000002877b4e2400 12931       4       org.eclipse.osgi.container.ModuleDatabase$Persistence::addToWriteTable (77 bytes)
Event: 34.153 Thread 0x000002877b4e2400 nmethod 12931 0x00000287245e8b90 code [0x00000287245e8de0, 0x00000287245e9930]
Event: 34.154 Thread 0x000002877b4e2400 12906       4       java.io.DataOutputStream::writeUTF (7 bytes)
Event: 34.154 Thread 0x000002877b4e2400 nmethod 12906 0x00000287245ea210 code [0x00000287245ea3a0, 0x00000287245ea458]
Event: 34.168 Thread 0x000002877b4e2ad0 nmethod 12922 0x00000287245ea510 code [0x00000287245ea920, 0x00000287245ec400]
Event: 34.235 Thread 0x0000028719076810 nmethod 12891 0x00000287245edc10 code [0x00000287245ee180, 0x00000287245f0d50]
Event: 121.885 Thread 0x0000028772468a60 12940       3       java.util.concurrent.ThreadPoolExecutor$Worker::lock (6 bytes)
Event: 121.885 Thread 0x0000028772468a60 nmethod 12940 0x000002871ddc4290 code [0x000002871ddc4440, 0x000002871ddc4580]
Event: 124.144 Thread 0x0000028772468a60 12941       3       java.util.concurrent.ScheduledThreadPoolExecutor::canRunInCurrentRunState (61 bytes)
Event: 124.144 Thread 0x0000028772468a60 nmethod 12941 0x000002871ddc4610 code [0x000002871ddc4820, 0x000002871ddc4fd0]
Event: 154.157 Thread 0x0000028772468a60 12942       1       java.util.concurrent.ThreadPoolExecutor::getQueue (5 bytes)
Event: 154.157 Thread 0x0000028772468a60 nmethod 12942 0x00000287245f2a10 code [0x00000287245f2ba0, 0x00000287245f2c68]
Event: 171.916 Thread 0x0000028772468a60 12943       3       java.util.concurrent.ScheduledThreadPoolExecutor$ScheduledFutureTask::getDelay (16 bytes)
Event: 171.916 Thread 0x0000028772468a60 nmethod 12943 0x000002871ddc5210 code [0x000002871ddc53c0, 0x000002871ddc5558]
Event: 211.956 Thread 0x0000028772468a60 12944       3       java.util.concurrent.locks.ReentrantLock$NonfairSync::tryAcquire (27 bytes)
Event: 211.956 Thread 0x0000028772468a60 nmethod 12944 0x000002871ddc5610 code [0x000002871ddc57c0, 0x000002871ddc5a08]

GC Heap History (20 events):
Event: 29.304 GC heap before
{Heap before GC invocations=224 (full 3):
 PSYoungGen      total 10240K, used 9984K [0x00000000d5580000, 0x00000000d6080000, 0x0000000100000000)
  eden space 9728K, 100% used [0x00000000d5580000,0x00000000d5f00000,0x00000000d5f00000)
  from space 512K, 50% used [0x00000000d6000000,0x00000000d6040000,0x00000000d6080000)
  to   space 512K, 0% used [0x00000000d5f80000,0x00000000d5f80000,0x00000000d6000000)
 ParOldGen       total 205312K, used 205228K [0x0000000080000000, 0x000000008c880000, 0x00000000d5580000)
  object space 205312K, 99% used [0x0000000080000000,0x000000008c86b0b8,0x000000008c880000)
 Metaspace       used 67210K, committed 68800K, reserved 1114112K
  class space    used 7093K, committed 7808K, reserved 1048576K
}
Event: 29.305 GC heap after
{Heap after GC invocations=224 (full 3):
 PSYoungGen      total 10240K, used 288K [0x00000000d5580000, 0x00000000d6080000, 0x0000000100000000)
  eden space 9728K, 0% used [0x00000000d5580000,0x00000000d5580000,0x00000000d5f00000)
  from space 512K, 56% used [0x00000000d5f80000,0x00000000d5fc8000,0x00000000d6000000)
  to   space 512K, 0% used [0x00000000d6000000,0x00000000d6000000,0x00000000d6080000)
 ParOldGen       total 205824K, used 205372K [0x0000000080000000, 0x000000008c900000, 0x00000000d5580000)
  object space 205824K, 99% used [0x0000000080000000,0x000000008c88f0b8,0x000000008c900000)
 Metaspace       used 67210K, committed 68800K, reserved 1114112K
  class space    used 7093K, committed 7808K, reserved 1048576K
}
Event: 29.318 GC heap before
{Heap before GC invocations=225 (full 3):
 PSYoungGen      total 10240K, used 10016K [0x00000000d5580000, 0x00000000d6080000, 0x0000000100000000)
  eden space 9728K, 100% used [0x00000000d5580000,0x00000000d5f00000,0x00000000d5f00000)
  from space 512K, 56% used [0x00000000d5f80000,0x00000000d5fc8000,0x00000000d6000000)
  to   space 512K, 0% used [0x00000000d6000000,0x00000000d6000000,0x00000000d6080000)
 ParOldGen       total 205824K, used 205372K [0x0000000080000000, 0x000000008c900000, 0x00000000d5580000)
  object space 205824K, 99% used [0x0000000080000000,0x000000008c88f0b8,0x000000008c900000)
 Metaspace       used 67210K, committed 68800K, reserved 1114112K
  class space    used 7093K, committed 7808K, reserved 1048576K
}
Event: 29.320 GC heap after
{Heap after GC invocations=225 (full 3):
 PSYoungGen      total 10240K, used 384K [0x00000000d5580000, 0x00000000d6080000, 0x0000000100000000)
  eden space 9728K, 0% used [0x00000000d5580000,0x00000000d5580000,0x00000000d5f00000)
  from space 512K, 75% used [0x00000000d6000000,0x00000000d6060000,0x00000000d6080000)
  to   space 512K, 0% used [0x00000000d5f80000,0x00000000d5f80000,0x00000000d6000000)
 ParOldGen       total 205824K, used 205572K [0x0000000080000000, 0x000000008c900000, 0x00000000d5580000)
  object space 205824K, 99% used [0x0000000080000000,0x000000008c8c10b8,0x000000008c900000)
 Metaspace       used 67210K, committed 68800K, reserved 1114112K
  class space    used 7093K, committed 7808K, reserved 1048576K
}
Event: 29.335 GC heap before
{Heap before GC invocations=226 (full 3):
 PSYoungGen      total 10240K, used 10112K [0x00000000d5580000, 0x00000000d6080000, 0x0000000100000000)
  eden space 9728K, 100% used [0x00000000d5580000,0x00000000d5f00000,0x00000000d5f00000)
  from space 512K, 75% used [0x00000000d6000000,0x00000000d6060000,0x00000000d6080000)
  to   space 512K, 0% used [0x00000000d5f80000,0x00000000d5f80000,0x00000000d6000000)
 ParOldGen       total 205824K, used 205572K [0x0000000080000000, 0x000000008c900000, 0x00000000d5580000)
  object space 205824K, 99% used [0x0000000080000000,0x000000008c8c10b8,0x000000008c900000)
 Metaspace       used 67210K, committed 68800K, reserved 1114112K
  class space    used 7093K, committed 7808K, reserved 1048576K
}
Event: 29.337 GC heap after
{Heap after GC invocations=226 (full 3):
 PSYoungGen      total 10240K, used 224K [0x00000000d5580000, 0x00000000d6080000, 0x0000000100000000)
  eden space 9728K, 0% used [0x00000000d5580000,0x00000000d5580000,0x00000000d5f00000)
  from space 512K, 43% used [0x00000000d5f80000,0x00000000d5fb8000,0x00000000d6000000)
  to   space 512K, 0% used [0x00000000d6000000,0x00000000d6000000,0x00000000d6080000)
 ParOldGen       total 205824K, used 205788K [0x0000000080000000, 0x000000008c900000, 0x00000000d5580000)
  object space 205824K, 99% used [0x0000000080000000,0x000000008c8f70b8,0x000000008c900000)
 Metaspace       used 67210K, committed 68800K, reserved 1114112K
  class space    used 7093K, committed 7808K, reserved 1048576K
}
Event: 29.377 GC heap before
{Heap before GC invocations=227 (full 3):
 PSYoungGen      total 10240K, used 9952K [0x00000000d5580000, 0x00000000d6080000, 0x0000000100000000)
  eden space 9728K, 100% used [0x00000000d5580000,0x00000000d5f00000,0x00000000d5f00000)
  from space 512K, 43% used [0x00000000d5f80000,0x00000000d5fb8000,0x00000000d6000000)
  to   space 512K, 0% used [0x00000000d6000000,0x00000000d6000000,0x00000000d6080000)
 ParOldGen       total 205824K, used 205788K [0x0000000080000000, 0x000000008c900000, 0x00000000d5580000)
  object space 205824K, 99% used [0x0000000080000000,0x000000008c8f70b8,0x000000008c900000)
 Metaspace       used 67335K, committed 68928K, reserved 1114112K
  class space    used 7114K, committed 7808K, reserved 1048576K
}
Event: 29.380 GC heap after
{Heap after GC invocations=227 (full 3):
 PSYoungGen      total 9728K, used 510K [0x00000000d5580000, 0x00000000d6200000, 0x0000000100000000)
  eden space 9216K, 0% used [0x00000000d5580000,0x00000000d5580000,0x00000000d5e80000)
  from space 512K, 99% used [0x00000000d6000000,0x00000000d607fb10,0x00000000d6080000)
  to   space 1536K, 0% used [0x00000000d5e80000,0x00000000d5e80000,0x00000000d6000000)
 ParOldGen       total 206336K, used 206188K [0x0000000080000000, 0x000000008c980000, 0x00000000d5580000)
  object space 206336K, 99% used [0x0000000080000000,0x000000008c95b0b8,0x000000008c980000)
 Metaspace       used 67335K, committed 68928K, reserved 1114112K
  class space    used 7114K, committed 7808K, reserved 1048576K
}
Event: 29.453 GC heap before
{Heap before GC invocations=228 (full 3):
 PSYoungGen      total 9728K, used 9726K [0x00000000d5580000, 0x00000000d6200000, 0x0000000100000000)
  eden space 9216K, 99% used [0x00000000d5580000,0x00000000d5e7ffe8,0x00000000d5e80000)
  from space 512K, 99% used [0x00000000d6000000,0x00000000d607fb10,0x00000000d6080000)
  to   space 1536K, 0% used [0x00000000d5e80000,0x00000000d5e80000,0x00000000d6000000)
 ParOldGen       total 206336K, used 206188K [0x0000000080000000, 0x000000008c980000, 0x00000000d5580000)
  object space 206336K, 99% used [0x0000000080000000,0x000000008c95b0b8,0x000000008c980000)
 Metaspace       used 67428K, committed 68992K, reserved 1114112K
  class space    used 7124K, committed 7808K, reserved 1048576K
}
Event: 29.457 GC heap after
{Heap after GC invocations=228 (full 3):
 PSYoungGen      total 10240K, used 695K [0x00000000d5580000, 0x00000000d6080000, 0x0000000100000000)
  eden space 9216K, 0% used [0x00000000d5580000,0x00000000d5580000,0x00000000d5e80000)
  from space 1024K, 67% used [0x00000000d5e80000,0x00000000d5f2dd08,0x00000000d5f80000)
  to   space 1024K, 0% used [0x00000000d5f80000,0x00000000d5f80000,0x00000000d6080000)
 ParOldGen       total 206848K, used 206616K [0x0000000080000000, 0x000000008ca00000, 0x00000000d5580000)
  object space 206848K, 99% used [0x0000000080000000,0x000000008c9c62d8,0x000000008ca00000)
 Metaspace       used 67428K, committed 68992K, reserved 1114112K
  class space    used 7124K, committed 7808K, reserved 1048576K
}
Event: 29.508 GC heap before
{Heap before GC invocations=229 (full 3):
 PSYoungGen      total 10240K, used 9911K [0x00000000d5580000, 0x00000000d6080000, 0x0000000100000000)
  eden space 9216K, 100% used [0x00000000d5580000,0x00000000d5e80000,0x00000000d5e80000)
  from space 1024K, 67% used [0x00000000d5e80000,0x00000000d5f2dd08,0x00000000d5f80000)
  to   space 1024K, 0% used [0x00000000d5f80000,0x00000000d5f80000,0x00000000d6080000)
 ParOldGen       total 206848K, used 206616K [0x0000000080000000, 0x000000008ca00000, 0x00000000d5580000)
  object space 206848K, 99% used [0x0000000080000000,0x000000008c9c62d8,0x000000008ca00000)
 Metaspace       used 67498K, committed 69056K, reserved 1114112K
  class space    used 7130K, committed 7808K, reserved 1048576K
}
Event: 29.511 GC heap after
{Heap after GC invocations=229 (full 3):
 PSYoungGen      total 10240K, used 842K [0x00000000d5580000, 0x00000000d6080000, 0x0000000100000000)
  eden space 9216K, 0% used [0x00000000d5580000,0x00000000d5580000,0x00000000d5e80000)
  from space 1024K, 82% used [0x00000000d5f80000,0x00000000d6052930,0x00000000d6080000)
  to   space 1024K, 0% used [0x00000000d5e80000,0x00000000d5e80000,0x00000000d5f80000)
 ParOldGen       total 207360K, used 207123K [0x0000000080000000, 0x000000008ca80000, 0x00000000d5580000)
  object space 207360K, 99% used [0x0000000080000000,0x000000008ca44de0,0x000000008ca80000)
 Metaspace       used 67498K, committed 69056K, reserved 1114112K
  class space    used 7130K, committed 7808K, reserved 1048576K
}
Event: 29.597 GC heap before
{Heap before GC invocations=230 (full 3):
 PSYoungGen      total 10240K, used 10058K [0x00000000d5580000, 0x00000000d6080000, 0x0000000100000000)
  eden space 9216K, 100% used [0x00000000d5580000,0x00000000d5e80000,0x00000000d5e80000)
  from space 1024K, 82% used [0x00000000d5f80000,0x00000000d6052930,0x00000000d6080000)
  to   space 1024K, 0% used [0x00000000d5e80000,0x00000000d5e80000,0x00000000d5f80000)
 ParOldGen       total 207360K, used 207123K [0x0000000080000000, 0x000000008ca80000, 0x00000000d5580000)
  object space 207360K, 99% used [0x0000000080000000,0x000000008ca44de0,0x000000008ca80000)
 Metaspace       used 68021K, committed 69568K, reserved 1114112K
  class space    used 7181K, committed 7872K, reserved 1048576K
}
Event: 29.600 GC heap after
{Heap after GC invocations=230 (full 3):
 PSYoungGen      total 10240K, used 874K [0x00000000d5580000, 0x00000000d6080000, 0x0000000100000000)
  eden space 9216K, 0% used [0x00000000d5580000,0x00000000d5580000,0x00000000d5e80000)
  from space 1024K, 85% used [0x00000000d5e80000,0x00000000d5f5a910,0x00000000d5f80000)
  to   space 1024K, 0% used [0x00000000d5f80000,0x00000000d5f80000,0x00000000d6080000)
 ParOldGen       total 207872K, used 207845K [0x0000000080000000, 0x000000008cb00000, 0x00000000d5580000)
  object space 207872K, 99% used [0x0000000080000000,0x000000008caf94b0,0x000000008cb00000)
 Metaspace       used 68021K, committed 69568K, reserved 1114112K
  class space    used 7181K, committed 7872K, reserved 1048576K
}
Event: 29.720 GC heap before
{Heap before GC invocations=231 (full 3):
 PSYoungGen      total 10240K, used 10072K [0x00000000d5580000, 0x00000000d6080000, 0x0000000100000000)
  eden space 9216K, 99% used [0x00000000d5580000,0x00000000d5e7ba90,0x00000000d5e80000)
  from space 1024K, 85% used [0x00000000d5e80000,0x00000000d5f5a910,0x00000000d5f80000)
  to   space 1024K, 0% used [0x00000000d5f80000,0x00000000d5f80000,0x00000000d6080000)
 ParOldGen       total 207872K, used 207845K [0x0000000080000000, 0x000000008cb00000, 0x00000000d5580000)
  object space 207872K, 99% used [0x0000000080000000,0x000000008caf94b0,0x000000008cb00000)
 Metaspace       used 68782K, committed 70336K, reserved 1114112K
  class space    used 7234K, committed 7936K, reserved 1048576K
}
Event: 29.722 GC heap after
{Heap after GC invocations=231 (full 3):
 PSYoungGen      total 10240K, used 641K [0x00000000d5580000, 0x00000000d6080000, 0x0000000100000000)
  eden space 9216K, 0% used [0x00000000d5580000,0x00000000d5580000,0x00000000d5e80000)
  from space 1024K, 62% used [0x00000000d5f80000,0x00000000d60205d8,0x00000000d6080000)
  to   space 1024K, 0% used [0x00000000d5e80000,0x00000000d5e80000,0x00000000d5f80000)
 ParOldGen       total 208384K, used 208105K [0x0000000080000000, 0x000000008cb80000, 0x00000000d5580000)
  object space 208384K, 99% used [0x0000000080000000,0x000000008cb3a740,0x000000008cb80000)
 Metaspace       used 68782K, committed 70336K, reserved 1114112K
  class space    used 7234K, committed 7936K, reserved 1048576K
}
Event: 29.882 GC heap before
{Heap before GC invocations=232 (full 3):
 PSYoungGen      total 10240K, used 9857K [0x00000000d5580000, 0x00000000d6080000, 0x0000000100000000)
  eden space 9216K, 100% used [0x00000000d5580000,0x00000000d5e80000,0x00000000d5e80000)
  from space 1024K, 62% used [0x00000000d5f80000,0x00000000d60205d8,0x00000000d6080000)
  to   space 1024K, 0% used [0x00000000d5e80000,0x00000000d5e80000,0x00000000d5f80000)
 ParOldGen       total 208384K, used 208105K [0x0000000080000000, 0x000000008cb80000, 0x00000000d5580000)
  object space 208384K, 99% used [0x0000000080000000,0x000000008cb3a740,0x000000008cb80000)
 Metaspace       used 69519K, committed 71104K, reserved 1114112K
  class space    used 7325K, committed 8000K, reserved 1048576K
}
Event: 29.885 GC heap after
{Heap after GC invocations=232 (full 3):
 PSYoungGen      total 10240K, used 1020K [0x00000000d5580000, 0x00000000d6280000, 0x0000000100000000)
  eden space 9216K, 0% used [0x00000000d5580000,0x00000000d5580000,0x00000000d5e80000)
  from space 1024K, 99% used [0x00000000d5e80000,0x00000000d5f7f250,0x00000000d5f80000)
  to   space 2048K, 0% used [0x00000000d6080000,0x00000000d6080000,0x00000000d6280000)
 ParOldGen       total 208896K, used 208745K [0x0000000080000000, 0x000000008cc00000, 0x00000000d5580000)
  object space 208896K, 99% used [0x0000000080000000,0x000000008cbda740,0x000000008cc00000)
 Metaspace       used 69519K, committed 71104K, reserved 1114112K
  class space    used 7325K, committed 8000K, reserved 1048576K
}
Event: 34.073 GC heap before
{Heap before GC invocations=233 (full 3):
 PSYoungGen      total 10240K, used 10236K [0x00000000d5580000, 0x00000000d6280000, 0x0000000100000000)
  eden space 9216K, 100% used [0x00000000d5580000,0x00000000d5e80000,0x00000000d5e80000)
  from space 1024K, 99% used [0x00000000d5e80000,0x00000000d5f7f250,0x00000000d5f80000)
  to   space 2048K, 0% used [0x00000000d6080000,0x00000000d6080000,0x00000000d6280000)
 ParOldGen       total 208896K, used 208745K [0x0000000080000000, 0x000000008cc00000, 0x00000000d5580000)
  object space 208896K, 99% used [0x0000000080000000,0x000000008cbda740,0x000000008cc00000)
 Metaspace       used 69807K, committed 71424K, reserved 1114112K
  class space    used 7341K, committed 8064K, reserved 1048576K
}
Event: 34.076 GC heap after
{Heap after GC invocations=233 (full 3):
 PSYoungGen      total 10752K, used 1120K [0x00000000d5580000, 0x00000000d6200000, 0x0000000100000000)
  eden space 9216K, 0% used [0x00000000d5580000,0x00000000d5580000,0x00000000d5e80000)
  from space 1536K, 72% used [0x00000000d6080000,0x00000000d6198030,0x00000000d6200000)
  to   space 1536K, 0% used [0x00000000d5f00000,0x00000000d5f00000,0x00000000d6080000)
 ParOldGen       total 209920K, used 209644K [0x0000000080000000, 0x000000008cd00000, 0x00000000d5580000)
  object space 209920K, 99% used [0x0000000080000000,0x000000008ccbb3e0,0x000000008cd00000)
 Metaspace       used 69807K, committed 71424K, reserved 1114112K
  class space    used 7341K, committed 8064K, reserved 1048576K
}

Dll operation events (11 events):
Event: 0.023 Loaded shared library c:\Users\PCWORLD\.vscode\extensions\redhat.java-1.53.0-win32-x64\jre\21.0.10-win32-x86_64\bin\java.dll
Event: 0.267 Loaded shared library c:\Users\PCWORLD\.vscode\extensions\redhat.java-1.53.0-win32-x64\jre\21.0.10-win32-x86_64\bin\zip.dll
Event: 0.310 Loaded shared library C:\Users\PCWORLD\.vscode\extensions\redhat.java-1.53.0-win32-x64\jre\21.0.10-win32-x86_64\bin\instrument.dll
Event: 0.319 Loaded shared library C:\Users\PCWORLD\.vscode\extensions\redhat.java-1.53.0-win32-x64\jre\21.0.10-win32-x86_64\bin\net.dll
Event: 0.322 Loaded shared library C:\Users\PCWORLD\.vscode\extensions\redhat.java-1.53.0-win32-x64\jre\21.0.10-win32-x86_64\bin\nio.dll
Event: 0.329 Loaded shared library C:\Users\PCWORLD\.vscode\extensions\redhat.java-1.53.0-win32-x64\jre\21.0.10-win32-x86_64\bin\zip.dll
Event: 0.356 Loaded shared library C:\Users\PCWORLD\.vscode\extensions\redhat.java-1.53.0-win32-x64\jre\21.0.10-win32-x86_64\bin\jimage.dll
Event: 0.528 Loaded shared library c:\Users\PCWORLD\.vscode\extensions\redhat.java-1.53.0-win32-x64\jre\21.0.10-win32-x86_64\bin\verify.dll
Event: 4.713 Loaded shared library C:\Users\PCWORLD\AppData\Roaming\Code\User\globalStorage\redhat.java\1.53.0\config_win\org.eclipse.equinox.launcher\org.eclipse.equinox.launcher.win32.win32.x86_64_1.3.0.v20260203-2149\eclipse_11919.dll
Event: 8.167 Loaded shared library C:\Users\PCWORLD\AppData\Local\Temp\jna--13215393\jna11712867952191776018.dll
Event: 23.775 Loaded shared library C:\Users\PCWORLD\.vscode\extensions\redhat.java-1.53.0-win32-x64\jre\21.0.10-win32-x86_64\bin\sunmscapi.dll

Deoptimization events (20 events):
Event: 29.559 Thread 0x0000028778714c10 DEOPT PACKING pc=0x000002871dd37401 sp=0x000000a581dfd840
Event: 29.559 Thread 0x0000028778714c10 DEOPT UNPACKING pc=0x0000028723894242 sp=0x000000a581dfcd80 mode 0
Event: 29.615 Thread 0x000002877ac2a630 DEOPT PACKING pc=0x000002871da53f7c sp=0x000000a582efef40
Event: 29.615 Thread 0x000002877ac2a630 DEOPT UNPACKING pc=0x0000028723894242 sp=0x000000a582efe460 mode 0
Event: 29.663 Thread 0x000002877ac2d420 DEOPT PACKING pc=0x000002871ccd7848 sp=0x000000a5832fdf20
Event: 29.663 Thread 0x000002877ac2d420 DEOPT UNPACKING pc=0x0000028723894242 sp=0x000000a5832fd3d8 mode 0
Event: 29.696 Thread 0x000002877ac2d420 Uncommon trap: trap_request=0xffffff45 fr.pc=0x000002872422ce84 relative=0x0000000000001104
Event: 29.696 Thread 0x000002877ac2d420 Uncommon trap: reason=unstable_if action=reinterpret pc=0x000002872422ce84 method=org.lombokweb.asm.MethodWriter.putMethodInfo(Lorg/lombokweb/asm/ByteVector;)V @ 136 c2
Event: 29.696 Thread 0x000002877ac2d420 DEOPT PACKING pc=0x000002872422ce84 sp=0x000000a5832fc9f0
Event: 29.696 Thread 0x000002877ac2d420 DEOPT UNPACKING pc=0x0000028723893aa2 sp=0x000000a5832fc998 mode 2
Event: 29.730 Thread 0x000002877ac2d420 DEOPT PACKING pc=0x000002871ccd7848 sp=0x000000a5832fd6a0
Event: 29.730 Thread 0x000002877ac2d420 DEOPT UNPACKING pc=0x0000028723894242 sp=0x000000a5832fcb58 mode 0
Event: 29.867 Thread 0x000002877ac2d420 DEOPT PACKING pc=0x000002871ccd7848 sp=0x000000a5832fdec0
Event: 29.867 Thread 0x000002877ac2d420 DEOPT UNPACKING pc=0x0000028723894242 sp=0x000000a5832fd378 mode 0
Event: 29.940 Thread 0x000002877ac2d420 Uncommon trap: trap_request=0xffffffde fr.pc=0x0000028724442698 relative=0x0000000000000078
Event: 29.940 Thread 0x000002877ac2d420 Uncommon trap: reason=class_check action=maybe_recompile pc=0x0000028724442698 method=java.util.LinkedHashMap.afterNodeInsertion(Z)V @ 15 c2
Event: 29.940 Thread 0x000002877ac2d420 DEOPT PACKING pc=0x0000028724442698 sp=0x000000a5832fede0
Event: 29.940 Thread 0x000002877ac2d420 DEOPT UNPACKING pc=0x0000028723893aa2 sp=0x000000a5832fed58 mode 2
Event: 34.036 Thread 0x0000028777631b60 DEOPT PACKING pc=0x000002871c3fd2b0 sp=0x000000a580ffeac0
Event: 34.036 Thread 0x0000028777631b60 DEOPT UNPACKING pc=0x0000028723894242 sp=0x000000a580ffe018 mode 0

Classes loaded (20 events):
Event: 34.099 Loading class sun/util/cldr/CLDRTimeZoneNameProviderImpl
Event: 34.100 Loading class sun/util/locale/provider/TimeZoneNameProviderImpl
Event: 34.100 Loading class sun/util/locale/provider/TimeZoneNameProviderImpl done
Event: 34.100 Loading class sun/util/cldr/CLDRTimeZoneNameProviderImpl done
Event: 34.102 Loading class sun/util/resources/cldr/TimeZoneNames
Event: 34.102 Loading class sun/util/resources/TimeZoneNamesBundle
Event: 34.102 Loading class sun/util/resources/OpenListResourceBundle
Event: 34.103 Loading class sun/util/resources/OpenListResourceBundle done
Event: 34.103 Loading class sun/util/resources/TimeZoneNamesBundle done
Event: 34.103 Loading class sun/util/resources/cldr/TimeZoneNames done
Event: 34.103 Loading class sun/util/resources/cldr/TimeZoneNames_en
Event: 34.105 Loading class sun/util/resources/cldr/TimeZoneNames_en done
Event: 34.105 Loading class sun/util/resources/cldr/TimeZoneNames_en_US
Event: 34.105 Loading class sun/util/resources/cldr/TimeZoneNames_en_US done
Event: 34.107 Loading class sun/util/cldr/CLDRBaseLocaleDataMetaInfo$TZCanonicalIDMapHolder
Event: 34.109 Loading class sun/util/cldr/CLDRBaseLocaleDataMetaInfo$TZCanonicalIDMapHolder done
Event: 34.110 Loading class sun/util/resources/TimeZoneNames
Event: 34.112 Loading class sun/util/resources/TimeZoneNames done
Event: 34.112 Loading class sun/util/resources/TimeZoneNames_en
Event: 34.112 Loading class sun/util/resources/TimeZoneNames_en done

Classes unloaded (7 events):
Event: 9.184 Thread 0x00000287191be950 Unloading class 0x00000287311aa800 'java/lang/invoke/LambdaForm$MH+0x00000287311aa800'
Event: 9.184 Thread 0x00000287191be950 Unloading class 0x00000287311aa400 'java/lang/invoke/LambdaForm$MH+0x00000287311aa400'
Event: 9.184 Thread 0x00000287191be950 Unloading class 0x00000287311aa000 'java/lang/invoke/LambdaForm$MH+0x00000287311aa000'
Event: 9.184 Thread 0x00000287191be950 Unloading class 0x00000287311a9c00 'java/lang/invoke/LambdaForm$MH+0x00000287311a9c00'
Event: 9.184 Thread 0x00000287191be950 Unloading class 0x00000287311a9800 'java/lang/invoke/LambdaForm$BMH+0x00000287311a9800'
Event: 9.184 Thread 0x00000287191be950 Unloading class 0x00000287311a9400 'java/lang/invoke/LambdaForm$DMH+0x00000287311a9400'
Event: 9.184 Thread 0x00000287191be950 Unloading class 0x00000287311a8000 'java/lang/invoke/LambdaForm$DMH+0x00000287311a8000'

Classes redefined (0 events):
No events

Internal exceptions (20 events):
Event: 26.327 Thread 0x000002877ac29fa0 Exception <a 'sun/nio/fs/WindowsException'{0x00000000d5d03210}> (0x00000000d5d03210) 
thrown [s\src\hotspot\share\prims\jni.cpp, line 520]
Event: 26.327 Thread 0x000002877ac29fa0 Exception <a 'sun/nio/fs/WindowsException'{0x00000000d5d2acc8}> (0x00000000d5d2acc8) 
thrown [s\src\hotspot\share\prims\jni.cpp, line 520]
Event: 26.532 Thread 0x000002877ac2a630 Implicit null exception at 0x00000287244f26aa to 0x00000287244f6770
Event: 27.641 Thread 0x000002877ac2a630 Exception <a 'java/lang/IncompatibleClassChangeError'{0x00000000d5f24ba0}: Found class java.lang.Object, but interface was expected> (0x00000000d5f24ba0) 
thrown [s\src\hotspot\share\interpreter\linkResolver.cpp, line 840]
Event: 28.104 Thread 0x000002877ac26b20 Exception <a 'sun/nio/fs/WindowsException'{0x00000000d5591190}> (0x00000000d5591190) 
thrown [s\src\hotspot\share\prims\jni.cpp, line 520]
Event: 28.105 Thread 0x000002877ac26b20 Exception <a 'sun/nio/fs/WindowsException'{0x00000000d55c07d8}> (0x00000000d55c07d8) 
thrown [s\src\hotspot\share\prims\jni.cpp, line 520]
Event: 28.105 Thread 0x000002877ac26b20 Exception <a 'sun/nio/fs/WindowsException'{0x00000000d55f3e10}> (0x00000000d55f3e10) 
thrown [s\src\hotspot\share\prims\jni.cpp, line 520]
Event: 28.105 Thread 0x000002877ac26b20 Exception <a 'sun/nio/fs/WindowsException'{0x00000000d55f4960}> (0x00000000d55f4960) 
thrown [s\src\hotspot\share\prims\jni.cpp, line 520]
Event: 29.483 Thread 0x0000028778715930 Exception <a 'sun/nio/fs/WindowsException'{0x00000000d5ac1900}> (0x00000000d5ac1900) 
thrown [s\src\hotspot\share\prims\jni.cpp, line 520]
Event: 29.484 Thread 0x0000028778715930 Exception <a 'sun/nio/fs/WindowsException'{0x00000000d5ac2180}> (0x00000000d5ac2180) 
thrown [s\src\hotspot\share\prims\jni.cpp, line 520]
Event: 29.484 Thread 0x0000028778715930 Exception <a 'sun/nio/fs/WindowsException'{0x00000000d5ac3258}> (0x00000000d5ac3258) 
thrown [s\src\hotspot\share\prims\jni.cpp, line 520]
Event: 29.484 Thread 0x0000028778715930 Exception <a 'sun/nio/fs/WindowsException'{0x00000000d5ac3888}> (0x00000000d5ac3888) 
thrown [s\src\hotspot\share\prims\jni.cpp, line 520]
Event: 29.485 Thread 0x0000028778715930 Exception <a 'sun/nio/fs/WindowsException'{0x00000000d5ac4978}> (0x00000000d5ac4978) 
thrown [s\src\hotspot\share\prims\jni.cpp, line 520]
Event: 29.485 Thread 0x0000028778715930 Exception <a 'sun/nio/fs/WindowsException'{0x00000000d5b4f6e0}> (0x00000000d5b4f6e0) 
thrown [s\src\hotspot\share\prims\jni.cpp, line 520]
Event: 29.486 Thread 0x0000028778715930 Exception <a 'sun/nio/fs/WindowsException'{0x00000000d5b51610}> (0x00000000d5b51610) 
thrown [s\src\hotspot\share\prims\jni.cpp, line 520]
Event: 29.486 Thread 0x0000028778715930 Exception <a 'sun/nio/fs/WindowsException'{0x00000000d5b51e90}> (0x00000000d5b51e90) 
thrown [s\src\hotspot\share\prims\jni.cpp, line 520]
Event: 29.486 Thread 0x0000028778715930 Exception <a 'sun/nio/fs/WindowsException'{0x00000000d5b52f68}> (0x00000000d5b52f68) 
thrown [s\src\hotspot\share\prims\jni.cpp, line 520]
Event: 29.486 Thread 0x0000028778715930 Exception <a 'sun/nio/fs/WindowsException'{0x00000000d5b53598}> (0x00000000d5b53598) 
thrown [s\src\hotspot\share\prims\jni.cpp, line 520]
Event: 29.759 Thread 0x0000028778715930 Exception <a 'java/lang/NoSuchMethodError'{0x00000000d57cba58}: 'java.lang.Object java.lang.invoke.DirectMethodHandle$Holder.invokeStatic(java.lang.Object, java.lang.Object, int, java.lang.Object)'> (0x00000000d57cba58) 
thrown [s\src\hotspot\share\interpreter\linkResolver.cpp, line 773]
Event: 29.858 Thread 0x000002877ac2d420 Exception <a 'java/lang/NoSuchMethodError'{0x00000000d5cbc690}: 'java.lang.Object java.lang.invoke.DirectMethodHandle$Holder.newInvokeSpecial(java.lang.Object, int, java.lang.Object, java.lang.Object, java.lang.Object)'> (0x00000000d5cbc690) 
thrown [s\src\hotspot\share\interpreter\linkResolver.cpp, line 773]

ZGC Phase Switch (0 events):
No events

VM Operations (20 events):
Event: 29.508 Executing safepoint VM operation: ParallelGCFailedAllocation (Allocation Failure)
Event: 29.511 Executing safepoint VM operation: ParallelGCFailedAllocation (Allocation Failure) done
Event: 29.597 Executing safepoint VM operation: ParallelGCFailedAllocation (Allocation Failure)
Event: 29.600 Executing safepoint VM operation: ParallelGCFailedAllocation (Allocation Failure) done
Event: 29.720 Executing safepoint VM operation: ParallelGCFailedAllocation (Allocation Failure)
Event: 29.722 Executing safepoint VM operation: ParallelGCFailedAllocation (Allocation Failure) done
Event: 29.882 Executing safepoint VM operation: ParallelGCFailedAllocation (Allocation Failure)
Event: 29.885 Executing safepoint VM operation: ParallelGCFailedAllocation (Allocation Failure) done
Event: 30.888 Executing safepoint VM operation: Cleanup
Event: 30.889 Executing safepoint VM operation: Cleanup done
Event: 34.073 Executing safepoint VM operation: ParallelGCFailedAllocation (Allocation Failure)
Event: 34.076 Executing safepoint VM operation: ParallelGCFailedAllocation (Allocation Failure) done
Event: 35.090 Executing safepoint VM operation: Cleanup
Event: 35.090 Executing safepoint VM operation: Cleanup done
Event: 60.287 Executing non-safepoint VM operation: HandshakeAllThreads (HandshakeForDeflation)
Event: 60.287 Executing non-safepoint VM operation: HandshakeAllThreads (HandshakeForDeflation) done
Event: 60.287 Executing non-safepoint VM operation: RendezvousGCThreads
Event: 60.287 Executing non-safepoint VM operation: RendezvousGCThreads done
Event: 214.477 Executing safepoint VM operation: Cleanup
Event: 214.477 Executing safepoint VM operation: Cleanup done

Memory protections (0 events):
No events

Nmethod flushes (20 events):
Event: 19.210 Thread 0x00000287191be950 flushing osr nmethod 0x000002871cc1fb10
Event: 19.210 Thread 0x00000287191be950 flushing osr nmethod 0x000002871cc72c90
Event: 19.210 Thread 0x00000287191be950 flushing  nmethod 0x000002871cc8d610
Event: 19.210 Thread 0x00000287191be950 flushing  nmethod 0x000002871cc96d90
Event: 19.210 Thread 0x00000287191be950 flushing  nmethod 0x000002871cc9fc90
Event: 19.210 Thread 0x00000287191be950 flushing  nmethod 0x000002871cca5f90
Event: 19.210 Thread 0x00000287191be950 flushing  nmethod 0x000002871cca6590
Event: 19.210 Thread 0x00000287191be950 flushing  nmethod 0x000002871ccae890
Event: 19.210 Thread 0x00000287191be950 flushing  nmethod 0x000002871ccb5e10
Event: 19.210 Thread 0x00000287191be950 flushing  nmethod 0x000002871ccb6790
Event: 19.210 Thread 0x00000287191be950 flushing  nmethod 0x000002871ccb8890
Event: 19.210 Thread 0x00000287191be950 flushing  nmethod 0x000002871ccb8c10
Event: 19.210 Thread 0x00000287191be950 flushing  nmethod 0x000002871ccbb690
Event: 19.210 Thread 0x00000287191be950 flushing  nmethod 0x000002871ccbeb90
Event: 19.210 Thread 0x00000287191be950 flushing  nmethod 0x000002871cccd290
Event: 19.210 Thread 0x00000287191be950 flushing  nmethod 0x000002871ccec390
Event: 19.210 Thread 0x00000287191be950 flushing  nmethod 0x000002871cd0d890
Event: 19.210 Thread 0x00000287191be950 flushing  nmethod 0x000002871cd18c10
Event: 19.210 Thread 0x00000287191be950 flushing  nmethod 0x000002871cd26390
Event: 19.210 Thread 0x00000287191be950 flushing  nmethod 0x000002871cd38f90

Events (20 events):
Event: 25.024 Thread 0x000002877254e0b0 Thread exited: 0x000002877254e0b0
Event: 25.075 Thread 0x0000028772468a60 Thread added: 0x000002877b4e2ad0
Event: 25.537 Thread 0x000002877a5ed340 Thread exited: 0x000002877a5ed340
Event: 29.801 Thread 0x000002877ac2d420 Thread added: 0x000002877a5ed340
Event: 31.796 Thread 0x000002877b4e2ad0 Thread exited: 0x000002877b4e2ad0
Event: 34.056 Thread 0x0000028772468a60 Thread added: 0x000002877b4e2400
Event: 34.056 Thread 0x0000028772468a60 Thread added: 0x000002877b4e2ad0
Event: 39.171 Thread 0x000002877b4e2ad0 Thread exited: 0x000002877b4e2ad0
Event: 44.164 Thread 0x000002877b4e2400 Thread exited: 0x000002877b4e2400
Event: 78.515 Thread 0x000002877ac2b9e0 Thread exited: 0x000002877ac2b9e0
Event: 78.812 Thread 0x000002877acfc060 Thread exited: 0x000002877acfc060
Event: 86.417 Thread 0x00000287787152a0 Thread exited: 0x00000287787152a0
Event: 87.846 Thread 0x0000028777f6f810 Thread exited: 0x0000028777f6f810
Event: 88.001 Thread 0x0000028777f71250 Thread exited: 0x0000028777f71250
Event: 88.016 Thread 0x0000028777f6fea0 Thread exited: 0x0000028777f6fea0
Event: 89.969 Thread 0x000002877ac2d420 Thread exited: 0x000002877ac2d420
Event: 138.522 Thread 0x000002877acf8be0 Thread exited: 0x000002877acf8be0
Event: 149.971 Thread 0x000002877ac2a630 Thread exited: 0x000002877ac2a630
Event: 198.528 Thread 0x000002877ac28560 Thread exited: 0x000002877ac28560
Event: 209.971 Thread 0x000002877ac27840 Thread exited: 0x000002877ac27840


Dynamic libraries:
0x00007ff6330c0000 - 0x00007ff6330ce000 	c:\Users\PCWORLD\.vscode\extensions\redhat.java-1.53.0-win32-x64\jre\21.0.10-win32-x86_64\bin\java.exe
0x00007ffaa7720000 - 0x00007ffaa7929000 	C:\Windows\SYSTEM32\ntdll.dll
0x00007ffaa6610000 - 0x00007ffaa66cd000 	C:\Windows\System32\KERNEL32.DLL
0x00007ffaa4c50000 - 0x00007ffaa4fd4000 	C:\Windows\System32\KERNELBASE.dll
0x00007ffaa50a0000 - 0x00007ffaa51b1000 	C:\Windows\System32\ucrtbase.dll
0x00007ffaa0c00000 - 0x00007ffaa0c18000 	c:\Users\PCWORLD\.vscode\extensions\redhat.java-1.53.0-win32-x64\jre\21.0.10-win32-x86_64\bin\jli.dll
0x00007ffaa74c0000 - 0x00007ffaa766d000 	C:\Windows\System32\USER32.dll
0x00007ffaa54c0000 - 0x00007ffaa54e6000 	C:\Windows\System32\win32u.dll
0x00007ffaa7360000 - 0x00007ffaa738a000 	C:\Windows\System32\GDI32.dll
0x00007ffaa53a0000 - 0x00007ffaa54be000 	C:\Windows\System32\gdi32full.dll
0x00007ffaa4bb0000 - 0x00007ffaa4c4d000 	C:\Windows\System32\msvcp_win.dll
0x00007ffa90690000 - 0x00007ffa906ae000 	c:\Users\PCWORLD\.vscode\extensions\redhat.java-1.53.0-win32-x64\jre\21.0.10-win32-x86_64\bin\VCRUNTIME140.dll
0x00007ffa90860000 - 0x00007ffa90b05000 	C:\Windows\WinSxS\amd64_microsoft.windows.common-controls_6595b64144ccf1df_6.0.22000.120_none_9d947278b86cc467\COMCTL32.dll
0x00007ffaa6330000 - 0x00007ffaa63d3000 	C:\Windows\System32\msvcrt.dll
0x00007ffaa66d0000 - 0x00007ffaa6701000 	C:\Windows\System32\IMM32.DLL
0x00007ffa9b9d0000 - 0x00007ffa9b9dc000 	c:\Users\PCWORLD\.vscode\extensions\redhat.java-1.53.0-win32-x64\jre\21.0.10-win32-x86_64\bin\vcruntime140_1.dll
0x00007ffa77cc0000 - 0x00007ffa77d4d000 	c:\Users\PCWORLD\.vscode\extensions\redhat.java-1.53.0-win32-x64\jre\21.0.10-win32-x86_64\bin\msvcp140.dll
0x00007ffa64cd0000 - 0x00007ffa65a71000 	c:\Users\PCWORLD\.vscode\extensions\redhat.java-1.53.0-win32-x64\jre\21.0.10-win32-x86_64\bin\server\jvm.dll
0x00007ffaa5570000 - 0x00007ffaa561e000 	C:\Windows\System32\ADVAPI32.dll
0x00007ffaa7420000 - 0x00007ffaa74be000 	C:\Windows\System32\sechost.dll
0x00007ffaa6800000 - 0x00007ffaa6921000 	C:\Windows\System32\RPCRT4.dll
0x00007ffaa7670000 - 0x00007ffaa76df000 	C:\Windows\System32\WS2_32.dll
0x00007ffaa49d0000 - 0x00007ffaa4a1d000 	C:\Windows\SYSTEM32\POWRPROF.dll
0x00007ffa9b900000 - 0x00007ffa9b933000 	C:\Windows\SYSTEM32\WINMM.dll
0x00007ffa99640000 - 0x00007ffa9964a000 	C:\Windows\SYSTEM32\VERSION.dll
0x00007ffaa48c0000 - 0x00007ffaa48d3000 	C:\Windows\SYSTEM32\UMPDC.dll
0x00007ffaa3be0000 - 0x00007ffaa3bf8000 	C:\Windows\SYSTEM32\kernel.appcore.dll
0x00007ffa92440000 - 0x00007ffa9244a000 	c:\Users\PCWORLD\.vscode\extensions\redhat.java-1.53.0-win32-x64\jre\21.0.10-win32-x86_64\bin\jimage.dll
0x00007ffaa1d40000 - 0x00007ffaa1f61000 	C:\Windows\SYSTEM32\DBGHELP.DLL
0x00007ffa8d5f0000 - 0x00007ffa8d621000 	C:\Windows\SYSTEM32\dbgcore.DLL
0x00007ffaa54f0000 - 0x00007ffaa556f000 	C:\Windows\System32\bcryptPrimitives.dll
0x00007ffa91330000 - 0x00007ffa9133f000 	c:\Users\PCWORLD\.vscode\extensions\redhat.java-1.53.0-win32-x64\jre\21.0.10-win32-x86_64\bin\instrument.dll
0x00007ffa90000000 - 0x00007ffa90020000 	c:\Users\PCWORLD\.vscode\extensions\redhat.java-1.53.0-win32-x64\jre\21.0.10-win32-x86_64\bin\java.dll
0x00007ffaa6ae0000 - 0x00007ffaa72a5000 	C:\Windows\System32\SHELL32.dll
0x00007ffaa2c40000 - 0x00007ffaa34a2000 	C:\Windows\SYSTEM32\windows.storage.dll
0x00007ffaa5df0000 - 0x00007ffaa6166000 	C:\Windows\System32\combase.dll
0x00007ffaa2ad0000 - 0x00007ffaa2c37000 	C:\Windows\SYSTEM32\wintypes.dll
0x00007ffaa5d00000 - 0x00007ffaa5dea000 	C:\Windows\System32\SHCORE.dll
0x00007ffaa67a0000 - 0x00007ffaa67fd000 	C:\Windows\System32\shlwapi.dll
0x00007ffaa4ae0000 - 0x00007ffaa4b05000 	C:\Windows\SYSTEM32\profapi.dll
0x00007ffa8c600000 - 0x00007ffa8c618000 	c:\Users\PCWORLD\.vscode\extensions\redhat.java-1.53.0-win32-x64\jre\21.0.10-win32-x86_64\bin\zip.dll
0x00007ffa91200000 - 0x00007ffa91210000 	C:\Users\PCWORLD\.vscode\extensions\redhat.java-1.53.0-win32-x64\jre\21.0.10-win32-x86_64\bin\net.dll
0x00007ffa9bfa0000 - 0x00007ffa9c0b4000 	C:\Windows\SYSTEM32\WINHTTP.dll
0x00007ffaa4080000 - 0x00007ffaa40e7000 	C:\Windows\system32\mswsock.dll
0x00007ffa87900000 - 0x00007ffa87916000 	C:\Users\PCWORLD\.vscode\extensions\redhat.java-1.53.0-win32-x64\jre\21.0.10-win32-x86_64\bin\nio.dll
0x00007ffa8caa0000 - 0x00007ffa8cab0000 	c:\Users\PCWORLD\.vscode\extensions\redhat.java-1.53.0-win32-x64\jre\21.0.10-win32-x86_64\bin\verify.dll
0x00007ffa75730000 - 0x00007ffa75775000 	C:\Users\PCWORLD\AppData\Roaming\Code\User\globalStorage\redhat.java\1.53.0\config_win\org.eclipse.equinox.launcher\org.eclipse.equinox.launcher.win32.win32.x86_64_1.3.0.v20260203-2149\eclipse_11919.dll
0x00007ffaa6940000 - 0x00007ffaa6ada000 	C:\Windows\System32\ole32.dll
0x00007ffaa4350000 - 0x00007ffaa4368000 	C:\Windows\SYSTEM32\CRYPTSP.dll
0x00007ffaa3b40000 - 0x00007ffaa3b75000 	C:\Windows\system32\rsaenh.dll
0x00007ffaa4120000 - 0x00007ffaa414c000 	C:\Windows\SYSTEM32\USERENV.dll
0x00007ffaa4500000 - 0x00007ffaa4527000 	C:\Windows\SYSTEM32\bcrypt.dll
0x00007ffaa4270000 - 0x00007ffaa427c000 	C:\Windows\SYSTEM32\CRYPTBASE.dll
0x00007ffaa3740000 - 0x00007ffaa376d000 	C:\Windows\SYSTEM32\IPHLPAPI.DLL
0x00007ffaa5cf0000 - 0x00007ffaa5cf9000 	C:\Windows\System32\NSI.dll
0x00007ffa75c10000 - 0x00007ffa75c59000 	C:\Users\PCWORLD\AppData\Local\Temp\jna--13215393\jna11712867952191776018.dll
0x00007ffaa6930000 - 0x00007ffaa6938000 	C:\Windows\System32\PSAPI.DLL
0x00007ffa9b940000 - 0x00007ffa9b959000 	C:\Windows\SYSTEM32\dhcpcsvc6.DLL
0x00007ffa9c5a0000 - 0x00007ffa9c5be000 	C:\Windows\SYSTEM32\dhcpcsvc.DLL
0x00007ffaa0b50000 - 0x00007ffaa0b5e000 	C:\Users\PCWORLD\.vscode\extensions\redhat.java-1.53.0-win32-x64\jre\21.0.10-win32-x86_64\bin\sunmscapi.dll
0x00007ffaa5230000 - 0x00007ffaa5392000 	C:\Windows\System32\CRYPT32.dll
0x00007ffaa44d0000 - 0x00007ffaa44f8000 	C:\Windows\SYSTEM32\ncrypt.dll
0x00007ffaa4490000 - 0x00007ffaa44c7000 	C:\Windows\SYSTEM32\NTASN1.dll

JVMTI agents:
c:\Users\PCWORLD\.vscode\extensions\redhat.java-1.53.0-win32-x64\lombok\lombok-1.18.39-4050.jar path:c:\Users\PCWORLD\.vscode\extensions\redhat.java-1.53.0-win32-x64\jre\21.0.10-win32-x86_64\bin\instrument.dll, loaded, initialized, instrumentlib options:none

dbghelp: loaded successfully - version: 4.0.5 - missing functions: none
symbol engine: initialized successfully - sym options: 0x614 - pdb path: .;c:\Users\PCWORLD\.vscode\extensions\redhat.java-1.53.0-win32-x64\jre\21.0.10-win32-x86_64\bin;C:\Windows\SYSTEM32;C:\Windows\WinSxS\amd64_microsoft.windows.common-controls_6595b64144ccf1df_6.0.22000.120_none_9d947278b86cc467;c:\Users\PCWORLD\.vscode\extensions\redhat.java-1.53.0-win32-x64\jre\21.0.10-win32-x86_64\bin\server;C:\Users\PCWORLD\AppData\Roaming\Code\User\globalStorage\redhat.java\1.53.0\config_win\org.eclipse.equinox.launcher\org.eclipse.equinox.launcher.win32.win32.x86_64_1.3.0.v20260203-2149;C:\Users\PCWORLD\AppData\Local\Temp\jna--13215393

VM Arguments:
jvm_args: --add-modules=ALL-SYSTEM --add-opens=java.base/java.util=ALL-UNNAMED --add-opens=java.base/java.lang=ALL-UNNAMED --add-opens=java.base/sun.nio.fs=ALL-UNNAMED -Declipse.application=org.eclipse.jdt.ls.core.id1 -Dosgi.bundles.defaultStartLevel=4 -Declipse.product=org.eclipse.jdt.ls.core.product -Djava.import.generatesMetadataFilesAtProjectRoot=false -DDetectVMInstallationsJob.disabled=true -Dfile.encoding=utf8 -XX:+UseParallelGC -XX:GCTimeRatio=4 -XX:AdaptiveSizePolicyWeight=90 -Dsun.zip.disableMemoryMapping=true -Xmx2G -Xms100m -Xlog:disable -javaagent:c:\Users\PCWORLD\.vscode\extensions\redhat.java-1.53.0-win32-x64\lombok\lombok-1.18.39-4050.jar -XX:+HeapDumpOnOutOfMemoryError -XX:HeapDumpPath=c:\Users\PCWORLD\AppData\Roaming\Code\User\workspaceStorage\15d350eac09e9ebb76c56e029fd2021d\redhat.java -Daether.dependencyCollector.impl=bf 
java_command: c:\Users\PCWORLD\.vscode\extensions\redhat.java-1.53.0-win32-x64\server\plugins\org.eclipse.equinox.launcher_1.7.100.v20251111-0406.jar -configuration c:\Users\PCWORLD\AppData\Roaming\Code\User\globalStorage\redhat.java\1.53.0\config_win -data c:\Users\PCWORLD\AppData\Roaming\Code\User\workspaceStorage\15d350eac09e9ebb76c56e029fd2021d\redhat.java\jdt_ws --pipe=\\.\pipe\lsp-c810bd8c4717d691f07014dfd5f383fd-sock
java_class_path (initial): c:\Users\PCWORLD\.vscode\extensions\redhat.java-1.53.0-win32-x64\server\plugins\org.eclipse.equinox.launcher_1.7.100.v20251111-0406.jar
Launcher Type: SUN_STANDARD

[Global flags]
    uintx AdaptiveSizePolicyWeight                 = 90                                        {product} {command line}
     intx CICompilerCount                          = 4                                         {product} {ergonomic}
    uintx GCTimeRatio                              = 4                                         {product} {command line}
     bool HeapDumpOnOutOfMemoryError               = true                                   {manageable} {command line}
    ccstr HeapDumpPath                             = c:\Users\PCWORLD\AppData\Roaming\Code\User\workspaceStorage\15d350eac09e9ebb76c56e029fd2021d\redhat.java         {manageable} {command line}
   size_t InitialHeapSize                          = 104857600                                 {product} {command line}
   size_t MaxHeapSize                              = 2147483648                                {product} {command line}
   size_t MaxNewSize                               = 715653120                                 {product} {ergonomic}
   size_t MinHeapDeltaBytes                        = 524288                                    {product} {ergonomic}
   size_t MinHeapSize                              = 104857600                                 {product} {command line}
   size_t NewSize                                  = 34603008                                  {product} {ergonomic}
    uintx NonNMethodCodeHeapSize                   = 5839372                                {pd product} {ergonomic}
    uintx NonProfiledCodeHeapSize                  = 122909434                              {pd product} {ergonomic}
   size_t OldSize                                  = 70254592                                  {product} {ergonomic}
    uintx ProfiledCodeHeapSize                     = 122909434                              {pd product} {ergonomic}
    uintx ReservedCodeCacheSize                    = 251658240                              {pd product} {ergonomic}
     bool SegmentedCodeCache                       = true                                      {product} {ergonomic}
   size_t SoftMaxHeapSize                          = 2147483648                             {manageable} {ergonomic}
     bool UseCompressedOops                        = true                           {product lp64_product} {ergonomic}
     bool UseLargePagesIndividualAllocation        = false                                  {pd product} {ergonomic}
     bool UseParallelGC                            = true                                      {product} {command line}

Logging:
Log output configuration:
 #0: stdout all=off uptime,level,tags foldmultilines=false
 #1: stderr all=off uptime,level,tags foldmultilines=false

Release file:
JAVA_VERSION="21.0.10" 
MODULES="java.base java.compiler java.datatransfer java.xml java.prefs java.desktop java.instrument java.logging java.management java.security.sasl java.naming java.rmi java.management.rmi java.net.http java.scripting java.security.jgss java.transaction.xa java.sql java.sql.rowset java.xml.crypto java.se java.smartcardio jdk.accessibility jdk.internal.jvmstat jdk.attach jdk.charsets jdk.internal.opt jdk.zipfs jdk.compiler jdk.crypto.ec jdk.crypto.cryptoki jdk.crypto.mscapi jdk.dynalink jdk.internal.ed jdk.editpad jdk.hotspot.agent jdk.httpserver jdk.internal.le jdk.internal.vm.ci jdk.internal.vm.compiler jdk.internal.vm.compiler.management jdk.jartool jdk.javadoc jdk.jcmd jdk.management jdk.management.agent jdk.jconsole jdk.jdeps jdk.jdwp.agent jdk.jdi jdk.jfr jdk.jshell jdk.jsobject jdk.jstatd jdk.localedata jdk.management.jfr jdk.naming.dns jdk.naming.rmi jdk.net jdk.nio.mapmode jdk.random jdk.sctp jdk.security.auth jdk.security.jgss jdk.unsupported jdk.unsupported.desktop jdk.xml.dom" 

Environment Variables:
PATH=C:\Users\PCWORLD\AppData\Local\Programs\Microsoft VS Code;C:\Program Files\Common Files\Oracle\Java\javapath;C:\Windows\system32;C:\Windows;C:\Windows\System32\Wbem;C:\Windows\System32\WindowsPowerShell\v1.0\;C:\Windows\System32\OpenSSH\;C:\Program Files (x86)\Intel\Intel(R) Management Engine Components\DAL;C:\Program Files\Intel\Intel(R) Management Engine Components\DAL;C:\Program Files\Git\cmd;C:\Program Files\nodejs\;C:\ProgramData\chocolatey\bin;C:\Users\PCWORLD\Downloads\platform-tools-latest-windows\platform-tools;;C:\Program Files\Docker\Docker\resources\bin;E:\program_files\cursor\resources\app\bin;C:\Users\PCWORLD\AppData\Local\Programs\Python\Python313\Scripts\;C:\Users\PCWORLD\AppData\Local\Programs\Python\Python313\;C:\Users\PCWORLD\AppData\Local\Programs\Python\Launcher\;C:\Users\PCWORLD\AppData\Local\Microsoft\WindowsApps;C:\Users\PCWORLD\AppData\Local\Programs\Microsoft VS Code\bin;C:\Users\PCWORLD\AppData\Roaming\npm;E:\program_files\Antigravity\bin
USERNAME=PCWORLD
OS=Windows_NT
PROCESSOR_IDENTIFIER=Intel64 Family 6 Model 142 Stepping 10, GenuineIntel
TMP=C:\Users\PCWORLD\AppData\Local\Temp
TEMP=C:\Users\PCWORLD\AppData\Local\Temp




Periodic native trim disabled

---------------  S Y S T E M  ---------------

OS:
 Windows 11 , 64 bit Build 22000 (10.0.22000.2538)
OS uptime: 0 days 7:13 hours
Hyper-V role detected

CPU: total 8 (initial active 8) (4 cores per cpu, 2 threads per core) family 6 model 142 stepping 10 microcode 0xe0, cx8, cmov, fxsr, ht, mmx, 3dnowpref, sse, sse2, sse3, ssse3, sse4.1, sse4.2, popcnt, lzcnt, tsc, tscinvbit, avx, avx2, aes, erms, clmul, bmi1, bmi2, rtm, adx, fma, vzeroupper, clflush, clflushopt, hv, rdtscp, f16c
Processor Information for the first 8 processors :
  Max Mhz: 2112, Current Mhz: 1910, Mhz Limit: 1900

Memory: 4k page, system-wide physical 8071M (761M free)
TotalPageFile size 28735M (AvailPageFile size 22M)
current process WorkingSet (physical memory assigned to process): 293M, peak: 472M
current process commit charge ("private bytes"): 487M, peak: 548M

vm_info: OpenJDK 64-Bit Server VM (21.0.10+7-LTS) for windows-amd64 JRE (21.0.10+7-LTS), built on 2026-01-20T00:00:00Z by "admin" with MS VC++ 17.12 (VS2022)

END.
