#
# There is insufficient memory for the Java Runtime Environment to continue.
# Native memory allocation (malloc) failed to allocate 2445184 bytes. Error detail: Chunk::new
# Possible reasons:
#   The system is out of physical RAM or swap space
#   This process is running with CompressedOops enabled, and the Java Heap may be blocking the growth of the native heap
# Possible solutions:
#   Reduce memory load on the system
#   Increase physical memory or swap space
#   Check if swap backing store is full
#   Decrease Java heap size (-Xmx/-Xms)
#   Decrease number of Java threads
#   Decrease Java thread stack sizes (-Xss)
#   Set larger code cache with -XX:ReservedCodeCacheSize=
#   JVM is running with Unscaled Compressed Oops mode in which the Java heap is
#     placed in the first 4GB address space. The Java Heap base address is the
#     maximum limit for the native heap growth. Please use -XX:HeapBaseMinAddress
#     to set the Java Heap base and to place the Java Heap above 4GB virtual address.
# This output file may be truncated or incomplete.
#
#  Out of Memory Error (arena.cpp:168), pid=19756, tid=21468
#
# JRE version: OpenJDK Runtime Environment Temurin-21.0.10+7 (21.0.10+7) (build 21.0.10+7-LTS)
# Java VM: OpenJDK 64-Bit Server VM Temurin-21.0.10+7 (21.0.10+7-LTS, mixed mode, sharing, tiered, compressed oops, compressed class ptrs, parallel gc, windows-amd64)
# No core dump will be written. Minidumps are not enabled by default on client versions of Windows
#

---------------  S U M M A R Y ------------

Command Line: --add-modules=ALL-SYSTEM --add-opens=java.base/java.util=ALL-UNNAMED --add-opens=java.base/java.lang=ALL-UNNAMED --add-opens=java.base/sun.nio.fs=ALL-UNNAMED -Declipse.application=org.eclipse.jdt.ls.core.id1 -Dosgi.bundles.defaultStartLevel=4 -Declipse.product=org.eclipse.jdt.ls.core.product -Djava.import.generatesMetadataFilesAtProjectRoot=false -DDetectVMInstallationsJob.disabled=true -Dfile.encoding=utf8 -XX:+UseParallelGC -XX:GCTimeRatio=4 -XX:AdaptiveSizePolicyWeight=90 -Dsun.zip.disableMemoryMapping=true -Xmx2G -Xms100m -Xlog:disable -javaagent:c:\Users\PCWORLD\.vscode\extensions\redhat.java-1.53.0-win32-x64\lombok\lombok-1.18.39-4050.jar -XX:+HeapDumpOnOutOfMemoryError -XX:HeapDumpPath=c:\Users\PCWORLD\AppData\Roaming\Code\User\workspaceStorage\15d350eac09e9ebb76c56e029fd2021d\redhat.java -Daether.dependencyCollector.impl=bf c:\Users\PCWORLD\.vscode\extensions\redhat.java-1.53.0-win32-x64\server\plugins\org.eclipse.equinox.launcher_1.7.100.v20251111-0406.jar -configuration c:\Users\PCWORLD\AppData\Roaming\Code\User\globalStorage\redhat.java\1.53.0\config_win -data c:\Users\PCWORLD\AppData\Roaming\Code\User\workspaceStorage\15d350eac09e9ebb76c56e029fd2021d\redhat.java\jdt_ws --pipe=\\.\pipe\lsp-80c0d64077f01af55c7c4098bbde01f0-sock

Host: Intel(R) Core(TM) i7-8650U CPU @ 1.90GHz, 8 cores, 7G,  Windows 11 , 64 bit Build 22000 (10.0.22000.2538)
Time: Tue Apr  7 12:20:27 2026 Sri Lanka Standard Time elapsed time: 104.930729 seconds (0d 0h 1m 44s)

---------------  T H R E A D  ---------------

Current thread (0x000001839cb1e7b0):  JavaThread "C2 CompilerThread0" daemon [_thread_in_native, id=21468, stack(0x0000007abe700000,0x0000007abe800000) (1024K)]


Current CompileTask:
C2:104930 17003       4       lombok.eclipse.EclipseAST::buildStatement (57 bytes)

Stack: [0x0000007abe700000,0x0000007abe800000]
Native frames: (J=compiled Java code, j=interpreted, Vv=VM code, C=native code)
V  [jvm.dll+0x6d7a39]
V  [jvm.dll+0x8b4b26]
V  [jvm.dll+0x8b70de]
V  [jvm.dll+0x8b77c3]
V  [jvm.dll+0x284346]
V  [jvm.dll+0xc66ed]
V  [jvm.dll+0xc6c31]
V  [jvm.dll+0x3bec3b]
V  [jvm.dll+0x1e3f69]
V  [jvm.dll+0x24c6b3]
V  [jvm.dll+0x24bb40]
V  [jvm.dll+0x1cb34e]
V  [jvm.dll+0x25b85d]
V  [jvm.dll+0x259dea]
V  [jvm.dll+0x3f857e]
V  [jvm.dll+0x85f59d]
V  [jvm.dll+0x6d626d]
C  [ucrtbase.dll+0x26c0c]
C  [KERNEL32.DLL+0x153e0]
C  [ntdll.dll+0x485b]


---------------  P R O C E S S  ---------------

Threads class SMR info:
_java_thread_list=0x00000183e574aac0, length=65, elements={
0x000001838609f260, 0x000001839cb0f690, 0x000001839cb10760, 0x000001839cb11830,
0x000001839cb14df0, 0x000001839cb15cc0, 0x000001839cb178e0, 0x000001839cb1e7b0,
0x000001839cb1f300, 0x00000183df5d9bf0, 0x00000183df78e790, 0x00000183e481f470,
0x00000183e4076d10, 0x00000183e47c40d0, 0x00000183e40b64f0, 0x00000183e5078630,
0x00000183e4a54cb0, 0x00000183e4c559e0, 0x00000183e4c56700, 0x00000183e4c54cc0,
0x00000183e4c56d90, 0x00000183e4c55350, 0x00000183e4c53910, 0x00000183e4c53fa0,
0x00000183e69f7530, 0x00000183e69fb6d0, 0x00000183e69f9600, 0x00000183e69fbd60,
0x00000183e69fa320, 0x00000183e69f88e0, 0x00000183e69f7bc0, 0x00000183e69fc3f0,
0x00000183e69fca80, 0x00000183e69fd110, 0x00000183e69fd7a0, 0x00000183e69fa9b0,
0x00000183e69fde30, 0x00000183e69f6ea0, 0x00000183e69f8f70, 0x00000183e69f9c90,
0x00000183e69f8250, 0x00000183e7500f20, 0x00000183e7504a30, 0x00000183e7502960,
0x00000183e7505750, 0x00000183e75043a0, 0x00000183e75015b0, 0x00000183e75050c0,
0x00000183e7501c40, 0x00000183e75022d0, 0x00000183e7500890, 0x00000183e7506b00,
0x00000183e7505de0, 0x00000183e7503d10, 0x00000183e7506470, 0x00000183e74ffb70,
0x00000183e7507190, 0x00000183e62235d0, 0x00000183e6229ed0, 0x00000183e62242f0,
0x00000183e6227e00, 0x00000183e6224980, 0x00000183e6227770, 0x00000183e6228490,
0x00000183e6225010
}

Java Threads: ( => current thread )
  0x000001838609f260 JavaThread "main"                              [_thread_blocked, id=19788, stack(0x0000007abdd00000,0x0000007abde00000) (1024K)]
  0x000001839cb0f690 JavaThread "Reference Handler"          daemon [_thread_blocked, id=22880, stack(0x0000007abe100000,0x0000007abe200000) (1024K)]
  0x000001839cb10760 JavaThread "Finalizer"                  daemon [_thread_blocked, id=15716, stack(0x0000007abe200000,0x0000007abe300000) (1024K)]
  0x000001839cb11830 JavaThread "Signal Dispatcher"          daemon [_thread_blocked, id=22716, stack(0x0000007abe300000,0x0000007abe400000) (1024K)]
  0x000001839cb14df0 JavaThread "Attach Listener"            daemon [_thread_blocked, id=20740, stack(0x0000007abe400000,0x0000007abe500000) (1024K)]
  0x000001839cb15cc0 JavaThread "Service Thread"             daemon [_thread_blocked, id=996, stack(0x0000007abe500000,0x0000007abe600000) (1024K)]
  0x000001839cb178e0 JavaThread "Monitor Deflation Thread"   daemon [_thread_blocked, id=21544, stack(0x0000007abe600000,0x0000007abe700000) (1024K)]
=>0x000001839cb1e7b0 JavaThread "C2 CompilerThread0"         daemon [_thread_in_native, id=21468, stack(0x0000007abe700000,0x0000007abe800000) (1024K)]
  0x000001839cb1f300 JavaThread "C1 CompilerThread0"         daemon [_thread_blocked, id=15552, stack(0x0000007abe800000,0x0000007abe900000) (1024K)]
  0x00000183df5d9bf0 JavaThread "Common-Cleaner"             daemon [_thread_blocked, id=12504, stack(0x0000007abe900000,0x0000007abea00000) (1024K)]
  0x00000183df78e790 JavaThread "Notification Thread"        daemon [_thread_blocked, id=20196, stack(0x0000007abeb00000,0x0000007abec00000) (1024K)]
  0x00000183e481f470 JavaThread "Active Thread: Equinox Container: 15615c5c-b786-47c8-9faf-5f2ca638eb95"        [_thread_blocked, id=988, stack(0x0000007abf300000,0x0000007abf400000) (1024K)]
  0x00000183e4076d10 JavaThread "Refresh Thread: Equinox Container: 15615c5c-b786-47c8-9faf-5f2ca638eb95" daemon [_thread_blocked, id=11076, stack(0x0000007abf500000,0x0000007abf600000) (1024K)]
  0x00000183e47c40d0 JavaThread "Framework Event Dispatcher: Equinox Container: 15615c5c-b786-47c8-9faf-5f2ca638eb95" daemon [_thread_blocked, id=13352, stack(0x0000007abf600000,0x0000007abf700000) (1024K)]
  0x00000183e40b64f0 JavaThread "Start Level: Equinox Container: 15615c5c-b786-47c8-9faf-5f2ca638eb95" daemon [_thread_blocked, id=14120, stack(0x0000007abf700000,0x0000007abf800000) (1024K)]
  0x00000183e5078630 JavaThread "Bundle File Closer"         daemon [_thread_blocked, id=12224, stack(0x0000007abf800000,0x0000007abf900000) (1024K)]
  0x00000183e4a54cb0 JavaThread "SCR Component Actor"        daemon [_thread_blocked, id=4920, stack(0x0000007abf900000,0x0000007abfa00000) (1024K)]
  0x00000183e4c559e0 JavaThread "Worker-JM"                         [_thread_blocked, id=8288, stack(0x0000007abfa00000,0x0000007abfb00000) (1024K)]
  0x00000183e4c56700 JavaThread "JNA Cleaner"                daemon [_thread_blocked, id=22648, stack(0x0000007abfb00000,0x0000007abfc00000) (1024K)]
  0x00000183e4c54cc0 JavaThread "Worker-0"                          [_thread_blocked, id=21780, stack(0x0000007abfc00000,0x0000007abfd00000) (1024K)]
  0x00000183e4c56d90 JavaThread "Worker-1"                          [_thread_blocked, id=4004, stack(0x0000007abfd00000,0x0000007abfe00000) (1024K)]
  0x00000183e4c55350 JavaThread "Java indexing"              daemon [_thread_in_native, id=16112, stack(0x0000007abfe00000,0x0000007abff00000) (1024K)]
  0x00000183e4c53910 JavaThread "Worker-2"                          [_thread_blocked, id=22860, stack(0x0000007ac0100000,0x0000007ac0200000) (1024K)]
  0x00000183e4c53fa0 JavaThread "Worker-3"                          [_thread_blocked, id=5916, stack(0x0000007ac0200000,0x0000007ac0300000) (1024K)]
  0x00000183e69f7530 JavaThread "Thread-1"                   daemon [_thread_in_native, id=15604, stack(0x0000007ac0300000,0x0000007ac0400000) (1024K)]
  0x00000183e69fb6d0 JavaThread "Thread-2"                   daemon [_thread_in_native, id=13440, stack(0x0000007ac0400000,0x0000007ac0500000) (1024K)]
  0x00000183e69f9600 JavaThread "Thread-3"                   daemon [_thread_in_native, id=10508, stack(0x0000007ac0500000,0x0000007ac0600000) (1024K)]
  0x00000183e69fbd60 JavaThread "Thread-4"                   daemon [_thread_in_native, id=8684, stack(0x0000007ac0600000,0x0000007ac0700000) (1024K)]
  0x00000183e69fa320 JavaThread "Thread-5"                   daemon [_thread_in_native, id=22676, stack(0x0000007ac0700000,0x0000007ac0800000) (1024K)]
  0x00000183e69f88e0 JavaThread "Thread-6"                   daemon [_thread_in_native, id=22356, stack(0x0000007ac0800000,0x0000007ac0900000) (1024K)]
  0x00000183e69f7bc0 JavaThread "Thread-7"                   daemon [_thread_in_native, id=11956, stack(0x0000007ac0900000,0x0000007ac0a00000) (1024K)]
  0x00000183e69fc3f0 JavaThread "Thread-8"                   daemon [_thread_in_native, id=9760, stack(0x0000007ac0a00000,0x0000007ac0b00000) (1024K)]
  0x00000183e69fca80 JavaThread "Thread-9"                   daemon [_thread_in_native, id=17916, stack(0x0000007ac0b00000,0x0000007ac0c00000) (1024K)]
  0x00000183e69fd110 JavaThread "pool-2-thread-1"                   [_thread_blocked, id=22496, stack(0x0000007ac0c00000,0x0000007ac0d00000) (1024K)]
  0x00000183e69fd7a0 JavaThread "Worker-4"                          [_thread_blocked, id=23096, stack(0x0000007ac0d00000,0x0000007ac0e00000) (1024K)]
  0x00000183e69fa9b0 JavaThread "WorkspaceEventsHandler"            [_thread_blocked, id=328, stack(0x0000007ac0e00000,0x0000007ac0f00000) (1024K)]
  0x00000183e69fde30 JavaThread "pool-1-thread-1"                   [_thread_blocked, id=10456, stack(0x0000007ac0f00000,0x0000007ac1000000) (1024K)]
  0x00000183e69f6ea0 JavaThread "Worker-5"                          [_thread_blocked, id=14096, stack(0x0000007ac1000000,0x0000007ac1100000) (1024K)]
  0x00000183e69f8f70 JavaThread "LocalFile Deleter"          daemon [_thread_blocked, id=19032, stack(0x0000007ac1200000,0x0000007ac1300000) (1024K)]
  0x00000183e69f9c90 JavaThread "LocalFile Deleter"          daemon [_thread_blocked, id=10728, stack(0x0000007ac1300000,0x0000007ac1400000) (1024K)]
  0x00000183e69f8250 JavaThread "LocalFile Deleter"          daemon [_thread_blocked, id=21340, stack(0x0000007ac1400000,0x0000007ac1500000) (1024K)]
  0x00000183e7500f20 JavaThread "LocalFile Deleter"          daemon [_thread_blocked, id=15460, stack(0x0000007ac1500000,0x0000007ac1600000) (1024K)]
  0x00000183e7504a30 JavaThread "LocalFile Deleter"          daemon [_thread_blocked, id=9752, stack(0x0000007ac1600000,0x0000007ac1700000) (1024K)]
  0x00000183e7502960 JavaThread "LocalFile Deleter"          daemon [_thread_blocked, id=22096, stack(0x0000007ac1700000,0x0000007ac1800000) (1024K)]
  0x00000183e7505750 JavaThread "LocalFile Deleter"          daemon [_thread_blocked, id=17400, stack(0x0000007ac1800000,0x0000007ac1900000) (1024K)]
  0x00000183e75043a0 JavaThread "Compiler Source File Reader" daemon [_thread_blocked, id=3936, stack(0x0000007ac1900000,0x0000007ac1a00000) (1024K)]
  0x00000183e75015b0 JavaThread "Compiler Source File Reader" daemon [_thread_blocked, id=18500, stack(0x0000007ac1a00000,0x0000007ac1b00000) (1024K)]
  0x00000183e75050c0 JavaThread "Compiler Source File Reader" daemon [_thread_blocked, id=13568, stack(0x0000007ac1b00000,0x0000007ac1c00000) (1024K)]
  0x00000183e7501c40 JavaThread "Compiler Source File Reader" daemon [_thread_blocked, id=9344, stack(0x0000007ac1c00000,0x0000007ac1d00000) (1024K)]
  0x00000183e75022d0 JavaThread "Compiler Source File Reader" daemon [_thread_blocked, id=10684, stack(0x0000007ac1d00000,0x0000007ac1e00000) (1024K)]
  0x00000183e7500890 JavaThread "Compiler Source File Reader" daemon [_thread_blocked, id=18752, stack(0x0000007ac1e00000,0x0000007ac1f00000) (1024K)]
  0x00000183e7506b00 JavaThread "Compiler Class File Writer" daemon [_thread_blocked, id=7400, stack(0x0000007ac2000000,0x0000007ac2100000) (1024K)]
  0x00000183e7505de0 JavaThread "Compiler Class File Writer" daemon [_thread_blocked, id=8488, stack(0x0000007ac2100000,0x0000007ac2200000) (1024K)]
  0x00000183e7503d10 JavaThread "Compiler Class File Writer" daemon [_thread_blocked, id=9244, stack(0x0000007ac2200000,0x0000007ac2300000) (1024K)]
  0x00000183e7506470 JavaThread "Compiler Class File Writer" daemon [_thread_blocked, id=20548, stack(0x0000007ac2300000,0x0000007ac2400000) (1024K)]
  0x00000183e74ffb70 JavaThread "Compiler Class File Writer" daemon [_thread_blocked, id=22176, stack(0x0000007ac2400000,0x0000007ac2500000) (1024K)]
  0x00000183e7507190 JavaThread "Compiler Class File Writer" daemon [_thread_blocked, id=17960, stack(0x0000007ac2500000,0x0000007ac2600000) (1024K)]
  0x00000183e62235d0 JavaThread "ForkJoinPool.commonPool-worker-1" daemon [_thread_blocked, id=13464, stack(0x0000007ac2700000,0x0000007ac2800000) (1024K)]
  0x00000183e6229ed0 JavaThread "ForkJoinPool.commonPool-worker-2" daemon [_thread_blocked, id=1612, stack(0x0000007ac2800000,0x0000007ac2900000) (1024K)]
  0x00000183e62242f0 JavaThread "ForkJoinPool.commonPool-worker-3" daemon [_thread_in_Java, id=21708, stack(0x0000007ac2900000,0x0000007ac2a00000) (1024K)]
  0x00000183e6227e00 JavaThread "ForkJoinPool.commonPool-worker-4" daemon [_thread_blocked, id=7940, stack(0x0000007ac2a00000,0x0000007ac2b00000) (1024K)]
  0x00000183e6224980 JavaThread "ForkJoinPool.commonPool-worker-5" daemon [_thread_blocked, id=20928, stack(0x0000007ac2b00000,0x0000007ac2c00000) (1024K)]
  0x00000183e6227770 JavaThread "ForkJoinPool.commonPool-worker-6" daemon [_thread_blocked, id=10396, stack(0x0000007ac2c00000,0x0000007ac2d00000) (1024K)]
  0x00000183e6228490 JavaThread "ForkJoinPool.commonPool-worker-7" daemon [_thread_in_Java, id=16884, stack(0x0000007ac2d00000,0x0000007ac2e00000) (1024K)]
  0x00000183e6225010 JavaThread "Compiler Processing Task"   daemon [_thread_blocked, id=16252, stack(0x0000007abda00000,0x0000007abdb00000) (1024K)]
Total: 65

Other Threads:
  0x000001839cb026e0 VMThread "VM Thread"                           [id=18808, stack(0x0000007abe000000,0x0000007abe100000) (1024K)]
  0x000001839ca3ca00 WatcherThread "VM Periodic Task Thread"        [id=21536, stack(0x0000007abdf00000,0x0000007abe000000) (1024K)]
  0x00000183860bc490 WorkerThread "GC Thread#0"                     [id=6736, stack(0x0000007abde00000,0x0000007abdf00000) (1024K)]
  0x00000183e468e5c0 WorkerThread "GC Thread#1"                     [id=17000, stack(0x0000007abed00000,0x0000007abee00000) (1024K)]
  0x00000183e468e970 WorkerThread "GC Thread#2"                     [id=5044, stack(0x0000007abee00000,0x0000007abef00000) (1024K)]
  0x00000183e409edb0 WorkerThread "GC Thread#3"                     [id=8696, stack(0x0000007abef00000,0x0000007abf000000) (1024K)]
  0x00000183e409f160 WorkerThread "GC Thread#4"                     [id=20176, stack(0x0000007abf000000,0x0000007abf100000) (1024K)]
  0x00000183e409f510 WorkerThread "GC Thread#5"                     [id=12396, stack(0x0000007abf100000,0x0000007abf200000) (1024K)]
  0x00000183e409f8c0 WorkerThread "GC Thread#6"                     [id=23128, stack(0x0000007abf200000,0x0000007abf300000) (1024K)]
  0x00000183e473be40 WorkerThread "GC Thread#7"                     [id=21092, stack(0x0000007abf400000,0x0000007abf500000) (1024K)]
Total: 10

Threads with active compile tasks:
C2 CompilerThread0  105004 17003       4       lombok.eclipse.EclipseAST::buildStatement (57 bytes)
Total: 1

VM state: not at safepoint (normal execution)

VM Mutex/Monitor currently owned by a thread: None

Heap address: 0x0000000080000000, size: 2048 MB, Compressed Oops mode: 32-bit

CDS archive(s) mapped at: [0x000001839d000000-0x000001839dba0000-0x000001839dba0000), size 12189696, SharedBaseAddress: 0x000001839d000000, ArchiveRelocationMode: 1.
Compressed class space mapped at: 0x000001839e000000-0x00000183de000000, reserved size: 1073741824
Narrow klass base: 0x000001839d000000, Narrow klass shift: 0, Narrow klass range: 0x100000000

GC Precious Log:
 CardTable entry size: 512
 CPUs: 8 total, 8 available
 Memory: 8071M
 Large Page Support: Disabled
 NUMA Support: Disabled
 Compressed Oops: Enabled (32-bit)
 Alignments: Space 512K, Generation 512K, Heap 2M
 Heap Min Capacity: 100M
 Heap Initial Capacity: 100M
 Heap Max Capacity: 2G
 Pre-touch: Disabled
 Parallel Workers: 8

Heap:
 PSYoungGen      total 1536K, used 618K [0x00000000d5580000, 0x00000000d5800000, 0x0000000100000000)
  eden space 1024K, 19% used [0x00000000d5580000,0x00000000d55b2960,0x00000000d5680000)
  from space 512K, 81% used [0x00000000d5780000,0x00000000d57e8000,0x00000000d5800000)
  to   space 512K, 0% used [0x00000000d5680000,0x00000000d5680000,0x00000000d5700000)
 ParOldGen       total 406016K, used 405577K [0x0000000080000000, 0x0000000098c80000, 0x00000000d5580000)
  object space 406016K, 99% used [0x0000000080000000,0x0000000098c124c8,0x0000000098c80000)
 Metaspace       used 76328K, committed 78080K, reserved 1179648K
  class space    used 7836K, committed 8576K, reserved 1048576K

Card table byte_map: [0x0000018385a80000,0x0000018385e90000] _byte_map_base: 0x0000018385680000

Marking Bits: (ParMarkBitMap*) 0x00007ffea74e3450
 Begin Bits: [0x0000018398560000, 0x000001839a560000)
 End Bits:   [0x000001839a560000, 0x000001839c560000)

Polling page: 0x0000018385870000

Metaspace:

Usage:
  Non-class:     66.89 MB used.
      Class:      7.65 MB used.
       Both:     74.54 MB used.

Virtual space:
  Non-class space:      128.00 MB reserved,      67.88 MB ( 53%) committed,  2 nodes.
      Class space:        1.00 GB reserved,       8.38 MB ( <1%) committed,  1 nodes.
             Both:        1.12 GB reserved,      76.25 MB (  7%) committed. 

Chunk freelists:
   Non-Class:  11.67 MB
       Class:  7.62 MB
        Both:  19.30 MB

MaxMetaspaceSize: unlimited
CompressedClassSpaceSize: 1.00 GB
Initial GC threshold: 21.00 MB
Current GC threshold: 97.31 MB
CDS: on
 - commit_granule_bytes: 65536.
 - commit_granule_words: 8192.
 - virtual_space_node_default_size: 8388608.
 - enlarge_chunks_in_place: 1.
 - use_allocation_guard: 0.


Internal statistics:

num_allocs_failed_limit: 9.
num_arena_births: 1378.
num_arena_deaths: 14.
num_vsnodes_births: 3.
num_vsnodes_deaths: 0.
num_space_committed: 1220.
num_space_uncommitted: 0.
num_chunks_returned_to_freelist: 23.
num_chunks_taken_from_freelist: 5115.
num_chunk_merges: 10.
num_chunk_splits: 3097.
num_chunks_enlarged: 1692.
num_inconsistent_stats: 0.

CodeHeap 'non-profiled nmethods': size=120000Kb used=12955Kb max_used=12955Kb free=107044Kb
 bounds [0x0000018390d80000, 0x0000018391a30000, 0x00000183982b0000]
CodeHeap 'profiled nmethods': size=120000Kb used=38185Kb max_used=38185Kb free=81814Kb
 bounds [0x00000183892b0000, 0x000001838b800000, 0x00000183907e0000]
CodeHeap 'non-nmethods': size=5760Kb used=1478Kb max_used=1588Kb free=4281Kb
 bounds [0x00000183907e0000, 0x0000018390a50000, 0x0000018390d80000]
CodeCache: size=245760Kb, used=52618Kb, max_used=52728Kb, free=193139Kb
 total_blobs=16957, nmethods=16158, adapters=704, full_count=0
Compilation: enabled, stopped_count=0, restarted_count=0

Compilation events (20 events):
Event: 104.650 Thread 0x000001839cb1f300 17021       3       org.eclipse.jdt.internal.compiler.parser.ScannerHelper::isJavaIdentifierPart (28 bytes)
Event: 104.651 Thread 0x000001839cb1f300 nmethod 17021 0x000001838b7f5810 code [0x000001838b7f59e0, 0x000001838b7f5bf0]
Event: 104.651 Thread 0x000001839cb1f300 17020       3       org.eclipse.jdt.internal.compiler.parser.ScannerHelper::isJavaIdentifierStart (28 bytes)
Event: 104.651 Thread 0x000001839cb1f300 nmethod 17020 0x000001838b7f5d10 code [0x000001838b7f5ee0, 0x000001838b7f60f0]
Event: 104.652 Thread 0x000001839cb1f300 17022       3       org.eclipse.jdt.internal.compiler.parser.Parser::consumeInterfaceMemberDeclarations (5 bytes)
Event: 104.652 Thread 0x000001839cb1f300 nmethod 17022 0x000001838b7f6210 code [0x000001838b7f63c0, 0x000001838b7f6580]
Event: 104.654 Thread 0x000001839cb1f300 17023       3       org.eclipse.jdt.internal.compiler.parser.Parser::consumeMethodBody (14 bytes)
Event: 104.654 Thread 0x000001839cb1f300 nmethod 17023 0x000001838b7f6610 code [0x000001838b7f67c0, 0x000001838b7f6908]
Event: 104.654 Thread 0x000001839cb1f300 17024       3       org.eclipse.jdt.internal.compiler.parser.Parser::jumpOverMethodBody (23 bytes)
Event: 104.654 Thread 0x000001839cb1f300 nmethod 17024 0x000001838b7f6a10 code [0x000001838b7f6bc0, 0x000001838b7f6d40]
Event: 104.655 Thread 0x000001839cb1f300 17025       3       org.eclipse.jdt.internal.compiler.parser.Parser::consumeMethodHeaderExtendedDims (132 bytes)
Event: 104.656 Thread 0x000001839cb1f300 nmethod 17025 0x000001838b7f6e10 code [0x000001838b7f7000, 0x000001838b7f7608]
Event: 104.657 Thread 0x000001839cb1f300 17028       3       org.eclipse.jdt.internal.compiler.ast.ParameterizedSingleTypeReference::<init> (77 bytes)
Event: 104.658 Thread 0x000001839cb1f300 nmethod 17028 0x000001838b7f7810 code [0x000001838b7f79e0, 0x000001838b7f7d30]
Event: 104.658 Thread 0x000001839cb1f300 17029       3       org.eclipse.jdt.internal.compiler.ast.ParameterizedSingleTypeReference::<init> (32 bytes)
Event: 104.658 Thread 0x000001839cb1f300 nmethod 17029 0x000001838b7f7f10 code [0x000001838b7f80c0, 0x000001838b7f8308]
Event: 104.658 Thread 0x000001839cb1f300 17026       3       org.eclipse.jdt.internal.compiler.parser.Parser::consumeMethodHeader (183 bytes)
Event: 104.659 Thread 0x000001839cb1f300 nmethod 17026 0x000001838b7f8410 code [0x000001838b7f8600, 0x000001838b7f8d38]
Event: 104.659 Thread 0x000001839cb1f300 17027       3       org.eclipse.jdt.internal.compiler.parser.Parser::consumeNestedMethod (33 bytes)
Event: 104.660 Thread 0x000001839cb1f300 nmethod 17027 0x000001838b7f8f90 code [0x000001838b7f9160, 0x000001838b7f95a0]

GC Heap History (20 events):
Event: 102.926 GC heap before
{Heap before GC invocations=658 (full 3):
 PSYoungGen      total 1536K, used 1535K [0x00000000d5580000, 0x00000000d5c80000, 0x0000000100000000)
  eden space 1024K, 99% used [0x00000000d5580000,0x00000000d567ffc0,0x00000000d5680000)
  from space 512K, 100% used [0x00000000d5900000,0x00000000d5980000,0x00000000d5980000)
  to   space 2560K, 0% used [0x00000000d5680000,0x00000000d5680000,0x00000000d5900000)
 ParOldGen       total 402432K, used 402397K [0x0000000080000000, 0x0000000098900000, 0x00000000d5580000)
  object space 402432K, 99% used [0x0000000080000000,0x00000000988f7630,0x0000000098900000)
 Metaspace       used 75983K, committed 77760K, reserved 1179648K
  class space    used 7808K, committed 8576K, reserved 1048576K
}
Event: 102.930 GC heap after
{Heap after GC invocations=658 (full 3):
 PSYoungGen      total 1536K, used 448K [0x00000000d5580000, 0x00000000d5980000, 0x0000000100000000)
  eden space 1024K, 0% used [0x00000000d5580000,0x00000000d5580000,0x00000000d5680000)
  from space 512K, 87% used [0x00000000d5680000,0x00000000d56f0000,0x00000000d5700000)
  to   space 1024K, 0% used [0x00000000d5880000,0x00000000d5880000,0x00000000d5980000)
 ParOldGen       total 402944K, used 402861K [0x0000000080000000, 0x0000000098980000, 0x00000000d5580000)
  object space 402944K, 99% used [0x0000000080000000,0x000000009896b630,0x0000000098980000)
 Metaspace       used 75983K, committed 77760K, reserved 1179648K
  class space    used 7808K, committed 8576K, reserved 1048576K
}
Event: 103.106 GC heap before
{Heap before GC invocations=659 (full 3):
 PSYoungGen      total 1536K, used 1454K [0x00000000d5580000, 0x00000000d5980000, 0x0000000100000000)
  eden space 1024K, 98% used [0x00000000d5580000,0x00000000d567bb40,0x00000000d5680000)
  from space 512K, 87% used [0x00000000d5680000,0x00000000d56f0000,0x00000000d5700000)
  to   space 1024K, 0% used [0x00000000d5880000,0x00000000d5880000,0x00000000d5980000)
 ParOldGen       total 402944K, used 402861K [0x0000000080000000, 0x0000000098980000, 0x00000000d5580000)
  object space 402944K, 99% used [0x0000000080000000,0x000000009896b630,0x0000000098980000)
 Metaspace       used 75983K, committed 77760K, reserved 1179648K
  class space    used 7808K, committed 8576K, reserved 1048576K
}
Event: 103.110 GC heap after
{Heap after GC invocations=659 (full 3):
 PSYoungGen      total 1536K, used 288K [0x00000000d5580000, 0x00000000d5900000, 0x0000000100000000)
  eden space 1024K, 0% used [0x00000000d5580000,0x00000000d5580000,0x00000000d5680000)
  from space 512K, 56% used [0x00000000d5880000,0x00000000d58c8000,0x00000000d5900000)
  to   space 512K, 0% used [0x00000000d5680000,0x00000000d5680000,0x00000000d5700000)
 ParOldGen       total 403456K, used 403149K [0x0000000080000000, 0x0000000098a00000, 0x00000000d5580000)
  object space 403456K, 99% used [0x0000000080000000,0x00000000989b3630,0x0000000098a00000)
 Metaspace       used 75983K, committed 77760K, reserved 1179648K
  class space    used 7808K, committed 8576K, reserved 1048576K
}
Event: 103.692 GC heap before
{Heap before GC invocations=660 (full 3):
 PSYoungGen      total 1536K, used 1312K [0x00000000d5580000, 0x00000000d5900000, 0x0000000100000000)
  eden space 1024K, 100% used [0x00000000d5580000,0x00000000d5680000,0x00000000d5680000)
  from space 512K, 56% used [0x00000000d5880000,0x00000000d58c8000,0x00000000d5900000)
  to   space 512K, 0% used [0x00000000d5680000,0x00000000d5680000,0x00000000d5700000)
 ParOldGen       total 403456K, used 403149K [0x0000000080000000, 0x0000000098a00000, 0x00000000d5580000)
  object space 403456K, 99% used [0x0000000080000000,0x00000000989b3630,0x0000000098a00000)
 Metaspace       used 76025K, committed 77760K, reserved 1179648K
  class space    used 7808K, committed 8576K, reserved 1048576K
}
Event: 103.701 GC heap after
{Heap after GC invocations=660 (full 3):
 PSYoungGen      total 1536K, used 487K [0x00000000d5580000, 0x00000000d5900000, 0x0000000100000000)
  eden space 1024K, 0% used [0x00000000d5580000,0x00000000d5580000,0x00000000d5680000)
  from space 512K, 95% used [0x00000000d5680000,0x00000000d56f9e00,0x00000000d5700000)
  to   space 1024K, 0% used [0x00000000d5800000,0x00000000d5800000,0x00000000d5900000)
 ParOldGen       total 403456K, used 403437K [0x0000000080000000, 0x0000000098a00000, 0x00000000d5580000)
  object space 403456K, 99% used [0x0000000080000000,0x00000000989fb640,0x0000000098a00000)
 Metaspace       used 76025K, committed 77760K, reserved 1179648K
  class space    used 7808K, committed 8576K, reserved 1048576K
}
Event: 104.177 GC heap before
{Heap before GC invocations=661 (full 3):
 PSYoungGen      total 1536K, used 1510K [0x00000000d5580000, 0x00000000d5900000, 0x0000000100000000)
  eden space 1024K, 99% used [0x00000000d5580000,0x00000000d567fd70,0x00000000d5680000)
  from space 512K, 95% used [0x00000000d5680000,0x00000000d56f9e00,0x00000000d5700000)
  to   space 1024K, 0% used [0x00000000d5800000,0x00000000d5800000,0x00000000d5900000)
 ParOldGen       total 403456K, used 403437K [0x0000000080000000, 0x0000000098a00000, 0x00000000d5580000)
  object space 403456K, 99% used [0x0000000080000000,0x00000000989fb640,0x0000000098a00000)
 Metaspace       used 76176K, committed 77888K, reserved 1179648K
  class space    used 7818K, committed 8576K, reserved 1048576K
}
Event: 104.180 GC heap after
{Heap after GC invocations=661 (full 3):
 PSYoungGen      total 1536K, used 320K [0x00000000d5580000, 0x00000000d5880000, 0x0000000100000000)
  eden space 1024K, 0% used [0x00000000d5580000,0x00000000d5580000,0x00000000d5680000)
  from space 512K, 62% used [0x00000000d5800000,0x00000000d5850000,0x00000000d5880000)
  to   space 512K, 0% used [0x00000000d5680000,0x00000000d5680000,0x00000000d5700000)
 ParOldGen       total 403968K, used 403789K [0x0000000080000000, 0x0000000098a80000, 0x00000000d5580000)
  object space 403968K, 99% used [0x0000000080000000,0x0000000098a534c0,0x0000000098a80000)
 Metaspace       used 76176K, committed 77888K, reserved 1179648K
  class space    used 7818K, committed 8576K, reserved 1048576K
}
Event: 104.335 GC heap before
{Heap before GC invocations=662 (full 3):
 PSYoungGen      total 1536K, used 1344K [0x00000000d5580000, 0x00000000d5880000, 0x0000000100000000)
  eden space 1024K, 100% used [0x00000000d5580000,0x00000000d5680000,0x00000000d5680000)
  from space 512K, 62% used [0x00000000d5800000,0x00000000d5850000,0x00000000d5880000)
  to   space 512K, 0% used [0x00000000d5680000,0x00000000d5680000,0x00000000d5700000)
 ParOldGen       total 403968K, used 403789K [0x0000000080000000, 0x0000000098a80000, 0x00000000d5580000)
  object space 403968K, 99% used [0x0000000080000000,0x0000000098a534c0,0x0000000098a80000)
 Metaspace       used 76229K, committed 77952K, reserved 1179648K
  class space    used 7823K, committed 8576K, reserved 1048576K
}
Event: 104.338 GC heap after
{Heap after GC invocations=662 (full 3):
 PSYoungGen      total 1536K, used 432K [0x00000000d5580000, 0x00000000d5880000, 0x0000000100000000)
  eden space 1024K, 0% used [0x00000000d5580000,0x00000000d5580000,0x00000000d5680000)
  from space 512K, 84% used [0x00000000d5680000,0x00000000d56ec010,0x00000000d5700000)
  to   space 512K, 0% used [0x00000000d5800000,0x00000000d5800000,0x00000000d5880000)
 ParOldGen       total 403968K, used 403941K [0x0000000080000000, 0x0000000098a80000, 0x00000000d5580000)
  object space 403968K, 99% used [0x0000000080000000,0x0000000098a794c0,0x0000000098a80000)
 Metaspace       used 76229K, committed 77952K, reserved 1179648K
  class space    used 7823K, committed 8576K, reserved 1048576K
}
Event: 104.406 GC heap before
{Heap before GC invocations=663 (full 3):
 PSYoungGen      total 1536K, used 1456K [0x00000000d5580000, 0x00000000d5880000, 0x0000000100000000)
  eden space 1024K, 100% used [0x00000000d5580000,0x00000000d5680000,0x00000000d5680000)
  from space 512K, 84% used [0x00000000d5680000,0x00000000d56ec010,0x00000000d5700000)
  to   space 512K, 0% used [0x00000000d5800000,0x00000000d5800000,0x00000000d5880000)
 ParOldGen       total 403968K, used 403941K [0x0000000080000000, 0x0000000098a80000, 0x00000000d5580000)
  object space 403968K, 99% used [0x0000000080000000,0x0000000098a794c0,0x0000000098a80000)
 Metaspace       used 76234K, committed 77952K, reserved 1179648K
  class space    used 7824K, committed 8576K, reserved 1048576K
}
Event: 104.408 GC heap after
{Heap after GC invocations=663 (full 3):
 PSYoungGen      total 1536K, used 512K [0x00000000d5580000, 0x00000000d5980000, 0x0000000100000000)
  eden space 1024K, 0% used [0x00000000d5580000,0x00000000d5580000,0x00000000d5680000)
  from space 512K, 100% used [0x00000000d5800000,0x00000000d5880000,0x00000000d5880000)
  to   space 1536K, 0% used [0x00000000d5680000,0x00000000d5680000,0x00000000d5800000)
 ParOldGen       total 404992K, used 404544K [0x0000000080000000, 0x0000000098b80000, 0x00000000d5580000)
  object space 404992K, 99% used [0x0000000080000000,0x0000000098b10288,0x0000000098b80000)
 Metaspace       used 76234K, committed 77952K, reserved 1179648K
  class space    used 7824K, committed 8576K, reserved 1048576K
}
Event: 104.525 GC heap before
{Heap before GC invocations=664 (full 3):
 PSYoungGen      total 1536K, used 1536K [0x00000000d5580000, 0x00000000d5980000, 0x0000000100000000)
  eden space 1024K, 100% used [0x00000000d5580000,0x00000000d5680000,0x00000000d5680000)
  from space 512K, 100% used [0x00000000d5800000,0x00000000d5880000,0x00000000d5880000)
  to   space 1536K, 0% used [0x00000000d5680000,0x00000000d5680000,0x00000000d5800000)
 ParOldGen       total 404992K, used 404544K [0x0000000080000000, 0x0000000098b80000, 0x00000000d5580000)
  object space 404992K, 99% used [0x0000000080000000,0x0000000098b10288,0x0000000098b80000)
 Metaspace       used 76307K, committed 78016K, reserved 1179648K
  class space    used 7834K, committed 8576K, reserved 1048576K
}
Event: 104.529 GC heap after
{Heap after GC invocations=664 (full 3):
 PSYoungGen      total 1536K, used 384K [0x00000000d5580000, 0x00000000d5880000, 0x0000000100000000)
  eden space 1024K, 0% used [0x00000000d5580000,0x00000000d5580000,0x00000000d5680000)
  from space 512K, 75% used [0x00000000d5680000,0x00000000d56e0390,0x00000000d5700000)
  to   space 1024K, 0% used [0x00000000d5780000,0x00000000d5780000,0x00000000d5880000)
 ParOldGen       total 405504K, used 405080K [0x0000000080000000, 0x0000000098c00000, 0x00000000d5580000)
  object space 405504K, 99% used [0x0000000080000000,0x0000000098b96288,0x0000000098c00000)
 Metaspace       used 76307K, committed 78016K, reserved 1179648K
  class space    used 7834K, committed 8576K, reserved 1048576K
}
Event: 104.604 GC heap before
{Heap before GC invocations=665 (full 3):
 PSYoungGen      total 1536K, used 1408K [0x00000000d5580000, 0x00000000d5880000, 0x0000000100000000)
  eden space 1024K, 100% used [0x00000000d5580000,0x00000000d5680000,0x00000000d5680000)
  from space 512K, 75% used [0x00000000d5680000,0x00000000d56e0390,0x00000000d5700000)
  to   space 1024K, 0% used [0x00000000d5780000,0x00000000d5780000,0x00000000d5880000)
 ParOldGen       total 405504K, used 405080K [0x0000000080000000, 0x0000000098c00000, 0x00000000d5580000)
  object space 405504K, 99% used [0x0000000080000000,0x0000000098b96288,0x0000000098c00000)
 Metaspace       used 76312K, committed 78016K, reserved 1179648K
  class space    used 7836K, committed 8576K, reserved 1048576K
}
Event: 104.607 GC heap after
{Heap after GC invocations=665 (full 3):
 PSYoungGen      total 1536K, used 282K [0x00000000d5580000, 0x00000000d5800000, 0x0000000100000000)
  eden space 1024K, 0% used [0x00000000d5580000,0x00000000d5580000,0x00000000d5680000)
  from space 512K, 55% used [0x00000000d5780000,0x00000000d57c6900,0x00000000d5800000)
  to   space 512K, 0% used [0x00000000d5680000,0x00000000d5680000,0x00000000d5700000)
 ParOldGen       total 405504K, used 405244K [0x0000000080000000, 0x0000000098c00000, 0x00000000d5580000)
  object space 405504K, 99% used [0x0000000080000000,0x0000000098bbf298,0x0000000098c00000)
 Metaspace       used 76312K, committed 78016K, reserved 1179648K
  class space    used 7836K, committed 8576K, reserved 1048576K
}
Event: 104.824 GC heap before
{Heap before GC invocations=666 (full 3):
 PSYoungGen      total 1536K, used 1306K [0x00000000d5580000, 0x00000000d5800000, 0x0000000100000000)
  eden space 1024K, 100% used [0x00000000d5580000,0x00000000d5680000,0x00000000d5680000)
  from space 512K, 55% used [0x00000000d5780000,0x00000000d57c6900,0x00000000d5800000)
  to   space 512K, 0% used [0x00000000d5680000,0x00000000d5680000,0x00000000d5700000)
 ParOldGen       total 405504K, used 405244K [0x0000000080000000, 0x0000000098c00000, 0x00000000d5580000)
  object space 405504K, 99% used [0x0000000080000000,0x0000000098bbf298,0x0000000098c00000)
 Metaspace       used 76314K, committed 78016K, reserved 1179648K
  class space    used 7836K, committed 8576K, reserved 1048576K
}
Event: 104.837 GC heap after
{Heap after GC invocations=666 (full 3):
 PSYoungGen      total 1536K, used 368K [0x00000000d5580000, 0x00000000d5800000, 0x0000000100000000)
  eden space 1024K, 0% used [0x00000000d5580000,0x00000000d5580000,0x00000000d5680000)
  from space 512K, 71% used [0x00000000d5680000,0x00000000d56dc010,0x00000000d5700000)
  to   space 512K, 0% used [0x00000000d5780000,0x00000000d5780000,0x00000000d5800000)
 ParOldGen       total 405504K, used 405369K [0x0000000080000000, 0x0000000098c00000, 0x00000000d5580000)
  object space 405504K, 99% used [0x0000000080000000,0x0000000098bde498,0x0000000098c00000)
 Metaspace       used 76314K, committed 78016K, reserved 1179648K
  class space    used 7836K, committed 8576K, reserved 1048576K
}
Event: 104.887 GC heap before
{Heap before GC invocations=667 (full 3):
 PSYoungGen      total 1536K, used 1392K [0x00000000d5580000, 0x00000000d5800000, 0x0000000100000000)
  eden space 1024K, 100% used [0x00000000d5580000,0x00000000d5680000,0x00000000d5680000)
  from space 512K, 71% used [0x00000000d5680000,0x00000000d56dc010,0x00000000d5700000)
  to   space 512K, 0% used [0x00000000d5780000,0x00000000d5780000,0x00000000d5800000)
 ParOldGen       total 405504K, used 405369K [0x0000000080000000, 0x0000000098c00000, 0x00000000d5580000)
  object space 405504K, 99% used [0x0000000080000000,0x0000000098bde498,0x0000000098c00000)
 Metaspace       used 76325K, committed 78080K, reserved 1179648K
  class space    used 7836K, committed 8576K, reserved 1048576K
}
Event: 104.888 GC heap after
{Heap after GC invocations=667 (full 3):
 PSYoungGen      total 1536K, used 416K [0x00000000d5580000, 0x00000000d5800000, 0x0000000100000000)
  eden space 1024K, 0% used [0x00000000d5580000,0x00000000d5580000,0x00000000d5680000)
  from space 512K, 81% used [0x00000000d5780000,0x00000000d57e8000,0x00000000d5800000)
  to   space 512K, 0% used [0x00000000d5680000,0x00000000d5680000,0x00000000d5700000)
 ParOldGen       total 406016K, used 405577K [0x0000000080000000, 0x0000000098c80000, 0x00000000d5580000)
  object space 406016K, 99% used [0x0000000080000000,0x0000000098c124c8,0x0000000098c80000)
 Metaspace       used 76325K, committed 78080K, reserved 1179648K
  class space    used 7836K, committed 8576K, reserved 1048576K
}

Dll operation events (10 events):
Event: 0.016 Loaded shared library c:\Users\PCWORLD\.vscode\extensions\redhat.java-1.53.0-win32-x64\jre\21.0.10-win32-x86_64\bin\java.dll
Event: 0.098 Loaded shared library c:\Users\PCWORLD\.vscode\extensions\redhat.java-1.53.0-win32-x64\jre\21.0.10-win32-x86_64\bin\zip.dll
Event: 0.128 Loaded shared library C:\Users\PCWORLD\.vscode\extensions\redhat.java-1.53.0-win32-x64\jre\21.0.10-win32-x86_64\bin\instrument.dll
Event: 0.132 Loaded shared library C:\Users\PCWORLD\.vscode\extensions\redhat.java-1.53.0-win32-x64\jre\21.0.10-win32-x86_64\bin\net.dll
Event: 0.134 Loaded shared library C:\Users\PCWORLD\.vscode\extensions\redhat.java-1.53.0-win32-x64\jre\21.0.10-win32-x86_64\bin\nio.dll
Event: 0.137 Loaded shared library C:\Users\PCWORLD\.vscode\extensions\redhat.java-1.53.0-win32-x64\jre\21.0.10-win32-x86_64\bin\zip.dll
Event: 0.156 Loaded shared library C:\Users\PCWORLD\.vscode\extensions\redhat.java-1.53.0-win32-x64\jre\21.0.10-win32-x86_64\bin\jimage.dll
Event: 0.223 Loaded shared library c:\Users\PCWORLD\.vscode\extensions\redhat.java-1.53.0-win32-x64\jre\21.0.10-win32-x86_64\bin\verify.dll
Event: 1.572 Loaded shared library C:\Users\PCWORLD\AppData\Roaming\Code\User\globalStorage\redhat.java\1.53.0\config_win\org.eclipse.equinox.launcher\org.eclipse.equinox.launcher.win32.win32.x86_64_1.3.0.v20260203-2149\eclipse_11919.dll
Event: 3.617 Loaded shared library C:\Users\PCWORLD\AppData\Local\Temp\jna--13215393\jna12639137225032641741.dll

Deoptimization events (20 events):
Event: 103.139 Thread 0x00000183e62242f0 Uncommon trap: trap_request=0xffffffbe fr.pc=0x0000018391a16a40 relative=0x0000000000000120
Event: 103.140 Thread 0x00000183e62242f0 Uncommon trap: reason=profile_predicate action=maybe_recompile pc=0x0000018391a16a40 method=org.eclipse.jdt.core.compiler.CharOperation.splitAndTrimOn(C[C)[[C @ 175 c2
Event: 103.142 Thread 0x00000183e62242f0 DEOPT PACKING pc=0x0000018391a16a40 sp=0x0000007ac29fe4d0
Event: 103.142 Thread 0x00000183e62242f0 DEOPT UNPACKING pc=0x0000018390833aa2 sp=0x0000007ac29fe438 mode 2
Event: 103.142 Thread 0x00000183e62242f0 Uncommon trap: trap_request=0xffffffbe fr.pc=0x0000018391a16a40 relative=0x0000000000000120
Event: 103.142 Thread 0x00000183e62242f0 Uncommon trap: reason=profile_predicate action=maybe_recompile pc=0x0000018391a16a40 method=org.eclipse.jdt.core.compiler.CharOperation.splitAndTrimOn(C[C)[[C @ 175 c2
Event: 103.142 Thread 0x00000183e62242f0 DEOPT PACKING pc=0x0000018391a16a40 sp=0x0000007ac29fe4d0
Event: 103.142 Thread 0x00000183e62242f0 DEOPT UNPACKING pc=0x0000018390833aa2 sp=0x0000007ac29fe438 mode 2
Event: 103.142 Thread 0x00000183e62242f0 Uncommon trap: trap_request=0xffffffbe fr.pc=0x0000018391a16a40 relative=0x0000000000000120
Event: 103.142 Thread 0x00000183e62242f0 Uncommon trap: reason=profile_predicate action=maybe_recompile pc=0x0000018391a16a40 method=org.eclipse.jdt.core.compiler.CharOperation.splitAndTrimOn(C[C)[[C @ 175 c2
Event: 103.142 Thread 0x00000183e62242f0 DEOPT PACKING pc=0x0000018391a16a40 sp=0x0000007ac29fe4d0
Event: 103.142 Thread 0x00000183e62242f0 DEOPT UNPACKING pc=0x0000018390833aa2 sp=0x0000007ac29fe438 mode 2
Event: 103.142 Thread 0x00000183e62242f0 Uncommon trap: trap_request=0xffffff45 fr.pc=0x0000018391918e30 relative=0x0000000000000fb0
Event: 103.142 Thread 0x00000183e62242f0 Uncommon trap: reason=unstable_if action=reinterpret pc=0x0000018391918e30 method=org.eclipse.jdt.internal.compiler.parser.Scanner.getNextToken0()Lorg/eclipse/jdt/internal/compiler/parser/TerminalToken; @ 493 c2
Event: 103.142 Thread 0x00000183e62242f0 DEOPT PACKING pc=0x0000018391918e30 sp=0x0000007ac29fe280
Event: 103.142 Thread 0x00000183e62242f0 DEOPT UNPACKING pc=0x0000018390833aa2 sp=0x0000007ac29fe1b8 mode 2
Event: 104.509 Thread 0x00000183e62242f0 Uncommon trap: trap_request=0xffffffbe fr.pc=0x0000018391a16a40 relative=0x0000000000000120
Event: 104.509 Thread 0x00000183e62242f0 Uncommon trap: reason=profile_predicate action=maybe_recompile pc=0x0000018391a16a40 method=org.eclipse.jdt.core.compiler.CharOperation.splitAndTrimOn(C[C)[[C @ 175 c2
Event: 104.511 Thread 0x00000183e62242f0 DEOPT PACKING pc=0x0000018391a16a40 sp=0x0000007ac29febe0
Event: 104.511 Thread 0x00000183e62242f0 DEOPT UNPACKING pc=0x0000018390833aa2 sp=0x0000007ac29feb48 mode 2

Classes loaded (20 events):
Event: 49.091 Loading class java/util/stream/ReferencePipeline$15
Event: 49.092 Loading class java/util/stream/ReferencePipeline$15 done
Event: 49.093 Loading class java/util/stream/ReferencePipeline$15$1
Event: 49.093 Loading class java/util/stream/ReferencePipeline$15$1 done
Event: 49.340 Loading class java/lang/MatchException
Event: 49.340 Loading class java/lang/MatchException done
Event: 88.562 Loading class org/xml/sax/SAXNotRecognizedException
Event: 88.563 Loading class org/xml/sax/SAXNotRecognizedException done
Event: 88.564 Loading class org/xml/sax/SAXNotSupportedException
Event: 88.565 Loading class org/xml/sax/SAXNotSupportedException done
Event: 89.211 Loading class com/sun/org/apache/xerces/internal/util/URI
Event: 89.668 Loading class com/sun/org/apache/xerces/internal/util/URI done
Event: 89.793 Loading class com/sun/org/apache/xerces/internal/xni/XNIException
Event: 89.810 Loading class com/sun/org/apache/xerces/internal/xni/XNIException done
Event: 91.276 Loading class com/sun/org/apache/xerces/internal/xni/parser/XMLParseException
Event: 91.417 Loading class com/sun/org/apache/xerces/internal/xni/parser/XMLParseException done
Event: 94.430 Loading class jdk/internal/module/IllegalAccessLogger
Event: 94.430 Loading class jdk/internal/module/IllegalAccessLogger done
Event: 97.236 Loading class java/nio/BufferMismatch
Event: 97.254 Loading class java/nio/BufferMismatch done

Classes unloaded (7 events):
Event: 4.416 Thread 0x000001839cb026e0 Unloading class 0x000001839e1a8800 'java/lang/invoke/LambdaForm$MH+0x000001839e1a8800'
Event: 4.416 Thread 0x000001839cb026e0 Unloading class 0x000001839e1a8400 'java/lang/invoke/LambdaForm$MH+0x000001839e1a8400'
Event: 4.416 Thread 0x000001839cb026e0 Unloading class 0x000001839e1a8000 'java/lang/invoke/LambdaForm$MH+0x000001839e1a8000'
Event: 4.416 Thread 0x000001839cb026e0 Unloading class 0x000001839e1a7c00 'java/lang/invoke/LambdaForm$MH+0x000001839e1a7c00'
Event: 4.416 Thread 0x000001839cb026e0 Unloading class 0x000001839e1a7800 'java/lang/invoke/LambdaForm$BMH+0x000001839e1a7800'
Event: 4.416 Thread 0x000001839cb026e0 Unloading class 0x000001839e1a7400 'java/lang/invoke/LambdaForm$DMH+0x000001839e1a7400'
Event: 4.416 Thread 0x000001839cb026e0 Unloading class 0x000001839e1a6000 'java/lang/invoke/LambdaForm$DMH+0x000001839e1a6000'

Classes redefined (0 events):
No events

Internal exceptions (20 events):
Event: 30.834 Thread 0x00000183e6227770 Implicit null exception at 0x000001839162f5c6 to 0x0000018391630ef8
Event: 31.807 Thread 0x00000183e4c56d90 Exception <a 'sun/nio/fs/WindowsException'{0x00000000d6363c58}> (0x00000000d6363c58) 
thrown [s\src\hotspot\share\prims\jni.cpp, line 520]
Event: 31.807 Thread 0x00000183e4c56d90 Exception <a 'sun/nio/fs/WindowsException'{0x00000000d63644d8}> (0x00000000d63644d8) 
thrown [s\src\hotspot\share\prims\jni.cpp, line 520]
Event: 31.808 Thread 0x00000183e4c56d90 Exception <a 'sun/nio/fs/WindowsException'{0x00000000d63655b0}> (0x00000000d63655b0) 
thrown [s\src\hotspot\share\prims\jni.cpp, line 520]
Event: 31.808 Thread 0x00000183e4c56d90 Exception <a 'sun/nio/fs/WindowsException'{0x00000000d6365be0}> (0x00000000d6365be0) 
thrown [s\src\hotspot\share\prims\jni.cpp, line 520]
Event: 31.808 Thread 0x00000183e4c56d90 Exception <a 'sun/nio/fs/WindowsException'{0x00000000d6366cd0}> (0x00000000d6366cd0) 
thrown [s\src\hotspot\share\prims\jni.cpp, line 520]
Event: 31.809 Thread 0x00000183e4c56d90 Exception <a 'sun/nio/fs/WindowsException'{0x00000000d6367550}> (0x00000000d6367550) 
thrown [s\src\hotspot\share\prims\jni.cpp, line 520]
Event: 31.810 Thread 0x00000183e4c56d90 Exception <a 'sun/nio/fs/WindowsException'{0x00000000d63693e8}> (0x00000000d63693e8) 
thrown [s\src\hotspot\share\prims\jni.cpp, line 520]
Event: 31.810 Thread 0x00000183e4c56d90 Exception <a 'sun/nio/fs/WindowsException'{0x00000000d6369c68}> (0x00000000d6369c68) 
thrown [s\src\hotspot\share\prims\jni.cpp, line 520]
Event: 31.812 Thread 0x00000183e4c56d90 Exception <a 'sun/nio/fs/WindowsException'{0x00000000d636ad40}> (0x00000000d636ad40) 
thrown [s\src\hotspot\share\prims\jni.cpp, line 520]
Event: 31.812 Thread 0x00000183e4c56d90 Exception <a 'sun/nio/fs/WindowsException'{0x00000000d636b370}> (0x00000000d636b370) 
thrown [s\src\hotspot\share\prims\jni.cpp, line 520]
Event: 32.171 Thread 0x00000183e4c56d90 Exception <a 'java/lang/NoSuchMethodError'{0x00000000d6440a48}: 'java.lang.Object java.lang.invoke.DirectMethodHandle$Holder.invokeStatic(java.lang.Object, java.lang.Object, int, java.lang.Object)'> (0x00000000d6440a48) 
thrown [s\src\hotspot\share\interpreter\linkResolver.cpp, line 773]
Event: 48.874 Thread 0x00000183e69fde30 Exception <a 'java/lang/IncompatibleClassChangeError'{0x00000000d6487248}: Found class java.lang.Object, but interface was expected> (0x00000000d6487248) 
thrown [s\src\hotspot\share\interpreter\linkResolver.cpp, line 840]
Event: 48.983 Thread 0x00000183e6224980 Implicit null exception at 0x000001839138f16f to 0x000001839138f570
Event: 49.241 Thread 0x00000183e62242f0 Exception <a 'java/lang/NoSuchMethodError'{0x00000000d594fb58}: 'java.lang.Object java.lang.invoke.DirectMethodHandle$Holder.invokeSpecial(java.lang.Object, java.lang.Object, java.lang.Object, int, int)'> (0x00000000d594fb58) 
thrown [s\src\hotspot\share\interpreter\linkResolver.cpp, line 773]
Event: 49.241 Thread 0x00000183e62242f0 Exception <a 'java/lang/NoSuchMethodError'{0x00000000d5953678}: 'java.lang.Object java.lang.invoke.Invokers$Holder.linkToTargetMethod(java.lang.Object, int, int, java.lang.Object)'> (0x00000000d5953678) 
thrown [s\src\hotspot\share\interpreter\linkResolver.cpp, line 773]
Event: 49.288 Thread 0x00000183e62242f0 Exception <a 'java/lang/NoSuchMethodError'{0x00000000d5c1a0e8}: 'int java.lang.invoke.DirectMethodHandle$Holder.invokeSpecial(java.lang.Object, java.lang.Object, java.lang.Object, java.lang.Object, java.lang.Object)'> (0x00000000d5c1a0e8) 
thrown [s\src\hotspot\share\interpreter\linkResolver.cpp, line 773]
Event: 89.298 Thread 0x00000183e4c55350 Exception <a 'sun/nio/fs/WindowsException'{0x00000000d599cfb8}> (0x00000000d599cfb8) 
thrown [s\src\hotspot\share\prims\jni.cpp, line 520]
Event: 94.317 Thread 0x00000183e4c55350 Exception <a 'sun/nio/fs/WindowsException'{0x00000000d5723e60}> (0x00000000d5723e60) 
thrown [s\src\hotspot\share\prims\jni.cpp, line 520]
Event: 97.995 Thread 0x00000183e4c55350 Exception <a 'sun/nio/fs/WindowsException'{0x00000000d56c9670}> (0x00000000d56c9670) 
thrown [s\src\hotspot\share\prims\jni.cpp, line 520]

ZGC Phase Switch (0 events):
No events

VM Operations (20 events):
Event: 102.926 Executing safepoint VM operation: ParallelGCFailedAllocation (Allocation Failure)
Event: 102.930 Executing safepoint VM operation: ParallelGCFailedAllocation (Allocation Failure) done
Event: 103.106 Executing safepoint VM operation: ParallelGCFailedAllocation (Allocation Failure)
Event: 103.110 Executing safepoint VM operation: ParallelGCFailedAllocation (Allocation Failure) done
Event: 103.439 Executing safepoint VM operation: ParallelGCFailedAllocation (Allocation Failure)
Event: 103.701 Executing safepoint VM operation: ParallelGCFailedAllocation (Allocation Failure) done
Event: 104.137 Executing safepoint VM operation: ParallelGCFailedAllocation (Allocation Failure)
Event: 104.180 Executing safepoint VM operation: ParallelGCFailedAllocation (Allocation Failure) done
Event: 104.323 Executing safepoint VM operation: ParallelGCFailedAllocation (Allocation Failure)
Event: 104.338 Executing safepoint VM operation: ParallelGCFailedAllocation (Allocation Failure) done
Event: 104.405 Executing safepoint VM operation: ParallelGCFailedAllocation (Allocation Failure)
Event: 104.408 Executing safepoint VM operation: ParallelGCFailedAllocation (Allocation Failure) done
Event: 104.516 Executing safepoint VM operation: ParallelGCFailedAllocation (Allocation Failure)
Event: 104.530 Executing safepoint VM operation: ParallelGCFailedAllocation (Allocation Failure) done
Event: 104.574 Executing safepoint VM operation: ParallelGCFailedAllocation (Allocation Failure)
Event: 104.607 Executing safepoint VM operation: ParallelGCFailedAllocation (Allocation Failure) done
Event: 104.660 Executing safepoint VM operation: ParallelGCFailedAllocation (Allocation Failure)
Event: 104.837 Executing safepoint VM operation: ParallelGCFailedAllocation (Allocation Failure) done
Event: 104.867 Executing safepoint VM operation: ParallelGCFailedAllocation (Allocation Failure)
Event: 104.888 Executing safepoint VM operation: ParallelGCFailedAllocation (Allocation Failure) done

Memory protections (0 events):
No events

Nmethod flushes (20 events):
Event: 15.226 Thread 0x000001839cb026e0 flushing  nmethod 0x0000018389bb8990
Event: 15.226 Thread 0x000001839cb026e0 flushing  nmethod 0x0000018389bb9090
Event: 15.226 Thread 0x000001839cb026e0 flushing  nmethod 0x0000018389bb9410
Event: 15.226 Thread 0x000001839cb026e0 flushing  nmethod 0x0000018389bbb790
Event: 15.226 Thread 0x000001839cb026e0 flushing  nmethod 0x0000018389bd6b90
Event: 15.226 Thread 0x000001839cb026e0 flushing  nmethod 0x0000018389bdef10
Event: 15.226 Thread 0x000001839cb026e0 flushing  nmethod 0x0000018389bf9210
Event: 15.226 Thread 0x000001839cb026e0 flushing  nmethod 0x0000018389c3a190
Event: 15.226 Thread 0x000001839cb026e0 flushing  nmethod 0x0000018389c3a810
Event: 15.226 Thread 0x000001839cb026e0 flushing  nmethod 0x0000018389c45090
Event: 15.226 Thread 0x000001839cb026e0 flushing  nmethod 0x0000018389c46990
Event: 15.226 Thread 0x000001839cb026e0 flushing  nmethod 0x0000018389c54b90
Event: 15.226 Thread 0x000001839cb026e0 flushing  nmethod 0x0000018389c55310
Event: 15.226 Thread 0x000001839cb026e0 flushing  nmethod 0x0000018389c55690
Event: 15.226 Thread 0x000001839cb026e0 flushing  nmethod 0x0000018389c55a10
Event: 15.226 Thread 0x000001839cb026e0 flushing  nmethod 0x0000018389c55f90
Event: 15.226 Thread 0x000001839cb026e0 flushing  nmethod 0x0000018389c57510
Event: 15.226 Thread 0x000001839cb026e0 flushing  nmethod 0x0000018389c5d510
Event: 15.226 Thread 0x000001839cb026e0 flushing  nmethod 0x0000018389c63490
Event: 15.226 Thread 0x000001839cb026e0 flushing  nmethod 0x0000018389c6a590

Events (20 events):
Event: 23.406 Thread 0x00000183e62242f0 Thread exited: 0x00000183e62242f0
Event: 23.406 Thread 0x00000183e6229ed0 Thread exited: 0x00000183e6229ed0
Event: 23.407 Thread 0x00000183e622a560 Thread exited: 0x00000183e622a560
Event: 23.407 Thread 0x00000183e62291b0 Thread exited: 0x00000183e62291b0
Event: 23.407 Thread 0x00000183e62235d0 Thread exited: 0x00000183e62235d0
Event: 24.496 Thread 0x00000183e69fde30 Thread added: 0x00000183e62235d0
Event: 24.502 Thread 0x00000183e69fde30 Thread added: 0x00000183e6229ed0
Event: 24.505 Thread 0x00000183e6229ed0 Thread added: 0x00000183e62242f0
Event: 24.507 Thread 0x00000183e62242f0 Thread added: 0x00000183e6227e00
Event: 24.510 Thread 0x00000183e6227e00 Thread added: 0x00000183e6224980
Event: 24.511 Thread 0x00000183e6224980 Thread added: 0x00000183e6227770
Event: 25.180 Thread 0x00000183e69fde30 Thread added: 0x00000183e6228490
Event: 28.005 Thread 0x00000183e5f8b310 Thread exited: 0x00000183e5f8b310
Event: 37.958 Thread 0x00000183e4e985d0 Thread exited: 0x00000183e4e985d0
Event: 53.772 Thread 0x000001839cb1e7b0 Thread added: 0x00000183ebc3abb0
Event: 59.153 Thread 0x00000183ebc3abb0 Thread exited: 0x00000183ebc3abb0
Event: 86.388 Thread 0x00000183e69fe4c0 Thread exited: 0x00000183e69fe4c0
Event: 87.249 Thread 0x00000183e7503680 Thread exited: 0x00000183e7503680
Event: 92.129 Thread 0x00000183e6226a50 Thread exited: 0x00000183e6226a50
Event: 94.445 Thread 0x00000183e69fd7a0 Thread added: 0x00000183e6225010


Dynamic libraries:
0x00007ff6ae3b0000 - 0x00007ff6ae3be000 	c:\Users\PCWORLD\.vscode\extensions\redhat.java-1.53.0-win32-x64\jre\21.0.10-win32-x86_64\bin\java.exe
0x00007ffefb620000 - 0x00007ffefb829000 	C:\Windows\SYSTEM32\ntdll.dll
0x00007ffefaea0000 - 0x00007ffefaf5d000 	C:\Windows\System32\KERNEL32.DLL
0x00007ffef8f50000 - 0x00007ffef92d4000 	C:\Windows\System32\KERNELBASE.dll
0x00007ffef92e0000 - 0x00007ffef93f1000 	C:\Windows\System32\ucrtbase.dll
0x00007ffedbe00000 - 0x00007ffedbe18000 	c:\Users\PCWORLD\.vscode\extensions\redhat.java-1.53.0-win32-x64\jre\21.0.10-win32-x86_64\bin\jli.dll
0x00007ffefa040000 - 0x00007ffefa1ed000 	C:\Windows\System32\USER32.dll
0x00007ffef8e00000 - 0x00007ffef8e26000 	C:\Windows\System32\win32u.dll
0x00007ffefa570000 - 0x00007ffefa59a000 	C:\Windows\System32\GDI32.dll
0x00007ffef8e30000 - 0x00007ffef8f4e000 	C:\Windows\System32\gdi32full.dll
0x00007ffef8ab0000 - 0x00007ffef8b4d000 	C:\Windows\System32\msvcp_win.dll
0x00007ffedfac0000 - 0x00007ffedfade000 	c:\Users\PCWORLD\.vscode\extensions\redhat.java-1.53.0-win32-x64\jre\21.0.10-win32-x86_64\bin\VCRUNTIME140.dll
0x00007ffee4b50000 - 0x00007ffee4df5000 	C:\Windows\WinSxS\amd64_microsoft.windows.common-controls_6595b64144ccf1df_6.0.22000.120_none_9d947278b86cc467\COMCTL32.dll
0x00007ffefa690000 - 0x00007ffefa733000 	C:\Windows\System32\msvcrt.dll
0x00007ffefb290000 - 0x00007ffefb2c1000 	C:\Windows\System32\IMM32.DLL
0x00007ffee6100000 - 0x00007ffee610c000 	c:\Users\PCWORLD\.vscode\extensions\redhat.java-1.53.0-win32-x64\jre\21.0.10-win32-x86_64\bin\vcruntime140_1.dll
0x00007ffec7780000 - 0x00007ffec780d000 	c:\Users\PCWORLD\.vscode\extensions\redhat.java-1.53.0-win32-x64\jre\21.0.10-win32-x86_64\bin\msvcp140.dll
0x00007ffea6820000 - 0x00007ffea75c1000 	c:\Users\PCWORLD\.vscode\extensions\redhat.java-1.53.0-win32-x64\jre\21.0.10-win32-x86_64\bin\server\jvm.dll
0x00007ffefb2d0000 - 0x00007ffefb37e000 	C:\Windows\System32\ADVAPI32.dll
0x00007ffefb540000 - 0x00007ffefb5de000 	C:\Windows\System32\sechost.dll
0x00007ffefa8f0000 - 0x00007ffefaa11000 	C:\Windows\System32\RPCRT4.dll
0x00007ffefb4d0000 - 0x00007ffefb53f000 	C:\Windows\System32\WS2_32.dll
0x00007ffef8980000 - 0x00007ffef89cd000 	C:\Windows\SYSTEM32\POWRPROF.dll
0x00007ffeefe00000 - 0x00007ffeefe33000 	C:\Windows\SYSTEM32\WINMM.dll
0x00007ffeeb9f0000 - 0x00007ffeeb9fa000 	C:\Windows\SYSTEM32\VERSION.dll
0x00007ffef88b0000 - 0x00007ffef88c3000 	C:\Windows\SYSTEM32\UMPDC.dll
0x00007ffef7ae0000 - 0x00007ffef7af8000 	C:\Windows\SYSTEM32\kernel.appcore.dll
0x00007ffee4aa0000 - 0x00007ffee4aaa000 	c:\Users\PCWORLD\.vscode\extensions\redhat.java-1.53.0-win32-x64\jre\21.0.10-win32-x86_64\bin\jimage.dll
0x00007ffef5c20000 - 0x00007ffef5e41000 	C:\Windows\SYSTEM32\DBGHELP.DLL
0x00007ffee2b60000 - 0x00007ffee2b91000 	C:\Windows\SYSTEM32\dbgcore.DLL
0x00007ffef8b50000 - 0x00007ffef8bcf000 	C:\Windows\System32\bcryptPrimitives.dll
0x00007ffee0a50000 - 0x00007ffee0a5f000 	c:\Users\PCWORLD\.vscode\extensions\redhat.java-1.53.0-win32-x64\jre\21.0.10-win32-x86_64\bin\instrument.dll
0x00007ffedbcb0000 - 0x00007ffedbcd0000 	c:\Users\PCWORLD\.vscode\extensions\redhat.java-1.53.0-win32-x64\jre\21.0.10-win32-x86_64\bin\java.dll
0x00007ffef9780000 - 0x00007ffef9f45000 	C:\Windows\System32\SHELL32.dll
0x00007ffef6b40000 - 0x00007ffef73a2000 	C:\Windows\SYSTEM32\windows.storage.dll
0x00007ffefa1f0000 - 0x00007ffefa566000 	C:\Windows\System32\combase.dll
0x00007ffef69d0000 - 0x00007ffef6b37000 	C:\Windows\SYSTEM32\wintypes.dll
0x00007ffefa5a0000 - 0x00007ffefa68a000 	C:\Windows\System32\SHCORE.dll
0x00007ffefaf60000 - 0x00007ffefafbd000 	C:\Windows\System32\shlwapi.dll
0x00007ffef89e0000 - 0x00007ffef8a05000 	C:\Windows\SYSTEM32\profapi.dll
0x00007ffeda730000 - 0x00007ffeda748000 	c:\Users\PCWORLD\.vscode\extensions\redhat.java-1.53.0-win32-x64\jre\21.0.10-win32-x86_64\bin\zip.dll
0x00007ffee0a40000 - 0x00007ffee0a50000 	C:\Users\PCWORLD\.vscode\extensions\redhat.java-1.53.0-win32-x64\jre\21.0.10-win32-x86_64\bin\net.dll
0x00007ffeeffc0000 - 0x00007ffef00d4000 	C:\Windows\SYSTEM32\WINHTTP.dll
0x00007ffef7f80000 - 0x00007ffef7fe7000 	C:\Windows\system32\mswsock.dll
0x00007ffedaa20000 - 0x00007ffedaa36000 	C:\Users\PCWORLD\.vscode\extensions\redhat.java-1.53.0-win32-x64\jre\21.0.10-win32-x86_64\bin\nio.dll
0x00007ffee06f0000 - 0x00007ffee0700000 	c:\Users\PCWORLD\.vscode\extensions\redhat.java-1.53.0-win32-x64\jre\21.0.10-win32-x86_64\bin\verify.dll
0x00007ffeca1a0000 - 0x00007ffeca1e5000 	C:\Users\PCWORLD\AppData\Roaming\Code\User\globalStorage\redhat.java\1.53.0\config_win\org.eclipse.equinox.launcher\org.eclipse.equinox.launcher.win32.win32.x86_64_1.3.0.v20260203-2149\eclipse_11919.dll
0x00007ffefafe0000 - 0x00007ffefb17a000 	C:\Windows\System32\ole32.dll
0x00007ffef8250000 - 0x00007ffef8268000 	C:\Windows\SYSTEM32\CRYPTSP.dll
0x00007ffef7a40000 - 0x00007ffef7a75000 	C:\Windows\system32\rsaenh.dll
0x00007ffef8020000 - 0x00007ffef804c000 	C:\Windows\SYSTEM32\USERENV.dll
0x00007ffef8400000 - 0x00007ffef8427000 	C:\Windows\SYSTEM32\bcrypt.dll
0x00007ffef8170000 - 0x00007ffef817c000 	C:\Windows\SYSTEM32\CRYPTBASE.dll
0x00007ffef7600000 - 0x00007ffef762d000 	C:\Windows\SYSTEM32\IPHLPAPI.DLL
0x00007ffefa8e0000 - 0x00007ffefa8e9000 	C:\Windows\System32\NSI.dll
0x00007ffeef550000 - 0x00007ffeef599000 	C:\Users\PCWORLD\AppData\Local\Temp\jna--13215393\jna12639137225032641741.dll
0x00007ffefb4c0000 - 0x00007ffefb4c8000 	C:\Windows\System32\PSAPI.DLL
0x00007ffef01a0000 - 0x00007ffef01b9000 	C:\Windows\SYSTEM32\dhcpcsvc6.DLL
0x00007ffef0510000 - 0x00007ffef052e000 	C:\Windows\SYSTEM32\dhcpcsvc.DLL

JVMTI agents:
c:\Users\PCWORLD\.vscode\extensions\redhat.java-1.53.0-win32-x64\lombok\lombok-1.18.39-4050.jar path:c:\Users\PCWORLD\.vscode\extensions\redhat.java-1.53.0-win32-x64\jre\21.0.10-win32-x86_64\bin\instrument.dll, loaded, initialized, instrumentlib options:none

dbghelp: loaded successfully - version: 4.0.5 - missing functions: none
symbol engine: initialized successfully - sym options: 0x614 - pdb path: .;c:\Users\PCWORLD\.vscode\extensions\redhat.java-1.53.0-win32-x64\jre\21.0.10-win32-x86_64\bin;C:\Windows\SYSTEM32;C:\Windows\WinSxS\amd64_microsoft.windows.common-controls_6595b64144ccf1df_6.0.22000.120_none_9d947278b86cc467;c:\Users\PCWORLD\.vscode\extensions\redhat.java-1.53.0-win32-x64\jre\21.0.10-win32-x86_64\bin\server;C:\Users\PCWORLD\AppData\Roaming\Code\User\globalStorage\redhat.java\1.53.0\config_win\org.eclipse.equinox.launcher\org.eclipse.equinox.launcher.win32.win32.x86_64_1.3.0.v20260203-2149;C:\Users\PCWORLD\AppData\Local\Temp\jna--13215393

VM Arguments:
jvm_args: --add-modules=ALL-SYSTEM --add-opens=java.base/java.util=ALL-UNNAMED --add-opens=java.base/java.lang=ALL-UNNAMED --add-opens=java.base/sun.nio.fs=ALL-UNNAMED -Declipse.application=org.eclipse.jdt.ls.core.id1 -Dosgi.bundles.defaultStartLevel=4 -Declipse.product=org.eclipse.jdt.ls.core.product -Djava.import.generatesMetadataFilesAtProjectRoot=false -DDetectVMInstallationsJob.disabled=true -Dfile.encoding=utf8 -XX:+UseParallelGC -XX:GCTimeRatio=4 -XX:AdaptiveSizePolicyWeight=90 -Dsun.zip.disableMemoryMapping=true -Xmx2G -Xms100m -Xlog:disable -javaagent:c:\Users\PCWORLD\.vscode\extensions\redhat.java-1.53.0-win32-x64\lombok\lombok-1.18.39-4050.jar -XX:+HeapDumpOnOutOfMemoryError -XX:HeapDumpPath=c:\Users\PCWORLD\AppData\Roaming\Code\User\workspaceStorage\15d350eac09e9ebb76c56e029fd2021d\redhat.java -Daether.dependencyCollector.impl=bf 
java_command: c:\Users\PCWORLD\.vscode\extensions\redhat.java-1.53.0-win32-x64\server\plugins\org.eclipse.equinox.launcher_1.7.100.v20251111-0406.jar -configuration c:\Users\PCWORLD\AppData\Roaming\Code\User\globalStorage\redhat.java\1.53.0\config_win -data c:\Users\PCWORLD\AppData\Roaming\Code\User\workspaceStorage\15d350eac09e9ebb76c56e029fd2021d\redhat.java\jdt_ws --pipe=\\.\pipe\lsp-80c0d64077f01af55c7c4098bbde01f0-sock
java_class_path (initial): c:\Users\PCWORLD\.vscode\extensions\redhat.java-1.53.0-win32-x64\server\plugins\org.eclipse.equinox.launcher_1.7.100.v20251111-0406.jar
Launcher Type: SUN_STANDARD

[Global flags]
    uintx AdaptiveSizePolicyWeight                 = 90                                        {product} {command line}
     intx CICompilerCount                          = 4                                         {product} {ergonomic}
    uintx GCTimeRatio                              = 4                                         {product} {command line}
     bool HeapDumpOnOutOfMemoryError               = true                                   {manageable} {command line}
    ccstr HeapDumpPath                             = c:\Users\PCWORLD\AppData\Roaming\Code\User\workspaceStorage\15d350eac09e9ebb76c56e029fd2021d\redhat.java         {manageable} {command line}
   size_t InitialHeapSize                          = 104857600                                 {product} {command line}
   size_t MaxHeapSize                              = 2147483648                                {product} {command line}
   size_t MaxNewSize                               = 715653120                                 {product} {ergonomic}
   size_t MinHeapDeltaBytes                        = 524288                                    {product} {ergonomic}
   size_t MinHeapSize                              = 104857600                                 {product} {command line}
   size_t NewSize                                  = 34603008                                  {product} {ergonomic}
    uintx NonNMethodCodeHeapSize                   = 5839372                                {pd product} {ergonomic}
    uintx NonProfiledCodeHeapSize                  = 122909434                              {pd product} {ergonomic}
   size_t OldSize                                  = 70254592                                  {product} {ergonomic}
    uintx ProfiledCodeHeapSize                     = 122909434                              {pd product} {ergonomic}
    uintx ReservedCodeCacheSize                    = 251658240                              {pd product} {ergonomic}
     bool SegmentedCodeCache                       = true                                      {product} {ergonomic}
   size_t SoftMaxHeapSize                          = 2147483648                             {manageable} {ergonomic}
     bool UseCompressedOops                        = true                           {product lp64_product} {ergonomic}
     bool UseLargePagesIndividualAllocation        = false                                  {pd product} {ergonomic}
     bool UseParallelGC                            = true                                      {product} {command line}

Logging:
Log output configuration:
 #0: stdout all=off uptime,level,tags foldmultilines=false
 #1: stderr all=off uptime,level,tags foldmultilines=false

Release file:
JAVA_VERSION="21.0.10" 
MODULES="java.base java.compiler java.datatransfer java.xml java.prefs java.desktop java.instrument java.logging java.management java.security.sasl java.naming java.rmi java.management.rmi java.net.http java.scripting java.security.jgss java.transaction.xa java.sql java.sql.rowset java.xml.crypto java.se java.smartcardio jdk.accessibility jdk.internal.jvmstat jdk.attach jdk.charsets jdk.internal.opt jdk.zipfs jdk.compiler jdk.crypto.ec jdk.crypto.cryptoki jdk.crypto.mscapi jdk.dynalink jdk.internal.ed jdk.editpad jdk.hotspot.agent jdk.httpserver jdk.internal.le jdk.internal.vm.ci jdk.internal.vm.compiler jdk.internal.vm.compiler.management jdk.jartool jdk.javadoc jdk.jcmd jdk.management jdk.management.agent jdk.jconsole jdk.jdeps jdk.jdwp.agent jdk.jdi jdk.jfr jdk.jshell jdk.jsobject jdk.jstatd jdk.localedata jdk.management.jfr jdk.naming.dns jdk.naming.rmi jdk.net jdk.nio.mapmode jdk.random jdk.sctp jdk.security.auth jdk.security.jgss jdk.unsupported jdk.unsupported.desktop jdk.xml.dom" 

Environment Variables:
PATH=C:\Program Files\Common Files\Oracle\Java\javapath;C:\Windows\system32;C:\Windows;C:\Windows\System32\Wbem;C:\Windows\System32\WindowsPowerShell\v1.0\;C:\Windows\System32\OpenSSH\;C:\Program Files (x86)\Intel\Intel(R) Management Engine Components\DAL;C:\Program Files\Intel\Intel(R) Management Engine Components\DAL;C:\Program Files\Git\cmd;C:\Program Files\nodejs\;C:\ProgramData\chocolatey\bin;C:\Users\PCWORLD\Downloads\platform-tools-latest-windows\platform-tools;;C:\Program Files\Docker\Docker\resources\bin;E:\program_files\cursor\resources\app\bin;C:\Users\PCWORLD\AppData\Local\Programs\Python\Python313\Scripts\;C:\Users\PCWORLD\AppData\Local\Programs\Python\Python313\;C:\Users\PCWORLD\AppData\Local\Programs\Python\Launcher\;C:\Users\PCWORLD\AppData\Local\Microsoft\WindowsApps;C:\Users\PCWORLD\AppData\Local\Programs\Microsoft VS Code\bin;C:\Users\PCWORLD\AppData\Roaming\npm;E:\program_files\Antigravity\bin
USERNAME=PCWORLD
OS=Windows_NT
PROCESSOR_IDENTIFIER=Intel64 Family 6 Model 142 Stepping 10, GenuineIntel
TMP=C:\Users\PCWORLD\AppData\Local\Temp
TEMP=C:\Users\PCWORLD\AppData\Local\Temp




Periodic native trim disabled

---------------  S Y S T E M  ---------------

OS:
 Windows 11 , 64 bit Build 22000 (10.0.22000.2538)
OS uptime: 0 days 4:22 hours
Hyper-V role detected

CPU: total 8 (initial active 8) (4 cores per cpu, 2 threads per core) family 6 model 142 stepping 10 microcode 0xe0, cx8, cmov, fxsr, ht, mmx, 3dnowpref, sse, sse2, sse3, ssse3, sse4.1, sse4.2, popcnt, lzcnt, tsc, tscinvbit, avx, avx2, aes, erms, clmul, bmi1, bmi2, rtm, adx, fma, vzeroupper, clflush, clflushopt, hv, rdtscp, f16c
Processor Information for the first 8 processors :
  Max Mhz: 2112, Current Mhz: 1910, Mhz Limit: 1900

Memory: 4k page, system-wide physical 8071M (195M free)
TotalPageFile size 26821M (AvailPageFile size 0M)
current process WorkingSet (physical memory assigned to process): 332M, peak: 574M
current process commit charge ("private bytes"): 736M, peak: 738M

vm_info: OpenJDK 64-Bit Server VM (21.0.10+7-LTS) for windows-amd64 JRE (21.0.10+7-LTS), built on 2026-01-20T00:00:00Z by "admin" with MS VC++ 17.12 (VS2022)

END.
