#
# There is insufficient memory for the Java Runtime Environment to continue.
# Native memory allocation (malloc) failed to allocate 1532176 bytes. Error detail: Chunk::new
# Possible reasons:
#   The system is out of physical RAM or swap space
#   This process is running with CompressedOops enabled, and the Java Heap may be blocking the growth of the native heap
# Possible solutions:
#   Reduce memory load on the system
#   Increase physical memory or swap space
#   Check if swap backing store is full
#   Decrease Java heap size (-Xmx/-Xms)
#   Decrease number of Java threads
#   Decrease Java thread stack sizes (-Xss)
#   Set larger code cache with -XX:ReservedCodeCacheSize=
#   JVM is running with Unscaled Compressed Oops mode in which the Java heap is
#     placed in the first 4GB address space. The Java Heap base address is the
#     maximum limit for the native heap growth. Please use -XX:HeapBaseMinAddress
#     to set the Java Heap base and to place the Java Heap above 4GB virtual address.
# This output file may be truncated or incomplete.
#
#  Out of Memory Error (arena.cpp:168), pid=7128, tid=11196
#
# JRE version: OpenJDK Runtime Environment Temurin-21.0.10+7 (21.0.10+7) (build 21.0.10+7-LTS)
# Java VM: OpenJDK 64-Bit Server VM Temurin-21.0.10+7 (21.0.10+7-LTS, mixed mode, sharing, tiered, compressed oops, compressed class ptrs, parallel gc, windows-amd64)
# No core dump will be written. Minidumps are not enabled by default on client versions of Windows
#

---------------  S U M M A R Y ------------

Command Line: --add-modules=ALL-SYSTEM --add-opens=java.base/java.util=ALL-UNNAMED --add-opens=java.base/java.lang=ALL-UNNAMED --add-opens=java.base/sun.nio.fs=ALL-UNNAMED -Declipse.application=org.eclipse.jdt.ls.core.id1 -Dosgi.bundles.defaultStartLevel=4 -Declipse.product=org.eclipse.jdt.ls.core.product -Djava.import.generatesMetadataFilesAtProjectRoot=false -DDetectVMInstallationsJob.disabled=true -Dfile.encoding=utf8 -XX:+UseParallelGC -XX:GCTimeRatio=4 -XX:AdaptiveSizePolicyWeight=90 -Dsun.zip.disableMemoryMapping=true -Xmx2G -Xms100m -Xlog:disable -javaagent:c:\Users\PCWORLD\.vscode\extensions\redhat.java-1.53.0-win32-x64\lombok\lombok-1.18.39-4050.jar -XX:+HeapDumpOnOutOfMemoryError -XX:HeapDumpPath=c:\Users\PCWORLD\AppData\Roaming\Code\User\workspaceStorage\15d350eac09e9ebb76c56e029fd2021d\redhat.java -Daether.dependencyCollector.impl=bf c:\Users\PCWORLD\.vscode\extensions\redhat.java-1.53.0-win32-x64\server\plugins\org.eclipse.equinox.launcher_1.7.100.v20251111-0406.jar -configuration c:\Users\PCWORLD\AppData\Roaming\Code\User\globalStorage\redhat.java\1.53.0\config_win -data c:\Users\PCWORLD\AppData\Roaming\Code\User\workspaceStorage\15d350eac09e9ebb76c56e029fd2021d\redhat.java\jdt_ws --pipe=\\.\pipe\lsp-58e08d4e7528111b8c5ea8f76c065948-sock

Host: Intel(R) Core(TM) i7-8650U CPU @ 1.90GHz, 8 cores, 7G,  Windows 11 , 64 bit Build 22000 (10.0.22000.2538)
Time: Thu Apr  9 13:47:02 2026 Sri Lanka Standard Time elapsed time: 27.533249 seconds (0d 0h 0m 27s)

---------------  T H R E A D  ---------------

Current thread (0x000001d8d6103920):  JavaThread "C2 CompilerThread0" daemon [_thread_in_native, id=11196, stack(0x0000003c8e300000,0x0000003c8e400000) (1024K)]


Current CompileTask:
C2:27533 12880   !   4       org.eclipse.osgi.internal.loader.BundleLoader::findClass0 (490 bytes)

Stack: [0x0000003c8e300000,0x0000003c8e400000]
Native frames: (J=compiled Java code, j=interpreted, Vv=VM code, C=native code)
V  [jvm.dll+0x6d7a39]
V  [jvm.dll+0x8b4b26]
V  [jvm.dll+0x8b70de]
V  [jvm.dll+0x8b77c3]
V  [jvm.dll+0x284346]
V  [jvm.dll+0xc66ed]
V  [jvm.dll+0xc6c31]
V  [jvm.dll+0x3bec01]
V  [jvm.dll+0x38b162]
V  [jvm.dll+0x38a5aa]
V  [jvm.dll+0x24c560]
V  [jvm.dll+0x24bb40]
V  [jvm.dll+0x1cb34e]
V  [jvm.dll+0x25b85d]
V  [jvm.dll+0x259dea]
V  [jvm.dll+0x3f857e]
V  [jvm.dll+0x85f59d]
V  [jvm.dll+0x6d626d]
C  [ucrtbase.dll+0x26c0c]
C  [KERNEL32.DLL+0x153e0]
C  [ntdll.dll+0x485b]


---------------  P R O C E S S  ---------------

Threads class SMR info:
_java_thread_list=0x000001d8f49e7010, length=68, elements={
0x000001d8d617f380, 0x000001d8d624da40, 0x000001d8d624e960, 0x000001d8d60f50a0,
0x000001d8d60fb800, 0x000001d8d60f8a10, 0x000001d8d60f8380, 0x000001d8d6103920,
0x000001d8d61061c0, 0x000001d8d60f90a0, 0x000001d8d60f9730, 0x000001d8d60f9dc0,
0x000001d8d60fb170, 0x000001d8d60faae0, 0x000001d8eef0c5f0, 0x000001d8eef0bf60,
0x000001d8eef0abb0, 0x000001d8eef07730, 0x000001d8eef0b8d0, 0x000001d8eef0d310,
0x000001d8eef0cc80, 0x000001d8eef06a10, 0x000001d8eef0d9a0, 0x000001d8eef070a0,
0x000001d8eef08450, 0x000001d8eef08ae0, 0x000001d8eef09170, 0x000001d8eef0a520,
0x000001d8eef09800, 0x000001d8eef09e90, 0x000001d8f3df9ff0, 0x000001d8f3df7200,
0x000001d8f3dfcde0, 0x000001d8f3dfc0c0, 0x000001d8f3df9960, 0x000001d8f3df6b70,
0x000001d8f3dfd470, 0x000001d8f3df64e0, 0x000001d8f3df85b0, 0x000001d8f3df7890,
0x000001d8f3df8c40, 0x000001d8f3dfdb00, 0x000001d8f3df7f20, 0x000001d8f3df92d0,
0x000001d8f3dfc750, 0x000001d8f3dfb3a0, 0x000001d8f3dfba30, 0x000001d8f5aa0140,
0x000001d8f5aa3c50, 0x000001d8f5aa42e0, 0x000001d8f5aa14f0, 0x000001d8f5a9f420,
0x000001d8f5aa5000, 0x000001d8f5a9fab0, 0x000001d8f5aa07d0, 0x000001d8f5aa0e60,
0x000001d8f5a9e700, 0x000001d8f5aa35c0, 0x000001d8f5aa4970, 0x000001d8f5aa1b80,
0x000001d8f5aa2f30, 0x000001d8f5aa2210, 0x000001d8f5a9e070, 0x000001d8f5a9ed90,
0x000001d8f5c499c0, 0x000001d8f5c4ba90, 0x000001d8f5d84ef0, 0x000001d8f5c4b400
}

Java Threads: ( => current thread )
  0x000001d8d617f380 JavaThread "main"                              [_thread_blocked, id=22992, stack(0x0000003c8d900000,0x0000003c8da00000) (1024K)]
  0x000001d8d624da40 JavaThread "Reference Handler"          daemon [_thread_blocked, id=23660, stack(0x0000003c8dd00000,0x0000003c8de00000) (1024K)]
  0x000001d8d624e960 JavaThread "Finalizer"                  daemon [_thread_blocked, id=3568, stack(0x0000003c8de00000,0x0000003c8df00000) (1024K)]
  0x000001d8d60f50a0 JavaThread "Signal Dispatcher"          daemon [_thread_blocked, id=5992, stack(0x0000003c8df00000,0x0000003c8e000000) (1024K)]
  0x000001d8d60fb800 JavaThread "Attach Listener"            daemon [_thread_blocked, id=24408, stack(0x0000003c8e000000,0x0000003c8e100000) (1024K)]
  0x000001d8d60f8a10 JavaThread "Service Thread"             daemon [_thread_blocked, id=18900, stack(0x0000003c8e100000,0x0000003c8e200000) (1024K)]
  0x000001d8d60f8380 JavaThread "Monitor Deflation Thread"   daemon [_thread_blocked, id=21320, stack(0x0000003c8e200000,0x0000003c8e300000) (1024K)]
=>0x000001d8d6103920 JavaThread "C2 CompilerThread0"         daemon [_thread_in_native, id=11196, stack(0x0000003c8e300000,0x0000003c8e400000) (1024K)]
  0x000001d8d61061c0 JavaThread "C1 CompilerThread0"         daemon [_thread_blocked, id=7012, stack(0x0000003c8e400000,0x0000003c8e500000) (1024K)]
  0x000001d8d60f90a0 JavaThread "Common-Cleaner"             daemon [_thread_blocked, id=21868, stack(0x0000003c8e500000,0x0000003c8e600000) (1024K)]
  0x000001d8d60f9730 JavaThread "Notification Thread"        daemon [_thread_blocked, id=23404, stack(0x0000003c8e700000,0x0000003c8e800000) (1024K)]
  0x000001d8d60f9dc0 JavaThread "Active Thread: Equinox Container: 75f4882d-f249-4e0f-9a46-b510f36206b2"        [_thread_blocked, id=13396, stack(0x0000003c8ee00000,0x0000003c8ef00000) (1024K)]
  0x000001d8d60fb170 JavaThread "Refresh Thread: Equinox Container: 75f4882d-f249-4e0f-9a46-b510f36206b2" daemon [_thread_blocked, id=5828, stack(0x0000003c8f000000,0x0000003c8f100000) (1024K)]
  0x000001d8d60faae0 JavaThread "Framework Event Dispatcher: Equinox Container: 75f4882d-f249-4e0f-9a46-b510f36206b2" daemon [_thread_blocked, id=24204, stack(0x0000003c8f100000,0x0000003c8f200000) (1024K)]
  0x000001d8eef0c5f0 JavaThread "Start Level: Equinox Container: 75f4882d-f249-4e0f-9a46-b510f36206b2" daemon [_thread_blocked, id=23260, stack(0x0000003c8f200000,0x0000003c8f300000) (1024K)]
  0x000001d8eef0bf60 JavaThread "Bundle File Closer"         daemon [_thread_blocked, id=1792, stack(0x0000003c8f300000,0x0000003c8f400000) (1024K)]
  0x000001d8eef0abb0 JavaThread "SCR Component Actor"        daemon [_thread_blocked, id=20252, stack(0x0000003c8f400000,0x0000003c8f500000) (1024K)]
  0x000001d8eef07730 JavaThread "Worker-JM"                         [_thread_blocked, id=18852, stack(0x0000003c8f500000,0x0000003c8f600000) (1024K)]
  0x000001d8eef0b8d0 JavaThread "JNA Cleaner"                daemon [_thread_blocked, id=13084, stack(0x0000003c8f600000,0x0000003c8f700000) (1024K)]
  0x000001d8eef0d310 JavaThread "Worker-0"                          [_thread_blocked, id=21104, stack(0x0000003c8f700000,0x0000003c8f800000) (1024K)]
  0x000001d8eef0cc80 JavaThread "Worker-1"                          [_thread_blocked, id=4644, stack(0x0000003c8f800000,0x0000003c8f900000) (1024K)]
  0x000001d8eef06a10 JavaThread "Worker-2"                          [_thread_blocked, id=21228, stack(0x0000003c8f900000,0x0000003c8fa00000) (1024K)]
  0x000001d8eef0d9a0 JavaThread "Java indexing"              daemon [_thread_blocked, id=16056, stack(0x0000003c8e600000,0x0000003c8e700000) (1024K)]
  0x000001d8eef070a0 JavaThread "Worker-3"                          [_thread_blocked, id=24444, stack(0x0000003c8fa00000,0x0000003c8fb00000) (1024K)]
  0x000001d8eef08450 JavaThread "Worker-4"                          [_thread_blocked, id=19580, stack(0x0000003c8fb00000,0x0000003c8fc00000) (1024K)]
  0x000001d8eef08ae0 JavaThread "Worker-5"                          [_thread_blocked, id=23628, stack(0x0000003c8fe00000,0x0000003c8ff00000) (1024K)]
  0x000001d8eef09170 JavaThread "Thread-1"                   daemon [_thread_in_native, id=19420, stack(0x0000003c8ff00000,0x0000003c90000000) (1024K)]
  0x000001d8eef0a520 JavaThread "Thread-2"                   daemon [_thread_in_native, id=21060, stack(0x0000003c90000000,0x0000003c90100000) (1024K)]
  0x000001d8eef09800 JavaThread "Thread-3"                   daemon [_thread_in_native, id=2604, stack(0x0000003c90100000,0x0000003c90200000) (1024K)]
  0x000001d8eef09e90 JavaThread "Thread-4"                   daemon [_thread_in_native, id=22684, stack(0x0000003c90200000,0x0000003c90300000) (1024K)]
  0x000001d8f3df9ff0 JavaThread "Thread-5"                   daemon [_thread_in_native, id=15252, stack(0x0000003c90300000,0x0000003c90400000) (1024K)]
  0x000001d8f3df7200 JavaThread "Thread-6"                   daemon [_thread_in_native, id=1508, stack(0x0000003c90400000,0x0000003c90500000) (1024K)]
  0x000001d8f3dfcde0 JavaThread "Thread-7"                   daemon [_thread_in_native, id=10512, stack(0x0000003c90500000,0x0000003c90600000) (1024K)]
  0x000001d8f3dfc0c0 JavaThread "Thread-8"                   daemon [_thread_in_native, id=1880, stack(0x0000003c90600000,0x0000003c90700000) (1024K)]
  0x000001d8f3df9960 JavaThread "Thread-9"                   daemon [_thread_in_native, id=20164, stack(0x0000003c90700000,0x0000003c90800000) (1024K)]
  0x000001d8f3df6b70 JavaThread "pool-2-thread-1"                   [_thread_blocked, id=16676, stack(0x0000003c90800000,0x0000003c90900000) (1024K)]
  0x000001d8f3dfd470 JavaThread "WorkspaceEventsHandler"            [_thread_blocked, id=23128, stack(0x0000003c90900000,0x0000003c90a00000) (1024K)]
  0x000001d8f3df64e0 JavaThread "pool-1-thread-1"                   [_thread_blocked, id=23884, stack(0x0000003c90a00000,0x0000003c90b00000) (1024K)]
  0x000001d8f3df85b0 JavaThread "ForkJoinPool.commonPool-worker-1" daemon [_thread_blocked, id=15420, stack(0x0000003c90b00000,0x0000003c90c00000) (1024K)]
  0x000001d8f3df7890 JavaThread "ForkJoinPool.commonPool-worker-2" daemon [_thread_blocked, id=18848, stack(0x0000003c90c00000,0x0000003c90d00000) (1024K)]
  0x000001d8f3df8c40 JavaThread "ForkJoinPool.commonPool-worker-3" daemon [_thread_blocked, id=24040, stack(0x0000003c90d00000,0x0000003c90e00000) (1024K)]
  0x000001d8f3dfdb00 JavaThread "ForkJoinPool.commonPool-worker-4" daemon [_thread_blocked, id=19224, stack(0x0000003c90e00000,0x0000003c90f00000) (1024K)]
  0x000001d8f3df7f20 JavaThread "ForkJoinPool.commonPool-worker-5" daemon [_thread_blocked, id=12536, stack(0x0000003c90f00000,0x0000003c91000000) (1024K)]
  0x000001d8f3df92d0 JavaThread "ForkJoinPool.commonPool-worker-6" daemon [_thread_blocked, id=22020, stack(0x0000003c91000000,0x0000003c91100000) (1024K)]
  0x000001d8f3dfc750 JavaThread "ForkJoinPool.commonPool-worker-7" daemon [_thread_blocked, id=23932, stack(0x0000003c91100000,0x0000003c91200000) (1024K)]
  0x000001d8f3dfb3a0 JavaThread "LocalFile Deleter"          daemon [_thread_blocked, id=20880, stack(0x0000003c91200000,0x0000003c91300000) (1024K)]
  0x000001d8f3dfba30 JavaThread "LocalFile Deleter"          daemon [_thread_blocked, id=11680, stack(0x0000003c91300000,0x0000003c91400000) (1024K)]
  0x000001d8f5aa0140 JavaThread "LocalFile Deleter"          daemon [_thread_blocked, id=19160, stack(0x0000003c91400000,0x0000003c91500000) (1024K)]
  0x000001d8f5aa3c50 JavaThread "LocalFile Deleter"          daemon [_thread_blocked, id=11044, stack(0x0000003c91500000,0x0000003c91600000) (1024K)]
  0x000001d8f5aa42e0 JavaThread "LocalFile Deleter"          daemon [_thread_blocked, id=19748, stack(0x0000003c91600000,0x0000003c91700000) (1024K)]
  0x000001d8f5aa14f0 JavaThread "LocalFile Deleter"          daemon [_thread_blocked, id=10436, stack(0x0000003c91700000,0x0000003c91800000) (1024K)]
  0x000001d8f5a9f420 JavaThread "LocalFile Deleter"          daemon [_thread_blocked, id=21492, stack(0x0000003c91800000,0x0000003c91900000) (1024K)]
  0x000001d8f5aa5000 JavaThread "LocalFile Deleter"          daemon [_thread_blocked, id=23488, stack(0x0000003c91900000,0x0000003c91a00000) (1024K)]
  0x000001d8f5a9fab0 JavaThread "Compiler Source File Reader" daemon [_thread_blocked, id=6372, stack(0x0000003c91a00000,0x0000003c91b00000) (1024K)]
  0x000001d8f5aa07d0 JavaThread "Compiler Source File Reader" daemon [_thread_blocked, id=4996, stack(0x0000003c91b00000,0x0000003c91c00000) (1024K)]
  0x000001d8f5aa0e60 JavaThread "Compiler Source File Reader" daemon [_thread_blocked, id=24056, stack(0x0000003c91c00000,0x0000003c91d00000) (1024K)]
  0x000001d8f5a9e700 JavaThread "Compiler Source File Reader" daemon [_thread_blocked, id=6120, stack(0x0000003c91d00000,0x0000003c91e00000) (1024K)]
  0x000001d8f5aa35c0 JavaThread "Compiler Source File Reader" daemon [_thread_blocked, id=2192, stack(0x0000003c91e00000,0x0000003c91f00000) (1024K)]
  0x000001d8f5aa4970 JavaThread "Compiler Source File Reader" daemon [_thread_blocked, id=19508, stack(0x0000003c91f00000,0x0000003c92000000) (1024K)]
  0x000001d8f5aa1b80 JavaThread "Compiler Processing Task"   daemon [_thread_blocked, id=22472, stack(0x0000003c92000000,0x0000003c92100000) (1024K)]
  0x000001d8f5aa2f30 JavaThread "Compiler Class File Writer" daemon [_thread_blocked, id=5616, stack(0x0000003c92100000,0x0000003c92200000) (1024K)]
  0x000001d8f5aa2210 JavaThread "Compiler Class File Writer" daemon [_thread_blocked, id=23340, stack(0x0000003c92200000,0x0000003c92300000) (1024K)]
  0x000001d8f5a9e070 JavaThread "Compiler Class File Writer" daemon [_thread_blocked, id=8324, stack(0x0000003c92300000,0x0000003c92400000) (1024K)]
  0x000001d8f5a9ed90 JavaThread "Compiler Class File Writer" daemon [_thread_blocked, id=19384, stack(0x0000003c92400000,0x0000003c92500000) (1024K)]
  0x000001d8f5c499c0 JavaThread "Compiler Class File Writer" daemon [_thread_blocked, id=5596, stack(0x0000003c92500000,0x0000003c92600000) (1024K)]
  0x000001d8f5c4ba90 JavaThread "Compiler Class File Writer" daemon [_thread_blocked, id=24052, stack(0x0000003c92600000,0x0000003c92700000) (1024K)]
  0x000001d8f5d84ef0 JavaThread "C2 CompilerThread1"         daemon [_thread_in_native, id=13372, stack(0x0000003c92c00000,0x0000003c92d00000) (1024K)]
  0x000001d8f5c4b400 JavaThread "Cleaner-0"                  daemon [_thread_blocked, id=12316, stack(0x0000003c92700000,0x0000003c92800000) (1024K)]
Total: 68

Other Threads:
  0x000001d8d60e1d50 VMThread "VM Thread"                           [id=352, stack(0x0000003c8dc00000,0x0000003c8dd00000) (1024K)]
  0x000001d8d601ca00 WatcherThread "VM Periodic Task Thread"        [id=23832, stack(0x0000003c8db00000,0x0000003c8dc00000) (1024K)]
  0x000001d8d619cae0 WorkerThread "GC Thread#0"                     [id=5904, stack(0x0000003c8da00000,0x0000003c8db00000) (1024K)]
  0x000001d8ee9dd060 WorkerThread "GC Thread#1"                     [id=20264, stack(0x0000003c8e800000,0x0000003c8e900000) (1024K)]
  0x000001d8ee9d74c0 WorkerThread "GC Thread#2"                     [id=15436, stack(0x0000003c8e900000,0x0000003c8ea00000) (1024K)]
  0x000001d8ee9d7870 WorkerThread "GC Thread#3"                     [id=1644, stack(0x0000003c8ea00000,0x0000003c8eb00000) (1024K)]
  0x000001d8ee9ac110 WorkerThread "GC Thread#4"                     [id=23168, stack(0x0000003c8eb00000,0x0000003c8ec00000) (1024K)]
  0x000001d8eeae7bf0 WorkerThread "GC Thread#5"                     [id=8872, stack(0x0000003c8ec00000,0x0000003c8ed00000) (1024K)]
  0x000001d8eeae87b0 WorkerThread "GC Thread#6"                     [id=21260, stack(0x0000003c8ed00000,0x0000003c8ee00000) (1024K)]
  0x000001d8eedf3c90 WorkerThread "GC Thread#7"                     [id=10972, stack(0x0000003c8ef00000,0x0000003c8f000000) (1024K)]
Total: 10

Threads with active compile tasks:
C2 CompilerThread0  27609 12880   !   4       org.eclipse.osgi.internal.loader.BundleLoader::findClass0 (490 bytes)
C2 CompilerThread1  27609 12873 %     4       java.util.Properties::load0 @ 29 (249 bytes)
Total: 2

VM state: not at safepoint (normal execution)

VM Mutex/Monitor currently owned by a thread: None

Heap address: 0x0000000080000000, size: 2048 MB, Compressed Oops mode: 32-bit

CDS archive(s) mapped at: [0x000001d880000000-0x000001d880ba0000-0x000001d880ba0000), size 12189696, SharedBaseAddress: 0x000001d880000000, ArchiveRelocationMode: 1.
Compressed class space mapped at: 0x000001d881000000-0x000001d8c1000000, reserved size: 1073741824
Narrow klass base: 0x000001d880000000, Narrow klass shift: 0, Narrow klass range: 0x100000000

GC Precious Log:
 CardTable entry size: 512
 CPUs: 8 total, 8 available
 Memory: 8071M
 Large Page Support: Disabled
 NUMA Support: Disabled
 Compressed Oops: Enabled (32-bit)
 Alignments: Space 512K, Generation 512K, Heap 2M
 Heap Min Capacity: 100M
 Heap Initial Capacity: 100M
 Heap Max Capacity: 2G
 Pre-touch: Disabled
 Parallel Workers: 8

Heap:
 PSYoungGen      total 7680K, used 359K [0x00000000d5580000, 0x00000000d5f00000, 0x0000000100000000)
  eden space 7168K, 1% used [0x00000000d5580000,0x00000000d5599d70,0x00000000d5c80000)
  from space 512K, 50% used [0x00000000d5e80000,0x00000000d5ec0000,0x00000000d5f00000)
  to   space 1024K, 0% used [0x00000000d5d00000,0x00000000d5d00000,0x00000000d5e00000)
 ParOldGen       total 130560K, used 130491K [0x0000000080000000, 0x0000000087f80000, 0x00000000d5580000)
  object space 130560K, 99% used [0x0000000080000000,0x0000000087f6ec28,0x0000000087f80000)
 Metaspace       used 68833K, committed 70400K, reserved 1114112K
  class space    used 7248K, committed 7936K, reserved 1048576K

Card table byte_map: [0x000001d8d5b30000,0x000001d8d5f40000] _byte_map_base: 0x000001d8d5730000

Marking Bits: (ParMarkBitMap*) 0x00007ffbb5ed3450
 Begin Bits: [0x000001d8e8640000, 0x000001d8ea640000)
 End Bits:   [0x000001d8ea640000, 0x000001d8ec640000)

Polling page: 0x000001d8d4000000

Metaspace:

Usage:
  Non-class:     60.14 MB used.
      Class:      7.08 MB used.
       Both:     67.22 MB used.

Virtual space:
  Non-class space:       64.00 MB reserved,      61.00 MB ( 95%) committed,  1 nodes.
      Class space:        1.00 GB reserved,       7.75 MB ( <1%) committed,  1 nodes.
             Both:        1.06 GB reserved,      68.75 MB (  6%) committed. 

Chunk freelists:
   Non-Class:  2.67 MB
       Class:  8.08 MB
        Both:  10.75 MB

MaxMetaspaceSize: unlimited
CompressedClassSpaceSize: 1.00 GB
Initial GC threshold: 21.00 MB
Current GC threshold: 97.31 MB
CDS: on
 - commit_granule_bytes: 65536.
 - commit_granule_words: 8192.
 - virtual_space_node_default_size: 8388608.
 - enlarge_chunks_in_place: 1.
 - use_allocation_guard: 0.


Internal statistics:

num_allocs_failed_limit: 9.
num_arena_births: 1246.
num_arena_deaths: 14.
num_vsnodes_births: 2.
num_vsnodes_deaths: 0.
num_space_committed: 1100.
num_space_uncommitted: 0.
num_chunks_returned_to_freelist: 23.
num_chunks_taken_from_freelist: 4583.
num_chunk_merges: 15.
num_chunk_splits: 2782.
num_chunks_enlarged: 1508.
num_inconsistent_stats: 0.

CodeHeap 'non-profiled nmethods': size=120000Kb used=6023Kb max_used=6023Kb free=113976Kb
 bounds [0x000001d8e0e60000, 0x000001d8e1450000, 0x000001d8e8390000]
CodeHeap 'profiled nmethods': size=120000Kb used=26316Kb max_used=26316Kb free=93683Kb
 bounds [0x000001d8d9390000, 0x000001d8dad50000, 0x000001d8e08c0000]
CodeHeap 'non-nmethods': size=5760Kb used=1447Kb max_used=1568Kb free=4312Kb
 bounds [0x000001d8e08c0000, 0x000001d8e0b30000, 0x000001d8e0e60000]
CodeCache: size=245760Kb, used=33786Kb, max_used=33907Kb, free=211971Kb
 total_blobs=12904, nmethods=12137, adapters=672, full_count=0
Compilation: enabled, stopped_count=0, restarted_count=0

Compilation events (20 events):
Event: 27.423 Thread 0x000001d8d61061c0 12925       2       org.lombokweb.asm.Handler::putExceptionTable (63 bytes)
Event: 27.423 Thread 0x000001d8d61061c0 nmethod 12925 0x000001d8dad3fc10 code [0x000001d8dad3fe00, 0x000001d8dad400f8]
Event: 27.423 Thread 0x000001d8d61061c0 12918       3       org.lombokweb.asm.MethodWriter::visitCode (1 bytes)
Event: 27.424 Thread 0x000001d8d61061c0 nmethod 12918 0x000001d8dad40390 code [0x000001d8dad40520, 0x000001d8dad40628]
Event: 27.424 Thread 0x000001d8d61061c0 12917       3       org.lombokweb.asm.MethodWriter::visitEnd (1 bytes)
Event: 27.424 Thread 0x000001d8d61061c0 nmethod 12917 0x000001d8dad40690 code [0x000001d8dad40820, 0x000001d8dad40928]
Event: 27.424 Thread 0x000001d8d61061c0 12919       3       org.lombokweb.asm.MethodWriter::visitMaxs (60 bytes)
Event: 27.424 Thread 0x000001d8d61061c0 nmethod 12919 0x000001d8dad40990 code [0x000001d8dad40b60, 0x000001d8dad40e18]
Event: 27.454 Thread 0x000001d8d61061c0 12926       2       com.google.gson.internal.bind.ObjectTypeAdapter$1::create (25 bytes)
Event: 27.454 Thread 0x000001d8d61061c0 nmethod 12926 0x000001d8dad40f10 code [0x000001d8dad410c0, 0x000001d8dad412b8]
Event: 27.467 Thread 0x000001d8d61061c0 12927       2       java.util.LinkedHashMap::valuesToArray (80 bytes)
Event: 27.468 Thread 0x000001d8d61061c0 nmethod 12927 0x000001d8dad41410 code [0x000001d8dad415e0, 0x000001d8dad41958]
Event: 27.482 Thread 0x000001d8d61061c0 12928       2       com.google.gson.internal.Excluder::create (48 bytes)
Event: 27.482 Thread 0x000001d8d61061c0 nmethod 12928 0x000001d8dad41b90 code [0x000001d8dad41d60, 0x000001d8dad42008]
Event: 27.504 Thread 0x000001d8d61061c0 12929       2       java.util.LinkedHashMap::values (5 bytes)
Event: 27.504 Thread 0x000001d8d61061c0 nmethod 12929 0x000001d8dad42190 code [0x000001d8dad42340, 0x000001d8dad42468]
Event: 27.514 Thread 0x000001d8d61061c0 12930       2       java.lang.reflect.Constructor::setAccessible (21 bytes)
Event: 27.514 Thread 0x000001d8d61061c0 nmethod 12930 0x000001d8dad42510 code [0x000001d8dad426e0, 0x000001d8dad42958]
Event: 27.517 Thread 0x000001d8d61061c0 12931   !   2       java.util.concurrent.locks.LockSupport::park (47 bytes)
Event: 27.518 Thread 0x000001d8d61061c0 nmethod 12931 0x000001d8dad42b10 code [0x000001d8dad42ce0, 0x000001d8dad42f28]

GC Heap History (20 events):
Event: 25.784 GC heap before
{Heap before GC invocations=327 (full 3):
 PSYoungGen      total 8192K, used 7872K [0x00000000d5580000, 0x00000000d5e80000, 0x0000000100000000)
  eden space 7680K, 100% used [0x00000000d5580000,0x00000000d5d00000,0x00000000d5d00000)
  from space 512K, 37% used [0x00000000d5d80000,0x00000000d5db0000,0x00000000d5e00000)
  to   space 512K, 0% used [0x00000000d5e00000,0x00000000d5e00000,0x00000000d5e80000)
 ParOldGen       total 126464K, used 126039K [0x0000000080000000, 0x0000000087b80000, 0x00000000d5580000)
  object space 126464K, 99% used [0x0000000080000000,0x0000000087b15e70,0x0000000087b80000)
 Metaspace       used 66397K, committed 67904K, reserved 1114112K
  class space    used 7014K, committed 7680K, reserved 1048576K
}
Event: 25.786 GC heap after
{Heap after GC invocations=327 (full 3):
 PSYoungGen      total 8192K, used 288K [0x00000000d5580000, 0x00000000d5e80000, 0x0000000100000000)
  eden space 7680K, 0% used [0x00000000d5580000,0x00000000d5580000,0x00000000d5d00000)
  from space 512K, 56% used [0x00000000d5e00000,0x00000000d5e48000,0x00000000d5e80000)
  to   space 512K, 0% used [0x00000000d5d80000,0x00000000d5d80000,0x00000000d5e00000)
 ParOldGen       total 126464K, used 126127K [0x0000000080000000, 0x0000000087b80000, 0x00000000d5580000)
  object space 126464K, 99% used [0x0000000080000000,0x0000000087b2be70,0x0000000087b80000)
 Metaspace       used 66397K, committed 67904K, reserved 1114112K
  class space    used 7014K, committed 7680K, reserved 1048576K
}
Event: 25.799 GC heap before
{Heap before GC invocations=328 (full 3):
 PSYoungGen      total 8192K, used 7968K [0x00000000d5580000, 0x00000000d5e80000, 0x0000000100000000)
  eden space 7680K, 100% used [0x00000000d5580000,0x00000000d5d00000,0x00000000d5d00000)
  from space 512K, 56% used [0x00000000d5e00000,0x00000000d5e48000,0x00000000d5e80000)
  to   space 512K, 0% used [0x00000000d5d80000,0x00000000d5d80000,0x00000000d5e00000)
 ParOldGen       total 126464K, used 126127K [0x0000000080000000, 0x0000000087b80000, 0x00000000d5580000)
  object space 126464K, 99% used [0x0000000080000000,0x0000000087b2be70,0x0000000087b80000)
 Metaspace       used 66397K, committed 67904K, reserved 1114112K
  class space    used 7014K, committed 7680K, reserved 1048576K
}
Event: 25.801 GC heap after
{Heap after GC invocations=328 (full 3):
 PSYoungGen      total 8192K, used 224K [0x00000000d5580000, 0x00000000d5e80000, 0x0000000100000000)
  eden space 7680K, 0% used [0x00000000d5580000,0x00000000d5580000,0x00000000d5d00000)
  from space 512K, 43% used [0x00000000d5d80000,0x00000000d5db8000,0x00000000d5e00000)
  to   space 512K, 0% used [0x00000000d5e00000,0x00000000d5e00000,0x00000000d5e80000)
 ParOldGen       total 126464K, used 126271K [0x0000000080000000, 0x0000000087b80000, 0x00000000d5580000)
  object space 126464K, 99% used [0x0000000080000000,0x0000000087b4fe70,0x0000000087b80000)
 Metaspace       used 66397K, committed 67904K, reserved 1114112K
  class space    used 7014K, committed 7680K, reserved 1048576K
}
Event: 25.818 GC heap before
{Heap before GC invocations=329 (full 3):
 PSYoungGen      total 8192K, used 7904K [0x00000000d5580000, 0x00000000d5e80000, 0x0000000100000000)
  eden space 7680K, 100% used [0x00000000d5580000,0x00000000d5d00000,0x00000000d5d00000)
  from space 512K, 43% used [0x00000000d5d80000,0x00000000d5db8000,0x00000000d5e00000)
  to   space 512K, 0% used [0x00000000d5e00000,0x00000000d5e00000,0x00000000d5e80000)
 ParOldGen       total 126464K, used 126271K [0x0000000080000000, 0x0000000087b80000, 0x00000000d5580000)
  object space 126464K, 99% used [0x0000000080000000,0x0000000087b4fe70,0x0000000087b80000)
 Metaspace       used 66397K, committed 67904K, reserved 1114112K
  class space    used 7014K, committed 7680K, reserved 1048576K
}
Event: 25.819 GC heap after
{Heap after GC invocations=329 (full 3):
 PSYoungGen      total 8192K, used 224K [0x00000000d5580000, 0x00000000d5e80000, 0x0000000100000000)
  eden space 7680K, 0% used [0x00000000d5580000,0x00000000d5580000,0x00000000d5d00000)
  from space 512K, 43% used [0x00000000d5e00000,0x00000000d5e38000,0x00000000d5e80000)
  to   space 512K, 0% used [0x00000000d5d80000,0x00000000d5d80000,0x00000000d5e00000)
 ParOldGen       total 126464K, used 126463K [0x0000000080000000, 0x0000000087b80000, 0x00000000d5580000)
  object space 126464K, 99% used [0x0000000080000000,0x0000000087b7fe70,0x0000000087b80000)
 Metaspace       used 66397K, committed 67904K, reserved 1114112K
  class space    used 7014K, committed 7680K, reserved 1048576K
}
Event: 25.838 GC heap before
{Heap before GC invocations=330 (full 3):
 PSYoungGen      total 8192K, used 7904K [0x00000000d5580000, 0x00000000d5e80000, 0x0000000100000000)
  eden space 7680K, 100% used [0x00000000d5580000,0x00000000d5d00000,0x00000000d5d00000)
  from space 512K, 43% used [0x00000000d5e00000,0x00000000d5e38000,0x00000000d5e80000)
  to   space 512K, 0% used [0x00000000d5d80000,0x00000000d5d80000,0x00000000d5e00000)
 ParOldGen       total 126464K, used 126463K [0x0000000080000000, 0x0000000087b80000, 0x00000000d5580000)
  object space 126464K, 99% used [0x0000000080000000,0x0000000087b7fe70,0x0000000087b80000)
 Metaspace       used 66397K, committed 67904K, reserved 1114112K
  class space    used 7014K, committed 7680K, reserved 1048576K
}
Event: 25.839 GC heap after
{Heap after GC invocations=330 (full 3):
 PSYoungGen      total 8192K, used 256K [0x00000000d5580000, 0x00000000d5e80000, 0x0000000100000000)
  eden space 7680K, 0% used [0x00000000d5580000,0x00000000d5580000,0x00000000d5d00000)
  from space 512K, 50% used [0x00000000d5d80000,0x00000000d5dc0000,0x00000000d5e00000)
  to   space 512K, 0% used [0x00000000d5e00000,0x00000000d5e00000,0x00000000d5e80000)
 ParOldGen       total 126976K, used 126631K [0x0000000080000000, 0x0000000087c00000, 0x00000000d5580000)
  object space 126976K, 99% used [0x0000000080000000,0x0000000087ba9e70,0x0000000087c00000)
 Metaspace       used 66397K, committed 67904K, reserved 1114112K
  class space    used 7014K, committed 7680K, reserved 1048576K
}
Event: 25.974 GC heap before
{Heap before GC invocations=331 (full 3):
 PSYoungGen      total 8192K, used 7936K [0x00000000d5580000, 0x00000000d5e80000, 0x0000000100000000)
  eden space 7680K, 100% used [0x00000000d5580000,0x00000000d5d00000,0x00000000d5d00000)
  from space 512K, 50% used [0x00000000d5d80000,0x00000000d5dc0000,0x00000000d5e00000)
  to   space 512K, 0% used [0x00000000d5e00000,0x00000000d5e00000,0x00000000d5e80000)
 ParOldGen       total 126976K, used 126631K [0x0000000080000000, 0x0000000087c00000, 0x00000000d5580000)
  object space 126976K, 99% used [0x0000000080000000,0x0000000087ba9e70,0x0000000087c00000)
 Metaspace       used 66540K, committed 68160K, reserved 1114112K
  class space    used 7035K, committed 7744K, reserved 1048576K
}
Event: 25.977 GC heap after
{Heap after GC invocations=331 (full 3):
 PSYoungGen      total 7680K, used 501K [0x00000000d5580000, 0x00000000d6000000, 0x0000000100000000)
  eden space 7168K, 0% used [0x00000000d5580000,0x00000000d5580000,0x00000000d5c80000)
  from space 512K, 97% used [0x00000000d5e00000,0x00000000d5e7d620,0x00000000d5e80000)
  to   space 1536K, 0% used [0x00000000d5c80000,0x00000000d5c80000,0x00000000d5e00000)
 ParOldGen       total 127488K, used 127247K [0x0000000080000000, 0x0000000087c80000, 0x00000000d5580000)
  object space 127488K, 99% used [0x0000000080000000,0x0000000087c43e80,0x0000000087c80000)
 Metaspace       used 66540K, committed 68160K, reserved 1114112K
  class space    used 7035K, committed 7744K, reserved 1048576K
}
Event: 26.062 GC heap before
{Heap before GC invocations=332 (full 3):
 PSYoungGen      total 7680K, used 7669K [0x00000000d5580000, 0x00000000d6000000, 0x0000000100000000)
  eden space 7168K, 100% used [0x00000000d5580000,0x00000000d5c80000,0x00000000d5c80000)
  from space 512K, 97% used [0x00000000d5e00000,0x00000000d5e7d620,0x00000000d5e80000)
  to   space 1536K, 0% used [0x00000000d5c80000,0x00000000d5c80000,0x00000000d5e00000)
 ParOldGen       total 127488K, used 127247K [0x0000000080000000, 0x0000000087c80000, 0x00000000d5580000)
  object space 127488K, 99% used [0x0000000080000000,0x0000000087c43e80,0x0000000087c80000)
 Metaspace       used 66578K, committed 68160K, reserved 1114112K
  class space    used 7036K, committed 7744K, reserved 1048576K
}
Event: 26.068 GC heap after
{Heap after GC invocations=332 (full 3):
 PSYoungGen      total 8192K, used 916K [0x00000000d5580000, 0x00000000d5e80000, 0x0000000100000000)
  eden space 7168K, 0% used [0x00000000d5580000,0x00000000d5580000,0x00000000d5c80000)
  from space 1024K, 89% used [0x00000000d5c80000,0x00000000d5d65260,0x00000000d5d80000)
  to   space 1024K, 0% used [0x00000000d5d80000,0x00000000d5d80000,0x00000000d5e80000)
 ParOldGen       total 128000K, used 127714K [0x0000000080000000, 0x0000000087d00000, 0x00000000d5580000)
  object space 128000K, 99% used [0x0000000080000000,0x0000000087cb8b60,0x0000000087d00000)
 Metaspace       used 66578K, committed 68160K, reserved 1114112K
  class space    used 7036K, committed 7744K, reserved 1048576K
}
Event: 26.153 GC heap before
{Heap before GC invocations=333 (full 3):
 PSYoungGen      total 8192K, used 8084K [0x00000000d5580000, 0x00000000d5e80000, 0x0000000100000000)
  eden space 7168K, 100% used [0x00000000d5580000,0x00000000d5c80000,0x00000000d5c80000)
  from space 1024K, 89% used [0x00000000d5c80000,0x00000000d5d65260,0x00000000d5d80000)
  to   space 1024K, 0% used [0x00000000d5d80000,0x00000000d5d80000,0x00000000d5e80000)
 ParOldGen       total 128000K, used 127714K [0x0000000080000000, 0x0000000087d00000, 0x00000000d5580000)
  object space 128000K, 99% used [0x0000000080000000,0x0000000087cb8b60,0x0000000087d00000)
 Metaspace       used 66773K, committed 68352K, reserved 1114112K
  class space    used 7053K, committed 7744K, reserved 1048576K
}
Event: 26.156 GC heap after
{Heap after GC invocations=333 (full 3):
 PSYoungGen      total 8192K, used 884K [0x00000000d5580000, 0x00000000d5e80000, 0x0000000100000000)
  eden space 7168K, 0% used [0x00000000d5580000,0x00000000d5580000,0x00000000d5c80000)
  from space 1024K, 86% used [0x00000000d5d80000,0x00000000d5e5d200,0x00000000d5e80000)
  to   space 1024K, 0% used [0x00000000d5c80000,0x00000000d5c80000,0x00000000d5d80000)
 ParOldGen       total 129024K, used 128552K [0x0000000080000000, 0x0000000087e00000, 0x00000000d5580000)
  object space 129024K, 99% used [0x0000000080000000,0x0000000087d8a340,0x0000000087e00000)
 Metaspace       used 66773K, committed 68352K, reserved 1114112K
  class space    used 7053K, committed 7744K, reserved 1048576K
}
Event: 26.419 GC heap before
{Heap before GC invocations=334 (full 3):
 PSYoungGen      total 8192K, used 8052K [0x00000000d5580000, 0x00000000d5e80000, 0x0000000100000000)
  eden space 7168K, 99% used [0x00000000d5580000,0x00000000d5c7fff8,0x00000000d5c80000)
  from space 1024K, 86% used [0x00000000d5d80000,0x00000000d5e5d200,0x00000000d5e80000)
  to   space 1024K, 0% used [0x00000000d5c80000,0x00000000d5c80000,0x00000000d5d80000)
 ParOldGen       total 129024K, used 128552K [0x0000000080000000, 0x0000000087e00000, 0x00000000d5580000)
  object space 129024K, 99% used [0x0000000080000000,0x0000000087d8a340,0x0000000087e00000)
 Metaspace       used 67337K, committed 68928K, reserved 1114112K
  class space    used 7113K, committed 7808K, reserved 1048576K
}
Event: 26.422 GC heap after
{Heap after GC invocations=334 (full 3):
 PSYoungGen      total 8192K, used 544K [0x00000000d5580000, 0x00000000d5e80000, 0x0000000100000000)
  eden space 7168K, 0% used [0x00000000d5580000,0x00000000d5580000,0x00000000d5c80000)
  from space 1024K, 53% used [0x00000000d5c80000,0x00000000d5d08020,0x00000000d5d80000)
  to   space 1024K, 0% used [0x00000000d5d80000,0x00000000d5d80000,0x00000000d5e80000)
 ParOldGen       total 129024K, used 128816K [0x0000000080000000, 0x0000000087e00000, 0x00000000d5580000)
  object space 129024K, 99% used [0x0000000080000000,0x0000000087dcc340,0x0000000087e00000)
 Metaspace       used 67337K, committed 68928K, reserved 1114112K
  class space    used 7113K, committed 7808K, reserved 1048576K
}
Event: 26.711 GC heap before
{Heap before GC invocations=335 (full 3):
 PSYoungGen      total 8192K, used 7712K [0x00000000d5580000, 0x00000000d5e80000, 0x0000000100000000)
  eden space 7168K, 100% used [0x00000000d5580000,0x00000000d5c80000,0x00000000d5c80000)
  from space 1024K, 53% used [0x00000000d5c80000,0x00000000d5d08020,0x00000000d5d80000)
  to   space 1024K, 0% used [0x00000000d5d80000,0x00000000d5d80000,0x00000000d5e80000)
 ParOldGen       total 129024K, used 128816K [0x0000000080000000, 0x0000000087e00000, 0x00000000d5580000)
  object space 129024K, 99% used [0x0000000080000000,0x0000000087dcc340,0x0000000087e00000)
 Metaspace       used 67998K, committed 69568K, reserved 1114112K
  class space    used 7159K, committed 7872K, reserved 1048576K
}
Event: 26.715 GC heap after
{Heap after GC invocations=335 (full 3):
 PSYoungGen      total 8192K, used 576K [0x00000000d5580000, 0x00000000d5e80000, 0x0000000100000000)
  eden space 7168K, 0% used [0x00000000d5580000,0x00000000d5580000,0x00000000d5c80000)
  from space 1024K, 56% used [0x00000000d5d80000,0x00000000d5e10000,0x00000000d5e80000)
  to   space 1024K, 0% used [0x00000000d5c80000,0x00000000d5c80000,0x00000000d5d80000)
 ParOldGen       total 129536K, used 129157K [0x0000000080000000, 0x0000000087e80000, 0x00000000d5580000)
  object space 129536K, 99% used [0x0000000080000000,0x0000000087e21600,0x0000000087e80000)
 Metaspace       used 67998K, committed 69568K, reserved 1114112K
  class space    used 7159K, committed 7872K, reserved 1048576K
}
Event: 27.326 GC heap before
{Heap before GC invocations=336 (full 3):
 PSYoungGen      total 8192K, used 7721K [0x00000000d5580000, 0x00000000d5e80000, 0x0000000100000000)
  eden space 7168K, 99% used [0x00000000d5580000,0x00000000d5c7a6c0,0x00000000d5c80000)
  from space 1024K, 56% used [0x00000000d5d80000,0x00000000d5e10000,0x00000000d5e80000)
  to   space 1024K, 0% used [0x00000000d5c80000,0x00000000d5c80000,0x00000000d5d80000)
 ParOldGen       total 129536K, used 129157K [0x0000000080000000, 0x0000000087e80000, 0x00000000d5580000)
  object space 129536K, 99% used [0x0000000080000000,0x0000000087e21600,0x0000000087e80000)
 Metaspace       used 68588K, committed 70144K, reserved 1114112K
  class space    used 7228K, committed 7936K, reserved 1048576K
}
Event: 27.333 GC heap after
{Heap after GC invocations=336 (full 3):
 PSYoungGen      total 8192K, used 1016K [0x00000000d5580000, 0x00000000d6080000, 0x0000000100000000)
  eden space 7168K, 0% used [0x00000000d5580000,0x00000000d5580000,0x00000000d5c80000)
  from space 1024K, 99% used [0x00000000d5c80000,0x00000000d5d7e108,0x00000000d5d80000)
  to   space 2048K, 0% used [0x00000000d5e80000,0x00000000d5e80000,0x00000000d6080000)
 ParOldGen       total 130048K, used 129610K [0x0000000080000000, 0x0000000087f00000, 0x00000000d5580000)
  object space 130048K, 99% used [0x0000000080000000,0x0000000087e929c0,0x0000000087f00000)
 Metaspace       used 68588K, committed 70144K, reserved 1114112K
  class space    used 7228K, committed 7936K, reserved 1048576K
}

Dll operation events (10 events):
Event: 0.053 Loaded shared library c:\Users\PCWORLD\.vscode\extensions\redhat.java-1.53.0-win32-x64\jre\21.0.10-win32-x86_64\bin\java.dll
Event: 0.296 Loaded shared library c:\Users\PCWORLD\.vscode\extensions\redhat.java-1.53.0-win32-x64\jre\21.0.10-win32-x86_64\bin\zip.dll
Event: 0.374 Loaded shared library C:\Users\PCWORLD\.vscode\extensions\redhat.java-1.53.0-win32-x64\jre\21.0.10-win32-x86_64\bin\instrument.dll
Event: 0.395 Loaded shared library C:\Users\PCWORLD\.vscode\extensions\redhat.java-1.53.0-win32-x64\jre\21.0.10-win32-x86_64\bin\net.dll
Event: 0.404 Loaded shared library C:\Users\PCWORLD\.vscode\extensions\redhat.java-1.53.0-win32-x64\jre\21.0.10-win32-x86_64\bin\nio.dll
Event: 0.417 Loaded shared library C:\Users\PCWORLD\.vscode\extensions\redhat.java-1.53.0-win32-x64\jre\21.0.10-win32-x86_64\bin\zip.dll
Event: 0.472 Loaded shared library C:\Users\PCWORLD\.vscode\extensions\redhat.java-1.53.0-win32-x64\jre\21.0.10-win32-x86_64\bin\jimage.dll
Event: 0.687 Loaded shared library c:\Users\PCWORLD\.vscode\extensions\redhat.java-1.53.0-win32-x64\jre\21.0.10-win32-x86_64\bin\verify.dll
Event: 2.769 Loaded shared library C:\Users\PCWORLD\AppData\Roaming\Code\User\globalStorage\redhat.java\1.53.0\config_win\org.eclipse.equinox.launcher\org.eclipse.equinox.launcher.win32.win32.x86_64_1.3.0.v20260203-2149\eclipse_11919.dll
Event: 4.889 Loaded shared library C:\Users\PCWORLD\AppData\Local\Temp\jna--13215393\jna3166983802690468774.dll

Deoptimization events (20 events):
Event: 27.219 Thread 0x000001d8f3df7f20 Uncommon trap: trap_request=0xffffffde fr.pc=0x000001d8e143f784 relative=0x0000000000000064
Event: 27.219 Thread 0x000001d8f3df7f20 Uncommon trap: reason=class_check action=maybe_recompile pc=0x000001d8e143f784 method=java.lang.invoke.Invokers$Holder.linkToTargetMethod(ILjava/lang/Object;)Ljava/lang/Object; @ 1 c2
Event: 27.219 Thread 0x000001d8f3df7f20 DEOPT PACKING pc=0x000001d8e143f784 sp=0x0000003c90ffdd60
Event: 27.219 Thread 0x000001d8f3df7f20 DEOPT UNPACKING pc=0x000001d8e0913aa2 sp=0x0000003c90ffdd00 mode 2
Event: 27.220 Thread 0x000001d8f3df7f20 Uncommon trap: trap_request=0xffffffde fr.pc=0x000001d8e143f784 relative=0x0000000000000064
Event: 27.220 Thread 0x000001d8f3df7f20 Uncommon trap: reason=class_check action=maybe_recompile pc=0x000001d8e143f784 method=java.lang.invoke.Invokers$Holder.linkToTargetMethod(ILjava/lang/Object;)Ljava/lang/Object; @ 1 c2
Event: 27.220 Thread 0x000001d8f3df7f20 DEOPT PACKING pc=0x000001d8e143f784 sp=0x0000003c90ffdd60
Event: 27.220 Thread 0x000001d8f3df7f20 DEOPT UNPACKING pc=0x000001d8e0913aa2 sp=0x0000003c90ffdd00 mode 2
Event: 27.220 Thread 0x000001d8f3df7f20 Uncommon trap: trap_request=0xffffffde fr.pc=0x000001d8e143f784 relative=0x0000000000000064
Event: 27.220 Thread 0x000001d8f3df7f20 Uncommon trap: reason=class_check action=maybe_recompile pc=0x000001d8e143f784 method=java.lang.invoke.Invokers$Holder.linkToTargetMethod(ILjava/lang/Object;)Ljava/lang/Object; @ 1 c2
Event: 27.220 Thread 0x000001d8f3df7f20 DEOPT PACKING pc=0x000001d8e143f784 sp=0x0000003c90ffdd60
Event: 27.220 Thread 0x000001d8f3df7f20 DEOPT UNPACKING pc=0x000001d8e0913aa2 sp=0x0000003c90ffdd00 mode 2
Event: 27.225 Thread 0x000001d8f3df7f20 DEOPT PACKING pc=0x000001d8dabfa29e sp=0x0000003c90ffc3a0
Event: 27.225 Thread 0x000001d8f3df7f20 DEOPT UNPACKING pc=0x000001d8e0914242 sp=0x0000003c90ffb880 mode 0
Event: 27.360 Thread 0x000001d8f3df7f20 DEOPT PACKING pc=0x000001d8da288ed4 sp=0x0000003c90ff8590
Event: 27.360 Thread 0x000001d8f3df7f20 DEOPT UNPACKING pc=0x000001d8e0914242 sp=0x0000003c90ff7ca0 mode 0
Event: 27.453 Thread 0x000001d8f3df7f20 Uncommon trap: trap_request=0xffffffde fr.pc=0x000001d8e12ee298 relative=0x0000000000000078
Event: 27.453 Thread 0x000001d8f3df7f20 Uncommon trap: reason=class_check action=maybe_recompile pc=0x000001d8e12ee298 method=java.util.LinkedHashMap.afterNodeInsertion(Z)V @ 15 c2
Event: 27.453 Thread 0x000001d8f3df7f20 DEOPT PACKING pc=0x000001d8e12ee298 sp=0x0000003c90ffecf0
Event: 27.453 Thread 0x000001d8f3df7f20 DEOPT UNPACKING pc=0x000001d8e0913aa2 sp=0x0000003c90ffec68 mode 2

Classes loaded (20 events):
Event: 21.569 Loading class java/util/Hashtable$KeySet
Event: 21.569 Loading class java/util/Hashtable$KeySet done
Event: 21.829 Loading class java/lang/UnsupportedClassVersionError
Event: 21.829 Loading class java/lang/UnsupportedClassVersionError done
Event: 21.934 Loading class java/lang/invoke/MethodHandleImpl$CountingWrapper$1
Event: 21.934 Loading class java/lang/invoke/MethodHandleImpl$CountingWrapper$1 done
Event: 25.677 Loading class java/util/HashMap$EntrySpliterator
Event: 25.677 Loading class java/util/HashMap$EntrySpliterator done
Event: 25.681 Loading class java/util/stream/ReduceOps$5
Event: 25.681 Loading class java/util/stream/ReduceOps$5 done
Event: 25.681 Loading class java/util/stream/ReduceOps$CountingSink$OfRef
Event: 25.689 Loading class java/util/stream/ReduceOps$CountingSink
Event: 25.690 Loading class java/util/stream/ReduceOps$CountingSink done
Event: 25.690 Loading class java/util/stream/ReduceOps$CountingSink$OfRef done
Event: 26.176 Loading class java/util/stream/ReduceOps$1
Event: 26.176 Loading class java/util/stream/ReduceOps$1 done
Event: 26.176 Loading class java/util/stream/ReduceOps$1ReducingSink
Event: 26.177 Loading class java/util/stream/ReduceOps$1ReducingSink done
Event: 27.059 Loading class jdk/internal/ref/CleanerImpl$InnocuousThreadFactory
Event: 27.067 Loading class jdk/internal/ref/CleanerImpl$InnocuousThreadFactory done

Classes unloaded (7 events):
Event: 5.675 Thread 0x000001d8d60e1d50 Unloading class 0x000001d8811ad400 'java/lang/invoke/LambdaForm$MH+0x000001d8811ad400'
Event: 5.675 Thread 0x000001d8d60e1d50 Unloading class 0x000001d8811ad000 'java/lang/invoke/LambdaForm$MH+0x000001d8811ad000'
Event: 5.675 Thread 0x000001d8d60e1d50 Unloading class 0x000001d8811acc00 'java/lang/invoke/LambdaForm$MH+0x000001d8811acc00'
Event: 5.675 Thread 0x000001d8d60e1d50 Unloading class 0x000001d8811ac800 'java/lang/invoke/LambdaForm$MH+0x000001d8811ac800'
Event: 5.675 Thread 0x000001d8d60e1d50 Unloading class 0x000001d8811ac400 'java/lang/invoke/LambdaForm$BMH+0x000001d8811ac400'
Event: 5.675 Thread 0x000001d8d60e1d50 Unloading class 0x000001d8811ac000 'java/lang/invoke/LambdaForm$DMH+0x000001d8811ac000'
Event: 5.675 Thread 0x000001d8d60e1d50 Unloading class 0x000001d8811aac00 'java/lang/invoke/LambdaForm$DMH+0x000001d8811aac00'

Classes redefined (0 events):
No events

Internal exceptions (20 events):
Event: 22.503 Thread 0x000001d8f3dfdb00 Exception <a 'sun/nio/fs/WindowsException'{0x00000000d56dcdb8}> (0x00000000d56dcdb8) 
thrown [s\src\hotspot\share\prims\jni.cpp, line 520]
Event: 22.503 Thread 0x000001d8f3dfdb00 Exception <a 'sun/nio/fs/WindowsException'{0x00000000d57053b8}> (0x00000000d57053b8) 
thrown [s\src\hotspot\share\prims\jni.cpp, line 520]
Event: 22.504 Thread 0x000001d8f3dfdb00 Exception <a 'sun/nio/fs/WindowsException'{0x00000000d57185a0}> (0x00000000d57185a0) 
thrown [s\src\hotspot\share\prims\jni.cpp, line 520]
Event: 22.504 Thread 0x000001d8f3dfdb00 Exception <a 'sun/nio/fs/WindowsException'{0x00000000d574c820}> (0x00000000d574c820) 
thrown [s\src\hotspot\share\prims\jni.cpp, line 520]
Event: 22.504 Thread 0x000001d8f3dfdb00 Exception <a 'sun/nio/fs/WindowsException'{0x00000000d575fab0}> (0x00000000d575fab0) 
thrown [s\src\hotspot\share\prims\jni.cpp, line 520]
Event: 22.504 Thread 0x000001d8f3dfdb00 Exception <a 'sun/nio/fs/WindowsException'{0x00000000d578be60}> (0x00000000d578be60) 
thrown [s\src\hotspot\share\prims\jni.cpp, line 520]
Event: 22.518 Thread 0x000001d8f3df7890 Implicit null exception at 0x000001d8e1344acb to 0x000001d8e1345520
Event: 24.312 Thread 0x000001d8f3df7890 Exception <a 'java/lang/IncompatibleClassChangeError'{0x00000000d5bfd388}: Found class java.lang.Object, but interface was expected> (0x00000000d5bfd388) 
thrown [s\src\hotspot\share\interpreter\linkResolver.cpp, line 840]
Event: 25.691 Thread 0x000001d8eef06a10 Exception <a 'sun/nio/fs/WindowsException'{0x00000000d5630a78}> (0x00000000d5630a78) 
thrown [s\src\hotspot\share\prims\jni.cpp, line 520]
Event: 25.691 Thread 0x000001d8eef06a10 Exception <a 'sun/nio/fs/WindowsException'{0x00000000d56312f8}> (0x00000000d56312f8) 
thrown [s\src\hotspot\share\prims\jni.cpp, line 520]
Event: 25.692 Thread 0x000001d8eef06a10 Exception <a 'sun/nio/fs/WindowsException'{0x00000000d56323d0}> (0x00000000d56323d0) 
thrown [s\src\hotspot\share\prims\jni.cpp, line 520]
Event: 25.692 Thread 0x000001d8eef06a10 Exception <a 'sun/nio/fs/WindowsException'{0x00000000d5632a00}> (0x00000000d5632a00) 
thrown [s\src\hotspot\share\prims\jni.cpp, line 520]
Event: 25.692 Thread 0x000001d8eef06a10 Exception <a 'sun/nio/fs/WindowsException'{0x00000000d5633af0}> (0x00000000d5633af0) 
thrown [s\src\hotspot\share\prims\jni.cpp, line 520]
Event: 25.692 Thread 0x000001d8eef06a10 Exception <a 'sun/nio/fs/WindowsException'{0x00000000d5634370}> (0x00000000d5634370) 
thrown [s\src\hotspot\share\prims\jni.cpp, line 520]
Event: 25.693 Thread 0x000001d8eef06a10 Exception <a 'sun/nio/fs/WindowsException'{0x00000000d5741400}> (0x00000000d5741400) 
thrown [s\src\hotspot\share\prims\jni.cpp, line 520]
Event: 25.693 Thread 0x000001d8eef06a10 Exception <a 'sun/nio/fs/WindowsException'{0x00000000d5741c80}> (0x00000000d5741c80) 
thrown [s\src\hotspot\share\prims\jni.cpp, line 520]
Event: 25.694 Thread 0x000001d8eef06a10 Exception <a 'sun/nio/fs/WindowsException'{0x00000000d5742d58}> (0x00000000d5742d58) 
thrown [s\src\hotspot\share\prims\jni.cpp, line 520]
Event: 25.694 Thread 0x000001d8eef06a10 Exception <a 'sun/nio/fs/WindowsException'{0x00000000d5743388}> (0x00000000d5743388) 
thrown [s\src\hotspot\share\prims\jni.cpp, line 520]
Event: 26.383 Thread 0x000001d8eef06a10 Exception <a 'java/lang/NoSuchMethodError'{0x00000000d5a7cff8}: 'java.lang.Object java.lang.invoke.DirectMethodHandle$Holder.invokeStatic(java.lang.Object, java.lang.Object, int, java.lang.Object)'> (0x00000000d5a7cff8) 
thrown [s\src\hotspot\share\interpreter\linkResolver.cpp, line 773]
Event: 27.256 Thread 0x000001d8f3df7f20 Exception <a 'java/lang/NoSuchMethodError'{0x00000000d5b392f0}: 'java.lang.Object java.lang.invoke.DirectMethodHandle$Holder.newInvokeSpecial(java.lang.Object, int, java.lang.Object, java.lang.Object, java.lang.Object)'> (0x00000000d5b392f0) 
thrown [s\src\hotspot\share\interpreter\linkResolver.cpp, line 773]

ZGC Phase Switch (0 events):
No events

VM Operations (20 events):
Event: 25.784 Executing safepoint VM operation: ParallelGCFailedAllocation (Allocation Failure)
Event: 25.786 Executing safepoint VM operation: ParallelGCFailedAllocation (Allocation Failure) done
Event: 25.799 Executing safepoint VM operation: ParallelGCFailedAllocation (Allocation Failure)
Event: 25.801 Executing safepoint VM operation: ParallelGCFailedAllocation (Allocation Failure) done
Event: 25.818 Executing safepoint VM operation: ParallelGCFailedAllocation (Allocation Failure)
Event: 25.820 Executing safepoint VM operation: ParallelGCFailedAllocation (Allocation Failure) done
Event: 25.838 Executing safepoint VM operation: ParallelGCFailedAllocation (Allocation Failure)
Event: 25.839 Executing safepoint VM operation: ParallelGCFailedAllocation (Allocation Failure) done
Event: 25.973 Executing safepoint VM operation: ParallelGCFailedAllocation (Allocation Failure)
Event: 25.977 Executing safepoint VM operation: ParallelGCFailedAllocation (Allocation Failure) done
Event: 26.051 Executing safepoint VM operation: ParallelGCFailedAllocation (Allocation Failure)
Event: 26.068 Executing safepoint VM operation: ParallelGCFailedAllocation (Allocation Failure) done
Event: 26.152 Executing safepoint VM operation: ParallelGCFailedAllocation (Allocation Failure)
Event: 26.156 Executing safepoint VM operation: ParallelGCFailedAllocation (Allocation Failure) done
Event: 26.418 Executing safepoint VM operation: ParallelGCFailedAllocation (Allocation Failure)
Event: 26.422 Executing safepoint VM operation: ParallelGCFailedAllocation (Allocation Failure) done
Event: 26.711 Executing safepoint VM operation: ParallelGCFailedAllocation (Allocation Failure)
Event: 26.715 Executing safepoint VM operation: ParallelGCFailedAllocation (Allocation Failure) done
Event: 27.325 Executing safepoint VM operation: ParallelGCFailedAllocation (Allocation Failure)
Event: 27.333 Executing safepoint VM operation: ParallelGCFailedAllocation (Allocation Failure) done

Memory protections (0 events):
No events

Nmethod flushes (20 events):
Event: 16.500 Thread 0x000001d8d60e1d50 flushing  nmethod 0x000001d8d9cfcf10
Event: 16.500 Thread 0x000001d8d60e1d50 flushing  nmethod 0x000001d8d9cfd310
Event: 16.500 Thread 0x000001d8d60e1d50 flushing  nmethod 0x000001d8d9cfd690
Event: 16.500 Thread 0x000001d8d60e1d50 flushing  nmethod 0x000001d8d9cfdc10
Event: 16.500 Thread 0x000001d8d60e1d50 flushing  nmethod 0x000001d8d9cfea90
Event: 16.500 Thread 0x000001d8d60e1d50 flushing  nmethod 0x000001d8d9cff210
Event: 16.500 Thread 0x000001d8d60e1d50 flushing  nmethod 0x000001d8d9d03a90
Event: 16.500 Thread 0x000001d8d60e1d50 flushing  nmethod 0x000001d8d9d04090
Event: 16.500 Thread 0x000001d8d60e1d50 flushing  nmethod 0x000001d8d9d05c10
Event: 16.500 Thread 0x000001d8d60e1d50 flushing  nmethod 0x000001d8d9d06310
Event: 16.500 Thread 0x000001d8d60e1d50 flushing  nmethod 0x000001d8d9d07210
Event: 16.500 Thread 0x000001d8d60e1d50 flushing  nmethod 0x000001d8d9d07590
Event: 16.500 Thread 0x000001d8d60e1d50 flushing  nmethod 0x000001d8d9d07a10
Event: 16.500 Thread 0x000001d8d60e1d50 flushing  nmethod 0x000001d8d9d07e10
Event: 16.500 Thread 0x000001d8d60e1d50 flushing  nmethod 0x000001d8d9d08310
Event: 16.500 Thread 0x000001d8d60e1d50 flushing  nmethod 0x000001d8d9d0c110
Event: 16.500 Thread 0x000001d8d60e1d50 flushing  nmethod 0x000001d8d9d10410
Event: 16.500 Thread 0x000001d8d60e1d50 flushing  nmethod 0x000001d8d9d14510
Event: 16.500 Thread 0x000001d8d60e1d50 flushing  nmethod 0x000001d8d9d23910
Event: 16.500 Thread 0x000001d8d60e1d50 flushing  nmethod 0x000001d8d9d2b310

Events (20 events):
Event: 18.774 Thread 0x000001d8eef08450 Thread added: 0x000001d8f5c47260
Event: 18.774 Thread 0x000001d8eef08450 Thread added: 0x000001d8f5c49330
Event: 18.774 Thread 0x000001d8eef08450 Thread added: 0x000001d8f5c48ca0
Event: 19.048 Thread 0x000001d8d61061c0 Thread added: 0x000001d8f5d84ef0
Event: 20.105 Thread 0x000001d8f5c49330 Thread exited: 0x000001d8f5c49330
Event: 20.105 Thread 0x000001d8f5c47260 Thread exited: 0x000001d8f5c47260
Event: 20.105 Thread 0x000001d8f5c46bd0 Thread exited: 0x000001d8f5c46bd0
Event: 20.105 Thread 0x000001d8f5c48ca0 Thread exited: 0x000001d8f5c48ca0
Event: 20.106 Thread 0x000001d8f5c4a050 Thread exited: 0x000001d8f5c4a050
Event: 20.660 Thread 0x000001d8eef08450 Thread added: 0x000001d8f5c4a050
Event: 20.660 Thread 0x000001d8eef08450 Thread added: 0x000001d8f5c478f0
Event: 20.660 Thread 0x000001d8eef08450 Thread added: 0x000001d8f5c4b400
Event: 20.661 Thread 0x000001d8eef08450 Thread added: 0x000001d8f5c4a6e0
Event: 20.661 Thread 0x000001d8eef08450 Thread added: 0x000001d8f5c48610
Event: 20.703 Thread 0x000001d8f5c48610 Thread exited: 0x000001d8f5c48610
Event: 20.703 Thread 0x000001d8f5c478f0 Thread exited: 0x000001d8f5c478f0
Event: 20.703 Thread 0x000001d8f5c4a050 Thread exited: 0x000001d8f5c4a050
Event: 20.703 Thread 0x000001d8f5c4a6e0 Thread exited: 0x000001d8f5c4a6e0
Event: 20.704 Thread 0x000001d8f5c4b400 Thread exited: 0x000001d8f5c4b400
Event: 27.067 Thread 0x000001d8f3df7f20 Thread added: 0x000001d8f5c4b400


Dynamic libraries:
0x00007ff694330000 - 0x00007ff69433e000 	c:\Users\PCWORLD\.vscode\extensions\redhat.java-1.53.0-win32-x64\jre\21.0.10-win32-x86_64\bin\java.exe
0x00007ffc65a20000 - 0x00007ffc65c29000 	C:\Windows\SYSTEM32\ntdll.dll
0x00007ffc64620000 - 0x00007ffc646dd000 	C:\Windows\System32\KERNEL32.DLL
0x00007ffc634e0000 - 0x00007ffc63864000 	C:\Windows\System32\KERNELBASE.dll
0x00007ffc63070000 - 0x00007ffc63181000 	C:\Windows\System32\ucrtbase.dll
0x00007ffc02260000 - 0x00007ffc0227e000 	c:\Users\PCWORLD\.vscode\extensions\redhat.java-1.53.0-win32-x64\jre\21.0.10-win32-x86_64\bin\VCRUNTIME140.dll
0x00007ffc45d10000 - 0x00007ffc45d28000 	c:\Users\PCWORLD\.vscode\extensions\redhat.java-1.53.0-win32-x64\jre\21.0.10-win32-x86_64\bin\jli.dll
0x00007ffc65120000 - 0x00007ffc652cd000 	C:\Windows\System32\USER32.dll
0x00007ffc634b0000 - 0x00007ffc634d6000 	C:\Windows\System32\win32u.dll
0x00007ffc65560000 - 0x00007ffc6558a000 	C:\Windows\System32\GDI32.dll
0x00007ffc4e980000 - 0x00007ffc4ec25000 	C:\Windows\WinSxS\amd64_microsoft.windows.common-controls_6595b64144ccf1df_6.0.22000.120_none_9d947278b86cc467\COMCTL32.dll
0x00007ffc62f50000 - 0x00007ffc6306e000 	C:\Windows\System32\gdi32full.dll
0x00007ffc648e0000 - 0x00007ffc64983000 	C:\Windows\System32\msvcrt.dll
0x00007ffc62eb0000 - 0x00007ffc62f4d000 	C:\Windows\System32\msvcp_win.dll
0x00007ffc659a0000 - 0x00007ffc659d1000 	C:\Windows\System32\IMM32.DLL
0x00007ffc468f0000 - 0x00007ffc468fc000 	c:\Users\PCWORLD\.vscode\extensions\redhat.java-1.53.0-win32-x64\jre\21.0.10-win32-x86_64\bin\vcruntime140_1.dll
0x00007ffbd6c30000 - 0x00007ffbd6cbd000 	c:\Users\PCWORLD\.vscode\extensions\redhat.java-1.53.0-win32-x64\jre\21.0.10-win32-x86_64\bin\msvcp140.dll
0x00007ffbb5210000 - 0x00007ffbb5fb1000 	c:\Users\PCWORLD\.vscode\extensions\redhat.java-1.53.0-win32-x64\jre\21.0.10-win32-x86_64\bin\server\jvm.dll
0x00007ffc65880000 - 0x00007ffc6592e000 	C:\Windows\System32\ADVAPI32.dll
0x00007ffc63870000 - 0x00007ffc6390e000 	C:\Windows\System32\sechost.dll
0x00007ffc64ff0000 - 0x00007ffc65111000 	C:\Windows\System32\RPCRT4.dll
0x00007ffc65930000 - 0x00007ffc6599f000 	C:\Windows\System32\WS2_32.dll
0x00007ffc62be0000 - 0x00007ffc62c2d000 	C:\Windows\SYSTEM32\POWRPROF.dll
0x00007ffc5a010000 - 0x00007ffc5a043000 	C:\Windows\SYSTEM32\WINMM.dll
0x00007ffc57640000 - 0x00007ffc5764a000 	C:\Windows\SYSTEM32\VERSION.dll
0x00007ffc62bc0000 - 0x00007ffc62bd3000 	C:\Windows\SYSTEM32\UMPDC.dll
0x00007ffc61ee0000 - 0x00007ffc61ef8000 	C:\Windows\SYSTEM32\kernel.appcore.dll
0x00007ffc02250000 - 0x00007ffc0225a000 	c:\Users\PCWORLD\.vscode\extensions\redhat.java-1.53.0-win32-x64\jre\21.0.10-win32-x86_64\bin\jimage.dll
0x00007ffc60010000 - 0x00007ffc60231000 	C:\Windows\SYSTEM32\DBGHELP.DLL
0x00007ffc4e260000 - 0x00007ffc4e291000 	C:\Windows\SYSTEM32\dbgcore.DLL
0x00007ffc63190000 - 0x00007ffc6320f000 	C:\Windows\System32\bcryptPrimitives.dll
0x00007ffc021f0000 - 0x00007ffc021ff000 	c:\Users\PCWORLD\.vscode\extensions\redhat.java-1.53.0-win32-x64\jre\21.0.10-win32-x86_64\bin\instrument.dll
0x00007ffbd6cc0000 - 0x00007ffbd6ce0000 	c:\Users\PCWORLD\.vscode\extensions\redhat.java-1.53.0-win32-x64\jre\21.0.10-win32-x86_64\bin\java.dll
0x00007ffc63990000 - 0x00007ffc64155000 	C:\Windows\System32\SHELL32.dll
0x00007ffc60f40000 - 0x00007ffc617a2000 	C:\Windows\SYSTEM32\windows.storage.dll
0x00007ffc641f0000 - 0x00007ffc64566000 	C:\Windows\System32\combase.dll
0x00007ffc60dd0000 - 0x00007ffc60f37000 	C:\Windows\SYSTEM32\wintypes.dll
0x00007ffc65770000 - 0x00007ffc6585a000 	C:\Windows\System32\SHCORE.dll
0x00007ffc64800000 - 0x00007ffc6485d000 	C:\Windows\System32\shlwapi.dll
0x00007ffc62de0000 - 0x00007ffc62e05000 	C:\Windows\SYSTEM32\profapi.dll
0x00007ffbd6c10000 - 0x00007ffbd6c28000 	c:\Users\PCWORLD\.vscode\extensions\redhat.java-1.53.0-win32-x64\jre\21.0.10-win32-x86_64\bin\zip.dll
0x00007ffbe0f00000 - 0x00007ffbe0f10000 	C:\Users\PCWORLD\.vscode\extensions\redhat.java-1.53.0-win32-x64\jre\21.0.10-win32-x86_64\bin\net.dll
0x00007ffc5a3f0000 - 0x00007ffc5a504000 	C:\Windows\SYSTEM32\WINHTTP.dll
0x00007ffc62380000 - 0x00007ffc623e7000 	C:\Windows\system32\mswsock.dll
0x00007ffbd6bf0000 - 0x00007ffbd6c06000 	C:\Users\PCWORLD\.vscode\extensions\redhat.java-1.53.0-win32-x64\jre\21.0.10-win32-x86_64\bin\nio.dll
0x00007ffbd6f40000 - 0x00007ffbd6f50000 	c:\Users\PCWORLD\.vscode\extensions\redhat.java-1.53.0-win32-x64\jre\21.0.10-win32-x86_64\bin\verify.dll
0x00007ffc4ec80000 - 0x00007ffc4ecc5000 	C:\Users\PCWORLD\AppData\Roaming\Code\User\globalStorage\redhat.java\1.53.0\config_win\org.eclipse.equinox.launcher\org.eclipse.equinox.launcher.win32.win32.x86_64_1.3.0.v20260203-2149\eclipse_11919.dll
0x00007ffc653c0000 - 0x00007ffc6555a000 	C:\Windows\System32\ole32.dll
0x00007ffc62650000 - 0x00007ffc62668000 	C:\Windows\SYSTEM32\CRYPTSP.dll
0x00007ffc61e40000 - 0x00007ffc61e75000 	C:\Windows\system32\rsaenh.dll
0x00007ffc62420000 - 0x00007ffc6244c000 	C:\Windows\SYSTEM32\USERENV.dll
0x00007ffc62800000 - 0x00007ffc62827000 	C:\Windows\SYSTEM32\bcrypt.dll
0x00007ffc62570000 - 0x00007ffc6257c000 	C:\Windows\SYSTEM32\CRYPTBASE.dll
0x00007ffc61a40000 - 0x00007ffc61a6d000 	C:\Windows\SYSTEM32\IPHLPAPI.DLL
0x00007ffc64fe0000 - 0x00007ffc64fe9000 	C:\Windows\System32\NSI.dll
0x00007ffc4cd40000 - 0x00007ffc4cd89000 	C:\Users\PCWORLD\AppData\Local\Temp\jna--13215393\jna3166983802690468774.dll
0x00007ffc653b0000 - 0x00007ffc653b8000 	C:\Windows\System32\PSAPI.DLL
0x00007ffc5a2c0000 - 0x00007ffc5a2d9000 	C:\Windows\SYSTEM32\dhcpcsvc6.DLL
0x00007ffc5a8e0000 - 0x00007ffc5a8fe000 	C:\Windows\SYSTEM32\dhcpcsvc.DLL

JVMTI agents:
c:\Users\PCWORLD\.vscode\extensions\redhat.java-1.53.0-win32-x64\lombok\lombok-1.18.39-4050.jar path:c:\Users\PCWORLD\.vscode\extensions\redhat.java-1.53.0-win32-x64\jre\21.0.10-win32-x86_64\bin\instrument.dll, loaded, initialized, instrumentlib options:none

dbghelp: loaded successfully - version: 4.0.5 - missing functions: none
symbol engine: initialized successfully - sym options: 0x614 - pdb path: .;c:\Users\PCWORLD\.vscode\extensions\redhat.java-1.53.0-win32-x64\jre\21.0.10-win32-x86_64\bin;C:\Windows\SYSTEM32;C:\Windows\WinSxS\amd64_microsoft.windows.common-controls_6595b64144ccf1df_6.0.22000.120_none_9d947278b86cc467;c:\Users\PCWORLD\.vscode\extensions\redhat.java-1.53.0-win32-x64\jre\21.0.10-win32-x86_64\bin\server;C:\Users\PCWORLD\AppData\Roaming\Code\User\globalStorage\redhat.java\1.53.0\config_win\org.eclipse.equinox.launcher\org.eclipse.equinox.launcher.win32.win32.x86_64_1.3.0.v20260203-2149;C:\Users\PCWORLD\AppData\Local\Temp\jna--13215393

VM Arguments:
jvm_args: --add-modules=ALL-SYSTEM --add-opens=java.base/java.util=ALL-UNNAMED --add-opens=java.base/java.lang=ALL-UNNAMED --add-opens=java.base/sun.nio.fs=ALL-UNNAMED -Declipse.application=org.eclipse.jdt.ls.core.id1 -Dosgi.bundles.defaultStartLevel=4 -Declipse.product=org.eclipse.jdt.ls.core.product -Djava.import.generatesMetadataFilesAtProjectRoot=false -DDetectVMInstallationsJob.disabled=true -Dfile.encoding=utf8 -XX:+UseParallelGC -XX:GCTimeRatio=4 -XX:AdaptiveSizePolicyWeight=90 -Dsun.zip.disableMemoryMapping=true -Xmx2G -Xms100m -Xlog:disable -javaagent:c:\Users\PCWORLD\.vscode\extensions\redhat.java-1.53.0-win32-x64\lombok\lombok-1.18.39-4050.jar -XX:+HeapDumpOnOutOfMemoryError -XX:HeapDumpPath=c:\Users\PCWORLD\AppData\Roaming\Code\User\workspaceStorage\15d350eac09e9ebb76c56e029fd2021d\redhat.java -Daether.dependencyCollector.impl=bf 
java_command: c:\Users\PCWORLD\.vscode\extensions\redhat.java-1.53.0-win32-x64\server\plugins\org.eclipse.equinox.launcher_1.7.100.v20251111-0406.jar -configuration c:\Users\PCWORLD\AppData\Roaming\Code\User\globalStorage\redhat.java\1.53.0\config_win -data c:\Users\PCWORLD\AppData\Roaming\Code\User\workspaceStorage\15d350eac09e9ebb76c56e029fd2021d\redhat.java\jdt_ws --pipe=\\.\pipe\lsp-58e08d4e7528111b8c5ea8f76c065948-sock
java_class_path (initial): c:\Users\PCWORLD\.vscode\extensions\redhat.java-1.53.0-win32-x64\server\plugins\org.eclipse.equinox.launcher_1.7.100.v20251111-0406.jar
Launcher Type: SUN_STANDARD

[Global flags]
    uintx AdaptiveSizePolicyWeight                 = 90                                        {product} {command line}
     intx CICompilerCount                          = 4                                         {product} {ergonomic}
    uintx GCTimeRatio                              = 4                                         {product} {command line}
     bool HeapDumpOnOutOfMemoryError               = true                                   {manageable} {command line}
    ccstr HeapDumpPath                             = c:\Users\PCWORLD\AppData\Roaming\Code\User\workspaceStorage\15d350eac09e9ebb76c56e029fd2021d\redhat.java         {manageable} {command line}
   size_t InitialHeapSize                          = 104857600                                 {product} {command line}
   size_t MaxHeapSize                              = 2147483648                                {product} {command line}
   size_t MaxNewSize                               = 715653120                                 {product} {ergonomic}
   size_t MinHeapDeltaBytes                        = 524288                                    {product} {ergonomic}
   size_t MinHeapSize                              = 104857600                                 {product} {command line}
   size_t NewSize                                  = 34603008                                  {product} {ergonomic}
    uintx NonNMethodCodeHeapSize                   = 5839372                                {pd product} {ergonomic}
    uintx NonProfiledCodeHeapSize                  = 122909434                              {pd product} {ergonomic}
   size_t OldSize                                  = 70254592                                  {product} {ergonomic}
    uintx ProfiledCodeHeapSize                     = 122909434                              {pd product} {ergonomic}
    uintx ReservedCodeCacheSize                    = 251658240                              {pd product} {ergonomic}
     bool SegmentedCodeCache                       = true                                      {product} {ergonomic}
   size_t SoftMaxHeapSize                          = 2147483648                             {manageable} {ergonomic}
     bool UseCompressedOops                        = true                           {product lp64_product} {ergonomic}
     bool UseLargePagesIndividualAllocation        = false                                  {pd product} {ergonomic}
     bool UseParallelGC                            = true                                      {product} {command line}

Logging:
Log output configuration:
 #0: stdout all=off uptime,level,tags foldmultilines=false
 #1: stderr all=off uptime,level,tags foldmultilines=false

Release file:
JAVA_VERSION="21.0.10" 
MODULES="java.base java.compiler java.datatransfer java.xml java.prefs java.desktop java.instrument java.logging java.management java.security.sasl java.naming java.rmi java.management.rmi java.net.http java.scripting java.security.jgss java.transaction.xa java.sql java.sql.rowset java.xml.crypto java.se java.smartcardio jdk.accessibility jdk.internal.jvmstat jdk.attach jdk.charsets jdk.internal.opt jdk.zipfs jdk.compiler jdk.crypto.ec jdk.crypto.cryptoki jdk.crypto.mscapi jdk.dynalink jdk.internal.ed jdk.editpad jdk.hotspot.agent jdk.httpserver jdk.internal.le jdk.internal.vm.ci jdk.internal.vm.compiler jdk.internal.vm.compiler.management jdk.jartool jdk.javadoc jdk.jcmd jdk.management jdk.management.agent jdk.jconsole jdk.jdeps jdk.jdwp.agent jdk.jdi jdk.jfr jdk.jshell jdk.jsobject jdk.jstatd jdk.localedata jdk.management.jfr jdk.naming.dns jdk.naming.rmi jdk.net jdk.nio.mapmode jdk.random jdk.sctp jdk.security.auth jdk.security.jgss jdk.unsupported jdk.unsupported.desktop jdk.xml.dom" 

Environment Variables:
PATH=C:\Users\PCWORLD\AppData\Local\Programs\Microsoft VS Code;C:\Program Files\Common Files\Oracle\Java\javapath;C:\Windows\system32;C:\Windows;C:\Windows\System32\Wbem;C:\Windows\System32\WindowsPowerShell\v1.0\;C:\Windows\System32\OpenSSH\;C:\Program Files (x86)\Intel\Intel(R) Management Engine Components\DAL;C:\Program Files\Intel\Intel(R) Management Engine Components\DAL;C:\Program Files\Git\cmd;C:\Program Files\nodejs\;C:\ProgramData\chocolatey\bin;C:\Users\PCWORLD\Downloads\platform-tools-latest-windows\platform-tools;;C:\Program Files\Docker\Docker\resources\bin;E:\program_files\cursor\resources\app\bin;C:\Users\PCWORLD\AppData\Local\Programs\Python\Python313\Scripts\;C:\Users\PCWORLD\AppData\Local\Programs\Python\Python313\;C:\Users\PCWORLD\AppData\Local\Programs\Python\Launcher\;C:\Users\PCWORLD\AppData\Local\Microsoft\WindowsApps;C:\Users\PCWORLD\AppData\Local\Programs\Microsoft VS Code\bin;C:\Users\PCWORLD\AppData\Roaming\npm;E:\program_files\Antigravity\bin
USERNAME=PCWORLD
OS=Windows_NT
PROCESSOR_IDENTIFIER=Intel64 Family 6 Model 142 Stepping 10, GenuineIntel
TMP=C:\Users\PCWORLD\AppData\Local\Temp
TEMP=C:\Users\PCWORLD\AppData\Local\Temp




Periodic native trim disabled

---------------  S Y S T E M  ---------------

OS:
 Windows 11 , 64 bit Build 22000 (10.0.22000.2538)
OS uptime: 0 days 2:30 hours
Hyper-V role detected

CPU: total 8 (initial active 8) (4 cores per cpu, 2 threads per core) family 6 model 142 stepping 10 microcode 0xe0, cx8, cmov, fxsr, ht, mmx, 3dnowpref, sse, sse2, sse3, ssse3, sse4.1, sse4.2, popcnt, lzcnt, tsc, tscinvbit, avx, avx2, aes, erms, clmul, bmi1, bmi2, rtm, adx, fma, vzeroupper, clflush, clflushopt, hv, rdtscp, f16c
Processor Information for the first 8 processors :
  Max Mhz: 2112, Current Mhz: 1910, Mhz Limit: 1900

Memory: 4k page, system-wide physical 8071M (313M free)
TotalPageFile size 29947M (AvailPageFile size 6M)
current process WorkingSet (physical memory assigned to process): 380M, peak: 384M
current process commit charge ("private bytes"): 455M, peak: 460M

vm_info: OpenJDK 64-Bit Server VM (21.0.10+7-LTS) for windows-amd64 JRE (21.0.10+7-LTS), built on 2026-01-20T00:00:00Z by "admin" with MS VC++ 17.12 (VS2022)

END.
