#
# There is insufficient memory for the Java Runtime Environment to continue.
# Native memory allocation (mmap) failed to map 65536 bytes. Error detail: Failed to commit metaspace.
# Possible reasons:
#   The system is out of physical RAM or swap space
#   This process is running with CompressedOops enabled, and the Java Heap may be blocking the growth of the native heap
# Possible solutions:
#   Reduce memory load on the system
#   Increase physical memory or swap space
#   Check if swap backing store is full
#   Decrease Java heap size (-Xmx/-Xms)
#   Decrease number of Java threads
#   Decrease Java thread stack sizes (-Xss)
#   Set larger code cache with -XX:ReservedCodeCacheSize=
#   JVM is running with Unscaled Compressed Oops mode in which the Java heap is
#     placed in the first 4GB address space. The Java Heap base address is the
#     maximum limit for the native heap growth. Please use -XX:HeapBaseMinAddress
#     to set the Java Heap base and to place the Java Heap above 4GB virtual address.
# This output file may be truncated or incomplete.
#
#  Out of Memory Error (virtualSpaceNode.cpp:113), pid=24296, tid=14308
#
# JRE version: OpenJDK Runtime Environment Temurin-21.0.10+7 (21.0.10+7) (build 21.0.10+7-LTS)
# Java VM: OpenJDK 64-Bit Server VM Temurin-21.0.10+7 (21.0.10+7-LTS, mixed mode, sharing, tiered, compressed oops, compressed class ptrs, parallel gc, windows-amd64)
# No core dump will be written. Minidumps are not enabled by default on client versions of Windows
#

---------------  S U M M A R Y ------------

Command Line: --add-modules=ALL-SYSTEM --add-opens=java.base/java.util=ALL-UNNAMED --add-opens=java.base/java.lang=ALL-UNNAMED --add-opens=java.base/sun.nio.fs=ALL-UNNAMED -Declipse.application=org.eclipse.jdt.ls.core.id1 -Dosgi.bundles.defaultStartLevel=4 -Declipse.product=org.eclipse.jdt.ls.core.product -Djava.import.generatesMetadataFilesAtProjectRoot=false -DDetectVMInstallationsJob.disabled=true -Dfile.encoding=utf8 -XX:+UseParallelGC -XX:GCTimeRatio=4 -XX:AdaptiveSizePolicyWeight=90 -Dsun.zip.disableMemoryMapping=true -Xmx2G -Xms100m -Xlog:disable -javaagent:c:\Users\PCWORLD\.vscode\extensions\redhat.java-1.53.0-win32-x64\lombok\lombok-1.18.39-4050.jar c:\Users\PCWORLD\.vscode\extensions\redhat.java-1.53.0-win32-x64\server\plugins\org.eclipse.equinox.launcher_1.7.100.v20251111-0406.jar -configuration c:\Users\PCWORLD\AppData\Roaming\Code\User\globalStorage\redhat.java\1.53.0\config_ss_win -data c:\Users\PCWORLD\AppData\Roaming\Code\User\workspaceStorage\15d350eac09e9ebb76c56e029fd2021d\redhat.java\ss_ws --pipe=\\.\pipe\lsp-a6d3f6ed749055e11522180f7a2fa16f-sock

Host: Intel(R) Core(TM) i7-8650U CPU @ 1.90GHz, 8 cores, 7G,  Windows 11 , 64 bit Build 22000 (10.0.22000.2538)
Time: Wed Apr  8 00:18:09 2026 Sri Lanka Standard Time elapsed time: 0.777719 seconds (0d 0h 0m 0s)

---------------  T H R E A D  ---------------

Current thread (0x000002abb0d010d0):  JavaThread "main"             [_thread_in_vm, id=14308, stack(0x000000e233d00000,0x000000e233e00000) (1024K)]

Stack: [0x000000e233d00000,0x000000e233e00000]
Native frames: (J=compiled Java code, j=interpreted, Vv=VM code, C=native code)
V  [jvm.dll+0x6d7a39]
V  [jvm.dll+0x8b4b26]
V  [jvm.dll+0x8b70de]
V  [jvm.dll+0x8b77c3]
V  [jvm.dll+0x284346]
V  [jvm.dll+0x8b086e]
V  [jvm.dll+0x679444]
V  [jvm.dll+0x6794aa]
V  [jvm.dll+0x67bca6]
V  [jvm.dll+0x67bb72]
V  [jvm.dll+0x679e1e]
V  [jvm.dll+0x26e1f0]
V  [jvm.dll+0x684085]
V  [jvm.dll+0x21955e]
V  [jvm.dll+0x219a05]
V  [jvm.dll+0x21a3f8]
V  [jvm.dll+0x20f62e]
V  [jvm.dll+0x5b644f]
V  [jvm.dll+0x22168e]
V  [jvm.dll+0x82e12d]
V  [jvm.dll+0x82f15b]
V  [jvm.dll+0x82f724]
V  [jvm.dll+0x82f3b8]
V  [jvm.dll+0x271c6d]
V  [jvm.dll+0x3dce3e]
C  0x000002abbb45925f

The last pc belongs to new (printed below).
Java frames: (J=compiled Java code, j=interpreted, Vv=VM code)
j  sun.security.pkcs.SignerInfo.<init>(Lsun/security/util/DerInputStream;Z)V+194 java.base@21.0.10
j  sun.security.pkcs.SignerInfo.<init>(Lsun/security/util/DerInputStream;)V+3 java.base@21.0.10
j  sun.security.pkcs.PKCS7.parseSignedData(Lsun/security/util/DerValue;)V+628 java.base@21.0.10
j  sun.security.pkcs.PKCS7.parse(Lsun/security/util/DerInputStream;Z)V+51 java.base@21.0.10
j  sun.security.pkcs.PKCS7.parse(Lsun/security/util/DerInputStream;)V+11 java.base@21.0.10
j  sun.security.pkcs.PKCS7.<init>([B)V+50 java.base@21.0.10
j  sun.security.util.SignatureFileVerifier.<init>(Ljava/util/ArrayList;Lsun/security/util/ManifestDigester;Ljava/lang/String;[B)V+35 java.base@21.0.10
j  java.util.jar.JarVerifier.processEntry(Lsun/security/util/ManifestEntryVerifier;)V+319 java.base@21.0.10
j  java.util.jar.JarVerifier.update(I[BIILsun/security/util/ManifestEntryVerifier;)V+39 java.base@21.0.10
j  java.util.jar.JarFile.initializeVerifier()V+164 java.base@21.0.10
j  java.util.jar.JarFile.ensureInitialization()V+36 java.base@21.0.10
j  java.util.jar.JavaUtilJarAccessImpl.ensureInitialization(Ljava/util/jar/JarFile;)V+1 java.base@21.0.10
j  jdk.internal.loader.URLClassPath$JarLoader$2.getManifest()Ljava/util/jar/Manifest;+10 java.base@21.0.10
j  jdk.internal.loader.BuiltinClassLoader.defineClass(Ljava/lang/String;Ljdk/internal/loader/Resource;)Ljava/lang/Class;+29 java.base@21.0.10
j  jdk.internal.loader.BuiltinClassLoader.findClassOnClassPathOrNull(Ljava/lang/String;)Ljava/lang/Class;+37 java.base@21.0.10
j  jdk.internal.loader.BuiltinClassLoader.loadClassOrNull(Ljava/lang/String;Z)Ljava/lang/Class;+111 java.base@21.0.10
j  jdk.internal.loader.BuiltinClassLoader.loadClass(Ljava/lang/String;Z)Ljava/lang/Class;+3 java.base@21.0.10
j  jdk.internal.loader.ClassLoaders$AppClassLoader.loadClass(Ljava/lang/String;Z)Ljava/lang/Class;+36 java.base@21.0.10
j  java.lang.ClassLoader.loadClass(Ljava/lang/String;)Ljava/lang/Class;+3 java.base@21.0.10
v  ~StubRoutines::call_stub 0x000002abbb44100d
j  java.lang.Class.forName0(Ljava/lang/String;ZLjava/lang/ClassLoader;Ljava/lang/Class;)Ljava/lang/Class;+0 java.base@21.0.10
j  java.lang.Class.forName(Ljava/lang/String;ZLjava/lang/ClassLoader;Ljava/lang/Class;)Ljava/lang/Class;+37 java.base@21.0.10
j  java.lang.Class.forName(Ljava/lang/String;ZLjava/lang/ClassLoader;)Ljava/lang/Class;+20 java.base@21.0.10
j  sun.launcher.LauncherHelper.loadMainClass(ILjava/lang/String;)Ljava/lang/Class;+95 java.base@21.0.10
j  sun.launcher.LauncherHelper.checkAndLoadMain(ZILjava/lang/String;)Ljava/lang/Class;+42 java.base@21.0.10
v  ~StubRoutines::call_stub 0x000002abbb44100d
new  187 new  [0x000002abbb4590e0, 0x000002abbb4592e8]  520 bytes
[MachCode]
  0x000002abbb4590e0: 4883 ec08 | c5fa 1104 | 24eb 1f48 | 83ec 10c5 | fb11 0424 | eb14 4883 | ec10 4889 | 0424 48c7 
  0x000002abbb459100: 4424 0800 | 0000 00eb | 0150 410f | b755 010f | cac1 ea10 | 488b 4de8 | 488b 4908 | 488b 4908 
  0x000002abbb459120: 488b 4108 | 807c 1004 | 070f 85d3 | 0000 0066 | 8b54 d148 | 488b 4928 | 488b 4cd1 | 0851 80b9 
  0x000002abbb459140: 3101 0000 | 040f 85b6 | 0000 008b | 5108 f6c2 | 010f 85aa | 0000 0049 | 8b87 b801 | 0000 488d 
  0x000002abbb459160: 1c10 493b | 9fc8 0100 | 000f 8792 | 0000 0049 | 899f b801 | 0000 4883 | ea10 0f84 | 0f00 0000 
  0x000002abbb459180: 33c9 c1ea | 0348 894c | d008 48ff | ca75 f648 | c700 0100 | 0000 5933 | f689 700c | 49ba 0000 
  0x000002abbb4591a0: 00c8 ab02 | 0000 492b | ca89 4808 | 49ba c75c | 4ca7 fe7f | 0000 4180 | 3a00 0f84 | 3c00 0000 
  0x000002abbb4591c0: 5048 8bc8 | 4883 ec20 | 40f6 c40f | 0f84 1900 | 0000 4883 | ec08 48b8 | 90e1 f5a6 | fe7f 0000 
  0x000002abbb4591e0: ffd0 4883 | c408 e90c | 0000 0048 | b890 e1f5 | a6fe 7f00 | 00ff d048 | 83c4 2058 | e9cb 0000 
  0x000002abbb459200: 0059 488b | 55e8 488b | 5208 488b | 5208 450f | b745 0141 | 0fc8 41c1 | e810 e805 | 0000 00e9 
  0x000002abbb459220: a800 0000 | 488d 4424 | 084c 896d | c049 8bcf | c5f8 7749 | 89af b003 | 0000 4989 | 87a0 0300 
  0x000002abbb459240: 0048 83ec | 2040 f6c4 | 0f0f 8419 | 0000 0048 | 83ec 0848 | b8f0 cdbf | a6fe 7f00 | 00ff d048 
  0x000002abbb459260: 83c4 08e9 | 0c00 0000 | 48b8 f0cd | bfa6 fe7f | 0000 ffd0 | 4883 c420 | 49c7 87a0 | 0300 0000 
  0x000002abbb459280: 0000 0049 | c787 b003 | 0000 0000 | 0000 49c7 | 87a8 0300 | 0000 0000 | 00c5 f877 | 4983 7f08 
  0x000002abbb4592a0: 000f 8405 | 0000 00e9 | 547c feff | 498b 87f8 | 0300 0049 | c787 f803 | 0000 0000 | 0000 4c8b 
  0x000002abbb4592c0: 6dc0 4c8b | 75c8 4e8d | 74f5 00c3 | 410f b65d | 0349 83c5 | 0349 ba10 | 254f a7fe | 7f00 0041 
  0x000002abbb4592e0: ff24 da0f | 1f44 0000 
[/MachCode]

---------------  P R O C E S S  ---------------

Threads class SMR info:
_java_thread_list=0x000002ac0a40b380, length=11, elements={
0x000002abb0d010d0, 0x000002abc776a300, 0x000002abc776b120, 0x000002abc776f480,
0x000002abc7770550, 0x000002abc7771a10, 0x000002abc7777380, 0x000002abc777c250,
0x000002abc777ced0, 0x000002ac0a34b120, 0x000002ac0a40aab0
}

Java Threads: ( => current thread )
=>0x000002abb0d010d0 JavaThread "main"                              [_thread_in_vm, id=14308, stack(0x000000e233d00000,0x000000e233e00000) (1024K)]
  0x000002abc776a300 JavaThread "Reference Handler"          daemon [_thread_blocked, id=19712, stack(0x000000e234100000,0x000000e234200000) (1024K)]
  0x000002abc776b120 JavaThread "Finalizer"                  daemon [_thread_blocked, id=21624, stack(0x000000e234200000,0x000000e234300000) (1024K)]
  0x000002abc776f480 JavaThread "Signal Dispatcher"          daemon [_thread_blocked, id=16608, stack(0x000000e234300000,0x000000e234400000) (1024K)]
  0x000002abc7770550 JavaThread "Attach Listener"            daemon [_thread_blocked, id=22784, stack(0x000000e234400000,0x000000e234500000) (1024K)]
  0x000002abc7771a10 JavaThread "Service Thread"             daemon [_thread_blocked, id=1664, stack(0x000000e234500000,0x000000e234600000) (1024K)]
  0x000002abc7777380 JavaThread "Monitor Deflation Thread"   daemon [_thread_blocked, id=11872, stack(0x000000e234600000,0x000000e234700000) (1024K)]
  0x000002abc777c250 JavaThread "C2 CompilerThread0"         daemon [_thread_blocked, id=24476, stack(0x000000e234700000,0x000000e234800000) (1024K)]
  0x000002abc777ced0 JavaThread "C1 CompilerThread0"         daemon [_thread_blocked, id=22336, stack(0x000000e234800000,0x000000e234900000) (1024K)]
  0x000002ac0a34b120 JavaThread "Common-Cleaner"             daemon [_thread_blocked, id=24396, stack(0x000000e234900000,0x000000e234a00000) (1024K)]
  0x000002ac0a40aab0 JavaThread "Notification Thread"        daemon [_thread_blocked, id=20320, stack(0x000000e234a00000,0x000000e234b00000) (1024K)]
Total: 11

Other Threads:
  0x000002abc7762650 VMThread "VM Thread"                           [id=12740, stack(0x000000e234000000,0x000000e234100000) (1024K)]
  0x000002abb0d6b5e0 WatcherThread "VM Periodic Task Thread"        [id=2264, stack(0x000000e233f00000,0x000000e234000000) (1024K)]
  0x000002abb0d1ef00 WorkerThread "GC Thread#0"                     [id=26020, stack(0x000000e233e00000,0x000000e233f00000) (1024K)]
Total: 3

Threads with active compile tasks:
Total: 0

VM state: not at safepoint (normal execution)

VM Mutex/Monitor currently owned by a thread:  ([mutex/lock_event])
[0x00007ffea74dc4e0] Metaspace_lock - owner thread: 0x000002abb0d010d0

Heap address: 0x0000000080000000, size: 2048 MB, Compressed Oops mode: 32-bit

CDS archive(s) mapped at: [0x000002abc8000000-0x000002abc8ba0000-0x000002abc8ba0000), size 12189696, SharedBaseAddress: 0x000002abc8000000, ArchiveRelocationMode: 1.
Compressed class space mapped at: 0x000002abc9000000-0x000002ac09000000, reserved size: 1073741824
Narrow klass base: 0x000002abc8000000, Narrow klass shift: 0, Narrow klass range: 0x100000000

GC Precious Log:
 CardTable entry size: 512
 CPUs: 8 total, 8 available
 Memory: 8071M
 Large Page Support: Disabled
 NUMA Support: Disabled
 Compressed Oops: Enabled (32-bit)
 Alignments: Space 512K, Generation 512K, Heap 2M
 Heap Min Capacity: 100M
 Heap Initial Capacity: 100M
 Heap Max Capacity: 2G
 Pre-touch: Disabled
 Parallel Workers: 8

Heap:
 PSYoungGen      total 29696K, used 13344K [0x00000000d5580000, 0x00000000d7680000, 0x0000000100000000)
  eden space 25600K, 52% used [0x00000000d5580000,0x00000000d62881b0,0x00000000d6e80000)
  from space 4096K, 0% used [0x00000000d7280000,0x00000000d7280000,0x00000000d7680000)
  to   space 4096K, 0% used [0x00000000d6e80000,0x00000000d6e80000,0x00000000d7280000)
 ParOldGen       total 68608K, used 0K [0x0000000080000000, 0x0000000084300000, 0x00000000d5580000)
  object space 68608K, 0% used [0x0000000080000000,0x0000000080000000,0x0000000084300000)
 Metaspace       used 2340K, committed 2496K, reserved 1114112K
  class space    used 238K, committed 320K, reserved 1048576K

Card table byte_map: [0x000002abb06e0000,0x000002abb0af0000] _byte_map_base: 0x000002abb02e0000

Marking Bits: (ParMarkBitMap*) 0x00007ffea74e3450
 Begin Bits: [0x000002abc31c0000, 0x000002abc51c0000)
 End Bits:   [0x000002abc51c0000, 0x000002abc71c0000)

Polling page: 0x000002abb04d0000

Metaspace:

Usage:
  Non-class:      2.05 MB used.
      Class:    238.08 KB used.
       Both:      2.29 MB used.

Virtual space:
  Non-class space:       64.00 MB reserved,       2.12 MB (  3%) committed,  1 nodes.
      Class space:        1.00 GB reserved,     320.00 KB ( <1%) committed,  1 nodes.
             Both:        1.06 GB reserved,       2.44 MB ( <1%) committed. 

Chunk freelists:
   Non-Class:  11.65 MB
       Class:  15.67 MB
        Both:  27.32 MB

MaxMetaspaceSize: unlimited
CompressedClassSpaceSize: 1.00 GB
Initial GC threshold: 21.00 MB
Current GC threshold: 21.00 MB
CDS: on
 - commit_granule_bytes: 65536.
 - commit_granule_words: 8192.
 - virtual_space_node_default_size: 8388608.
 - enlarge_chunks_in_place: 1.
 - use_allocation_guard: 0.


Internal statistics:

num_allocs_failed_limit: 0.
num_arena_births: 80.
num_arena_deaths: 0.
num_vsnodes_births: 2.
num_vsnodes_deaths: 0.
num_space_committed: 39.
num_space_uncommitted: 0.
num_chunks_returned_to_freelist: 0.
num_chunks_taken_from_freelist: 102.
num_chunk_merges: 0.
num_chunk_splits: 72.
num_chunks_enlarged: 46.
num_inconsistent_stats: 0.

CodeHeap 'non-profiled nmethods': size=120000Kb used=240Kb max_used=240Kb free=119760Kb
 bounds [0x000002abbb9e0000, 0x000002abbbc50000, 0x000002abc2f10000]
CodeHeap 'profiled nmethods': size=120000Kb used=978Kb max_used=978Kb free=119021Kb
 bounds [0x000002abb3f10000, 0x000002abb4180000, 0x000002abbb440000]
CodeHeap 'non-nmethods': size=5760Kb used=1178Kb max_used=1195Kb free=4581Kb
 bounds [0x000002abbb440000, 0x000002abbb6b0000, 0x000002abbb9e0000]
CodeCache: size=245760Kb, used=2396Kb, max_used=2413Kb, free=243362Kb
 total_blobs=1089, nmethods=654, adapters=342, full_count=0
Compilation: enabled, stopped_count=0, restarted_count=0

Compilation events (20 events):
Event: 0.730 Thread 0x000002abc777ced0  652       3       java.lang.invoke.LambdaForm$NamedFunction::returnType (11 bytes)
Event: 0.731 Thread 0x000002abc777ced0 nmethod 652 0x000002abb4003790 code [0x000002abb40039a0, 0x000002abb4003eb8]
Event: 0.731 Thread 0x000002abc777c250 nmethod 618 0x000002abbba18b90 code [0x000002abbba18d40, 0x000002abbba19330]
Event: 0.731 Thread 0x000002abc777ced0  653       3       java.lang.invoke.LambdaForm::argument (27 bytes)
Event: 0.732 Thread 0x000002abc777c250  641       4       java.math.BigInteger::destructiveMulAdd (150 bytes)
Event: 0.732 Thread 0x000002abc777ced0 nmethod 653 0x000002abb4004110 code [0x000002abb40042e0, 0x000002abb4004548]
Event: 0.744 Thread 0x000002abc777c250 nmethod 641 0x000002abbba19690 code [0x000002abbba19820, 0x000002abbba19b10]
Event: 0.744 Thread 0x000002abc777c250  640       4       java.lang.StringLatin1::lastIndexOf (40 bytes)
Event: 0.750 Thread 0x000002abc777c250 nmethod 640 0x000002abbba19c90 code [0x000002abbba19e20, 0x000002abbba1a010]
Event: 0.750 Thread 0x000002abc777c250  631       4       java.lang.CharacterData::of (136 bytes)
Event: 0.750 Thread 0x000002abc777c250 nmethod 631 0x000002abbba1a110 code [0x000002abbba1a2a0, 0x000002abbba1a338]
Event: 0.750 Thread 0x000002abc777c250  632       4       java.lang.CharacterDataLatin1::digit (32 bytes)
Event: 0.751 Thread 0x000002abc777c250 nmethod 632 0x000002abbba1a410 code [0x000002abbba1a5a0, 0x000002abbba1a6c8]
Event: 0.751 Thread 0x000002abc777c250  637       4       java.lang.Character::digit (6 bytes)
Event: 0.753 Thread 0x000002abc777c250 nmethod 637 0x000002abbba1a810 code [0x000002abbba1a9a0, 0x000002abbba1aae0]
Event: 0.753 Thread 0x000002abc777c250  628       4       java.util.HashMap$KeyIterator::next (8 bytes)
Event: 0.758 Thread 0x000002abc777ced0  655       3       sun.security.util.DerInputStream::available (10 bytes)
Event: 0.758 Thread 0x000002abc777ced0 nmethod 655 0x000002abb4004690 code [0x000002abb4004820, 0x000002abb4004930]
Event: 0.763 Thread 0x000002abc777c250 nmethod 628 0x000002abbba1ac90 code [0x000002abbba1ae20, 0x000002abbba1b0b8]
Event: 0.763 Thread 0x000002abc777c250  654       4       java.util.Collections$UnmodifiableCollection::iterator (9 bytes)

GC Heap History (0 events):
No events

Dll operation events (8 events):
Event: 0.020 Loaded shared library c:\Users\PCWORLD\.vscode\extensions\redhat.java-1.53.0-win32-x64\jre\21.0.10-win32-x86_64\bin\java.dll
Event: 0.134 Loaded shared library c:\Users\PCWORLD\.vscode\extensions\redhat.java-1.53.0-win32-x64\jre\21.0.10-win32-x86_64\bin\zip.dll
Event: 0.178 Loaded shared library C:\Users\PCWORLD\.vscode\extensions\redhat.java-1.53.0-win32-x64\jre\21.0.10-win32-x86_64\bin\instrument.dll
Event: 0.186 Loaded shared library C:\Users\PCWORLD\.vscode\extensions\redhat.java-1.53.0-win32-x64\jre\21.0.10-win32-x86_64\bin\net.dll
Event: 0.190 Loaded shared library C:\Users\PCWORLD\.vscode\extensions\redhat.java-1.53.0-win32-x64\jre\21.0.10-win32-x86_64\bin\nio.dll
Event: 0.195 Loaded shared library C:\Users\PCWORLD\.vscode\extensions\redhat.java-1.53.0-win32-x64\jre\21.0.10-win32-x86_64\bin\zip.dll
Event: 0.239 Loaded shared library C:\Users\PCWORLD\.vscode\extensions\redhat.java-1.53.0-win32-x64\jre\21.0.10-win32-x86_64\bin\jimage.dll
Event: 0.374 Loaded shared library c:\Users\PCWORLD\.vscode\extensions\redhat.java-1.53.0-win32-x64\jre\21.0.10-win32-x86_64\bin\verify.dll

Deoptimization events (20 events):
Event: 0.619 Thread 0x000002abb0d010d0 DEOPT PACKING pc=0x000002abbba0e220 sp=0x000000e233dfdff0
Event: 0.619 Thread 0x000002abb0d010d0 DEOPT UNPACKING pc=0x000002abbb493aa2 sp=0x000000e233dfdf80 mode 2
Event: 0.622 Thread 0x000002abb0d010d0 DEOPT PACKING pc=0x000002abb3f6bb98 sp=0x000000e233dfc780
Event: 0.622 Thread 0x000002abb0d010d0 DEOPT UNPACKING pc=0x000002abbb494242 sp=0x000000e233dfbc40 mode 0
Event: 0.626 Thread 0x000002abb0d010d0 DEOPT PACKING pc=0x000002abb3f6bb98 sp=0x000000e233dfcbc0
Event: 0.626 Thread 0x000002abb0d010d0 DEOPT UNPACKING pc=0x000002abbb494242 sp=0x000000e233dfc080 mode 0
Event: 0.631 Thread 0x000002abb0d010d0 DEOPT PACKING pc=0x000002abb3f6bb98 sp=0x000000e233dfc230
Event: 0.631 Thread 0x000002abb0d010d0 DEOPT UNPACKING pc=0x000002abbb494242 sp=0x000000e233dfb6f0 mode 0
Event: 0.638 Thread 0x000002abb0d010d0 DEOPT PACKING pc=0x000002abb3f6bb98 sp=0x000000e233dfc5c0
Event: 0.638 Thread 0x000002abb0d010d0 DEOPT UNPACKING pc=0x000002abbb494242 sp=0x000000e233dfba80 mode 0
Event: 0.640 Thread 0x000002abb0d010d0 DEOPT PACKING pc=0x000002abb3f6bb98 sp=0x000000e233dfc830
Event: 0.640 Thread 0x000002abb0d010d0 DEOPT UNPACKING pc=0x000002abbb494242 sp=0x000000e233dfbcf0 mode 0
Event: 0.674 Thread 0x000002abb0d010d0 Uncommon trap: trap_request=0xffffff45 fr.pc=0x000002abbba12f84 relative=0x0000000000000164
Event: 0.674 Thread 0x000002abb0d010d0 Uncommon trap: reason=unstable_if action=reinterpret pc=0x000002abbba12f84 method=jdk.internal.util.ArraysSupport.vectorizedHashCode(Ljava/lang/Object;IIII)I @ 2 c2
Event: 0.674 Thread 0x000002abb0d010d0 DEOPT PACKING pc=0x000002abbba12f84 sp=0x000000e233dfd120
Event: 0.674 Thread 0x000002abb0d010d0 DEOPT UNPACKING pc=0x000002abbb493aa2 sp=0x000000e233dfd0d0 mode 2
Event: 0.690 Thread 0x000002abb0d010d0 Uncommon trap: trap_request=0xffffff45 fr.pc=0x000002abbba03104 relative=0x00000000000000e4
Event: 0.690 Thread 0x000002abb0d010d0 Uncommon trap: reason=unstable_if action=reinterpret pc=0x000002abbba03104 method=java.net.URI.match(CJJ)Z @ 45 c2
Event: 0.690 Thread 0x000002abb0d010d0 DEOPT PACKING pc=0x000002abbba03104 sp=0x000000e233dfd2a0
Event: 0.690 Thread 0x000002abb0d010d0 DEOPT UNPACKING pc=0x000002abbb493aa2 sp=0x000000e233dfd208 mode 2

Classes loaded (20 events):
Event: 0.721 Loading class sun/security/util/DisabledAlgorithmConstraints$Constraint$Operator done
Event: 0.721 Loading class sun/security/util/DisabledAlgorithmConstraints$DisabledConstraint
Event: 0.721 Loading class sun/security/util/DisabledAlgorithmConstraints$DisabledConstraint done
Event: 0.721 Loading class sun/security/util/DisabledAlgorithmConstraints$Constraints$Holder
Event: 0.722 Loading class sun/security/util/DisabledAlgorithmConstraints$Constraints$Holder done
Event: 0.723 Loading class java/util/regex/Pattern$BnM
Event: 0.723 Loading class java/util/regex/Pattern$BnM done
Event: 0.725 Loading class java/util/regex/Pattern$SliceS
Event: 0.725 Loading class java/util/regex/Pattern$SliceS done
Event: 0.726 Loading class sun/security/util/DisabledAlgorithmConstraints$DenyAfterConstraint
Event: 0.726 Loading class sun/security/util/DisabledAlgorithmConstraints$DenyAfterConstraint done
Event: 0.735 Loading class java/time/ZonedDateTime
Event: 0.736 Loading class java/time/chrono/ChronoZonedDateTime
Event: 0.737 Loading class java/time/chrono/ChronoZonedDateTime done
Event: 0.737 Loading class java/time/ZonedDateTime done
Event: 0.755 Loading class java/time/zone/ZoneOffsetTransition
Event: 0.755 Loading class java/time/zone/ZoneOffsetTransition done
Event: 0.756 Loading class java/util/Collections$SingletonList
Event: 0.757 Loading class java/util/Collections$SingletonList done
Event: 0.759 Loading class sun/security/pkcs/PKCS9Attributes

Classes unloaded (0 events):
No events

Classes redefined (0 events):
No events

Internal exceptions (12 events):
Event: 0.127 Thread 0x000002abb0d010d0 Exception <a 'java/lang/NoSuchMethodError'{0x00000000d57a9160}: 'void java.lang.invoke.DirectMethodHandle$Holder.invokeStatic(java.lang.Object, java.lang.Object, java.lang.Object)'> (0x00000000d57a9160) 
thrown [s\src\hotspot\share\interpreter\linkResolver.cpp, line 773]
Event: 0.226 Thread 0x000002abb0d010d0 Exception <a 'java/lang/NoSuchMethodError'{0x00000000d5911b90}: 'java.lang.Object java.lang.invoke.Invokers$Holder.invokeExact_MT(java.lang.Object, java.lang.Object, java.lang.Object, java.lang.Object, java.lang.Object)'> (0x00000000d5911b90) 
thrown [s\src\hotspot\share\interpreter\linkResolver.cpp, line 773]
Event: 0.310 Thread 0x000002abb0d010d0 Exception <a 'java/lang/NoSuchMethodError'{0x00000000d59ca7e0}: 'int java.lang.invoke.DirectMethodHandle$Holder.invokeSpecial(java.lang.Object, java.lang.Object, java.lang.Object, int)'> (0x00000000d59ca7e0) 
thrown [s\src\hotspot\share\interpreter\linkResolver.cpp, line 773]
Event: 0.315 Thread 0x000002abb0d010d0 Exception <a 'java/lang/NoSuchMethodError'{0x00000000d59dd1c8}: 'java.lang.Object java.lang.invoke.DirectMethodHandle$Holder.invokeStatic(java.lang.Object, java.lang.Object, java.lang.Object, java.lang.Object, int)'> (0x00000000d59dd1c8) 
thrown [s\src\hotspot\share\interpreter\linkResolver.cpp, line 773]
Event: 0.317 Thread 0x000002abb0d010d0 Exception <a 'java/lang/NoSuchMethodError'{0x00000000d59e8608}: 'void java.lang.invoke.DelegatingMethodHandle$Holder.reinvoke_L(java.lang.Object, java.lang.Object, java.lang.Object, int, java.lang.Object)'> (0x00000000d59e8608) 
thrown [s\src\hotspot\share\interpreter\linkResolver.cpp, line 773]
Event: 0.322 Thread 0x000002abb0d010d0 Exception <a 'java/lang/NoSuchMethodError'{0x00000000d59f8f58}: 'int java.lang.invoke.DirectMethodHandle$Holder.invokeSpecial(java.lang.Object, java.lang.Object, java.lang.Object)'> (0x00000000d59f8f58) 
thrown [s\src\hotspot\share\interpreter\linkResolver.cpp, line 773]
Event: 0.325 Thread 0x000002abb0d010d0 Exception <a 'java/lang/NoSuchMethodError'{0x00000000d5a04c18}: 'java.lang.Object java.lang.invoke.DirectMethodHandle$Holder.invokeStatic(java.lang.Object, java.lang.Object, int)'> (0x00000000d5a04c18) 
thrown [s\src\hotspot\share\interpreter\linkResolver.cpp, line 773]
Event: 0.326 Thread 0x000002abb0d010d0 Exception <a 'java/lang/NoSuchMethodError'{0x00000000d5a09568}: 'void java.lang.invoke.DirectMethodHandle$Holder.invokeStatic(java.lang.Object, java.lang.Object, int, java.lang.Object)'> (0x00000000d5a09568) 
thrown [s\src\hotspot\share\interpreter\linkResolver.cpp, line 773]
Event: 0.326 Thread 0x000002abb0d010d0 Exception <a 'java/lang/NoSuchMethodError'{0x00000000d5a0d0f8}: 'void java.lang.invoke.DirectMethodHandle$Holder.invokeSpecial(java.lang.Object, java.lang.Object, java.lang.Object, int, java.lang.Object)'> (0x00000000d5a0d0f8) 
thrown [s\src\hotspot\share\interpreter\linkResolver.cpp, line 773]
Event: 0.327 Thread 0x000002abb0d010d0 Exception <a 'java/lang/NoSuchMethodError'{0x00000000d5a10568}: 'void java.lang.invoke.DelegatingMethodHandle$Holder.delegate(java.lang.Object, java.lang.Object, int, java.lang.Object)'> (0x00000000d5a10568) 
thrown [s\src\hotspot\share\interpreter\linkResolver.cpp, line 773]
Event: 0.409 Thread 0x000002abb0d010d0 Exception <a 'java/lang/NoSuchMethodError'{0x00000000d5bcf7c0}: 'void java.lang.invoke.DelegatingMethodHandle$Holder.reinvoke_L(java.lang.Object, java.lang.Object, java.lang.Object, int)'> (0x00000000d5bcf7c0) 
thrown [s\src\hotspot\share\interpreter\linkResolver.cpp, line 773]
Event: 0.659 Thread 0x000002abb0d010d0 Exception <a 'java/lang/NoSuchMethodError'{0x00000000d605b6a0}: 'void java.lang.invoke.DirectMethodHandle$Holder.invokeVirtual(java.lang.Object, java.lang.Object)'> (0x00000000d605b6a0) 
thrown [s\src\hotspot\share\interpreter\linkResolver.cpp, line 773]

ZGC Phase Switch (0 events):
No events

VM Operations (4 events):
Event: 0.131 Executing non-safepoint VM operation: HandshakeAllThreads (Deoptimize)
Event: 0.131 Executing non-safepoint VM operation: HandshakeAllThreads (Deoptimize) done
Event: 0.268 Executing non-safepoint VM operation: HandshakeAllThreads (Deoptimize)
Event: 0.268 Executing non-safepoint VM operation: HandshakeAllThreads (Deoptimize) done

Memory protections (0 events):
No events

Nmethod flushes (0 events):
No events

Events (11 events):
Event: 0.045 Thread 0x000002abb0d010d0 Thread added: 0x000002abb0d010d0
Event: 0.073 Thread 0x000002abb0d010d0 Thread added: 0x000002abc776a300
Event: 0.073 Thread 0x000002abb0d010d0 Thread added: 0x000002abc776b120
Event: 0.074 Thread 0x000002abb0d010d0 Thread added: 0x000002abc776f480
Event: 0.074 Thread 0x000002abb0d010d0 Thread added: 0x000002abc7770550
Event: 0.074 Thread 0x000002abb0d010d0 Thread added: 0x000002abc7771a10
Event: 0.074 Thread 0x000002abb0d010d0 Thread added: 0x000002abc7777380
Event: 0.074 Thread 0x000002abb0d010d0 Thread added: 0x000002abc777c250
Event: 0.074 Thread 0x000002abb0d010d0 Thread added: 0x000002abc777ced0
Event: 0.181 Thread 0x000002abb0d010d0 Thread added: 0x000002ac0a34b120
Event: 0.543 Thread 0x000002abb0d010d0 Thread added: 0x000002ac0a40aab0


Dynamic libraries:
0x00007ff6ae3b0000 - 0x00007ff6ae3be000 	c:\Users\PCWORLD\.vscode\extensions\redhat.java-1.53.0-win32-x64\jre\21.0.10-win32-x86_64\bin\java.exe
0x00007ffefb620000 - 0x00007ffefb829000 	C:\Windows\SYSTEM32\ntdll.dll
0x00007ffefaea0000 - 0x00007ffefaf5d000 	C:\Windows\System32\KERNEL32.DLL
0x00007ffef8f50000 - 0x00007ffef92d4000 	C:\Windows\System32\KERNELBASE.dll
0x00007ffef92e0000 - 0x00007ffef93f1000 	C:\Windows\System32\ucrtbase.dll
0x00007ffedbe00000 - 0x00007ffedbe18000 	c:\Users\PCWORLD\.vscode\extensions\redhat.java-1.53.0-win32-x64\jre\21.0.10-win32-x86_64\bin\jli.dll
0x00007ffedfac0000 - 0x00007ffedfade000 	c:\Users\PCWORLD\.vscode\extensions\redhat.java-1.53.0-win32-x64\jre\21.0.10-win32-x86_64\bin\VCRUNTIME140.dll
0x00007ffefa040000 - 0x00007ffefa1ed000 	C:\Windows\System32\USER32.dll
0x00007ffee4b50000 - 0x00007ffee4df5000 	C:\Windows\WinSxS\amd64_microsoft.windows.common-controls_6595b64144ccf1df_6.0.22000.120_none_9d947278b86cc467\COMCTL32.dll
0x00007ffef8e00000 - 0x00007ffef8e26000 	C:\Windows\System32\win32u.dll
0x00007ffefa690000 - 0x00007ffefa733000 	C:\Windows\System32\msvcrt.dll
0x00007ffefa570000 - 0x00007ffefa59a000 	C:\Windows\System32\GDI32.dll
0x00007ffef8e30000 - 0x00007ffef8f4e000 	C:\Windows\System32\gdi32full.dll
0x00007ffef8ab0000 - 0x00007ffef8b4d000 	C:\Windows\System32\msvcp_win.dll
0x00007ffefb290000 - 0x00007ffefb2c1000 	C:\Windows\System32\IMM32.DLL
0x00007ffee6100000 - 0x00007ffee610c000 	c:\Users\PCWORLD\.vscode\extensions\redhat.java-1.53.0-win32-x64\jre\21.0.10-win32-x86_64\bin\vcruntime140_1.dll
0x00007ffec7780000 - 0x00007ffec780d000 	c:\Users\PCWORLD\.vscode\extensions\redhat.java-1.53.0-win32-x64\jre\21.0.10-win32-x86_64\bin\msvcp140.dll
0x00007ffea6820000 - 0x00007ffea75c1000 	c:\Users\PCWORLD\.vscode\extensions\redhat.java-1.53.0-win32-x64\jre\21.0.10-win32-x86_64\bin\server\jvm.dll
0x00007ffefb2d0000 - 0x00007ffefb37e000 	C:\Windows\System32\ADVAPI32.dll
0x00007ffefb540000 - 0x00007ffefb5de000 	C:\Windows\System32\sechost.dll
0x00007ffefa8f0000 - 0x00007ffefaa11000 	C:\Windows\System32\RPCRT4.dll
0x00007ffefb4d0000 - 0x00007ffefb53f000 	C:\Windows\System32\WS2_32.dll
0x00007ffeefe00000 - 0x00007ffeefe33000 	C:\Windows\SYSTEM32\WINMM.dll
0x00007ffef8980000 - 0x00007ffef89cd000 	C:\Windows\SYSTEM32\POWRPROF.dll
0x00007ffeeb9f0000 - 0x00007ffeeb9fa000 	C:\Windows\SYSTEM32\VERSION.dll
0x00007ffef88b0000 - 0x00007ffef88c3000 	C:\Windows\SYSTEM32\UMPDC.dll
0x00007ffef7ae0000 - 0x00007ffef7af8000 	C:\Windows\SYSTEM32\kernel.appcore.dll
0x00007ffee4aa0000 - 0x00007ffee4aaa000 	c:\Users\PCWORLD\.vscode\extensions\redhat.java-1.53.0-win32-x64\jre\21.0.10-win32-x86_64\bin\jimage.dll
0x00007ffef5c20000 - 0x00007ffef5e41000 	C:\Windows\SYSTEM32\DBGHELP.DLL
0x00007ffee2b60000 - 0x00007ffee2b91000 	C:\Windows\SYSTEM32\dbgcore.DLL
0x00007ffef8b50000 - 0x00007ffef8bcf000 	C:\Windows\System32\bcryptPrimitives.dll
0x00007ffee0a50000 - 0x00007ffee0a5f000 	c:\Users\PCWORLD\.vscode\extensions\redhat.java-1.53.0-win32-x64\jre\21.0.10-win32-x86_64\bin\instrument.dll
0x00007ffedbcb0000 - 0x00007ffedbcd0000 	c:\Users\PCWORLD\.vscode\extensions\redhat.java-1.53.0-win32-x64\jre\21.0.10-win32-x86_64\bin\java.dll
0x00007ffef9780000 - 0x00007ffef9f45000 	C:\Windows\System32\SHELL32.dll
0x00007ffef6b40000 - 0x00007ffef73a2000 	C:\Windows\SYSTEM32\windows.storage.dll
0x00007ffefa1f0000 - 0x00007ffefa566000 	C:\Windows\System32\combase.dll
0x00007ffef69d0000 - 0x00007ffef6b37000 	C:\Windows\SYSTEM32\wintypes.dll
0x00007ffefa5a0000 - 0x00007ffefa68a000 	C:\Windows\System32\SHCORE.dll
0x00007ffefaf60000 - 0x00007ffefafbd000 	C:\Windows\System32\shlwapi.dll
0x00007ffef89e0000 - 0x00007ffef8a05000 	C:\Windows\SYSTEM32\profapi.dll
0x00007ffeda730000 - 0x00007ffeda748000 	c:\Users\PCWORLD\.vscode\extensions\redhat.java-1.53.0-win32-x64\jre\21.0.10-win32-x86_64\bin\zip.dll
0x00007ffee0a40000 - 0x00007ffee0a50000 	C:\Users\PCWORLD\.vscode\extensions\redhat.java-1.53.0-win32-x64\jre\21.0.10-win32-x86_64\bin\net.dll
0x00007ffeeffc0000 - 0x00007ffef00d4000 	C:\Windows\SYSTEM32\WINHTTP.dll
0x00007ffef7f80000 - 0x00007ffef7fe7000 	C:\Windows\system32\mswsock.dll
0x00007ffedaa20000 - 0x00007ffedaa36000 	C:\Users\PCWORLD\.vscode\extensions\redhat.java-1.53.0-win32-x64\jre\21.0.10-win32-x86_64\bin\nio.dll
0x00007ffee06f0000 - 0x00007ffee0700000 	c:\Users\PCWORLD\.vscode\extensions\redhat.java-1.53.0-win32-x64\jre\21.0.10-win32-x86_64\bin\verify.dll

JVMTI agents:
c:\Users\PCWORLD\.vscode\extensions\redhat.java-1.53.0-win32-x64\lombok\lombok-1.18.39-4050.jar path:c:\Users\PCWORLD\.vscode\extensions\redhat.java-1.53.0-win32-x64\jre\21.0.10-win32-x86_64\bin\instrument.dll, loaded, initialized, instrumentlib options:none

dbghelp: loaded successfully - version: 4.0.5 - missing functions: none
symbol engine: initialized successfully - sym options: 0x614 - pdb path: .;c:\Users\PCWORLD\.vscode\extensions\redhat.java-1.53.0-win32-x64\jre\21.0.10-win32-x86_64\bin;C:\Windows\SYSTEM32;C:\Windows\WinSxS\amd64_microsoft.windows.common-controls_6595b64144ccf1df_6.0.22000.120_none_9d947278b86cc467;c:\Users\PCWORLD\.vscode\extensions\redhat.java-1.53.0-win32-x64\jre\21.0.10-win32-x86_64\bin\server

VM Arguments:
jvm_args: --add-modules=ALL-SYSTEM --add-opens=java.base/java.util=ALL-UNNAMED --add-opens=java.base/java.lang=ALL-UNNAMED --add-opens=java.base/sun.nio.fs=ALL-UNNAMED -Declipse.application=org.eclipse.jdt.ls.core.id1 -Dosgi.bundles.defaultStartLevel=4 -Declipse.product=org.eclipse.jdt.ls.core.product -Djava.import.generatesMetadataFilesAtProjectRoot=false -DDetectVMInstallationsJob.disabled=true -Dfile.encoding=utf8 -XX:+UseParallelGC -XX:GCTimeRatio=4 -XX:AdaptiveSizePolicyWeight=90 -Dsun.zip.disableMemoryMapping=true -Xmx2G -Xms100m -Xlog:disable -javaagent:c:\Users\PCWORLD\.vscode\extensions\redhat.java-1.53.0-win32-x64\lombok\lombok-1.18.39-4050.jar 
java_command: c:\Users\PCWORLD\.vscode\extensions\redhat.java-1.53.0-win32-x64\server\plugins\org.eclipse.equinox.launcher_1.7.100.v20251111-0406.jar -configuration c:\Users\PCWORLD\AppData\Roaming\Code\User\globalStorage\redhat.java\1.53.0\config_ss_win -data c:\Users\PCWORLD\AppData\Roaming\Code\User\workspaceStorage\15d350eac09e9ebb76c56e029fd2021d\redhat.java\ss_ws --pipe=\\.\pipe\lsp-a6d3f6ed749055e11522180f7a2fa16f-sock
java_class_path (initial): c:\Users\PCWORLD\.vscode\extensions\redhat.java-1.53.0-win32-x64\server\plugins\org.eclipse.equinox.launcher_1.7.100.v20251111-0406.jar
Launcher Type: SUN_STANDARD

[Global flags]
    uintx AdaptiveSizePolicyWeight                 = 90                                        {product} {command line}
     intx CICompilerCount                          = 4                                         {product} {ergonomic}
    uintx GCTimeRatio                              = 4                                         {product} {command line}
   size_t InitialHeapSize                          = 104857600                                 {product} {command line}
   size_t MaxHeapSize                              = 2147483648                                {product} {command line}
   size_t MaxNewSize                               = 715653120                                 {product} {ergonomic}
   size_t MinHeapDeltaBytes                        = 524288                                    {product} {ergonomic}
   size_t MinHeapSize                              = 104857600                                 {product} {command line}
   size_t NewSize                                  = 34603008                                  {product} {ergonomic}
    uintx NonNMethodCodeHeapSize                   = 5839372                                {pd product} {ergonomic}
    uintx NonProfiledCodeHeapSize                  = 122909434                              {pd product} {ergonomic}
   size_t OldSize                                  = 70254592                                  {product} {ergonomic}
    uintx ProfiledCodeHeapSize                     = 122909434                              {pd product} {ergonomic}
    uintx ReservedCodeCacheSize                    = 251658240                              {pd product} {ergonomic}
     bool SegmentedCodeCache                       = true                                      {product} {ergonomic}
   size_t SoftMaxHeapSize                          = 2147483648                             {manageable} {ergonomic}
     bool UseCompressedOops                        = true                           {product lp64_product} {ergonomic}
     bool UseLargePagesIndividualAllocation        = false                                  {pd product} {ergonomic}
     bool UseParallelGC                            = true                                      {product} {command line}

Logging:
Log output configuration:
 #0: stdout all=off uptime,level,tags foldmultilines=false
 #1: stderr all=off uptime,level,tags foldmultilines=false

Release file:
JAVA_VERSION="21.0.10" 
MODULES="java.base java.compiler java.datatransfer java.xml java.prefs java.desktop java.instrument java.logging java.management java.security.sasl java.naming java.rmi java.management.rmi java.net.http java.scripting java.security.jgss java.transaction.xa java.sql java.sql.rowset java.xml.crypto java.se java.smartcardio jdk.accessibility jdk.internal.jvmstat jdk.attach jdk.charsets jdk.internal.opt jdk.zipfs jdk.compiler jdk.crypto.ec jdk.crypto.cryptoki jdk.crypto.mscapi jdk.dynalink jdk.internal.ed jdk.editpad jdk.hotspot.agent jdk.httpserver jdk.internal.le jdk.internal.vm.ci jdk.internal.vm.compiler jdk.internal.vm.compiler.management jdk.jartool jdk.javadoc jdk.jcmd jdk.management jdk.management.agent jdk.jconsole jdk.jdeps jdk.jdwp.agent jdk.jdi jdk.jfr jdk.jshell jdk.jsobject jdk.jstatd jdk.localedata jdk.management.jfr jdk.naming.dns jdk.naming.rmi jdk.net jdk.nio.mapmode jdk.random jdk.sctp jdk.security.auth jdk.security.jgss jdk.unsupported jdk.unsupported.desktop jdk.xml.dom" 

Environment Variables:
PATH=C:\Program Files\Common Files\Oracle\Java\javapath;C:\Windows\system32;C:\Windows;C:\Windows\System32\Wbem;C:\Windows\System32\WindowsPowerShell\v1.0\;C:\Windows\System32\OpenSSH\;C:\Program Files (x86)\Intel\Intel(R) Management Engine Components\DAL;C:\Program Files\Intel\Intel(R) Management Engine Components\DAL;C:\Program Files\Git\cmd;C:\Program Files\nodejs\;C:\ProgramData\chocolatey\bin;C:\Users\PCWORLD\Downloads\platform-tools-latest-windows\platform-tools;;C:\Program Files\Docker\Docker\resources\bin;E:\program_files\cursor\resources\app\bin;C:\Users\PCWORLD\AppData\Local\Programs\Python\Python313\Scripts\;C:\Users\PCWORLD\AppData\Local\Programs\Python\Python313\;C:\Users\PCWORLD\AppData\Local\Programs\Python\Launcher\;C:\Users\PCWORLD\AppData\Local\Microsoft\WindowsApps;C:\Users\PCWORLD\AppData\Local\Programs\Microsoft VS Code\bin;C:\Users\PCWORLD\AppData\Roaming\npm;E:\program_files\Antigravity\bin
USERNAME=PCWORLD
OS=Windows_NT
PROCESSOR_IDENTIFIER=Intel64 Family 6 Model 142 Stepping 10, GenuineIntel
TMP=C:\Users\PCWORLD\AppData\Local\Temp
TEMP=C:\Users\PCWORLD\AppData\Local\Temp




Periodic native trim disabled

---------------  S Y S T E M  ---------------

OS:
 Windows 11 , 64 bit Build 22000 (10.0.22000.2538)
OS uptime: 0 days 16:20 hours
Hyper-V role detected

CPU: total 8 (initial active 8) (4 cores per cpu, 2 threads per core) family 6 model 142 stepping 10 microcode 0xe0, cx8, cmov, fxsr, ht, mmx, 3dnowpref, sse, sse2, sse3, ssse3, sse4.1, sse4.2, popcnt, lzcnt, tsc, tscinvbit, avx, avx2, aes, erms, clmul, bmi1, bmi2, rtm, adx, fma, vzeroupper, clflush, clflushopt, hv, rdtscp, f16c
Processor Information for the first 8 processors :
  Max Mhz: 2112, Current Mhz: 1910, Mhz Limit: 1900

Memory: 4k page, system-wide physical 8071M (534M free)
TotalPageFile size 26821M (AvailPageFile size 166M)
current process WorkingSet (physical memory assigned to process): 52M, peak: 52M
current process commit charge ("private bytes"): 226M, peak: 226M

vm_info: OpenJDK 64-Bit Server VM (21.0.10+7-LTS) for windows-amd64 JRE (21.0.10+7-LTS), built on 2026-01-20T00:00:00Z by "admin" with MS VC++ 17.12 (VS2022)

END.
