#
# There is insufficient memory for the Java Runtime Environment to continue.
# Native memory allocation (malloc) failed to allocate 1319136 bytes. Error detail: Chunk::new
# Possible reasons:
#   The system is out of physical RAM or swap space
#   This process is running with CompressedOops enabled, and the Java Heap may be blocking the growth of the native heap
# Possible solutions:
#   Reduce memory load on the system
#   Increase physical memory or swap space
#   Check if swap backing store is full
#   Decrease Java heap size (-Xmx/-Xms)
#   Decrease number of Java threads
#   Decrease Java thread stack sizes (-Xss)
#   Set larger code cache with -XX:ReservedCodeCacheSize=
#   JVM is running with Unscaled Compressed Oops mode in which the Java heap is
#     placed in the first 4GB address space. The Java Heap base address is the
#     maximum limit for the native heap growth. Please use -XX:HeapBaseMinAddress
#     to set the Java Heap base and to place the Java Heap above 4GB virtual address.
# This output file may be truncated or incomplete.
#
#  Out of Memory Error (arena.cpp:168), pid=12452, tid=19484
#
# JRE version: OpenJDK Runtime Environment Temurin-21.0.10+7 (21.0.10+7) (build 21.0.10+7-LTS)
# Java VM: OpenJDK 64-Bit Server VM Temurin-21.0.10+7 (21.0.10+7-LTS, mixed mode, sharing, tiered, compressed oops, compressed class ptrs, parallel gc, windows-amd64)
# No core dump will be written. Minidumps are not enabled by default on client versions of Windows
#

---------------  S U M M A R Y ------------

Command Line: --add-modules=ALL-SYSTEM --add-opens=java.base/java.util=ALL-UNNAMED --add-opens=java.base/java.lang=ALL-UNNAMED --add-opens=java.base/sun.nio.fs=ALL-UNNAMED -Declipse.application=org.eclipse.jdt.ls.core.id1 -Dosgi.bundles.defaultStartLevel=4 -Declipse.product=org.eclipse.jdt.ls.core.product -Djava.import.generatesMetadataFilesAtProjectRoot=false -DDetectVMInstallationsJob.disabled=true -Dfile.encoding=utf8 -XX:+UseParallelGC -XX:GCTimeRatio=4 -XX:AdaptiveSizePolicyWeight=90 -Dsun.zip.disableMemoryMapping=true -Xmx2G -Xms100m -Xlog:disable -javaagent:c:\Users\PCWORLD\.vscode\extensions\redhat.java-1.53.0-win32-x64\lombok\lombok-1.18.39-4050.jar -XX:+HeapDumpOnOutOfMemoryError -XX:HeapDumpPath=c:\Users\PCWORLD\AppData\Roaming\Code\User\workspaceStorage\15d350eac09e9ebb76c56e029fd2021d\redhat.java -Daether.dependencyCollector.impl=bf c:\Users\PCWORLD\.vscode\extensions\redhat.java-1.53.0-win32-x64\server\plugins\org.eclipse.equinox.launcher_1.7.100.v20251111-0406.jar -configuration c:\Users\PCWORLD\AppData\Roaming\Code\User\globalStorage\redhat.java\1.53.0\config_win -data c:\Users\PCWORLD\AppData\Roaming\Code\User\workspaceStorage\15d350eac09e9ebb76c56e029fd2021d\redhat.java\jdt_ws --pipe=\\.\pipe\lsp-7d4d6cb8a5d04ee424919944754687f9-sock

Host: Intel(R) Core(TM) i7-8650U CPU @ 1.90GHz, 8 cores, 7G,  Windows 11 , 64 bit Build 22000 (10.0.22000.2538)
Time: Tue Apr  7 12:18:40 2026 Sri Lanka Standard Time elapsed time: 11553.109752 seconds (0d 3h 12m 33s)

---------------  T H R E A D  ---------------

Current thread (0x000001ca121b8e90):  JavaThread "C2 CompilerThread0" daemon [_thread_in_native, id=19484, stack(0x0000007b79500000,0x0000007b79600000) (1024K)]


Current CompileTask:
C2:11553109 22213 % !   4       org.eclipse.jdt.internal.core.ClassFileInfo::generateMethodInfos @ 574 (750 bytes)

Stack: [0x0000007b79500000,0x0000007b79600000]
Native frames: (J=compiled Java code, j=interpreted, Vv=VM code, C=native code)
V  [jvm.dll+0x6d7a39]
V  [jvm.dll+0x8b4b26]
V  [jvm.dll+0x8b70de]
V  [jvm.dll+0x8b77c3]
V  [jvm.dll+0x284346]
V  [jvm.dll+0xc66ed]
V  [jvm.dll+0xc6c31]
V  [jvm.dll+0x2fb29e]
V  [jvm.dll+0x5fe884]
V  [jvm.dll+0x255b17]
V  [jvm.dll+0x255edd]
V  [jvm.dll+0x24e500]
V  [jvm.dll+0x24ba42]
V  [jvm.dll+0x1cb34e]
V  [jvm.dll+0x25b85d]
V  [jvm.dll+0x259dea]
V  [jvm.dll+0x3f857e]
V  [jvm.dll+0x85f59d]
V  [jvm.dll+0x6d626d]
C  [ucrtbase.dll+0x26c0c]
C  [KERNEL32.DLL+0x153e0]
C  [ntdll.dll+0x485b]


---------------  P R O C E S S  ---------------

Threads class SMR info:
_java_thread_list=0x000001ca192d1c10, length=62, elements={
0x000001c9ba643ff0, 0x000001ca121ad620, 0x000001ca121aed90, 0x000001ca121b4520,
0x000001ca121b5240, 0x000001ca121b61e0, 0x000001ca121b8050, 0x000001ca121b8e90,
0x000001ca121e5160, 0x000001ca13c423c0, 0x000001ca13dbc6d0, 0x000001ca18221200,
0x000001ca18759f90, 0x000001ca184d7fd0, 0x000001ca184e0650, 0x000001ca18c6cb10,
0x000001ca18ff3320, 0x000001ca13aa5eb0, 0x000001ca13aa5190, 0x000001ca13aa6540,
0x000001ca1884c8c0, 0x000001ca1884bba0, 0x000001ca1884a7f0, 0x000001ca1884c230,
0x000001ca18849440, 0x000001ca18849ad0, 0x000001ca1884a160, 0x000001ca1884ae80,
0x000001ca1884b510, 0x000001ca1b6ed7d0, 0x000001ca1b6f05c0, 0x000001ca1b6ed140,
0x000001ca1b6ede60, 0x000001ca1b6ee4f0, 0x000001ca1b6eeb80, 0x000001ca1b6ebd90,
0x000001ca1b6ef8a0, 0x000001ca1b6eff30, 0x000001ca1b6f2690, 0x000001ca1b6ecab0,
0x000001ca1b6f2d20, 0x000001ca13aa6bd0, 0x000001ca13aa7260, 0x000001ca13aa4b00,
0x000001ca1baab8b0, 0x000001ca1baa97e0, 0x000001ca1baa8ac0, 0x000001ca1baa8430,
0x000001ca1baabf40, 0x000001ca1baa69f0, 0x000001ca1baaa500, 0x000001ca1baa6360,
0x000001ca1baa9e70, 0x000001ca1ba49740, 0x000001ca1ba4aaf0, 0x000001ca1ba4b810,
0x000001ca1ba49dd0, 0x000001ca1ba4bea0, 0x000001ca1ba4a460, 0x000001ca1baa5cd0,
0x000001ca1baa7710, 0x000001ca1b6eb700
}

Java Threads: ( => current thread )
  0x000001c9ba643ff0 JavaThread "main"                              [_thread_blocked, id=17380, stack(0x0000007b78b00000,0x0000007b78c00000) (1024K)]
  0x000001ca121ad620 JavaThread "Reference Handler"          daemon [_thread_blocked, id=16644, stack(0x0000007b78f00000,0x0000007b79000000) (1024K)]
  0x000001ca121aed90 JavaThread "Finalizer"                  daemon [_thread_blocked, id=11368, stack(0x0000007b79000000,0x0000007b79100000) (1024K)]
  0x000001ca121b4520 JavaThread "Signal Dispatcher"          daemon [_thread_blocked, id=13300, stack(0x0000007b79100000,0x0000007b79200000) (1024K)]
  0x000001ca121b5240 JavaThread "Attach Listener"            daemon [_thread_blocked, id=5000, stack(0x0000007b79200000,0x0000007b79300000) (1024K)]
  0x000001ca121b61e0 JavaThread "Service Thread"             daemon [_thread_blocked, id=12844, stack(0x0000007b79300000,0x0000007b79400000) (1024K)]
  0x000001ca121b8050 JavaThread "Monitor Deflation Thread"   daemon [_thread_blocked, id=2212, stack(0x0000007b79400000,0x0000007b79500000) (1024K)]
=>0x000001ca121b8e90 JavaThread "C2 CompilerThread0"         daemon [_thread_in_native, id=19484, stack(0x0000007b79500000,0x0000007b79600000) (1024K)]
  0x000001ca121e5160 JavaThread "C1 CompilerThread0"         daemon [_thread_blocked, id=6536, stack(0x0000007b79600000,0x0000007b79700000) (1024K)]
  0x000001ca13c423c0 JavaThread "Common-Cleaner"             daemon [_thread_blocked, id=19588, stack(0x0000007b79700000,0x0000007b79800000) (1024K)]
  0x000001ca13dbc6d0 JavaThread "Notification Thread"        daemon [_thread_blocked, id=20376, stack(0x0000007b79800000,0x0000007b79900000) (1024K)]
  0x000001ca18221200 JavaThread "Active Thread: Equinox Container: 6d76062f-93aa-488e-bdb3-5004378170bf"        [_thread_blocked, id=20156, stack(0x0000007b79f00000,0x0000007b7a000000) (1024K)]
  0x000001ca18759f90 JavaThread "Refresh Thread: Equinox Container: 6d76062f-93aa-488e-bdb3-5004378170bf" daemon [_thread_blocked, id=19624, stack(0x0000007b7a100000,0x0000007b7a200000) (1024K)]
  0x000001ca184d7fd0 JavaThread "Framework Event Dispatcher: Equinox Container: 6d76062f-93aa-488e-bdb3-5004378170bf" daemon [_thread_blocked, id=13788, stack(0x0000007b7a200000,0x0000007b7a300000) (1024K)]
  0x000001ca184e0650 JavaThread "Start Level: Equinox Container: 6d76062f-93aa-488e-bdb3-5004378170bf" daemon [_thread_blocked, id=2580, stack(0x0000007b7a300000,0x0000007b7a400000) (1024K)]
  0x000001ca18c6cb10 JavaThread "Bundle File Closer"         daemon [_thread_blocked, id=19512, stack(0x0000007b7a400000,0x0000007b7a500000) (1024K)]
  0x000001ca18ff3320 JavaThread "SCR Component Actor"        daemon [_thread_blocked, id=20308, stack(0x0000007b7a500000,0x0000007b7a600000) (1024K)]
  0x000001ca13aa5eb0 JavaThread "Worker-JM"                         [_thread_blocked, id=14408, stack(0x0000007b7a600000,0x0000007b7a700000) (1024K)]
  0x000001ca13aa5190 JavaThread "JNA Cleaner"                daemon [_thread_blocked, id=20276, stack(0x0000007b7a700000,0x0000007b7a800000) (1024K)]
  0x000001ca13aa6540 JavaThread "Java indexing"              daemon [_thread_blocked, id=20408, stack(0x0000007b7ac00000,0x0000007b7ad00000) (1024K)]
  0x000001ca1884c8c0 JavaThread "Worker-4"                          [_thread_blocked, id=13872, stack(0x0000007b7b000000,0x0000007b7b100000) (1024K)]
  0x000001ca1884bba0 JavaThread "Thread-1"                   daemon [_thread_in_native, id=11420, stack(0x0000007b7b100000,0x0000007b7b200000) (1024K)]
  0x000001ca1884a7f0 JavaThread "Thread-2"                   daemon [_thread_in_native, id=18384, stack(0x0000007b7b200000,0x0000007b7b300000) (1024K)]
  0x000001ca1884c230 JavaThread "Thread-3"                   daemon [_thread_in_native, id=1760, stack(0x0000007b7b300000,0x0000007b7b400000) (1024K)]
  0x000001ca18849440 JavaThread "Thread-4"                   daemon [_thread_in_native, id=11060, stack(0x0000007b7b400000,0x0000007b7b500000) (1024K)]
  0x000001ca18849ad0 JavaThread "Thread-5"                   daemon [_thread_in_native, id=13920, stack(0x0000007b7b500000,0x0000007b7b600000) (1024K)]
  0x000001ca1884a160 JavaThread "Thread-6"                   daemon [_thread_in_native, id=17224, stack(0x0000007b7b600000,0x0000007b7b700000) (1024K)]
  0x000001ca1884ae80 JavaThread "Thread-7"                   daemon [_thread_in_native, id=19568, stack(0x0000007b7b700000,0x0000007b7b800000) (1024K)]
  0x000001ca1884b510 JavaThread "Thread-8"                   daemon [_thread_in_native, id=9100, stack(0x0000007b7b800000,0x0000007b7b900000) (1024K)]
  0x000001ca1b6ed7d0 JavaThread "Thread-9"                   daemon [_thread_in_native, id=3312, stack(0x0000007b7b900000,0x0000007b7ba00000) (1024K)]
  0x000001ca1b6f05c0 JavaThread "pool-2-thread-1"                   [_thread_blocked, id=5532, stack(0x0000007b7ba00000,0x0000007b7bb00000) (1024K)]
  0x000001ca1b6ed140 JavaThread "WorkspaceEventsHandler"            [_thread_blocked, id=9844, stack(0x0000007b7bc00000,0x0000007b7bd00000) (1024K)]
  0x000001ca1b6ede60 JavaThread "pool-1-thread-1"                   [_thread_blocked, id=14724, stack(0x0000007b7bd00000,0x0000007b7be00000) (1024K)]
  0x000001ca1b6ee4f0 JavaThread "LocalFile Deleter"          daemon [_thread_blocked, id=23488, stack(0x0000007b7a800000,0x0000007b7a900000) (1024K)]
  0x000001ca1b6eeb80 JavaThread "LocalFile Deleter"          daemon [_thread_blocked, id=11336, stack(0x0000007b7aa00000,0x0000007b7ab00000) (1024K)]
  0x000001ca1b6ebd90 JavaThread "LocalFile Deleter"          daemon [_thread_blocked, id=9452, stack(0x0000007b7ab00000,0x0000007b7ac00000) (1024K)]
  0x000001ca1b6ef8a0 JavaThread "LocalFile Deleter"          daemon [_thread_blocked, id=15256, stack(0x0000007b7ad00000,0x0000007b7ae00000) (1024K)]
  0x000001ca1b6eff30 JavaThread "LocalFile Deleter"          daemon [_thread_blocked, id=14308, stack(0x0000007b7ae00000,0x0000007b7af00000) (1024K)]
  0x000001ca1b6f2690 JavaThread "Compiler Source File Reader" daemon [_thread_blocked, id=16896, stack(0x0000007b7be00000,0x0000007b7bf00000) (1024K)]
  0x000001ca1b6ecab0 JavaThread "Compiler Source File Reader" daemon [_thread_blocked, id=9060, stack(0x0000007b7bf00000,0x0000007b7c000000) (1024K)]
  0x000001ca1b6f2d20 JavaThread "Compiler Source File Reader" daemon [_thread_blocked, id=17728, stack(0x0000007b7c000000,0x0000007b7c100000) (1024K)]
  0x000001ca13aa6bd0 JavaThread "Compiler Source File Reader" daemon [_thread_blocked, id=21864, stack(0x0000007b7c100000,0x0000007b7c200000) (1024K)]
  0x000001ca13aa7260 JavaThread "Compiler Source File Reader" daemon [_thread_blocked, id=16960, stack(0x0000007b7c200000,0x0000007b7c300000) (1024K)]
  0x000001ca13aa4b00 JavaThread "Compiler Source File Reader" daemon [_thread_blocked, id=21796, stack(0x0000007b7c300000,0x0000007b7c400000) (1024K)]
  0x000001ca1baab8b0 JavaThread "Worker-5"                          [_thread_blocked, id=22092, stack(0x0000007b7c500000,0x0000007b7c600000) (1024K)]
  0x000001ca1baa97e0 JavaThread "Compiler Class File Writer" daemon [_thread_blocked, id=5848, stack(0x0000007b7c700000,0x0000007b7c800000) (1024K)]
  0x000001ca1baa8ac0 JavaThread "Compiler Class File Writer" daemon [_thread_blocked, id=22196, stack(0x0000007b7c800000,0x0000007b7c900000) (1024K)]
  0x000001ca1baa8430 JavaThread "Compiler Class File Writer" daemon [_thread_blocked, id=4284, stack(0x0000007b7c900000,0x0000007b7ca00000) (1024K)]
  0x000001ca1baabf40 JavaThread "Compiler Class File Writer" daemon [_thread_blocked, id=14068, stack(0x0000007b7ca00000,0x0000007b7cb00000) (1024K)]
  0x000001ca1baa69f0 JavaThread "Compiler Class File Writer" daemon [_thread_blocked, id=23336, stack(0x0000007b7cc00000,0x0000007b7cd00000) (1024K)]
  0x000001ca1baaa500 JavaThread "Compiler Class File Writer" daemon [_thread_blocked, id=14236, stack(0x0000007b7cd00000,0x0000007b7ce00000) (1024K)]
  0x000001ca1baa6360 JavaThread "ForkJoinPool.commonPool-worker-17" daemon [_thread_blocked, id=3424, stack(0x0000007b7ce00000,0x0000007b7cf00000) (1024K)]
  0x000001ca1baa9e70 JavaThread "ForkJoinPool.commonPool-worker-18" daemon [_thread_blocked, id=19360, stack(0x0000007b7cf00000,0x0000007b7d000000) (1024K)]
  0x000001ca1ba49740 JavaThread "ForkJoinPool.commonPool-worker-19" daemon [_thread_blocked, id=19180, stack(0x0000007b78900000,0x0000007b78a00000) (1024K)]
  0x000001ca1ba4aaf0 JavaThread "ForkJoinPool.commonPool-worker-20" daemon [_thread_blocked, id=7964, stack(0x0000007b78a00000,0x0000007b78b00000) (1024K)]
  0x000001ca1ba4b810 JavaThread "ForkJoinPool.commonPool-worker-21" daemon [_thread_blocked, id=13976, stack(0x0000007b7cb00000,0x0000007b7cc00000) (1024K)]
  0x000001ca1ba49dd0 JavaThread "ForkJoinPool.commonPool-worker-22" daemon [_thread_blocked, id=20200, stack(0x0000007b7d100000,0x0000007b7d200000) (1024K)]
  0x000001ca1ba4bea0 JavaThread "Cleaner-0"                  daemon [_thread_blocked, id=2804, stack(0x0000007b7d300000,0x0000007b7d400000) (1024K)]
  0x000001ca1ba4a460 JavaThread "ForkJoinPool.commonPool-worker-23" daemon [_thread_blocked, id=19964, stack(0x0000007b7d200000,0x0000007b7d300000) (1024K)]
  0x000001ca1baa5cd0 JavaThread "Worker-8: Validate documents"        [_thread_in_Java, id=12444, stack(0x0000007b7a900000,0x0000007b7aa00000) (1024K)]
  0x000001ca1baa7710 JavaThread "Compiler Processing Task"   daemon [_thread_blocked, id=15764, stack(0x0000007b7af00000,0x0000007b7b000000) (1024K)]
  0x000001ca1b6eb700 JavaThread "pool-1-thread-3"                   [_thread_blocked, id=10752, stack(0x0000007b7bb00000,0x0000007b7bc00000) (1024K)]
Total: 62

Other Threads:
  0x000001ca121a23f0 VMThread "VM Thread"                           [id=14976, stack(0x0000007b78e00000,0x0000007b78f00000) (1024K)]
  0x000001ca120dca00 WatcherThread "VM Periodic Task Thread"        [id=12364, stack(0x0000007b78d00000,0x0000007b78e00000) (1024K)]
  0x000001c9ba661e30 WorkerThread "GC Thread#0"                     [id=2744, stack(0x0000007b78c00000,0x0000007b78d00000) (1024K)]
  0x000001ca1803f160 WorkerThread "GC Thread#1"                     [id=16124, stack(0x0000007b79900000,0x0000007b79a00000) (1024K)]
  0x000001ca180fe3b0 WorkerThread "GC Thread#2"                     [id=19864, stack(0x0000007b79a00000,0x0000007b79b00000) (1024K)]
  0x000001ca180fe760 WorkerThread "GC Thread#3"                     [id=11560, stack(0x0000007b79b00000,0x0000007b79c00000) (1024K)]
  0x000001ca180feb10 WorkerThread "GC Thread#4"                     [id=13660, stack(0x0000007b79c00000,0x0000007b79d00000) (1024K)]
  0x000001ca180feec0 WorkerThread "GC Thread#5"                     [id=1272, stack(0x0000007b79d00000,0x0000007b79e00000) (1024K)]
  0x000001ca180ff270 WorkerThread "GC Thread#6"                     [id=8688, stack(0x0000007b79e00000,0x0000007b79f00000) (1024K)]
  0x000001ca18639000 WorkerThread "GC Thread#7"                     [id=19600, stack(0x0000007b7a000000,0x0000007b7a100000) (1024K)]
Total: 10

Threads with active compile tasks:
C2 CompilerThread0  11553192 22213 % !   4       org.eclipse.jdt.internal.core.ClassFileInfo::generateMethodInfos @ 574 (750 bytes)
Total: 1

VM state: not at safepoint (normal execution)

VM Mutex/Monitor currently owned by a thread: None

Heap address: 0x0000000080000000, size: 2048 MB, Compressed Oops mode: 32-bit

CDS archive(s) mapped at: [0x000001c9d1000000-0x000001c9d1ba0000-0x000001c9d1ba0000), size 12189696, SharedBaseAddress: 0x000001c9d1000000, ArchiveRelocationMode: 1.
Compressed class space mapped at: 0x000001c9d2000000-0x000001ca12000000, reserved size: 1073741824
Narrow klass base: 0x000001c9d1000000, Narrow klass shift: 0, Narrow klass range: 0x100000000

GC Precious Log:
 CardTable entry size: 512
 CPUs: 8 total, 8 available
 Memory: 8071M
 Large Page Support: Disabled
 NUMA Support: Disabled
 Compressed Oops: Enabled (32-bit)
 Alignments: Space 512K, Generation 512K, Heap 2M
 Heap Min Capacity: 100M
 Heap Initial Capacity: 100M
 Heap Max Capacity: 2G
 Pre-touch: Disabled
 Parallel Workers: 8

Heap:
 PSYoungGen      total 8704K, used 6672K [0x00000000d5580000, 0x00000000d6900000, 0x0000000100000000)
  eden space 7168K, 71% used [0x00000000d5580000,0x00000000d5a84198,0x00000000d5c80000)
  from space 1536K, 100% used [0x00000000d5c80000,0x00000000d5e00000,0x00000000d5e00000)
  to   space 5632K, 0% used [0x00000000d6380000,0x00000000d6380000,0x00000000d6900000)
 ParOldGen       total 1057792K, used 1057572K [0x0000000080000000, 0x00000000c0900000, 0x00000000d5580000)
  object space 1057792K, 99% used [0x0000000080000000,0x00000000c08c9020,0x00000000c0900000)
 Metaspace       used 90387K, committed 92160K, reserved 1179648K
  class space    used 9415K, committed 10176K, reserved 1048576K

Card table byte_map: [0x000001c9ba020000,0x000001c9ba430000] _byte_map_base: 0x000001c9b9c20000

Marking Bits: (ParMarkBitMap*) 0x00007ffea74e3450
 Begin Bits: [0x000001c9ccb00000, 0x000001c9ceb00000)
 End Bits:   [0x000001c9ceb00000, 0x000001c9d0b00000)

Polling page: 0x000001c9b9e10000

Metaspace:

Usage:
  Non-class:     79.07 MB used.
      Class:      9.19 MB used.
       Both:     88.27 MB used.

Virtual space:
  Non-class space:      128.00 MB reserved,      80.06 MB ( 63%) committed,  2 nodes.
      Class space:        1.00 GB reserved,       9.94 MB ( <1%) committed,  1 nodes.
             Both:        1.12 GB reserved,      90.00 MB (  8%) committed. 

Chunk freelists:
   Non-Class:  15.09 MB
       Class:  6.00 MB
        Both:  21.09 MB

MaxMetaspaceSize: unlimited
CompressedClassSpaceSize: 1.00 GB
Initial GC threshold: 21.00 MB
Current GC threshold: 125.25 MB
CDS: on
 - commit_granule_bytes: 65536.
 - commit_granule_words: 8192.
 - virtual_space_node_default_size: 8388608.
 - enlarge_chunks_in_place: 1.
 - use_allocation_guard: 0.


Internal statistics:

num_allocs_failed_limit: 9.
num_arena_births: 1750.
num_arena_deaths: 376.
num_vsnodes_births: 3.
num_vsnodes_deaths: 0.
num_space_committed: 1446.
num_space_uncommitted: 6.
num_chunks_returned_to_freelist: 478.
num_chunks_taken_from_freelist: 6350.
num_chunk_merges: 132.
num_chunk_splits: 3674.
num_chunks_enlarged: 2013.
num_inconsistent_stats: 0.

CodeHeap 'non-profiled nmethods': size=120000Kb used=18915Kb max_used=18915Kb free=101085Kb
 bounds [0x000001c9c5320000, 0x000001c9c65a0000, 0x000001c9cc850000]
CodeHeap 'profiled nmethods': size=120000Kb used=51263Kb max_used=51263Kb free=68736Kb
 bounds [0x000001c9bd850000, 0x000001c9c0a60000, 0x000001c9c4d80000]
CodeHeap 'non-nmethods': size=5760Kb used=1518Kb max_used=1630Kb free=4241Kb
 bounds [0x000001c9c4d80000, 0x000001c9c4ff0000, 0x000001c9c5320000]
CodeCache: size=245760Kb, used=71696Kb, max_used=71808Kb, free=174062Kb
 total_blobs=21380, nmethods=20541, adapters=742, full_count=0
Compilation: enabled, stopped_count=0, restarted_count=0

Compilation events (20 events):
Event: 11552.772 Thread 0x000001ca121b8e90 nmethod 22216 0x000001c9c6598090 code [0x000001c9c6598240, 0x000001c9c6598458]
Event: 11552.772 Thread 0x000001ca121b8e90 22213 % !   4       org.eclipse.jdt.internal.core.ClassFileInfo::generateMethodInfos @ 574 (750 bytes)
Event: 11552.788 Thread 0x000001ca121e5160 22288       2       org.eclipse.jdt.internal.core.search.JavaSearchScope::addEnclosingProjectOrJar (64 bytes)
Event: 11552.789 Thread 0x000001ca121e5160 nmethod 22288 0x000001c9c0a4f690 code [0x000001c9c0a4f880, 0x000001c9c0a4fd18]
Event: 11552.833 Thread 0x000001ca121e5160 22295 % !   3       org.eclipse.jdt.internal.codeassist.CompletionEngine::acceptTypes @ 410 (986 bytes)
Event: 11552.841 Thread 0x000001ca121e5160 nmethod 22295% 0x000001c9c0a4ff90 code [0x000001c9c0a50580, 0x000001c9c0a544a0]
Event: 11552.841 Thread 0x000001ca121e5160 22296       3       org.eclipse.jdt.internal.corext.dom.ScopeAnalyzer::getSignature (199 bytes)
Event: 11552.844 Thread 0x000001ca121e5160 nmethod 22296 0x000001c9c0a56b10 code [0x000001c9c0a57120, 0x000001c9c0a59e70]
Event: 11552.845 Thread 0x000001ca121e5160 22297       3       org.eclipse.jdt.core.manipulation.ImportReferencesCollector::visit (7 bytes)
Event: 11552.845 Thread 0x000001ca121e5160 nmethod 22297 0x000001c9c0a5ad10 code [0x000001c9c0a5aec0, 0x000001c9c0a5aff8]
Event: 11552.845 Thread 0x000001ca121e5160 22300       1       org.eclipse.jdt.core.manipulation.ImportReferencesCollector::visit (2 bytes)
Event: 11552.845 Thread 0x000001ca121e5160 nmethod 22300 0x000001c9c6598610 code [0x000001c9c65987a0, 0x000001c9c6598868]
Event: 11552.845 Thread 0x000001ca121e5160 22298       3       org.eclipse.jdt.internal.corext.dom.GenericVisitor::endVisit (6 bytes)
Event: 11552.845 Thread 0x000001ca121e5160 nmethod 22298 0x000001c9c0a5b090 code [0x000001c9c0a5b240, 0x000001c9c0a5b420]
Event: 11552.845 Thread 0x000001ca121e5160 22299   !   3       org.eclipse.jdt.core.dom.VariableDeclarationStatement::getType (59 bytes)
Event: 11552.846 Thread 0x000001ca121e5160 nmethod 22299 0x000001c9c0a5b510 code [0x000001c9c0a5b7a0, 0x000001c9c0a5c2a0]
Event: 11552.846 Thread 0x000001ca121e5160 22301       3       org.eclipse.jdt.core.dom.NodeFinder::<init> (40 bytes)
Event: 11552.847 Thread 0x000001ca121e5160 nmethod 22301 0x000001c9c0a5ca10 code [0x000001c9c0a5cbe0, 0x000001c9c0a5cf90]
Event: 11552.849 Thread 0x000001ca121e5160 22303       3       com.google.gson.JsonElement::isJsonArray (5 bytes)
Event: 11552.849 Thread 0x000001ca121e5160 nmethod 22303 0x000001c9c0a5d190 code [0x000001c9c0a5d340, 0x000001c9c0a5d548]

GC Heap History (20 events):
Event: 11552.508 GC heap before
{Heap before GC invocations=1206 (full 4):
 PSYoungGen      total 7168K, used 6941K [0x00000000d5580000, 0x00000000d5e80000, 0x0000000100000000)
  eden space 6144K, 98% used [0x00000000d5580000,0x00000000d5b6eac0,0x00000000d5b80000)
  from space 1024K, 84% used [0x00000000d5b80000,0x00000000d5c58968,0x00000000d5c80000)
  to   space 1024K, 0% used [0x00000000d5d80000,0x00000000d5d80000,0x00000000d5e80000)
 ParOldGen       total 1039360K, used 1038814K [0x0000000080000000, 0x00000000bf700000, 0x00000000d5580000)
  object space 1039360K, 99% used [0x0000000080000000,0x00000000bf6779e0,0x00000000bf700000)
 Metaspace       used 90335K, committed 92096K, reserved 1179648K
  class space    used 9415K, committed 10176K, reserved 1048576K
}
Event: 11552.512 GC heap after
{Heap after GC invocations=1206 (full 4):
 PSYoungGen      total 8192K, used 416K [0x00000000d5580000, 0x00000000d5f00000, 0x0000000100000000)
  eden space 7168K, 0% used [0x00000000d5580000,0x00000000d5580000,0x00000000d5c80000)
  from space 1024K, 40% used [0x00000000d5d80000,0x00000000d5de8000,0x00000000d5e80000)
  to   space 1024K, 0% used [0x00000000d5c80000,0x00000000d5c80000,0x00000000d5d80000)
 ParOldGen       total 1039360K, used 1039290K [0x0000000080000000, 0x00000000bf700000, 0x00000000d5580000)
  object space 1039360K, 99% used [0x0000000080000000,0x00000000bf6eebf0,0x00000000bf700000)
 Metaspace       used 90335K, committed 92096K, reserved 1179648K
  class space    used 9415K, committed 10176K, reserved 1048576K
}
Event: 11552.547 GC heap before
{Heap before GC invocations=1207 (full 4):
 PSYoungGen      total 8192K, used 7574K [0x00000000d5580000, 0x00000000d5f00000, 0x0000000100000000)
  eden space 7168K, 99% used [0x00000000d5580000,0x00000000d5c7dba8,0x00000000d5c80000)
  from space 1024K, 40% used [0x00000000d5d80000,0x00000000d5de8000,0x00000000d5e80000)
  to   space 1024K, 0% used [0x00000000d5c80000,0x00000000d5c80000,0x00000000d5d80000)
 ParOldGen       total 1039360K, used 1039290K [0x0000000080000000, 0x00000000bf700000, 0x00000000d5580000)
  object space 1039360K, 99% used [0x0000000080000000,0x00000000bf6eebf0,0x00000000bf700000)
 Metaspace       used 90339K, committed 92096K, reserved 1179648K
  class space    used 9415K, committed 10176K, reserved 1048576K
}
Event: 11552.551 GC heap after
{Heap after GC invocations=1207 (full 4):
 PSYoungGen      total 8192K, used 800K [0x00000000d5580000, 0x00000000d5e80000, 0x0000000100000000)
  eden space 7168K, 0% used [0x00000000d5580000,0x00000000d5580000,0x00000000d5c80000)
  from space 1024K, 78% used [0x00000000d5c80000,0x00000000d5d48000,0x00000000d5d80000)
  to   space 1024K, 0% used [0x00000000d5d80000,0x00000000d5d80000,0x00000000d5e80000)
 ParOldGen       total 1039872K, used 1039594K [0x0000000080000000, 0x00000000bf780000, 0x00000000d5580000)
  object space 1039872K, 99% used [0x0000000080000000,0x00000000bf73abf0,0x00000000bf780000)
 Metaspace       used 90339K, committed 92096K, reserved 1179648K
  class space    used 9415K, committed 10176K, reserved 1048576K
}
Event: 11552.577 GC heap before
{Heap before GC invocations=1208 (full 4):
 PSYoungGen      total 8192K, used 7968K [0x00000000d5580000, 0x00000000d5e80000, 0x0000000100000000)
  eden space 7168K, 100% used [0x00000000d5580000,0x00000000d5c80000,0x00000000d5c80000)
  from space 1024K, 78% used [0x00000000d5c80000,0x00000000d5d48000,0x00000000d5d80000)
  to   space 1024K, 0% used [0x00000000d5d80000,0x00000000d5d80000,0x00000000d5e80000)
 ParOldGen       total 1039872K, used 1039594K [0x0000000080000000, 0x00000000bf780000, 0x00000000d5580000)
  object space 1039872K, 99% used [0x0000000080000000,0x00000000bf73abf0,0x00000000bf780000)
 Metaspace       used 90344K, committed 92096K, reserved 1179648K
  class space    used 9415K, committed 10176K, reserved 1048576K
}
Event: 11552.586 GC heap after
{Heap after GC invocations=1208 (full 4):
 PSYoungGen      total 3584K, used 998K [0x00000000d5580000, 0x00000000d6900000, 0x0000000100000000)
  eden space 2560K, 0% used [0x00000000d5580000,0x00000000d5580000,0x00000000d5800000)
  from space 1024K, 97% used [0x00000000d5d80000,0x00000000d5e79978,0x00000000d5e80000)
  to   space 5632K, 0% used [0x00000000d5800000,0x00000000d5800000,0x00000000d5d80000)
 ParOldGen       total 1043456K, used 1043283K [0x0000000080000000, 0x00000000bfb00000, 0x00000000d5580000)
  object space 1043456K, 99% used [0x0000000080000000,0x00000000bfad4c08,0x00000000bfb00000)
 Metaspace       used 90344K, committed 92096K, reserved 1179648K
  class space    used 9415K, committed 10176K, reserved 1048576K
}
Event: 11552.609 GC heap before
{Heap before GC invocations=1209 (full 4):
 PSYoungGen      total 3584K, used 3558K [0x00000000d5580000, 0x00000000d6900000, 0x0000000100000000)
  eden space 2560K, 100% used [0x00000000d5580000,0x00000000d5800000,0x00000000d5800000)
  from space 1024K, 97% used [0x00000000d5d80000,0x00000000d5e79978,0x00000000d5e80000)
  to   space 5632K, 0% used [0x00000000d5800000,0x00000000d5800000,0x00000000d5d80000)
 ParOldGen       total 1043456K, used 1043283K [0x0000000080000000, 0x00000000bfb00000, 0x00000000d5580000)
  object space 1043456K, 99% used [0x0000000080000000,0x00000000bfad4c08,0x00000000bfb00000)
 Metaspace       used 90348K, committed 92096K, reserved 1179648K
  class space    used 9415K, committed 10176K, reserved 1048576K
}
Event: 11552.621 GC heap after
{Heap after GC invocations=1209 (full 4):
 PSYoungGen      total 5120K, used 2154K [0x00000000d5580000, 0x00000000d5e80000, 0x0000000100000000)
  eden space 2560K, 0% used [0x00000000d5580000,0x00000000d5580000,0x00000000d5800000)
  from space 2560K, 84% used [0x00000000d5800000,0x00000000d5a1a800,0x00000000d5a80000)
  to   space 3072K, 0% used [0x00000000d5b80000,0x00000000d5b80000,0x00000000d5e80000)
 ParOldGen       total 1044480K, used 1044329K [0x0000000080000000, 0x00000000bfc00000, 0x00000000d5580000)
  object space 1044480K, 99% used [0x0000000080000000,0x00000000bfbda580,0x00000000bfc00000)
 Metaspace       used 90348K, committed 92096K, reserved 1179648K
  class space    used 9415K, committed 10176K, reserved 1048576K
}
Event: 11552.650 GC heap before
{Heap before GC invocations=1210 (full 4):
 PSYoungGen      total 5120K, used 4714K [0x00000000d5580000, 0x00000000d5e80000, 0x0000000100000000)
  eden space 2560K, 100% used [0x00000000d5580000,0x00000000d5800000,0x00000000d5800000)
  from space 2560K, 84% used [0x00000000d5800000,0x00000000d5a1a800,0x00000000d5a80000)
  to   space 3072K, 0% used [0x00000000d5b80000,0x00000000d5b80000,0x00000000d5e80000)
 ParOldGen       total 1044480K, used 1044329K [0x0000000080000000, 0x00000000bfc00000, 0x00000000d5580000)
  object space 1044480K, 99% used [0x0000000080000000,0x00000000bfbda580,0x00000000bfc00000)
 Metaspace       used 90367K, committed 92160K, reserved 1179648K
  class space    used 9415K, committed 10176K, reserved 1048576K
}
Event: 11552.660 GC heap after
{Heap after GC invocations=1210 (full 4):
 PSYoungGen      total 5632K, used 2432K [0x00000000d5580000, 0x00000000d5e00000, 0x0000000100000000)
  eden space 3072K, 0% used [0x00000000d5580000,0x00000000d5580000,0x00000000d5880000)
  from space 2560K, 95% used [0x00000000d5b80000,0x00000000d5de0000,0x00000000d5e00000)
  to   space 2560K, 0% used [0x00000000d5900000,0x00000000d5900000,0x00000000d5b80000)
 ParOldGen       total 1046528K, used 1046403K [0x0000000080000000, 0x00000000bfe00000, 0x00000000d5580000)
  object space 1046528K, 99% used [0x0000000080000000,0x00000000bfde0d80,0x00000000bfe00000)
 Metaspace       used 90367K, committed 92160K, reserved 1179648K
  class space    used 9415K, committed 10176K, reserved 1048576K
}
Event: 11552.679 GC heap before
{Heap before GC invocations=1211 (full 4):
 PSYoungGen      total 5632K, used 5504K [0x00000000d5580000, 0x00000000d5e00000, 0x0000000100000000)
  eden space 3072K, 100% used [0x00000000d5580000,0x00000000d5880000,0x00000000d5880000)
  from space 2560K, 95% used [0x00000000d5b80000,0x00000000d5de0000,0x00000000d5e00000)
  to   space 2560K, 0% used [0x00000000d5900000,0x00000000d5900000,0x00000000d5b80000)
 ParOldGen       total 1046528K, used 1046403K [0x0000000080000000, 0x00000000bfe00000, 0x00000000d5580000)
  object space 1046528K, 99% used [0x0000000080000000,0x00000000bfde0d80,0x00000000bfe00000)
 Metaspace       used 90367K, committed 92160K, reserved 1179648K
  class space    used 9415K, committed 10176K, reserved 1048576K
}
Event: 11552.687 GC heap after
{Heap after GC invocations=1211 (full 4):
 PSYoungGen      total 6144K, used 2544K [0x00000000d5580000, 0x00000000d6480000, 0x0000000100000000)
  eden space 3584K, 0% used [0x00000000d5580000,0x00000000d5580000,0x00000000d5900000)
  from space 2560K, 99% used [0x00000000d5900000,0x00000000d5b7c000,0x00000000d5b80000)
  to   space 5632K, 0% used [0x00000000d5f00000,0x00000000d5f00000,0x00000000d6480000)
 ParOldGen       total 1049088K, used 1048915K [0x0000000080000000, 0x00000000c0080000, 0x00000000d5580000)
  object space 1049088K, 99% used [0x0000000080000000,0x00000000c0054d90,0x00000000c0080000)
 Metaspace       used 90367K, committed 92160K, reserved 1179648K
  class space    used 9415K, committed 10176K, reserved 1048576K
}
Event: 11552.747 GC heap before
{Heap before GC invocations=1212 (full 4):
 PSYoungGen      total 6144K, used 6128K [0x00000000d5580000, 0x00000000d6480000, 0x0000000100000000)
  eden space 3584K, 100% used [0x00000000d5580000,0x00000000d5900000,0x00000000d5900000)
  from space 2560K, 99% used [0x00000000d5900000,0x00000000d5b7c000,0x00000000d5b80000)
  to   space 5632K, 0% used [0x00000000d5f00000,0x00000000d5f00000,0x00000000d6480000)
 ParOldGen       total 1049088K, used 1048915K [0x0000000080000000, 0x00000000c0080000, 0x00000000d5580000)
  object space 1049088K, 99% used [0x0000000080000000,0x00000000c0054d90,0x00000000c0080000)
 Metaspace       used 90372K, committed 92160K, reserved 1179648K
  class space    used 9415K, committed 10176K, reserved 1048576K
}
Event: 11552.755 GC heap after
{Heap after GC invocations=1212 (full 4):
 PSYoungGen      total 7680K, used 2592K [0x00000000d5580000, 0x00000000d6200000, 0x0000000100000000)
  eden space 4608K, 0% used [0x00000000d5580000,0x00000000d5580000,0x00000000d5a00000)
  from space 3072K, 84% used [0x00000000d5f00000,0x00000000d6188000,0x00000000d6200000)
  to   space 3584K, 0% used [0x00000000d5b00000,0x00000000d5b00000,0x00000000d5e80000)
 ParOldGen       total 1051648K, used 1051171K [0x0000000080000000, 0x00000000c0300000, 0x00000000d5580000)
  object space 1051648K, 99% used [0x0000000080000000,0x00000000c0288d90,0x00000000c0300000)
 Metaspace       used 90372K, committed 92160K, reserved 1179648K
  class space    used 9415K, committed 10176K, reserved 1048576K
}
Event: 11552.772 GC heap before
{Heap before GC invocations=1213 (full 4):
 PSYoungGen      total 7680K, used 7200K [0x00000000d5580000, 0x00000000d6200000, 0x0000000100000000)
  eden space 4608K, 100% used [0x00000000d5580000,0x00000000d5a00000,0x00000000d5a00000)
  from space 3072K, 84% used [0x00000000d5f00000,0x00000000d6188000,0x00000000d6200000)
  to   space 3584K, 0% used [0x00000000d5b00000,0x00000000d5b00000,0x00000000d5e80000)
 ParOldGen       total 1051648K, used 1051171K [0x0000000080000000, 0x00000000c0300000, 0x00000000d5580000)
  object space 1051648K, 99% used [0x0000000080000000,0x00000000c0288d90,0x00000000c0300000)
 Metaspace       used 90379K, committed 92160K, reserved 1179648K
  class space    used 9415K, committed 10176K, reserved 1048576K
}
Event: 11552.779 GC heap after
{Heap after GC invocations=1213 (full 4):
 PSYoungGen      total 6656K, used 538K [0x00000000d5580000, 0x00000000d5f80000, 0x0000000100000000)
  eden space 5632K, 0% used [0x00000000d5580000,0x00000000d5580000,0x00000000d5b00000)
  from space 1024K, 52% used [0x00000000d5b00000,0x00000000d5b86900,0x00000000d5c00000)
  to   space 1536K, 0% used [0x00000000d5e00000,0x00000000d5e00000,0x00000000d5f80000)
 ParOldGen       total 1053696K, used 1053683K [0x0000000080000000, 0x00000000c0500000, 0x00000000d5580000)
  object space 1053696K, 99% used [0x0000000080000000,0x00000000c04fcd90,0x00000000c0500000)
 Metaspace       used 90379K, committed 92160K, reserved 1179648K
  class space    used 9415K, committed 10176K, reserved 1048576K
}
Event: 11552.793 GC heap before
{Heap before GC invocations=1214 (full 4):
 PSYoungGen      total 6656K, used 6170K [0x00000000d5580000, 0x00000000d5f80000, 0x0000000100000000)
  eden space 5632K, 100% used [0x00000000d5580000,0x00000000d5b00000,0x00000000d5b00000)
  from space 1024K, 52% used [0x00000000d5b00000,0x00000000d5b86900,0x00000000d5c00000)
  to   space 1536K, 0% used [0x00000000d5e00000,0x00000000d5e00000,0x00000000d5f80000)
 ParOldGen       total 1053696K, used 1053683K [0x0000000080000000, 0x00000000c0500000, 0x00000000d5580000)
  object space 1053696K, 99% used [0x0000000080000000,0x00000000c04fcd90,0x00000000c0500000)
 Metaspace       used 90379K, committed 92160K, reserved 1179648K
  class space    used 9415K, committed 10176K, reserved 1048576K
}
Event: 11552.797 GC heap after
{Heap after GC invocations=1214 (full 4):
 PSYoungGen      total 8704K, used 1260K [0x00000000d5580000, 0x00000000d5f80000, 0x0000000100000000)
  eden space 7168K, 0% used [0x00000000d5580000,0x00000000d5580000,0x00000000d5c80000)
  from space 1536K, 82% used [0x00000000d5e00000,0x00000000d5f3b090,0x00000000d5f80000)
  to   space 1536K, 0% used [0x00000000d5c80000,0x00000000d5c80000,0x00000000d5e00000)
 ParOldGen       total 1054208K, used 1054151K [0x0000000080000000, 0x00000000c0580000, 0x00000000d5580000)
  object space 1054208K, 99% used [0x0000000080000000,0x00000000c0571f90,0x00000000c0580000)
 Metaspace       used 90379K, committed 92160K, reserved 1179648K
  class space    used 9415K, committed 10176K, reserved 1048576K
}
Event: 11552.810 GC heap before
{Heap before GC invocations=1215 (full 4):
 PSYoungGen      total 8704K, used 8428K [0x00000000d5580000, 0x00000000d5f80000, 0x0000000100000000)
  eden space 7168K, 100% used [0x00000000d5580000,0x00000000d5c80000,0x00000000d5c80000)
  from space 1536K, 82% used [0x00000000d5e00000,0x00000000d5f3b090,0x00000000d5f80000)
  to   space 1536K, 0% used [0x00000000d5c80000,0x00000000d5c80000,0x00000000d5e00000)
 ParOldGen       total 1054208K, used 1054151K [0x0000000080000000, 0x00000000c0580000, 0x00000000d5580000)
  object space 1054208K, 99% used [0x0000000080000000,0x00000000c0571f90,0x00000000c0580000)
 Metaspace       used 90379K, committed 92160K, reserved 1179648K
  class space    used 9415K, committed 10176K, reserved 1048576K
}
Event: 11552.816 GC heap after
{Heap after GC invocations=1215 (full 4):
 PSYoungGen      total 8704K, used 1536K [0x00000000d5580000, 0x00000000d6900000, 0x0000000100000000)
  eden space 7168K, 0% used [0x00000000d5580000,0x00000000d5580000,0x00000000d5c80000)
  from space 1536K, 100% used [0x00000000d5c80000,0x00000000d5e00000,0x00000000d5e00000)
  to   space 5632K, 0% used [0x00000000d6380000,0x00000000d6380000,0x00000000d6900000)
 ParOldGen       total 1057792K, used 1057572K [0x0000000080000000, 0x00000000c0900000, 0x00000000d5580000)
  object space 1057792K, 99% used [0x0000000080000000,0x00000000c08c9020,0x00000000c0900000)
 Metaspace       used 90379K, committed 92160K, reserved 1179648K
  class space    used 9415K, committed 10176K, reserved 1048576K
}

Dll operation events (12 events):
Event: 0.013 Loaded shared library c:\Users\PCWORLD\.vscode\extensions\redhat.java-1.53.0-win32-x64\jre\21.0.10-win32-x86_64\bin\java.dll
Event: 0.155 Loaded shared library c:\Users\PCWORLD\.vscode\extensions\redhat.java-1.53.0-win32-x64\jre\21.0.10-win32-x86_64\bin\zip.dll
Event: 0.202 Loaded shared library C:\Users\PCWORLD\.vscode\extensions\redhat.java-1.53.0-win32-x64\jre\21.0.10-win32-x86_64\bin\instrument.dll
Event: 0.212 Loaded shared library C:\Users\PCWORLD\.vscode\extensions\redhat.java-1.53.0-win32-x64\jre\21.0.10-win32-x86_64\bin\net.dll
Event: 0.223 Loaded shared library C:\Users\PCWORLD\.vscode\extensions\redhat.java-1.53.0-win32-x64\jre\21.0.10-win32-x86_64\bin\nio.dll
Event: 0.232 Loaded shared library C:\Users\PCWORLD\.vscode\extensions\redhat.java-1.53.0-win32-x64\jre\21.0.10-win32-x86_64\bin\zip.dll
Event: 0.268 Loaded shared library C:\Users\PCWORLD\.vscode\extensions\redhat.java-1.53.0-win32-x64\jre\21.0.10-win32-x86_64\bin\jimage.dll
Event: 0.416 Loaded shared library c:\Users\PCWORLD\.vscode\extensions\redhat.java-1.53.0-win32-x64\jre\21.0.10-win32-x86_64\bin\verify.dll
Event: 3.278 Loaded shared library C:\Users\PCWORLD\AppData\Roaming\Code\User\globalStorage\redhat.java\1.53.0\config_win\org.eclipse.equinox.launcher\org.eclipse.equinox.launcher.win32.win32.x86_64_1.3.0.v20260203-2149\eclipse_11919.dll
Event: 6.462 Loaded shared library C:\Users\PCWORLD\AppData\Local\Temp\jna--13215393\jna5019893360992223591.dll
Event: 9.886 Loaded shared library C:\Users\PCWORLD\.vscode\extensions\redhat.java-1.53.0-win32-x64\jre\21.0.10-win32-x86_64\bin\sunmscapi.dll
Event: 10.495 Loaded shared library C:\Users\PCWORLD\.vscode\extensions\redhat.java-1.53.0-win32-x64\jre\21.0.10-win32-x86_64\bin\extnet.dll

Deoptimization events (20 events):
Event: 11552.787 Thread 0x000001ca1ba4b810 Uncommon trap: trap_request=0xffffffd6 fr.pc=0x000001c9c6570c1c relative=0x000000000000081c
Event: 11552.787 Thread 0x000001ca1ba4b810 Uncommon trap: reason=array_check action=maybe_recompile pc=0x000001c9c6570c1c method=org.eclipse.jdt.internal.core.search.JavaSearchScope.addEnclosingProjectOrJar(Lorg/eclipse/core/runtime/IPath;)V @ 62 c2
Event: 11552.787 Thread 0x000001ca1ba4b810 DEOPT PACKING pc=0x000001c9c6570c1c sp=0x0000007b7cbfdc40
Event: 11552.787 Thread 0x000001ca1ba4b810 DEOPT UNPACKING pc=0x000001c9c4dd3aa2 sp=0x0000007b7cbfdc10 mode 2
Event: 11552.787 Thread 0x000001ca1ba4b810 Uncommon trap: trap_request=0xffffffd6 fr.pc=0x000001c9c6570c1c relative=0x000000000000081c
Event: 11552.787 Thread 0x000001ca1ba4b810 Uncommon trap: reason=array_check action=maybe_recompile pc=0x000001c9c6570c1c method=org.eclipse.jdt.internal.core.search.JavaSearchScope.addEnclosingProjectOrJar(Lorg/eclipse/core/runtime/IPath;)V @ 62 c2
Event: 11552.787 Thread 0x000001ca1ba4b810 DEOPT PACKING pc=0x000001c9c6570c1c sp=0x0000007b7cbfdc40
Event: 11552.787 Thread 0x000001ca1ba4b810 DEOPT UNPACKING pc=0x000001c9c4dd3aa2 sp=0x0000007b7cbfdc10 mode 2
Event: 11552.787 Thread 0x000001ca1ba4b810 Uncommon trap: trap_request=0xffffffd6 fr.pc=0x000001c9c6570c1c relative=0x000000000000081c
Event: 11552.787 Thread 0x000001ca1ba4b810 Uncommon trap: reason=array_check action=maybe_recompile pc=0x000001c9c6570c1c method=org.eclipse.jdt.internal.core.search.JavaSearchScope.addEnclosingProjectOrJar(Lorg/eclipse/core/runtime/IPath;)V @ 62 c2
Event: 11552.787 Thread 0x000001ca1ba4b810 DEOPT PACKING pc=0x000001c9c6570c1c sp=0x0000007b7cbfdc40
Event: 11552.787 Thread 0x000001ca1ba4b810 DEOPT UNPACKING pc=0x000001c9c4dd3aa2 sp=0x0000007b7cbfdc10 mode 2
Event: 11552.788 Thread 0x000001ca1ba4b810 Uncommon trap: trap_request=0xffffffd6 fr.pc=0x000001c9c6570c1c relative=0x000000000000081c
Event: 11552.788 Thread 0x000001ca1ba4b810 Uncommon trap: reason=array_check action=maybe_recompile pc=0x000001c9c6570c1c method=org.eclipse.jdt.internal.core.search.JavaSearchScope.addEnclosingProjectOrJar(Lorg/eclipse/core/runtime/IPath;)V @ 62 c2
Event: 11552.788 Thread 0x000001ca1ba4b810 DEOPT PACKING pc=0x000001c9c6570c1c sp=0x0000007b7cbfdc40
Event: 11552.788 Thread 0x000001ca1ba4b810 DEOPT UNPACKING pc=0x000001c9c4dd3aa2 sp=0x0000007b7cbfdc10 mode 2
Event: 11552.788 Thread 0x000001ca1ba4b810 Uncommon trap: trap_request=0xffffffd6 fr.pc=0x000001c9c6449688 relative=0x0000000000000888
Event: 11552.788 Thread 0x000001ca1ba4b810 Uncommon trap: reason=array_check action=maybe_recompile pc=0x000001c9c6449688 method=org.eclipse.jdt.internal.core.search.JavaSearchScope.addEnclosingProjectOrJar(Lorg/eclipse/core/runtime/IPath;)V @ 62 c2
Event: 11552.788 Thread 0x000001ca1ba4b810 DEOPT PACKING pc=0x000001c9c6449688 sp=0x0000007b7cbfdc40
Event: 11552.788 Thread 0x000001ca1ba4b810 DEOPT UNPACKING pc=0x000001c9c4dd3aa2 sp=0x0000007b7cbfdc10 mode 2

Classes loaded (20 events):
Event: 11455.030 Loading class sun/security/ssl/SSLEngineOutputRecord$HandshakeFragment
Event: 11455.030 Loading class sun/security/ssl/SSLEngineOutputRecord$HandshakeFragment done
Event: 11455.030 Loading class sun/security/ssl/SSLEngineOutputRecord$HandshakeMemo
Event: 11455.030 Loading class sun/security/ssl/SSLEngineOutputRecord$RecordMemo
Event: 11455.030 Loading class sun/security/ssl/SSLEngineOutputRecord$RecordMemo done
Event: 11455.031 Loading class sun/security/ssl/SSLEngineOutputRecord$HandshakeMemo done
Event: 11455.163 Loading class sun/security/ssl/PreSharedKeyExtension$SHPreSharedKeySpec
Event: 11455.163 Loading class sun/security/ssl/PreSharedKeyExtension$SHPreSharedKeySpec done
Event: 11455.665 Loading class jdk/internal/module/IllegalAccessLogger
Event: 11455.665 Loading class jdk/internal/module/IllegalAccessLogger done
Event: 11458.262 Loading class jdk/internal/module/IllegalAccessLogger
Event: 11458.262 Loading class jdk/internal/module/IllegalAccessLogger done
Event: 11467.540 Loading class jdk/internal/module/IllegalAccessLogger
Event: 11467.540 Loading class jdk/internal/module/IllegalAccessLogger done
Event: 11468.881 Loading class jdk/internal/module/IllegalAccessLogger
Event: 11468.881 Loading class jdk/internal/module/IllegalAccessLogger done
Event: 11549.465 Loading class jdk/internal/module/IllegalAccessLogger
Event: 11549.465 Loading class jdk/internal/module/IllegalAccessLogger done
Event: 11552.227 Loading class jdk/internal/module/IllegalAccessLogger
Event: 11552.227 Loading class jdk/internal/module/IllegalAccessLogger done

Classes unloaded (20 events):
Event: 11388.283 Thread 0x000001ca121a23f0 Unloading class 0x000001c9d2016400 'java/lang/invoke/LambdaForm$MH+0x000001c9d2016400'
Event: 11388.283 Thread 0x000001ca121a23f0 Unloading class 0x000001c9d2014800 'java/lang/invoke/LambdaForm$MH+0x000001c9d2014800'
Event: 11388.283 Thread 0x000001ca121a23f0 Unloading class 0x000001c9d200d800 'java/lang/invoke/LambdaForm$MH+0x000001c9d200d800'
Event: 11388.284 Thread 0x000001ca121a23f0 Unloading class 0x000001c9d200d400 'java/lang/invoke/LambdaForm$MH+0x000001c9d200d400'
Event: 11388.284 Thread 0x000001ca121a23f0 Unloading class 0x000001c9d200d000 'java/lang/invoke/LambdaForm$MH+0x000001c9d200d000'
Event: 11388.284 Thread 0x000001ca121a23f0 Unloading class 0x000001c9d200cc00 'java/lang/invoke/LambdaForm$MH+0x000001c9d200cc00'
Event: 11388.284 Thread 0x000001ca121a23f0 Unloading class 0x000001c9d200c800 'java/lang/invoke/LambdaForm$BMH+0x000001c9d200c800'
Event: 11388.284 Thread 0x000001ca121a23f0 Unloading class 0x000001c9d200c000 'java/lang/invoke/LambdaForm$DMH+0x000001c9d200c000'
Event: 11388.286 Thread 0x000001ca121a23f0 Unloading class 0x000001c9d2008c00 'java/lang/invoke/LambdaForm$MH+0x000001c9d2008c00'
Event: 11388.286 Thread 0x000001ca121a23f0 Unloading class 0x000001c9d2008800 'java/lang/invoke/LambdaForm$MH+0x000001c9d2008800'
Event: 11388.287 Thread 0x000001ca121a23f0 Unloading class 0x000001c9d2008400 'java/lang/invoke/LambdaForm$MH+0x000001c9d2008400'
Event: 11388.287 Thread 0x000001ca121a23f0 Unloading class 0x000001c9d2007000 'java/lang/invoke/LambdaForm$MH+0x000001c9d2007000'
Event: 11388.287 Thread 0x000001ca121a23f0 Unloading class 0x000001c9d2006800 'java/lang/invoke/LambdaForm$MH+0x000001c9d2006800'
Event: 11388.297 Thread 0x000001ca121a23f0 Unloading class 0x000001c9d2006400 'java/lang/invoke/LambdaForm$MH+0x000001c9d2006400'
Event: 11388.297 Thread 0x000001ca121a23f0 Unloading class 0x000001c9d2006000 'java/lang/invoke/LambdaForm$MH+0x000001c9d2006000'
Event: 11388.297 Thread 0x000001ca121a23f0 Unloading class 0x000001c9d2005c00 'java/lang/invoke/LambdaForm$BMH+0x000001c9d2005c00'
Event: 11388.297 Thread 0x000001ca121a23f0 Unloading class 0x000001c9d2004800 'java/lang/invoke/LambdaForm$DMH+0x000001c9d2004800'
Event: 11388.298 Thread 0x000001ca121a23f0 Unloading class 0x000001c9d2002400 'java/lang/invoke/LambdaForm$MH+0x000001c9d2002400'
Event: 11388.298 Thread 0x000001ca121a23f0 Unloading class 0x000001c9d2002000 'java/lang/invoke/LambdaForm$MH+0x000001c9d2002000'
Event: 11388.298 Thread 0x000001ca121a23f0 Unloading class 0x000001c9d2001800 'java/lang/invoke/LambdaForm$MH+0x000001c9d2001800'

Classes redefined (0 events):
No events

Internal exceptions (20 events):
Event: 11467.234 Thread 0x000001ca13aa6540 Exception <a 'sun/nio/fs/WindowsException'{0x00000000d5596690}> (0x00000000d5596690) 
thrown [s\src\hotspot\share\prims\jni.cpp, line 520]
Event: 11467.509 Thread 0x000001ca13aa6540 Exception <a 'sun/nio/fs/WindowsException'{0x00000000d5a20c80}> (0x00000000d5a20c80) 
thrown [s\src\hotspot\share\prims\jni.cpp, line 520]
Event: 11467.625 Thread 0x000001ca1ba4b810 Exception <a 'java/lang/ArrayIndexOutOfBoundsException'{0x00000000d574ca80}> (0x00000000d574ca80) 
thrown [s\src\hotspot\share\runtime\sharedRuntime.cpp, line 625]
Event: 11467.677 Thread 0x000001ca1ba4b810 Exception <a 'java/lang/ArrayIndexOutOfBoundsException'{0x00000000d55e1860}> (0x00000000d55e1860) 
thrown [s\src\hotspot\share\runtime\sharedRuntime.cpp, line 625]
Event: 11467.828 Thread 0x000001ca1ba4b810 Exception <a 'java/lang/ArrayIndexOutOfBoundsException'{0x00000000d583e0f8}> (0x00000000d583e0f8) 
thrown [s\src\hotspot\share\runtime\sharedRuntime.cpp, line 625]
Event: 11537.798 Thread 0x000001ca1ba4b810 Implicit null exception at 0x000001c9c6052973 to 0x000001c9c6052dd0
Event: 11548.103 Thread 0x000001ca1ba4a460 Exception <a 'java/lang/ArrayIndexOutOfBoundsException'{0x00000000d580b4a0}: Index 1292 out of bounds for length 1291> (0x00000000d580b4a0) 
thrown [s\src\hotspot\share\interpreter\interpreterRuntime.cpp, line 439]
Event: 11549.274 Thread 0x000001ca13aa6540 Exception <a 'sun/nio/fs/WindowsException'{0x00000000d56fe480}> (0x00000000d56fe480) 
thrown [s\src\hotspot\share\prims\jni.cpp, line 520]
Event: 11549.773 Thread 0x000001ca13aa6540 Exception <a 'sun/nio/fs/WindowsException'{0x00000000d55fef38}> (0x00000000d55fef38) 
thrown [s\src\hotspot\share\prims\jni.cpp, line 520]
Event: 11551.262 Thread 0x000001ca1b6ede60 Exception <a 'java/lang/ArrayIndexOutOfBoundsException'{0x00000000d5b77cb8}> (0x00000000d5b77cb8) 
thrown [s\src\hotspot\share\runtime\sharedRuntime.cpp, line 625]
Event: 11551.262 Thread 0x000001ca1b6ede60 Exception <a 'java/lang/ArrayIndexOutOfBoundsException'{0x00000000d5b78580}> (0x00000000d5b78580) 
thrown [s\src\hotspot\share\runtime\sharedRuntime.cpp, line 625]
Event: 11551.262 Thread 0x000001ca1b6ede60 Exception <a 'java/lang/ArrayIndexOutOfBoundsException'{0x00000000d5b788a8}> (0x00000000d5b788a8) 
thrown [s\src\hotspot\share\runtime\sharedRuntime.cpp, line 625]
Event: 11552.026 Thread 0x000001ca13aa6540 Exception <a 'sun/nio/fs/WindowsException'{0x00000000d55e26d0}> (0x00000000d55e26d0) 
thrown [s\src\hotspot\share\prims\jni.cpp, line 520]
Event: 11552.038 Thread 0x000001ca1ba4b810 Exception <a 'java/lang/ArrayIndexOutOfBoundsException'{0x00000000d59982f8}> (0x00000000d59982f8) 
thrown [s\src\hotspot\share\runtime\sharedRuntime.cpp, line 625]
Event: 11552.038 Thread 0x000001ca1ba4b810 Exception <a 'java/lang/ArrayIndexOutOfBoundsException'{0x00000000d5998950}> (0x00000000d5998950) 
thrown [s\src\hotspot\share\runtime\sharedRuntime.cpp, line 625]
Event: 11552.038 Thread 0x000001ca1ba4b810 Exception <a 'java/lang/ArrayIndexOutOfBoundsException'{0x00000000d5998c78}> (0x00000000d5998c78) 
thrown [s\src\hotspot\share\runtime\sharedRuntime.cpp, line 625]
Event: 11552.738 Thread 0x000001ca13aa6540 Exception <a 'sun/nio/fs/WindowsException'{0x00000000d588b2c8}> (0x00000000d588b2c8) 
thrown [s\src\hotspot\share\prims\jni.cpp, line 520]
Event: 11552.767 Thread 0x000001ca1ba4b810 Exception <a 'java/lang/ArrayIndexOutOfBoundsException'{0x00000000d5771098}> (0x00000000d5771098) 
thrown [s\src\hotspot\share\runtime\sharedRuntime.cpp, line 625]
Event: 11552.767 Thread 0x000001ca1ba4b810 Exception <a 'java/lang/ArrayIndexOutOfBoundsException'{0x00000000d5771980}> (0x00000000d5771980) 
thrown [s\src\hotspot\share\runtime\sharedRuntime.cpp, line 625]
Event: 11552.767 Thread 0x000001ca1ba4b810 Exception <a 'java/lang/ArrayIndexOutOfBoundsException'{0x00000000d5771ca8}> (0x00000000d5771ca8) 
thrown [s\src\hotspot\share\runtime\sharedRuntime.cpp, line 625]

ZGC Phase Switch (0 events):
No events

VM Operations (20 events):
Event: 11552.508 Executing safepoint VM operation: ParallelGCFailedAllocation (Allocation Failure)
Event: 11552.512 Executing safepoint VM operation: ParallelGCFailedAllocation (Allocation Failure) done
Event: 11552.547 Executing safepoint VM operation: ParallelGCFailedAllocation (Allocation Failure)
Event: 11552.551 Executing safepoint VM operation: ParallelGCFailedAllocation (Allocation Failure) done
Event: 11552.577 Executing safepoint VM operation: ParallelGCFailedAllocation (Allocation Failure)
Event: 11552.586 Executing safepoint VM operation: ParallelGCFailedAllocation (Allocation Failure) done
Event: 11552.609 Executing safepoint VM operation: ParallelGCFailedAllocation (Allocation Failure)
Event: 11552.621 Executing safepoint VM operation: ParallelGCFailedAllocation (Allocation Failure) done
Event: 11552.650 Executing safepoint VM operation: ParallelGCFailedAllocation (Allocation Failure)
Event: 11552.660 Executing safepoint VM operation: ParallelGCFailedAllocation (Allocation Failure) done
Event: 11552.679 Executing safepoint VM operation: ParallelGCFailedAllocation (Allocation Failure)
Event: 11552.687 Executing safepoint VM operation: ParallelGCFailedAllocation (Allocation Failure) done
Event: 11552.747 Executing safepoint VM operation: ParallelGCFailedAllocation (Allocation Failure)
Event: 11552.755 Executing safepoint VM operation: ParallelGCFailedAllocation (Allocation Failure) done
Event: 11552.772 Executing safepoint VM operation: ParallelGCFailedAllocation (Allocation Failure)
Event: 11552.779 Executing safepoint VM operation: ParallelGCFailedAllocation (Allocation Failure) done
Event: 11552.793 Executing safepoint VM operation: ParallelGCFailedAllocation (Allocation Failure)
Event: 11552.797 Executing safepoint VM operation: ParallelGCFailedAllocation (Allocation Failure) done
Event: 11552.810 Executing safepoint VM operation: ParallelGCFailedAllocation (Allocation Failure)
Event: 11552.816 Executing safepoint VM operation: ParallelGCFailedAllocation (Allocation Failure) done

Memory protections (0 events):
No events

Nmethod flushes (20 events):
Event: 11388.693 Thread 0x000001ca121a23f0 flushing  nmethod 0x000001c9be630410
Event: 11388.693 Thread 0x000001ca121a23f0 flushing  nmethod 0x000001c9be631790
Event: 11388.693 Thread 0x000001ca121a23f0 flushing  nmethod 0x000001c9be631c90
Event: 11388.693 Thread 0x000001ca121a23f0 flushing  nmethod 0x000001c9be634290
Event: 11388.693 Thread 0x000001ca121a23f0 flushing  nmethod 0x000001c9be634710
Event: 11388.693 Thread 0x000001ca121a23f0 flushing  nmethod 0x000001c9be639990
Event: 11388.693 Thread 0x000001ca121a23f0 flushing  nmethod 0x000001c9be63d990
Event: 11388.693 Thread 0x000001ca121a23f0 flushing osr nmethod 0x000001c9be63e790
Event: 11388.693 Thread 0x000001ca121a23f0 flushing  nmethod 0x000001c9be679590
Event: 11388.693 Thread 0x000001ca121a23f0 flushing osr nmethod 0x000001c9be67bd10
Event: 11388.693 Thread 0x000001ca121a23f0 flushing  nmethod 0x000001c9be683110
Event: 11388.693 Thread 0x000001ca121a23f0 flushing  nmethod 0x000001c9be702490
Event: 11388.693 Thread 0x000001ca121a23f0 flushing  nmethod 0x000001c9bf35db10
Event: 11388.693 Thread 0x000001ca121a23f0 flushing  nmethod 0x000001c9bf36d010
Event: 11388.693 Thread 0x000001ca121a23f0 flushing  nmethod 0x000001c9bf745690
Event: 11388.693 Thread 0x000001ca121a23f0 flushing  nmethod 0x000001c9bfa21610
Event: 11388.693 Thread 0x000001ca121a23f0 flushing  nmethod 0x000001c9bfa21b10
Event: 11388.693 Thread 0x000001ca121a23f0 flushing  nmethod 0x000001c9bfa24a90
Event: 11388.693 Thread 0x000001ca121a23f0 flushing  nmethod 0x000001c9bfa2ee90
Event: 11388.693 Thread 0x000001ca121a23f0 flushing  nmethod 0x000001c9bfb09b90

Events (20 events):
Event: 11455.168 Thread 0x000001ca1baa7710 Thread exited: 0x000001ca1baa7710
Event: 11455.323 Thread 0x000001ca1baacc60 Thread added: 0x000001ca1baa7710
Event: 11455.858 Thread 0x000001ca121e5160 Thread added: 0x000001ca26221d10
Event: 11459.881 Thread 0x000001ca26221d10 Thread exited: 0x000001ca26221d10
Event: 11465.346 Thread 0x000001ca1baa7710 Thread exited: 0x000001ca1baa7710
Event: 11510.069 Thread 0x000001ca1b6eb700 Thread exited: 0x000001ca1b6eb700
Event: 11526.736 Thread 0x000001ca1baacc60 Thread exited: 0x000001ca1baacc60
Event: 11528.905 Thread 0x000001ca1ba490b0 Thread exited: 0x000001ca1ba490b0
Event: 11530.099 Thread 0x000001ca13aa5820 Thread exited: 0x000001ca13aa5820
Event: 11530.241 Thread 0x000001ca1baa5cd0 Thread exited: 0x000001ca1baa5cd0
Event: 11543.026 Thread 0x000001ca121e5160 Thread added: 0x000001ca2621fb00
Event: 11543.932 Thread 0x000001ca2621fb00 Thread exited: 0x000001ca2621fb00
Event: 11543.958 Thread 0x000001ca121e5160 Thread added: 0x000001ca2621ed60
Event: 11544.189 Thread 0x000001ca2621ed60 Thread exited: 0x000001ca2621ed60
Event: 11546.651 Thread 0x000001ca1baab220 Thread exited: 0x000001ca1baab220
Event: 11548.515 Thread 0x000001ca121e5160 Thread added: 0x000001ca26222ab0
Event: 11549.180 Thread 0x000001ca26222ab0 Thread exited: 0x000001ca26222ab0
Event: 11549.277 Thread 0x000001ca1baab8b0 Thread added: 0x000001ca1baa5cd0
Event: 11549.465 Thread 0x000001ca1baa5cd0 Thread added: 0x000001ca1baa7710
Event: 11551.389 Thread 0x000001ca1b6ede60 Thread added: 0x000001ca1b6eb700


Dynamic libraries:
0x00007ff6ae3b0000 - 0x00007ff6ae3be000 	c:\Users\PCWORLD\.vscode\extensions\redhat.java-1.53.0-win32-x64\jre\21.0.10-win32-x86_64\bin\java.exe
0x00007ffefb620000 - 0x00007ffefb829000 	C:\Windows\SYSTEM32\ntdll.dll
0x00007ffefaea0000 - 0x00007ffefaf5d000 	C:\Windows\System32\KERNEL32.DLL
0x00007ffef8f50000 - 0x00007ffef92d4000 	C:\Windows\System32\KERNELBASE.dll
0x00007ffef92e0000 - 0x00007ffef93f1000 	C:\Windows\System32\ucrtbase.dll
0x00007ffedbe00000 - 0x00007ffedbe18000 	c:\Users\PCWORLD\.vscode\extensions\redhat.java-1.53.0-win32-x64\jre\21.0.10-win32-x86_64\bin\jli.dll
0x00007ffedfac0000 - 0x00007ffedfade000 	c:\Users\PCWORLD\.vscode\extensions\redhat.java-1.53.0-win32-x64\jre\21.0.10-win32-x86_64\bin\VCRUNTIME140.dll
0x00007ffefa040000 - 0x00007ffefa1ed000 	C:\Windows\System32\USER32.dll
0x00007ffef8e00000 - 0x00007ffef8e26000 	C:\Windows\System32\win32u.dll
0x00007ffee4b50000 - 0x00007ffee4df5000 	C:\Windows\WinSxS\amd64_microsoft.windows.common-controls_6595b64144ccf1df_6.0.22000.120_none_9d947278b86cc467\COMCTL32.dll
0x00007ffefa570000 - 0x00007ffefa59a000 	C:\Windows\System32\GDI32.dll
0x00007ffefa690000 - 0x00007ffefa733000 	C:\Windows\System32\msvcrt.dll
0x00007ffef8e30000 - 0x00007ffef8f4e000 	C:\Windows\System32\gdi32full.dll
0x00007ffef8ab0000 - 0x00007ffef8b4d000 	C:\Windows\System32\msvcp_win.dll
0x00007ffefb290000 - 0x00007ffefb2c1000 	C:\Windows\System32\IMM32.DLL
0x00007ffee6100000 - 0x00007ffee610c000 	c:\Users\PCWORLD\.vscode\extensions\redhat.java-1.53.0-win32-x64\jre\21.0.10-win32-x86_64\bin\vcruntime140_1.dll
0x00007ffec7780000 - 0x00007ffec780d000 	c:\Users\PCWORLD\.vscode\extensions\redhat.java-1.53.0-win32-x64\jre\21.0.10-win32-x86_64\bin\msvcp140.dll
0x00007ffea6820000 - 0x00007ffea75c1000 	c:\Users\PCWORLD\.vscode\extensions\redhat.java-1.53.0-win32-x64\jre\21.0.10-win32-x86_64\bin\server\jvm.dll
0x00007ffefb2d0000 - 0x00007ffefb37e000 	C:\Windows\System32\ADVAPI32.dll
0x00007ffefb540000 - 0x00007ffefb5de000 	C:\Windows\System32\sechost.dll
0x00007ffefa8f0000 - 0x00007ffefaa11000 	C:\Windows\System32\RPCRT4.dll
0x00007ffefb4d0000 - 0x00007ffefb53f000 	C:\Windows\System32\WS2_32.dll
0x00007ffef8980000 - 0x00007ffef89cd000 	C:\Windows\SYSTEM32\POWRPROF.dll
0x00007ffeefe00000 - 0x00007ffeefe33000 	C:\Windows\SYSTEM32\WINMM.dll
0x00007ffeeb9f0000 - 0x00007ffeeb9fa000 	C:\Windows\SYSTEM32\VERSION.dll
0x00007ffef88b0000 - 0x00007ffef88c3000 	C:\Windows\SYSTEM32\UMPDC.dll
0x00007ffef7ae0000 - 0x00007ffef7af8000 	C:\Windows\SYSTEM32\kernel.appcore.dll
0x00007ffee4aa0000 - 0x00007ffee4aaa000 	c:\Users\PCWORLD\.vscode\extensions\redhat.java-1.53.0-win32-x64\jre\21.0.10-win32-x86_64\bin\jimage.dll
0x00007ffef5c20000 - 0x00007ffef5e41000 	C:\Windows\SYSTEM32\DBGHELP.DLL
0x00007ffee2b60000 - 0x00007ffee2b91000 	C:\Windows\SYSTEM32\dbgcore.DLL
0x00007ffef8b50000 - 0x00007ffef8bcf000 	C:\Windows\System32\bcryptPrimitives.dll
0x00007ffee0a50000 - 0x00007ffee0a5f000 	c:\Users\PCWORLD\.vscode\extensions\redhat.java-1.53.0-win32-x64\jre\21.0.10-win32-x86_64\bin\instrument.dll
0x00007ffedbcb0000 - 0x00007ffedbcd0000 	c:\Users\PCWORLD\.vscode\extensions\redhat.java-1.53.0-win32-x64\jre\21.0.10-win32-x86_64\bin\java.dll
0x00007ffef9780000 - 0x00007ffef9f45000 	C:\Windows\System32\SHELL32.dll
0x00007ffef6b40000 - 0x00007ffef73a2000 	C:\Windows\SYSTEM32\windows.storage.dll
0x00007ffefa1f0000 - 0x00007ffefa566000 	C:\Windows\System32\combase.dll
0x00007ffef69d0000 - 0x00007ffef6b37000 	C:\Windows\SYSTEM32\wintypes.dll
0x00007ffefa5a0000 - 0x00007ffefa68a000 	C:\Windows\System32\SHCORE.dll
0x00007ffefaf60000 - 0x00007ffefafbd000 	C:\Windows\System32\shlwapi.dll
0x00007ffef89e0000 - 0x00007ffef8a05000 	C:\Windows\SYSTEM32\profapi.dll
0x00007ffeda730000 - 0x00007ffeda748000 	c:\Users\PCWORLD\.vscode\extensions\redhat.java-1.53.0-win32-x64\jre\21.0.10-win32-x86_64\bin\zip.dll
0x00007ffee0a40000 - 0x00007ffee0a50000 	C:\Users\PCWORLD\.vscode\extensions\redhat.java-1.53.0-win32-x64\jre\21.0.10-win32-x86_64\bin\net.dll
0x00007ffeeffc0000 - 0x00007ffef00d4000 	C:\Windows\SYSTEM32\WINHTTP.dll
0x00007ffef7f80000 - 0x00007ffef7fe7000 	C:\Windows\system32\mswsock.dll
0x00007ffedaa20000 - 0x00007ffedaa36000 	C:\Users\PCWORLD\.vscode\extensions\redhat.java-1.53.0-win32-x64\jre\21.0.10-win32-x86_64\bin\nio.dll
0x00007ffee06f0000 - 0x00007ffee0700000 	c:\Users\PCWORLD\.vscode\extensions\redhat.java-1.53.0-win32-x64\jre\21.0.10-win32-x86_64\bin\verify.dll
0x00007ffeca1a0000 - 0x00007ffeca1e5000 	C:\Users\PCWORLD\AppData\Roaming\Code\User\globalStorage\redhat.java\1.53.0\config_win\org.eclipse.equinox.launcher\org.eclipse.equinox.launcher.win32.win32.x86_64_1.3.0.v20260203-2149\eclipse_11919.dll
0x00007ffefafe0000 - 0x00007ffefb17a000 	C:\Windows\System32\ole32.dll
0x00007ffef8250000 - 0x00007ffef8268000 	C:\Windows\SYSTEM32\CRYPTSP.dll
0x00007ffef7a40000 - 0x00007ffef7a75000 	C:\Windows\system32\rsaenh.dll
0x00007ffef8020000 - 0x00007ffef804c000 	C:\Windows\SYSTEM32\USERENV.dll
0x00007ffef8400000 - 0x00007ffef8427000 	C:\Windows\SYSTEM32\bcrypt.dll
0x00007ffef8170000 - 0x00007ffef817c000 	C:\Windows\SYSTEM32\CRYPTBASE.dll
0x00007ffef7600000 - 0x00007ffef762d000 	C:\Windows\SYSTEM32\IPHLPAPI.DLL
0x00007ffefa8e0000 - 0x00007ffefa8e9000 	C:\Windows\System32\NSI.dll
0x00007ffee4540000 - 0x00007ffee4589000 	C:\Users\PCWORLD\AppData\Local\Temp\jna--13215393\jna5019893360992223591.dll
0x00007ffefb4c0000 - 0x00007ffefb4c8000 	C:\Windows\System32\PSAPI.DLL
0x00007ffef01a0000 - 0x00007ffef01b9000 	C:\Windows\SYSTEM32\dhcpcsvc6.DLL
0x00007ffef0510000 - 0x00007ffef052e000 	C:\Windows\SYSTEM32\dhcpcsvc.DLL
0x00007ffedfb40000 - 0x00007ffedfb4e000 	C:\Users\PCWORLD\.vscode\extensions\redhat.java-1.53.0-win32-x64\jre\21.0.10-win32-x86_64\bin\sunmscapi.dll
0x00007ffef8bd0000 - 0x00007ffef8d32000 	C:\Windows\System32\CRYPT32.dll
0x00007ffef83d0000 - 0x00007ffef83f8000 	C:\Windows\SYSTEM32\ncrypt.dll
0x00007ffef8320000 - 0x00007ffef8357000 	C:\Windows\SYSTEM32\NTASN1.dll
0x00007ffef7670000 - 0x00007ffef7757000 	C:\Windows\SYSTEM32\DNSAPI.dll
0x00007ffee6110000 - 0x00007ffee611a000 	C:\Windows\System32\rasadhlp.dll
0x00007ffeed330000 - 0x00007ffeed3b1000 	C:\Windows\System32\fwpuclnt.dll
0x00007ffedfbe0000 - 0x00007ffedfbe9000 	C:\Users\PCWORLD\.vscode\extensions\redhat.java-1.53.0-win32-x64\jre\21.0.10-win32-x86_64\bin\extnet.dll

JVMTI agents:
c:\Users\PCWORLD\.vscode\extensions\redhat.java-1.53.0-win32-x64\lombok\lombok-1.18.39-4050.jar path:c:\Users\PCWORLD\.vscode\extensions\redhat.java-1.53.0-win32-x64\jre\21.0.10-win32-x86_64\bin\instrument.dll, loaded, initialized, instrumentlib options:none

dbghelp: loaded successfully - version: 4.0.5 - missing functions: none
symbol engine: initialized successfully - sym options: 0x614 - pdb path: .;c:\Users\PCWORLD\.vscode\extensions\redhat.java-1.53.0-win32-x64\jre\21.0.10-win32-x86_64\bin;C:\Windows\SYSTEM32;C:\Windows\WinSxS\amd64_microsoft.windows.common-controls_6595b64144ccf1df_6.0.22000.120_none_9d947278b86cc467;c:\Users\PCWORLD\.vscode\extensions\redhat.java-1.53.0-win32-x64\jre\21.0.10-win32-x86_64\bin\server;C:\Users\PCWORLD\AppData\Roaming\Code\User\globalStorage\redhat.java\1.53.0\config_win\org.eclipse.equinox.launcher\org.eclipse.equinox.launcher.win32.win32.x86_64_1.3.0.v20260203-2149;C:\Users\PCWORLD\AppData\Local\Temp\jna--13215393

VM Arguments:
jvm_args: --add-modules=ALL-SYSTEM --add-opens=java.base/java.util=ALL-UNNAMED --add-opens=java.base/java.lang=ALL-UNNAMED --add-opens=java.base/sun.nio.fs=ALL-UNNAMED -Declipse.application=org.eclipse.jdt.ls.core.id1 -Dosgi.bundles.defaultStartLevel=4 -Declipse.product=org.eclipse.jdt.ls.core.product -Djava.import.generatesMetadataFilesAtProjectRoot=false -DDetectVMInstallationsJob.disabled=true -Dfile.encoding=utf8 -XX:+UseParallelGC -XX:GCTimeRatio=4 -XX:AdaptiveSizePolicyWeight=90 -Dsun.zip.disableMemoryMapping=true -Xmx2G -Xms100m -Xlog:disable -javaagent:c:\Users\PCWORLD\.vscode\extensions\redhat.java-1.53.0-win32-x64\lombok\lombok-1.18.39-4050.jar -XX:+HeapDumpOnOutOfMemoryError -XX:HeapDumpPath=c:\Users\PCWORLD\AppData\Roaming\Code\User\workspaceStorage\15d350eac09e9ebb76c56e029fd2021d\redhat.java -Daether.dependencyCollector.impl=bf 
java_command: c:\Users\PCWORLD\.vscode\extensions\redhat.java-1.53.0-win32-x64\server\plugins\org.eclipse.equinox.launcher_1.7.100.v20251111-0406.jar -configuration c:\Users\PCWORLD\AppData\Roaming\Code\User\globalStorage\redhat.java\1.53.0\config_win -data c:\Users\PCWORLD\AppData\Roaming\Code\User\workspaceStorage\15d350eac09e9ebb76c56e029fd2021d\redhat.java\jdt_ws --pipe=\\.\pipe\lsp-7d4d6cb8a5d04ee424919944754687f9-sock
java_class_path (initial): c:\Users\PCWORLD\.vscode\extensions\redhat.java-1.53.0-win32-x64\server\plugins\org.eclipse.equinox.launcher_1.7.100.v20251111-0406.jar
Launcher Type: SUN_STANDARD

[Global flags]
    uintx AdaptiveSizePolicyWeight                 = 90                                        {product} {command line}
     intx CICompilerCount                          = 4                                         {product} {ergonomic}
    uintx GCTimeRatio                              = 4                                         {product} {command line}
     bool HeapDumpOnOutOfMemoryError               = true                                   {manageable} {command line}
    ccstr HeapDumpPath                             = c:\Users\PCWORLD\AppData\Roaming\Code\User\workspaceStorage\15d350eac09e9ebb76c56e029fd2021d\redhat.java         {manageable} {command line}
   size_t InitialHeapSize                          = 104857600                                 {product} {command line}
   size_t MaxHeapSize                              = 2147483648                                {product} {command line}
   size_t MaxNewSize                               = 715653120                                 {product} {ergonomic}
   size_t MinHeapDeltaBytes                        = 524288                                    {product} {ergonomic}
   size_t MinHeapSize                              = 104857600                                 {product} {command line}
   size_t NewSize                                  = 34603008                                  {product} {ergonomic}
    uintx NonNMethodCodeHeapSize                   = 5839372                                {pd product} {ergonomic}
    uintx NonProfiledCodeHeapSize                  = 122909434                              {pd product} {ergonomic}
   size_t OldSize                                  = 70254592                                  {product} {ergonomic}
    uintx ProfiledCodeHeapSize                     = 122909434                              {pd product} {ergonomic}
    uintx ReservedCodeCacheSize                    = 251658240                              {pd product} {ergonomic}
     bool SegmentedCodeCache                       = true                                      {product} {ergonomic}
   size_t SoftMaxHeapSize                          = 2147483648                             {manageable} {ergonomic}
     bool UseCompressedOops                        = true                           {product lp64_product} {ergonomic}
     bool UseLargePagesIndividualAllocation        = false                                  {pd product} {ergonomic}
     bool UseParallelGC                            = true                                      {product} {command line}

Logging:
Log output configuration:
 #0: stdout all=off uptime,level,tags foldmultilines=false
 #1: stderr all=off uptime,level,tags foldmultilines=false

Release file:
JAVA_VERSION="21.0.10" 
MODULES="java.base java.compiler java.datatransfer java.xml java.prefs java.desktop java.instrument java.logging java.management java.security.sasl java.naming java.rmi java.management.rmi java.net.http java.scripting java.security.jgss java.transaction.xa java.sql java.sql.rowset java.xml.crypto java.se java.smartcardio jdk.accessibility jdk.internal.jvmstat jdk.attach jdk.charsets jdk.internal.opt jdk.zipfs jdk.compiler jdk.crypto.ec jdk.crypto.cryptoki jdk.crypto.mscapi jdk.dynalink jdk.internal.ed jdk.editpad jdk.hotspot.agent jdk.httpserver jdk.internal.le jdk.internal.vm.ci jdk.internal.vm.compiler jdk.internal.vm.compiler.management jdk.jartool jdk.javadoc jdk.jcmd jdk.management jdk.management.agent jdk.jconsole jdk.jdeps jdk.jdwp.agent jdk.jdi jdk.jfr jdk.jshell jdk.jsobject jdk.jstatd jdk.localedata jdk.management.jfr jdk.naming.dns jdk.naming.rmi jdk.net jdk.nio.mapmode jdk.random jdk.sctp jdk.security.auth jdk.security.jgss jdk.unsupported jdk.unsupported.desktop jdk.xml.dom" 

Environment Variables:
PATH=C:\Program Files\Common Files\Oracle\Java\javapath;C:\Windows\system32;C:\Windows;C:\Windows\System32\Wbem;C:\Windows\System32\WindowsPowerShell\v1.0\;C:\Windows\System32\OpenSSH\;C:\Program Files (x86)\Intel\Intel(R) Management Engine Components\DAL;C:\Program Files\Intel\Intel(R) Management Engine Components\DAL;C:\Program Files\Git\cmd;C:\Program Files\nodejs\;C:\ProgramData\chocolatey\bin;C:\Users\PCWORLD\Downloads\platform-tools-latest-windows\platform-tools;;C:\Program Files\Docker\Docker\resources\bin;E:\program_files\cursor\resources\app\bin;C:\Users\PCWORLD\AppData\Local\Programs\Python\Python313\Scripts\;C:\Users\PCWORLD\AppData\Local\Programs\Python\Python313\;C:\Users\PCWORLD\AppData\Local\Programs\Python\Launcher\;C:\Users\PCWORLD\AppData\Local\Microsoft\WindowsApps;C:\Users\PCWORLD\AppData\Local\Programs\Microsoft VS Code\bin;C:\Users\PCWORLD\AppData\Roaming\npm;E:\program_files\Antigravity\bin
USERNAME=PCWORLD
OS=Windows_NT
PROCESSOR_IDENTIFIER=Intel64 Family 6 Model 142 Stepping 10, GenuineIntel
TMP=C:\Users\PCWORLD\AppData\Local\Temp
TEMP=C:\Users\PCWORLD\AppData\Local\Temp




Periodic native trim disabled

---------------  S Y S T E M  ---------------

OS:
 Windows 11 , 64 bit Build 22000 (10.0.22000.2538)
OS uptime: 0 days 4:21 hours
Hyper-V role detected

CPU: total 8 (initial active 8) (4 cores per cpu, 2 threads per core) family 6 model 142 stepping 10 microcode 0xe0, cx8, cmov, fxsr, ht, mmx, 3dnowpref, sse, sse2, sse3, ssse3, sse4.1, sse4.2, popcnt, lzcnt, tsc, tscinvbit, avx, avx2, aes, erms, clmul, bmi1, bmi2, rtm, adx, fma, vzeroupper, clflush, clflushopt, hv, rdtscp, f16c
Processor Information for the first 8 processors :
  Max Mhz: 2112, Current Mhz: 1910, Mhz Limit: 1900

Memory: 4k page, system-wide physical 8071M (272M free)
TotalPageFile size 26821M (AvailPageFile size 16M)
current process WorkingSet (physical memory assigned to process): 888M, peak: 965M
current process commit charge ("private bytes"): 1433M, peak: 1434M

vm_info: OpenJDK 64-Bit Server VM (21.0.10+7-LTS) for windows-amd64 JRE (21.0.10+7-LTS), built on 2026-01-20T00:00:00Z by "admin" with MS VC++ 17.12 (VS2022)

END.
