#
# There is insufficient memory for the Java Runtime Environment to continue.
# Native memory allocation (malloc) failed to allocate 1872480 bytes. Error detail: Chunk::new
# Possible reasons:
#   The system is out of physical RAM or swap space
#   This process is running with CompressedOops enabled, and the Java Heap may be blocking the growth of the native heap
# Possible solutions:
#   Reduce memory load on the system
#   Increase physical memory or swap space
#   Check if swap backing store is full
#   Decrease Java heap size (-Xmx/-Xms)
#   Decrease number of Java threads
#   Decrease Java thread stack sizes (-Xss)
#   Set larger code cache with -XX:ReservedCodeCacheSize=
#   JVM is running with Unscaled Compressed Oops mode in which the Java heap is
#     placed in the first 4GB address space. The Java Heap base address is the
#     maximum limit for the native heap growth. Please use -XX:HeapBaseMinAddress
#     to set the Java Heap base and to place the Java Heap above 4GB virtual address.
# This output file may be truncated or incomplete.
#
#  Out of Memory Error (arena.cpp:168), pid=5928, tid=18628
#
# JRE version: OpenJDK Runtime Environment Temurin-21.0.10+7 (21.0.10+7) (build 21.0.10+7-LTS)
# Java VM: OpenJDK 64-Bit Server VM Temurin-21.0.10+7 (21.0.10+7-LTS, mixed mode, sharing, tiered, compressed oops, compressed class ptrs, parallel gc, windows-amd64)
# No core dump will be written. Minidumps are not enabled by default on client versions of Windows
#

---------------  S U M M A R Y ------------

Command Line: --add-modules=ALL-SYSTEM --add-opens=java.base/java.util=ALL-UNNAMED --add-opens=java.base/java.lang=ALL-UNNAMED --add-opens=java.base/sun.nio.fs=ALL-UNNAMED -Declipse.application=org.eclipse.jdt.ls.core.id1 -Dosgi.bundles.defaultStartLevel=4 -Declipse.product=org.eclipse.jdt.ls.core.product -Djava.import.generatesMetadataFilesAtProjectRoot=false -DDetectVMInstallationsJob.disabled=true -Dfile.encoding=utf8 -XX:+UseParallelGC -XX:GCTimeRatio=4 -XX:AdaptiveSizePolicyWeight=90 -Dsun.zip.disableMemoryMapping=true -Xmx2G -Xms100m -Xlog:disable -javaagent:c:\Users\PCWORLD\.vscode\extensions\redhat.java-1.53.0-win32-x64\lombok\lombok-1.18.39-4050.jar -XX:+HeapDumpOnOutOfMemoryError -XX:HeapDumpPath=c:\Users\PCWORLD\AppData\Roaming\Code\User\workspaceStorage\3b0e7ec70e6dbf87a017b81c8e0240a7\redhat.java -Daether.dependencyCollector.impl=bf c:\Users\PCWORLD\.vscode\extensions\redhat.java-1.53.0-win32-x64\server\plugins\org.eclipse.equinox.launcher_1.7.100.v20251111-0406.jar -configuration c:\Users\PCWORLD\AppData\Roaming\Code\User\globalStorage\redhat.java\1.53.0\config_win -data c:\Users\PCWORLD\AppData\Roaming\Code\User\workspaceStorage\3b0e7ec70e6dbf87a017b81c8e0240a7\redhat.java\jdt_ws --pipe=\\.\pipe\lsp-76ac2246fbddda174f5d5c3ee8d60e51-sock

Host: Intel(R) Core(TM) i7-8650U CPU @ 1.90GHz, 8 cores, 7G,  Windows 11 , 64 bit Build 22000 (10.0.22000.2538)
Time: Tue Apr  7 12:20:27 2026 Sri Lanka Standard Time elapsed time: 39.802705 seconds (0d 0h 0m 39s)

---------------  T H R E A D  ---------------

Current thread (0x000001a7f0219390):  JavaThread "C2 CompilerThread0" daemon [_thread_in_native, id=18628, stack(0x0000005aab200000,0x0000005aab300000) (1024K)]


Current CompileTask:
C2:39802 10684 %     4       org.eclipse.jdt.internal.core.search.indexing.BinaryIndexer::extractReferenceFromConstantPool @ 324 (358 bytes)

Stack: [0x0000005aab200000,0x0000005aab300000]
Native frames: (J=compiled Java code, j=interpreted, Vv=VM code, C=native code)
V  [jvm.dll+0x6d7a39]
V  [jvm.dll+0x8b4b26]
V  [jvm.dll+0x8b70de]
V  [jvm.dll+0x8b77c3]
V  [jvm.dll+0x284346]
V  [jvm.dll+0xc66ed]
V  [jvm.dll+0xc6c31]
V  [jvm.dll+0x3bec3b]
V  [jvm.dll+0x38b162]
V  [jvm.dll+0x38a5aa]
V  [jvm.dll+0x24c560]
V  [jvm.dll+0x24bb40]
V  [jvm.dll+0x1cb34e]
V  [jvm.dll+0x25b85d]
V  [jvm.dll+0x259dea]
V  [jvm.dll+0x3f857e]
V  [jvm.dll+0x85f59d]
V  [jvm.dll+0x6d626d]
C  [ucrtbase.dll+0x26c0c]
C  [KERNEL32.DLL+0x153e0]
C  [ntdll.dll+0x485b]


---------------  P R O C E S S  ---------------

Threads class SMR info:
_java_thread_list=0x000001a7f9a82960, length=64, elements={
0x000001a7d979c550, 0x000001a7f02098e0, 0x000001a7f020b150, 0x000001a7f020ce80,
0x000001a7f0210200, 0x000001a7f0212850, 0x000001a7f0213c00, 0x000001a7f0219390,
0x000001a7f021c020, 0x000001a7f1c91f50, 0x000001a7f1ccbb40, 0x000001a7f6661ed0,
0x000001a7f67acfa0, 0x000001a7f6622dc0, 0x000001a7f6623800, 0x000001a7f6f6dc60,
0x000001a7f6d5f2c0, 0x000001a7f6b43570, 0x000001a7f6b42850, 0x000001a7f6b44920,
0x000001a7f6b42ee0, 0x000001a7f6b43c00, 0x000001a7f6b44290, 0x000001a7f6b44fb0,
0x000001a7f89de820, 0x000001a7f89e0260, 0x000001a7f89e3d70, 0x000001a7f89df540,
0x000001a7f89e2330, 0x000001a7f89e08f0, 0x000001a7f89e29c0, 0x000001a7f89dfbd0,
0x000001a7f89e0f80, 0x000001a7f89dcde0, 0x000001a7f89e36e0, 0x000001a7f89e1610,
0x000001a7f89e4400, 0x000001a7f89e3050, 0x000001a7f89e1ca0, 0x000001a7f89ddb00,
0x000001a7f89de190, 0x000001a7f64ec640, 0x000001a7f64e91c0, 0x000001a7f64eccd0,
0x000001a7f64eb920, 0x000001a7f64ea570, 0x000001a7f64ee080, 0x000001a7f64ed9f0,
0x000001a7f64ef430, 0x000001a7f64ee710, 0x000001a7f64ed360, 0x000001a7f64ebfb0,
0x000001a7f64eeda0, 0x000001a7f64efac0, 0x000001a7f64e9ee0, 0x000001a7f64eac00,
0x000001a7f64e9850, 0x000001a7f64b6780, 0x000001a7f64b3300, 0x000001a7f64b6e10,
0x000001a7f64b46b0, 0x000001a7f64b4d40, 0x000001a7f64b74a0, 0x000001a7f64b53d0
}

Java Threads: ( => current thread )
  0x000001a7d979c550 JavaThread "main"                              [_thread_blocked, id=21608, stack(0x0000005aaa800000,0x0000005aaa900000) (1024K)]
  0x000001a7f02098e0 JavaThread "Reference Handler"          daemon [_thread_blocked, id=23020, stack(0x0000005aaac00000,0x0000005aaad00000) (1024K)]
  0x000001a7f020b150 JavaThread "Finalizer"                  daemon [_thread_blocked, id=21728, stack(0x0000005aaad00000,0x0000005aaae00000) (1024K)]
  0x000001a7f020ce80 JavaThread "Signal Dispatcher"          daemon [_thread_blocked, id=7084, stack(0x0000005aaae00000,0x0000005aaaf00000) (1024K)]
  0x000001a7f0210200 JavaThread "Attach Listener"            daemon [_thread_blocked, id=13488, stack(0x0000005aaaf00000,0x0000005aab000000) (1024K)]
  0x000001a7f0212850 JavaThread "Service Thread"             daemon [_thread_blocked, id=21920, stack(0x0000005aab000000,0x0000005aab100000) (1024K)]
  0x000001a7f0213c00 JavaThread "Monitor Deflation Thread"   daemon [_thread_blocked, id=1312, stack(0x0000005aab100000,0x0000005aab200000) (1024K)]
=>0x000001a7f0219390 JavaThread "C2 CompilerThread0"         daemon [_thread_in_native, id=18628, stack(0x0000005aab200000,0x0000005aab300000) (1024K)]
  0x000001a7f021c020 JavaThread "C1 CompilerThread0"         daemon [_thread_blocked, id=12636, stack(0x0000005aab300000,0x0000005aab400000) (1024K)]
  0x000001a7f1c91f50 JavaThread "Common-Cleaner"             daemon [_thread_blocked, id=8816, stack(0x0000005aab400000,0x0000005aab500000) (1024K)]
  0x000001a7f1ccbb40 JavaThread "Notification Thread"        daemon [_thread_blocked, id=23200, stack(0x0000005aab600000,0x0000005aab700000) (1024K)]
  0x000001a7f6661ed0 JavaThread "Active Thread: Equinox Container: 89e8f43d-3a0c-472b-ac48-b6c72dcfd5d1"        [_thread_blocked, id=20956, stack(0x0000005aab500000,0x0000005aab600000) (1024K)]
  0x000001a7f67acfa0 JavaThread "Refresh Thread: Equinox Container: 89e8f43d-3a0c-472b-ac48-b6c72dcfd5d1" daemon [_thread_blocked, id=22788, stack(0x0000005aabe00000,0x0000005aabf00000) (1024K)]
  0x000001a7f6622dc0 JavaThread "Framework Event Dispatcher: Equinox Container: 89e8f43d-3a0c-472b-ac48-b6c72dcfd5d1" daemon [_thread_blocked, id=22540, stack(0x0000005aabf00000,0x0000005aac000000) (1024K)]
  0x000001a7f6623800 JavaThread "Start Level: Equinox Container: 89e8f43d-3a0c-472b-ac48-b6c72dcfd5d1" daemon [_thread_blocked, id=7152, stack(0x0000005aac000000,0x0000005aac100000) (1024K)]
  0x000001a7f6f6dc60 JavaThread "Bundle File Closer"         daemon [_thread_blocked, id=20388, stack(0x0000005aac100000,0x0000005aac200000) (1024K)]
  0x000001a7f6d5f2c0 JavaThread "SCR Component Actor"        daemon [_thread_blocked, id=23488, stack(0x0000005aac200000,0x0000005aac300000) (1024K)]
  0x000001a7f6b43570 JavaThread "Worker-JM"                         [_thread_blocked, id=20528, stack(0x0000005aac300000,0x0000005aac400000) (1024K)]
  0x000001a7f6b42850 JavaThread "JNA Cleaner"                daemon [_thread_blocked, id=4788, stack(0x0000005aac400000,0x0000005aac500000) (1024K)]
  0x000001a7f6b44920 JavaThread "Worker-0: Java indexing... "        [_thread_blocked, id=17808, stack(0x0000005aac500000,0x0000005aac600000) (1024K)]
  0x000001a7f6b42ee0 JavaThread "Worker-1"                          [_thread_blocked, id=13712, stack(0x0000005aac600000,0x0000005aac700000) (1024K)]
  0x000001a7f6b43c00 JavaThread "Worker-2: Building"                [_thread_blocked, id=21196, stack(0x0000005aac700000,0x0000005aac800000) (1024K)]
  0x000001a7f6b44290 JavaThread "Worker-3"                          [_thread_blocked, id=20436, stack(0x0000005aac800000,0x0000005aac900000) (1024K)]
  0x000001a7f6b44fb0 JavaThread "Java indexing"              daemon [_thread_in_native, id=2716, stack(0x0000005aac900000,0x0000005aaca00000) (1024K)]
  0x000001a7f89de820 JavaThread "Worker-4"                          [_thread_blocked, id=13836, stack(0x0000005aaca00000,0x0000005aacb00000) (1024K)]
  0x000001a7f89e0260 JavaThread "Worker-5"                          [_thread_blocked, id=17012, stack(0x0000005aacd00000,0x0000005aace00000) (1024K)]
  0x000001a7f89e3d70 JavaThread "Thread-1"                   daemon [_thread_in_native, id=9932, stack(0x0000005aace00000,0x0000005aacf00000) (1024K)]
  0x000001a7f89df540 JavaThread "Thread-2"                   daemon [_thread_in_native, id=14908, stack(0x0000005aacf00000,0x0000005aad000000) (1024K)]
  0x000001a7f89e2330 JavaThread "Thread-3"                   daemon [_thread_in_native, id=11816, stack(0x0000005aad000000,0x0000005aad100000) (1024K)]
  0x000001a7f89e08f0 JavaThread "Thread-4"                   daemon [_thread_in_native, id=20340, stack(0x0000005aad100000,0x0000005aad200000) (1024K)]
  0x000001a7f89e29c0 JavaThread "Thread-5"                   daemon [_thread_in_native, id=16476, stack(0x0000005aad200000,0x0000005aad300000) (1024K)]
  0x000001a7f89dfbd0 JavaThread "Thread-6"                   daemon [_thread_in_native, id=6712, stack(0x0000005aad300000,0x0000005aad400000) (1024K)]
  0x000001a7f89e0f80 JavaThread "Thread-7"                   daemon [_thread_in_native, id=16128, stack(0x0000005aad400000,0x0000005aad500000) (1024K)]
  0x000001a7f89dcde0 JavaThread "Thread-8"                   daemon [_thread_in_native, id=3796, stack(0x0000005aad500000,0x0000005aad600000) (1024K)]
  0x000001a7f89e36e0 JavaThread "Thread-9"                   daemon [_thread_in_native, id=3044, stack(0x0000005aad600000,0x0000005aad700000) (1024K)]
  0x000001a7f89e1610 JavaThread "pool-2-thread-1"                   [_thread_blocked, id=14832, stack(0x0000005aad700000,0x0000005aad800000) (1024K)]
  0x000001a7f89e4400 JavaThread "WorkspaceEventsHandler"            [_thread_blocked, id=18744, stack(0x0000005aad800000,0x0000005aad900000) (1024K)]
  0x000001a7f89e3050 JavaThread "pool-1-thread-1"                   [_thread_blocked, id=15252, stack(0x0000005aad900000,0x0000005aada00000) (1024K)]
  0x000001a7f89e1ca0 JavaThread "LocalFile Deleter"          daemon [_thread_blocked, id=2612, stack(0x0000005aada00000,0x0000005aadb00000) (1024K)]
  0x000001a7f89ddb00 JavaThread "LocalFile Deleter"          daemon [_thread_blocked, id=8760, stack(0x0000005aadb00000,0x0000005aadc00000) (1024K)]
  0x000001a7f89de190 JavaThread "LocalFile Deleter"          daemon [_thread_blocked, id=12620, stack(0x0000005aadc00000,0x0000005aadd00000) (1024K)]
  0x000001a7f64ec640 JavaThread "LocalFile Deleter"          daemon [_thread_blocked, id=20640, stack(0x0000005aadd00000,0x0000005aade00000) (1024K)]
  0x000001a7f64e91c0 JavaThread "LocalFile Deleter"          daemon [_thread_blocked, id=21812, stack(0x0000005aade00000,0x0000005aadf00000) (1024K)]
  0x000001a7f64eccd0 JavaThread "LocalFile Deleter"          daemon [_thread_blocked, id=15608, stack(0x0000005aadf00000,0x0000005aae000000) (1024K)]
  0x000001a7f64eb920 JavaThread "LocalFile Deleter"          daemon [_thread_blocked, id=9836, stack(0x0000005aae000000,0x0000005aae100000) (1024K)]
  0x000001a7f64ea570 JavaThread "LocalFile Deleter"          daemon [_thread_blocked, id=19864, stack(0x0000005aae100000,0x0000005aae200000) (1024K)]
  0x000001a7f64ee080 JavaThread "Compiler Source File Reader" daemon [_thread_blocked, id=22784, stack(0x0000005aae200000,0x0000005aae300000) (1024K)]
  0x000001a7f64ed9f0 JavaThread "Compiler Source File Reader" daemon [_thread_blocked, id=14288, stack(0x0000005aae300000,0x0000005aae400000) (1024K)]
  0x000001a7f64ef430 JavaThread "Compiler Source File Reader" daemon [_thread_blocked, id=22836, stack(0x0000005aae400000,0x0000005aae500000) (1024K)]
  0x000001a7f64ee710 JavaThread "Compiler Source File Reader" daemon [_thread_blocked, id=22664, stack(0x0000005aae500000,0x0000005aae600000) (1024K)]
  0x000001a7f64ed360 JavaThread "Compiler Source File Reader" daemon [_thread_blocked, id=1092, stack(0x0000005aae600000,0x0000005aae700000) (1024K)]
  0x000001a7f64ebfb0 JavaThread "Compiler Source File Reader" daemon [_thread_blocked, id=10660, stack(0x0000005aae700000,0x0000005aae800000) (1024K)]
  0x000001a7f64eeda0 JavaThread "Compiler Processing Task"   daemon [_thread_blocked, id=19952, stack(0x0000005aae800000,0x0000005aae900000) (1024K)]
  0x000001a7f64efac0 JavaThread "Compiler Class File Writer" daemon [_thread_blocked, id=2456, stack(0x0000005aae900000,0x0000005aaea00000) (1024K)]
  0x000001a7f64e9ee0 JavaThread "Compiler Class File Writer" daemon [_thread_blocked, id=8820, stack(0x0000005aaea00000,0x0000005aaeb00000) (1024K)]
  0x000001a7f64eac00 JavaThread "Compiler Class File Writer" daemon [_thread_blocked, id=21112, stack(0x0000005aaeb00000,0x0000005aaec00000) (1024K)]
  0x000001a7f64e9850 JavaThread "Compiler Class File Writer" daemon [_thread_blocked, id=13524, stack(0x0000005aaec00000,0x0000005aaed00000) (1024K)]
  0x000001a7f64b6780 JavaThread "Compiler Class File Writer" daemon [_thread_blocked, id=21400, stack(0x0000005aaed00000,0x0000005aaee00000) (1024K)]
  0x000001a7f64b3300 JavaThread "Compiler Class File Writer" daemon [_thread_blocked, id=19600, stack(0x0000005aaee00000,0x0000005aaef00000) (1024K)]
  0x000001a7f64b6e10 JavaThread "ParallelDescriptorResolver-0-0" daemon [_thread_in_Java, id=10144, stack(0x0000005aaef00000,0x0000005aaf000000) (1024K)]
  0x000001a7f64b46b0 JavaThread "ParallelDescriptorResolver-0-1" daemon [_thread_in_native, id=21132, stack(0x0000005aaf000000,0x0000005aaf100000) (1024K)]
  0x000001a7f64b4d40 JavaThread "ParallelDescriptorResolver-0-2" daemon [_thread_in_native, id=16484, stack(0x0000005aaf100000,0x0000005aaf200000) (1024K)]
  0x000001a7f64b74a0 JavaThread "ParallelDescriptorResolver-0-3" daemon [_thread_in_native, id=9880, stack(0x0000005aaf200000,0x0000005aaf300000) (1024K)]
  0x000001a7f64b53d0 JavaThread "ParallelDescriptorResolver-0-4" daemon [_thread_in_native, id=22116, stack(0x0000005aaf300000,0x0000005aaf400000) (1024K)]
Total: 64

Other Threads:
  0x000001a7f01ef3c0 VMThread "VM Thread"                           [id=21016, stack(0x0000005aaab00000,0x0000005aaac00000) (1024K)]
  0x000001a7f00e1180 WatcherThread "VM Periodic Task Thread"        [id=18684, stack(0x0000005aaaa00000,0x0000005aaab00000) (1024K)]
  0x000001a7d97ba9b0 WorkerThread "GC Thread#0"                     [id=22888, stack(0x0000005aaa900000,0x0000005aaaa00000) (1024K)]
  0x000001a7f636df40 WorkerThread "GC Thread#1"                     [id=9832, stack(0x0000005aab700000,0x0000005aab800000) (1024K)]
  0x000001a7f636e2f0 WorkerThread "GC Thread#2"                     [id=7648, stack(0x0000005aab800000,0x0000005aab900000) (1024K)]
  0x000001a7f648d9a0 WorkerThread "GC Thread#3"                     [id=20984, stack(0x0000005aab900000,0x0000005aaba00000) (1024K)]
  0x000001a7f648dd50 WorkerThread "GC Thread#4"                     [id=21656, stack(0x0000005aaba00000,0x0000005aabb00000) (1024K)]
  0x000001a7f648e100 WorkerThread "GC Thread#5"                     [id=14240, stack(0x0000005aabb00000,0x0000005aabc00000) (1024K)]
  0x000001a7f648e4b0 WorkerThread "GC Thread#6"                     [id=18384, stack(0x0000005aabc00000,0x0000005aabd00000) (1024K)]
  0x000001a7f625e7c0 WorkerThread "GC Thread#7"                     [id=4644, stack(0x0000005aabd00000,0x0000005aabe00000) (1024K)]
Total: 10

Threads with active compile tasks:
C2 CompilerThread0  39895 10684 %     4       org.eclipse.jdt.internal.core.search.indexing.BinaryIndexer::extractReferenceFromConstantPool @ 324 (358 bytes)
Total: 1

VM state: not at safepoint (normal execution)

VM Mutex/Monitor currently owned by a thread: None

Heap address: 0x0000000080000000, size: 2048 MB, Compressed Oops mode: 32-bit

CDS archive(s) mapped at: [0x000001a780000000-0x000001a780ba0000-0x000001a780ba0000), size 12189696, SharedBaseAddress: 0x000001a780000000, ArchiveRelocationMode: 1.
Compressed class space mapped at: 0x000001a781000000-0x000001a7c1000000, reserved size: 1073741824
Narrow klass base: 0x000001a780000000, Narrow klass shift: 0, Narrow klass range: 0x100000000

GC Precious Log:
 CardTable entry size: 512
 CPUs: 8 total, 8 available
 Memory: 8071M
 Large Page Support: Disabled
 NUMA Support: Disabled
 Compressed Oops: Enabled (32-bit)
 Alignments: Space 512K, Generation 512K, Heap 2M
 Heap Min Capacity: 100M
 Heap Initial Capacity: 100M
 Heap Max Capacity: 2G
 Pre-touch: Disabled
 Parallel Workers: 8

Heap:
 PSYoungGen      total 10752K, used 10092K [0x00000000d5580000, 0x00000000d6380000, 0x0000000100000000)
  eden space 9728K, 95% used [0x00000000d5580000,0x00000000d5e933c8,0x00000000d5f00000)
  from space 1024K, 78% used [0x00000000d6280000,0x00000000d6348000,0x00000000d6380000)
  to   space 1024K, 0% used [0x00000000d6180000,0x00000000d6180000,0x00000000d6280000)
 ParOldGen       total 76800K, used 72148K [0x0000000080000000, 0x0000000084b00000, 0x00000000d5580000)
  object space 76800K, 93% used [0x0000000080000000,0x00000000846753b0,0x0000000084b00000)
 Metaspace       used 60319K, committed 61760K, reserved 1114112K
  class space    used 6400K, committed 7040K, reserved 1048576K

Card table byte_map: [0x000001a7d9150000,0x000001a7d9560000] _byte_map_base: 0x000001a7d8d50000

Marking Bits: (ParMarkBitMap*) 0x00007ffea74e3450
 Begin Bits: [0x000001a7ebc60000, 0x000001a7edc60000)
 End Bits:   [0x000001a7edc60000, 0x000001a7efc60000)

Polling page: 0x000001a7d7670000

Metaspace:

Usage:
  Non-class:     52.66 MB used.
      Class:      6.25 MB used.
       Both:     58.91 MB used.

Virtual space:
  Non-class space:       64.00 MB reserved,      53.44 MB ( 83%) committed,  1 nodes.
      Class space:        1.00 GB reserved,       6.88 MB ( <1%) committed,  1 nodes.
             Both:        1.06 GB reserved,      60.31 MB (  6%) committed. 

Chunk freelists:
   Non-Class:  10.48 MB
       Class:  9.08 MB
        Both:  19.56 MB

MaxMetaspaceSize: unlimited
CompressedClassSpaceSize: 1.00 GB
Initial GC threshold: 21.00 MB
Current GC threshold: 97.31 MB
CDS: on
 - commit_granule_bytes: 65536.
 - commit_granule_words: 8192.
 - virtual_space_node_default_size: 8388608.
 - enlarge_chunks_in_place: 1.
 - use_allocation_guard: 0.


Internal statistics:

num_allocs_failed_limit: 11.
num_arena_births: 1108.
num_arena_deaths: 14.
num_vsnodes_births: 2.
num_vsnodes_deaths: 0.
num_space_committed: 965.
num_space_uncommitted: 0.
num_chunks_returned_to_freelist: 25.
num_chunks_taken_from_freelist: 4074.
num_chunk_merges: 15.
num_chunk_splits: 2412.
num_chunks_enlarged: 1218.
num_inconsistent_stats: 0.

CodeHeap 'non-profiled nmethods': size=120000Kb used=4982Kb max_used=4982Kb free=115018Kb
 bounds [0x000001a7e4480000, 0x000001a7e4960000, 0x000001a7eb9b0000]
CodeHeap 'profiled nmethods': size=120000Kb used=21138Kb max_used=21138Kb free=98862Kb
 bounds [0x000001a7dc9b0000, 0x000001a7dde60000, 0x000001a7e3ee0000]
CodeHeap 'non-nmethods': size=5760Kb used=1410Kb max_used=1482Kb free=4349Kb
 bounds [0x000001a7e3ee0000, 0x000001a7e4150000, 0x000001a7e4480000]
CodeCache: size=245760Kb, used=27530Kb, max_used=27602Kb, free=218229Kb
 total_blobs=10709, nmethods=9989, adapters=626, full_count=0
Compilation: enabled, stopped_count=0, restarted_count=0

Compilation events (20 events):
Event: 39.755 Thread 0x000001a7f021c020 10780       3       org.apache.maven.model.io.xpp3.MavenXpp3Reader::checkFieldWithDuplicate (75 bytes)
Event: 39.756 Thread 0x000001a7f021c020 nmethod 10780 0x000001a7dde48e90 code [0x000001a7dde49140, 0x000001a7dde49b20]
Event: 39.757 Thread 0x000001a7f021c020 10781       3       org.apache.maven.model.Model::getLicenses (23 bytes)
Event: 39.758 Thread 0x000001a7f021c020 nmethod 10781 0x000001a7dde49f90 code [0x000001a7dde4a160, 0x000001a7dde4a4b8]
Event: 39.766 Thread 0x000001a7f021c020 10782       3       org.slf4j.LoggerFactory::getILoggerFactory (9 bytes)
Event: 39.766 Thread 0x000001a7f021c020 nmethod 10782 0x000001a7dde4a610 code [0x000001a7dde4a7c0, 0x000001a7dde4a9a8]
Event: 39.766 Thread 0x000001a7f021c020 10783       3       org.slf4j.LoggerFactory::getLogger (12 bytes)
Event: 39.766 Thread 0x000001a7f021c020 nmethod 10783 0x000001a7dde4aa90 code [0x000001a7dde4ac60, 0x000001a7dde4af70]
Event: 39.768 Thread 0x000001a7f021c020 10784   !   3       org.eclipse.osgi.storage.bundlefile.CloseableBundleFile::lockOpen (113 bytes)
Event: 39.770 Thread 0x000001a7f021c020 nmethod 10784 0x000001a7dde4b090 code [0x000001a7dde4b360, 0x000001a7dde4c5e0]
Event: 39.770 Thread 0x000001a7f021c020 10786   !   3       org.eclipse.osgi.storage.bundlefile.CloseableBundleFile::getEntry (28 bytes)
Event: 39.772 Thread 0x000001a7f021c020 nmethod 10786 0x000001a7dde4cc10 code [0x000001a7dde4ce40, 0x000001a7dde4d7e0]
Event: 39.772 Thread 0x000001a7f021c020 10785       3       org.slf4j.LoggerFactory::getLogger (67 bytes)
Event: 39.776 Thread 0x000001a7f021c020 nmethod 10785 0x000001a7dde4db10 code [0x000001a7dde4df80, 0x000001a7dde4fc08]
Event: 39.776 Thread 0x000001a7f021c020 10787       2       java.lang.invoke.MethodType::makeImpl (109 bytes)
Event: 39.778 Thread 0x000001a7f021c020 nmethod 10787 0x000001a7dde50710 code [0x000001a7dde50980, 0x000001a7dde51180]
Event: 39.778 Thread 0x000001a7f021c020 10788       2       jdk.internal.util.ReferencedKeySet::get (27 bytes)
Event: 39.779 Thread 0x000001a7f021c020 nmethod 10788 0x000001a7dde51610 code [0x000001a7dde51820, 0x000001a7dde51c48]
Event: 39.781 Thread 0x000001a7f021c020 10789       3       org.apache.maven.model.io.xpp3.MavenXpp3Reader::nextTag (64 bytes)
Event: 39.783 Thread 0x000001a7f021c020 nmethod 10789 0x000001a7dde51e90 code [0x000001a7dde52100, 0x000001a7dde52968]

GC Heap History (20 events):
Event: 32.636 GC heap before
{Heap before GC invocations=58 (full 2):
 PSYoungGen      total 12800K, used 8477K [0x00000000d5580000, 0x00000000d6680000, 0x0000000100000000)
  eden space 9728K, 82% used [0x00000000d5580000,0x00000000d5d5f7c0,0x00000000d5f00000)
  from space 3072K, 13% used [0x00000000d6100000,0x00000000d6168000,0x00000000d6400000)
  to   space 1024K, 0% used [0x00000000d6580000,0x00000000d6580000,0x00000000d6680000)
 ParOldGen       total 76800K, used 76435K [0x0000000080000000, 0x0000000084b00000, 0x00000000d5580000)
  object space 76800K, 99% used [0x0000000080000000,0x0000000084aa4fb0,0x0000000084b00000)
 Metaspace       used 58407K, committed 59776K, reserved 1114112K
  class space    used 6252K, committed 6912K, reserved 1048576K
}
Event: 32.645 GC heap after
{Heap after GC invocations=58 (full 2):
 PSYoungGen      total 10752K, used 1024K [0x00000000d5580000, 0x00000000d6680000, 0x0000000100000000)
  eden space 9728K, 0% used [0x00000000d5580000,0x00000000d5580000,0x00000000d5f00000)
  from space 1024K, 100% used [0x00000000d6580000,0x00000000d6680000,0x00000000d6680000)
  to   space 1536K, 0% used [0x00000000d6380000,0x00000000d6380000,0x00000000d6500000)
 ParOldGen       total 76800K, used 76699K [0x0000000080000000, 0x0000000084b00000, 0x00000000d5580000)
  object space 76800K, 99% used [0x0000000080000000,0x0000000084ae6fb0,0x0000000084b00000)
 Metaspace       used 58407K, committed 59776K, reserved 1114112K
  class space    used 6252K, committed 6912K, reserved 1048576K
}
Event: 32.645 GC heap before
{Heap before GC invocations=59 (full 3):
 PSYoungGen      total 10752K, used 1024K [0x00000000d5580000, 0x00000000d6680000, 0x0000000100000000)
  eden space 9728K, 0% used [0x00000000d5580000,0x00000000d5580000,0x00000000d5f00000)
  from space 1024K, 100% used [0x00000000d6580000,0x00000000d6680000,0x00000000d6680000)
  to   space 1536K, 0% used [0x00000000d6380000,0x00000000d6380000,0x00000000d6500000)
 ParOldGen       total 76800K, used 76699K [0x0000000080000000, 0x0000000084b00000, 0x00000000d5580000)
  object space 76800K, 99% used [0x0000000080000000,0x0000000084ae6fb0,0x0000000084b00000)
 Metaspace       used 58407K, committed 59776K, reserved 1114112K
  class space    used 6252K, committed 6912K, reserved 1048576K
}
Event: 32.812 GC heap after
{Heap after GC invocations=59 (full 3):
 PSYoungGen      total 10752K, used 0K [0x00000000d5580000, 0x00000000d6680000, 0x0000000100000000)
  eden space 9728K, 0% used [0x00000000d5580000,0x00000000d5580000,0x00000000d5f00000)
  from space 1024K, 0% used [0x00000000d6580000,0x00000000d6580000,0x00000000d6680000)
  to   space 1536K, 0% used [0x00000000d6380000,0x00000000d6380000,0x00000000d6500000)
 ParOldGen       total 76800K, used 60378K [0x0000000080000000, 0x0000000084b00000, 0x00000000d5580000)
  object space 76800K, 78% used [0x0000000080000000,0x0000000083af6948,0x0000000084b00000)
 Metaspace       used 58407K, committed 59776K, reserved 1114112K
  class space    used 6252K, committed 6912K, reserved 1048576K
}
Event: 33.443 GC heap before
{Heap before GC invocations=60 (full 3):
 PSYoungGen      total 10752K, used 9728K [0x00000000d5580000, 0x00000000d6680000, 0x0000000100000000)
  eden space 9728K, 100% used [0x00000000d5580000,0x00000000d5f00000,0x00000000d5f00000)
  from space 1024K, 0% used [0x00000000d6580000,0x00000000d6580000,0x00000000d6680000)
  to   space 1536K, 0% used [0x00000000d6380000,0x00000000d6380000,0x00000000d6500000)
 ParOldGen       total 76800K, used 60378K [0x0000000080000000, 0x0000000084b00000, 0x00000000d5580000)
  object space 76800K, 78% used [0x0000000080000000,0x0000000083af6948,0x0000000084b00000)
 Metaspace       used 59072K, committed 60480K, reserved 1114112K
  class space    used 6322K, committed 6976K, reserved 1048576K
}
Event: 33.461 GC heap after
{Heap after GC invocations=60 (full 3):
 PSYoungGen      total 11264K, used 1529K [0x00000000d5580000, 0x00000000d6600000, 0x0000000100000000)
  eden space 9728K, 0% used [0x00000000d5580000,0x00000000d5580000,0x00000000d5f00000)
  from space 1536K, 99% used [0x00000000d6380000,0x00000000d64fe4f0,0x00000000d6500000)
  to   space 1024K, 0% used [0x00000000d6500000,0x00000000d6500000,0x00000000d6600000)
 ParOldGen       total 76800K, used 60783K [0x0000000080000000, 0x0000000084b00000, 0x00000000d5580000)
  object space 76800K, 79% used [0x0000000080000000,0x0000000083b5be18,0x0000000084b00000)
 Metaspace       used 59072K, committed 60480K, reserved 1114112K
  class space    used 6322K, committed 6976K, reserved 1048576K
}
Event: 34.229 GC heap before
{Heap before GC invocations=61 (full 3):
 PSYoungGen      total 11264K, used 11257K [0x00000000d5580000, 0x00000000d6600000, 0x0000000100000000)
  eden space 9728K, 100% used [0x00000000d5580000,0x00000000d5f00000,0x00000000d5f00000)
  from space 1536K, 99% used [0x00000000d6380000,0x00000000d64fe4f0,0x00000000d6500000)
  to   space 1024K, 0% used [0x00000000d6500000,0x00000000d6500000,0x00000000d6600000)
 ParOldGen       total 76800K, used 60783K [0x0000000080000000, 0x0000000084b00000, 0x00000000d5580000)
  object space 76800K, 79% used [0x0000000080000000,0x0000000083b5be18,0x0000000084b00000)
 Metaspace       used 59584K, committed 60928K, reserved 1114112K
  class space    used 6354K, committed 6976K, reserved 1048576K
}
Event: 34.237 GC heap after
{Heap after GC invocations=61 (full 3):
 PSYoungGen      total 10752K, used 1024K [0x00000000d5580000, 0x00000000d6600000, 0x0000000100000000)
  eden space 9728K, 0% used [0x00000000d5580000,0x00000000d5580000,0x00000000d5f00000)
  from space 1024K, 100% used [0x00000000d6500000,0x00000000d6600000,0x00000000d6600000)
  to   space 2560K, 0% used [0x00000000d6100000,0x00000000d6100000,0x00000000d6380000)
 ParOldGen       total 76800K, used 61792K [0x0000000080000000, 0x0000000084b00000, 0x00000000d5580000)
  object space 76800K, 80% used [0x0000000080000000,0x0000000083c582f8,0x0000000084b00000)
 Metaspace       used 59584K, committed 60928K, reserved 1114112K
  class space    used 6354K, committed 6976K, reserved 1048576K
}
Event: 34.829 GC heap before
{Heap before GC invocations=62 (full 3):
 PSYoungGen      total 10752K, used 10752K [0x00000000d5580000, 0x00000000d6600000, 0x0000000100000000)
  eden space 9728K, 100% used [0x00000000d5580000,0x00000000d5f00000,0x00000000d5f00000)
  from space 1024K, 100% used [0x00000000d6500000,0x00000000d6600000,0x00000000d6600000)
  to   space 2560K, 0% used [0x00000000d6100000,0x00000000d6100000,0x00000000d6380000)
 ParOldGen       total 76800K, used 61792K [0x0000000080000000, 0x0000000084b00000, 0x00000000d5580000)
  object space 76800K, 80% used [0x0000000080000000,0x0000000083c582f8,0x0000000084b00000)
 Metaspace       used 59619K, committed 60928K, reserved 1114112K
  class space    used 6354K, committed 6976K, reserved 1048576K
}
Event: 34.832 GC heap after
{Heap after GC invocations=62 (full 3):
 PSYoungGen      total 12288K, used 1408K [0x00000000d5580000, 0x00000000d6580000, 0x0000000100000000)
  eden space 9728K, 0% used [0x00000000d5580000,0x00000000d5580000,0x00000000d5f00000)
  from space 2560K, 55% used [0x00000000d6100000,0x00000000d6260000,0x00000000d6380000)
  to   space 2048K, 0% used [0x00000000d6380000,0x00000000d6380000,0x00000000d6580000)
 ParOldGen       total 76800K, used 62602K [0x0000000080000000, 0x0000000084b00000, 0x00000000d5580000)
  object space 76800K, 81% used [0x0000000080000000,0x0000000083d22850,0x0000000084b00000)
 Metaspace       used 59619K, committed 60928K, reserved 1114112K
  class space    used 6354K, committed 6976K, reserved 1048576K
}
Event: 37.119 GC heap before
{Heap before GC invocations=63 (full 3):
 PSYoungGen      total 12288K, used 11136K [0x00000000d5580000, 0x00000000d6580000, 0x0000000100000000)
  eden space 9728K, 100% used [0x00000000d5580000,0x00000000d5f00000,0x00000000d5f00000)
  from space 2560K, 55% used [0x00000000d6100000,0x00000000d6260000,0x00000000d6380000)
  to   space 2048K, 0% used [0x00000000d6380000,0x00000000d6380000,0x00000000d6580000)
 ParOldGen       total 76800K, used 62602K [0x0000000080000000, 0x0000000084b00000, 0x00000000d5580000)
  object space 76800K, 81% used [0x0000000080000000,0x0000000083d22850,0x0000000084b00000)
 Metaspace       used 59695K, committed 61056K, reserved 1114112K
  class space    used 6355K, committed 6976K, reserved 1048576K
}
Event: 37.122 GC heap after
{Heap after GC invocations=63 (full 3):
 PSYoungGen      total 11264K, used 1120K [0x00000000d5580000, 0x00000000d6500000, 0x0000000100000000)
  eden space 9728K, 0% used [0x00000000d5580000,0x00000000d5580000,0x00000000d5f00000)
  from space 1536K, 72% used [0x00000000d6380000,0x00000000d6498000,0x00000000d6500000)
  to   space 1536K, 0% used [0x00000000d6200000,0x00000000d6200000,0x00000000d6380000)
 ParOldGen       total 76800K, used 63738K [0x0000000080000000, 0x0000000084b00000, 0x00000000d5580000)
  object space 76800K, 82% used [0x0000000080000000,0x0000000083e3e850,0x0000000084b00000)
 Metaspace       used 59695K, committed 61056K, reserved 1114112K
  class space    used 6355K, committed 6976K, reserved 1048576K
}
Event: 38.591 GC heap before
{Heap before GC invocations=64 (full 3):
 PSYoungGen      total 11264K, used 10848K [0x00000000d5580000, 0x00000000d6500000, 0x0000000100000000)
  eden space 9728K, 100% used [0x00000000d5580000,0x00000000d5f00000,0x00000000d5f00000)
  from space 1536K, 72% used [0x00000000d6380000,0x00000000d6498000,0x00000000d6500000)
  to   space 1536K, 0% used [0x00000000d6200000,0x00000000d6200000,0x00000000d6380000)
 ParOldGen       total 76800K, used 68320K [0x0000000080000000, 0x0000000084b00000, 0x00000000d5580000)
  object space 76800K, 88% used [0x0000000080000000,0x00000000842b81b8,0x0000000084b00000)
 Metaspace       used 59807K, committed 61120K, reserved 1114112K
  class space    used 6355K, committed 6976K, reserved 1048576K
}
Event: 38.598 GC heap after
{Heap after GC invocations=64 (full 3):
 PSYoungGen      total 11264K, used 1424K [0x00000000d5580000, 0x00000000d6400000, 0x0000000100000000)
  eden space 9728K, 0% used [0x00000000d5580000,0x00000000d5580000,0x00000000d5f00000)
  from space 1536K, 92% used [0x00000000d6200000,0x00000000d6364010,0x00000000d6380000)
  to   space 512K, 0% used [0x00000000d6380000,0x00000000d6380000,0x00000000d6400000)
 ParOldGen       total 76800K, used 69320K [0x0000000080000000, 0x0000000084b00000, 0x00000000d5580000)
  object space 76800K, 90% used [0x0000000080000000,0x00000000843b21b8,0x0000000084b00000)
 Metaspace       used 59807K, committed 61120K, reserved 1114112K
  class space    used 6355K, committed 6976K, reserved 1048576K
}
Event: 39.025 GC heap before
{Heap before GC invocations=65 (full 3):
 PSYoungGen      total 11264K, used 11152K [0x00000000d5580000, 0x00000000d6400000, 0x0000000100000000)
  eden space 9728K, 100% used [0x00000000d5580000,0x00000000d5f00000,0x00000000d5f00000)
  from space 1536K, 92% used [0x00000000d6200000,0x00000000d6364010,0x00000000d6380000)
  to   space 512K, 0% used [0x00000000d6380000,0x00000000d6380000,0x00000000d6400000)
 ParOldGen       total 76800K, used 69329K [0x0000000080000000, 0x0000000084b00000, 0x00000000d5580000)
  object space 76800K, 90% used [0x0000000080000000,0x00000000843b45e8,0x0000000084b00000)
 Metaspace       used 59894K, committed 61248K, reserved 1114112K
  class space    used 6355K, committed 6976K, reserved 1048576K
}
Event: 39.028 GC heap after
{Heap after GC invocations=65 (full 3):
 PSYoungGen      total 10240K, used 512K [0x00000000d5580000, 0x00000000d6400000, 0x0000000100000000)
  eden space 9728K, 0% used [0x00000000d5580000,0x00000000d5580000,0x00000000d5f00000)
  from space 512K, 100% used [0x00000000d6380000,0x00000000d6400000,0x00000000d6400000)
  to   space 2560K, 0% used [0x00000000d5f00000,0x00000000d5f00000,0x00000000d6180000)
 ParOldGen       total 76800K, used 70981K [0x0000000080000000, 0x0000000084b00000, 0x00000000d5580000)
  object space 76800K, 92% used [0x0000000080000000,0x0000000084551750,0x0000000084b00000)
 Metaspace       used 59894K, committed 61248K, reserved 1114112K
  class space    used 6355K, committed 6976K, reserved 1048576K
}
Event: 39.211 GC heap before
{Heap before GC invocations=66 (full 3):
 PSYoungGen      total 10240K, used 10227K [0x00000000d5580000, 0x00000000d6400000, 0x0000000100000000)
  eden space 9728K, 99% used [0x00000000d5580000,0x00000000d5efcc68,0x00000000d5f00000)
  from space 512K, 100% used [0x00000000d6380000,0x00000000d6400000,0x00000000d6400000)
  to   space 2560K, 0% used [0x00000000d5f00000,0x00000000d5f00000,0x00000000d6180000)
 ParOldGen       total 76800K, used 70981K [0x0000000080000000, 0x0000000084b00000, 0x00000000d5580000)
  object space 76800K, 92% used [0x0000000080000000,0x0000000084551750,0x0000000084b00000)
 Metaspace       used 59962K, committed 61312K, reserved 1114112K
  class space    used 6357K, committed 6976K, reserved 1048576K
}
Event: 39.213 GC heap after
{Heap after GC invocations=66 (full 3):
 PSYoungGen      total 12288K, used 832K [0x00000000d5580000, 0x00000000d6400000, 0x0000000100000000)
  eden space 9728K, 0% used [0x00000000d5580000,0x00000000d5580000,0x00000000d5f00000)
  from space 2560K, 32% used [0x00000000d5f00000,0x00000000d5fd0000,0x00000000d6180000)
  to   space 1536K, 0% used [0x00000000d6280000,0x00000000d6280000,0x00000000d6400000)
 ParOldGen       total 76800K, used 71520K [0x0000000080000000, 0x0000000084b00000, 0x00000000d5580000)
  object space 76800K, 93% used [0x0000000080000000,0x00000000845d83a0,0x0000000084b00000)
 Metaspace       used 59962K, committed 61312K, reserved 1114112K
  class space    used 6357K, committed 6976K, reserved 1048576K
}
Event: 39.435 GC heap before
{Heap before GC invocations=67 (full 3):
 PSYoungGen      total 12288K, used 10560K [0x00000000d5580000, 0x00000000d6400000, 0x0000000100000000)
  eden space 9728K, 100% used [0x00000000d5580000,0x00000000d5f00000,0x00000000d5f00000)
  from space 2560K, 32% used [0x00000000d5f00000,0x00000000d5fd0000,0x00000000d6180000)
  to   space 1536K, 0% used [0x00000000d6280000,0x00000000d6280000,0x00000000d6400000)
 ParOldGen       total 76800K, used 71520K [0x0000000080000000, 0x0000000084b00000, 0x00000000d5580000)
  object space 76800K, 93% used [0x0000000080000000,0x00000000845d83a0,0x0000000084b00000)
 Metaspace       used 59973K, committed 61376K, reserved 1114112K
  class space    used 6357K, committed 6976K, reserved 1048576K
}
Event: 39.440 GC heap after
{Heap after GC invocations=67 (full 3):
 PSYoungGen      total 10752K, used 800K [0x00000000d5580000, 0x00000000d6380000, 0x0000000100000000)
  eden space 9728K, 0% used [0x00000000d5580000,0x00000000d5580000,0x00000000d5f00000)
  from space 1024K, 78% used [0x00000000d6280000,0x00000000d6348000,0x00000000d6380000)
  to   space 1024K, 0% used [0x00000000d6180000,0x00000000d6180000,0x00000000d6280000)
 ParOldGen       total 76800K, used 72148K [0x0000000080000000, 0x0000000084b00000, 0x00000000d5580000)
  object space 76800K, 93% used [0x0000000080000000,0x00000000846753b0,0x0000000084b00000)
 Metaspace       used 59973K, committed 61376K, reserved 1114112K
  class space    used 6357K, committed 6976K, reserved 1048576K
}

Dll operation events (10 events):
Event: 0.016 Loaded shared library c:\Users\PCWORLD\.vscode\extensions\redhat.java-1.53.0-win32-x64\jre\21.0.10-win32-x86_64\bin\java.dll
Event: 0.194 Loaded shared library c:\Users\PCWORLD\.vscode\extensions\redhat.java-1.53.0-win32-x64\jre\21.0.10-win32-x86_64\bin\zip.dll
Event: 0.245 Loaded shared library C:\Users\PCWORLD\.vscode\extensions\redhat.java-1.53.0-win32-x64\jre\21.0.10-win32-x86_64\bin\instrument.dll
Event: 0.256 Loaded shared library C:\Users\PCWORLD\.vscode\extensions\redhat.java-1.53.0-win32-x64\jre\21.0.10-win32-x86_64\bin\net.dll
Event: 0.260 Loaded shared library C:\Users\PCWORLD\.vscode\extensions\redhat.java-1.53.0-win32-x64\jre\21.0.10-win32-x86_64\bin\nio.dll
Event: 0.266 Loaded shared library C:\Users\PCWORLD\.vscode\extensions\redhat.java-1.53.0-win32-x64\jre\21.0.10-win32-x86_64\bin\zip.dll
Event: 0.306 Loaded shared library C:\Users\PCWORLD\.vscode\extensions\redhat.java-1.53.0-win32-x64\jre\21.0.10-win32-x86_64\bin\jimage.dll
Event: 0.484 Loaded shared library c:\Users\PCWORLD\.vscode\extensions\redhat.java-1.53.0-win32-x64\jre\21.0.10-win32-x86_64\bin\verify.dll
Event: 3.249 Loaded shared library C:\Users\PCWORLD\AppData\Roaming\Code\User\globalStorage\redhat.java\1.53.0\config_win\org.eclipse.equinox.launcher\org.eclipse.equinox.launcher.win32.win32.x86_64_1.3.0.v20260203-2149\eclipse_11919.dll
Event: 6.148 Loaded shared library C:\Users\PCWORLD\AppData\Local\Temp\jna--13215393\jna15874029796210994252.dll

Deoptimization events (20 events):
Event: 39.763 Thread 0x000001a7f64b74a0 Uncommon trap: reason=unstable_if action=reinterpret pc=0x000001a7e45f9084 method=java.util.concurrent.locks.ReentrantLock$Sync.lock()V @ 4 c2
Event: 39.763 Thread 0x000001a7f64b74a0 DEOPT PACKING pc=0x000001a7e45f9084 sp=0x0000005aaf2fdd80
Event: 39.763 Thread 0x000001a7f64b74a0 DEOPT UNPACKING pc=0x000001a7e3f33aa2 sp=0x0000005aaf2fdc88 mode 2
Event: 39.764 Thread 0x000001a7f64b53d0 Uncommon trap: trap_request=0xffffffde fr.pc=0x000001a7e48fa580 relative=0x0000000000000aa0
Event: 39.764 Thread 0x000001a7f64b53d0 Uncommon trap: reason=class_check action=maybe_recompile pc=0x000001a7e48fa580 method=java.util.concurrent.ConcurrentHashMap.putVal(Ljava/lang/Object;Ljava/lang/Object;Z)Ljava/lang/Object; @ 159 c2
Event: 39.764 Thread 0x000001a7f64b53d0 DEOPT PACKING pc=0x000001a7e48fa580 sp=0x0000005aaf3fe510
Event: 39.764 Thread 0x000001a7f64b53d0 DEOPT UNPACKING pc=0x000001a7e3f33aa2 sp=0x0000005aaf3fe490 mode 2
Event: 39.767 Thread 0x000001a7f64b6e10 Uncommon trap: trap_request=0xffffffde fr.pc=0x000001a7e4616754 relative=0x00000000000000b4
Event: 39.767 Thread 0x000001a7f64b6e10 Uncommon trap: reason=class_check action=maybe_recompile pc=0x000001a7e4616754 method=jdk.internal.util.StrongReferenceKey.equals(Ljava/lang/Object;)Z @ 1 c2
Event: 39.767 Thread 0x000001a7f64b6e10 DEOPT PACKING pc=0x000001a7e4616754 sp=0x0000005aaeffdee0
Event: 39.767 Thread 0x000001a7f64b6e10 DEOPT UNPACKING pc=0x000001a7e3f33aa2 sp=0x0000005aaeffde68 mode 2
Event: 39.767 Thread 0x000001a7f64b6e10 Uncommon trap: trap_request=0xffffff54 fr.pc=0x000001a7e461c600 relative=0x0000000000001560
Event: 39.767 Thread 0x000001a7f64b6e10 Uncommon trap: reason=speculate_null_assert action=make_not_entrant pc=0x000001a7e461c600 method=jdk.internal.util.ReferencedKeyMap.existingKey(Ljdk/internal/util/ReferencedKeyMap;Ljava/lang/Object;)Ljava/lang/Object; @ 18 c2
Event: 39.767 Thread 0x000001a7f64b6e10 DEOPT PACKING pc=0x000001a7e461c600 sp=0x0000005aaeffdf10
Event: 39.767 Thread 0x000001a7f64b6e10 DEOPT UNPACKING pc=0x000001a7e3f33aa2 sp=0x0000005aaeffdde0 mode 2
Event: 39.772 Thread 0x000001a7f64b53d0 Uncommon trap: trap_request=0xffffff54 fr.pc=0x000001a7e46201ec relative=0x000000000000514c
Event: 39.778 Thread 0x000001a7f6b43c00 Uncommon trap: trap_request=0xffffffde fr.pc=0x000001a7e4519274 relative=0x0000000000000734
Event: 39.778 Thread 0x000001a7f6b43c00 Uncommon trap: reason=class_check action=maybe_recompile pc=0x000001a7e4519274 method=java.util.HashMap.computeIfAbsent(Ljava/lang/Object;Ljava/util/function/Function;)Ljava/lang/Object; @ 188 c2
Event: 39.778 Thread 0x000001a7f6b43c00 DEOPT PACKING pc=0x000001a7e4519274 sp=0x0000005aac7fd500
Event: 39.778 Thread 0x000001a7f6b43c00 DEOPT UNPACKING pc=0x000001a7e3f33aa2 sp=0x0000005aac7fd4a8 mode 2

Classes loaded (20 events):
Event: 33.987 Loading class sun/util/cldr/CLDRTimeZoneNameProviderImpl
Event: 33.988 Loading class sun/util/locale/provider/TimeZoneNameProviderImpl
Event: 33.988 Loading class sun/util/locale/provider/TimeZoneNameProviderImpl done
Event: 33.988 Loading class sun/util/cldr/CLDRTimeZoneNameProviderImpl done
Event: 33.997 Loading class sun/util/resources/cldr/TimeZoneNames
Event: 34.002 Loading class sun/util/resources/TimeZoneNamesBundle
Event: 34.004 Loading class sun/util/resources/OpenListResourceBundle
Event: 34.005 Loading class sun/util/resources/OpenListResourceBundle done
Event: 34.005 Loading class sun/util/resources/TimeZoneNamesBundle done
Event: 34.005 Loading class sun/util/resources/cldr/TimeZoneNames done
Event: 34.005 Loading class sun/util/resources/cldr/TimeZoneNames_en
Event: 34.011 Loading class sun/util/resources/cldr/TimeZoneNames_en done
Event: 34.011 Loading class sun/util/resources/cldr/TimeZoneNames_en_US
Event: 34.011 Loading class sun/util/resources/cldr/TimeZoneNames_en_US done
Event: 34.014 Loading class sun/util/cldr/CLDRBaseLocaleDataMetaInfo$TZCanonicalIDMapHolder
Event: 34.016 Loading class sun/util/cldr/CLDRBaseLocaleDataMetaInfo$TZCanonicalIDMapHolder done
Event: 34.020 Loading class sun/util/resources/TimeZoneNames
Event: 34.022 Loading class sun/util/resources/TimeZoneNames done
Event: 34.023 Loading class sun/util/resources/TimeZoneNames_en
Event: 34.023 Loading class sun/util/resources/TimeZoneNames_en done

Classes unloaded (7 events):
Event: 8.475 Thread 0x000001a7f01ef3c0 Unloading class 0x000001a7811a8800 'java/lang/invoke/LambdaForm$MH+0x000001a7811a8800'
Event: 8.475 Thread 0x000001a7f01ef3c0 Unloading class 0x000001a7811a8400 'java/lang/invoke/LambdaForm$MH+0x000001a7811a8400'
Event: 8.475 Thread 0x000001a7f01ef3c0 Unloading class 0x000001a7811a8000 'java/lang/invoke/LambdaForm$MH+0x000001a7811a8000'
Event: 8.475 Thread 0x000001a7f01ef3c0 Unloading class 0x000001a7811a7c00 'java/lang/invoke/LambdaForm$MH+0x000001a7811a7c00'
Event: 8.475 Thread 0x000001a7f01ef3c0 Unloading class 0x000001a7811a7800 'java/lang/invoke/LambdaForm$BMH+0x000001a7811a7800'
Event: 8.475 Thread 0x000001a7f01ef3c0 Unloading class 0x000001a7811a7400 'java/lang/invoke/LambdaForm$DMH+0x000001a7811a7400'
Event: 8.475 Thread 0x000001a7f01ef3c0 Unloading class 0x000001a7811a6000 'java/lang/invoke/LambdaForm$DMH+0x000001a7811a6000'

Classes redefined (0 events):
No events

Internal exceptions (20 events):
Event: 27.180 Thread 0x000001a7f6b43c00 Implicit null exception at 0x000001a7e471e4cc to 0x000001a7e471e512
Event: 28.704 Thread 0x000001a7f64eeda0 Exception <a 'java/lang/NoSuchMethodError'{0x00000000d5bc6190}: 'void java.lang.invoke.DirectMethodHandle$Holder.invokeStatic(java.lang.Object, int, java.lang.Object)'> (0x00000000d5bc6190) 
thrown [s\src\hotspot\share\interpreter\linkResolver.cpp, line 773]
Event: 29.086 Thread 0x000001a7f6b43c00 Exception <a 'java/lang/NoSuchMethodError'{0x00000000d5d04cd0}: 'java.lang.Object java.lang.invoke.DirectMethodHandle$Holder.newInvokeSpecial(java.lang.Object, java.lang.Object, int, int, java.lang.Object)'> (0x00000000d5d04cd0) 
thrown [s\src\hotspot\share\interpreter\linkResolver.cpp, line 773]
Event: 30.515 Thread 0x000001a7f64eeda0 Exception <a 'java/lang/NoSuchMethodError'{0x00000000d561ca20}: 'java.lang.Object java.lang.invoke.DirectMethodHandle$Holder.invokeStatic(java.lang.Object, java.lang.Object, int, java.lang.Object, java.lang.Object)'> (0x00000000d561ca20) 
thrown [s\src\hotspot\share\interpreter\linkResolver.cpp, line 773]
Event: 31.208 Thread 0x000001a7f6b43c00 Exception <a 'sun/nio/fs/WindowsException'{0x00000000d5f0d630}> (0x00000000d5f0d630) 
thrown [s\src\hotspot\share\prims\jni.cpp, line 520]
Event: 31.209 Thread 0x000001a7f89de190 Exception <a 'sun/nio/fs/WindowsException'{0x00000000d5f12810}> (0x00000000d5f12810) 
thrown [s\src\hotspot\share\prims\jni.cpp, line 520]
Event: 31.210 Thread 0x000001a7f89de190 Exception <a 'sun/nio/fs/WindowsException'{0x00000000d5f13728}> (0x00000000d5f13728) 
thrown [s\src\hotspot\share\prims\jni.cpp, line 520]
Event: 31.758 Thread 0x000001a7f6b43c00 Exception <a 'sun/nio/fs/WindowsException'{0x00000000d5b6e060}> (0x00000000d5b6e060) 
thrown [s\src\hotspot\share\prims\jni.cpp, line 520]
Event: 31.758 Thread 0x000001a7f6b43c00 Exception <a 'sun/nio/fs/WindowsException'{0x00000000d5b6e8e0}> (0x00000000d5b6e8e0) 
thrown [s\src\hotspot\share\prims\jni.cpp, line 520]
Event: 31.759 Thread 0x000001a7f6b43c00 Exception <a 'sun/nio/fs/WindowsException'{0x00000000d5b6f9b8}> (0x00000000d5b6f9b8) 
thrown [s\src\hotspot\share\prims\jni.cpp, line 520]
Event: 31.759 Thread 0x000001a7f6b43c00 Exception <a 'sun/nio/fs/WindowsException'{0x00000000d5b6ffe8}> (0x00000000d5b6ffe8) 
thrown [s\src\hotspot\share\prims\jni.cpp, line 520]
Event: 31.760 Thread 0x000001a7f6b43c00 Exception <a 'sun/nio/fs/WindowsException'{0x00000000d5b71150}> (0x00000000d5b71150) 
thrown [s\src\hotspot\share\prims\jni.cpp, line 520]
Event: 31.760 Thread 0x000001a7f6b43c00 Exception <a 'sun/nio/fs/WindowsException'{0x00000000d5b719d0}> (0x00000000d5b719d0) 
thrown [s\src\hotspot\share\prims\jni.cpp, line 520]
Event: 31.761 Thread 0x000001a7f6b43c00 Exception <a 'sun/nio/fs/WindowsException'{0x00000000d5b728d0}> (0x00000000d5b728d0) 
thrown [s\src\hotspot\share\prims\jni.cpp, line 520]
Event: 31.761 Thread 0x000001a7f6b43c00 Exception <a 'sun/nio/fs/WindowsException'{0x00000000d5b73150}> (0x00000000d5b73150) 
thrown [s\src\hotspot\share\prims\jni.cpp, line 520]
Event: 33.503 Thread 0x000001a7f6b43c00 Exception <a 'java/lang/NoSuchMethodError'{0x00000000d56a2f98}: 'void java.lang.invoke.DirectMethodHandle$Holder.invokeStatic(java.lang.Object, java.lang.Object, java.lang.Object, int)'> (0x00000000d56a2f98) 
thrown [s\src\hotspot\share\interpreter\linkResolver.cpp, line 773]
Event: 33.537 Thread 0x000001a7f6b43c00 Exception <a 'java/lang/NoSuchMethodError'{0x00000000d56fbcf8}: 'void java.lang.invoke.DirectMethodHandle$Holder.invokeVirtual(java.lang.Object, java.lang.Object, int)'> (0x00000000d56fbcf8) 
thrown [s\src\hotspot\share\interpreter\linkResolver.cpp, line 773]
Event: 33.537 Thread 0x000001a7f6b43c00 Implicit null exception at 0x000001a7e4752db1 to 0x000001a7e4753098
Event: 39.066 Thread 0x000001a7f6b44fb0 Implicit null exception at 0x000001a7e48e7fab to 0x000001a7e48eca7c
Event: 39.559 Thread 0x000001a7f6b43c00 Exception <a 'java/lang/NoSuchMethodError'{0x00000000d5aba1f8}: 'void java.lang.invoke.DirectMethodHandle$Holder.invokeInterface(java.lang.Object, java.lang.Object)'> (0x00000000d5aba1f8) 
thrown [s\src\hotspot\share\interpreter\linkResolver.cpp, line 773]

ZGC Phase Switch (0 events):
No events

VM Operations (20 events):
Event: 34.829 Executing safepoint VM operation: ParallelGCFailedAllocation (Allocation Failure)
Event: 34.832 Executing safepoint VM operation: ParallelGCFailedAllocation (Allocation Failure) done
Event: 36.838 Executing safepoint VM operation: Cleanup
Event: 36.962 Executing safepoint VM operation: Cleanup done
Event: 37.119 Executing safepoint VM operation: ParallelGCFailedAllocation (Allocation Failure)
Event: 37.122 Executing safepoint VM operation: ParallelGCFailedAllocation (Allocation Failure) done
Event: 38.131 Executing safepoint VM operation: Cleanup
Event: 38.147 Executing safepoint VM operation: Cleanup done
Event: 38.194 Executing safepoint VM operation: ParallelGCFailedAllocation (Allocation Failure)
Event: 38.194 Executing safepoint VM operation: ParallelGCFailedAllocation (Allocation Failure) done
Event: 38.591 Executing safepoint VM operation: ParallelGCSystemGC (GCLocker Initiated GC)
Event: 38.598 Executing safepoint VM operation: ParallelGCSystemGC (GCLocker Initiated GC) done
Event: 38.963 Executing safepoint VM operation: ParallelGCFailedAllocation (Allocation Failure)
Event: 39.028 Executing safepoint VM operation: ParallelGCFailedAllocation (Allocation Failure) done
Event: 39.211 Executing safepoint VM operation: ParallelGCFailedAllocation (Allocation Failure)
Event: 39.213 Executing safepoint VM operation: ParallelGCFailedAllocation (Allocation Failure) done
Event: 39.406 Executing safepoint VM operation: ParallelGCFailedAllocation (Allocation Failure)
Event: 39.441 Executing safepoint VM operation: ParallelGCFailedAllocation (Allocation Failure) done
Event: 39.665 Executing non-safepoint VM operation: HandshakeAllThreads (Deoptimize)
Event: 39.735 Executing non-safepoint VM operation: HandshakeAllThreads (Deoptimize) done

Memory protections (0 events):
No events

Nmethod flushes (20 events):
Event: 32.712 Thread 0x000001a7f01ef3c0 flushing  nmethod 0x000001a7dd320410
Event: 32.712 Thread 0x000001a7f01ef3c0 flushing  nmethod 0x000001a7dd320790
Event: 32.712 Thread 0x000001a7f01ef3c0 flushing  nmethod 0x000001a7dd32e310
Event: 32.712 Thread 0x000001a7f01ef3c0 flushing  nmethod 0x000001a7dd33b690
Event: 32.712 Thread 0x000001a7f01ef3c0 flushing  nmethod 0x000001a7dd359610
Event: 32.712 Thread 0x000001a7f01ef3c0 flushing  nmethod 0x000001a7dd359a90
Event: 32.712 Thread 0x000001a7f01ef3c0 flushing  nmethod 0x000001a7dd35af90
Event: 32.712 Thread 0x000001a7f01ef3c0 flushing osr nmethod 0x000001a7dd35b390
Event: 32.712 Thread 0x000001a7f01ef3c0 flushing  nmethod 0x000001a7dd35e390
Event: 32.712 Thread 0x000001a7f01ef3c0 flushing  nmethod 0x000001a7dd35eb90
Event: 32.712 Thread 0x000001a7f01ef3c0 flushing  nmethod 0x000001a7dd35f190
Event: 32.712 Thread 0x000001a7f01ef3c0 flushing  nmethod 0x000001a7dd364d10
Event: 32.712 Thread 0x000001a7f01ef3c0 flushing  nmethod 0x000001a7dd36e990
Event: 32.712 Thread 0x000001a7f01ef3c0 flushing  nmethod 0x000001a7dd374490
Event: 32.712 Thread 0x000001a7f01ef3c0 flushing  nmethod 0x000001a7dd37a710
Event: 32.712 Thread 0x000001a7f01ef3c0 flushing  nmethod 0x000001a7dd37c810
Event: 32.712 Thread 0x000001a7f01ef3c0 flushing  nmethod 0x000001a7dd393310
Event: 32.712 Thread 0x000001a7f01ef3c0 flushing  nmethod 0x000001a7dd395910
Event: 32.712 Thread 0x000001a7f01ef3c0 flushing  nmethod 0x000001a7dd3ab610
Event: 32.712 Thread 0x000001a7f01ef3c0 flushing  nmethod 0x000001a7dd3c7c10

Events (20 events):
Event: 18.266 Thread 0x000001a7f64e91c0 Thread added: 0x000001a7f64eb920
Event: 18.267 Thread 0x000001a7f89e1ca0 Thread added: 0x000001a7f64ea570
Event: 18.427 Thread 0x000001a7f6b43c00 Thread added: 0x000001a7f64ee080
Event: 18.427 Thread 0x000001a7f6b43c00 Thread added: 0x000001a7f64ed9f0
Event: 18.428 Thread 0x000001a7f6b43c00 Thread added: 0x000001a7f64ef430
Event: 18.428 Thread 0x000001a7f6b43c00 Thread added: 0x000001a7f64ee710
Event: 18.428 Thread 0x000001a7f6b43c00 Thread added: 0x000001a7f64ed360
Event: 18.428 Thread 0x000001a7f6b43c00 Thread added: 0x000001a7f64ebfb0
Event: 27.743 Thread 0x000001a7f6b43c00 Thread added: 0x000001a7f64eeda0
Event: 29.087 Thread 0x000001a7f6b43c00 Thread added: 0x000001a7f64efac0
Event: 29.688 Thread 0x000001a7f6b43c00 Thread added: 0x000001a7f64e9ee0
Event: 29.798 Thread 0x000001a7f6b43c00 Thread added: 0x000001a7f64eac00
Event: 29.808 Thread 0x000001a7f6b43c00 Thread added: 0x000001a7f64e9850
Event: 29.985 Thread 0x000001a7f6b43c00 Thread added: 0x000001a7f64b6780
Event: 29.985 Thread 0x000001a7f6b43c00 Thread added: 0x000001a7f64b3300
Event: 39.588 Thread 0x000001a7f6b43c00 Thread added: 0x000001a7f64b6e10
Event: 39.588 Thread 0x000001a7f6b43c00 Thread added: 0x000001a7f64b46b0
Event: 39.589 Thread 0x000001a7f6b43c00 Thread added: 0x000001a7f64b4d40
Event: 39.590 Thread 0x000001a7f6b43c00 Thread added: 0x000001a7f64b74a0
Event: 39.594 Thread 0x000001a7f6b43c00 Thread added: 0x000001a7f64b53d0


Dynamic libraries:
0x00007ff6ae3b0000 - 0x00007ff6ae3be000 	c:\Users\PCWORLD\.vscode\extensions\redhat.java-1.53.0-win32-x64\jre\21.0.10-win32-x86_64\bin\java.exe
0x00007ffefb620000 - 0x00007ffefb829000 	C:\Windows\SYSTEM32\ntdll.dll
0x00007ffefaea0000 - 0x00007ffefaf5d000 	C:\Windows\System32\KERNEL32.DLL
0x00007ffef8f50000 - 0x00007ffef92d4000 	C:\Windows\System32\KERNELBASE.dll
0x00007ffef92e0000 - 0x00007ffef93f1000 	C:\Windows\System32\ucrtbase.dll
0x00007ffedfac0000 - 0x00007ffedfade000 	c:\Users\PCWORLD\.vscode\extensions\redhat.java-1.53.0-win32-x64\jre\21.0.10-win32-x86_64\bin\VCRUNTIME140.dll
0x00007ffedbe00000 - 0x00007ffedbe18000 	c:\Users\PCWORLD\.vscode\extensions\redhat.java-1.53.0-win32-x64\jre\21.0.10-win32-x86_64\bin\jli.dll
0x00007ffefa040000 - 0x00007ffefa1ed000 	C:\Windows\System32\USER32.dll
0x00007ffee4b50000 - 0x00007ffee4df5000 	C:\Windows\WinSxS\amd64_microsoft.windows.common-controls_6595b64144ccf1df_6.0.22000.120_none_9d947278b86cc467\COMCTL32.dll
0x00007ffef8e00000 - 0x00007ffef8e26000 	C:\Windows\System32\win32u.dll
0x00007ffefa690000 - 0x00007ffefa733000 	C:\Windows\System32\msvcrt.dll
0x00007ffefa570000 - 0x00007ffefa59a000 	C:\Windows\System32\GDI32.dll
0x00007ffef8e30000 - 0x00007ffef8f4e000 	C:\Windows\System32\gdi32full.dll
0x00007ffef8ab0000 - 0x00007ffef8b4d000 	C:\Windows\System32\msvcp_win.dll
0x00007ffefb290000 - 0x00007ffefb2c1000 	C:\Windows\System32\IMM32.DLL
0x00007ffee6100000 - 0x00007ffee610c000 	c:\Users\PCWORLD\.vscode\extensions\redhat.java-1.53.0-win32-x64\jre\21.0.10-win32-x86_64\bin\vcruntime140_1.dll
0x00007ffec7780000 - 0x00007ffec780d000 	c:\Users\PCWORLD\.vscode\extensions\redhat.java-1.53.0-win32-x64\jre\21.0.10-win32-x86_64\bin\msvcp140.dll
0x00007ffea6820000 - 0x00007ffea75c1000 	c:\Users\PCWORLD\.vscode\extensions\redhat.java-1.53.0-win32-x64\jre\21.0.10-win32-x86_64\bin\server\jvm.dll
0x00007ffefb2d0000 - 0x00007ffefb37e000 	C:\Windows\System32\ADVAPI32.dll
0x00007ffefb540000 - 0x00007ffefb5de000 	C:\Windows\System32\sechost.dll
0x00007ffefa8f0000 - 0x00007ffefaa11000 	C:\Windows\System32\RPCRT4.dll
0x00007ffefb4d0000 - 0x00007ffefb53f000 	C:\Windows\System32\WS2_32.dll
0x00007ffef8980000 - 0x00007ffef89cd000 	C:\Windows\SYSTEM32\POWRPROF.dll
0x00007ffeefe00000 - 0x00007ffeefe33000 	C:\Windows\SYSTEM32\WINMM.dll
0x00007ffeeb9f0000 - 0x00007ffeeb9fa000 	C:\Windows\SYSTEM32\VERSION.dll
0x00007ffef88b0000 - 0x00007ffef88c3000 	C:\Windows\SYSTEM32\UMPDC.dll
0x00007ffef7ae0000 - 0x00007ffef7af8000 	C:\Windows\SYSTEM32\kernel.appcore.dll
0x00007ffee4aa0000 - 0x00007ffee4aaa000 	c:\Users\PCWORLD\.vscode\extensions\redhat.java-1.53.0-win32-x64\jre\21.0.10-win32-x86_64\bin\jimage.dll
0x00007ffef5c20000 - 0x00007ffef5e41000 	C:\Windows\SYSTEM32\DBGHELP.DLL
0x00007ffee2b60000 - 0x00007ffee2b91000 	C:\Windows\SYSTEM32\dbgcore.DLL
0x00007ffef8b50000 - 0x00007ffef8bcf000 	C:\Windows\System32\bcryptPrimitives.dll
0x00007ffee0a50000 - 0x00007ffee0a5f000 	c:\Users\PCWORLD\.vscode\extensions\redhat.java-1.53.0-win32-x64\jre\21.0.10-win32-x86_64\bin\instrument.dll
0x00007ffedbcb0000 - 0x00007ffedbcd0000 	c:\Users\PCWORLD\.vscode\extensions\redhat.java-1.53.0-win32-x64\jre\21.0.10-win32-x86_64\bin\java.dll
0x00007ffef9780000 - 0x00007ffef9f45000 	C:\Windows\System32\SHELL32.dll
0x00007ffef6b40000 - 0x00007ffef73a2000 	C:\Windows\SYSTEM32\windows.storage.dll
0x00007ffefa1f0000 - 0x00007ffefa566000 	C:\Windows\System32\combase.dll
0x00007ffef69d0000 - 0x00007ffef6b37000 	C:\Windows\SYSTEM32\wintypes.dll
0x00007ffefa5a0000 - 0x00007ffefa68a000 	C:\Windows\System32\SHCORE.dll
0x00007ffefaf60000 - 0x00007ffefafbd000 	C:\Windows\System32\shlwapi.dll
0x00007ffef89e0000 - 0x00007ffef8a05000 	C:\Windows\SYSTEM32\profapi.dll
0x00007ffeda730000 - 0x00007ffeda748000 	c:\Users\PCWORLD\.vscode\extensions\redhat.java-1.53.0-win32-x64\jre\21.0.10-win32-x86_64\bin\zip.dll
0x00007ffee0a40000 - 0x00007ffee0a50000 	C:\Users\PCWORLD\.vscode\extensions\redhat.java-1.53.0-win32-x64\jre\21.0.10-win32-x86_64\bin\net.dll
0x00007ffeeffc0000 - 0x00007ffef00d4000 	C:\Windows\SYSTEM32\WINHTTP.dll
0x00007ffef7f80000 - 0x00007ffef7fe7000 	C:\Windows\system32\mswsock.dll
0x00007ffedaa20000 - 0x00007ffedaa36000 	C:\Users\PCWORLD\.vscode\extensions\redhat.java-1.53.0-win32-x64\jre\21.0.10-win32-x86_64\bin\nio.dll
0x00007ffee06f0000 - 0x00007ffee0700000 	c:\Users\PCWORLD\.vscode\extensions\redhat.java-1.53.0-win32-x64\jre\21.0.10-win32-x86_64\bin\verify.dll
0x00007ffeca1a0000 - 0x00007ffeca1e5000 	C:\Users\PCWORLD\AppData\Roaming\Code\User\globalStorage\redhat.java\1.53.0\config_win\org.eclipse.equinox.launcher\org.eclipse.equinox.launcher.win32.win32.x86_64_1.3.0.v20260203-2149\eclipse_11919.dll
0x00007ffefafe0000 - 0x00007ffefb17a000 	C:\Windows\System32\ole32.dll
0x00007ffef8250000 - 0x00007ffef8268000 	C:\Windows\SYSTEM32\CRYPTSP.dll
0x00007ffef7a40000 - 0x00007ffef7a75000 	C:\Windows\system32\rsaenh.dll
0x00007ffef8020000 - 0x00007ffef804c000 	C:\Windows\SYSTEM32\USERENV.dll
0x00007ffef8400000 - 0x00007ffef8427000 	C:\Windows\SYSTEM32\bcrypt.dll
0x00007ffef8170000 - 0x00007ffef817c000 	C:\Windows\SYSTEM32\CRYPTBASE.dll
0x00007ffef7600000 - 0x00007ffef762d000 	C:\Windows\SYSTEM32\IPHLPAPI.DLL
0x00007ffefa8e0000 - 0x00007ffefa8e9000 	C:\Windows\System32\NSI.dll
0x00007ffee53e0000 - 0x00007ffee5429000 	C:\Users\PCWORLD\AppData\Local\Temp\jna--13215393\jna15874029796210994252.dll
0x00007ffefb4c0000 - 0x00007ffefb4c8000 	C:\Windows\System32\PSAPI.DLL
0x00007ffef01a0000 - 0x00007ffef01b9000 	C:\Windows\SYSTEM32\dhcpcsvc6.DLL
0x00007ffef0510000 - 0x00007ffef052e000 	C:\Windows\SYSTEM32\dhcpcsvc.DLL

JVMTI agents:
c:\Users\PCWORLD\.vscode\extensions\redhat.java-1.53.0-win32-x64\lombok\lombok-1.18.39-4050.jar path:c:\Users\PCWORLD\.vscode\extensions\redhat.java-1.53.0-win32-x64\jre\21.0.10-win32-x86_64\bin\instrument.dll, loaded, initialized, instrumentlib options:none

dbghelp: loaded successfully - version: 4.0.5 - missing functions: none
symbol engine: initialized successfully - sym options: 0x614 - pdb path: .;c:\Users\PCWORLD\.vscode\extensions\redhat.java-1.53.0-win32-x64\jre\21.0.10-win32-x86_64\bin;C:\Windows\SYSTEM32;C:\Windows\WinSxS\amd64_microsoft.windows.common-controls_6595b64144ccf1df_6.0.22000.120_none_9d947278b86cc467;c:\Users\PCWORLD\.vscode\extensions\redhat.java-1.53.0-win32-x64\jre\21.0.10-win32-x86_64\bin\server;C:\Users\PCWORLD\AppData\Roaming\Code\User\globalStorage\redhat.java\1.53.0\config_win\org.eclipse.equinox.launcher\org.eclipse.equinox.launcher.win32.win32.x86_64_1.3.0.v20260203-2149;C:\Users\PCWORLD\AppData\Local\Temp\jna--13215393

VM Arguments:
jvm_args: --add-modules=ALL-SYSTEM --add-opens=java.base/java.util=ALL-UNNAMED --add-opens=java.base/java.lang=ALL-UNNAMED --add-opens=java.base/sun.nio.fs=ALL-UNNAMED -Declipse.application=org.eclipse.jdt.ls.core.id1 -Dosgi.bundles.defaultStartLevel=4 -Declipse.product=org.eclipse.jdt.ls.core.product -Djava.import.generatesMetadataFilesAtProjectRoot=false -DDetectVMInstallationsJob.disabled=true -Dfile.encoding=utf8 -XX:+UseParallelGC -XX:GCTimeRatio=4 -XX:AdaptiveSizePolicyWeight=90 -Dsun.zip.disableMemoryMapping=true -Xmx2G -Xms100m -Xlog:disable -javaagent:c:\Users\PCWORLD\.vscode\extensions\redhat.java-1.53.0-win32-x64\lombok\lombok-1.18.39-4050.jar -XX:+HeapDumpOnOutOfMemoryError -XX:HeapDumpPath=c:\Users\PCWORLD\AppData\Roaming\Code\User\workspaceStorage\3b0e7ec70e6dbf87a017b81c8e0240a7\redhat.java -Daether.dependencyCollector.impl=bf 
java_command: c:\Users\PCWORLD\.vscode\extensions\redhat.java-1.53.0-win32-x64\server\plugins\org.eclipse.equinox.launcher_1.7.100.v20251111-0406.jar -configuration c:\Users\PCWORLD\AppData\Roaming\Code\User\globalStorage\redhat.java\1.53.0\config_win -data c:\Users\PCWORLD\AppData\Roaming\Code\User\workspaceStorage\3b0e7ec70e6dbf87a017b81c8e0240a7\redhat.java\jdt_ws --pipe=\\.\pipe\lsp-76ac2246fbddda174f5d5c3ee8d60e51-sock
java_class_path (initial): c:\Users\PCWORLD\.vscode\extensions\redhat.java-1.53.0-win32-x64\server\plugins\org.eclipse.equinox.launcher_1.7.100.v20251111-0406.jar
Launcher Type: SUN_STANDARD

[Global flags]
    uintx AdaptiveSizePolicyWeight                 = 90                                        {product} {command line}
     intx CICompilerCount                          = 4                                         {product} {ergonomic}
    uintx GCTimeRatio                              = 4                                         {product} {command line}
     bool HeapDumpOnOutOfMemoryError               = true                                   {manageable} {command line}
    ccstr HeapDumpPath                             = c:\Users\PCWORLD\AppData\Roaming\Code\User\workspaceStorage\3b0e7ec70e6dbf87a017b81c8e0240a7\redhat.java         {manageable} {command line}
   size_t InitialHeapSize                          = 104857600                                 {product} {command line}
   size_t MaxHeapSize                              = 2147483648                                {product} {command line}
   size_t MaxNewSize                               = 715653120                                 {product} {ergonomic}
   size_t MinHeapDeltaBytes                        = 524288                                    {product} {ergonomic}
   size_t MinHeapSize                              = 104857600                                 {product} {command line}
   size_t NewSize                                  = 34603008                                  {product} {ergonomic}
    uintx NonNMethodCodeHeapSize                   = 5839372                                {pd product} {ergonomic}
    uintx NonProfiledCodeHeapSize                  = 122909434                              {pd product} {ergonomic}
   size_t OldSize                                  = 70254592                                  {product} {ergonomic}
    uintx ProfiledCodeHeapSize                     = 122909434                              {pd product} {ergonomic}
    uintx ReservedCodeCacheSize                    = 251658240                              {pd product} {ergonomic}
     bool SegmentedCodeCache                       = true                                      {product} {ergonomic}
   size_t SoftMaxHeapSize                          = 2147483648                             {manageable} {ergonomic}
     bool UseCompressedOops                        = true                           {product lp64_product} {ergonomic}
     bool UseLargePagesIndividualAllocation        = false                                  {pd product} {ergonomic}
     bool UseParallelGC                            = true                                      {product} {command line}

Logging:
Log output configuration:
 #0: stdout all=off uptime,level,tags foldmultilines=false
 #1: stderr all=off uptime,level,tags foldmultilines=false

Release file:
JAVA_VERSION="21.0.10" 
MODULES="java.base java.compiler java.datatransfer java.xml java.prefs java.desktop java.instrument java.logging java.management java.security.sasl java.naming java.rmi java.management.rmi java.net.http java.scripting java.security.jgss java.transaction.xa java.sql java.sql.rowset java.xml.crypto java.se java.smartcardio jdk.accessibility jdk.internal.jvmstat jdk.attach jdk.charsets jdk.internal.opt jdk.zipfs jdk.compiler jdk.crypto.ec jdk.crypto.cryptoki jdk.crypto.mscapi jdk.dynalink jdk.internal.ed jdk.editpad jdk.hotspot.agent jdk.httpserver jdk.internal.le jdk.internal.vm.ci jdk.internal.vm.compiler jdk.internal.vm.compiler.management jdk.jartool jdk.javadoc jdk.jcmd jdk.management jdk.management.agent jdk.jconsole jdk.jdeps jdk.jdwp.agent jdk.jdi jdk.jfr jdk.jshell jdk.jsobject jdk.jstatd jdk.localedata jdk.management.jfr jdk.naming.dns jdk.naming.rmi jdk.net jdk.nio.mapmode jdk.random jdk.sctp jdk.security.auth jdk.security.jgss jdk.unsupported jdk.unsupported.desktop jdk.xml.dom" 

Environment Variables:
PATH=C:\Program Files\Common Files\Oracle\Java\javapath;C:\Windows\system32;C:\Windows;C:\Windows\System32\Wbem;C:\Windows\System32\WindowsPowerShell\v1.0\;C:\Windows\System32\OpenSSH\;C:\Program Files (x86)\Intel\Intel(R) Management Engine Components\DAL;C:\Program Files\Intel\Intel(R) Management Engine Components\DAL;C:\Program Files\Git\cmd;C:\Program Files\nodejs\;C:\ProgramData\chocolatey\bin;C:\Users\PCWORLD\Downloads\platform-tools-latest-windows\platform-tools;;C:\Program Files\Docker\Docker\resources\bin;E:\program_files\cursor\resources\app\bin;C:\Users\PCWORLD\AppData\Local\Programs\Python\Python313\Scripts\;C:\Users\PCWORLD\AppData\Local\Programs\Python\Python313\;C:\Users\PCWORLD\AppData\Local\Programs\Python\Launcher\;C:\Users\PCWORLD\AppData\Local\Microsoft\WindowsApps;C:\Users\PCWORLD\AppData\Local\Programs\Microsoft VS Code\bin;C:\Users\PCWORLD\AppData\Roaming\npm;E:\program_files\Antigravity\bin
USERNAME=PCWORLD
OS=Windows_NT
PROCESSOR_IDENTIFIER=Intel64 Family 6 Model 142 Stepping 10, GenuineIntel
TMP=C:\Users\PCWORLD\AppData\Local\Temp
TEMP=C:\Users\PCWORLD\AppData\Local\Temp




Periodic native trim disabled

---------------  S Y S T E M  ---------------

OS:
 Windows 11 , 64 bit Build 22000 (10.0.22000.2538)
OS uptime: 0 days 4:22 hours
Hyper-V role detected

CPU: total 8 (initial active 8) (4 cores per cpu, 2 threads per core) family 6 model 142 stepping 10 microcode 0xe0, cx8, cmov, fxsr, ht, mmx, 3dnowpref, sse, sse2, sse3, ssse3, sse4.1, sse4.2, popcnt, lzcnt, tsc, tscinvbit, avx, avx2, aes, erms, clmul, bmi1, bmi2, rtm, adx, fma, vzeroupper, clflush, clflushopt, hv, rdtscp, f16c
Processor Information for the first 8 processors :
  Max Mhz: 2112, Current Mhz: 1910, Mhz Limit: 1900

Memory: 4k page, system-wide physical 8071M (183M free)
TotalPageFile size 26821M (AvailPageFile size 0M)
current process WorkingSet (physical memory assigned to process): 249M, peak: 278M
current process commit charge ("private bytes"): 359M, peak: 361M

vm_info: OpenJDK 64-Bit Server VM (21.0.10+7-LTS) for windows-amd64 JRE (21.0.10+7-LTS), built on 2026-01-20T00:00:00Z by "admin" with MS VC++ 17.12 (VS2022)

END.
